
================================================================================
          _____________ ________ _______________ ________     _________         
         / ___________// ______ \\_____   _____// ______ \   / ________)        
        / /_________  / /      \ \     | |     / /      \ \ | (_______          
       |  __________|| |        | |    | |    | |        | | \________ \        
        \ \_________ | |        | |    | |     \ \______/ /___________) |       
         \__________||_|        |_|    |_|      \________//____________/        
                                                                                
====================================[ Qcore ]===================================

 Git hash:   15a3e7daff0cda5fa9af010ccd19a80288182ecf
 Git date:   Fri, 16 Apr 2021 15:57:16 +0100
 Compiler:   GNU 9.1.0
 Build type: Release
 Version:    1.1.0

 Start time: Wed Jun  2 11:50:53 2021

 Data directory: /work/zw18965/.local/qcore/share/entos/1.1.0/data
 Number of threads: 24
 Number of threads was determined by: command line argument
  - More threads can be used by running 'qcore -n 32'

 --------------------------------------------------------------------------------
                                   command: dft                                  
 --------------------------------------------------------------------------------
 AO basis set:                           aug-cc-pvtz
 Number of AO basis functions:         116

 Formula:                                HSc
 Nuclear charge:                        22.000000000
 Total charge:                           0.000000000
 Number of electrons:                   22.000000000

 Number of alpha electrons:             11
 Number of beta electrons:              11
 Number of unpaired electrons:           0
 Spin:                                   0
 Multiplicity:                           singlet

 Theory:                                 dft
 Exchange-correlation functional:        wb97x

 Using range separated hybrid functional
 Range separation parameter:             0.300000000
 Short range exact exchange:             0.263800000
 Total long range exact exchange:        1.000000000

 Method for Coulomb:                     incore_df
 Method for exact exchange:              pre_transformed_df
 Integral threshold:                     1.00e-12
 DF basis set:                           def2-tzvp-jkfit(spdfghi)
 Number of DF basis functions:         282
 Schwarz screening threshold:            1.00e-10
 Coulomb fitting method:                 Cholesky

 ------------------
  UW12 Correlation 
 ------------------
 Factor for UW12 correlation:            1.000000000
 Same spin scale factor:                 0.000000000
 Calculate indirect contribution:        false
 Method for three electron term:         df_ri
 Auxiliary RI basis set:                 Def2-TZVP-RI
 Number of RI basis functions:         197
 Gaussians in geminal expansion:         4
 UW12 screening threshold:               1.00e-12
 Method for density-fitting:             w(r)
 Number of core spatial orbitals:        5

 Total number of grid points:        13742
 Method for AO orthogonalization:        symmetric
 Threshold for linear dependence:        1.00e-08
 D3BJ dispersion energy:                -0.001138629

 -------------------------------------
  Running restricted closed-shell SCF 
 -------------------------------------
 Max number of iterations:             128
 Conv. threshold (gradient):             1.00e-05
 Conv. threshold (energy):               1.00e-06
 Interpolation scheme:                   adiis+cdiis
 Initial guess:                          H0

 ---------------------------------------------------------------
                  energy        change          grad        time
 ---------------------------------------------------------------
   0      -745.276902038                    1.01e+01        2.69
   1      -724.323350965      2.10e+01      1.40e+01        0.09
   2      -751.758025895     -2.74e+01      7.03e+00        0.08
   3      -760.041659532     -8.28e+00      3.72e+00        0.08
   4      -758.641744335      1.40e+00      4.74e+00        0.07
   5      -761.197473866     -2.56e+00      2.94e-01        0.07
   6      -761.209206552     -1.17e-02      1.58e-01        0.07
   7      -761.211094374     -1.89e-03      9.81e-02        0.08
   8      -761.211736294     -6.42e-04      6.72e-02        0.07
   9      -761.212228219     -4.92e-04      4.24e-03        0.07
  10      -761.212234599     -6.38e-06      1.94e-03        0.07
  11      -761.212235789     -1.19e-06      7.95e-04        0.07
  12      -761.212236091     -3.02e-07      3.26e-04        0.07
  13      -761.212236145     -5.42e-08      1.04e-04        0.07
  14      -761.212236154     -8.50e-09      8.16e-05        0.07
  15      -761.212236158     -4.28e-09      6.09e-05        0.07
  16      -761.212236163     -5.10e-09      2.33e-05        0.07
  17      -761.212236165     -1.52e-09      3.01e-06        0.07

 SCF converged in 17 iterations.

 Dipole moment (in Debye):               0.000000       0.000000      -2.071314

 Quadrupole moment (in Debye-Angstrom):
                  1            2            3
 1       -22.625602    -0.000002    -0.000000
 2        -0.000002   -22.625609     0.000000
 3        -0.000000     0.000000   -24.337411

 Spin-squared expectation <S^2>:         0.000
 Total spin quantum number S:            0.000
 TOTAL ENERGY:                        -761.212236164

 --------------------------------------------------------------------------------

 End time:                               Wed Jun  2 11:50:59 2021
 Total wall-clock time:                  5.676 seconds
==================================================================================
