
================================================================================
          _____________ ________ _______________ ________     _________         
         / ___________// ______ \\_____   _____// ______ \   / ________)        
        / /_________  / /      \ \     | |     / /      \ \ | (_______          
       |  __________|| |        | |    | |    | |        | | \________ \        
        \ \_________ | |        | |    | |     \ \______/ /___________) |       
         \__________||_|        |_|    |_|      \________//____________/        
                                                                                
====================================[ Qcore ]===================================

 Git hash:   15a3e7daff0cda5fa9af010ccd19a80288182ecf
 Git date:   Fri, 16 Apr 2021 15:57:16 +0100
 Compiler:   GNU 9.1.0
 Build type: Release
 Version:    1.1.0

 Start time: Wed Jun  2 11:50:59 2021

 Data directory: /work/zw18965/.local/qcore/share/entos/1.1.0/data
 Number of threads: 24
 Number of threads was determined by: command line argument
  - More threads can be used by running 'qcore -n 32'

 --------------------------------------------------------------------------------
                                   command: dft                                  
 --------------------------------------------------------------------------------
 AO basis set:                           aug-cc-pvtz
 Number of AO basis functions:         139

 Formula:                                FSc
 Nuclear charge:                        30.000000000
 Total charge:                           0.000000000
 Number of electrons:                   30.000000000

 Number of alpha electrons:             15
 Number of beta electrons:              15
 Number of unpaired electrons:           0
 Spin:                                   0
 Multiplicity:                           singlet

 Theory:                                 dft
 Exchange-correlation functional:        wb97x

 Using range separated hybrid functional
 Range separation parameter:             0.300000000
 Short range exact exchange:             0.263800000
 Total long range exact exchange:        1.000000000

 Method for Coulomb:                     incore_df
 Method for exact exchange:              pre_transformed_df
 Integral threshold:                     1.00e-12
 DF basis set:                           def2-tzvp-jkfit(spdfghi)
 Number of DF basis functions:         341
 Schwarz screening threshold:            1.00e-10
 Coulomb fitting method:                 Cholesky

 ------------------
  UW12 Correlation 
 ------------------
 Factor for UW12 correlation:            1.000000000
 Same spin scale factor:                 0.000000000
 Calculate indirect contribution:        false
 Method for three electron term:         df_ri
 Auxiliary RI basis set:                 Def2-TZVP-RI
 Number of RI basis functions:         258
 Gaussians in geminal expansion:         4
 UW12 screening threshold:               1.00e-12
 Method for density-fitting:             w(r)
 Number of core spatial orbitals:        6

 Total number of grid points:        14664
 Method for AO orthogonalization:        symmetric
 Threshold for linear dependence:        1.00e-08
 D3BJ dispersion energy:                -0.001292911

 -------------------------------------
  Running restricted closed-shell SCF 
 -------------------------------------
 Max number of iterations:             128
 Conv. threshold (gradient):             1.00e-05
 Conv. threshold (energy):               1.00e-06
 Interpolation scheme:                   adiis+cdiis
 Initial guess:                          H0

 ---------------------------------------------------------------
                  energy        change          grad        time
 ---------------------------------------------------------------
   0      -794.410741763                    1.27e+01        3.38
   1      -787.914701396      6.50e+00      1.86e+01        0.16
   2      -804.554276154     -1.66e+01      1.15e+01        0.15
   3      -857.862856033     -5.33e+01      6.50e+00        0.14
   4      -850.137982269      7.72e+00      9.87e+00        0.14
   5      -860.012522625     -9.87e+00      1.82e+00        0.13
   6      -859.739105916      2.73e-01      2.47e+00        0.13
   7      -860.460848935     -7.22e-01      4.13e-01        0.13
   8      -860.474687501     -1.38e-02      4.77e-01        0.14
   9      -860.488335276     -1.36e-02      2.83e-01        0.13
  10      -860.492005520     -3.67e-03      1.98e-01        0.13
  11      -860.493635825     -1.63e-03      9.24e-02        0.14
  12      -860.493870518     -2.35e-04      6.37e-02        0.14
  13      -860.494060600     -1.90e-04      8.57e-04        0.13
  14      -860.494060839     -2.40e-07      1.83e-04        0.13
  15      -860.494060862     -2.29e-08      4.74e-05        0.13
  16      -860.494060865     -2.47e-09      1.24e-05        0.14
  17      -860.494060866     -1.74e-09      1.58e-06        0.14

 SCF converged in 17 iterations.

 Dipole moment (in Debye):               0.000006       0.000006      -5.246806

 Quadrupole moment (in Debye-Angstrom):
                  1            2            3
 1       -23.098791     0.000000    -0.000008
 2         0.000000   -23.098789    -0.000008
 3        -0.000008    -0.000008   -20.737894

 Spin-squared expectation <S^2>:         0.000
 Total spin quantum number S:            0.000
 TOTAL ENERGY:                        -860.494060864

 --------------------------------------------------------------------------------

 End time:                               Wed Jun  2 11:51:06 2021
 Total wall-clock time:                  7.790 seconds
==================================================================================
