
================================================================================
          _____________ ________ _______________ ________     _________         
         / ___________// ______ \\_____   _____// ______ \   / ________)        
        / /_________  / /      \ \     | |     / /      \ \ | (_______          
       |  __________|| |        | |    | |    | |        | | \________ \        
        \ \_________ | |        | |    | |     \ \______/ /___________) |       
         \__________||_|        |_|    |_|      \________//____________/        
                                                                                
====================================[ Qcore ]===================================

 Git hash:   15a3e7daff0cda5fa9af010ccd19a80288182ecf
 Git date:   Fri, 16 Apr 2021 15:57:16 +0100
 Compiler:   GNU 9.1.0
 Build type: Release
 Version:    1.1.0

 Start time: Wed Jun  2 11:51:07 2021

 Data directory: /work/zw18965/.local/qcore/share/entos/1.1.0/data
 Number of threads: 24
 Number of threads was determined by: command line argument
  - More threads can be used by running 'qcore -n 32'

 --------------------------------------------------------------------------------
                                   command: dft                                  
 --------------------------------------------------------------------------------
 AO basis set:                           aug-cc-pvtz
 Number of AO basis functions:         143

 Formula:                                ClSc
 Nuclear charge:                        38.000000000
 Total charge:                           0.000000000
 Number of electrons:                   38.000000000

 Number of alpha electrons:             19
 Number of beta electrons:              19
 Number of unpaired electrons:           0
 Spin:                                   0
 Multiplicity:                           singlet

 Theory:                                 dft
 Exchange-correlation functional:        wb97x

 Using range separated hybrid functional
 Range separation parameter:             0.300000000
 Short range exact exchange:             0.263800000
 Total long range exact exchange:        1.000000000

 Method for Coulomb:                     incore_df
 Method for exact exchange:              pre_transformed_df
 Integral threshold:                     1.00e-12
 DF basis set:                           def2-tzvp-jkfit(spdfghi)
 Number of DF basis functions:         392
 Schwarz screening threshold:            1.00e-10
 Coulomb fitting method:                 Cholesky

 ------------------
  UW12 Correlation 
 ------------------
 Factor for UW12 correlation:            1.000000000
 Same spin scale factor:                 0.000000000
 Calculate indirect contribution:        false
 Method for three electron term:         df_ri
 Auxiliary RI basis set:                 Def2-TZVP-RI
 Number of RI basis functions:         295
 Gaussians in geminal expansion:         4
 UW12 screening threshold:               1.00e-12
 Method for density-fitting:             w(r)
 Number of core spatial orbitals:       10

 Total number of grid points:        15346
 Method for AO orthogonalization:        symmetric
 Threshold for linear dependence:        1.00e-08
 D3BJ dispersion energy:                -0.004230575

 -------------------------------------
  Running restricted closed-shell SCF 
 -------------------------------------
 Max number of iterations:             128
 Conv. threshold (gradient):             1.00e-05
 Conv. threshold (energy):               1.00e-06
 Interpolation scheme:                   adiis+cdiis
 Initial guess:                          H0

 ---------------------------------------------------------------
                  energy        change          grad        time
 ---------------------------------------------------------------
   0     -1157.880416957                    1.25e+01        3.94
   1     -1153.688481087      4.19e+00      1.05e+01        0.20
   2     -1046.403625593      1.07e+02      1.63e+01        0.19
   3     -1191.661595480     -1.45e+02      1.05e+01        0.18
   4     -1217.771352987     -2.61e+01      6.98e+00        0.18
   5     -1220.155707736     -2.38e+00      2.06e+00        0.18
   6     -1220.421526989     -2.66e-01      1.84e+00        0.18
   7     -1220.694172288     -2.73e-01      1.31e+00        0.19
   8     -1220.837217177     -1.43e-01      2.35e-01        0.19
   9     -1220.846611121     -9.39e-03      1.73e-01        0.19
  10     -1220.849628938     -3.02e-03      1.30e-01        0.20
  11     -1220.850874689     -1.25e-03      1.04e-01        0.19
  12     -1220.852021383     -1.15e-03      6.32e-02        0.19
  13     -1220.852274672     -2.53e-04      5.67e-02        0.19
  14     -1220.852747917     -4.73e-04      1.96e-03        0.18
  15     -1220.852749084     -1.17e-06      6.55e-04        0.19
  16     -1220.852749190     -1.06e-07      3.22e-04        0.18
  17     -1220.852749234     -4.47e-08      3.07e-04        0.19
  18     -1220.852749218      1.63e-08      2.93e-04        0.18
  19     -1220.852749140      7.80e-08      5.29e-05        0.18
  20     -1220.852749139      1.14e-09      2.23e-05        0.19
  21     -1220.852749140     -1.02e-09      1.67e-05        0.19
  22     -1220.852749141     -7.06e-10      1.58e-05        0.19
  23     -1220.852749139      1.38e-09      1.53e-05        0.18
  24     -1220.852749138      1.22e-09      1.48e-05        0.18
  25     -1220.852749140     -2.19e-09      1.42e-05        0.18
  26     -1220.852749141     -4.87e-10      1.39e-05        0.18
  27     -1220.852749142     -1.41e-09      1.38e-05        0.18
  28     -1220.852749144     -1.42e-09      1.38e-05        0.19
  29     -1220.852749142      1.62e-09      1.37e-05        0.18
  30     -1220.852749141      6.06e-10      1.42e-05        0.18
  31     -1220.852749144     -2.86e-09      1.49e-05        0.18
  32     -1220.852749144     -2.37e-10      1.49e-05        0.18
  33     -1220.852749143      1.16e-09      1.47e-05        0.18
  34     -1220.852749144     -5.34e-10      1.47e-05        0.18
  35     -1220.852749141      2.43e-09      1.47e-05        0.18
  36     -1220.852749144     -2.45e-09      1.47e-05        0.18
  37     -1220.852749144      1.59e-10      1.47e-05        0.18
  38     -1220.852749145     -9.80e-10      1.46e-05        0.18
  39     -1220.852749143      1.46e-09      1.47e-05        0.18
  40     -1220.852749143     -2.86e-10      1.43e-05        0.18
  41     -1220.852749143      8.03e-10      1.40e-05        0.18
  42     -1220.852749144     -1.64e-09      1.36e-05        0.18
  43     -1220.852749144      3.84e-10      1.35e-05        0.18
  44     -1220.852749144     -1.11e-10      1.34e-05        0.18
  45     -1220.852749146     -1.85e-09      1.38e-05        0.18
  46     -1220.852749149     -3.28e-09      1.42e-05        0.18
  47     -1220.852749155     -5.65e-09      1.43e-05        0.18
  48     -1220.852749174     -1.91e-08      1.55e-05        0.18
  49     -1220.852749183     -8.80e-09      1.53e-05        0.18
  50     -1220.852749200     -1.75e-08      1.60e-05        0.18
  51     -1220.852749221     -2.12e-08      1.35e-05        0.19
  52     -1220.852749237     -1.59e-08      2.73e-05        0.18
  53     -1220.852749238     -4.00e-10      1.66e-05        0.18
  54     -1220.852749236      1.65e-09      1.71e-05        0.18
  55     -1220.852749239     -2.67e-09      1.62e-05        0.18
  56     -1220.852749240     -1.11e-09      1.09e-05        0.18
  57     -1220.852749241     -1.31e-09      1.21e-05        0.18
  58     -1220.852749242     -1.11e-09      1.05e-05        0.18
  59     -1220.852749250     -7.51e-09      1.30e-05        0.19
  60     -1220.852749259     -9.70e-09      1.70e-05        0.18
  61     -1220.852749261     -1.63e-09      4.24e-06        0.18

 SCF converged in 61 iterations.

 Dipole moment (in Debye):              -0.000028       0.000072      -3.012749

 Quadrupole moment (in Debye-Angstrom):
                  1            2            3
 1       -30.937367    -4.356471     0.000049
 2        -4.356471   -30.955971    -0.000139
 3         0.000049    -0.000139   -36.990385

 Spin-squared expectation <S^2>:         0.000
 Total spin quantum number S:            0.000
 TOTAL ENERGY:                       -1220.852749262

 --------------------------------------------------------------------------------

 End time:                               Wed Jun  2 11:51:24 2021
 Total wall-clock time:                 17.534 seconds
==================================================================================
