
================================================================================
          _____________ ________ _______________ ________     _________         
         / ___________// ______ \\_____   _____// ______ \   / ________)        
        / /_________  / /      \ \     | |     / /      \ \ | (_______          
       |  __________|| |        | |    | |    | |        | | \________ \        
        \ \_________ | |        | |    | |     \ \______/ /___________) |       
         \__________||_|        |_|    |_|      \________//____________/        
                                                                                
====================================[ Qcore ]===================================

 Git hash:   15a3e7daff0cda5fa9af010ccd19a80288182ecf
 Git date:   Fri, 16 Apr 2021 15:57:16 +0100
 Compiler:   GNU 9.1.0
 Build type: Release
 Version:    1.1.0

 Start time: Wed Jun  2 14:09:58 2021

 Data directory: /work/zw18965/.local/qcore/share/entos/1.1.0/data
 Number of threads: 24
 Number of threads was determined by: number of physical cores

 --------------------------------------------------------------------------------
                                   command: dft                                  
 --------------------------------------------------------------------------------
 AO basis set:                           aug-cc-pvtz
 Number of AO basis functions:         152

 Formula:                                ScBr
 Nuclear charge:                        56.000000000
 Total charge:                           0.000000000
 Number of electrons:                   56.000000000

 Number of alpha electrons:             28
 Number of beta electrons:              28
 Number of unpaired electrons:           0
 Spin:                                   0
 Multiplicity:                           singlet

 Theory:                                 dft
 Exchange-correlation functional:        wb97x

 Using range separated hybrid functional
 Range separation parameter:             0.300000000
 Short range exact exchange:             0.157706000
 Total long range exact exchange:        1.000000000

 Method for Coulomb:                     incore_df
 Method for exact exchange:              pre_transformed_df
 Integral threshold:                     1.00e-12
 DF basis set:                           def2-tzvp-jkfit(spdfghi)
 Number of DF basis functions:         530
 Schwarz screening threshold:            1.00e-10
 Coulomb fitting method:                 Cholesky
 Total number of grid points:        16016
 Method for AO orthogonalization:        symmetric
 Threshold for linear dependence:        1.00e-08

 -------------------------------------
  Running restricted closed-shell SCF 
 -------------------------------------
 Max number of iterations:             128
 Conv. threshold (gradient):             1.00e-05
 Conv. threshold (energy):               1.00e-06
 Interpolation scheme:                   adiis+cdiis
 Initial guess:                          SAD

 ---------------------------------------------------------------
                  energy        change          grad        time
 ---------------------------------------------------------------
   0     -3334.933118658                    6.66e+00        0.03
   1     -3334.846243475      8.69e-02      7.50e-01        0.03
   2     -3334.779251340      6.70e-02      1.18e+00        0.03
   3     -3334.941816522     -1.63e-01      1.11e-01        0.02
   4     -3334.945996583     -4.18e-03      1.00e-01        0.03
   5     -3334.947837547     -1.84e-03      5.40e-02        0.03
   6     -3334.948673199     -8.36e-04      5.46e-02        0.02
   7     -3334.949430599     -7.57e-04      1.06e-02        0.03
   8     -3334.949465844     -3.52e-05      4.10e-03        0.02
   9     -3334.949474021     -8.18e-06      1.31e-03        0.02
  10     -3334.949474551     -5.30e-07      3.83e-04        0.02
  11     -3334.949474585     -3.32e-08      1.23e-04        0.02
  12     -3334.949474588     -3.28e-09      2.94e-05        0.03
  13     -3334.949474588     -2.05e-10      1.35e-05        0.03
  14     -3334.949474588     -1.08e-10      9.29e-06        0.03

 SCF converged in 14 iterations.

 Dipole moment (in Debye):              -0.000087      -0.000087      -3.663973

 Quadrupole moment (in Debye-Angstrom):
                  1            2            3
 1       -39.860411     0.000135     0.000265
 2         0.000135   -39.860411     0.000265
 3         0.000265     0.000265   -31.702600

 Spin-squared expectation <S^2>:         0.000
 Total spin quantum number S:            0.000
 TOTAL ENERGY:                       -3334.949474588
 Saving results in set 'guess'

 --------------------------------------------------------------------------------
                                   command: dft                                  
 --------------------------------------------------------------------------------
 AO basis set:                           aug-cc-pvtz
 Number of AO basis functions:         152

 Formula:                                ScBr
 Nuclear charge:                        56.000000000
 Total charge:                           0.000000000
 Number of electrons:                   56.000000000

 Number of alpha electrons:             28
 Number of beta electrons:              28
 Number of unpaired electrons:           0
 Spin:                                   0
 Multiplicity:                           singlet

 Theory:                                 dft
 Exchange-correlation functional:        wb97x

 Using range separated hybrid functional
 Range separation parameter:             0.300000000
 Short range exact exchange:             0.263800000
 Total long range exact exchange:        1.000000000

 Method for Coulomb:                     incore_df
 Method for exact exchange:              pre_transformed_df
 Integral threshold:                     1.00e-12
 DF basis set:                           def2-tzvp-jkfit(spdfghi)
 Number of DF basis functions:         530
 Schwarz screening threshold:            1.00e-10
 Coulomb fitting method:                 Cholesky

 ------------------
  UW12 Correlation 
 ------------------
 Factor for UW12 correlation:            1.000000000
 Same spin scale factor:                 0.000000000
 Calculate indirect contribution:        false
 Method for three electron term:         df_ri
 Auxiliary RI basis set:                 Def2-TZVP-RI
 Number of RI basis functions:         341
 Gaussians in geminal expansion:         4
 UW12 screening threshold:               1.00e-14
 Method for density-fitting:             w(r)
 Number of core spatial orbitals:       14

 Total number of grid points:        16016
 Method for AO orthogonalization:        symmetric
 Threshold for linear dependence:        1.00e-08
 D3BJ dispersion energy:                -0.004908364

 -------------------------------------
  Running restricted closed-shell SCF 
 -------------------------------------
 Max number of iterations:             128
 Conv. threshold (gradient):             1.00e-05
 Conv. threshold (energy):               1.00e-06
 Interpolation scheme:                   adiis+cdiis
 Initializing maximum overlap method (MOM)

 ---------------------------------------------------------------
                  energy        change          grad        time
 ---------------------------------------------------------------
   0     -3334.966793447                    7.96e-02        5.71
   1     -3334.967142221     -3.49e-04      1.67e-02        0.39
   2     -3334.967179176     -3.70e-05      1.73e-02        0.40
   3     -3334.967202941     -2.38e-05      4.86e-03        0.39
   4     -3334.967211255     -8.31e-06      2.87e-03        0.39
   5     -3334.967213603     -2.35e-06      1.69e-03        0.39
   6     -3334.967215230     -1.63e-06      6.56e-04        0.41
   7     -3334.967215388     -1.58e-07      1.76e-04        0.41
   8     -3334.967215409     -2.12e-08      4.81e-05        0.41
   9     -3334.967215407      2.24e-09      1.56e-05        0.40
  10     -3334.967215408     -7.38e-10      4.90e-06        0.42

 SCF converged in 10 iterations.

 Dipole moment (in Debye):              -0.000023      -0.000023      -3.473040

 Quadrupole moment (in Debye-Angstrom):
                  1            2            3
 1       -39.911817     0.000027     0.000070
 2         0.000027   -39.911817     0.000070
 3         0.000070     0.000070   -32.282566

 Spin-squared expectation <S^2>:         0.000
 Total spin quantum number S:            0.000
 TOTAL ENERGY:                       -3334.967215410

 --------------------------------------------------------------------------------

 End time:                               Wed Jun  2 14:10:16 2021
 Total wall-clock time:                 18.621 seconds
==================================================================================
