
================================================================================
          _____________ ________ _______________ ________     _________         
         / ___________// ______ \\_____   _____// ______ \   / ________)        
        / /_________  / /      \ \     | |     / /      \ \ | (_______          
       |  __________|| |        | |    | |    | |        | | \________ \        
        \ \_________ | |        | |    | |     \ \______/ /___________) |       
         \__________||_|        |_|    |_|      \________//____________/        
                                                                                
====================================[ Qcore ]===================================

 Git hash:   15a3e7daff0cda5fa9af010ccd19a80288182ecf
 Git date:   Fri, 16 Apr 2021 15:57:16 +0100
 Compiler:   GNU 9.1.0
 Build type: Release
 Version:    1.1.0

 Start time: Wed Jun  2 11:52:20 2021

 Data directory: /work/zw18965/.local/qcore/share/entos/1.1.0/data
 Number of threads: 24
 Number of threads was determined by: command line argument
  - More threads can be used by running 'qcore -n 32'

 --------------------------------------------------------------------------------
                                   command: dft                                  
 --------------------------------------------------------------------------------
 AO basis set:                           aug-cc-pvtz
 Number of AO basis functions:         139

 Formula:                                OSc
 Nuclear charge:                        29.000000000
 Total charge:                           0.000000000
 Number of electrons:                   29.000000000

 Number of alpha electrons:             15
 Number of beta electrons:              14
 Number of unpaired electrons:           1
 Spin:                                   1
 Multiplicity:                           doublet

 Theory:                                 dft
 Exchange-correlation functional:        wb97x

 Using range separated hybrid functional
 Range separation parameter:             0.300000000
 Short range exact exchange:             0.263800000
 Total long range exact exchange:        1.000000000

 Method for Coulomb:                     incore_df
 Method for exact exchange:              pre_transformed_df
 Integral threshold:                     1.00e-12
 DF basis set:                           def2-tzvp-jkfit(spdfghi)
 Number of DF basis functions:         341
 Schwarz screening threshold:            1.00e-10
 Coulomb fitting method:                 Cholesky

 ------------------
  UW12 Correlation 
 ------------------
 Factor for UW12 correlation:            1.000000000
 Same spin scale factor:                 0.000000000
 Calculate indirect contribution:        false
 Method for three electron term:         df_ri
 Auxiliary RI basis set:                 Def2-TZVP-RI
 Number of RI basis functions:         258
 Gaussians in geminal expansion:         4
 UW12 screening threshold:               1.00e-12
 Method for density-fitting:             w(r)
 Number of core spatial orbitals:        6

 Total number of grid points:        14796
 Method for AO orthogonalization:        symmetric
 Threshold for linear dependence:        1.00e-08
 D3BJ dispersion energy:                -0.001937407

 -------------------------------------
  Running unrestricted open-shell SCF 
 -------------------------------------
 Max number of iterations:             128
 Conv. threshold (gradient):             1.00e-05
 Conv. threshold (energy):               1.00e-06
 Interpolation scheme:                   adiis+cdiis
 Initial guess:                          H0

 ---------------------------------------------------------------
                  energy        change          grad        time
 ---------------------------------------------------------------
   0      -783.189679279                    6.87e+00        3.71
   1      -775.174313421      8.02e+00      8.31e+00        0.32
   2      -793.039482614     -1.79e+01      6.21e+00        0.30
   3      -833.561245887     -4.05e+01      2.77e+00        0.28
   4      -832.986296270      5.75e-01      2.65e+00        0.28
   5      -835.120414199     -2.13e+00      1.94e+00        0.28
   6      -834.038483653      1.08e+00      2.25e+00        0.29
   7      -835.898996125     -1.86e+00      4.73e-01        0.29
   8      -835.808626569      9.04e-02      7.76e-01        0.29
   9      -835.945912646     -1.37e-01      1.36e-01        0.29
  10      -835.934902377      1.10e-02      2.56e-01        0.28
  11      -835.951706433     -1.68e-02      3.82e-02        0.29
  12      -835.951183441      5.23e-04      6.93e-02        0.28
  13      -835.952596522     -1.41e-03      5.22e-03        0.29
  14      -835.952623798     -2.73e-05      2.11e-03        0.27
  15      -835.952628335     -4.54e-06      4.01e-04        0.27
  16      -835.952628519     -1.83e-07      1.66e-04        0.27
  17      -835.952628538     -1.92e-08      5.11e-05        0.27
  18      -835.952628540     -1.83e-09      1.78e-05        0.27
  19      -835.952628541     -1.57e-09      4.24e-06        0.27

 SCF converged in 19 iterations.

 Dipole moment (in Debye):               0.000000       0.000000      -3.899336

 Quadrupole moment (in Debye-Angstrom):
                  1            2            3
 1       -22.549126    -0.000000    -0.000000
 2        -0.000000   -22.549126    -0.000000
 3        -0.000000    -0.000000   -29.798740

 Spin-squared expectation <S^2>:         0.751
 Total spin quantum number S:            0.500
 TOTAL ENERGY:                        -835.952628540

 --------------------------------------------------------------------------------

 End time:                               Wed Jun  2 11:52:31 2021
 Total wall-clock time:                 11.277 seconds
==================================================================================
