
================================================================================
          _____________ ________ _______________ ________     _________         
         / ___________// ______ \\_____   _____// ______ \   / ________)        
        / /_________  / /      \ \     | |     / /      \ \ | (_______          
       |  __________|| |        | |    | |    | |        | | \________ \        
        \ \_________ | |        | |    | |     \ \______/ /___________) |       
         \__________||_|        |_|    |_|      \________//____________/        
                                                                                
====================================[ Qcore ]===================================

 Git hash:   15a3e7daff0cda5fa9af010ccd19a80288182ecf
 Git date:   Fri, 16 Apr 2021 15:57:16 +0100
 Compiler:   GNU 9.1.0
 Build type: Release
 Version:    1.1.0

 Start time: Wed Jun  2 11:53:12 2021

 Data directory: /work/zw18965/.local/qcore/share/entos/1.1.0/data
 Number of threads: 24
 Number of threads was determined by: command line argument
  - More threads can be used by running 'qcore -n 32'

 --------------------------------------------------------------------------------
                                   command: dft                                  
 --------------------------------------------------------------------------------
 AO basis set:                           aug-cc-pvtz
 Number of AO basis functions:         139

 Formula:                                FTi
 Nuclear charge:                        31.000000000
 Total charge:                           0.000000000
 Number of electrons:                   31.000000000

 Number of alpha electrons:             17
 Number of beta electrons:              14
 Number of unpaired electrons:           3
 Spin:                                   3
 Multiplicity:                           quartet

 Theory:                                 dft
 Exchange-correlation functional:        wb97x

 Using range separated hybrid functional
 Range separation parameter:             0.300000000
 Short range exact exchange:             0.263800000
 Total long range exact exchange:        1.000000000

 Method for Coulomb:                     incore_df
 Method for exact exchange:              pre_transformed_df
 Integral threshold:                     1.00e-12
 DF basis set:                           def2-tzvp-jkfit(spdfghi)
 Number of DF basis functions:         341
 Schwarz screening threshold:            1.00e-10
 Coulomb fitting method:                 Cholesky

 ------------------
  UW12 Correlation 
 ------------------
 Factor for UW12 correlation:            1.000000000
 Same spin scale factor:                 0.000000000
 Calculate indirect contribution:        false
 Method for three electron term:         df_ri
 Auxiliary RI basis set:                 Def2-TZVP-RI
 Number of RI basis functions:         258
 Gaussians in geminal expansion:         4
 UW12 screening threshold:               1.00e-12
 Method for density-fitting:             w(r)
 Number of core spatial orbitals:        6

 Total number of grid points:        14604
 Method for AO orthogonalization:        symmetric
 Threshold for linear dependence:        1.00e-08
 D3BJ dispersion energy:                -0.001256172

 -------------------------------------
  Running unrestricted open-shell SCF 
 -------------------------------------
 Max number of iterations:             128
 Conv. threshold (gradient):             1.00e-05
 Conv. threshold (energy):               1.00e-06
 Interpolation scheme:                   adiis+cdiis
 Initial guess:                          H0

 ---------------------------------------------------------------
                  energy        change          grad        time
 ---------------------------------------------------------------
   0      -888.906290123                    6.70e+00        3.71
   1      -881.901866959      7.00e+00      7.61e+00        0.32
   2      -888.745982214     -6.84e+00      6.49e+00        0.31
   3      -947.137165719     -5.84e+01      2.84e+00        0.29
   4      -929.053202530      1.81e+01      6.20e+00        0.29
   5      -949.107105963     -2.01e+01      9.98e-01        0.29
   6      -949.100096403      7.01e-03      9.89e-01        0.29
   7      -949.273187073     -1.73e-01      1.45e-01        0.30
   8      -949.281740148     -8.55e-03      1.62e-01        0.29
   9      -949.285933114     -4.19e-03      1.97e-01        0.29
  10      -949.292332968     -6.40e-03      1.71e-01        0.30
  11      -949.297636074     -5.30e-03      1.21e-01        0.30
  12      -949.300171978     -2.54e-03      1.45e-01        0.30
  13      -949.303704232     -3.53e-03      8.92e-02        0.30
  14      -949.305428669     -1.72e-03      9.81e-02        0.30
  15      -949.311066393     -5.64e-03      5.34e-03        0.29
  16      -949.311082414     -1.60e-05      4.02e-03        0.29
  17      -949.311089544     -7.13e-06      1.86e-03        0.28
  18      -949.311091953     -2.41e-06      6.94e-04        0.28
  19      -949.311092464     -5.11e-07      3.48e-04        0.29
  20      -949.311092607     -1.43e-07      2.07e-04        0.28
  21      -949.311092672     -6.52e-08      1.19e-04        0.29
  22      -949.311092694     -2.23e-08      4.18e-05        0.29
  23      -949.311092696     -1.34e-09      1.53e-05        0.28
  24      -949.311092697     -1.50e-09      8.18e-06        0.27

 SCF converged in 24 iterations.

 Dipole moment (in Debye):               0.000000       0.000000      -2.407577

 Quadrupole moment (in Debye-Angstrom):
                  1            2            3
 1       -23.035030     0.022968    -0.000000
 2         0.022968   -21.412874    -0.000001
 3        -0.000000    -0.000001   -26.594192

 Spin-squared expectation <S^2>:         3.751
 Total spin quantum number S:            1.500
 TOTAL ENERGY:                        -949.311092697

 --------------------------------------------------------------------------------

 End time:                               Wed Jun  2 11:53:25 2021
 Total wall-clock time:                 12.954 seconds
==================================================================================
