
================================================================================
          _____________ ________ _______________ ________     _________         
         / ___________// ______ \\_____   _____// ______ \   / ________)        
        / /_________  / /      \ \     | |     / /      \ \ | (_______          
       |  __________|| |        | |    | |    | |        | | \________ \        
        \ \_________ | |        | |    | |     \ \______/ /___________) |       
         \__________||_|        |_|    |_|      \________//____________/        
                                                                                
====================================[ Qcore ]===================================

 Git hash:   15a3e7daff0cda5fa9af010ccd19a80288182ecf
 Git date:   Fri, 16 Apr 2021 15:57:16 +0100
 Compiler:   GNU 9.1.0
 Build type: Release
 Version:    1.1.0

 Start time: Wed Jun  2 14:12:44 2021

 Data directory: /work/zw18965/.local/qcore/share/entos/1.1.0/data
 Number of threads: 24
 Number of threads was determined by: number of physical cores

 --------------------------------------------------------------------------------
                                   command: dft                                  
 --------------------------------------------------------------------------------
 AO basis set:                           aug-cc-pvtz
 Number of AO basis functions:         152

 Formula:                                TiBr
 Nuclear charge:                        57.000000000
 Total charge:                           0.000000000
 Number of electrons:                   57.000000000

 Number of alpha electrons:             30
 Number of beta electrons:              27
 Number of unpaired electrons:           3
 Spin:                                   3
 Multiplicity:                           quartet

 Theory:                                 dft
 Exchange-correlation functional:        wb97x

 Using range separated hybrid functional
 Range separation parameter:             0.300000000
 Short range exact exchange:             0.263800000
 Total long range exact exchange:        1.000000000

 Method for Coulomb:                     incore_df
 Method for exact exchange:              pre_transformed_df
 Integral threshold:                     1.00e-12
 DF basis set:                           def2-tzvp-jkfit(spdfghi)
 Number of DF basis functions:         530
 Schwarz screening threshold:            1.00e-10
 Coulomb fitting method:                 Cholesky

 ------------------
  UW12 Correlation 
 ------------------
 Factor for UW12 correlation:            1.000000000
 Same spin scale factor:                 0.000000000
 Calculate indirect contribution:        false
 Method for three electron term:         df_ri
 Auxiliary RI basis set:                 Def2-TZVP-RI
 Number of RI basis functions:         341
 Gaussians in geminal expansion:         4
 UW12 screening threshold:               1.00e-14
 Method for density-fitting:             w(r)
 Number of core spatial orbitals:       14

 Total number of grid points:        15956
 Method for AO orthogonalization:        symmetric
 Threshold for linear dependence:        1.00e-08
 D3BJ dispersion energy:                -0.004739139

 -------------------------------------
  Running unrestricted open-shell SCF 
 -------------------------------------
 Max number of iterations:             128
 Conv. threshold (gradient):             1.00e-05
 Conv. threshold (energy):               1.00e-06
 Interpolation scheme:                   adiis+cdiis
 Initial guess:                          H0

 ---------------------------------------------------------------
                  energy        change          grad        time
 ---------------------------------------------------------------
   0     -3379.071521968                    8.39e+00        6.20
   1     -3243.866273497      1.35e+02      9.91e+00        0.84
   2     -3353.187400955     -1.09e+02      5.42e+00        0.84
   3     -3365.985309645     -1.28e+01      6.86e+00        0.85
   4     -3417.070488035     -5.11e+01      4.31e+00        0.84
   5     -3413.721113004      3.35e+00      6.20e+00        0.82
   6     -3423.214227511     -9.49e+00      9.46e-01        0.82
   7     -3423.261057981     -4.68e-02      8.14e-01        0.83
   8     -3423.646651955     -3.86e-01      2.43e-01        0.83
   9     -3423.653671903     -7.02e-03      2.07e-01        0.83
  10     -3423.667282990     -1.36e-02      9.27e-02        0.85
  11     -3423.670520426     -3.24e-03      1.23e-01        0.83
  12     -3423.675891989     -5.37e-03      6.92e-02        0.82
  13     -3423.679237539     -3.35e-03      6.98e-02        0.83
  14     -3423.677211610      2.03e-03      6.85e-02        0.83
  15     -3423.667630065      9.58e-03      5.59e-02        0.83
  16     -3423.666694179      9.36e-04      5.14e-02        0.85
  17     -3423.666592079      1.02e-04      4.25e-02        0.81
  18     -3423.667531504     -9.39e-04      3.61e-02        0.83
  19     -3423.668201819     -6.70e-04      2.79e-02        0.83
  20     -3423.668714521     -5.13e-04      3.35e-02        0.82
  21     -3423.669221110     -5.07e-04      3.20e-02        0.83
  22     -3423.670864916     -1.64e-03      2.39e-02        0.83
  23     -3423.671437321     -5.72e-04      3.14e-02        0.82
  24     -3423.671621493     -1.84e-04      2.56e-02        0.82
  25     -3423.672209701     -5.88e-04      1.29e-02        0.82
  26     -3423.672254944     -4.52e-05      4.44e-03        0.83
  27     -3423.672269041     -1.41e-05      1.38e-03        0.83
  28     -3423.672269998     -9.58e-07      8.87e-04        0.83
  29     -3423.672270436     -4.38e-07      4.32e-04        0.82
  30     -3423.672270457     -2.14e-08      1.64e-04        0.82
  31     -3423.672270507     -4.93e-08      9.69e-05        0.83
  32     -3423.672270509     -2.73e-09      7.76e-05        0.83
  33     -3423.672270509      1.33e-10      7.45e-05        0.83
  34     -3423.672270512     -2.96e-09      7.73e-05        0.83
  35     -3423.672270506      6.07e-09      6.01e-05        0.83
  36     -3423.672270498      8.01e-09      2.32e-05        0.83
  37     -3423.672270498     -1.66e-10      2.48e-05        0.81
  38     -3423.672270499     -1.01e-09      2.57e-05        0.81
  39     -3423.672270497      1.90e-09      1.97e-05        0.83
  40     -3423.672270497      2.17e-10      1.14e-05        0.82
  41     -3423.672270496      1.39e-09      3.89e-06        0.82

 SCF converged in 41 iterations.

 Dipole moment (in Debye):               0.000001      -0.000006      -4.948375

 Quadrupole moment (in Debye-Angstrom):
                  1            2            3
 1       -32.932586    -0.012957    -0.000002
 2        -0.012957   -34.764122     0.000018
 3        -0.000002     0.000018   -33.537414

 Spin-squared expectation <S^2>:         3.752
 Total spin quantum number S:            1.500
 TOTAL ENERGY:                       -3423.672270496

 --------------------------------------------------------------------------------

 End time:                               Wed Jun  2 14:13:28 2021
 Total wall-clock time:                 44.277 seconds
==================================================================================
