
================================================================================
          _____________ ________ _______________ ________     _________         
         / ___________// ______ \\_____   _____// ______ \   / ________)        
        / /_________  / /      \ \     | |     / /      \ \ | (_______          
       |  __________|| |        | |    | |    | |        | | \________ \        
        \ \_________ | |        | |    | |     \ \______/ /___________) |       
         \__________||_|        |_|    |_|      \________//____________/        
                                                                                
====================================[ Qcore ]===================================

 Git hash:   15a3e7daff0cda5fa9af010ccd19a80288182ecf
 Git date:   Fri, 16 Apr 2021 15:57:16 +0100
 Compiler:   GNU 9.1.0
 Build type: Release
 Version:    1.1.0

 Start time: Wed Jun  2 11:55:49 2021

 Data directory: /work/zw18965/.local/qcore/share/entos/1.1.0/data
 Number of threads: 24
 Number of threads was determined by: command line argument
  - More threads can be used by running 'qcore -n 32'

 --------------------------------------------------------------------------------
                                   command: dft                                  
 --------------------------------------------------------------------------------
 AO basis set:                           aug-cc-pvtz
 Number of AO basis functions:         143

 Formula:                                STi
 Nuclear charge:                        38.000000000
 Total charge:                           0.000000000
 Number of electrons:                   38.000000000

 Number of alpha electrons:             20
 Number of beta electrons:              18
 Number of unpaired electrons:           2
 Spin:                                   2
 Multiplicity:                           triplet

 Theory:                                 dft
 Exchange-correlation functional:        wb97x

 Using range separated hybrid functional
 Range separation parameter:             0.300000000
 Short range exact exchange:             0.263800000
 Total long range exact exchange:        1.000000000

 Method for Coulomb:                     incore_df
 Method for exact exchange:              pre_transformed_df
 Integral threshold:                     1.00e-12
 DF basis set:                           def2-tzvp-jkfit(spdfghi)
 Number of DF basis functions:         392
 Schwarz screening threshold:            1.00e-10
 Coulomb fitting method:                 Cholesky

 ------------------
  UW12 Correlation 
 ------------------
 Factor for UW12 correlation:            1.000000000
 Same spin scale factor:                 0.000000000
 Calculate indirect contribution:        false
 Method for three electron term:         df_ri
 Auxiliary RI basis set:                 Def2-TZVP-RI
 Number of RI basis functions:         295
 Gaussians in geminal expansion:         4
 UW12 screening threshold:               1.00e-12
 Method for density-fitting:             w(r)
 Number of core spatial orbitals:       10

 Total number of grid points:        15142
 Method for AO orthogonalization:        symmetric
 Threshold for linear dependence:        1.00e-08
 D3BJ dispersion energy:                -0.005223416

 -------------------------------------
  Running unrestricted open-shell SCF 
 -------------------------------------
 Max number of iterations:             128
 Conv. threshold (gradient):             1.00e-05
 Conv. threshold (energy):               1.00e-06
 Interpolation scheme:                   adiis+cdiis
 Initial guess:                          H0

 ---------------------------------------------------------------
                  energy        change          grad        time
 ---------------------------------------------------------------
   0     -1187.804105219                    6.76e+00        4.33
   1     -1182.612896272      5.19e+00      5.74e+00        0.44
   2     -1087.583038103      9.50e+01      1.14e+01        0.41
   3     -1227.565428821     -1.40e+02      7.26e+00        0.42
   4     -1244.368289839     -1.68e+01      3.21e+00        0.39
   5     -1246.189708331     -1.82e+00      2.13e+00        0.39
   6     -1247.262134541     -1.07e+00      7.92e-01        0.39
   7     -1247.566874560     -3.05e-01      3.89e-01        0.39
   8     -1247.575726414     -8.85e-03      4.56e-01        0.40
   9     -1247.633560450     -5.78e-02      5.61e-02        0.40
  10     -1247.633341188      2.19e-04      1.51e-01        0.41
  11     -1247.638196235     -4.86e-03      3.39e-02        0.39
  12     -1247.639530001     -1.33e-03      2.29e-02        0.40
  13     -1247.640482090     -9.52e-04      8.82e-03        0.40
  14     -1247.640677793     -1.96e-04      2.58e-03        0.40
  15     -1247.640686331     -8.54e-06      1.33e-03        0.40
  16     -1247.640688851     -2.52e-06      5.85e-04        0.41
  17     -1247.640689473     -6.22e-07      2.13e-04        0.42
  18     -1247.640689659     -1.86e-07      1.13e-04        0.40
  19     -1247.640689685     -2.60e-08      4.83e-05        0.41
  20     -1247.640689691     -6.35e-09      3.07e-05        0.41
  21     -1247.640689692     -1.49e-09      1.20e-05        0.40
  22     -1247.640689693     -5.16e-10      6.22e-06        0.39

 SCF converged in 22 iterations.

 Dipole moment (in Debye):              -0.000000      -0.000000      -6.138685

 Quadrupole moment (in Debye-Angstrom):
                  1            2            3
 1       -31.103017     0.000007     0.000000
 2         0.000007   -31.103016     0.000000
 3         0.000000     0.000000   -27.141928

 Spin-squared expectation <S^2>:         2.016
 Total spin quantum number S:            1.005
 TOTAL ENERGY:                       -1247.640689693

 --------------------------------------------------------------------------------

 End time:                               Wed Jun  2 11:56:04 2021
 Total wall-clock time:                 15.657 seconds
==================================================================================
