
================================================================================
          _____________ ________ _______________ ________     _________         
         / ___________// ______ \\_____   _____// ______ \   / ________)        
        / /_________  / /      \ \     | |     / /      \ \ | (_______          
       |  __________|| |        | |    | |    | |        | | \________ \        
        \ \_________ | |        | |    | |     \ \______/ /___________) |       
         \__________||_|        |_|    |_|      \________//____________/        
                                                                                
====================================[ Qcore ]===================================

 Git hash:   15a3e7daff0cda5fa9af010ccd19a80288182ecf
 Git date:   Fri, 16 Apr 2021 15:57:16 +0100
 Compiler:   GNU 9.1.0
 Build type: Release
 Version:    1.1.0

 Start time: Wed Jun  2 11:59:29 2021

 Data directory: /work/zw18965/.local/qcore/share/entos/1.1.0/data
 Number of threads: 24
 Number of threads was determined by: command line argument
  - More threads can be used by running 'qcore -n 32'

 --------------------------------------------------------------------------------
                                   command: dft                                  
 --------------------------------------------------------------------------------
 AO basis set:                           aug-cc-pvtz
 Number of AO basis functions:         139

 Formula:                                FCr
 Nuclear charge:                        33.000000000
 Total charge:                           0.000000000
 Number of electrons:                   33.000000000

 Number of alpha electrons:             19
 Number of beta electrons:              14
 Number of unpaired electrons:           5
 Spin:                                   5
 Multiplicity:                           septet

 Theory:                                 dft
 Exchange-correlation functional:        wb97x

 Using range separated hybrid functional
 Range separation parameter:             0.300000000
 Short range exact exchange:             0.263800000
 Total long range exact exchange:        1.000000000

 Method for Coulomb:                     incore_df
 Method for exact exchange:              pre_transformed_df
 Integral threshold:                     1.00e-12
 DF basis set:                           def2-tzvp-jkfit(spdfghi)
 Number of DF basis functions:         341
 Schwarz screening threshold:            1.00e-10
 Coulomb fitting method:                 Cholesky

 ------------------
  UW12 Correlation 
 ------------------
 Factor for UW12 correlation:            1.000000000
 Same spin scale factor:                 0.000000000
 Calculate indirect contribution:        false
 Method for three electron term:         df_ri
 Auxiliary RI basis set:                 Def2-TZVP-RI
 Number of RI basis functions:         258
 Gaussians in geminal expansion:         4
 UW12 screening threshold:               1.00e-12
 Method for density-fitting:             w(r)
 Number of core spatial orbitals:        6

 Total number of grid points:        14640
 Method for AO orthogonalization:        symmetric
 Threshold for linear dependence:        1.00e-08
 D3BJ dispersion energy:                -0.001154017

 -------------------------------------
  Running unrestricted open-shell SCF 
 -------------------------------------
 Max number of iterations:             128
 Conv. threshold (gradient):             1.00e-05
 Conv. threshold (energy):               1.00e-06
 Interpolation scheme:                   adiis+cdiis
 Initial guess:                          H0

 ---------------------------------------------------------------
                  energy        change          grad        time
 ---------------------------------------------------------------
   0     -1026.095823066                    1.33e+01        3.62
   1     -1030.000681897     -3.90e+00      1.02e+01        0.34
   2     -1071.386355819     -4.14e+01      1.14e+01        0.33
   3     -1137.813657902     -6.64e+01      4.56e+00        0.31
   4     -1132.361990494      5.45e+00      4.14e+00        0.30
   5     -1143.930197444     -1.16e+01      1.34e+00        0.30
   6     -1142.746945850      1.18e+00      2.65e+00        0.30
   7     -1144.299513150     -1.55e+00      4.58e-01        0.30
   8     -1144.286651080      1.29e-02      4.86e-01        0.29
   9     -1144.355659984     -6.90e-02      5.72e-02        0.30
  10     -1144.357282247     -1.62e-03      4.04e-02        0.29
  11     -1144.358753287     -1.47e-03      2.72e-02        0.29
  12     -1144.359651554     -8.98e-04      2.12e-02        0.29
  13     -1144.360845315     -1.19e-03      1.01e-02        0.29
  14     -1144.360940328     -9.50e-05      2.50e-03        0.29
  15     -1144.360960614     -2.03e-05      5.73e-04        0.29
  16     -1144.360961203     -5.88e-07      1.92e-04        0.29
  17     -1144.360961264     -6.12e-08      4.29e-05        0.28
  18     -1144.360961266     -2.48e-09      1.66e-05        0.28
  19     -1144.360961267     -3.77e-10      8.11e-06        0.30

 SCF converged in 19 iterations.

 Dipole moment (in Debye):               0.000000       0.000000      -4.144218

 Quadrupole moment (in Debye-Angstrom):
                  1            2            3
 1       -20.161718    -0.000000     0.000000
 2        -0.000000   -20.161674     0.000000
 3         0.000000     0.000000   -22.281818

 Spin-squared expectation <S^2>:         8.756
 Total spin quantum number S:            2.501
 TOTAL ENERGY:                       -1144.360961267

 --------------------------------------------------------------------------------

 End time:                               Wed Jun  2 11:59:40 2021
 Total wall-clock time:                 11.543 seconds
==================================================================================
