
================================================================================
          _____________ ________ _______________ ________     _________         
         / ___________// ______ \\_____   _____// ______ \   / ________)        
        / /_________  / /      \ \     | |     / /      \ \ | (_______          
       |  __________|| |        | |    | |    | |        | | \________ \        
        \ \_________ | |        | |    | |     \ \______/ /___________) |       
         \__________||_|        |_|    |_|      \________//____________/        
                                                                                
====================================[ Qcore ]===================================

 Git hash:   15a3e7daff0cda5fa9af010ccd19a80288182ecf
 Git date:   Fri, 16 Apr 2021 15:57:16 +0100
 Compiler:   GNU 9.1.0
 Build type: Release
 Version:    1.1.0

 Start time: Wed Jun  2 11:59:40 2021

 Data directory: /work/zw18965/.local/qcore/share/entos/1.1.0/data
 Number of threads: 24
 Number of threads was determined by: command line argument
  - More threads can be used by running 'qcore -n 32'

 --------------------------------------------------------------------------------
                                   command: dft                                  
 --------------------------------------------------------------------------------
 AO basis set:                           aug-cc-pvtz
 Number of AO basis functions:         143

 Formula:                                ClCr
 Nuclear charge:                        41.000000000
 Total charge:                           0.000000000
 Number of electrons:                   41.000000000

 Number of alpha electrons:             23
 Number of beta electrons:              18
 Number of unpaired electrons:           5
 Spin:                                   5
 Multiplicity:                           septet

 Theory:                                 dft
 Exchange-correlation functional:        wb97x

 Using range separated hybrid functional
 Range separation parameter:             0.300000000
 Short range exact exchange:             0.263800000
 Total long range exact exchange:        1.000000000

 Method for Coulomb:                     incore_df
 Method for exact exchange:              pre_transformed_df
 Integral threshold:                     1.00e-12
 DF basis set:                           def2-tzvp-jkfit(spdfghi)
 Number of DF basis functions:         392
 Schwarz screening threshold:            1.00e-10
 Coulomb fitting method:                 Cholesky

 ------------------
  UW12 Correlation 
 ------------------
 Factor for UW12 correlation:            1.000000000
 Same spin scale factor:                 0.000000000
 Calculate indirect contribution:        false
 Method for three electron term:         df_ri
 Auxiliary RI basis set:                 Def2-TZVP-RI
 Number of RI basis functions:         295
 Gaussians in geminal expansion:         4
 UW12 screening threshold:               1.00e-12
 Method for density-fitting:             w(r)
 Number of core spatial orbitals:       10

 Total number of grid points:        15322
 Method for AO orthogonalization:        symmetric
 Threshold for linear dependence:        1.00e-08
 D3BJ dispersion energy:                -0.003872092

 -------------------------------------
  Running unrestricted open-shell SCF 
 -------------------------------------
 Max number of iterations:             128
 Conv. threshold (gradient):             1.00e-05
 Conv. threshold (energy):               1.00e-06
 Interpolation scheme:                   adiis+cdiis
 Initial guess:                          H0

 ---------------------------------------------------------------
                  energy        change          grad        time
 ---------------------------------------------------------------
   0     -1403.055959519                    1.30e+01        4.40
   1     -1403.798140227     -7.42e-01      7.28e+00        0.46
   2     -1294.201932922      1.10e+02      1.39e+01        0.43
   3     -1481.455085722     -1.87e+02      5.74e+00        0.43
   4     -1496.743906718     -1.53e+01      3.89e+00        0.41
   5     -1503.963552625     -7.22e+00      1.33e+00        0.43
   6     -1504.193921968     -2.30e-01      1.32e+00        0.42
   7     -1504.703283059     -5.09e-01      3.12e-01        0.42
   8     -1504.676102513      2.72e-02      4.64e-01        0.43
   9     -1504.734147205     -5.80e-02      5.56e-02        0.41
  10     -1504.734258361     -1.11e-04      7.15e-02        0.42
  11     -1504.735691517     -1.43e-03      1.38e-02        0.41
  12     -1504.735747420     -5.59e-05      4.57e-03        0.41
  13     -1504.735768360     -2.09e-05      3.76e-03        0.42
  14     -1504.735789776     -2.14e-05      2.40e-03        0.41
  15     -1504.735800980     -1.12e-05      1.08e-03        0.41
  16     -1504.735802895     -1.92e-06      1.35e-04        0.41
  17     -1504.735802918     -2.28e-08      4.90e-05        0.41
  18     -1504.735802921     -2.96e-09      3.92e-05        0.41
  19     -1504.735802922     -9.89e-10      2.97e-05        0.41
  20     -1504.735802923     -4.70e-10      2.08e-05        0.41
  21     -1504.735802923     -5.30e-10      8.71e-06        0.42

 SCF converged in 21 iterations.

 Dipole moment (in Debye):               0.000000       0.000000      -5.628931

 Quadrupole moment (in Debye-Angstrom):
                  1            2            3
 1       -28.164542    -0.000004    -0.000000
 2        -0.000004   -28.164495    -0.000000
 3        -0.000000    -0.000000   -25.456251

 Spin-squared expectation <S^2>:         8.758
 Total spin quantum number S:            2.501
 TOTAL ENERGY:                       -1504.735802924

 --------------------------------------------------------------------------------

 End time:                               Wed Jun  2 11:59:56 2021
 Total wall-clock time:                 15.747 seconds
==================================================================================
