
================================================================================
          _____________ ________ _______________ ________     _________         
         / ___________// ______ \\_____   _____// ______ \   / ________)        
        / /_________  / /      \ \     | |     / /      \ \ | (_______          
       |  __________|| |        | |    | |    | |        | | \________ \        
        \ \_________ | |        | |    | |     \ \______/ /___________) |       
         \__________||_|        |_|    |_|      \________//____________/        
                                                                                
====================================[ Qcore ]===================================

 Git hash:   15a3e7daff0cda5fa9af010ccd19a80288182ecf
 Git date:   Fri, 16 Apr 2021 15:57:16 +0100
 Compiler:   GNU 9.1.0
 Build type: Release
 Version:    1.1.0

 Start time: Wed Jun  2 12:01:53 2021

 Data directory: /work/zw18965/.local/qcore/share/entos/1.1.0/data
 Number of threads: 24
 Number of threads was determined by: command line argument
  - More threads can be used by running 'qcore -n 32'

 --------------------------------------------------------------------------------
                                   command: dft                                  
 --------------------------------------------------------------------------------
 AO basis set:                           aug-cc-pvtz
 Number of AO basis functions:         139

 Formula:                                OCr
 Nuclear charge:                        32.000000000
 Total charge:                           0.000000000
 Number of electrons:                   32.000000000

 Number of alpha electrons:             18
 Number of beta electrons:              14
 Number of unpaired electrons:           4
 Spin:                                   4
 Multiplicity:                           quintet

 Theory:                                 dft
 Exchange-correlation functional:        wb97x

 Using range separated hybrid functional
 Range separation parameter:             0.300000000
 Short range exact exchange:             0.263800000
 Total long range exact exchange:        1.000000000

 Method for Coulomb:                     incore_df
 Method for exact exchange:              pre_transformed_df
 Integral threshold:                     1.00e-12
 DF basis set:                           def2-tzvp-jkfit(spdfghi)
 Number of DF basis functions:         341
 Schwarz screening threshold:            1.00e-10
 Coulomb fitting method:                 Cholesky

 ------------------
  UW12 Correlation 
 ------------------
 Factor for UW12 correlation:            1.000000000
 Same spin scale factor:                 0.000000000
 Calculate indirect contribution:        false
 Method for three electron term:         df_ri
 Auxiliary RI basis set:                 Def2-TZVP-RI
 Number of RI basis functions:         258
 Gaussians in geminal expansion:         4
 UW12 screening threshold:               1.00e-12
 Method for density-fitting:             w(r)
 Number of core spatial orbitals:        6

 Total number of grid points:        14772
 Method for AO orthogonalization:        symmetric
 Threshold for linear dependence:        1.00e-08
 D3BJ dispersion energy:                -0.001714430

 -------------------------------------
  Running unrestricted open-shell SCF 
 -------------------------------------
 Max number of iterations:             128
 Conv. threshold (gradient):             1.00e-05
 Conv. threshold (energy):               1.00e-06
 Interpolation scheme:                   adiis+cdiis
 Initial guess:                          H0

 ---------------------------------------------------------------
                  energy        change          grad        time
 ---------------------------------------------------------------
   0     -1020.535224771                    1.60e+01        3.75
   1     -1022.611928181     -2.08e+00      9.20e+00        0.34
   2     -1059.648419845     -3.70e+01      1.02e+01        0.31
   3     -1115.473245491     -5.58e+01      4.21e+00        0.29
   4     -1101.769824161      1.37e+01      9.37e+00        0.30
   5     -1119.279951998     -1.75e+01      1.24e+00        0.28
   6     -1118.741779582      5.38e-01      1.77e+00        0.28
   7     -1119.577277722     -8.35e-01      4.59e-01        0.29
   8     -1119.452535424      1.25e-01      8.79e-01        0.29
   9     -1119.618369101     -1.66e-01      1.39e-01        0.29
  10     -1119.619183914     -8.15e-04      1.28e-01        0.29
  11     -1119.625856485     -6.67e-03      2.62e-02        0.30
  12     -1119.625783113      7.34e-05      4.06e-02        0.29
  13     -1119.626386312     -6.03e-04      5.36e-03        0.29
  14     -1119.626437580     -5.13e-05      2.54e-03        0.29
  15     -1119.626446297     -8.72e-06      1.07e-03        0.29
  16     -1119.626448132     -1.83e-06      9.81e-04        0.29
  17     -1119.626449133     -1.00e-06      1.06e-03        0.28
  18     -1119.626446563      2.57e-06      7.24e-04        0.28
  19     -1119.626444702      1.86e-06      2.17e-04        0.29
  20     -1119.626444659      4.24e-08      9.67e-05        0.28
  21     -1119.626444664     -4.80e-09      4.72e-05        0.29
  22     -1119.626444666     -1.65e-09      2.29e-05        0.29
  23     -1119.626444666     -1.96e-10      1.05e-05        0.29
  24     -1119.626444667     -9.32e-10      5.58e-06        0.29

 SCF converged in 24 iterations.

 Dipole moment (in Debye):              -0.000003      -0.000006      -4.421134

 Quadrupole moment (in Debye-Angstrom):
                  1            2            3
 1       -21.064285    -0.000004     0.000002
 2        -0.000004   -21.064295     0.000004
 3         0.000002     0.000004   -24.453230

 Spin-squared expectation <S^2>:         6.024
 Total spin quantum number S:            2.005
 TOTAL ENERGY:                       -1119.626444667

 --------------------------------------------------------------------------------

 End time:                               Wed Jun  2 12:02:06 2021
 Total wall-clock time:                 12.999 seconds
==================================================================================
