
================================================================================
          _____________ ________ _______________ ________     _________         
         / ___________// ______ \\_____   _____// ______ \   / ________)        
        / /_________  / /      \ \     | |     / /      \ \ | (_______          
       |  __________|| |        | |    | |    | |        | | \________ \        
        \ \_________ | |        | |    | |     \ \______/ /___________) |       
         \__________||_|        |_|    |_|      \________//____________/        
                                                                                
====================================[ Qcore ]===================================

 Git hash:   15a3e7daff0cda5fa9af010ccd19a80288182ecf
 Git date:   Fri, 16 Apr 2021 15:57:16 +0100
 Compiler:   GNU 9.1.0
 Build type: Release
 Version:    1.1.0

 Start time: Wed Jun  2 12:02:06 2021

 Data directory: /work/zw18965/.local/qcore/share/entos/1.1.0/data
 Number of threads: 24
 Number of threads was determined by: command line argument
  - More threads can be used by running 'qcore -n 32'

 --------------------------------------------------------------------------------
                                   command: dft                                  
 --------------------------------------------------------------------------------
 AO basis set:                           aug-cc-pvtz
 Number of AO basis functions:         143

 Formula:                                SCr
 Nuclear charge:                        40.000000000
 Total charge:                           0.000000000
 Number of electrons:                   40.000000000

 Number of alpha electrons:             22
 Number of beta electrons:              18
 Number of unpaired electrons:           4
 Spin:                                   4
 Multiplicity:                           quintet

 Theory:                                 dft
 Exchange-correlation functional:        wb97x

 Using range separated hybrid functional
 Range separation parameter:             0.300000000
 Short range exact exchange:             0.263800000
 Total long range exact exchange:        1.000000000

 Method for Coulomb:                     incore_df
 Method for exact exchange:              pre_transformed_df
 Integral threshold:                     1.00e-12
 DF basis set:                           def2-tzvp-jkfit(spdfghi)
 Number of DF basis functions:         392
 Schwarz screening threshold:            1.00e-10
 Coulomb fitting method:                 Cholesky

 ------------------
  UW12 Correlation 
 ------------------
 Factor for UW12 correlation:            1.000000000
 Same spin scale factor:                 0.000000000
 Calculate indirect contribution:        false
 Method for three electron term:         df_ri
 Auxiliary RI basis set:                 Def2-TZVP-RI
 Number of RI basis functions:         295
 Gaussians in geminal expansion:         4
 UW12 screening threshold:               1.00e-12
 Method for density-fitting:             w(r)
 Number of core spatial orbitals:       10

 Total number of grid points:        15178
 Method for AO orthogonalization:        symmetric
 Threshold for linear dependence:        1.00e-08
 D3BJ dispersion energy:                -0.004857510

 -------------------------------------
  Running unrestricted open-shell SCF 
 -------------------------------------
 Max number of iterations:             128
 Conv. threshold (gradient):             1.00e-05
 Conv. threshold (energy):               1.00e-06
 Interpolation scheme:                   adiis+cdiis
 Initial guess:                          H0

 ---------------------------------------------------------------
                  energy        change          grad        time
 ---------------------------------------------------------------
   0     -1343.712954099                    1.51e+01        4.33
   1     -1345.992297272     -2.28e+00      7.56e+00        0.43
   2     -1233.261378434      1.13e+02      1.51e+01        0.43
   3     -1422.941547929     -1.90e+02      5.47e+00        0.42
   4     -1434.321483982     -1.14e+01      4.57e+00        0.41
   5     -1442.055574056     -7.73e+00      1.23e+00        0.40
   6     -1441.860232033      1.95e-01      1.77e+00        0.40
   7     -1442.638980319     -7.79e-01      1.72e-01        0.40
   8     -1442.638278913      7.01e-04      3.04e-01        0.40
   9     -1442.648701839     -1.04e-02      1.40e-01        0.40
  10     -1442.655036935     -6.34e-03      1.21e-01        0.40
  11     -1442.655364282     -3.27e-04      9.04e-02        0.40
  12     -1442.658810314     -3.45e-03      5.57e-02        0.41
  13     -1442.660935386     -2.13e-03      1.67e-02        0.39
  14     -1442.661549132     -6.14e-04      1.52e-02        0.39
  15     -1442.662024660     -4.76e-04      8.61e-03        0.40
  16     -1442.662470434     -4.46e-04      7.76e-03        0.39
  17     -1442.662548581     -7.81e-05      2.81e-03        0.40
  18     -1442.662570942     -2.24e-05      2.17e-03        0.40
  19     -1442.662576819     -5.88e-06      8.33e-04        0.40
  20     -1442.662578124     -1.31e-06      3.79e-04        0.39
  21     -1442.662578376     -2.52e-07      9.32e-05        0.39
  22     -1442.662578404     -2.80e-08      2.98e-05        0.39
  23     -1442.662578406     -2.13e-09      2.56e-05        0.39
  24     -1442.662578407     -4.89e-10      1.19e-05        0.39
  25     -1442.662578406      3.12e-10      7.50e-06        0.39

 SCF converged in 25 iterations.

 Dipole moment (in Debye):              -0.000000      -0.000000      -5.959910

 Quadrupole moment (in Debye-Angstrom):
                  1            2            3
 1       -30.511976    -0.055658     0.000000
 2        -0.055658   -27.922375     0.000000
 3         0.000000     0.000000   -25.564902

 Spin-squared expectation <S^2>:         6.378
 Total spin quantum number S:            2.075
 TOTAL ENERGY:                       -1442.662578406

 --------------------------------------------------------------------------------

 End time:                               Wed Jun  2 12:02:23 2021
 Total wall-clock time:                 16.766 seconds
==================================================================================
