
================================================================================
          _____________ ________ _______________ ________     _________         
         / ___________// ______ \\_____   _____// ______ \   / ________)        
        / /_________  / /      \ \     | |     / /      \ \ | (_______          
       |  __________|| |        | |    | |    | |        | | \________ \        
        \ \_________ | |        | |    | |     \ \______/ /___________) |       
         \__________||_|        |_|    |_|      \________//____________/        
                                                                                
====================================[ Qcore ]===================================

 Git hash:   15a3e7daff0cda5fa9af010ccd19a80288182ecf
 Git date:   Fri, 16 Apr 2021 15:57:16 +0100
 Compiler:   GNU 9.1.0
 Build type: Release
 Version:    1.1.0

 Start time: Wed Jun  2 12:02:23 2021

 Data directory: /work/zw18965/.local/qcore/share/entos/1.1.0/data
 Number of threads: 24
 Number of threads was determined by: command line argument
  - More threads can be used by running 'qcore -n 32'

 --------------------------------------------------------------------------------
                                   command: dft                                  
 --------------------------------------------------------------------------------
 AO basis set:                           aug-cc-pvtz
 Number of AO basis functions:         116

 Formula:                                HMn
 Nuclear charge:                        26.000000000
 Total charge:                           0.000000000
 Number of electrons:                   26.000000000

 Number of alpha electrons:             16
 Number of beta electrons:              10
 Number of unpaired electrons:           6
 Spin:                                   6
 Multiplicity:                           octet

 Theory:                                 dft
 Exchange-correlation functional:        wb97x

 Using range separated hybrid functional
 Range separation parameter:             0.300000000
 Short range exact exchange:             0.263800000
 Total long range exact exchange:        1.000000000

 Method for Coulomb:                     incore_df
 Method for exact exchange:              pre_transformed_df
 Integral threshold:                     1.00e-12
 DF basis set:                           def2-tzvp-jkfit(spdfghi)
 Number of DF basis functions:         282
 Schwarz screening threshold:            1.00e-10
 Coulomb fitting method:                 Cholesky

 ------------------
  UW12 Correlation 
 ------------------
 Factor for UW12 correlation:            1.000000000
 Same spin scale factor:                 0.000000000
 Calculate indirect contribution:        false
 Method for three electron term:         df_ri
 Auxiliary RI basis set:                 Def2-TZVP-RI
 Number of RI basis functions:         197
 Gaussians in geminal expansion:         4
 UW12 screening threshold:               1.00e-12
 Method for density-fitting:             w(r)
 Number of core spatial orbitals:        5

 Total number of grid points:        13826
 Method for AO orthogonalization:        symmetric
 Threshold for linear dependence:        1.00e-08
 D3BJ dispersion energy:                -0.001193416

 -------------------------------------
  Running unrestricted open-shell SCF 
 -------------------------------------
 Max number of iterations:             128
 Conv. threshold (gradient):             1.00e-05
 Conv. threshold (energy):               1.00e-06
 Interpolation scheme:                   adiis+cdiis
 Initial guess:                          H0

 ---------------------------------------------------------------
                  energy        change          grad        time
 ---------------------------------------------------------------
   0     -1090.392420286                    9.16e+00        2.86
   1     -1065.634226542      2.48e+01      6.40e+00        0.20
   2     -1130.461746947     -6.48e+01      5.78e+00        0.17
   3     -1147.730427042     -1.73e+01      3.58e+00        0.16
   4     -1148.464182180     -7.34e-01      2.56e+00        0.17
   5     -1151.510592275     -3.05e+00      4.63e-01        0.16
   6     -1151.515331853     -4.74e-03      4.49e-01        0.16
   7     -1151.560765009     -4.54e-02      1.15e-01        0.17
   8     -1151.563841938     -3.08e-03      1.00e-01        0.17
   9     -1151.564595344     -7.53e-04      9.50e-02        0.16
  10     -1151.566914457     -2.32e-03      3.84e-02        0.16
  11     -1151.567511598     -5.97e-04      4.12e-03        0.15
  12     -1151.567518950     -7.35e-06      1.32e-03        0.16
  13     -1151.567520909     -1.96e-06      2.03e-04        0.15
  14     -1151.567520967     -5.87e-08      1.20e-04        0.15
  15     -1151.567520977     -9.31e-09      4.00e-05        0.15
  16     -1151.567520979     -2.01e-09      8.26e-06        0.15

 SCF converged in 16 iterations.

 Dipole moment (in Debye):               0.000000       0.000000      -1.068172

 Quadrupole moment (in Debye-Angstrom):
                  1            2            3
 1       -16.737635     0.000000    -0.000000
 2         0.000000   -16.737635    -0.000000
 3        -0.000000    -0.000000   -25.575512

 Spin-squared expectation <S^2>:        12.002
 Total spin quantum number S:            3.000
 TOTAL ENERGY:                       -1151.567520978

 --------------------------------------------------------------------------------

 End time:                               Wed Jun  2 12:02:30 2021
 Total wall-clock time:                  7.340 seconds
==================================================================================
