
================================================================================
          _____________ ________ _______________ ________     _________         
         / ___________// ______ \\_____   _____// ______ \   / ________)        
        / /_________  / /      \ \     | |     / /      \ \ | (_______          
       |  __________|| |        | |    | |    | |        | | \________ \        
        \ \_________ | |        | |    | |     \ \______/ /___________) |       
         \__________||_|        |_|    |_|      \________//____________/        
                                                                                
====================================[ Qcore ]===================================

 Git hash:   15a3e7daff0cda5fa9af010ccd19a80288182ecf
 Git date:   Fri, 16 Apr 2021 15:57:16 +0100
 Compiler:   GNU 9.1.0
 Build type: Release
 Version:    1.1.0

 Start time: Wed Jun  2 12:02:30 2021

 Data directory: /work/zw18965/.local/qcore/share/entos/1.1.0/data
 Number of threads: 24
 Number of threads was determined by: command line argument
  - More threads can be used by running 'qcore -n 32'

 --------------------------------------------------------------------------------
                                   command: dft                                  
 --------------------------------------------------------------------------------
 AO basis set:                           aug-cc-pvtz
 Number of AO basis functions:         139

 Formula:                                FMn
 Nuclear charge:                        34.000000000
 Total charge:                           0.000000000
 Number of electrons:                   34.000000000

 Number of alpha electrons:             20
 Number of beta electrons:              14
 Number of unpaired electrons:           6
 Spin:                                   6
 Multiplicity:                           octet

 Theory:                                 dft
 Exchange-correlation functional:        wb97x

 Using range separated hybrid functional
 Range separation parameter:             0.300000000
 Short range exact exchange:             0.263800000
 Total long range exact exchange:        1.000000000

 Method for Coulomb:                     incore_df
 Method for exact exchange:              pre_transformed_df
 Integral threshold:                     1.00e-12
 DF basis set:                           def2-tzvp-jkfit(spdfghi)
 Number of DF basis functions:         341
 Schwarz screening threshold:            1.00e-10
 Coulomb fitting method:                 Cholesky

 ------------------
  UW12 Correlation 
 ------------------
 Factor for UW12 correlation:            1.000000000
 Same spin scale factor:                 0.000000000
 Calculate indirect contribution:        false
 Method for three electron term:         df_ri
 Auxiliary RI basis set:                 Def2-TZVP-RI
 Number of RI basis functions:         258
 Gaussians in geminal expansion:         4
 UW12 screening threshold:               1.00e-12
 Method for density-fitting:             w(r)
 Number of core spatial orbitals:        6

 Total number of grid points:        14748
 Method for AO orthogonalization:        symmetric
 Threshold for linear dependence:        1.00e-08
 D3BJ dispersion energy:                -0.001057014

 -------------------------------------
  Running unrestricted open-shell SCF 
 -------------------------------------
 Max number of iterations:             128
 Conv. threshold (gradient):             1.00e-05
 Conv. threshold (energy):               1.00e-06
 Interpolation scheme:                   adiis+cdiis
 Initial guess:                          H0

 ---------------------------------------------------------------
                  energy        change          grad        time
 ---------------------------------------------------------------
   0     -1111.392985291                    1.51e+01        3.52
   1     -1119.441384347     -8.05e+00      1.00e+01        0.33
   2     -1172.496694093     -5.31e+01      1.16e+01        0.32
   3     -1244.196238243     -7.17e+01      5.03e+00        0.30
   4     -1233.086380319      1.11e+01      5.10e+00        0.29
   5     -1250.373595004     -1.73e+01      1.47e+00        0.30
   6     -1249.082823811      1.29e+00      2.98e+00        0.29
   7     -1250.856750923     -1.77e+00      4.25e-01        0.29
   8     -1250.857877310     -1.13e-03      4.20e-01        0.29
   9     -1250.909555440     -5.17e-02      5.15e-02        0.29
  10     -1250.909583750     -2.83e-05      6.27e-02        0.30
  11     -1250.910512924     -9.29e-04      5.96e-03        0.29
  12     -1250.910562950     -5.00e-05      1.65e-03        0.29
  13     -1250.910567319     -4.37e-06      4.10e-04        0.29
  14     -1250.910567533     -2.14e-07      1.23e-04        0.29
  15     -1250.910567543     -1.03e-08      2.65e-05        0.28
  16     -1250.910567543     -1.75e-10      8.26e-06        0.28

 SCF converged in 16 iterations.

 Dipole moment (in Debye):              -0.000000      -0.000000      -2.430037

 Quadrupole moment (in Debye-Angstrom):
                  1            2            3
 1       -19.634021     0.000000     0.000000
 2         0.000000   -19.634021     0.000000
 3         0.000000     0.000000   -28.042848

 Spin-squared expectation <S^2>:        12.002
 Total spin quantum number S:            3.000
 TOTAL ENERGY:                       -1250.910567544

 --------------------------------------------------------------------------------

 End time:                               Wed Jun  2 12:02:41 2021
 Total wall-clock time:                 10.476 seconds
==================================================================================
