
================================================================================
          _____________ ________ _______________ ________     _________         
         / ___________// ______ \\_____   _____// ______ \   / ________)        
        / /_________  / /      \ \     | |     / /      \ \ | (_______          
       |  __________|| |        | |    | |    | |        | | \________ \        
        \ \_________ | |        | |    | |     \ \______/ /___________) |       
         \__________||_|        |_|    |_|      \________//____________/        
                                                                                
====================================[ Qcore ]===================================

 Git hash:   15a3e7daff0cda5fa9af010ccd19a80288182ecf
 Git date:   Fri, 16 Apr 2021 15:57:16 +0100
 Compiler:   GNU 9.1.0
 Build type: Release
 Version:    1.1.0

 Start time: Wed Jun  2 12:02:41 2021

 Data directory: /work/zw18965/.local/qcore/share/entos/1.1.0/data
 Number of threads: 24
 Number of threads was determined by: command line argument
  - More threads can be used by running 'qcore -n 32'

 --------------------------------------------------------------------------------
                                   command: dft                                  
 --------------------------------------------------------------------------------
 AO basis set:                           aug-cc-pvtz
 Number of AO basis functions:         143

 Formula:                                ClMn
 Nuclear charge:                        42.000000000
 Total charge:                           0.000000000
 Number of electrons:                   42.000000000

 Number of alpha electrons:             24
 Number of beta electrons:              18
 Number of unpaired electrons:           6
 Spin:                                   6
 Multiplicity:                           octet

 Theory:                                 dft
 Exchange-correlation functional:        wb97x

 Using range separated hybrid functional
 Range separation parameter:             0.300000000
 Short range exact exchange:             0.263800000
 Total long range exact exchange:        1.000000000

 Method for Coulomb:                     incore_df
 Method for exact exchange:              pre_transformed_df
 Integral threshold:                     1.00e-12
 DF basis set:                           def2-tzvp-jkfit(spdfghi)
 Number of DF basis functions:         392
 Schwarz screening threshold:            1.00e-10
 Coulomb fitting method:                 Cholesky

 ------------------
  UW12 Correlation 
 ------------------
 Factor for UW12 correlation:            1.000000000
 Same spin scale factor:                 0.000000000
 Calculate indirect contribution:        false
 Method for three electron term:         df_ri
 Auxiliary RI basis set:                 Def2-TZVP-RI
 Number of RI basis functions:         295
 Gaussians in geminal expansion:         4
 UW12 screening threshold:               1.00e-12
 Method for density-fitting:             w(r)
 Number of core spatial orbitals:       10

 Total number of grid points:        15430
 Method for AO orthogonalization:        symmetric
 Threshold for linear dependence:        1.00e-08
 D3BJ dispersion energy:                -0.003420616

 -------------------------------------
  Running unrestricted open-shell SCF 
 -------------------------------------
 Max number of iterations:             128
 Conv. threshold (gradient):             1.00e-05
 Conv. threshold (energy):               1.00e-06
 Interpolation scheme:                   adiis+cdiis
 Initial guess:                          H0

 ---------------------------------------------------------------
                  energy        change          grad        time
 ---------------------------------------------------------------
   0     -1475.611160764                    1.58e+01        4.31
   1     -1487.604528763     -1.20e+01      7.93e+00        0.45
   2     -1323.712348797      1.64e+02      1.61e+01        0.43
   3     -1584.319950723     -2.61e+02      6.59e+00        0.42
   4     -1598.635831016     -1.43e+01      5.00e+00        0.42
   5     -1610.719610514     -1.21e+01      8.13e-01        0.41
   6     -1610.913392914     -1.94e-01      9.81e-01        0.42
   7     -1611.244549808     -3.31e-01      3.08e-01        0.42
   8     -1611.237045505      7.50e-03      3.90e-01        0.43
   9     -1611.283917322     -4.69e-02      1.90e-02        0.42
  10     -1611.284429570     -5.12e-04      1.36e-02        0.42
  11     -1611.284591029     -1.61e-04      3.14e-03        0.42
  12     -1611.284604939     -1.39e-05      1.25e-03        0.40
  13     -1611.284605956     -1.02e-06      2.89e-04        0.40
  14     -1611.284606080     -1.24e-07      7.11e-05        0.41
  15     -1611.284606087     -7.56e-09      2.43e-05        0.41
  16     -1611.284606088     -8.61e-10      7.29e-06        0.40

 SCF converged in 16 iterations.

 Dipole moment (in Debye):               0.000000       0.000000      -2.780649

 Quadrupole moment (in Debye-Angstrom):
                  1            2            3
 1       -28.267364    -0.000000    -0.000000
 2        -0.000000   -28.267364    -0.000000
 3        -0.000000    -0.000000   -34.232418

 Spin-squared expectation <S^2>:        12.002
 Total spin quantum number S:            3.000
 TOTAL ENERGY:                       -1611.284606088

 --------------------------------------------------------------------------------

 End time:                               Wed Jun  2 12:02:54 2021
 Total wall-clock time:                 13.584 seconds
==================================================================================
