
================================================================================
          _____________ ________ _______________ ________     _________         
         / ___________// ______ \\_____   _____// ______ \   / ________)        
        / /_________  / /      \ \     | |     / /      \ \ | (_______          
       |  __________|| |        | |    | |    | |        | | \________ \        
        \ \_________ | |        | |    | |     \ \______/ /___________) |       
         \__________||_|        |_|    |_|      \________//____________/        
                                                                                
====================================[ Qcore ]===================================

 Git hash:   15a3e7daff0cda5fa9af010ccd19a80288182ecf
 Git date:   Fri, 16 Apr 2021 15:57:16 +0100
 Compiler:   GNU 9.1.0
 Build type: Release
 Version:    1.1.0

 Start time: Wed Jun  2 12:05:05 2021

 Data directory: /work/zw18965/.local/qcore/share/entos/1.1.0/data
 Number of threads: 24
 Number of threads was determined by: command line argument
  - More threads can be used by running 'qcore -n 32'

 --------------------------------------------------------------------------------
                                   command: dft                                  
 --------------------------------------------------------------------------------
 AO basis set:                           aug-cc-pvtz
 Number of AO basis functions:         143

 Formula:                                SMn
 Nuclear charge:                        41.000000000
 Total charge:                           0.000000000
 Number of electrons:                   41.000000000

 Number of alpha electrons:             23
 Number of beta electrons:              18
 Number of unpaired electrons:           5
 Spin:                                   5
 Multiplicity:                           septet

 Theory:                                 dft
 Exchange-correlation functional:        wb97x

 Using range separated hybrid functional
 Range separation parameter:             0.300000000
 Short range exact exchange:             0.263800000
 Total long range exact exchange:        1.000000000

 Method for Coulomb:                     incore_df
 Method for exact exchange:              pre_transformed_df
 Integral threshold:                     1.00e-12
 DF basis set:                           def2-tzvp-jkfit(spdfghi)
 Number of DF basis functions:         392
 Schwarz screening threshold:            1.00e-10
 Coulomb fitting method:                 Cholesky

 ------------------
  UW12 Correlation 
 ------------------
 Factor for UW12 correlation:            1.000000000
 Same spin scale factor:                 0.000000000
 Calculate indirect contribution:        false
 Method for three electron term:         df_ri
 Auxiliary RI basis set:                 Def2-TZVP-RI
 Number of RI basis functions:         295
 Gaussians in geminal expansion:         4
 UW12 screening threshold:               1.00e-12
 Method for density-fitting:             w(r)
 Number of core spatial orbitals:       10

 Total number of grid points:        15286
 Method for AO orthogonalization:        symmetric
 Threshold for linear dependence:        1.00e-08
 D3BJ dispersion energy:                -0.004354329

 -------------------------------------
  Running unrestricted open-shell SCF 
 -------------------------------------
 Max number of iterations:             128
 Conv. threshold (gradient):             1.00e-05
 Conv. threshold (energy):               1.00e-06
 Interpolation scheme:                   adiis+cdiis
 Initial guess:                          H0

 ---------------------------------------------------------------
                  energy        change          grad        time
 ---------------------------------------------------------------
   0     -1432.880472116                    1.93e+01        4.30
   1     -1437.224004403     -4.34e+00      7.42e+00        0.45
   2     -1301.602399715      1.36e+02      1.52e+01        0.44
   3     -1527.891917629     -2.26e+02      6.19e+00        0.44
   4     -1537.247504783     -9.36e+00      5.07e+00        0.42
   5     -1548.279625352     -1.10e+01      1.69e+00        0.41
   6     -1548.245805799      3.38e-02      2.03e+00        0.42
   7     -1549.179591812     -9.34e-01      3.12e-01        0.41
   8     -1549.120934677      5.87e-02      7.51e-01        0.42
   9     -1549.210678277     -8.97e-02      1.64e-01        0.42
  10     -1549.211368820     -6.91e-04      1.56e-01        0.42
  11     -1549.215496703     -4.13e-03      1.89e-01        0.44
  12     -1549.220473037     -4.98e-03      6.25e-02        0.43
  13     -1549.219923105      5.50e-04      1.33e-01        0.44
  14     -1549.223961038     -4.04e-03      4.50e-03        0.42
  15     -1549.223976440     -1.54e-05      3.61e-03        0.41
  16     -1549.223984939     -8.50e-06      1.22e-03        0.41
  17     -1549.223987390     -2.45e-06      6.58e-04        0.41
  18     -1549.223988109     -7.20e-07      2.31e-04        0.41
  19     -1549.223988212     -1.03e-07      1.20e-04        0.41
  20     -1549.223988231     -1.94e-08      3.68e-05        0.40
  21     -1549.223988235     -3.27e-09      2.26e-05        0.40
  22     -1549.223988236     -1.67e-09      1.03e-05        0.41
  23     -1549.223988237     -1.67e-10      3.74e-06        0.40

 SCF converged in 23 iterations.

 Dipole moment (in Debye):              -0.000000      -0.000000      -6.530362

 Quadrupole moment (in Debye-Angstrom):
                  1            2            3
 1       -29.369650    -0.000001     0.000000
 2        -0.000001   -29.369650     0.000000
 3         0.000000     0.000000   -25.737365

 Spin-squared expectation <S^2>:         8.808
 Total spin quantum number S:            2.510
 TOTAL ENERGY:                       -1549.223988237

 --------------------------------------------------------------------------------

 End time:                               Wed Jun  2 12:05:22 2021
 Total wall-clock time:                 16.602 seconds
==================================================================================
