
================================================================================
          _____________ ________ _______________ ________     _________         
         / ___________// ______ \\_____   _____// ______ \   / ________)        
        / /_________  / /      \ \     | |     / /      \ \ | (_______          
       |  __________|| |        | |    | |    | |        | | \________ \        
        \ \_________ | |        | |    | |     \ \______/ /___________) |       
         \__________||_|        |_|    |_|      \________//____________/        
                                                                                
====================================[ Qcore ]===================================

 Git hash:   15a3e7daff0cda5fa9af010ccd19a80288182ecf
 Git date:   Fri, 16 Apr 2021 15:57:16 +0100
 Compiler:   GNU 9.1.0
 Build type: Release
 Version:    1.1.0

 Start time: Wed Jun  2 12:05:31 2021

 Data directory: /work/zw18965/.local/qcore/share/entos/1.1.0/data
 Number of threads: 24
 Number of threads was determined by: command line argument
  - More threads can be used by running 'qcore -n 32'

 --------------------------------------------------------------------------------
                                   command: dft                                  
 --------------------------------------------------------------------------------
 AO basis set:                           aug-cc-pvtz
 Number of AO basis functions:         139

 Formula:                                FFe
 Nuclear charge:                        35.000000000
 Total charge:                           0.000000000
 Number of electrons:                   35.000000000

 Number of alpha electrons:             20
 Number of beta electrons:              15
 Number of unpaired electrons:           5
 Spin:                                   5
 Multiplicity:                           septet

 Theory:                                 dft
 Exchange-correlation functional:        wb97x

 Using range separated hybrid functional
 Range separation parameter:             0.300000000
 Short range exact exchange:             0.263800000
 Total long range exact exchange:        1.000000000

 Method for Coulomb:                     incore_df
 Method for exact exchange:              pre_transformed_df
 Integral threshold:                     1.00e-12
 DF basis set:                           def2-tzvp-jkfit(spdfghi)
 Number of DF basis functions:         341
 Schwarz screening threshold:            1.00e-10
 Coulomb fitting method:                 Cholesky

 ------------------
  UW12 Correlation 
 ------------------
 Factor for UW12 correlation:            1.000000000
 Same spin scale factor:                 0.000000000
 Calculate indirect contribution:        false
 Method for three electron term:         df_ri
 Auxiliary RI basis set:                 Def2-TZVP-RI
 Number of RI basis functions:         258
 Gaussians in geminal expansion:         4
 UW12 screening threshold:               1.00e-12
 Method for density-fitting:             w(r)
 Number of core spatial orbitals:        6

 Total number of grid points:        14748
 Method for AO orthogonalization:        symmetric
 Threshold for linear dependence:        1.00e-08
 D3BJ dispersion energy:                -0.000986430

 -------------------------------------
  Running unrestricted open-shell SCF 
 -------------------------------------
 Max number of iterations:             128
 Conv. threshold (gradient):             1.00e-05
 Conv. threshold (energy):               1.00e-06
 Interpolation scheme:                   adiis+cdiis
 Initial guess:                          H0

 ---------------------------------------------------------------
                  energy        change          grad        time
 ---------------------------------------------------------------
   0     -1206.482806010                    1.58e+01        3.60
   1     -1211.733694900     -5.25e+00      1.04e+01        0.37
   2     -1274.887369193     -6.32e+01      1.34e+01        0.33
   3     -1355.154420411     -8.03e+01      5.48e+00        0.32
   4     -1343.884397528      1.13e+01      6.81e+00        0.32
   5     -1362.804637262     -1.89e+01      1.81e+00        0.31
   6     -1357.742355160      5.06e+00      4.36e+00        0.31
   7     -1363.380587322     -5.64e+00      9.41e-01        0.32
   8     -1363.515437245     -1.35e-01      5.22e-01        0.32
   9     -1363.576452141     -6.10e-02      2.05e-01        0.32
  10     -1363.579549998     -3.10e-03      1.84e-01        0.31
  11     -1363.587250137     -7.70e-03      2.66e-02        0.31
  12     -1363.587187661      6.25e-05      3.62e-02        0.31
  13     -1363.587473290     -2.86e-04      1.43e-03        0.30
  14     -1363.587476762     -3.47e-06      3.57e-04        0.30
  15     -1363.587476953     -1.91e-07      1.11e-04        0.30
  16     -1363.587476961     -8.39e-09      2.95e-05        0.30
  17     -1363.587476962     -8.99e-10      1.01e-05        0.29
  18     -1363.587476963     -6.55e-10      2.71e-06        0.29

 SCF converged in 18 iterations.

 Dipole moment (in Debye):              -0.000000      -0.000000      -2.369787

 Quadrupole moment (in Debye-Angstrom):
                  1            2            3
 1       -19.241792     0.255501     0.000000
 2         0.255501   -19.242903     0.000000
 3         0.000000     0.000000   -27.266073

 Spin-squared expectation <S^2>:         8.754
 Total spin quantum number S:            2.501
 TOTAL ENERGY:                       -1363.587476962

 --------------------------------------------------------------------------------

 End time:                               Wed Jun  2 12:05:43 2021
 Total wall-clock time:                 11.538 seconds
==================================================================================
