
================================================================================
          _____________ ________ _______________ ________     _________         
         / ___________// ______ \\_____   _____// ______ \   / ________)        
        / /_________  / /      \ \     | |     / /      \ \ | (_______          
       |  __________|| |        | |    | |    | |        | | \________ \        
        \ \_________ | |        | |    | |     \ \______/ /___________) |       
         \__________||_|        |_|    |_|      \________//____________/        
                                                                                
====================================[ Qcore ]===================================

 Git hash:   15a3e7daff0cda5fa9af010ccd19a80288182ecf
 Git date:   Fri, 16 Apr 2021 15:57:16 +0100
 Compiler:   GNU 9.1.0
 Build type: Release
 Version:    1.1.0

 Start time: Wed Jun  2 12:07:57 2021

 Data directory: /work/zw18965/.local/qcore/share/entos/1.1.0/data
 Number of threads: 24
 Number of threads was determined by: command line argument
  - More threads can be used by running 'qcore -n 32'

 --------------------------------------------------------------------------------
                                   command: dft                                  
 --------------------------------------------------------------------------------
 AO basis set:                           aug-cc-pvtz
 Number of AO basis functions:         139

 Formula:                                OFe
 Nuclear charge:                        34.000000000
 Total charge:                           0.000000000
 Number of electrons:                   34.000000000

 Number of alpha electrons:             19
 Number of beta electrons:              15
 Number of unpaired electrons:           4
 Spin:                                   4
 Multiplicity:                           quintet

 Theory:                                 dft
 Exchange-correlation functional:        wb97x

 Using range separated hybrid functional
 Range separation parameter:             0.300000000
 Short range exact exchange:             0.263800000
 Total long range exact exchange:        1.000000000

 Method for Coulomb:                     incore_df
 Method for exact exchange:              pre_transformed_df
 Integral threshold:                     1.00e-12
 DF basis set:                           def2-tzvp-jkfit(spdfghi)
 Number of DF basis functions:         341
 Schwarz screening threshold:            1.00e-10
 Coulomb fitting method:                 Cholesky

 ------------------
  UW12 Correlation 
 ------------------
 Factor for UW12 correlation:            1.000000000
 Same spin scale factor:                 0.000000000
 Calculate indirect contribution:        false
 Method for three electron term:         df_ri
 Auxiliary RI basis set:                 Def2-TZVP-RI
 Number of RI basis functions:         258
 Gaussians in geminal expansion:         4
 UW12 screening threshold:               1.00e-12
 Method for density-fitting:             w(r)
 Number of core spatial orbitals:        6

 Total number of grid points:        14880
 Method for AO orthogonalization:        symmetric
 Threshold for linear dependence:        1.00e-08
 D3BJ dispersion energy:                -0.001441903

 -------------------------------------
  Running unrestricted open-shell SCF 
 -------------------------------------
 Max number of iterations:             128
 Conv. threshold (gradient):             1.00e-05
 Conv. threshold (energy):               1.00e-06
 Interpolation scheme:                   adiis+cdiis
 Initial guess:                          H0

 ---------------------------------------------------------------
                  energy        change          grad        time
 ---------------------------------------------------------------
   0     -1205.826410048                    1.98e+01        3.70
   1     -1206.702180675     -8.76e-01      9.51e+00        0.35
   2     -1265.259238782     -5.86e+01      1.42e+01        0.33
   3     -1333.101815458     -6.78e+01      4.72e+00        0.31
   4     -1321.760652539      1.13e+01      6.50e+00        0.30
   5     -1338.101063500     -1.63e+01      1.98e+00        0.30
   6     -1332.993608965      5.11e+00      3.10e+00        0.31
   7     -1338.606548835     -5.61e+00      1.18e+00        0.30
   8     -1338.848026953     -2.41e-01      4.81e-01        0.32
   9     -1338.876637491     -2.86e-02      3.78e-01        0.30
  10     -1338.903502224     -2.69e-02      1.54e-01        0.30
  11     -1338.892203317      1.13e-02      3.01e-01        0.31
  12     -1338.909536347     -1.73e-02      6.77e-02        0.30
  13     -1338.907907713      1.63e-03      1.22e-01        0.30
  14     -1338.911673036     -3.77e-03      1.36e-02        0.30
  15     -1338.912063852     -3.91e-04      7.71e-03        0.29
  16     -1338.912331418     -2.68e-04      6.01e-03        0.29
  17     -1338.912500240     -1.69e-04      2.29e-03        0.29
  18     -1338.912508519     -8.28e-06      1.01e-03        0.29
  19     -1338.912509866     -1.35e-06      2.78e-04        0.29
  20     -1338.912510085     -2.19e-07      1.88e-04        0.29
  21     -1338.912510109     -2.45e-08      5.59e-05        0.29
  22     -1338.912510116     -7.10e-09      2.49e-05        0.30
  23     -1338.912510117     -4.08e-10      5.84e-06        0.30

 SCF converged in 23 iterations.

 Dipole moment (in Debye):               0.000000       0.000000      -4.482612

 Quadrupole moment (in Debye-Angstrom):
                  1            2            3
 1       -20.750919    -0.000000    -0.000000
 2        -0.000000   -20.750919    -0.000000
 3        -0.000000    -0.000000   -21.697381

 Spin-squared expectation <S^2>:         6.145
 Total spin quantum number S:            2.029
 TOTAL ENERGY:                       -1338.912510117

 --------------------------------------------------------------------------------

 End time:                               Wed Jun  2 12:08:10 2021
 Total wall-clock time:                 13.070 seconds
==================================================================================
