
================================================================================
          _____________ ________ _______________ ________     _________         
         / ___________// ______ \\_____   _____// ______ \   / ________)        
        / /_________  / /      \ \     | |     / /      \ \ | (_______          
       |  __________|| |        | |    | |    | |        | | \________ \        
        \ \_________ | |        | |    | |     \ \______/ /___________) |       
         \__________||_|        |_|    |_|      \________//____________/        
                                                                                
====================================[ Qcore ]===================================

 Git hash:   15a3e7daff0cda5fa9af010ccd19a80288182ecf
 Git date:   Fri, 16 Apr 2021 15:57:16 +0100
 Compiler:   GNU 9.1.0
 Build type: Release
 Version:    1.1.0

 Start time: Wed Jun  2 12:09:17 2021

 Data directory: /work/zw18965/.local/qcore/share/entos/1.1.0/data
 Number of threads: 24
 Number of threads was determined by: command line argument
  - More threads can be used by running 'qcore -n 32'

 --------------------------------------------------------------------------------
                                   command: dft                                  
 --------------------------------------------------------------------------------
 AO basis set:                           aug-cc-pvtz
 Number of AO basis functions:         139

 Formula:                                FCo
 Nuclear charge:                        36.000000000
 Total charge:                           0.000000000
 Number of electrons:                   36.000000000

 Number of alpha electrons:             19
 Number of beta electrons:              17
 Number of unpaired electrons:           2
 Spin:                                   2
 Multiplicity:                           triplet

 Theory:                                 dft
 Exchange-correlation functional:        wb97x

 Using range separated hybrid functional
 Range separation parameter:             0.300000000
 Short range exact exchange:             0.263800000
 Total long range exact exchange:        1.000000000

 Method for Coulomb:                     incore_df
 Method for exact exchange:              pre_transformed_df
 Integral threshold:                     1.00e-12
 DF basis set:                           def2-tzvp-jkfit(spdfghi)
 Number of DF basis functions:         341
 Schwarz screening threshold:            1.00e-10
 Coulomb fitting method:                 Cholesky

 ------------------
  UW12 Correlation 
 ------------------
 Factor for UW12 correlation:            1.000000000
 Same spin scale factor:                 0.000000000
 Calculate indirect contribution:        false
 Method for three electron term:         df_ri
 Auxiliary RI basis set:                 Def2-TZVP-RI
 Number of RI basis functions:         258
 Gaussians in geminal expansion:         4
 UW12 screening threshold:               1.00e-12
 Method for density-fitting:             w(r)
 Number of core spatial orbitals:        6

 Total number of grid points:        14748
 Method for AO orthogonalization:        symmetric
 Threshold for linear dependence:        1.00e-08
 D3BJ dispersion energy:                -0.000989295

 -------------------------------------
  Running unrestricted open-shell SCF 
 -------------------------------------
 Max number of iterations:             128
 Conv. threshold (gradient):             1.00e-05
 Conv. threshold (energy):               1.00e-06
 Interpolation scheme:                   adiis+cdiis
 Initial guess:                          H0

 ---------------------------------------------------------------
                  energy        change          grad        time
 ---------------------------------------------------------------
   0     -1301.681015548                    1.59e+01        3.73
   1     -1305.686745823     -4.01e+00      1.08e+01        0.36
   2     -1388.709469787     -8.30e+01      1.43e+01        0.34
   3     -1472.244496768     -8.35e+01      5.90e+00        0.34
   4     -1469.612368185      2.63e+00      4.94e+00        0.32
   5     -1482.321831837     -1.27e+01      1.31e+00        0.31
   6     -1481.509643198      8.12e-01      2.32e+00        0.32
   7     -1482.626328062     -1.12e+00      3.88e-01        0.32
   8     -1482.612749006      1.36e-02      4.45e-01        0.32
   9     -1482.661749822     -4.90e-02      8.40e-02        0.33
  10     -1482.660118266      1.63e-03      1.29e-01        0.33
  11     -1482.663506451     -3.39e-03      2.44e-02        0.32
  12     -1482.663905467     -3.99e-04      1.72e-02        0.31
  13     -1482.664175076     -2.70e-04      1.13e-02        0.31
  14     -1482.664625704     -4.51e-04      8.74e-03        0.31
  15     -1482.664979438     -3.54e-04      6.63e-03        0.31
  16     -1482.664992489     -1.31e-05      3.79e-03        0.32
  17     -1482.665021488     -2.90e-05      1.98e-03        0.31
  18     -1482.665025256     -3.77e-06      1.32e-03        0.32
  19     -1482.665026267     -1.01e-06      1.27e-03        0.30
  20     -1482.665026900     -6.33e-07      2.22e-04        0.32
  21     -1482.665026962     -6.22e-08      1.24e-04        0.29
  22     -1482.665026976     -1.38e-08      1.26e-04        0.30
  23     -1482.665026993     -1.72e-08      1.37e-04        0.30
  24     -1482.665027019     -2.61e-08      1.14e-04        0.30
  25     -1482.665027046     -2.67e-08      8.89e-05        0.30
  26     -1482.665027069     -2.33e-08      6.77e-05        0.29
  27     -1482.665027084     -1.54e-08      4.40e-05        0.30
  28     -1482.665027090     -5.52e-09      1.93e-05        0.30
  29     -1482.665027091     -1.54e-09      1.13e-05        0.31
  30     -1482.665027092     -3.59e-10      1.03e-05        0.30
  31     -1482.665027092     -2.16e-10      1.09e-05        0.30
  32     -1482.665027092     -3.82e-10      9.75e-06        0.30

 SCF converged in 32 iterations.

 Dipole moment (in Debye):              -0.000000       0.000000      -5.143723

 Quadrupole moment (in Debye-Angstrom):
                  1            2            3
 1       -18.722792     0.000002     0.000000
 2         0.000002   -18.722751    -0.000000
 3         0.000000    -0.000000   -18.856957

 Spin-squared expectation <S^2>:         2.106
 Total spin quantum number S:            1.035
 TOTAL ENERGY:                       -1482.665027092

 --------------------------------------------------------------------------------

 End time:                               Wed Jun  2 12:09:33 2021
 Total wall-clock time:                 16.034 seconds
==================================================================================
