
================================================================================
          _____________ ________ _______________ ________     _________         
         / ___________// ______ \\_____   _____// ______ \   / ________)        
        / /_________  / /      \ \     | |     / /      \ \ | (_______          
       |  __________|| |        | |    | |    | |        | | \________ \        
        \ \_________ | |        | |    | |     \ \______/ /___________) |       
         \__________||_|        |_|    |_|      \________//____________/        
                                                                                
====================================[ Qcore ]===================================

 Git hash:   15a3e7daff0cda5fa9af010ccd19a80288182ecf
 Git date:   Fri, 16 Apr 2021 15:57:16 +0100
 Compiler:   GNU 9.1.0
 Build type: Release
 Version:    1.1.0

 Start time: Wed Jun  2 12:09:33 2021

 Data directory: /work/zw18965/.local/qcore/share/entos/1.1.0/data
 Number of threads: 24
 Number of threads was determined by: command line argument
  - More threads can be used by running 'qcore -n 32'

 --------------------------------------------------------------------------------
                                   command: dft                                  
 --------------------------------------------------------------------------------
 AO basis set:                           aug-cc-pvtz
 Number of AO basis functions:         143

 Formula:                                ClCo
 Nuclear charge:                        44.000000000
 Total charge:                           0.000000000
 Number of electrons:                   44.000000000

 Number of alpha electrons:             23
 Number of beta electrons:              21
 Number of unpaired electrons:           2
 Spin:                                   2
 Multiplicity:                           triplet

 Theory:                                 dft
 Exchange-correlation functional:        wb97x

 Using range separated hybrid functional
 Range separation parameter:             0.300000000
 Short range exact exchange:             0.263800000
 Total long range exact exchange:        1.000000000

 Method for Coulomb:                     incore_df
 Method for exact exchange:              pre_transformed_df
 Integral threshold:                     1.00e-12
 DF basis set:                           def2-tzvp-jkfit(spdfghi)
 Number of DF basis functions:         392
 Schwarz screening threshold:            1.00e-10
 Coulomb fitting method:                 Cholesky

 ------------------
  UW12 Correlation 
 ------------------
 Factor for UW12 correlation:            1.000000000
 Same spin scale factor:                 0.000000000
 Calculate indirect contribution:        false
 Method for three electron term:         df_ri
 Auxiliary RI basis set:                 Def2-TZVP-RI
 Number of RI basis functions:         295
 Gaussians in geminal expansion:         4
 UW12 screening threshold:               1.00e-12
 Method for density-fitting:             w(r)
 Number of core spatial orbitals:       10

 Total number of grid points:        15430
 Method for AO orthogonalization:        symmetric
 Threshold for linear dependence:        1.00e-08
 D3BJ dispersion energy:                -0.003329235

 -------------------------------------
  Running unrestricted open-shell SCF 
 -------------------------------------
 Max number of iterations:             128
 Conv. threshold (gradient):             1.00e-05
 Conv. threshold (energy):               1.00e-06
 Interpolation scheme:                   adiis+cdiis
 Initial guess:                          H0

 ---------------------------------------------------------------
                  energy        change          grad        time
 ---------------------------------------------------------------
   0     -1666.766459253                    1.78e+01        4.19
   1     -1677.930797293     -1.12e+01      8.88e+00        0.47
   2     -1529.136937335      1.49e+02      1.74e+01        0.46
   3     -1816.983367285     -2.88e+02      8.84e+00        0.45
   4     -1818.967617985     -1.98e+00      6.38e+00        0.46
   5     -1842.050390435     -2.31e+01      1.23e+00        0.46
   6     -1841.169059071      8.81e-01      2.16e+00        0.47
   7     -1843.008909762     -1.84e+00      2.27e-01        0.46
   8     -1843.013738581     -4.83e-03      2.05e-01        0.46
   9     -1843.018755901     -5.02e-03      2.40e-01        0.46
  10     -1843.025532650     -6.78e-03      8.14e-02        0.47
  11     -1843.026435827     -9.03e-04      1.24e-01        0.45
  12     -1843.028865357     -2.43e-03      3.42e-02        0.45
  13     -1843.029913216     -1.05e-03      3.00e-02        0.45
  14     -1843.030856974     -9.44e-04      3.04e-02        0.45
  15     -1843.030061881      7.95e-04      3.09e-02        0.47
  16     -1843.029097778      9.64e-04      3.05e-02        0.46
  17     -1843.028244137      8.54e-04      2.57e-02        0.45
  18     -1843.027963457      2.81e-04      2.14e-02        0.47
  19     -1843.028337403     -3.74e-04      1.45e-02        0.45
  20     -1843.028561131     -2.24e-04      3.11e-02        0.46
  21     -1843.028444539      1.17e-04      4.09e-02        0.46
  22     -1843.028707357     -2.63e-04      3.61e-03        0.46
  23     -1843.028698090      9.27e-06      4.88e-03        0.47
  24     -1843.028696431      1.66e-06      5.74e-03        0.46
  25     -1843.028701789     -5.36e-06      2.11e-03        0.46
  26     -1843.028702694     -9.04e-07      5.17e-04        0.47
  27     -1843.028702757     -6.37e-08      7.19e-05        0.46
  28     -1843.028702761     -3.47e-09      2.86e-05        0.45
  29     -1843.028702761     -1.69e-10      1.82e-05        0.45
  30     -1843.028702762     -1.15e-09      2.11e-05        0.46
  31     -1843.028702761      8.63e-10      2.07e-05        0.46
  32     -1843.028702762     -6.98e-10      2.11e-05        0.46
  33     -1843.028702761      4.79e-10      1.70e-05        0.47
  34     -1843.028702761      3.33e-10      1.13e-05        0.47
  35     -1843.028702761      5.51e-10      7.61e-06        0.47

 SCF converged in 35 iterations.

 Dipole moment (in Debye):               0.000001       0.000000      -4.519260

 Quadrupole moment (in Debye-Angstrom):
                  1            2            3
 1       -27.596253     0.000172    -0.000002
 2         0.000172   -27.596484    -0.000001
 3        -0.000002    -0.000001   -26.051245

 Spin-squared expectation <S^2>:         2.281
 Total spin quantum number S:            1.091
 TOTAL ENERGY:                       -1843.028702762

 --------------------------------------------------------------------------------

 End time:                               Wed Jun  2 12:09:56 2021
 Total wall-clock time:                 22.937 seconds
==================================================================================
