
================================================================================
          _____________ ________ _______________ ________     _________         
         / ___________// ______ \\_____   _____// ______ \   / ________)        
        / /_________  / /      \ \     | |     / /      \ \ | (_______          
       |  __________|| |        | |    | |    | |        | | \________ \        
        \ \_________ | |        | |    | |     \ \______/ /___________) |       
         \__________||_|        |_|    |_|      \________//____________/        
                                                                                
====================================[ Qcore ]===================================

 Git hash:   15a3e7daff0cda5fa9af010ccd19a80288182ecf
 Git date:   Fri, 16 Apr 2021 15:57:16 +0100
 Compiler:   GNU 9.1.0
 Build type: Release
 Version:    1.1.0

 Start time: Wed Jun  2 12:12:29 2021

 Data directory: /work/zw18965/.local/qcore/share/entos/1.1.0/data
 Number of threads: 24
 Number of threads was determined by: command line argument
  - More threads can be used by running 'qcore -n 32'

 --------------------------------------------------------------------------------
                                   command: dft                                  
 --------------------------------------------------------------------------------
 AO basis set:                           aug-cc-pvtz
 Number of AO basis functions:         116

 Formula:                                HNi
 Nuclear charge:                        29.000000000
 Total charge:                           0.000000000
 Number of electrons:                   29.000000000

 Number of alpha electrons:             15
 Number of beta electrons:              14
 Number of unpaired electrons:           1
 Spin:                                   1
 Multiplicity:                           doublet

 Theory:                                 dft
 Exchange-correlation functional:        wb97x

 Using range separated hybrid functional
 Range separation parameter:             0.300000000
 Short range exact exchange:             0.263800000
 Total long range exact exchange:        1.000000000

 Method for Coulomb:                     incore_df
 Method for exact exchange:              pre_transformed_df
 Integral threshold:                     1.00e-12
 DF basis set:                           def2-tzvp-jkfit(spdfghi)
 Number of DF basis functions:         282
 Schwarz screening threshold:            1.00e-10
 Coulomb fitting method:                 Cholesky

 ------------------
  UW12 Correlation 
 ------------------
 Factor for UW12 correlation:            1.000000000
 Same spin scale factor:                 0.000000000
 Calculate indirect contribution:        false
 Method for three electron term:         df_ri
 Auxiliary RI basis set:                 Def2-TZVP-RI
 Number of RI basis functions:         197
 Gaussians in geminal expansion:         4
 UW12 screening threshold:               1.00e-12
 Method for density-fitting:             w(r)
 Number of core spatial orbitals:        5

 Total number of grid points:        13826
 Method for AO orthogonalization:        symmetric
 Threshold for linear dependence:        1.00e-08
 D3BJ dispersion energy:                -0.000894889

 -------------------------------------
  Running unrestricted open-shell SCF 
 -------------------------------------
 Max number of iterations:             128
 Conv. threshold (gradient):             1.00e-05
 Conv. threshold (energy):               1.00e-06
 Interpolation scheme:                   adiis+cdiis
 Initial guess:                          H0

 ---------------------------------------------------------------
                  energy        change          grad        time
 ---------------------------------------------------------------
   0     -1426.597227320                    1.01e+01        2.82
   1     -1368.033482586      5.86e+01      8.23e+00        0.22
   2     -1465.142074192     -9.71e+01      8.54e+00        0.20
   3     -1502.782521283     -3.76e+01      4.64e+00        0.19
   4     -1501.283863208      1.50e+00      4.14e+00        0.19
   5     -1508.857042849     -7.57e+00      6.61e-01        0.19
   6     -1508.671101819      1.86e-01      1.03e+00        0.19
   7     -1508.927523227     -2.56e-01      2.41e-01        0.19
   8     -1508.920561722      6.96e-03      3.33e-01        0.19
   9     -1508.940787379     -2.02e-02      3.80e-02        0.19
  10     -1508.940988494     -2.01e-04      3.66e-02        0.19
  11     -1508.941466978     -4.78e-04      1.11e-02        0.18
  12     -1508.941629313     -1.62e-04      6.34e-03        0.17
  13     -1508.941677529     -4.82e-05      3.26e-03        0.17
  14     -1508.941706288     -2.88e-05      2.18e-03        0.17
  15     -1508.941714762     -8.47e-06      7.94e-04        0.17
  16     -1508.941715748     -9.86e-07      1.89e-04        0.17
  17     -1508.941715797     -4.91e-08      3.47e-05        0.17
  18     -1508.941715800     -2.35e-09      1.39e-05        0.17
  19     -1508.941715800     -3.69e-10      7.13e-06        0.17

 SCF converged in 19 iterations.

 Dipole moment (in Debye):              -0.000000      -0.000000      -2.738165

 Quadrupole moment (in Debye-Angstrom):
                  1            2            3
 1       -15.442845     0.000000    -0.000000
 2         0.000000   -15.442845    -0.000000
 3        -0.000000    -0.000000   -15.812267

 Spin-squared expectation <S^2>:         0.766
 Total spin quantum number S:            0.508
 TOTAL ENERGY:                       -1508.941715801

 --------------------------------------------------------------------------------

 End time:                               Wed Jun  2 12:12:37 2021
 Total wall-clock time:                  8.165 seconds
==================================================================================
