
================================================================================
          _____________ ________ _______________ ________     _________         
         / ___________// ______ \\_____   _____// ______ \   / ________)        
        / /_________  / /      \ \     | |     / /      \ \ | (_______          
       |  __________|| |        | |    | |    | |        | | \________ \        
        \ \_________ | |        | |    | |     \ \______/ /___________) |       
         \__________||_|        |_|    |_|      \________//____________/        
                                                                                
====================================[ Qcore ]===================================

 Git hash:   15a3e7daff0cda5fa9af010ccd19a80288182ecf
 Git date:   Fri, 16 Apr 2021 15:57:16 +0100
 Compiler:   GNU 9.1.0
 Build type: Release
 Version:    1.1.0

 Start time: Wed Jun  2 12:12:37 2021

 Data directory: /work/zw18965/.local/qcore/share/entos/1.1.0/data
 Number of threads: 24
 Number of threads was determined by: command line argument
  - More threads can be used by running 'qcore -n 32'

 --------------------------------------------------------------------------------
                                   command: dft                                  
 --------------------------------------------------------------------------------
 AO basis set:                           aug-cc-pvtz
 Number of AO basis functions:         139

 Formula:                                FNi
 Nuclear charge:                        37.000000000
 Total charge:                           0.000000000
 Number of electrons:                   37.000000000

 Number of alpha electrons:             19
 Number of beta electrons:              18
 Number of unpaired electrons:           1
 Spin:                                   1
 Multiplicity:                           doublet

 Theory:                                 dft
 Exchange-correlation functional:        wb97x

 Using range separated hybrid functional
 Range separation parameter:             0.300000000
 Short range exact exchange:             0.263800000
 Total long range exact exchange:        1.000000000

 Method for Coulomb:                     incore_df
 Method for exact exchange:              pre_transformed_df
 Integral threshold:                     1.00e-12
 DF basis set:                           def2-tzvp-jkfit(spdfghi)
 Number of DF basis functions:         341
 Schwarz screening threshold:            1.00e-10
 Coulomb fitting method:                 Cholesky

 ------------------
  UW12 Correlation 
 ------------------
 Factor for UW12 correlation:            1.000000000
 Same spin scale factor:                 0.000000000
 Calculate indirect contribution:        false
 Method for three electron term:         df_ri
 Auxiliary RI basis set:                 Def2-TZVP-RI
 Number of RI basis functions:         258
 Gaussians in geminal expansion:         4
 UW12 screening threshold:               1.00e-12
 Method for density-fitting:             w(r)
 Number of core spatial orbitals:        6

 Total number of grid points:        14748
 Method for AO orthogonalization:        symmetric
 Threshold for linear dependence:        1.00e-08
 D3BJ dispersion energy:                -0.001014036

 -------------------------------------
  Running unrestricted open-shell SCF 
 -------------------------------------
 Max number of iterations:             128
 Conv. threshold (gradient):             1.00e-05
 Conv. threshold (energy):               1.00e-06
 Interpolation scheme:                   adiis+cdiis
 Initial guess:                          H0

 ---------------------------------------------------------------
                  energy        change          grad        time
 ---------------------------------------------------------------
   0     -1398.850058175                    1.63e+01        3.80
   1     -1406.130342569     -7.28e+00      1.09e+01        0.38
   2     -1507.065459756     -1.01e+02      1.47e+01        0.36
   3     -1597.171308011     -9.01e+01      6.28e+00        0.34
   4     -1596.822295097      3.49e-01      4.65e+00        0.32
   5     -1608.069638267     -1.12e+01      8.72e-01        0.32
   6     -1607.981965878      8.77e-02      1.06e+00        0.32
   7     -1608.215940846     -2.34e-01      3.19e-01        0.33
   8     -1608.171602222      4.43e-02      5.32e-01        0.33
   9     -1608.231230484     -5.96e-02      1.22e-01        0.33
  10     -1608.228493146      2.74e-03      1.57e-01        0.33
  11     -1608.234262589     -5.77e-03      2.17e-02        0.32
  12     -1608.234291924     -2.93e-05      3.20e-02        0.33
  13     -1608.234589803     -2.98e-04      6.56e-03        0.32
  14     -1608.234701746     -1.12e-04      5.44e-03        0.31
  15     -1608.234840782     -1.39e-04      4.15e-03        0.31
  16     -1608.234902888     -6.21e-05      3.27e-03        0.32
  17     -1608.234928255     -2.54e-05      1.65e-03        0.31
  18     -1608.234931605     -3.35e-06      7.85e-04        0.31
  19     -1608.234932212     -6.06e-07      4.12e-04        0.31
  20     -1608.234932325     -1.13e-07      1.83e-04        0.32
  21     -1608.234932350     -2.55e-08      6.18e-05        0.33
  22     -1608.234932354     -3.63e-09      5.31e-05        0.32
  23     -1608.234932356     -2.00e-09      2.84e-05        0.31
  24     -1608.234932357     -1.46e-09      1.56e-05        0.32
  25     -1608.234932357     -9.57e-11      7.04e-06        0.31

 SCF converged in 25 iterations.

 Dipole moment (in Debye):              -0.000000      -0.000000      -5.070351

 Quadrupole moment (in Debye-Angstrom):
                  1            2            3
 1       -17.936461    -0.580604    -0.000000
 2        -0.580604   -18.005845    -0.000000
 3        -0.000000    -0.000000   -19.291972

 Spin-squared expectation <S^2>:         0.808
 Total spin quantum number S:            0.528
 TOTAL ENERGY:                       -1608.234932358

 --------------------------------------------------------------------------------

 End time:                               Wed Jun  2 12:12:51 2021
 Total wall-clock time:                 14.142 seconds
==================================================================================
