
================================================================================
          _____________ ________ _______________ ________     _________         
         / ___________// ______ \\_____   _____// ______ \   / ________)        
        / /_________  / /      \ \     | |     / /      \ \ | (_______          
       |  __________|| |        | |    | |    | |        | | \________ \        
        \ \_________ | |        | |    | |     \ \______/ /___________) |       
         \__________||_|        |_|    |_|      \________//____________/        
                                                                                
====================================[ Qcore ]===================================

 Git hash:   15a3e7daff0cda5fa9af010ccd19a80288182ecf
 Git date:   Fri, 16 Apr 2021 15:57:16 +0100
 Compiler:   GNU 9.1.0
 Build type: Release
 Version:    1.1.0

 Start time: Wed Jun  2 12:15:34 2021

 Data directory: /work/zw18965/.local/qcore/share/entos/1.1.0/data
 Number of threads: 24
 Number of threads was determined by: command line argument
  - More threads can be used by running 'qcore -n 32'

 --------------------------------------------------------------------------------
                                   command: dft                                  
 --------------------------------------------------------------------------------
 AO basis set:                           aug-cc-pvtz
 Number of AO basis functions:         143

 Formula:                                SNi
 Nuclear charge:                        44.000000000
 Total charge:                           0.000000000
 Number of electrons:                   44.000000000

 Number of alpha electrons:             23
 Number of beta electrons:              21
 Number of unpaired electrons:           2
 Spin:                                   2
 Multiplicity:                           triplet

 Theory:                                 dft
 Exchange-correlation functional:        wb97x

 Using range separated hybrid functional
 Range separation parameter:             0.300000000
 Short range exact exchange:             0.263800000
 Total long range exact exchange:        1.000000000

 Method for Coulomb:                     incore_df
 Method for exact exchange:              pre_transformed_df
 Integral threshold:                     1.00e-12
 DF basis set:                           def2-tzvp-jkfit(spdfghi)
 Number of DF basis functions:         392
 Schwarz screening threshold:            1.00e-10
 Coulomb fitting method:                 Cholesky

 ------------------
  UW12 Correlation 
 ------------------
 Factor for UW12 correlation:            1.000000000
 Same spin scale factor:                 0.000000000
 Calculate indirect contribution:        false
 Method for three electron term:         df_ri
 Auxiliary RI basis set:                 Def2-TZVP-RI
 Number of RI basis functions:         295
 Gaussians in geminal expansion:         4
 UW12 screening threshold:               1.00e-12
 Method for density-fitting:             w(r)
 Number of core spatial orbitals:       10

 Total number of grid points:        15286
 Method for AO orthogonalization:        symmetric
 Threshold for linear dependence:        1.00e-08
 D3BJ dispersion energy:                -0.004249109

 -------------------------------------
  Running unrestricted open-shell SCF 
 -------------------------------------
 Max number of iterations:             128
 Conv. threshold (gradient):             1.00e-05
 Conv. threshold (energy):               1.00e-06
 Interpolation scheme:                   adiis+cdiis
 Initial guess:                          H0

 ---------------------------------------------------------------
                  energy        change          grad        time
 ---------------------------------------------------------------
   0     -1726.960191503                    1.99e+01        4.33
   1     -1731.810445284     -4.85e+00      9.14e+00        0.47
   2     -1621.349876801      1.10e+02      1.79e+01        0.46
   3     -1887.833759707     -2.66e+02      7.17e+00        0.47
   4     -1874.249233414      1.36e+01      7.47e+00        0.46
   5     -1906.193096390     -3.19e+01      6.64e-01        0.47
   6     -1906.329098464     -1.36e-01      6.20e-01        0.47
   7     -1906.465041027     -1.36e-01      5.52e-01        0.47
   8     -1906.348503328      1.17e-01      9.52e-01        0.48
   9     -1906.539677805     -1.91e-01      1.35e-01        0.47
  10     -1906.540778797     -1.10e-03      1.56e-01        0.47
  11     -1906.545347799     -4.57e-03      1.32e-01        0.47
  12     -1906.544236639      1.11e-03      1.43e-01        0.46
  13     -1906.549111696     -4.88e-03      2.77e-02        0.47
  14     -1906.549433217     -3.22e-04      2.85e-02        0.47
  15     -1906.550619371     -1.19e-03      1.38e-02        0.46
  16     -1906.550799316     -1.80e-04      1.31e-02        0.47
  17     -1906.551054253     -2.55e-04      1.24e-02        0.47
  18     -1906.551294438     -2.40e-04      1.21e-02        0.46
  19     -1906.552400460     -1.11e-03      1.17e-02        0.46
  20     -1906.552506169     -1.06e-04      1.03e-02        0.46
  21     -1906.553754544     -1.25e-03      2.87e-02        0.45
  22     -1906.553640299      1.14e-04      1.93e-02        0.47
  23     -1906.554344571     -7.04e-04      3.28e-02        0.46
  24     -1906.554358131     -1.36e-05      3.68e-02        0.46
  25     -1906.554337198      2.09e-05      3.94e-02        0.46
  26     -1906.554399800     -6.26e-05      3.58e-02        0.46
  27     -1906.554571393     -1.72e-04      1.02e-02        0.46
  28     -1906.554855547     -2.84e-04      7.90e-03        0.46
  29     -1906.554965396     -1.10e-04      5.60e-03        0.45
  30     -1906.555074799     -1.09e-04      7.99e-03        0.46
  31     -1906.555096756     -2.20e-05      2.98e-03        0.46
  32     -1906.555098446     -1.69e-06      1.72e-03        0.46
  33     -1906.555099864     -1.42e-06      2.92e-04        0.46
  34     -1906.555099931     -6.77e-08      1.59e-04        0.46
  35     -1906.555099947     -1.55e-08      7.31e-05        0.46
  36     -1906.555099951     -4.27e-09      6.86e-05        0.46
  37     -1906.555099951     -1.90e-10      3.23e-05        0.46
  38     -1906.555099952     -9.35e-10      1.01e-05        0.47
  39     -1906.555099952      1.74e-10      2.16e-06        0.46

 SCF converged in 39 iterations.

 Dipole moment (in Debye):              -0.000000      -0.000019      -4.725186

 Quadrupole moment (in Debye-Angstrom):
                  1            2            3
 1       -26.980253    -0.017293     0.000000
 2        -0.017293   -28.200708     0.000024
 3         0.000000     0.000024   -24.838593

 Spin-squared expectation <S^2>:         2.010
 Total spin quantum number S:            1.003
 TOTAL ENERGY:                       -1906.555099952

 --------------------------------------------------------------------------------

 End time:                               Wed Jun  2 12:15:59 2021
 Total wall-clock time:                 24.967 seconds
==================================================================================
