
================================================================================
          _____________ ________ _______________ ________     _________         
         / ___________// ______ \\_____   _____// ______ \   / ________)        
        / /_________  / /      \ \     | |     / /      \ \ | (_______          
       |  __________|| |        | |    | |    | |        | | \________ \        
        \ \_________ | |        | |    | |     \ \______/ /___________) |       
         \__________||_|        |_|    |_|      \________//____________/        
                                                                                
====================================[ Qcore ]===================================

 Git hash:   15a3e7daff0cda5fa9af010ccd19a80288182ecf
 Git date:   Fri, 16 Apr 2021 15:57:16 +0100
 Compiler:   GNU 9.1.0
 Build type: Release
 Version:    1.1.0

 Start time: Wed Jun  2 12:16:05 2021

 Data directory: /work/zw18965/.local/qcore/share/entos/1.1.0/data
 Number of threads: 24
 Number of threads was determined by: command line argument
  - More threads can be used by running 'qcore -n 32'

 --------------------------------------------------------------------------------
                                   command: dft                                  
 --------------------------------------------------------------------------------
 AO basis set:                           aug-cc-pvtz
 Number of AO basis functions:         139

 Formula:                                FCu
 Nuclear charge:                        38.000000000
 Total charge:                           0.000000000
 Number of electrons:                   38.000000000

 Number of alpha electrons:             19
 Number of beta electrons:              19
 Number of unpaired electrons:           0
 Spin:                                   0
 Multiplicity:                           singlet

 Theory:                                 dft
 Exchange-correlation functional:        wb97x

 Using range separated hybrid functional
 Range separation parameter:             0.300000000
 Short range exact exchange:             0.263800000
 Total long range exact exchange:        1.000000000

 Method for Coulomb:                     incore_df
 Method for exact exchange:              pre_transformed_df
 Integral threshold:                     1.00e-12
 DF basis set:                           def2-tzvp-jkfit(spdfghi)
 Number of DF basis functions:         341
 Schwarz screening threshold:            1.00e-10
 Coulomb fitting method:                 Cholesky

 ------------------
  UW12 Correlation 
 ------------------
 Factor for UW12 correlation:            1.000000000
 Same spin scale factor:                 0.000000000
 Calculate indirect contribution:        false
 Method for three electron term:         df_ri
 Auxiliary RI basis set:                 Def2-TZVP-RI
 Number of RI basis functions:         258
 Gaussians in geminal expansion:         4
 UW12 screening threshold:               1.00e-12
 Method for density-fitting:             w(r)
 Number of core spatial orbitals:        6

 Total number of grid points:        14748
 Method for AO orthogonalization:        symmetric
 Threshold for linear dependence:        1.00e-08
 D3BJ dispersion energy:                -0.000881394

 -------------------------------------
  Running restricted closed-shell SCF 
 -------------------------------------
 Max number of iterations:             128
 Conv. threshold (gradient):             1.00e-05
 Conv. threshold (energy):               1.00e-06
 Interpolation scheme:                   adiis+cdiis
 Initial guess:                          H0

 ---------------------------------------------------------------
                  energy        change          grad        time
 ---------------------------------------------------------------
   0     -1493.089574351                    3.65e+01        3.52
   1     -1512.419859972     -1.93e+01      2.17e+01        0.19
   2     -1627.925761770     -1.16e+02      3.61e+01        0.17
   3     -1732.798406162     -1.05e+02      1.10e+01        0.17
   4     -1731.329514352      1.47e+00      1.02e+01        0.16
   5     -1740.126153331     -8.80e+00      2.79e+00        0.16
   6     -1739.601861185      5.24e-01      3.86e+00        0.17
   7     -1740.426342465     -8.24e-01      6.88e-01        0.17
   8     -1740.357800929      6.85e-02      1.39e+00        0.16
   9     -1740.447095007     -8.93e-02      2.76e-01        0.16
  10     -1740.440988066      6.11e-03      4.20e-01        0.16
  11     -1740.450631772     -9.64e-03      6.47e-02        0.16
  12     -1740.450373012      2.59e-04      1.28e-01        0.18
  13     -1740.451369697     -9.97e-04      6.98e-03        0.17
  14     -1740.451383591     -1.39e-05      1.49e-03        0.16
  15     -1740.451384047     -4.56e-07      2.90e-04        0.16
  16     -1740.451384064     -1.69e-08      6.89e-05        0.16
  17     -1740.451384065     -8.48e-10      1.46e-05        0.16
  18     -1740.451384065     -2.01e-10      3.93e-06        0.16

 SCF converged in 18 iterations.

 Dipole moment (in Debye):              -0.000000      -0.000000      -5.238843

 Quadrupole moment (in Debye-Angstrom):
                  1            2            3
 1       -17.258157     0.000000    -0.000000
 2         0.000000   -17.258157    -0.000000
 3        -0.000000    -0.000000   -19.495196

 Spin-squared expectation <S^2>:         0.000
 Total spin quantum number S:            0.000
 TOTAL ENERGY:                       -1740.451384065

 --------------------------------------------------------------------------------

 End time:                               Wed Jun  2 12:16:13 2021
 Total wall-clock time:                  8.602 seconds
==================================================================================
