
================================================================================
          _____________ ________ _______________ ________     _________         
         / ___________// ______ \\_____   _____// ______ \   / ________)        
        / /_________  / /      \ \     | |     / /      \ \ | (_______          
       |  __________|| |        | |    | |    | |        | | \________ \        
        \ \_________ | |        | |    | |     \ \______/ /___________) |       
         \__________||_|        |_|    |_|      \________//____________/        
                                                                                
====================================[ Qcore ]===================================

 Git hash:   15a3e7daff0cda5fa9af010ccd19a80288182ecf
 Git date:   Fri, 16 Apr 2021 15:57:16 +0100
 Compiler:   GNU 9.1.0
 Build type: Release
 Version:    1.1.0

 Start time: Wed Jun  2 12:16:14 2021

 Data directory: /work/zw18965/.local/qcore/share/entos/1.1.0/data
 Number of threads: 24
 Number of threads was determined by: command line argument
  - More threads can be used by running 'qcore -n 32'

 --------------------------------------------------------------------------------
                                   command: dft                                  
 --------------------------------------------------------------------------------
 AO basis set:                           aug-cc-pvtz
 Number of AO basis functions:         143

 Formula:                                ClCu
 Nuclear charge:                        46.000000000
 Total charge:                           0.000000000
 Number of electrons:                   46.000000000

 Number of alpha electrons:             23
 Number of beta electrons:              23
 Number of unpaired electrons:           0
 Spin:                                   0
 Multiplicity:                           singlet

 Theory:                                 dft
 Exchange-correlation functional:        wb97x

 Using range separated hybrid functional
 Range separation parameter:             0.300000000
 Short range exact exchange:             0.263800000
 Total long range exact exchange:        1.000000000

 Method for Coulomb:                     incore_df
 Method for exact exchange:              pre_transformed_df
 Integral threshold:                     1.00e-12
 DF basis set:                           def2-tzvp-jkfit(spdfghi)
 Number of DF basis functions:         392
 Schwarz screening threshold:            1.00e-10
 Coulomb fitting method:                 Cholesky

 ------------------
  UW12 Correlation 
 ------------------
 Factor for UW12 correlation:            1.000000000
 Same spin scale factor:                 0.000000000
 Calculate indirect contribution:        false
 Method for three electron term:         df_ri
 Auxiliary RI basis set:                 Def2-TZVP-RI
 Number of RI basis functions:         295
 Gaussians in geminal expansion:         4
 UW12 screening threshold:               1.00e-12
 Method for density-fitting:             w(r)
 Number of core spatial orbitals:       10

 Total number of grid points:        15430
 Method for AO orthogonalization:        symmetric
 Threshold for linear dependence:        1.00e-08
 D3BJ dispersion energy:                -0.003008223

 -------------------------------------
  Running restricted closed-shell SCF 
 -------------------------------------
 Max number of iterations:             128
 Conv. threshold (gradient):             1.00e-05
 Conv. threshold (energy):               1.00e-06
 Interpolation scheme:                   adiis+cdiis
 Initial guess:                          H0

 ---------------------------------------------------------------
                  energy        change          grad        time
 ---------------------------------------------------------------
   0     -1858.950367422                    4.11e+01        4.14
   1     -1885.811362009     -2.69e+01      1.96e+01        0.23
   2     -1749.529941301      1.36e+02      4.31e+01        0.24
   3     -2076.651450473     -3.27e+02      1.76e+01        0.23
   4     -2057.279252255      1.94e+01      1.47e+01        0.23
   5     -2099.638894807     -4.24e+01      2.30e+00        0.23
   6     -2095.092211444      4.55e+00      1.02e+01        0.22
   7     -2100.734580576     -5.64e+00      1.01e+00        0.22
   8     -2100.754023720     -1.94e-02      9.17e-01        0.23
   9     -2100.817574902     -6.36e-02      6.93e-01        0.23
  10     -2100.814173235      3.40e-03      7.10e-01        0.23
  11     -2100.847895762     -3.37e-02      5.76e-02        0.23
  12     -2100.847605100      2.91e-04      9.53e-02        0.23
  13     -2100.848270296     -6.65e-04      1.12e-02        0.22
  14     -2100.848302424     -3.21e-05      4.58e-03        0.23
  15     -2100.848306731     -4.31e-06      1.18e-03        0.22
  16     -2100.848306964     -2.34e-07      2.84e-04        0.22
  17     -2100.848306983     -1.86e-08      6.72e-05        0.22
  18     -2100.848306985     -2.30e-09      1.23e-05        0.23
  19     -2100.848306985      3.38e-10      4.92e-06        0.22

 SCF converged in 19 iterations.

 Dipole moment (in Debye):               0.000000       0.000000      -5.236991

 Quadrupole moment (in Debye-Angstrom):
                  1            2            3
 1       -25.912252    -0.000000    -0.000000
 2        -0.000000   -25.912252    -0.000000
 3        -0.000000    -0.000000   -23.781828

 Spin-squared expectation <S^2>:         0.000
 Total spin quantum number S:            0.000
 TOTAL ENERGY:                       -2100.848306985

 --------------------------------------------------------------------------------

 End time:                               Wed Jun  2 12:16:24 2021
 Total wall-clock time:                 10.838 seconds
==================================================================================
