
================================================================================
          _____________ ________ _______________ ________     _________         
         / ___________// ______ \\_____   _____// ______ \   / ________)        
        / /_________  / /      \ \     | |     / /      \ \ | (_______          
       |  __________|| |        | |    | |    | |        | | \________ \        
        \ \_________ | |        | |    | |     \ \______/ /___________) |       
         \__________||_|        |_|    |_|      \________//____________/        
                                                                                
====================================[ Qcore ]===================================

 Git hash:   15a3e7daff0cda5fa9af010ccd19a80288182ecf
 Git date:   Fri, 16 Apr 2021 15:57:16 +0100
 Compiler:   GNU 9.1.0
 Build type: Release
 Version:    1.1.0

 Start time: Wed Jun  2 14:18:39 2021

 Data directory: /work/zw18965/.local/qcore/share/entos/1.1.0/data
 Number of threads: 24
 Number of threads was determined by: number of physical cores

 --------------------------------------------------------------------------------
                                   command: dft                                  
 --------------------------------------------------------------------------------
 AO basis set:                           aug-cc-pvtz
 Number of AO basis functions:         152

 Formula:                                CuBr
 Nuclear charge:                        64.000000000
 Total charge:                           0.000000000
 Number of electrons:                   64.000000000

 Number of alpha electrons:             32
 Number of beta electrons:              32
 Number of unpaired electrons:           0
 Spin:                                   0
 Multiplicity:                           singlet

 Theory:                                 dft
 Exchange-correlation functional:        wb97x

 Using range separated hybrid functional
 Range separation parameter:             0.300000000
 Short range exact exchange:             0.263800000
 Total long range exact exchange:        1.000000000

 Method for Coulomb:                     incore_df
 Method for exact exchange:              pre_transformed_df
 Integral threshold:                     1.00e-12
 DF basis set:                           def2-tzvp-jkfit(spdfghi)
 Number of DF basis functions:         530
 Schwarz screening threshold:            1.00e-10
 Coulomb fitting method:                 Cholesky

 ------------------
  UW12 Correlation 
 ------------------
 Factor for UW12 correlation:            1.000000000
 Same spin scale factor:                 0.000000000
 Calculate indirect contribution:        false
 Method for three electron term:         df_ri
 Auxiliary RI basis set:                 Def2-TZVP-RI
 Number of RI basis functions:         341
 Gaussians in geminal expansion:         4
 UW12 screening threshold:               1.00e-14
 Method for density-fitting:             w(r)
 Number of core spatial orbitals:       14

 Total number of grid points:        16100
 Method for AO orthogonalization:        symmetric
 Threshold for linear dependence:        1.00e-08
 D3BJ dispersion energy:                -0.003684519

 -------------------------------------
  Running restricted closed-shell SCF 
 -------------------------------------
 Max number of iterations:             128
 Conv. threshold (gradient):             1.00e-05
 Conv. threshold (energy):               1.00e-06
 Interpolation scheme:                   adiis+cdiis
 Initial guess:                          H0

 ---------------------------------------------------------------
                  energy        change          grad        time
 ---------------------------------------------------------------
   0     -4094.488614649                    5.31e+01        6.11
   1     -4019.060484196      7.54e+01      2.56e+01        0.48
   2     -3876.560789190      1.42e+02      2.98e+01        0.46
   3     -4196.870086305     -3.20e+02      8.72e+00        0.46
   4     -4193.588168253      3.28e+00      1.09e+01        0.47
   5     -4214.396800325     -2.08e+01      1.89e+00        0.46
   6     -4213.543607084      8.53e-01      4.89e+00        0.45
   7     -4214.855232121     -1.31e+00      4.95e-01        0.45
   8     -4214.861398238     -6.17e-03      5.07e-01        0.45
   9     -4214.874251899     -1.29e-02      4.16e-01        0.45
  10     -4214.880160783     -5.91e-03      2.51e-01        0.44
  11     -4214.884304598     -4.14e-03      6.74e-02        0.44
  12     -4214.883996337      3.08e-04      9.93e-02        0.45
  13     -4214.884679278     -6.83e-04      4.04e-03        0.44
  14     -4214.884682513     -3.24e-06      1.48e-03        0.46
  15     -4214.884683070     -5.57e-07      4.60e-04        0.47
  16     -4214.884683166     -9.59e-08      1.23e-04        0.47
  17     -4214.884683172     -5.80e-09      2.35e-05        0.46
  18     -4214.884683169      2.54e-09      6.19e-06        0.47

 SCF converged in 18 iterations.

 Dipole moment (in Debye):               0.000000       0.000000      -5.071758

 Quadrupole moment (in Debye-Angstrom):
                  1            2            3
 1       -32.004494    -0.000000    -0.000000
 2        -0.000000   -32.004494    -0.000000
 3        -0.000000    -0.000000   -24.992721

 Spin-squared expectation <S^2>:         0.000
 Total spin quantum number S:            0.000
 TOTAL ENERGY:                       -4214.884683172

 --------------------------------------------------------------------------------

 End time:                               Wed Jun  2 14:18:57 2021
 Total wall-clock time:                 18.059 seconds
==================================================================================
