
================================================================================
          _____________ ________ _______________ ________     _________         
         / ___________// ______ \\_____   _____// ______ \   / ________)        
        / /_________  / /      \ \     | |     / /      \ \ | (_______          
       |  __________|| |        | |    | |    | |        | | \________ \        
        \ \_________ | |        | |    | |     \ \______/ /___________) |       
         \__________||_|        |_|    |_|      \________//____________/        
                                                                                
====================================[ Qcore ]===================================

 Git hash:   15a3e7daff0cda5fa9af010ccd19a80288182ecf
 Git date:   Fri, 16 Apr 2021 15:57:16 +0100
 Compiler:   GNU 9.1.0
 Build type: Release
 Version:    1.1.0

 Start time: Wed Jun  2 12:17:58 2021

 Data directory: /work/zw18965/.local/qcore/share/entos/1.1.0/data
 Number of threads: 24
 Number of threads was determined by: command line argument
  - More threads can be used by running 'qcore -n 32'

 --------------------------------------------------------------------------------
                                   command: dft                                  
 --------------------------------------------------------------------------------
 AO basis set:                           aug-cc-pvtz
 Number of AO basis functions:         116

 Formula:                                HZn
 Nuclear charge:                        31.000000000
 Total charge:                           0.000000000
 Number of electrons:                   31.000000000

 Number of alpha electrons:             16
 Number of beta electrons:              15
 Number of unpaired electrons:           1
 Spin:                                   1
 Multiplicity:                           doublet

 Theory:                                 dft
 Exchange-correlation functional:        wb97x

 Using range separated hybrid functional
 Range separation parameter:             0.300000000
 Short range exact exchange:             0.263800000
 Total long range exact exchange:        1.000000000

 Method for Coulomb:                     incore_df
 Method for exact exchange:              pre_transformed_df
 Integral threshold:                     1.00e-12
 DF basis set:                           def2-tzvp-jkfit(spdfghi)
 Number of DF basis functions:         282
 Schwarz screening threshold:            1.00e-10
 Coulomb fitting method:                 Cholesky

 ------------------
  UW12 Correlation 
 ------------------
 Factor for UW12 correlation:            1.000000000
 Same spin scale factor:                 0.000000000
 Calculate indirect contribution:        false
 Method for three electron term:         df_ri
 Auxiliary RI basis set:                 Def2-TZVP-RI
 Number of RI basis functions:         200
 Gaussians in geminal expansion:         4
 UW12 screening threshold:               1.00e-12
 Method for density-fitting:             w(r)
 Number of core spatial orbitals:        5

 Total number of grid points:        13826
 Method for AO orthogonalization:        symmetric
 Threshold for linear dependence:        1.00e-08
 D3BJ dispersion energy:                -0.000853695

 -------------------------------------
  Running unrestricted open-shell SCF 
 -------------------------------------
 Max number of iterations:             128
 Conv. threshold (gradient):             1.00e-05
 Conv. threshold (energy):               1.00e-06
 Interpolation scheme:                   adiis+cdiis
 Initial guess:                          H0

 ---------------------------------------------------------------
                  energy        change          grad        time
 ---------------------------------------------------------------
   0     -1642.246642481                    1.21e+01        2.90
   1     -1591.867578866      5.04e+01      9.85e+00        0.22
   2     -1726.669171619     -1.35e+02      1.19e+01        0.21
   3     -1773.353812186     -4.67e+01      4.93e+00        0.19
   4     -1772.241359635      1.11e+00      4.61e+00        0.18
   5     -1779.992342390     -7.75e+00      2.11e-01        0.18
   6     -1779.985777797      6.56e-03      3.46e-01        0.18
   7     -1780.010280444     -2.45e-02      5.17e-02        0.18
   8     -1780.010655995     -3.76e-04      6.21e-02        0.18
   9     -1780.011578973     -9.23e-04      6.98e-03        0.18
  10     -1780.011661675     -8.27e-05      2.71e-03        0.17
  11     -1780.011674590     -1.29e-05      9.11e-04        0.18
  12     -1780.011675741     -1.15e-06      2.74e-04        0.18
  13     -1780.011675777     -3.63e-08      7.46e-05        0.18
  14     -1780.011675780     -2.68e-09      1.25e-05        0.17
  15     -1780.011675781     -7.52e-10      2.15e-06        0.19

 SCF converged in 15 iterations.

 Dipole moment (in Debye):               0.000000       0.000000      -0.604201

 Quadrupole moment (in Debye-Angstrom):
                  1            2            3
 1       -15.142473     0.000000    -0.000000
 2         0.000000   -15.142473    -0.000000
 3        -0.000000    -0.000000   -19.839793

 Spin-squared expectation <S^2>:         0.757
 Total spin quantum number S:            0.504
 TOTAL ENERGY:                       -1780.011675781

 --------------------------------------------------------------------------------

 End time:                               Wed Jun  2 12:18:06 2021
 Total wall-clock time:                  7.698 seconds
==================================================================================
