
================================================================================
          _____________ ________ _______________ ________     _________         
         / ___________// ______ \\_____   _____// ______ \   / ________)        
        / /_________  / /      \ \     | |     / /      \ \ | (_______          
       |  __________|| |        | |    | |    | |        | | \________ \        
        \ \_________ | |        | |    | |     \ \______/ /___________) |       
         \__________||_|        |_|    |_|      \________//____________/        
                                                                                
====================================[ Qcore ]===================================

 Git hash:   15a3e7daff0cda5fa9af010ccd19a80288182ecf
 Git date:   Fri, 16 Apr 2021 15:57:16 +0100
 Compiler:   GNU 9.1.0
 Build type: Release
 Version:    1.1.0

 Start time: Wed Jun  2 12:18:06 2021

 Data directory: /work/zw18965/.local/qcore/share/entos/1.1.0/data
 Number of threads: 24
 Number of threads was determined by: command line argument
  - More threads can be used by running 'qcore -n 32'

 --------------------------------------------------------------------------------
                                   command: dft                                  
 --------------------------------------------------------------------------------
 AO basis set:                           aug-cc-pvtz
 Number of AO basis functions:         139

 Formula:                                FZn
 Nuclear charge:                        39.000000000
 Total charge:                           0.000000000
 Number of electrons:                   39.000000000

 Number of alpha electrons:             20
 Number of beta electrons:              19
 Number of unpaired electrons:           1
 Spin:                                   1
 Multiplicity:                           doublet

 Theory:                                 dft
 Exchange-correlation functional:        wb97x

 Using range separated hybrid functional
 Range separation parameter:             0.300000000
 Short range exact exchange:             0.263800000
 Total long range exact exchange:        1.000000000

 Method for Coulomb:                     incore_df
 Method for exact exchange:              pre_transformed_df
 Integral threshold:                     1.00e-12
 DF basis set:                           def2-tzvp-jkfit(spdfghi)
 Number of DF basis functions:         341
 Schwarz screening threshold:            1.00e-10
 Coulomb fitting method:                 Cholesky

 ------------------
  UW12 Correlation 
 ------------------
 Factor for UW12 correlation:            1.000000000
 Same spin scale factor:                 0.000000000
 Calculate indirect contribution:        false
 Method for three electron term:         df_ri
 Auxiliary RI basis set:                 Def2-TZVP-RI
 Number of RI basis functions:         261
 Gaussians in geminal expansion:         4
 UW12 screening threshold:               1.00e-12
 Method for density-fitting:             w(r)
 Number of core spatial orbitals:        6

 Total number of grid points:        14748
 Method for AO orthogonalization:        symmetric
 Threshold for linear dependence:        1.00e-08
 D3BJ dispersion energy:                -0.000971786

 -------------------------------------
  Running unrestricted open-shell SCF 
 -------------------------------------
 Max number of iterations:             128
 Conv. threshold (gradient):             1.00e-05
 Conv. threshold (energy):               1.00e-06
 Interpolation scheme:                   adiis+cdiis
 Initial guess:                          H0

 ---------------------------------------------------------------
                  energy        change          grad        time
 ---------------------------------------------------------------
   0     -1592.806060234                    2.06e+01        4.47
   1     -1621.626173528     -2.88e+01      1.07e+01        0.38
   2     -1754.500224146     -1.33e+02      2.05e+01        0.37
   3     -1871.362333680     -1.17e+02      5.51e+00        0.35
   4     -1872.344785361     -9.82e-01      4.54e+00        0.34
   5     -1878.718949110     -6.37e+00      1.85e+00        0.34
   6     -1878.217782023      5.01e-01      2.00e+00        0.34
   7     -1879.299980261     -1.08e+00      2.80e-01        0.34
   8     -1879.275537432      2.44e-02      4.45e-01        0.34
   9     -1879.320949149     -4.54e-02      5.67e-02        0.33
  10     -1879.320595987      3.53e-04      6.12e-02        0.34
  11     -1879.321735785     -1.14e-03      5.70e-03        0.34
  12     -1879.321751473     -1.57e-05      1.34e-03        0.33
  13     -1879.321753017     -1.54e-06      3.79e-04        0.33
  14     -1879.321753153     -1.35e-07      1.32e-04        0.34
  15     -1879.321753169     -1.59e-08      4.13e-05        0.33
  16     -1879.321753168      1.00e-10      6.20e-06        0.33

 SCF converged in 16 iterations.

 Dipole moment (in Debye):              -0.000000      -0.000000      -3.151791

 Quadrupole moment (in Debye-Angstrom):
                  1            2            3
 1       -18.012679     0.000000     0.000000
 2         0.000000   -18.012679     0.000000
 3         0.000000     0.000000   -24.380205

 Spin-squared expectation <S^2>:         0.752
 Total spin quantum number S:            0.501
 TOTAL ENERGY:                       -1879.321753169

 --------------------------------------------------------------------------------

 End time:                               Wed Jun  2 12:18:19 2021
 Total wall-clock time:                 12.951 seconds
==================================================================================
