
================================================================================
          _____________ ________ _______________ ________     _________         
         / ___________// ______ \\_____   _____// ______ \   / ________)        
        / /_________  / /      \ \     | |     / /      \ \ | (_______          
       |  __________|| |        | |    | |    | |        | | \________ \        
        \ \_________ | |        | |    | |     \ \______/ /___________) |       
         \__________||_|        |_|    |_|      \________//____________/        
                                                                                
====================================[ Qcore ]===================================

 Git hash:   15a3e7daff0cda5fa9af010ccd19a80288182ecf
 Git date:   Fri, 16 Apr 2021 15:57:16 +0100
 Compiler:   GNU 9.1.0
 Build type: Release
 Version:    1.1.0

 Start time: Wed Jun  2 12:18:19 2021

 Data directory: /work/zw18965/.local/qcore/share/entos/1.1.0/data
 Number of threads: 24
 Number of threads was determined by: command line argument
  - More threads can be used by running 'qcore -n 32'

 --------------------------------------------------------------------------------
                                   command: dft                                  
 --------------------------------------------------------------------------------
 AO basis set:                           aug-cc-pvtz
 Number of AO basis functions:         143

 Formula:                                ClZn
 Nuclear charge:                        47.000000000
 Total charge:                           0.000000000
 Number of electrons:                   47.000000000

 Number of alpha electrons:             24
 Number of beta electrons:              23
 Number of unpaired electrons:           1
 Spin:                                   1
 Multiplicity:                           doublet

 Theory:                                 dft
 Exchange-correlation functional:        wb97x

 Using range separated hybrid functional
 Range separation parameter:             0.300000000
 Short range exact exchange:             0.263800000
 Total long range exact exchange:        1.000000000

 Method for Coulomb:                     incore_df
 Method for exact exchange:              pre_transformed_df
 Integral threshold:                     1.00e-12
 DF basis set:                           def2-tzvp-jkfit(spdfghi)
 Number of DF basis functions:         392
 Schwarz screening threshold:            1.00e-10
 Coulomb fitting method:                 Cholesky

 ------------------
  UW12 Correlation 
 ------------------
 Factor for UW12 correlation:            1.000000000
 Same spin scale factor:                 0.000000000
 Calculate indirect contribution:        false
 Method for three electron term:         df_ri
 Auxiliary RI basis set:                 Def2-TZVP-RI
 Number of RI basis functions:         298
 Gaussians in geminal expansion:         4
 UW12 screening threshold:               1.00e-12
 Method for density-fitting:             w(r)
 Number of core spatial orbitals:       10

 Total number of grid points:        15430
 Method for AO orthogonalization:        symmetric
 Threshold for linear dependence:        1.00e-08
 D3BJ dispersion energy:                -0.003261317

 -------------------------------------
  Running unrestricted open-shell SCF 
 -------------------------------------
 Max number of iterations:             128
 Conv. threshold (gradient):             1.00e-05
 Conv. threshold (energy):               1.00e-06
 Interpolation scheme:                   adiis+cdiis
 Initial guess:                          H0

 ---------------------------------------------------------------
                  energy        change          grad        time
 ---------------------------------------------------------------
   0     -1958.517215974                    2.17e+01        4.53
   1     -1992.736508943     -3.42e+01      1.08e+01        0.47
   2     -1867.769771524      1.25e+02      2.37e+01        0.47
   3     -2217.360105772     -3.50e+02      8.66e+00        0.48
   4     -2178.973269167      3.84e+01      7.39e+00        0.49
   5     -2239.054939549     -6.01e+01      1.02e+00        0.48
   6     -2239.087637236     -3.27e-02      9.91e-01        0.48
   7     -2239.658942360     -5.71e-01      4.18e-01        0.47
   8     -2239.574051777      8.49e-02      6.79e-01        0.47
   9     -2239.700664787     -1.27e-01      1.29e-01        0.48
  10     -2239.698283703      2.38e-03      1.54e-01        0.47
  11     -2239.705377195     -7.09e-03      1.50e-02        0.48
  12     -2239.705348652      2.85e-05      1.91e-02        0.48
  13     -2239.705461049     -1.12e-04      1.05e-03        0.47
  14     -2239.705462157     -1.11e-06      3.11e-04        0.47
  15     -2239.705462275     -1.19e-07      1.48e-04        0.47
  16     -2239.705462299     -2.41e-08      4.91e-05        0.47
  17     -2239.705462302     -2.91e-09      1.23e-05        0.46
  18     -2239.705462302     -4.55e-13      3.53e-06        0.46

 SCF converged in 18 iterations.

 Dipole moment (in Debye):               0.000000       0.000000      -2.951617

 Quadrupole moment (in Debye-Angstrom):
                  1            2            3
 1       -26.667219    -0.000000     0.000000
 2        -0.000000   -26.667219     0.000000
 3         0.000000     0.000000   -30.038113

 Spin-squared expectation <S^2>:         0.753
 Total spin quantum number S:            0.501
 TOTAL ENERGY:                       -2239.705462301

 --------------------------------------------------------------------------------

 End time:                               Wed Jun  2 12:18:35 2021
 Total wall-clock time:                 15.890 seconds
==================================================================================
