
================================================================================
          _____________ ________ _______________ ________     _________         
         / ___________// ______ \\_____   _____// ______ \   / ________)        
        / /_________  / /      \ \     | |     / /      \ \ | (_______          
       |  __________|| |        | |    | |    | |        | | \________ \        
        \ \_________ | |        | |    | |     \ \______/ /___________) |       
         \__________||_|        |_|    |_|      \________//____________/        
                                                                                
====================================[ Qcore ]===================================

 Git hash:   15a3e7daff0cda5fa9af010ccd19a80288182ecf
 Git date:   Fri, 16 Apr 2021 15:57:16 +0100
 Compiler:   GNU 9.1.0
 Build type: Release
 Version:    1.1.0

 Start time: Wed Jun  2 12:18:35 2021

 Data directory: /work/zw18965/.local/qcore/share/entos/1.1.0/data
 Number of threads: 24
 Number of threads was determined by: command line argument
  - More threads can be used by running 'qcore -n 32'

 --------------------------------------------------------------------------------
                                   command: dft                                  
 --------------------------------------------------------------------------------
 AO basis set:                           aug-cc-pvtz
 Number of AO basis functions:         152

 Formula:                                ZnBr
 Nuclear charge:                        65.000000000
 Total charge:                           0.000000000
 Number of electrons:                   65.000000000

 Number of alpha electrons:             33
 Number of beta electrons:              32
 Number of unpaired electrons:           1
 Spin:                                   1
 Multiplicity:                           doublet

 Theory:                                 dft
 Exchange-correlation functional:        wb97x

 Using range separated hybrid functional
 Range separation parameter:             0.300000000
 Short range exact exchange:             0.263800000
 Total long range exact exchange:        1.000000000

 Method for Coulomb:                     incore_df
 Method for exact exchange:              pre_transformed_df
 Integral threshold:                     1.00e-12
 DF basis set:                           def2-tzvp-jkfit(spdfghi)
 Number of DF basis functions:         530
 Schwarz screening threshold:            1.00e-10
 Coulomb fitting method:                 Cholesky

 ------------------
  UW12 Correlation 
 ------------------
 Factor for UW12 correlation:            1.000000000
 Same spin scale factor:                 0.000000000
 Calculate indirect contribution:        false
 Method for three electron term:         df_ri
 Auxiliary RI basis set:                 Def2-TZVP-RI
 Number of RI basis functions:         344
 Gaussians in geminal expansion:         4
 UW12 screening threshold:               1.00e-12
 Method for density-fitting:             w(r)
 Number of core spatial orbitals:       14

 Total number of grid points:        16100
 Method for AO orthogonalization:        symmetric
 Threshold for linear dependence:        1.00e-08
 D3BJ dispersion energy:                -0.003924399

 -------------------------------------
  Running unrestricted open-shell SCF 
 -------------------------------------
 Max number of iterations:             128
 Conv. threshold (gradient):             1.00e-05
 Conv. threshold (energy):               1.00e-06
 Interpolation scheme:                   adiis+cdiis
 Initial guess:                          H0

 ---------------------------------------------------------------
                  energy        change          grad        time
 ---------------------------------------------------------------
   0     -4127.602683047                    2.84e+01        7.01
   1     -4128.859285323     -1.26e+00      1.07e+01        0.94
   2     -3573.999437673      5.55e+02      1.87e+01        0.94
   3     -4314.649818557     -7.41e+02      9.33e+00        0.92
   4     -4311.856377736      2.79e+00      7.75e+00        0.93
   5     -4352.499751204     -4.06e+01      1.62e+00        0.94
   6     -4351.840529745      6.59e-01      3.03e+00        0.93
   7     -4353.724894129     -1.88e+00      2.00e-01        0.94
   8     -4353.725651062     -7.57e-04      2.03e-01        0.91
   9     -4353.736704617     -1.11e-02      7.54e-02        0.92
  10     -4353.737257832     -5.53e-04      8.28e-02        0.92
  11     -4353.739399829     -2.14e-03      7.38e-03        0.94
  12     -4353.739484662     -8.48e-05      3.82e-03        0.94
  13     -4353.739498455     -1.38e-05      1.15e-03        0.93
  14     -4353.739500492     -2.04e-06      4.39e-04        0.95
  15     -4353.739500599     -1.06e-07      1.17e-04        0.96
  16     -4353.739500630     -3.06e-08      3.40e-05        0.92
  17     -4353.739500629      7.82e-10      7.50e-06        0.93

 SCF converged in 17 iterations.

 Dipole moment (in Debye):              -0.000000       0.000000      -2.801190

 Quadrupole moment (in Debye-Angstrom):
                  1            2            3
 1       -32.742200    -0.000000     0.000000
 2        -0.000000   -32.742200     0.000000
 3         0.000000     0.000000   -32.903545

 Spin-squared expectation <S^2>:         0.754
 Total spin quantum number S:            0.502
 TOTAL ENERGY:                       -4353.739500629

 --------------------------------------------------------------------------------

 End time:                               Wed Jun  2 12:19:02 2021
 Total wall-clock time:                 27.331 seconds
==================================================================================
