
================================================================================
          _____________ ________ _______________ ________     _________         
         / ___________// ______ \\_____   _____// ______ \   / ________)        
        / /_________  / /      \ \     | |     / /      \ \ | (_______          
       |  __________|| |        | |    | |    | |        | | \________ \        
        \ \_________ | |        | |    | |     \ \______/ /___________) |       
         \__________||_|        |_|    |_|      \________//____________/        
                                                                                
====================================[ Qcore ]===================================

 Git hash:   15a3e7daff0cda5fa9af010ccd19a80288182ecf
 Git date:   Fri, 16 Apr 2021 15:57:16 +0100
 Compiler:   GNU 9.1.0
 Build type: Release
 Version:    1.1.0

 Start time: Wed Jun  2 12:19:02 2021

 Data directory: /work/zw18965/.local/qcore/share/entos/1.1.0/data
 Number of threads: 24
 Number of threads was determined by: command line argument
  - More threads can be used by running 'qcore -n 32'

 --------------------------------------------------------------------------------
                                   command: dft                                  
 --------------------------------------------------------------------------------
 AO basis set:                           aug-cc-pvtz
 Number of AO basis functions:         139

 Formula:                                OZn
 Nuclear charge:                        38.000000000
 Total charge:                           0.000000000
 Number of electrons:                   38.000000000

 Number of alpha electrons:             19
 Number of beta electrons:              19
 Number of unpaired electrons:           0
 Spin:                                   0
 Multiplicity:                           singlet

 Theory:                                 dft
 Exchange-correlation functional:        wb97x

 Using range separated hybrid functional
 Range separation parameter:             0.300000000
 Short range exact exchange:             0.263800000
 Total long range exact exchange:        1.000000000

 Method for Coulomb:                     incore_df
 Method for exact exchange:              pre_transformed_df
 Integral threshold:                     1.00e-12
 DF basis set:                           def2-tzvp-jkfit(spdfghi)
 Number of DF basis functions:         341
 Schwarz screening threshold:            1.00e-10
 Coulomb fitting method:                 Cholesky

 ------------------
  UW12 Correlation 
 ------------------
 Factor for UW12 correlation:            1.000000000
 Same spin scale factor:                 0.000000000
 Calculate indirect contribution:        false
 Method for three electron term:         df_ri
 Auxiliary RI basis set:                 Def2-TZVP-RI
 Number of RI basis functions:         261
 Gaussians in geminal expansion:         4
 UW12 screening threshold:               1.00e-12
 Method for density-fitting:             w(r)
 Number of core spatial orbitals:        6

 Total number of grid points:        14880
 Method for AO orthogonalization:        symmetric
 Threshold for linear dependence:        1.00e-08
 D3BJ dispersion energy:                -0.001411545

 -------------------------------------
  Running restricted closed-shell SCF 
 -------------------------------------
 Max number of iterations:             128
 Conv. threshold (gradient):             1.00e-05
 Conv. threshold (energy):               1.00e-06
 Interpolation scheme:                   adiis+cdiis
 Initial guess:                          H0

 ---------------------------------------------------------------
                  energy        change          grad        time
 ---------------------------------------------------------------
   0     -1599.951213867                    4.15e+01        4.25
   1     -1621.562427639     -2.16e+01      2.23e+01        0.19
   2     -1749.942107159     -1.28e+02      4.18e+01        0.18
   3     -1847.908962127     -9.80e+01      1.07e+01        0.16
   4     -1849.068339067     -1.16e+00      9.14e+00        0.15
   5     -1853.328000311     -4.26e+00      5.58e+00        0.16
   6     -1853.274307402      5.37e-02      3.80e+00        0.17
   7     -1854.429726207     -1.16e+00      1.48e+00        0.16
   8     -1853.628509249      8.01e-01      2.97e+00        0.16
   9     -1854.528065217     -9.00e-01      8.27e-01        0.16
  10     -1854.583155840     -5.51e-02      2.90e-01        0.16
  11     -1854.584950221     -1.79e-03      2.85e-01        0.16
  12     -1854.591420259     -6.47e-03      4.20e-02        0.16
  13     -1854.591026065      3.94e-04      9.17e-02        0.16
  14     -1854.591591788     -5.66e-04      3.23e-03        0.16
  15     -1854.591593141     -1.35e-06      3.77e-04        0.15
  16     -1854.591593239     -9.80e-08      2.15e-04        0.16
  17     -1854.591593262     -2.29e-08      8.84e-05        0.16
  18     -1854.591593265     -2.69e-09      8.52e-06        0.16

 SCF converged in 18 iterations.

 Dipole moment (in Debye):               0.000000       0.000000      -6.027151

 Quadrupole moment (in Debye-Angstrom):
                  1            2            3
 1       -19.171613    -0.000000    -0.000000
 2        -0.000000   -19.171613    -0.000000
 3        -0.000000    -0.000000   -21.360397

 Spin-squared expectation <S^2>:         0.000
 Total spin quantum number S:            0.000
 TOTAL ENERGY:                       -1854.591593264

 --------------------------------------------------------------------------------

 End time:                               Wed Jun  2 12:19:12 2021
 Total wall-clock time:                  9.870 seconds
==================================================================================
