
================================================================================
          _____________ ________ _______________ ________     _________         
         / ___________// ______ \\_____   _____// ______ \   / ________)        
        / /_________  / /      \ \     | |     / /      \ \ | (_______          
       |  __________|| |        | |    | |    | |        | | \________ \        
        \ \_________ | |        | |    | |     \ \______/ /___________) |       
         \__________||_|        |_|    |_|      \________//____________/        
                                                                                
====================================[ Qcore ]===================================

 Git hash:   15a3e7daff0cda5fa9af010ccd19a80288182ecf
 Git date:   Fri, 16 Apr 2021 15:57:16 +0100
 Compiler:   GNU 9.1.0
 Build type: Release
 Version:    1.1.0

 Start time: Wed Jun  2 14:30:45 2021

 Data directory: /work/zw18965/.local/qcore/share/entos/1.1.0/data
 Number of threads: 24
 Number of threads was determined by: number of physical cores

 --------------------------------------------------------------------------------
                                   command: dft                                  
 --------------------------------------------------------------------------------
 AO basis set:                           aug-cc-pvtz
 Number of AO basis functions:          93

 Formula:                                Fe
 Nuclear charge:                        26.000000000
 Total charge:                           0.000000000
 Number of electrons:                   26.000000000

 Number of alpha electrons:             15
 Number of beta electrons:              11
 Number of unpaired electrons:           4
 Spin:                                   4
 Multiplicity:                           quintet

 Theory:                                 dft
 Exchange-correlation functional:        wb97x

 Using range separated hybrid functional
 Range separation parameter:             0.300000000
 Short range exact exchange:             0.157706000
 Total long range exact exchange:        1.000000000

 Method for Coulomb:                     incore_df
 Method for exact exchange:              pre_transformed_df
 Integral threshold:                     1.00e-12
 DF basis set:                           def2-tzvp-jkfit(spdfghi)
 Number of DF basis functions:         264
 Schwarz screening threshold:            1.00e-10
 Coulomb fitting method:                 Cholesky
 Total number of grid points:         7936
 Method for AO orthogonalization:        symmetric
 Threshold for linear dependence:        1.00e-08

 -------------------------------------
  Running unrestricted open-shell SCF 
 -------------------------------------
 Max number of iterations:             128
 Conv. threshold (gradient):             1.00e-05
 Conv. threshold (energy):               1.00e-06
 Interpolation scheme:                   adiis+cdiis
 Initial guess:                          SAD

 ---------------------------------------------------------------
                  energy        change          grad        time
 ---------------------------------------------------------------
   0     -1263.112686760                    7.24e-02        0.01
   1     -1263.599707869     -4.87e-01      4.04e-01        0.01
   2     -1263.481954021      1.18e-01      6.74e-01        0.01
   3     -1263.656706432     -1.75e-01      1.07e-01        0.01
   4     -1263.649008789      7.70e-03      2.11e-01        0.01
   5     -1263.662462755     -1.35e-02      3.95e-02        0.01
   6     -1263.661983607      4.79e-04      4.75e-02        0.02
   7     -1263.662955149     -9.72e-04      1.06e-03        0.01
   8     -1263.662957461     -2.31e-06      2.64e-04        0.01
   9     -1263.662957606     -1.45e-07      1.24e-04        0.01
  10     -1263.662957626     -2.07e-08      9.46e-05        0.01
  11     -1263.662957635     -8.49e-09      9.50e-05        0.01
  12     -1263.662957581      5.42e-08      8.23e-05        0.01
  13     -1263.662957495      8.59e-08      5.36e-05        0.01
  14     -1263.662957494      3.29e-10      2.43e-05        0.01
  15     -1263.662957495     -3.39e-10      1.54e-05        0.01
  16     -1263.662957495     -1.54e-10      2.07e-05        0.01
  17     -1263.662957495     -9.28e-11      8.30e-06        0.01

 SCF converged in 17 iterations.

 Dipole moment (in Debye):              -0.000000      -0.000000      -0.000000

 Quadrupole moment (in Debye-Angstrom):
                  1            2            3
 1       -15.714187    -0.287916    -0.287803
 2        -0.287916   -15.714422    -0.287920
 3        -0.287803    -0.287920   -15.714196

 Spin-squared expectation <S^2>:         6.010
 Total spin quantum number S:            2.002
 TOTAL ENERGY:                       -1263.662957495
 Saving results in set 'guess'

 --------------------------------------------------------------------------------
                                   command: dft                                  
 --------------------------------------------------------------------------------
 AO basis set:                           aug-cc-pvtz
 Number of AO basis functions:          93

 Formula:                                Fe
 Nuclear charge:                        26.000000000
 Total charge:                           0.000000000
 Number of electrons:                   26.000000000

 Number of alpha electrons:             15
 Number of beta electrons:              11
 Number of unpaired electrons:           4
 Spin:                                   4
 Multiplicity:                           quintet

 Theory:                                 dft
 Exchange-correlation functional:        wb97x

 Using range separated hybrid functional
 Range separation parameter:             0.300000000
 Short range exact exchange:             0.263800000
 Total long range exact exchange:        1.000000000

 Method for Coulomb:                     incore_df
 Method for exact exchange:              pre_transformed_df
 Integral threshold:                     1.00e-12
 DF basis set:                           def2-tzvp-jkfit(spdfghi)
 Number of DF basis functions:         264
 Schwarz screening threshold:            1.00e-10
 Coulomb fitting method:                 Cholesky

 ------------------
  UW12 Correlation 
 ------------------
 Factor for UW12 correlation:            1.000000000
 Same spin scale factor:                 0.000000000
 Calculate indirect contribution:        false
 Method for three electron term:         df_ri
 Auxiliary RI basis set:                 Def2-TZVP-RI
 Number of RI basis functions:         182
 Gaussians in geminal expansion:         4
 UW12 screening threshold:               1.00e-14
 Method for density-fitting:             w(r)
 Number of core spatial orbitals:        5

 Total number of grid points:         7936
 Method for AO orthogonalization:        symmetric
 Threshold for linear dependence:        1.00e-08
 D3BJ dispersion energy:                 0.000000000

 -------------------------------------
  Running unrestricted open-shell SCF 
 -------------------------------------
 Max number of iterations:             128
 Conv. threshold (gradient):             1.00e-05
 Conv. threshold (energy):               1.00e-06
 Interpolation scheme:                   adiis+cdiis

 ---------------------------------------------------------------
                  energy        change          grad        time
 ---------------------------------------------------------------
   0     -1263.672205883                    3.36e-02        2.22
   1     -1263.672312511     -1.07e-04      2.22e-02        0.13
   2     -1263.672062172      2.50e-04      3.46e-02        0.13
   3     -1263.672478943     -4.17e-04      1.32e-03        0.13
   4     -1263.672480513     -1.57e-06      3.57e-04        0.12
   5     -1263.672480611     -9.79e-08      1.58e-04        0.12
   6     -1263.672480656     -4.57e-08      1.58e-04        0.12
   7     -1263.672480626      2.98e-08      1.54e-04        0.12
   8     -1263.672480383      2.43e-07      3.79e-05        0.11
   9     -1263.672480380      3.35e-09      1.92e-05        0.11
  10     -1263.672480381     -9.72e-10      2.17e-05        0.11
  11     -1263.672480379      1.83e-09      1.45e-05        0.11
  12     -1263.672480378      1.05e-09      1.33e-06        0.12

 SCF converged in 12 iterations.

 Dipole moment (in Debye):              -0.000000      -0.000000      -0.000000

 Quadrupole moment (in Debye-Angstrom):
                  1            2            3
 1       -15.729804    -0.291094    -0.291114
 2        -0.291094   -15.729762    -0.291093
 3        -0.291114    -0.291093   -15.729802

 Spin-squared expectation <S^2>:         6.009
 Total spin quantum number S:            2.002
 TOTAL ENERGY:                       -1263.672480378

 --------------------------------------------------------------------------------

 End time:                               Wed Jun  2 14:30:53 2021
 Total wall-clock time:                  8.130 seconds
==================================================================================
