
================================================================================
          _____________ ________ _______________ ________     _________         
         / ___________// ______ \\_____   _____// ______ \   / ________)        
        / /_________  / /      \ \     | |     / /      \ \ | (_______          
       |  __________|| |        | |    | |    | |        | | \________ \        
        \ \_________ | |        | |    | |     \ \______/ /___________) |       
         \__________||_|        |_|    |_|      \________//____________/        
                                                                                
====================================[ Qcore ]===================================

 Git hash:   15a3e7daff0cda5fa9af010ccd19a80288182ecf
 Git date:   Fri, 16 Apr 2021 15:57:16 +0100
 Compiler:   GNU 9.1.0
 Build type: Release
 Version:    1.1.0

 Start time: Wed Jun  2 14:39:17 2021

 Data directory: /work/zw18965/.local/qcore/share/entos/1.1.0/data
 Number of threads: 24
 Number of threads was determined by: number of physical cores

 --------------------------------------------------------------------------------
                                   command: dft                                  
 --------------------------------------------------------------------------------
 AO basis set:                           aug-cc-pvtz
 Number of AO basis functions:          93

 Formula:                                Co
 Nuclear charge:                        27.000000000
 Total charge:                           0.000000000
 Number of electrons:                   27.000000000

 Number of alpha electrons:             15
 Number of beta electrons:              12
 Number of unpaired electrons:           3
 Spin:                                   3
 Multiplicity:                           quartet

 Theory:                                 dft
 Exchange-correlation functional:        blyp
 Method for Coulomb:                     incore_df
 Integral threshold:                     1.00e-12
 DF basis set:                           def2-tzvp-jkfit(spdfghi)
 Number of DF basis functions:         264
 Schwarz screening threshold:            1.00e-10
 Coulomb fitting method:                 Cholesky
 Total number of grid points:         7936
 Method for AO orthogonalization:        symmetric
 Threshold for linear dependence:        1.00e-08

 -------------------------------------
  Running unrestricted open-shell SCF 
 -------------------------------------
 Max number of iterations:             128
 Conv. threshold (gradient):             1.00e-05
 Conv. threshold (energy):               1.00e-06
 Interpolation scheme:                   adiis+cdiis
 Initial guess:                          SAD

 ---------------------------------------------------------------
                  energy        change          grad        time
 ---------------------------------------------------------------
   0     -1382.768693083                    6.99e-03        0.01
   1     -1382.670465328      9.82e-02      4.92e-01        0.01
   2     -1381.830193098      8.40e-01      1.16e+00        0.01
   3     -1382.701387509     -8.71e-01      4.16e-01        0.01
   4     -1382.825389033     -1.24e-01      1.34e-01        0.01
   5     -1382.717862245      1.08e-01      3.71e-01        0.01
   6     -1382.834590353     -1.17e-01      8.04e-02        0.02
   7     -1382.836858049     -2.27e-03      5.27e-02        0.02
   8     -1382.685201723      1.52e-01      5.59e-01        0.01
   9     -1382.685635000     -4.33e-04      5.69e-01        0.01
  10     -1382.686475240     -8.40e-04      5.68e-01        0.01
  11     -1382.686810657     -3.35e-04      5.70e-01        0.01
  12     -1382.687470320     -6.60e-04      5.51e-01        0.01
  13     -1382.685682899      1.79e-03      5.31e-01        0.01
  14     -1382.687292672     -1.61e-03      5.49e-01        0.01
  15     -1382.684786716      2.51e-03      4.43e-01        0.01
  16     -1382.684562459      2.24e-04      4.48e-01        0.01
  17     -1382.835449460     -1.51e-01      6.88e-02        0.01
  18     -1382.833114434      2.34e-03      8.46e-02        0.01
  19     -1382.837319497     -4.21e-03      4.85e-02        0.01
  20     -1382.686109659      1.51e-01      5.73e-01        0.01
  21     -1382.686274979     -1.65e-04      5.75e-01        0.01
  22     -1382.686542349     -2.67e-04      5.75e-01        0.01
  23     -1382.686287908      2.54e-04      5.75e-01        0.01
  24     -1382.688052665     -1.76e-03      5.71e-01        0.01
  25     -1382.692173699     -4.12e-03      5.69e-01        0.01
  26     -1382.692996444     -8.23e-04      5.68e-01        0.01
  27     -1382.692520594      4.76e-04      5.66e-01        0.01
  28     -1382.697982539     -5.46e-03      5.54e-01        0.01
  29     -1382.835987886     -1.38e-01      6.62e-02        0.01
  30     -1382.833786069      2.20e-03      8.70e-02        0.01
  31     -1382.681399001      1.52e-01      5.07e-01        0.01
  32     -1382.683265751     -1.87e-03      5.37e-01        0.01
  33     -1382.683466110     -2.00e-04      4.78e-01        0.01
  34     -1382.683966776     -5.01e-04      4.72e-01        0.01
  35     -1382.685307422     -1.34e-03      5.23e-01        0.01
  36     -1382.687194038     -1.89e-03      4.73e-01        0.01
  37     -1382.686510086      6.84e-04      5.38e-01        0.01
  38     -1382.686297481      2.13e-04      5.23e-01        0.01
  39     -1382.686892080     -5.95e-04      5.00e-01        0.01
  40     -1382.831735311     -1.45e-01      1.20e-01        0.01
  41     -1382.827256563      4.48e-03      1.29e-01        0.01
  42     -1382.826434780      8.22e-04      1.34e-01        0.01
  43     -1382.694617633      1.32e-01      5.71e-01        0.01
  44     -1382.706255882     -1.16e-02      5.67e-01        0.01
  45     -1382.707398884     -1.14e-03      5.71e-01        0.01
  46     -1382.700654000      6.74e-03      5.73e-01        0.01
  47     -1382.697591707      3.06e-03      5.74e-01        0.01
  48     -1382.698848633     -1.26e-03      5.73e-01        0.01
  49     -1382.697170324      1.68e-03      5.74e-01        0.01
  50     -1382.687097331      1.01e-02      5.84e-01        0.01
  51     -1382.836831643     -1.50e-01      5.94e-02        0.01
  52     -1382.771857336      6.50e-02      4.61e-01        0.01
  53     -1382.814574776     -4.27e-02      2.84e-01        0.01
  54     -1382.793192774      2.14e-02      3.88e-01        0.01
  55     -1382.793352303     -1.60e-04      3.86e-01        0.01
  56     -1382.767833558      2.55e-02      4.73e-01        0.01
  57     -1382.773259270     -5.43e-03      4.59e-01        0.01
  58     -1382.789859055     -1.66e-02      4.01e-01        0.01
  59     -1382.761520945      2.83e-02      4.91e-01        0.01
  60     -1382.763195704     -1.67e-03      4.87e-01        0.01
  61     -1382.746765871      1.64e-02      5.35e-01        0.01
  62     -1382.795667728     -4.89e-02      3.86e-01        0.01
  63     -1382.836871633     -4.12e-02      8.25e-02        0.01
  64     -1382.838606730     -1.74e-03      6.06e-02        0.01
  65     -1382.839121220     -5.14e-04      4.31e-02        0.01
  66     -1382.839567717     -4.46e-04      2.48e-02        0.01
  67     -1382.839724512     -1.57e-04      1.24e-02        0.01
  68     -1382.839767072     -4.26e-05      5.12e-03        0.01
  69     -1382.839774038     -6.97e-06      2.41e-03        0.01
  70     -1382.839775332     -1.29e-06      1.64e-03        0.01
  71     -1382.839776526     -1.19e-06      4.24e-04        0.01
  72     -1382.839776890     -3.65e-07      2.45e-04        0.01
  73     -1382.839776906     -1.59e-08      2.89e-04        0.01
  74     -1382.839776933     -2.64e-08      1.54e-04        0.01
  75     -1382.839776943     -1.06e-08      4.02e-05        0.01
  76     -1382.839776945     -1.76e-09      2.31e-05        0.01
  77     -1382.839776948     -2.58e-09      2.27e-05        0.01
  78     -1382.839776956     -7.87e-09      2.54e-05        0.01
  79     -1382.839776998     -4.26e-08      1.00e-04        0.01
  80     -1382.839777021     -2.28e-08      4.61e-05        0.01
  81     -1382.839777023     -2.07e-09      3.63e-05        0.01
  82     -1382.839777045     -2.20e-08      4.80e-05        0.01
  83     -1382.839777106     -6.13e-08      6.23e-05        0.01
  84     -1382.839777183     -7.70e-08      1.63e-04        0.01
  85     -1382.839777165      1.79e-08      9.24e-05        0.01
  86     -1382.839777190     -2.42e-08      2.06e-04        0.01
  87     -1382.839777192     -1.97e-09      2.03e-04        0.01
  88     -1382.839777202     -1.03e-08      2.42e-04        0.01
  89     -1382.839777214     -1.24e-08      2.00e-04        0.01
  90     -1382.839777233     -1.86e-08      1.59e-04        0.01
  91     -1382.839777211      2.18e-08      9.63e-05        0.01
  92     -1382.839777242     -3.12e-08      1.00e-04        0.01
  93     -1382.839777244     -1.57e-09      1.51e-05        0.01
  94     -1382.839777246     -2.49e-09      2.51e-05        0.01
  95     -1382.839777247     -1.09e-09      7.14e-06        0.01

 SCF converged in 95 iterations.

 Dipole moment (in Debye):               0.000000      -0.000002      -0.000001

 Quadrupole moment (in Debye-Angstrom):
                  1            2            3
 1       -15.592068    -0.549294    -0.549802
 2        -0.549294   -15.594015    -0.550565
 3        -0.549802    -0.550565   -15.594776

 Spin-squared expectation <S^2>:         3.753
 Total spin quantum number S:            1.501
 TOTAL ENERGY:                       -1382.839777248
 Saving results in set 'guess'

 --------------------------------------------------------------------------------
                                   command: dft                                  
 --------------------------------------------------------------------------------
 AO basis set:                           aug-cc-pvtz
 Number of AO basis functions:          93

 Formula:                                Co
 Nuclear charge:                        27.000000000
 Total charge:                           0.000000000
 Number of electrons:                   27.000000000

 Number of alpha electrons:             15
 Number of beta electrons:              12
 Number of unpaired electrons:           3
 Spin:                                   3
 Multiplicity:                           quartet

 Theory:                                 dft
 Exchange-correlation functional:        wb97x

 Using range separated hybrid functional
 Range separation parameter:             0.300000000
 Short range exact exchange:             0.263800000
 Total long range exact exchange:        1.000000000

 Method for Coulomb:                     incore_df
 Method for exact exchange:              pre_transformed_df
 Integral threshold:                     1.00e-12
 DF basis set:                           def2-tzvp-jkfit(spdfghi)
 Number of DF basis functions:         264
 Schwarz screening threshold:            1.00e-10
 Coulomb fitting method:                 Cholesky

 ------------------
  UW12 Correlation 
 ------------------
 Factor for UW12 correlation:            1.000000000
 Same spin scale factor:                 0.000000000
 Calculate indirect contribution:        false
 Method for three electron term:         df_ri
 Auxiliary RI basis set:                 Def2-TZVP-RI
 Number of RI basis functions:         182
 Gaussians in geminal expansion:         4
 UW12 screening threshold:               1.00e-14
 Method for density-fitting:             w(r)
 Number of core spatial orbitals:        5

 Total number of grid points:         7936
 Method for AO orthogonalization:        symmetric
 Threshold for linear dependence:        1.00e-08
 D3BJ dispersion energy:                 0.000000000

 -------------------------------------
  Running unrestricted open-shell SCF 
 -------------------------------------
 Max number of iterations:             128
 Conv. threshold (gradient):             1.00e-05
 Conv. threshold (energy):               1.00e-06
 Interpolation scheme:                   adiis+cdiis
 Initializing maximum overlap method (MOM)

 ---------------------------------------------------------------
                  energy        change          grad        time
 ---------------------------------------------------------------
   0     -1382.763613317                    1.31e-01        2.36
   1     -1382.765549972     -1.94e-03      3.94e-02        0.14
   2     -1382.764049223      1.50e-03      7.97e-02        0.14
   3     -1382.766205275     -2.16e-03      2.54e-03        0.12
   4     -1382.766219383     -1.41e-05      1.89e-03        0.13
   5     -1382.766222941     -3.56e-06      7.49e-04        0.12
   6     -1382.766223984     -1.04e-06      6.67e-04        0.12
   7     -1382.766226314     -2.33e-06      5.30e-04        0.12
   8     -1382.766227912     -1.60e-06      5.71e-04        0.12
   9     -1382.766228177     -2.66e-07      5.67e-04        0.12
  10     -1382.766224403      3.77e-06      5.59e-04        0.12
  11     -1382.766198017      2.64e-05      1.38e-03        0.13
  12     -1382.766202482     -4.46e-06      1.36e-03        0.12
  13     -1382.766203911     -1.43e-06      1.34e-03        0.12
  14     -1382.766207560     -3.65e-06      1.33e-03        0.12
  15     -1382.766163820      4.37e-05      4.54e-03        0.12
  16     -1382.765141176      1.02e-03      4.37e-02        0.12
  17     -1382.765249552     -1.08e-04      4.12e-02        0.12
  18     -1382.765569740     -3.20e-04      3.34e-02        0.12
  19     -1382.765242352      3.27e-04      4.11e-02        0.12
  20     -1382.765695032     -4.53e-04      2.94e-02        0.13
  21     -1382.765579074      1.16e-04      3.32e-02        0.12
  22     -1382.765573417      5.66e-06      3.33e-02        0.12
  23     -1382.765585623     -1.22e-05      3.29e-02        0.12
  24     -1382.766227732     -6.42e-04      2.40e-03        0.12
  25     -1382.765660732      5.67e-04      3.06e-02        0.12
  26     -1382.766236796     -5.76e-04      1.48e-03        0.12
  27     -1382.766254419     -1.76e-05      2.65e-03        0.12
  28     -1382.766114818      1.40e-04      1.25e-02        0.12
  29     -1382.766095823      1.90e-05      1.41e-02        0.11
  30     -1382.766150123     -5.43e-05      9.78e-03        0.12
  31     -1382.766088348      6.18e-05      1.44e-02        0.11
  32     -1382.766118215     -2.99e-05      1.30e-02        0.11
  33     -1382.766106321      1.19e-05      1.29e-02        0.11
  34     -1382.766114617     -8.30e-06      1.25e-02        0.11
  35     -1382.766066069      4.85e-05      1.53e-02        0.11
  36     -1382.766104893     -3.88e-05      1.24e-02        0.11
  37     -1382.766057633      4.73e-05      1.45e-02        0.11
  38     -1382.766177729     -1.20e-04      3.40e-03        0.11
  39     -1382.766156354      2.14e-05      3.93e-03        0.12
  40     -1382.766172804     -1.64e-05      2.23e-03        0.11
  41     -1382.766177926     -5.12e-06      2.11e-03        0.11
  42     -1382.766147227      3.07e-05      2.82e-03        0.12
  43     -1382.765957624      1.90e-04      1.71e-02        0.12
  44     -1382.765659678      2.98e-04      2.84e-02        0.12
  45     -1382.764796305      8.63e-04      4.72e-02        0.12
  46     -1382.765155512     -3.59e-04      4.09e-02        0.12
  47     -1382.765357473     -2.02e-04      3.68e-02        0.12
  48     -1382.765482391     -1.25e-04      3.38e-02        0.12
  49     -1382.765391754      9.06e-05      3.60e-02        0.12
  50     -1382.765746597     -3.55e-04      2.62e-02        0.12
  51     -1382.765789721     -4.31e-05      2.43e-02        0.12
  52     -1382.766140949     -3.51e-04      1.75e-03        0.12
  53     -1382.766130735      1.02e-05      3.92e-04        0.12
  54     -1382.766110088      2.06e-05      2.71e-03        0.12
  55     -1382.766091093      1.90e-05      4.36e-03        0.12
  56     -1382.766106837     -1.57e-05      2.06e-04        0.12
  57     -1382.765995431      1.11e-04      1.27e-02        0.11
  58     -1382.766011832     -1.64e-05      1.16e-02        0.11
  59     -1382.766017023     -5.19e-06      1.12e-02        0.11
  60     -1382.766008142      8.88e-06      1.18e-02        0.11
  61     -1382.766048436     -4.03e-05      8.51e-03        0.11
  62     -1382.766061639     -1.32e-05      7.00e-03        0.11
  63     -1382.766066341     -4.70e-06      6.41e-03        0.11
  64     -1382.766083868     -1.75e-05      3.56e-03        0.12
  65     -1382.766087937     -4.07e-06      2.01e-03        0.11
  66     -1382.766088229     -2.92e-07      1.47e-03        0.11
  67     -1382.766089605     -1.38e-06      3.00e-04        0.11
  68     -1382.766089542      6.28e-08      2.93e-05        0.11
  69     -1382.766089512      2.99e-08      1.97e-05        0.11
  70     -1382.766089499      1.34e-08      1.97e-05        0.12
  71     -1382.766089484      1.52e-08      2.78e-05        0.12
  72     -1382.766089471      1.33e-08      3.37e-05        0.12
  73     -1382.766089466      4.61e-09      1.86e-05        0.12
  74     -1382.766089463      3.36e-09      6.23e-06        0.11

 SCF converged in 74 iterations.

 Dipole moment (in Debye):               0.000001       0.000001       0.000001

 Quadrupole moment (in Debye-Angstrom):
                  1            2            3
 1       -15.118905    -0.001497    -0.000231
 2        -0.001497   -15.118976    -0.004121
 3        -0.000231    -0.004121   -15.118573

 Spin-squared expectation <S^2>:         3.754
 Total spin quantum number S:            1.501
 TOTAL ENERGY:                       -1382.766089462

 --------------------------------------------------------------------------------

 End time:                               Wed Jun  2 14:39:32 2021
 Total wall-clock time:                 15.862 seconds
==================================================================================
