
================================================================================
          _____________ ________ _______________ ________     _________         
         / ___________// ______ \\_____   _____// ______ \   / ________)        
        / /_________  / /      \ \     | |     / /      \ \ | (_______          
       |  __________|| |        | |    | |    | |        | | \________ \        
        \ \_________ | |        | |    | |     \ \______/ /___________) |       
         \__________||_|        |_|    |_|      \________//____________/        
                                                                                
====================================[ Qcore ]===================================

 Git hash:   15a3e7daff0cda5fa9af010ccd19a80288182ecf
 Git date:   Fri, 16 Apr 2021 15:57:16 +0100
 Compiler:   GNU 9.1.0
 Build type: Release
 Version:    1.1.0

 Start time: Wed Jun  2 11:50:39 2021

 Data directory: /work/zw18965/.local/qcore/share/entos/1.1.0/data
 Number of threads: 24
 Number of threads was determined by: command line argument

 --------------------------------------------------------------------------------
                                   command: dft                                  
 --------------------------------------------------------------------------------
 AO basis set:                           aug-cc-pvtz
 Number of AO basis functions:         152

 Formula:                                ScBr
 Nuclear charge:                        56.000000000
 Total charge:                           0.000000000
 Number of electrons:                   56.000000000

 Number of alpha electrons:             28
 Number of beta electrons:              28
 Number of unpaired electrons:           0
 Spin:                                   0
 Multiplicity:                           singlet

 Theory:                                 dft
 Exchange-correlation functional:        0.47 b88 + 0.73 lyp
 Method for Coulomb:                     incore_df
 Method for exact exchange:              pre_transformed_df
 Integral threshold:                     1.00e-12
 DF basis set:                           def2-tzvp-jkfit(spdfghi)
 Number of DF basis functions:         530
 Schwarz screening threshold:            1.00e-10
 Coulomb fitting method:                 Cholesky
 Total number of grid points:        16016
 Method for AO orthogonalization:        symmetric
 Threshold for linear dependence:        1.00e-08
 D3BJ dispersion energy:                -0.002055762

 -------------------------------------
  Running restricted closed-shell SCF 
 -------------------------------------
 Max number of iterations:             128
 Conv. threshold (gradient):             1.00e-05
 Conv. threshold (energy):               1.00e-06
 Interpolation scheme:                   adiis+cdiis
 Initial guess:                          H0

 ---------------------------------------------------------------
                  energy        change          grad        time
 ---------------------------------------------------------------
   0     -3296.132757781                    1.27e+01        0.04
   1     -3170.081140405      1.26e+02      1.99e+01        0.03
   2     -3241.130617082     -7.10e+01      1.09e+01        0.03
   3     -3293.358719024     -5.22e+01      1.08e+01        0.02
   4     -3306.112259567     -1.28e+01      1.40e+01        0.03
   5     -3330.850996326     -2.47e+01      4.96e+00        0.03
   6     -3326.024272018      4.83e+00      5.19e+00        0.02
   7     -3333.969556614     -7.95e+00      9.66e-01        0.03
   8     -3333.920209370      4.93e-02      1.41e+00        0.03
   9     -3334.062571672     -1.42e-01      7.01e-01        0.03
  10     -3334.117132072     -5.46e-02      1.48e-01        0.03
  11     -3334.120426227     -3.29e-03      1.06e-01        0.03
  12     -3334.121058005     -6.32e-04      1.15e-01        0.03
  13     -3334.122328353     -1.27e-03      4.68e-02        0.03
  14     -3334.122347710     -1.94e-05      5.88e-02        0.03
  15     -3334.122682483     -3.35e-04      7.67e-03        0.03
  16     -3334.122715325     -3.28e-05      8.42e-03        0.03
  17     -3334.122668079      4.72e-05      5.27e-03        0.02
  18     -3334.122654333      1.37e-05      8.87e-04        0.03
  19     -3334.122654425     -9.16e-08      2.95e-04        0.03
  20     -3334.122654453     -2.80e-08      1.92e-04        0.02
  21     -3334.122654468     -1.50e-08      1.94e-04        0.03
  22     -3334.122654494     -2.59e-08      1.88e-04        0.03
  23     -3334.122654508     -1.37e-08      1.88e-04        0.03
  24     -3334.122654459      4.85e-08      1.88e-04        0.03
  25     -3334.122654408      5.16e-08      1.74e-04        0.03
  26     -3334.122654365      4.28e-08      1.47e-04        0.03
  27     -3334.122654331      3.37e-08      8.49e-05        0.02
  28     -3334.122654334     -3.16e-09      6.61e-05        0.03
  29     -3334.122654337     -2.86e-09      4.22e-05        0.03
  30     -3334.122654339     -1.75e-09      2.52e-05        0.02
  31     -3334.122654339     -2.36e-10      1.80e-05        0.03
  32     -3334.122654339     -8.05e-11      1.61e-05        0.02
  33     -3334.122654339     -6.64e-11      1.91e-05        0.02
  34     -3334.122654339      2.76e-10      9.87e-06        0.02

 SCF converged in 34 iterations.


 --------------------------------
  Double Hybrid MP2 Contribution 
 --------------------------------
 Method:                                 pre_transformed_df
 Density-fitting basis set:              def2-tzvp-ri
 Opposite-spin scale factor:             0.270000000
 Same-spin scale factor:                 0.270000000

 Restricted MP2 calculation:             
 Core orbitals:                         14
 Correlated orbitals:                   14
 Virtual orbitals:                     124

 Reference Energy:                   -3334.122654339
 Opposite spin contribution:            -0.121304818
 Same spin contribution:                -0.048751369
 Total scaled MP2 contribution:         -0.170056187

 Dipole moment (in Debye):              -0.003543      -0.003543      -3.566102

 Quadrupole moment (in Debye-Angstrom):
                  1            2            3
 1       -36.951313    -4.242785     0.009042
 2        -4.242785   -36.951588     0.009042
 3         0.009042     0.009042   -39.551008

 Spin-squared expectation <S^2>:         0.000
 Total spin quantum number S:            0.000
 TOTAL ENERGY:                       -3334.292710526

 --------------------------------------------------------------------------------

 End time:                               Wed Jun  2 11:50:43 2021
 Total wall-clock time:                  3.751 seconds
==================================================================================
