
================================================================================
          _____________ ________ _______________ ________     _________         
         / ___________// ______ \\_____   _____// ______ \   / ________)        
        / /_________  / /      \ \     | |     / /      \ \ | (_______          
       |  __________|| |        | |    | |    | |        | | \________ \        
        \ \_________ | |        | |    | |     \ \______/ /___________) |       
         \__________||_|        |_|    |_|      \________//____________/        
                                                                                
====================================[ Qcore ]===================================

 Git hash:   15a3e7daff0cda5fa9af010ccd19a80288182ecf
 Git date:   Fri, 16 Apr 2021 15:57:16 +0100
 Compiler:   GNU 9.1.0
 Build type: Release
 Version:    1.1.0

 Start time: Wed Jun  2 11:50:58 2021

 Data directory: /work/zw18965/.local/qcore/share/entos/1.1.0/data
 Number of threads: 24
 Number of threads was determined by: command line argument

 --------------------------------------------------------------------------------
                                   command: dft                                  
 --------------------------------------------------------------------------------
 AO basis set:                           aug-cc-pvtz
 Number of AO basis functions:         152

 Formula:                                TiBr
 Nuclear charge:                        57.000000000
 Total charge:                           0.000000000
 Number of electrons:                   57.000000000

 Number of alpha electrons:             30
 Number of beta electrons:              27
 Number of unpaired electrons:           3
 Spin:                                   3
 Multiplicity:                           quartet

 Theory:                                 dft
 Exchange-correlation functional:        0.47 b88 + 0.73 lyp
 Method for Coulomb:                     incore_df
 Method for exact exchange:              pre_transformed_df
 Integral threshold:                     1.00e-12
 DF basis set:                           def2-tzvp-jkfit(spdfghi)
 Number of DF basis functions:         530
 Schwarz screening threshold:            1.00e-10
 Coulomb fitting method:                 Cholesky
 Total number of grid points:        15956
 Method for AO orthogonalization:        symmetric
 Threshold for linear dependence:        1.00e-08
 D3BJ dispersion energy:                -0.002015826

 -------------------------------------
  Running unrestricted open-shell SCF 
 -------------------------------------
 Max number of iterations:             128
 Conv. threshold (gradient):             1.00e-05
 Conv. threshold (energy):               1.00e-06
 Interpolation scheme:                   adiis+cdiis
 Initial guess:                          H0

 ---------------------------------------------------------------
                  energy        change          grad        time
 ---------------------------------------------------------------
   0     -3378.144591078                    8.37e+00        0.05
   1     -3249.312907010      1.29e+02      1.00e+01        0.04
   2     -3341.264759379     -9.20e+01      5.61e+00        0.04
   3     -3364.479885206     -2.32e+01      7.77e+00        0.03
   4     -3416.906088300     -5.24e+01      4.46e+00        0.04
   5     -3409.881854345      7.02e+00      5.36e+00        0.04
   6     -3422.495172282     -1.26e+01      8.68e-01        0.04
   7     -3422.159552056      3.36e-01      1.10e+00        0.04
   8     -3422.874666783     -7.15e-01      1.27e-01        0.04
   9     -3422.885076639     -1.04e-02      8.93e-02        0.04
  10     -3422.889051148     -3.97e-03      8.33e-02        0.04
  11     -3422.892231063     -3.18e-03      5.55e-02        0.04
  12     -3422.895983448     -3.75e-03      5.66e-02        0.04
  13     -3422.898381740     -2.40e-03      6.05e-02        0.04
  14     -3422.894692738      3.69e-03      5.25e-02        0.04
  15     -3422.889621626      5.07e-03      4.23e-02        0.04
  16     -3422.889169034      4.53e-04      3.86e-02        0.04
  17     -3422.888857538      3.11e-04      3.47e-02        0.04
  18     -3422.890256760     -1.40e-03      3.36e-02        0.04
  19     -3422.892794448     -2.54e-03      3.42e-02        0.04
  20     -3422.894059046     -1.26e-03      3.15e-02        0.04
  21     -3422.897336509     -3.28e-03      2.74e-02        0.04
  22     -3422.897110494      2.26e-04      1.87e-02        0.03
  23     -3422.897370910     -2.60e-04      2.21e-02        0.04
  24     -3422.897612144     -2.41e-04      1.06e-02        0.04
  25     -3422.897693959     -8.18e-05      1.34e-02        0.04
  26     -3422.897792504     -9.85e-05      6.64e-03        0.04
  27     -3422.897828186     -3.57e-05      3.62e-03        0.03
  28     -3422.897833040     -4.85e-06      9.03e-04        0.03
  29     -3422.897833250     -2.10e-07      3.97e-04        0.04
  30     -3422.897833096      1.54e-07      4.43e-04        0.04
  31     -3422.897833149     -5.32e-08      3.24e-04        0.03
  32     -3422.897833160     -1.05e-08      3.24e-04        0.03
  33     -3422.897833101      5.83e-08      2.95e-04        0.03
  34     -3422.897832870      2.32e-07      6.68e-05        0.03
  35     -3422.897832865      5.03e-09      2.19e-05        0.03
  36     -3422.897832865     -6.31e-10      1.80e-05        0.04
  37     -3422.897832865     -1.59e-10      1.45e-05        0.04
  38     -3422.897832866     -1.64e-10      1.24e-05        0.04
  39     -3422.897832866     -8.19e-11      1.27e-05        0.04
  40     -3422.897832866      4.55e-13      1.28e-05        0.03
  41     -3422.897832866      3.18e-12      1.27e-05        0.04
  42     -3422.897832866     -4.55e-13      1.27e-05        0.03
  43     -3422.897832866     -3.64e-12      1.28e-05        0.03
  44     -3422.897832866     -2.73e-12      1.29e-05        0.03
  45     -3422.897832866     -1.18e-11      1.28e-05        0.04
  46     -3422.897832866     -1.82e-12      1.31e-05        0.04
  47     -3422.897832866      2.91e-11      1.23e-05        0.03
  48     -3422.897832866      1.64e-11      1.23e-05        0.04
  49     -3422.897832866     -5.96e-11      1.29e-05        0.04
  50     -3422.897832866      1.41e-10      1.13e-05        0.03
  51     -3422.897832865      4.46e-11      9.94e-06        0.04

 SCF converged in 51 iterations.


 --------------------------------
  Double Hybrid MP2 Contribution 
 --------------------------------
 Method:                                 pre_transformed_df
 Density-fitting basis set:              def2-tzvp-ri
 Opposite-spin scale factor:             0.270000000
 Same-spin scale factor:                 0.270000000

 Unrestricted MP2 calculation:           
 Core spatial orbitals:                 14
 Correlated alpha orbitals:             16
 Correlated beta orbitals:              13
 Virtual alpha orbitals:               122
 Virtual beta orbitals:                125

 Reference Energy:                   -3422.897832865
 Opposite spin contribution:            -0.119921405
 Same spin contribution:                -0.059122981
 Total scaled MP2 contribution:         -0.179044386

 Dipole moment (in Debye):               0.000004       0.000096      -4.905996

 Quadrupole moment (in Debye-Angstrom):
                  1            2            3
 1       -32.707434    -0.013961    -0.000013
 2        -0.013961   -34.601617    -0.000268
 3        -0.000013    -0.000268   -34.943130

 Spin-squared expectation <S^2>:         3.753
 Total spin quantum number S:            1.501
 TOTAL ENERGY:                       -3423.076877251

 --------------------------------------------------------------------------------

 End time:                               Wed Jun  2 11:51:03 2021
 Total wall-clock time:                  4.705 seconds
==================================================================================
