
================================================================================
          _____________ ________ _______________ ________     _________         
         / ___________// ______ \\_____   _____// ______ \   / ________)        
        / /_________  / /      \ \     | |     / /      \ \ | (_______          
       |  __________|| |        | |    | |    | |        | | \________ \        
        \ \_________ | |        | |    | |     \ \______/ /___________) |       
         \__________||_|        |_|    |_|      \________//____________/        
                                                                                
====================================[ Qcore ]===================================

 Git hash:   15a3e7daff0cda5fa9af010ccd19a80288182ecf
 Git date:   Fri, 16 Apr 2021 15:57:16 +0100
 Compiler:   GNU 9.1.0
 Build type: Release
 Version:    1.1.0

 Start time: Wed Jun  2 11:51:03 2021

 Data directory: /work/zw18965/.local/qcore/share/entos/1.1.0/data
 Number of threads: 24
 Number of threads was determined by: command line argument

 --------------------------------------------------------------------------------
                                   command: dft                                  
 --------------------------------------------------------------------------------
 AO basis set:                           aug-cc-pvtz
 Number of AO basis functions:         139

 Formula:                                OTi
 Nuclear charge:                        30.000000000
 Total charge:                           0.000000000
 Number of electrons:                   30.000000000

 Number of alpha electrons:             16
 Number of beta electrons:              14
 Number of unpaired electrons:           2
 Spin:                                   2
 Multiplicity:                           triplet

 Theory:                                 dft
 Exchange-correlation functional:        0.47 b88 + 0.73 lyp
 Method for Coulomb:                     incore_df
 Method for exact exchange:              pre_transformed_df
 Integral threshold:                     1.00e-12
 DF basis set:                           def2-tzvp-jkfit(spdfghi)
 Number of DF basis functions:         341
 Schwarz screening threshold:            1.00e-10
 Coulomb fitting method:                 Cholesky
 Total number of grid points:        14736
 Method for AO orthogonalization:        symmetric
 Threshold for linear dependence:        1.00e-08
 D3BJ dispersion energy:                -0.000698436

 -------------------------------------
  Running unrestricted open-shell SCF 
 -------------------------------------
 Max number of iterations:             128
 Conv. threshold (gradient):             1.00e-05
 Conv. threshold (energy):               1.00e-06
 Interpolation scheme:                   adiis+cdiis
 Initial guess:                          H0

 ---------------------------------------------------------------
                  energy        change          grad        time
 ---------------------------------------------------------------
   0      -863.141960242                    9.44e+00        0.04
   1      -856.037721331      7.10e+00      8.68e+00        0.03
   2      -875.460135640     -1.94e+01      7.13e+00        0.02
   3      -921.723255820     -4.63e+01      3.35e+00        0.03
   4      -910.319611378      1.14e+01      6.45e+00        0.03
   5      -924.221351915     -1.39e+01      4.99e-01        0.03
   6      -924.254026777     -3.27e-02      4.02e-01        0.03
   7      -924.233740490      2.03e-02      4.30e-01        0.03
   8      -924.295769782     -6.20e-02      1.35e-01        0.03
   9      -924.288919625      6.85e-03      2.10e-01        0.04
  10      -924.299030490     -1.01e-02      2.90e-02        0.04
  11      -924.299099539     -6.90e-05      3.49e-02        0.04
  12      -924.299362213     -2.63e-04      3.18e-03        0.03
  13      -924.299381947     -1.97e-05      1.25e-03        0.03
  14      -924.299384997     -3.05e-06      5.31e-04        0.03
  15      -924.299385731     -7.34e-07      2.97e-04        0.03
  16      -924.299385850     -1.19e-07      1.54e-04        0.03
  17      -924.299385864     -1.44e-08      2.62e-05        0.03
  18      -924.299385865     -1.18e-09      1.63e-05        0.03
  19      -924.299385866     -1.77e-10      6.19e-06        0.03

 SCF converged in 19 iterations.


 --------------------------------
  Double Hybrid MP2 Contribution 
 --------------------------------
 Method:                                 pre_transformed_df
 Density-fitting basis set:              def2-tzvp-ri
 Opposite-spin scale factor:             0.270000000
 Same-spin scale factor:                 0.270000000

 Unrestricted MP2 calculation:           
 Core spatial orbitals:                  6
 Correlated alpha orbitals:             10
 Correlated beta orbitals:               8
 Virtual alpha orbitals:               123
 Virtual beta orbitals:                125

 Reference Energy:                    -924.299385866
 Opposite spin contribution:            -0.151411932
 Same spin contribution:                -0.068403488
 Total scaled MP2 contribution:         -0.219815420

 Dipole moment (in Debye):               0.000000       0.000000      -4.077996

 Quadrupole moment (in Debye-Angstrom):
                  1            2            3
 1       -22.095955     0.000000    -0.000000
 2         0.000000   -22.095932    -0.000000
 3        -0.000000    -0.000000   -27.191189

 Spin-squared expectation <S^2>:         2.024
 Total spin quantum number S:            1.008
 TOTAL ENERGY:                        -924.519201286

 --------------------------------------------------------------------------------

 End time:                               Wed Jun  2 11:51:06 2021
 Total wall-clock time:                  2.899 seconds
==================================================================================
