
================================================================================
          _____________ ________ _______________ ________     _________         
         / ___________// ______ \\_____   _____// ______ \   / ________)        
        / /_________  / /      \ \     | |     / /      \ \ | (_______          
       |  __________|| |        | |    | |    | |        | | \________ \        
        \ \_________ | |        | |    | |     \ \______/ /___________) |       
         \__________||_|        |_|    |_|      \________//____________/        
                                                                                
====================================[ Qcore ]===================================

 Git hash:   15a3e7daff0cda5fa9af010ccd19a80288182ecf
 Git date:   Fri, 16 Apr 2021 15:57:16 +0100
 Compiler:   GNU 9.1.0
 Build type: Release
 Version:    1.1.0

 Start time: Wed Jun  2 11:51:06 2021

 Data directory: /work/zw18965/.local/qcore/share/entos/1.1.0/data
 Number of threads: 24
 Number of threads was determined by: command line argument

 --------------------------------------------------------------------------------
                                   command: dft                                  
 --------------------------------------------------------------------------------
 AO basis set:                           aug-cc-pvtz
 Number of AO basis functions:         143

 Formula:                                STi
 Nuclear charge:                        38.000000000
 Total charge:                           0.000000000
 Number of electrons:                   38.000000000

 Number of alpha electrons:             20
 Number of beta electrons:              18
 Number of unpaired electrons:           2
 Spin:                                   2
 Multiplicity:                           triplet

 Theory:                                 dft
 Exchange-correlation functional:        0.47 b88 + 0.73 lyp
 Method for Coulomb:                     incore_df
 Method for exact exchange:              pre_transformed_df
 Integral threshold:                     1.00e-12
 DF basis set:                           def2-tzvp-jkfit(spdfghi)
 Number of DF basis functions:         392
 Schwarz screening threshold:            1.00e-10
 Coulomb fitting method:                 Cholesky
 Total number of grid points:        15142
 Method for AO orthogonalization:        symmetric
 Threshold for linear dependence:        1.00e-08
 D3BJ dispersion energy:                -0.001949523

 -------------------------------------
  Running unrestricted open-shell SCF 
 -------------------------------------
 Max number of iterations:             128
 Conv. threshold (gradient):             1.00e-05
 Conv. threshold (energy):               1.00e-06
 Interpolation scheme:                   adiis+cdiis
 Initial guess:                          H0

 ---------------------------------------------------------------
                  energy        change          grad        time
 ---------------------------------------------------------------
   0     -1187.334779844                    6.75e+00        0.04
   1     -1180.788598087      6.55e+00      5.93e+00        0.03
   2     -1087.423040279      9.34e+01      1.09e+01        0.03
   3     -1228.175015535     -1.41e+02      6.97e+00        0.03
   4     -1243.884864894     -1.57e+01      3.17e+00        0.03
   5     -1245.660949508     -1.78e+00      2.13e+00        0.03
   6     -1246.797378131     -1.14e+00      8.33e-01        0.03
   7     -1247.119909736     -3.23e-01      3.67e-01        0.04
   8     -1247.127924382     -8.01e-03      4.46e-01        0.04
   9     -1247.186541333     -5.86e-02      5.30e-02        0.04
  10     -1247.185723234      8.18e-04      1.56e-01        0.04
  11     -1247.190647025     -4.92e-03      3.56e-02        0.03
  12     -1247.192552278     -1.91e-03      2.16e-02        0.03
  13     -1247.193740888     -1.19e-03      7.35e-03        0.03
  14     -1247.193836533     -9.56e-05      5.11e-03        0.03
  15     -1247.193860141     -2.36e-05      1.35e-03        0.03
  16     -1247.193864571     -4.43e-06      7.45e-04        0.03
  17     -1247.193867591     -3.02e-06      5.14e-04        0.04
  18     -1247.193868191     -6.00e-07      1.62e-04        0.04
  19     -1247.193868241     -5.00e-08      6.15e-05        0.03
  20     -1247.193868244     -3.25e-09      3.57e-05        0.03
  21     -1247.193868245     -1.17e-09      2.34e-05        0.03
  22     -1247.193868246     -4.22e-10      1.15e-05        0.03
  23     -1247.193868246     -2.40e-10      7.38e-06        0.03

 SCF converged in 23 iterations.


 --------------------------------
  Double Hybrid MP2 Contribution 
 --------------------------------
 Method:                                 pre_transformed_df
 Density-fitting basis set:              def2-tzvp-ri
 Opposite-spin scale factor:             0.270000000
 Same-spin scale factor:                 0.270000000

 Unrestricted MP2 calculation:           
 Core spatial orbitals:                 10
 Correlated alpha orbitals:             10
 Correlated beta orbitals:               8
 Virtual alpha orbitals:               123
 Virtual beta orbitals:                125

 Reference Energy:                   -1247.193868246
 Opposite spin contribution:            -0.126404167
 Same spin contribution:                -0.057699545
 Total scaled MP2 contribution:         -0.184103712

 Dipole moment (in Debye):              -0.000000      -0.000000      -6.729016

 Quadrupole moment (in Debye-Angstrom):
                  1            2            3
 1       -31.164587     0.000110     0.000001
 2         0.000110   -31.164590     0.000001
 3         0.000001     0.000001   -27.141402

 Spin-squared expectation <S^2>:         2.073
 Total spin quantum number S:            1.024
 TOTAL ENERGY:                       -1247.377971958

 --------------------------------------------------------------------------------

 End time:                               Wed Jun  2 11:51:09 2021
 Total wall-clock time:                  3.140 seconds
==================================================================================
