
================================================================================
          _____________ ________ _______________ ________     _________         
         / ___________// ______ \\_____   _____// ______ \   / ________)        
        / /_________  / /      \ \     | |     / /      \ \ | (_______          
       |  __________|| |        | |    | |    | |        | | \________ \        
        \ \_________ | |        | |    | |     \ \______/ /___________) |       
         \__________||_|        |_|    |_|      \________//____________/        
                                                                                
====================================[ Qcore ]===================================

 Git hash:   15a3e7daff0cda5fa9af010ccd19a80288182ecf
 Git date:   Fri, 16 Apr 2021 15:57:16 +0100
 Compiler:   GNU 9.1.0
 Build type: Release
 Version:    1.1.0

 Start time: Wed Jun  2 11:51:15 2021

 Data directory: /work/zw18965/.local/qcore/share/entos/1.1.0/data
 Number of threads: 24
 Number of threads was determined by: command line argument

 --------------------------------------------------------------------------------
                                   command: dft                                  
 --------------------------------------------------------------------------------
 AO basis set:                           aug-cc-pvtz
 Number of AO basis functions:         143

 Formula:                                ClV
 Nuclear charge:                        40.000000000
 Total charge:                           0.000000000
 Number of electrons:                   40.000000000

 Number of alpha electrons:             22
 Number of beta electrons:              18
 Number of unpaired electrons:           4
 Spin:                                   4
 Multiplicity:                           quintet

 Theory:                                 dft
 Exchange-correlation functional:        0.47 b88 + 0.73 lyp
 Method for Coulomb:                     incore_df
 Method for exact exchange:              pre_transformed_df
 Integral threshold:                     1.00e-12
 DF basis set:                           def2-tzvp-jkfit(spdfghi)
 Number of DF basis functions:         392
 Schwarz screening threshold:            1.00e-10
 Coulomb fitting method:                 Cholesky
 Total number of grid points:        15346
 Method for AO orthogonalization:        symmetric
 Threshold for linear dependence:        1.00e-08
 D3BJ dispersion energy:                -0.001733664

 -------------------------------------
  Running unrestricted open-shell SCF 
 -------------------------------------
 Max number of iterations:             128
 Conv. threshold (gradient):             1.00e-05
 Conv. threshold (energy):               1.00e-06
 Interpolation scheme:                   adiis+cdiis
 Initial guess:                          H0

 ---------------------------------------------------------------
                  energy        change          grad        time
 ---------------------------------------------------------------
   0     -1337.671434006                    8.94e+00        0.05
   1     -1329.479320090      8.19e+00      6.33e+00        0.03
   2     -1324.671257532      4.81e+00      7.34e+00        0.03
   3     -1401.351670338     -7.67e+01      2.39e+00        0.03
   4     -1401.691977314     -3.40e-01      1.87e+00        0.03
   5     -1402.192512633     -5.01e-01      2.45e+00        0.03
   6     -1403.235620401     -1.04e+00      1.58e+00        0.04
   7     -1403.705853034     -4.70e-01      3.86e-01        0.04
   8     -1403.715975782     -1.01e-02      4.06e-01        0.04
   9     -1403.747709990     -3.17e-02      1.12e-01        0.04
  10     -1403.746097425      1.61e-03      1.54e-01        0.04
  11     -1403.752437167     -6.34e-03      3.10e-02        0.04
  12     -1403.752929421     -4.92e-04      2.83e-02        0.04
  13     -1403.754032398     -1.10e-03      2.24e-02        0.03
  14     -1403.755038425     -1.01e-03      1.27e-02        0.03
  15     -1403.755341784     -3.03e-04      7.12e-03        0.03
  16     -1403.755474184     -1.32e-04      4.14e-03        0.03
  17     -1403.755475284     -1.10e-06      2.44e-03        0.03
  18     -1403.755478007     -2.72e-06      1.56e-03        0.04
  19     -1403.755478587     -5.80e-07      7.87e-04        0.03
  20     -1403.755478896     -3.09e-07      4.54e-04        0.03
  21     -1403.755479143     -2.47e-07      1.55e-04        0.03
  22     -1403.755479178     -3.48e-08      3.15e-05        0.03
  23     -1403.755479179     -1.86e-09      2.09e-05        0.03
  24     -1403.755479180     -2.10e-10      8.79e-06        0.03

 SCF converged in 24 iterations.


 --------------------------------
  Double Hybrid MP2 Contribution 
 --------------------------------
 Method:                                 pre_transformed_df
 Density-fitting basis set:              def2-tzvp-ri
 Opposite-spin scale factor:             0.270000000
 Same-spin scale factor:                 0.270000000

 Unrestricted MP2 calculation:           
 Core spatial orbitals:                 10
 Correlated alpha orbitals:             12
 Correlated beta orbitals:               8
 Virtual alpha orbitals:               121
 Virtual beta orbitals:                125

 Reference Energy:                   -1403.755479180
 Opposite spin contribution:            -0.123648812
 Same spin contribution:                -0.059949970
 Total scaled MP2 contribution:         -0.183598782

 Dipole moment (in Debye):              -0.000001      -0.000000      -4.043616

 Quadrupole moment (in Debye-Angstrom):
                  1            2            3
 1       -28.785366    -0.339109     0.000001
 2        -0.339109   -30.460888    -0.000000
 3         0.000001    -0.000000   -30.207475

 Spin-squared expectation <S^2>:         6.006
 Total spin quantum number S:            2.001
 TOTAL ENERGY:                       -1403.939077962

 --------------------------------------------------------------------------------

 End time:                               Wed Jun  2 11:51:18 2021
 Total wall-clock time:                  3.163 seconds
==================================================================================
