
================================================================================
          _____________ ________ _______________ ________     _________         
         / ___________// ______ \\_____   _____// ______ \   / ________)        
        / /_________  / /      \ \     | |     / /      \ \ | (_______          
       |  __________|| |        | |    | |    | |        | | \________ \        
        \ \_________ | |        | |    | |     \ \______/ /___________) |       
         \__________||_|        |_|    |_|      \________//____________/        
                                                                                
====================================[ Qcore ]===================================

 Git hash:   15a3e7daff0cda5fa9af010ccd19a80288182ecf
 Git date:   Fri, 16 Apr 2021 15:57:16 +0100
 Compiler:   GNU 9.1.0
 Build type: Release
 Version:    1.1.0

 Start time: Wed Jun  2 11:51:22 2021

 Data directory: /work/zw18965/.local/qcore/share/entos/1.1.0/data
 Number of threads: 24
 Number of threads was determined by: command line argument

 --------------------------------------------------------------------------------
                                   command: dft                                  
 --------------------------------------------------------------------------------
 AO basis set:                           aug-cc-pvtz
 Number of AO basis functions:         139

 Formula:                                OV
 Nuclear charge:                        31.000000000
 Total charge:                           0.000000000
 Number of electrons:                   31.000000000

 Number of alpha electrons:             17
 Number of beta electrons:              14
 Number of unpaired electrons:           3
 Spin:                                   3
 Multiplicity:                           quartet

 Theory:                                 dft
 Exchange-correlation functional:        0.47 b88 + 0.73 lyp
 Method for Coulomb:                     incore_df
 Method for exact exchange:              pre_transformed_df
 Integral threshold:                     1.00e-12
 DF basis set:                           def2-tzvp-jkfit(spdfghi)
 Number of DF basis functions:         341
 Schwarz screening threshold:            1.00e-10
 Coulomb fitting method:                 Cholesky
 Total number of grid points:        14796
 Method for AO orthogonalization:        symmetric
 Threshold for linear dependence:        1.00e-08
 D3BJ dispersion energy:                -0.000729514

 -------------------------------------
  Running unrestricted open-shell SCF 
 -------------------------------------
 Max number of iterations:             128
 Conv. threshold (gradient):             1.00e-05
 Conv. threshold (energy):               1.00e-06
 Interpolation scheme:                   adiis+cdiis
 Initial guess:                          H0

 ---------------------------------------------------------------
                  energy        change          grad        time
 ---------------------------------------------------------------
   0      -939.982660816                    1.85e+01        0.04
   1      -936.826785930      3.16e+00      9.19e+00        0.03
   2      -964.875962146     -2.80e+01      8.04e+00        0.03
   3     -1015.123802504     -5.02e+01      3.95e+00        0.03
   4     -1002.997919842      1.21e+01      9.27e+00        0.03
   5     -1018.587583710     -1.56e+01      8.11e-01        0.03
   6     -1018.477715782      1.10e-01      1.12e+00        0.03
   7     -1018.738330415     -2.61e-01      3.56e-01        0.03
   8     -1018.565397090      1.73e-01      8.63e-01        0.04
   9     -1018.753584163     -1.88e-01      2.50e-01        0.04
  10     -1018.765943598     -1.24e-02      1.10e-01        0.04
  11     -1018.766896643     -9.53e-04      9.56e-02        0.04
  12     -1018.769205221     -2.31e-03      3.74e-02        0.04
  13     -1018.770152898     -9.48e-04      1.49e-02        0.03
  14     -1018.770553103     -4.00e-04      9.40e-03        0.03
  15     -1018.770723495     -1.70e-04      6.09e-03        0.03
  16     -1018.770815731     -9.22e-05      2.58e-03        0.03
  17     -1018.770833192     -1.75e-05      1.74e-03        0.03
  18     -1018.770839330     -6.14e-06      9.82e-04        0.03
  19     -1018.770843085     -3.75e-06      6.05e-04        0.03
  20     -1018.770844709     -1.62e-06      2.65e-04        0.03
  21     -1018.770844890     -1.81e-07      8.21e-05        0.03
  22     -1018.770844898     -7.80e-09      3.12e-05        0.03
  23     -1018.770844899     -1.46e-09      1.92e-05        0.03
  24     -1018.770844900     -4.60e-10      1.80e-05        0.03
  25     -1018.770844900     -3.76e-10      1.84e-05        0.03
  26     -1018.770844900     -2.05e-10      1.93e-05        0.03
  27     -1018.770844900      3.11e-10      1.75e-05        0.03
  28     -1018.770844899      6.29e-10      1.24e-05        0.03
  29     -1018.770844899      9.60e-11      8.16e-06        0.03

 SCF converged in 29 iterations.


 --------------------------------
  Double Hybrid MP2 Contribution 
 --------------------------------
 Method:                                 pre_transformed_df
 Density-fitting basis set:              def2-tzvp-ri
 Opposite-spin scale factor:             0.270000000
 Same-spin scale factor:                 0.270000000

 Unrestricted MP2 calculation:           
 Core spatial orbitals:                  6
 Correlated alpha orbitals:             11
 Correlated beta orbitals:               8
 Virtual alpha orbitals:               122
 Virtual beta orbitals:                125

 Reference Energy:                   -1018.770844899
 Opposite spin contribution:            -0.161927205
 Same spin contribution:                -0.077106542
 Total scaled MP2 contribution:         -0.239033747

 Dipole moment (in Debye):               0.000006       0.000000      -4.241855

 Quadrupole moment (in Debye-Angstrom):
                  1            2            3
 1       -21.544830    -0.006976    -0.000007
 2        -0.006976   -21.304897    -0.000001
 3        -0.000007    -0.000001   -25.526623

 Spin-squared expectation <S^2>:         3.820
 Total spin quantum number S:            1.517
 TOTAL ENERGY:                       -1019.009878646

 --------------------------------------------------------------------------------

 End time:                               Wed Jun  2 11:51:25 2021
 Total wall-clock time:                  3.120 seconds
==================================================================================
