
================================================================================
          _____________ ________ _______________ ________     _________         
         / ___________// ______ \\_____   _____// ______ \   / ________)        
        / /_________  / /      \ \     | |     / /      \ \ | (_______          
       |  __________|| |        | |    | |    | |        | | \________ \        
        \ \_________ | |        | |    | |     \ \______/ /___________) |       
         \__________||_|        |_|    |_|      \________//____________/        
                                                                                
====================================[ Qcore ]===================================

 Git hash:   15a3e7daff0cda5fa9af010ccd19a80288182ecf
 Git date:   Fri, 16 Apr 2021 15:57:16 +0100
 Compiler:   GNU 9.1.0
 Build type: Release
 Version:    1.1.0

 Start time: Wed Jun  2 11:51:28 2021

 Data directory: /work/zw18965/.local/qcore/share/entos/1.1.0/data
 Number of threads: 24
 Number of threads was determined by: command line argument

 --------------------------------------------------------------------------------
                                   command: dft                                  
 --------------------------------------------------------------------------------
 AO basis set:                           aug-cc-pvtz
 Number of AO basis functions:         116

 Formula:                                HCr
 Nuclear charge:                        25.000000000
 Total charge:                           0.000000000
 Number of electrons:                   25.000000000

 Number of alpha electrons:             15
 Number of beta electrons:              10
 Number of unpaired electrons:           5
 Spin:                                   5
 Multiplicity:                           septet

 Theory:                                 dft
 Exchange-correlation functional:        0.47 b88 + 0.73 lyp
 Method for Coulomb:                     incore_df
 Method for exact exchange:              pre_transformed_df
 Integral threshold:                     1.00e-12
 DF basis set:                           def2-tzvp-jkfit(spdfghi)
 Number of DF basis functions:         282
 Schwarz screening threshold:            1.00e-10
 Coulomb fitting method:                 Cholesky
 Total number of grid points:        13718
 Method for AO orthogonalization:        symmetric
 Threshold for linear dependence:        1.00e-08
 D3BJ dispersion energy:                -0.000441424

 -------------------------------------
  Running unrestricted open-shell SCF 
 -------------------------------------
 Max number of iterations:             128
 Conv. threshold (gradient):             1.00e-05
 Conv. threshold (energy):               1.00e-06
 Interpolation scheme:                   adiis+cdiis
 Initial guess:                          H0

 ---------------------------------------------------------------
                  energy        change          grad        time
 ---------------------------------------------------------------
   0      -995.635729386                    1.22e+01        0.03
   1      -977.468057807      1.82e+01      1.47e+01        0.02
   2     -1025.396565763     -4.79e+01      7.40e+00        0.03
   3     -1041.804493432     -1.64e+01      2.98e+00        0.02
   4     -1041.064244253      7.40e-01      2.65e+00        0.02
   5     -1044.590839307     -3.53e+00      4.61e-01        0.02
   6     -1044.461984665      1.29e-01      8.17e-01        0.02
   7     -1044.652725980     -1.91e-01      5.78e-02        0.02
   8     -1044.654445865     -1.72e-03      2.54e-02        0.03
   9     -1044.654749151     -3.03e-04      7.26e-03        0.03
  10     -1044.654799548     -5.04e-05      3.56e-03        0.02
  11     -1044.654811729     -1.22e-05      1.31e-03        0.02
  12     -1044.654813100     -1.37e-06      4.37e-04        0.02
  13     -1044.654813298     -1.98e-07      1.33e-04        0.02
  14     -1044.654813315     -1.67e-08      2.48e-05        0.02
  15     -1044.654813315     -4.58e-10      7.57e-06        0.02

 SCF converged in 15 iterations.


 --------------------------------
  Double Hybrid MP2 Contribution 
 --------------------------------
 Method:                                 pre_transformed_df
 Density-fitting basis set:              def2-tzvp-ri
 Opposite-spin scale factor:             0.270000000
 Same-spin scale factor:                 0.270000000

 Unrestricted MP2 calculation:           
 Core spatial orbitals:                  5
 Correlated alpha orbitals:             10
 Correlated beta orbitals:               5
 Virtual alpha orbitals:               101
 Virtual beta orbitals:                106

 Reference Energy:                   -1044.654813315
 Opposite spin contribution:            -0.085834262
 Same spin contribution:                -0.045673504
 Total scaled MP2 contribution:         -0.131507766

 Dipole moment (in Debye):              -0.000000      -0.000000      -0.902030

 Quadrupole moment (in Debye-Angstrom):
                  1            2            3
 1       -17.224325    -0.000000     0.000000
 2        -0.000000   -17.224485     0.000000
 3         0.000000     0.000000   -27.509227

 Spin-squared expectation <S^2>:         8.753
 Total spin quantum number S:            2.500
 TOTAL ENERGY:                       -1044.786321081

 --------------------------------------------------------------------------------

 End time:                               Wed Jun  2 11:51:30 2021
 Total wall-clock time:                  2.464 seconds
==================================================================================
