
================================================================================
          _____________ ________ _______________ ________     _________         
         / ___________// ______ \\_____   _____// ______ \   / ________)        
        / /_________  / /      \ \     | |     / /      \ \ | (_______          
       |  __________|| |        | |    | |    | |        | | \________ \        
        \ \_________ | |        | |    | |     \ \______/ /___________) |       
         \__________||_|        |_|    |_|      \________//____________/        
                                                                                
====================================[ Qcore ]===================================

 Git hash:   15a3e7daff0cda5fa9af010ccd19a80288182ecf
 Git date:   Fri, 16 Apr 2021 15:57:16 +0100
 Compiler:   GNU 9.1.0
 Build type: Release
 Version:    1.1.0

 Start time: Wed Jun  2 11:51:30 2021

 Data directory: /work/zw18965/.local/qcore/share/entos/1.1.0/data
 Number of threads: 24
 Number of threads was determined by: command line argument

 --------------------------------------------------------------------------------
                                   command: dft                                  
 --------------------------------------------------------------------------------
 AO basis set:                           aug-cc-pvtz
 Number of AO basis functions:         139

 Formula:                                FCr
 Nuclear charge:                        33.000000000
 Total charge:                           0.000000000
 Number of electrons:                   33.000000000

 Number of alpha electrons:             19
 Number of beta electrons:              14
 Number of unpaired electrons:           5
 Spin:                                   5
 Multiplicity:                           septet

 Theory:                                 dft
 Exchange-correlation functional:        0.47 b88 + 0.73 lyp
 Method for Coulomb:                     incore_df
 Method for exact exchange:              pre_transformed_df
 Integral threshold:                     1.00e-12
 DF basis set:                           def2-tzvp-jkfit(spdfghi)
 Number of DF basis functions:         341
 Schwarz screening threshold:            1.00e-10
 Coulomb fitting method:                 Cholesky
 Total number of grid points:        14640
 Method for AO orthogonalization:        symmetric
 Threshold for linear dependence:        1.00e-08
 D3BJ dispersion energy:                -0.000463489

 -------------------------------------
  Running unrestricted open-shell SCF 
 -------------------------------------
 Max number of iterations:             128
 Conv. threshold (gradient):             1.00e-05
 Conv. threshold (energy):               1.00e-06
 Interpolation scheme:                   adiis+cdiis
 Initial guess:                          H0

 ---------------------------------------------------------------
                  energy        change          grad        time
 ---------------------------------------------------------------
   0     -1025.477856257                    1.33e+01        0.04
   1     -1027.917458357     -2.44e+00      1.02e+01        0.03
   2     -1071.782934316     -4.39e+01      1.14e+01        0.03
   3     -1137.212356557     -6.54e+01      4.80e+00        0.03
   4     -1132.505853216      4.71e+00      3.89e+00        0.03
   5     -1143.622255093     -1.11e+01      1.16e+00        0.03
   6     -1142.646814715      9.75e-01      2.46e+00        0.04
   7     -1143.898529807     -1.25e+00      4.35e-01        0.03
   8     -1143.895165411      3.36e-03      4.26e-01        0.03
   9     -1143.946837790     -5.17e-02      5.09e-02        0.04
  10     -1143.948892212     -2.05e-03      5.83e-02        0.04
  11     -1143.951121041     -2.23e-03      3.12e-02        0.03
  12     -1143.953055311     -1.93e-03      2.03e-02        0.03
  13     -1143.954259601     -1.20e-03      1.16e-02        0.03
  14     -1143.954474868     -2.15e-04      2.44e-03        0.03
  15     -1143.954476293     -1.42e-06      1.46e-03        0.03
  16     -1143.954478943     -2.65e-06      3.47e-04        0.03
  17     -1143.954479030     -8.70e-08      1.58e-04        0.03
  18     -1143.954479055     -2.44e-08      3.30e-05        0.03
  19     -1143.954479056     -6.57e-10      8.62e-06        0.03

 SCF converged in 19 iterations.


 --------------------------------
  Double Hybrid MP2 Contribution 
 --------------------------------
 Method:                                 pre_transformed_df
 Density-fitting basis set:              def2-tzvp-ri
 Opposite-spin scale factor:             0.270000000
 Same-spin scale factor:                 0.270000000

 Unrestricted MP2 calculation:           
 Core spatial orbitals:                  6
 Correlated alpha orbitals:             13
 Correlated beta orbitals:               8
 Virtual alpha orbitals:               120
 Virtual beta orbitals:                125

 Reference Energy:                   -1143.954479056
 Opposite spin contribution:            -0.146462952
 Same spin contribution:                -0.078158959
 Total scaled MP2 contribution:         -0.224621910

 Dipole moment (in Debye):               0.000000       0.000000      -4.105546

 Quadrupole moment (in Debye-Angstrom):
                  1            2            3
 1       -20.124054    -0.000000    -0.000000
 2        -0.000000   -20.124049    -0.000000
 3        -0.000000    -0.000000   -23.246646

 Spin-squared expectation <S^2>:         8.758
 Total spin quantum number S:            2.501
 TOTAL ENERGY:                       -1144.179100966

 --------------------------------------------------------------------------------

 End time:                               Wed Jun  2 11:51:33 2021
 Total wall-clock time:                  2.892 seconds
==================================================================================
