
================================================================================
          _____________ ________ _______________ ________     _________         
         / ___________// ______ \\_____   _____// ______ \   / ________)        
        / /_________  / /      \ \     | |     / /      \ \ | (_______          
       |  __________|| |        | |    | |    | |        | | \________ \        
        \ \_________ | |        | |    | |     \ \______/ /___________) |       
         \__________||_|        |_|    |_|      \________//____________/        
                                                                                
====================================[ Qcore ]===================================

 Git hash:   15a3e7daff0cda5fa9af010ccd19a80288182ecf
 Git date:   Fri, 16 Apr 2021 15:57:16 +0100
 Compiler:   GNU 9.1.0
 Build type: Release
 Version:    1.1.0

 Start time: Wed Jun  2 11:51:47 2021

 Data directory: /work/zw18965/.local/qcore/share/entos/1.1.0/data
 Number of threads: 24
 Number of threads was determined by: command line argument

 --------------------------------------------------------------------------------
                                   command: dft                                  
 --------------------------------------------------------------------------------
 AO basis set:                           aug-cc-pvtz
 Number of AO basis functions:         116

 Formula:                                HMn
 Nuclear charge:                        26.000000000
 Total charge:                           0.000000000
 Number of electrons:                   26.000000000

 Number of alpha electrons:             16
 Number of beta electrons:              10
 Number of unpaired electrons:           6
 Spin:                                   6
 Multiplicity:                           octet

 Theory:                                 dft
 Exchange-correlation functional:        0.47 b88 + 0.73 lyp
 Method for Coulomb:                     incore_df
 Method for exact exchange:              pre_transformed_df
 Integral threshold:                     1.00e-12
 DF basis set:                           def2-tzvp-jkfit(spdfghi)
 Number of DF basis functions:         282
 Schwarz screening threshold:            1.00e-10
 Coulomb fitting method:                 Cholesky
 Total number of grid points:        13826
 Method for AO orthogonalization:        symmetric
 Threshold for linear dependence:        1.00e-08
 D3BJ dispersion energy:                -0.000490331

 -------------------------------------
  Running unrestricted open-shell SCF 
 -------------------------------------
 Max number of iterations:             128
 Conv. threshold (gradient):             1.00e-05
 Conv. threshold (energy):               1.00e-06
 Interpolation scheme:                   adiis+cdiis
 Initial guess:                          H0

 ---------------------------------------------------------------
                  energy        change          grad        time
 ---------------------------------------------------------------
   0     -1089.794179294                    9.32e+00        0.03
   1     -1066.445483962      2.33e+01      8.65e+00        0.02
   2     -1130.691950048     -6.42e+01      5.74e+00        0.02
   3     -1146.982172031     -1.63e+01      3.95e+00        0.02
   4     -1148.063585994     -1.08e+00      3.05e+00        0.02
   5     -1151.193314076     -3.13e+00      4.54e-01        0.02
   6     -1151.221968128     -2.87e-02      3.52e-01        0.03
   7     -1151.238614455     -1.66e-02      2.19e-01        0.02
   8     -1151.249983770     -1.14e-02      7.77e-02        0.02
   9     -1151.250699968     -7.16e-04      7.63e-02        0.03
  10     -1151.252650028     -1.95e-03      5.79e-03        0.02
  11     -1151.252661862     -1.18e-05      9.23e-04        0.02
  12     -1151.252662685     -8.23e-07      2.66e-04        0.02
  13     -1151.252662740     -5.50e-08      1.04e-04        0.02
  14     -1151.252662749     -9.05e-09      2.72e-05        0.02
  15     -1151.252662749     -7.00e-10      6.52e-06        0.02

 SCF converged in 15 iterations.


 --------------------------------
  Double Hybrid MP2 Contribution 
 --------------------------------
 Method:                                 pre_transformed_df
 Density-fitting basis set:              def2-tzvp-ri
 Opposite-spin scale factor:             0.270000000
 Same-spin scale factor:                 0.270000000

 Unrestricted MP2 calculation:           
 Core spatial orbitals:                  5
 Correlated alpha orbitals:             11
 Correlated beta orbitals:               5
 Virtual alpha orbitals:               100
 Virtual beta orbitals:                106

 Reference Energy:                   -1151.252662749
 Opposite spin contribution:            -0.089995873
 Same spin contribution:                -0.055386262
 Total scaled MP2 contribution:         -0.145382135

 Dipole moment (in Debye):              -0.000000      -0.000000      -1.268317

 Quadrupole moment (in Debye-Angstrom):
                  1            2            3
 1       -16.718304    -0.000000     0.000000
 2        -0.000000   -16.718304     0.000000
 3         0.000000     0.000000   -25.943209

 Spin-squared expectation <S^2>:        12.003
 Total spin quantum number S:            3.000
 TOTAL ENERGY:                       -1151.398044885

 --------------------------------------------------------------------------------

 End time:                               Wed Jun  2 11:51:49 2021
 Total wall-clock time:                  2.286 seconds
==================================================================================
