
================================================================================
          _____________ ________ _______________ ________     _________         
         / ___________// ______ \\_____   _____// ______ \   / ________)        
        / /_________  / /      \ \     | |     / /      \ \ | (_______          
       |  __________|| |        | |    | |    | |        | | \________ \        
        \ \_________ | |        | |    | |     \ \______/ /___________) |       
         \__________||_|        |_|    |_|      \________//____________/        
                                                                                
====================================[ Qcore ]===================================

 Git hash:   15a3e7daff0cda5fa9af010ccd19a80288182ecf
 Git date:   Fri, 16 Apr 2021 15:57:16 +0100
 Compiler:   GNU 9.1.0
 Build type: Release
 Version:    1.1.0

 Start time: Wed Jun  2 11:51:52 2021

 Data directory: /work/zw18965/.local/qcore/share/entos/1.1.0/data
 Number of threads: 24
 Number of threads was determined by: command line argument

 --------------------------------------------------------------------------------
                                   command: dft                                  
 --------------------------------------------------------------------------------
 AO basis set:                           aug-cc-pvtz
 Number of AO basis functions:         143

 Formula:                                ClMn
 Nuclear charge:                        42.000000000
 Total charge:                           0.000000000
 Number of electrons:                   42.000000000

 Number of alpha electrons:             24
 Number of beta electrons:              18
 Number of unpaired electrons:           6
 Spin:                                   6
 Multiplicity:                           octet

 Theory:                                 dft
 Exchange-correlation functional:        0.47 b88 + 0.73 lyp
 Method for Coulomb:                     incore_df
 Method for exact exchange:              pre_transformed_df
 Integral threshold:                     1.00e-12
 DF basis set:                           def2-tzvp-jkfit(spdfghi)
 Number of DF basis functions:         392
 Schwarz screening threshold:            1.00e-10
 Coulomb fitting method:                 Cholesky
 Total number of grid points:        15430
 Method for AO orthogonalization:        symmetric
 Threshold for linear dependence:        1.00e-08
 D3BJ dispersion energy:                -0.001392277

 -------------------------------------
  Running unrestricted open-shell SCF 
 -------------------------------------
 Max number of iterations:             128
 Conv. threshold (gradient):             1.00e-05
 Conv. threshold (energy):               1.00e-06
 Interpolation scheme:                   adiis+cdiis
 Initial guess:                          H0

 ---------------------------------------------------------------
                  energy        change          grad        time
 ---------------------------------------------------------------
   0     -1474.902402282                    1.58e+01        0.05
   1     -1473.013771187      1.89e+00      8.77e+00        0.03
   2     -1322.388459287      1.51e+02      1.71e+01        0.03
   3     -1586.903550762     -2.65e+02      6.34e+00        0.03
   4     -1596.353239974     -9.45e+00      5.12e+00        0.04
   5     -1610.286194161     -1.39e+01      9.55e-01        0.03
   6     -1610.350459680     -6.43e-02      8.58e-01        0.03
   7     -1610.783061561     -4.33e-01      1.42e-01        0.03
   8     -1610.788969581     -5.91e-03      1.18e-01        0.04
   9     -1610.794320312     -5.35e-03      4.94e-02        0.04
  10     -1610.794505270     -1.85e-04      4.03e-02        0.04
  11     -1610.795344147     -8.39e-04      2.24e-03        0.04
  12     -1610.795347033     -2.89e-06      8.34e-04        0.03
  13     -1610.795347530     -4.97e-07      1.40e-04        0.03
  14     -1610.795347569     -3.91e-08      3.72e-05        0.03
  15     -1610.795347571     -2.18e-09      1.20e-05        0.03
  16     -1610.795347571     -2.00e-10      2.36e-06        0.03

 SCF converged in 16 iterations.


 --------------------------------
  Double Hybrid MP2 Contribution 
 --------------------------------
 Method:                                 pre_transformed_df
 Density-fitting basis set:              def2-tzvp-ri
 Opposite-spin scale factor:             0.270000000
 Same-spin scale factor:                 0.270000000

 Unrestricted MP2 calculation:           
 Core spatial orbitals:                 10
 Correlated alpha orbitals:             14
 Correlated beta orbitals:               8
 Virtual alpha orbitals:               119
 Virtual beta orbitals:                125

 Reference Energy:                   -1610.795347571
 Opposite spin contribution:            -0.131755381
 Same spin contribution:                -0.072882573
 Total scaled MP2 contribution:         -0.204637954

 Dipole moment (in Debye):              -0.000000      -0.000000      -3.114167

 Quadrupole moment (in Debye-Angstrom):
                  1            2            3
 1       -28.208067     0.000000     0.000000
 2         0.000000   -28.208067     0.000000
 3         0.000000     0.000000   -34.459910

 Spin-squared expectation <S^2>:        12.004
 Total spin quantum number S:            3.001
 TOTAL ENERGY:                       -1610.999985525

 --------------------------------------------------------------------------------

 End time:                               Wed Jun  2 11:51:55 2021
 Total wall-clock time:                  2.953 seconds
==================================================================================
