
================================================================================
          _____________ ________ _______________ ________     _________         
         / ___________// ______ \\_____   _____// ______ \   / ________)        
        / /_________  / /      \ \     | |     / /      \ \ | (_______          
       |  __________|| |        | |    | |    | |        | | \________ \        
        \ \_________ | |        | |    | |     \ \______/ /___________) |       
         \__________||_|        |_|    |_|      \________//____________/        
                                                                                
====================================[ Qcore ]===================================

 Git hash:   15a3e7daff0cda5fa9af010ccd19a80288182ecf
 Git date:   Fri, 16 Apr 2021 15:57:16 +0100
 Compiler:   GNU 9.1.0
 Build type: Release
 Version:    1.1.0

 Start time: Wed Jun  2 11:51:55 2021

 Data directory: /work/zw18965/.local/qcore/share/entos/1.1.0/data
 Number of threads: 24
 Number of threads was determined by: command line argument

 --------------------------------------------------------------------------------
                                   command: dft                                  
 --------------------------------------------------------------------------------
 AO basis set:                           aug-cc-pvtz
 Number of AO basis functions:         152

 Formula:                                MnBr
 Nuclear charge:                        60.000000000
 Total charge:                           0.000000000
 Number of electrons:                   60.000000000

 Number of alpha electrons:             33
 Number of beta electrons:              27
 Number of unpaired electrons:           6
 Spin:                                   6
 Multiplicity:                           octet

 Theory:                                 dft
 Exchange-correlation functional:        0.47 b88 + 0.73 lyp
 Method for Coulomb:                     incore_df
 Method for exact exchange:              pre_transformed_df
 Integral threshold:                     1.00e-12
 DF basis set:                           def2-tzvp-jkfit(spdfghi)
 Number of DF basis functions:         530
 Schwarz screening threshold:            1.00e-10
 Coulomb fitting method:                 Cholesky
 Total number of grid points:        16100
 Method for AO orthogonalization:        symmetric
 Threshold for linear dependence:        1.00e-08
 D3BJ dispersion energy:                -0.001695913

 -------------------------------------
  Running unrestricted open-shell SCF 
 -------------------------------------
 Max number of iterations:             128
 Conv. threshold (gradient):             1.00e-05
 Conv. threshold (energy):               1.00e-06
 Interpolation scheme:                   adiis+cdiis
 Initial guess:                          H0

 ---------------------------------------------------------------
                  energy        change          grad        time
 ---------------------------------------------------------------
   0     -3648.398254228                    1.09e+01        0.05
   1     -3625.239864465      2.32e+01      6.63e+00        0.03
   2     -3485.317383197      1.40e+02      1.20e+01        0.03
   3     -3709.995446216     -2.25e+02      4.68e+00        0.03
   4     -3712.871204713     -2.88e+00      4.61e+00        0.03
   5     -3720.412878341     -7.54e+00      2.54e+00        0.04
   6     -3723.214190480     -2.80e+00      2.37e+00        0.03
   7     -3724.408633789     -1.19e+00      3.70e-01        0.04
   8     -3724.462502679     -5.39e-02      2.46e-01        0.04
   9     -3724.488863011     -2.64e-02      1.30e-01        0.04
  10     -3724.496617634     -7.75e-03      6.66e-02        0.04
  11     -3724.498940314     -2.32e-03      4.33e-02        0.04
  12     -3724.499802411     -8.62e-04      2.43e-03        0.04
  13     -3724.499805807     -3.40e-06      6.07e-04        0.03
  14     -3724.499806161     -3.54e-07      2.43e-04        0.03
  15     -3724.499806195     -3.38e-08      5.55e-05        0.03
  16     -3724.499806199     -3.83e-09      1.54e-05        0.03
  17     -3724.499806199     -2.66e-10      4.19e-06        0.03

 SCF converged in 17 iterations.


 --------------------------------
  Double Hybrid MP2 Contribution 
 --------------------------------
 Method:                                 pre_transformed_df
 Density-fitting basis set:              def2-tzvp-ri
 Opposite-spin scale factor:             0.270000000
 Same-spin scale factor:                 0.270000000

 Unrestricted MP2 calculation:           
 Core spatial orbitals:                 14
 Correlated alpha orbitals:             19
 Correlated beta orbitals:              13
 Virtual alpha orbitals:               119
 Virtual beta orbitals:                125

 Reference Energy:                   -3724.499806199
 Opposite spin contribution:            -0.136837948
 Same spin contribution:                -0.079059814
 Total scaled MP2 contribution:         -0.215897762

 Dipole moment (in Debye):               0.000000       0.000000      -3.177107

 Quadrupole moment (in Debye-Angstrom):
                  1            2            3
 1       -34.388298     0.000000    -0.000000
 2         0.000000   -34.388298    -0.000000
 3        -0.000000    -0.000000   -37.196676

 Spin-squared expectation <S^2>:        12.004
 Total spin quantum number S:            3.001
 TOTAL ENERGY:                       -3724.715703961

 --------------------------------------------------------------------------------

 End time:                               Wed Jun  2 11:51:59 2021
 Total wall-clock time:                  3.531 seconds
==================================================================================
