
================================================================================
          _____________ ________ _______________ ________     _________         
         / ___________// ______ \\_____   _____// ______ \   / ________)        
        / /_________  / /      \ \     | |     / /      \ \ | (_______          
       |  __________|| |        | |    | |    | |        | | \________ \        
        \ \_________ | |        | |    | |     \ \______/ /___________) |       
         \__________||_|        |_|    |_|      \________//____________/        
                                                                                
====================================[ Qcore ]===================================

 Git hash:   15a3e7daff0cda5fa9af010ccd19a80288182ecf
 Git date:   Fri, 16 Apr 2021 15:57:16 +0100
 Compiler:   GNU 9.1.0
 Build type: Release
 Version:    1.1.0

 Start time: Wed Jun  2 11:52:02 2021

 Data directory: /work/zw18965/.local/qcore/share/entos/1.1.0/data
 Number of threads: 24
 Number of threads was determined by: command line argument

 --------------------------------------------------------------------------------
                                   command: dft                                  
 --------------------------------------------------------------------------------
 AO basis set:                           aug-cc-pvtz
 Number of AO basis functions:         143

 Formula:                                SMn
 Nuclear charge:                        41.000000000
 Total charge:                           0.000000000
 Number of electrons:                   41.000000000

 Number of alpha electrons:             23
 Number of beta electrons:              18
 Number of unpaired electrons:           5
 Spin:                                   5
 Multiplicity:                           septet

 Theory:                                 dft
 Exchange-correlation functional:        0.47 b88 + 0.73 lyp
 Method for Coulomb:                     incore_df
 Method for exact exchange:              pre_transformed_df
 Integral threshold:                     1.00e-12
 DF basis set:                           def2-tzvp-jkfit(spdfghi)
 Number of DF basis functions:         392
 Schwarz screening threshold:            1.00e-10
 Coulomb fitting method:                 Cholesky
 Total number of grid points:        15286
 Method for AO orthogonalization:        symmetric
 Threshold for linear dependence:        1.00e-08
 D3BJ dispersion energy:                -0.001625751

 -------------------------------------
  Running unrestricted open-shell SCF 
 -------------------------------------
 Max number of iterations:             128
 Conv. threshold (gradient):             1.00e-05
 Conv. threshold (energy):               1.00e-06
 Interpolation scheme:                   adiis+cdiis
 Initial guess:                          H0

 ---------------------------------------------------------------
                  energy        change          grad        time
 ---------------------------------------------------------------
   0     -1432.211630124                    1.93e+01        0.05
   1     -1426.500176271      5.71e+00      8.57e+00        0.03
   2     -1299.690975396      1.27e+02      1.50e+01        0.03
   3     -1529.233838822     -2.30e+02      6.75e+00        0.03
   4     -1535.433503032     -6.20e+00      5.12e+00        0.03
   5     -1548.282068682     -1.28e+01      7.81e-01        0.03
   6     -1547.852331166      4.30e-01      1.39e+00        0.03
   7     -1548.703308182     -8.51e-01      1.88e-01        0.04
   8     -1548.689794375      1.35e-02      2.59e-01        0.03
   9     -1548.723049034     -3.33e-02      6.48e-02        0.04
  10     -1548.724704400     -1.66e-03      5.52e-02        0.04
  11     -1548.727233174     -2.53e-03      1.81e-02        0.03
  12     -1548.727934693     -7.02e-04      1.46e-02        0.03
  13     -1548.728226719     -2.92e-04      5.38e-03        0.04
  14     -1548.728260632     -3.39e-05      1.59e-03        0.03
  15     -1548.728266518     -5.89e-06      7.68e-04        0.03
  16     -1548.728267854     -1.34e-06      2.15e-04        0.03
  17     -1548.728267996     -1.42e-07      8.33e-05        0.03
  18     -1548.728268009     -1.35e-08      1.29e-05        0.03
  19     -1548.728268009     -2.75e-10      3.87e-06        0.03

 SCF converged in 19 iterations.


 --------------------------------
  Double Hybrid MP2 Contribution 
 --------------------------------
 Method:                                 pre_transformed_df
 Density-fitting basis set:              def2-tzvp-ri
 Opposite-spin scale factor:             0.270000000
 Same-spin scale factor:                 0.270000000

 Unrestricted MP2 calculation:           
 Core spatial orbitals:                 10
 Correlated alpha orbitals:             13
 Correlated beta orbitals:               8
 Virtual alpha orbitals:               120
 Virtual beta orbitals:                125

 Reference Energy:                   -1548.728268009
 Opposite spin contribution:            -0.141280010
 Same spin contribution:                -0.076997241
 Total scaled MP2 contribution:         -0.218277251

 Dipole moment (in Debye):               0.000000       0.000000      -6.628556

 Quadrupole moment (in Debye-Angstrom):
                  1            2            3
 1       -29.755493     0.000000     0.000000
 2         0.000000   -29.755493     0.000000
 3         0.000000     0.000000   -26.400326

 Spin-squared expectation <S^2>:         8.937
 Total spin quantum number S:            2.531
 TOTAL ENERGY:                       -1548.946545261

 --------------------------------------------------------------------------------

 End time:                               Wed Jun  2 11:52:05 2021
 Total wall-clock time:                  3.179 seconds
==================================================================================
