
================================================================================
          _____________ ________ _______________ ________     _________         
         / ___________// ______ \\_____   _____// ______ \   / ________)        
        / /_________  / /      \ \     | |     / /      \ \ | (_______          
       |  __________|| |        | |    | |    | |        | | \________ \        
        \ \_________ | |        | |    | |     \ \______/ /___________) |       
         \__________||_|        |_|    |_|      \________//____________/        
                                                                                
====================================[ Qcore ]===================================

 Git hash:   15a3e7daff0cda5fa9af010ccd19a80288182ecf
 Git date:   Fri, 16 Apr 2021 15:57:16 +0100
 Compiler:   GNU 9.1.0
 Build type: Release
 Version:    1.1.0

 Start time: Wed Jun  2 11:52:08 2021

 Data directory: /work/zw18965/.local/qcore/share/entos/1.1.0/data
 Number of threads: 24
 Number of threads was determined by: command line argument

 --------------------------------------------------------------------------------
                                   command: dft                                  
 --------------------------------------------------------------------------------
 AO basis set:                           aug-cc-pvtz
 Number of AO basis functions:         139

 Formula:                                FFe
 Nuclear charge:                        35.000000000
 Total charge:                           0.000000000
 Number of electrons:                   35.000000000

 Number of alpha electrons:             20
 Number of beta electrons:              15
 Number of unpaired electrons:           5
 Spin:                                   5
 Multiplicity:                           septet

 Theory:                                 dft
 Exchange-correlation functional:        0.47 b88 + 0.73 lyp
 Method for Coulomb:                     incore_df
 Method for exact exchange:              pre_transformed_df
 Integral threshold:                     1.00e-12
 DF basis set:                           def2-tzvp-jkfit(spdfghi)
 Number of DF basis functions:         341
 Schwarz screening threshold:            1.00e-10
 Coulomb fitting method:                 Cholesky
 Total number of grid points:        14748
 Method for AO orthogonalization:        symmetric
 Threshold for linear dependence:        1.00e-08
 D3BJ dispersion energy:                -0.000395121

 -------------------------------------
  Running unrestricted open-shell SCF 
 -------------------------------------
 Max number of iterations:             128
 Conv. threshold (gradient):             1.00e-05
 Conv. threshold (energy):               1.00e-06
 Interpolation scheme:                   adiis+cdiis
 Initial guess:                          H0

 ---------------------------------------------------------------
                  energy        change          grad        time
 ---------------------------------------------------------------
   0     -1205.888354197                    1.58e+01        0.04
   1     -1209.119949531     -3.23e+00      1.03e+01        0.03
   2     -1275.290398240     -6.62e+01      1.34e+01        0.03
   3     -1354.687173715     -7.94e+01      5.60e+00        0.03
   4     -1344.094832702      1.06e+01      7.18e+00        0.02
   5     -1362.551101978     -1.85e+01      1.51e+00        0.03
   6     -1359.169573893      3.38e+00      4.18e+00        0.03
   7     -1362.992128757     -3.82e+00      7.62e-01        0.03
   8     -1363.082491169     -9.04e-02      4.48e-01        0.03
   9     -1363.133588464     -5.11e-02      1.56e-01        0.04
  10     -1363.132842564      7.46e-04      1.68e-01        0.04
  11     -1363.139884185     -7.04e-03      1.14e-02        0.04
  12     -1363.139894729     -1.05e-05      9.80e-03        0.04
  13     -1363.139921512     -2.68e-05      8.98e-04        0.03
  14     -1363.139922105     -5.93e-07      1.99e-04        0.03
  15     -1363.139922130     -2.57e-08      7.55e-05        0.03
  16     -1363.139922133     -2.41e-09      1.47e-05        0.03
  17     -1363.139922133     -1.41e-10      3.86e-06        0.03

 SCF converged in 17 iterations.


 --------------------------------
  Double Hybrid MP2 Contribution 
 --------------------------------
 Method:                                 pre_transformed_df
 Density-fitting basis set:              def2-tzvp-ri
 Opposite-spin scale factor:             0.270000000
 Same-spin scale factor:                 0.270000000

 Unrestricted MP2 calculation:           
 Core spatial orbitals:                  6
 Correlated alpha orbitals:             14
 Correlated beta orbitals:               9
 Virtual alpha orbitals:               119
 Virtual beta orbitals:                124

 Reference Energy:                   -1363.139922133
 Opposite spin contribution:            -0.168473329
 Same spin contribution:                -0.084063111
 Total scaled MP2 contribution:         -0.252536440

 Dipole moment (in Debye):               0.000000       0.000000      -2.753910

 Quadrupole moment (in Debye-Angstrom):
                  1            2            3
 1       -18.985480    -0.222349     0.000000
 2        -0.222349   -18.985546     0.000000
 3         0.000000     0.000000   -27.549429

 Spin-squared expectation <S^2>:         8.754
 Total spin quantum number S:            2.501
 TOTAL ENERGY:                       -1363.392458573

 --------------------------------------------------------------------------------

 End time:                               Wed Jun  2 11:52:11 2021
 Total wall-clock time:                  2.899 seconds
==================================================================================
