
================================================================================
          _____________ ________ _______________ ________     _________         
         / ___________// ______ \\_____   _____// ______ \   / ________)        
        / /_________  / /      \ \     | |     / /      \ \ | (_______          
       |  __________|| |        | |    | |    | |        | | \________ \        
        \ \_________ | |        | |    | |     \ \______/ /___________) |       
         \__________||_|        |_|    |_|      \________//____________/        
                                                                                
====================================[ Qcore ]===================================

 Git hash:   15a3e7daff0cda5fa9af010ccd19a80288182ecf
 Git date:   Fri, 16 Apr 2021 15:57:16 +0100
 Compiler:   GNU 9.1.0
 Build type: Release
 Version:    1.1.0

 Start time: Wed Jun  2 11:52:14 2021

 Data directory: /work/zw18965/.local/qcore/share/entos/1.1.0/data
 Number of threads: 24
 Number of threads was determined by: command line argument

 --------------------------------------------------------------------------------
                                   command: dft                                  
 --------------------------------------------------------------------------------
 AO basis set:                           aug-cc-pvtz
 Number of AO basis functions:         152

 Formula:                                FeBr
 Nuclear charge:                        61.000000000
 Total charge:                           0.000000000
 Number of electrons:                   61.000000000

 Number of alpha electrons:             33
 Number of beta electrons:              28
 Number of unpaired electrons:           5
 Spin:                                   5
 Multiplicity:                           septet

 Theory:                                 dft
 Exchange-correlation functional:        0.47 b88 + 0.73 lyp
 Method for Coulomb:                     incore_df
 Method for exact exchange:              pre_transformed_df
 Integral threshold:                     1.00e-12
 DF basis set:                           def2-tzvp-jkfit(spdfghi)
 Number of DF basis functions:         530
 Schwarz screening threshold:            1.00e-10
 Coulomb fitting method:                 Cholesky
 Total number of grid points:        16100
 Method for AO orthogonalization:        symmetric
 Threshold for linear dependence:        1.00e-08
 D3BJ dispersion energy:                -0.001575703

 -------------------------------------
  Running unrestricted open-shell SCF 
 -------------------------------------
 Max number of iterations:             128
 Conv. threshold (gradient):             1.00e-05
 Conv. threshold (energy):               1.00e-06
 Interpolation scheme:                   adiis+cdiis
 Initial guess:                          H0

 ---------------------------------------------------------------
                  energy        change          grad        time
 ---------------------------------------------------------------
   0     -3753.562020114                    9.59e+00        0.05
   1     -3720.091382102      3.35e+01      7.07e+00        0.04
   2     -3551.933263139      1.68e+02      1.16e+01        0.03
   3     -3820.026461838     -2.68e+02      5.72e+00        0.03
   4     -3822.125661710     -2.10e+00      5.29e+00        0.03
   5     -3832.868141684     -1.07e+01      2.51e+00        0.04
   6     -3835.209147920     -2.34e+00      3.14e+00        0.04
   7     -3837.020248062     -1.81e+00      6.49e-01        0.03
   8     -3837.006882003      1.34e-02      7.27e-01        0.04
   9     -3837.140254822     -1.33e-01      1.17e-01        0.04
  10     -3837.142103734     -1.85e-03      1.41e-01        0.05
  11     -3837.146013904     -3.91e-03      4.86e-02        0.04
  12     -3837.146166394     -1.52e-04      6.35e-02        0.04
  13     -3837.147071436     -9.05e-04      1.14e-02        0.04
  14     -3837.147215429     -1.44e-04      1.15e-02        0.04
  15     -3837.147266523     -5.11e-05      1.14e-02        0.03
  16     -3837.147119589      1.47e-04      1.13e-02        0.03
  17     -3837.145943669      1.18e-03      1.59e-02        0.04
  18     -3837.145893494      5.02e-05      1.81e-02        0.04
  19     -3837.144852152      1.04e-03      3.09e-02        0.05
  20     -3837.144986001     -1.34e-04      2.87e-02        0.04
  21     -3837.145000653     -1.47e-05      2.87e-02        0.03
  22     -3837.144934582      6.61e-05      3.04e-02        0.04
  23     -3837.144941170     -6.59e-06      3.02e-02        0.04
  24     -3837.144944859     -3.69e-06      2.96e-02        0.04
  25     -3837.144842866      1.02e-04      2.90e-02        0.04
  26     -3837.144715780      1.27e-04      2.47e-02        0.03
  27     -3837.144814846     -9.91e-05      5.13e-03        0.05
  28     -3837.144529019      2.86e-04      2.47e-02        0.04
  29     -3837.144849579     -3.21e-04      4.41e-03        0.03
  30     -3837.144883769     -3.42e-05      4.05e-03        0.04
  31     -3837.144681807      2.02e-04      5.16e-03        0.04
  32     -3837.144607281      7.45e-05      4.96e-03        0.04
  33     -3837.144608831     -1.55e-06      1.16e-03        0.04
  34     -3837.144608984     -1.53e-07      1.61e-04        0.04
  35     -3837.144608987     -2.68e-09      1.20e-04        0.03
  36     -3837.144608989     -2.27e-09      1.28e-05        0.04
  37     -3837.144608989      3.32e-11      1.07e-05        0.03
  38     -3837.144608989     -1.55e-11      2.25e-06        0.04

 SCF converged in 38 iterations.


 --------------------------------
  Double Hybrid MP2 Contribution 
 --------------------------------
 Method:                                 pre_transformed_df
 Density-fitting basis set:              def2-tzvp-ri
 Opposite-spin scale factor:             0.270000000
 Same-spin scale factor:                 0.270000000

 Unrestricted MP2 calculation:           
 Core spatial orbitals:                 14
 Correlated alpha orbitals:             19
 Correlated beta orbitals:              14
 Virtual alpha orbitals:               119
 Virtual beta orbitals:                124

 Reference Energy:                   -3837.144608989
 Opposite spin contribution:            -0.158707972
 Same spin contribution:                -0.083092029
 Total scaled MP2 contribution:         -0.241800001

 Dipole moment (in Debye):               0.000000       0.000000      -2.845184

 Quadrupole moment (in Debye-Angstrom):
                  1            2            3
 1       -34.303025    -0.000000    -0.000000
 2        -0.000000   -34.303025    -0.000000
 3        -0.000000    -0.000000   -36.135483

 Spin-squared expectation <S^2>:         8.757
 Total spin quantum number S:            2.501
 TOTAL ENERGY:                       -3837.386408990

 --------------------------------------------------------------------------------

 End time:                               Wed Jun  2 11:52:18 2021
 Total wall-clock time:                  4.440 seconds
==================================================================================
