
================================================================================
          _____________ ________ _______________ ________     _________         
         / ___________// ______ \\_____   _____// ______ \   / ________)        
        / /_________  / /      \ \     | |     / /      \ \ | (_______          
       |  __________|| |        | |    | |    | |        | | \________ \        
        \ \_________ | |        | |    | |     \ \______/ /___________) |       
         \__________||_|        |_|    |_|      \________//____________/        
                                                                                
====================================[ Qcore ]===================================

 Git hash:   15a3e7daff0cda5fa9af010ccd19a80288182ecf
 Git date:   Fri, 16 Apr 2021 15:57:16 +0100
 Compiler:   GNU 9.1.0
 Build type: Release
 Version:    1.1.0

 Start time: Wed Jun  2 11:58:04 2021

 Data directory: /work/zw18965/.local/qcore/share/entos/1.1.0/data
 Number of threads: 24
 Number of threads was determined by: number of physical cores

 --------------------------------------------------------------------------------
                                   command: dft                                  
 --------------------------------------------------------------------------------
 AO basis set:                           aug-cc-pvtz
 Number of AO basis functions:         139

 Formula:                                OFe
 Nuclear charge:                        34.000000000
 Total charge:                           0.000000000
 Number of electrons:                   34.000000000

 Number of alpha electrons:             19
 Number of beta electrons:              15
 Number of unpaired electrons:           4
 Spin:                                   4
 Multiplicity:                           quintet

 Theory:                                 dft
 Exchange-correlation functional:        blyp
 Method for Coulomb:                     incore_df
 Integral threshold:                     1.00e-12
 DF basis set:                           def2-tzvp-jkfit(spdfghi)
 Number of DF basis functions:         341
 Schwarz screening threshold:            1.00e-10
 Coulomb fitting method:                 Cholesky
 Total number of grid points:        14880
 Method for AO orthogonalization:        symmetric
 Threshold for linear dependence:        1.00e-08

 -------------------------------------
  Running unrestricted open-shell SCF 
 -------------------------------------
 Max number of iterations:             128
 Conv. threshold (gradient):             1.00e-05
 Conv. threshold (energy):               1.00e-06
 Interpolation scheme:                   adiis+cdiis
 Initial guess:                          H0

 ---------------------------------------------------------------
                  energy        change          grad        time
 ---------------------------------------------------------------
   0     -1205.889415680                    1.98e+01        0.04
   1     -1201.887026127      4.00e+00      9.83e+00        0.03
   2     -1264.184790837     -6.23e+01      1.39e+01        0.03
   3     -1330.763538245     -6.66e+01      4.92e+00        0.03
   4     -1327.406884559      3.36e+00      6.06e+00        0.03
   5     -1326.583766862      8.23e-01      4.22e+00        0.03
   6     -1337.550217117     -1.10e+01      2.27e+00        0.03
   7     -1337.358200212      1.92e-01      2.54e+00        0.03
   8     -1338.823145108     -1.46e+00      8.67e-01        0.03
   9     -1338.582411443      2.41e-01      1.05e+00        0.03
  10     -1338.860726321     -2.78e-01      7.81e-01        0.04
  11     -1338.861088175     -3.62e-04      8.71e-01        0.03
  12     -1339.032491943     -1.71e-01      1.03e-01        0.03
  13     -1338.956366411      7.61e-02      5.36e-01        0.04
  14     -1339.025766410     -6.94e-02      1.87e-01        0.04
  15     -1339.034443119     -8.68e-03      2.14e-02        0.04
  16     -1339.032073286      2.37e-03      9.97e-02        0.05
  17     -1339.034599588     -2.53e-03      2.35e-03        0.06
  18     -1339.034599550      3.79e-08      3.28e-03        0.03
  19     -1339.034601726     -2.18e-06      4.38e-04        0.03
  20     -1339.034601781     -5.51e-08      7.44e-05        0.04
  21     -1339.034601783     -1.53e-09      1.91e-05        0.03
  22     -1339.034601783     -1.23e-10      3.99e-06        0.03

 SCF converged in 22 iterations.

 Dipole moment (in Debye):              -0.000000      -0.000000      -4.275497

 Quadrupole moment (in Debye-Angstrom):
                  1            2            3
 1       -19.926900    -0.000000    -0.000000
 2        -0.000000   -19.926900    -0.000000
 3        -0.000000    -0.000000   -21.177804

 Spin-squared expectation <S^2>:         6.015
 Total spin quantum number S:            2.003
 TOTAL ENERGY:                       -1339.034601783
 Saving results in set 'guess'

 --------------------------------------------------------------------------------
                                   command: dft                                  
 --------------------------------------------------------------------------------
 AO basis set:                           aug-cc-pvtz
 Number of AO basis functions:         139

 Formula:                                OFe
 Nuclear charge:                        34.000000000
 Total charge:                           0.000000000
 Number of electrons:                   34.000000000

 Number of alpha electrons:             19
 Number of beta electrons:              15
 Number of unpaired electrons:           4
 Spin:                                   4
 Multiplicity:                           quintet

 Theory:                                 dft
 Exchange-correlation functional:        0.47 b88 + 0.73 lyp
 Method for Coulomb:                     incore_df
 Method for exact exchange:              pre_transformed_df
 Integral threshold:                     1.00e-12
 DF basis set:                           def2-tzvp-jkfit(spdfghi)
 Number of DF basis functions:         341
 Schwarz screening threshold:            1.00e-10
 Coulomb fitting method:                 Cholesky
 Total number of grid points:        14880
 Method for AO orthogonalization:        symmetric
 Threshold for linear dependence:        1.00e-08
 D3BJ dispersion energy:                -0.000552983

 -------------------------------------
  Running unrestricted open-shell SCF 
 -------------------------------------
 Max number of iterations:             128
 Conv. threshold (gradient):             1.00e-05
 Conv. threshold (energy):               1.00e-06
 Interpolation scheme:                   adiis+cdiis

 ---------------------------------------------------------------
                  energy        change          grad        time
 ---------------------------------------------------------------
   0     -1338.402547577                    2.81e-01        0.05
   1     -1338.424002607     -2.15e-02      2.45e-01        0.03
   2     -1338.358047301      6.60e-02      5.04e-01        0.03
   3     -1338.432748478     -7.47e-02      1.35e-01        0.03
   4     -1338.433592249     -8.44e-04      1.76e-01        0.03
   5     -1338.439735236     -6.14e-03      3.60e-02        0.03
   6     -1338.439404127      3.31e-04      9.34e-02        0.03
   7     -1338.442118597     -2.71e-03      1.80e-02        0.03
   8     -1338.442525327     -4.07e-04      1.54e-02        0.03
   9     -1338.443079776     -5.54e-04      7.90e-03        0.03
  10     -1338.443362385     -2.83e-04      6.29e-03        0.03
  11     -1338.443403560     -4.12e-05      1.35e-03        0.03
  12     -1338.443412246     -8.69e-06      4.90e-04        0.03
  13     -1338.443412812     -5.66e-07      1.80e-04        0.03
  14     -1338.443412840     -2.83e-08      6.43e-05        0.03
  15     -1338.443412845     -5.04e-09      1.84e-05        0.03
  16     -1338.443412845     -4.00e-11      1.44e-05        0.03
  17     -1338.443412846     -3.49e-10      3.43e-06        0.03

 SCF converged in 17 iterations.


 --------------------------------
  Double Hybrid MP2 Contribution 
 --------------------------------
 Method:                                 pre_transformed_df
 Density-fitting basis set:              def2-tzvp-ri
 Opposite-spin scale factor:             0.270000000
 Same-spin scale factor:                 0.270000000

 Unrestricted MP2 calculation:           
 Core spatial orbitals:                  6
 Correlated alpha orbitals:             13
 Correlated beta orbitals:               9
 Virtual alpha orbitals:               120
 Virtual beta orbitals:                124

 Reference Energy:                   -1338.443412846
 Opposite spin contribution:            -0.188511590
 Same spin contribution:                -0.095369329
 Total scaled MP2 contribution:         -0.283880919

 Dipole moment (in Debye):              -0.000000      -0.000000      -5.051869

 Quadrupole moment (in Debye-Angstrom):
                  1            2            3
 1       -19.614717    -0.000000    -0.000000
 2        -0.000000   -19.614717    -0.000000
 3        -0.000000    -0.000000   -22.423409

 Spin-squared expectation <S^2>:         6.270
 Total spin quantum number S:            2.054
 TOTAL ENERGY:                       -1338.727293765

 --------------------------------------------------------------------------------

 End time:                               Wed Jun  2 11:58:13 2021
 Total wall-clock time:                  8.192 seconds
==================================================================================
