
================================================================================
          _____________ ________ _______________ ________     _________         
         / ___________// ______ \\_____   _____// ______ \   / ________)        
        / /_________  / /      \ \     | |     / /      \ \ | (_______          
       |  __________|| |        | |    | |    | |        | | \________ \        
        \ \_________ | |        | |    | |     \ \______/ /___________) |       
         \__________||_|        |_|    |_|      \________//____________/        
                                                                                
====================================[ Qcore ]===================================

 Git hash:   15a3e7daff0cda5fa9af010ccd19a80288182ecf
 Git date:   Fri, 16 Apr 2021 15:57:16 +0100
 Compiler:   GNU 9.1.0
 Build type: Release
 Version:    1.1.0

 Start time: Wed Jun  2 12:54:17 2021

 Data directory: /work/zw18965/.local/qcore/share/entos/1.1.0/data
 Number of threads: 24
 Number of threads was determined by: number of physical cores

 --------------------------------------------------------------------------------
                                   command: dft                                  
 --------------------------------------------------------------------------------
 AO basis set:                           aug-cc-pvtz
 Number of AO basis functions:         143

 Formula:                                ClCo
 Nuclear charge:                        44.000000000
 Total charge:                           0.000000000
 Number of electrons:                   44.000000000

 Number of alpha electrons:             23
 Number of beta electrons:              21
 Number of unpaired electrons:           2
 Spin:                                   2
 Multiplicity:                           triplet

 Theory:                                 dft
 Exchange-correlation functional:        blyp
 Method for Coulomb:                     incore_df
 Integral threshold:                     1.00e-12
 DF basis set:                           def2-tzvp-jkfit(spdfghi)
 Number of DF basis functions:         392
 Schwarz screening threshold:            1.00e-10
 Coulomb fitting method:                 Cholesky
 Total number of grid points:        15430
 Method for AO orthogonalization:        symmetric
 Threshold for linear dependence:        1.00e-08

 -------------------------------------
  Running unrestricted open-shell SCF 
 -------------------------------------
 Max number of iterations:             128
 Conv. threshold (gradient):             1.00e-05
 Conv. threshold (energy):               1.00e-06
 Interpolation scheme:                   adiis+cdiis
 Initial guess:                          H0

 ---------------------------------------------------------------
                  energy        change          grad        time
 ---------------------------------------------------------------
   0     -1666.865200272                    1.78e+01        0.04
   1     -1657.207625971      9.66e+00      9.88e+00        0.03
   2     -1524.422146851      1.33e+02      1.70e+01        0.03
   3     -1818.870247960     -2.94e+02      7.92e+00        0.03
   4     -1816.042053447      2.83e+00      6.49e+00        0.03
   5     -1841.578006239     -2.55e+01      1.57e+00        0.03
   6     -1834.628794388      6.95e+00      3.27e+00        0.03
   7     -1841.769617259     -7.14e+00      2.35e+00        0.04
   8     -1836.430810795      5.34e+00      3.41e+00        0.04
   9     -1842.682968618     -6.25e+00      1.18e+00        0.04
  10     -1841.540321366      1.14e+00      2.53e+00        0.04
  11     -1842.931250882     -1.39e+00      1.11e+00        0.04
  12     -1843.048907318     -1.18e-01      3.12e-01        0.04
  13     -1843.085768451     -3.69e-02      3.29e-01        0.04
  14     -1843.110625071     -2.49e-02      2.29e-01        0.04
  15     -1843.119952857     -9.33e-03      1.28e-01        0.04
  16     -1843.113490499      6.46e-03      2.27e-01        0.04
  17     -1843.122272867     -8.78e-03      6.56e-02        0.04
  18     -1843.124705861     -2.43e-03      4.06e-02        0.04
  19     -1843.124538755      1.67e-04      9.69e-03        0.04
  20     -1843.124234104      3.05e-04      1.09e-02        0.04
  21     -1843.124098203      1.36e-04      5.72e-03        0.03
  22     -1843.124095487      2.72e-06      4.25e-03        0.03
  23     -1843.124099742     -4.26e-06      6.64e-04        0.04
  24     -1843.124103943     -4.20e-06      8.76e-04        0.03
  25     -1843.124099664      4.28e-06      3.74e-04        0.04
  26     -1843.124099459      2.04e-07      2.56e-04        0.04
  27     -1843.124099476     -1.67e-08      1.11e-04        0.03
  28     -1843.124099484     -7.49e-09      1.07e-04        0.04
  29     -1843.124099482      1.55e-09      5.68e-05        0.04
  30     -1843.124099485     -2.75e-09      2.53e-05        0.03
  31     -1843.124099487     -2.01e-09      2.83e-05        0.03
  32     -1843.124099488     -1.11e-09      2.83e-05        0.04
  33     -1843.124099485      2.70e-09      2.48e-05        0.04
  34     -1843.124099485      3.42e-10      6.84e-06        0.03

 SCF converged in 34 iterations.

 Dipole moment (in Debye):               0.000018       0.000008      -4.204889

 Quadrupole moment (in Debye-Angstrom):
                  1            2            3
 1       -27.720914    -0.000011    -0.000021
 2        -0.000011   -27.720868    -0.000020
 3        -0.000021    -0.000020   -22.754559

 Spin-squared expectation <S^2>:         2.025
 Total spin quantum number S:            1.008
 TOTAL ENERGY:                       -1843.124099485
 Saving results in set 'guess'

 --------------------------------------------------------------------------------
                                   command: dft                                  
 --------------------------------------------------------------------------------
 AO basis set:                           aug-cc-pvtz
 Number of AO basis functions:         143

 Formula:                                ClCo
 Nuclear charge:                        44.000000000
 Total charge:                           0.000000000
 Number of electrons:                   44.000000000

 Number of alpha electrons:             23
 Number of beta electrons:              21
 Number of unpaired electrons:           2
 Spin:                                   2
 Multiplicity:                           triplet

 Theory:                                 dft
 Exchange-correlation functional:        0.47 b88 + 0.73 lyp
 Method for Coulomb:                     incore_df
 Method for exact exchange:              pre_transformed_df
 Integral threshold:                     1.00e-12
 DF basis set:                           def2-tzvp-jkfit(spdfghi)
 Number of DF basis functions:         392
 Schwarz screening threshold:            1.00e-10
 Coulomb fitting method:                 Cholesky
 Total number of grid points:        15430
 Method for AO orthogonalization:        symmetric
 Threshold for linear dependence:        1.00e-08
 D3BJ dispersion energy:                -0.001301466

 -------------------------------------
  Running unrestricted open-shell SCF 
 -------------------------------------
 Max number of iterations:             128
 Conv. threshold (gradient):             1.00e-05
 Conv. threshold (energy):               1.00e-06
 Interpolation scheme:                   adiis+cdiis

 ---------------------------------------------------------------
                  energy        change          grad        time
 ---------------------------------------------------------------
   0     -1842.425053376                    2.91e-01        0.06
   1     -1842.451764360     -2.67e-02      8.24e-02        0.04
   2     -1842.448653493      3.11e-03      1.65e-01        0.04
   3     -1842.455910868     -7.26e-03      1.71e-02        0.04
   4     -1842.456186588     -2.76e-04      1.17e-02        0.04
   5     -1842.456300875     -1.14e-04      5.65e-03        0.04
   6     -1842.456338943     -3.81e-05      3.81e-03        0.04
   7     -1842.456347657     -8.71e-06      1.96e-03        0.04
   8     -1842.456350632     -2.98e-06      1.21e-03        0.04
   9     -1842.456352746     -2.11e-06      7.03e-04        0.04
  10     -1842.456353539     -7.93e-07      3.17e-04        0.04
  11     -1842.456353759     -2.20e-07      8.88e-05        0.04
  12     -1842.456353772     -1.34e-08      8.61e-06        0.04

 SCF converged in 12 iterations.


 --------------------------------
  Double Hybrid MP2 Contribution 
 --------------------------------
 Method:                                 pre_transformed_df
 Density-fitting basis set:              def2-tzvp-ri
 Opposite-spin scale factor:             0.270000000
 Same-spin scale factor:                 0.270000000

 Unrestricted MP2 calculation:           
 Core spatial orbitals:                 10
 Correlated alpha orbitals:             13
 Correlated beta orbitals:              11
 Virtual alpha orbitals:               120
 Virtual beta orbitals:                122

 Reference Energy:                   -1842.456353772
 Opposite spin contribution:            -0.199379151
 Same spin contribution:                -0.094865304
 Total scaled MP2 contribution:         -0.294244454

 Dipole moment (in Debye):               0.000008       0.000007      -5.863144

 Quadrupole moment (in Debye-Angstrom):
                  1            2            3
 1       -26.523339    -0.000001    -0.000015
 2        -0.000001   -26.523335    -0.000014
 3        -0.000015    -0.000014   -23.221736

 Spin-squared expectation <S^2>:         2.021
 Total spin quantum number S:            1.007
 TOTAL ENERGY:                       -1842.750598227

 --------------------------------------------------------------------------------

 End time:                               Wed Jun  2 12:54:26 2021
 Total wall-clock time:                  9.045 seconds
==================================================================================
