
================================================================================
          _____________ ________ _______________ ________     _________         
         / ___________// ______ \\_____   _____// ______ \   / ________)        
        / /_________  / /      \ \     | |     / /      \ \ | (_______          
       |  __________|| |        | |    | |    | |        | | \________ \        
        \ \_________ | |        | |    | |     \ \______/ /___________) |       
         \__________||_|        |_|    |_|      \________//____________/        
                                                                                
====================================[ Qcore ]===================================

 Git hash:   15a3e7daff0cda5fa9af010ccd19a80288182ecf
 Git date:   Fri, 16 Apr 2021 15:57:16 +0100
 Compiler:   GNU 9.1.0
 Build type: Release
 Version:    1.1.0

 Start time: Wed Jun  2 11:52:39 2021

 Data directory: /work/zw18965/.local/qcore/share/entos/1.1.0/data
 Number of threads: 24
 Number of threads was determined by: command line argument

 --------------------------------------------------------------------------------
                                   command: dft                                  
 --------------------------------------------------------------------------------
 AO basis set:                           aug-cc-pvtz
 Number of AO basis functions:         152

 Formula:                                CoBr
 Nuclear charge:                        62.000000000
 Total charge:                           0.000000000
 Number of electrons:                   62.000000000

 Number of alpha electrons:             32
 Number of beta electrons:              30
 Number of unpaired electrons:           2
 Spin:                                   2
 Multiplicity:                           triplet

 Theory:                                 dft
 Exchange-correlation functional:        0.47 b88 + 0.73 lyp
 Method for Coulomb:                     incore_df
 Method for exact exchange:              pre_transformed_df
 Integral threshold:                     1.00e-12
 DF basis set:                           def2-tzvp-jkfit(spdfghi)
 Number of DF basis functions:         530
 Schwarz screening threshold:            1.00e-10
 Coulomb fitting method:                 Cholesky
 Total number of grid points:        16100
 Method for AO orthogonalization:        symmetric
 Threshold for linear dependence:        1.00e-08
 D3BJ dispersion energy:                -0.001590762

 -------------------------------------
  Running unrestricted open-shell SCF 
 -------------------------------------
 Max number of iterations:             128
 Conv. threshold (gradient):             1.00e-05
 Conv. threshold (energy):               1.00e-06
 Interpolation scheme:                   adiis+cdiis
 Initial guess:                          H0

 ---------------------------------------------------------------
                  energy        change          grad        time
 ---------------------------------------------------------------
   0     -3871.017279109                    1.03e+01        0.05
   1     -3811.269177239      5.97e+01      9.28e+00        0.04
   2     -3877.722007050     -6.65e+01      9.71e+00        0.04
   3     -3918.996412831     -4.13e+01      8.87e+00        0.04
   4     -3939.582008168     -2.06e+01      3.46e+00        0.04
   5     -3954.387292972     -1.48e+01      3.00e+00        0.04
   6     -3933.023725347      2.14e+01      5.78e+00        0.04
   7     -3955.341412650     -2.23e+01      1.66e+00        0.04
   8     -3956.050173598     -7.09e-01      5.98e-01        0.04
   9     -3955.973522402      7.67e-02      8.70e-01        0.04
  10     -3956.149508364     -1.76e-01      9.58e-02        0.05
  11     -3956.152112793     -2.60e-03      1.30e-01        0.05
  12     -3956.156859794     -4.75e-03      5.75e-02        0.04
  13     -3956.160392086     -3.53e-03      5.46e-02        0.04
  14     -3956.164740463     -4.35e-03      4.91e-02        0.04
  15     -3956.170534182     -5.79e-03      3.94e-02        0.04
  16     -3956.171075976     -5.42e-04      4.21e-02        0.04
  17     -3956.175048610     -3.97e-03      7.56e-02        0.04
  18     -3956.175165511     -1.17e-04      6.80e-02        0.03
  19     -3956.175517863     -3.52e-04      5.26e-02        0.05
  20     -3956.175950322     -4.32e-04      2.03e-02        0.05
  21     -3956.176074215     -1.24e-04      5.25e-03        0.04
  22     -3956.176091894     -1.77e-05      6.79e-03        0.04
  23     -3956.176095263     -3.37e-06      8.58e-03        0.04
  24     -3956.176110669     -1.54e-05      1.99e-03        0.04
  25     -3956.176114852     -4.18e-06      2.06e-03        0.04
  26     -3956.176116566     -1.71e-06      8.41e-04        0.03
  27     -3956.176116882     -3.16e-07      1.75e-04        0.04
  28     -3956.176116899     -1.77e-08      6.42e-05        0.04
  29     -3956.176116902     -2.37e-09      1.95e-05        0.04
  30     -3956.176116902     -2.92e-10      6.45e-06        0.04

 SCF converged in 30 iterations.


 --------------------------------
  Double Hybrid MP2 Contribution 
 --------------------------------
 Method:                                 pre_transformed_df
 Density-fitting basis set:              def2-tzvp-ri
 Opposite-spin scale factor:             0.270000000
 Same-spin scale factor:                 0.270000000

 Unrestricted MP2 calculation:           
 Core spatial orbitals:                 14
 Correlated alpha orbitals:             18
 Correlated beta orbitals:              16
 Virtual alpha orbitals:               120
 Virtual beta orbitals:                122

 Reference Energy:                   -3956.176116902
 Opposite spin contribution:            -0.203765101
 Same spin contribution:                -0.100087002
 Total scaled MP2 contribution:         -0.303852103

 Dipole moment (in Debye):               0.000000       0.000000      -5.634755

 Quadrupole moment (in Debye-Angstrom):
                  1            2            3
 1       -32.619796     0.276291    -0.000000
 2         0.276291   -32.619813    -0.000000
 3        -0.000000    -0.000000   -25.071206

 Spin-squared expectation <S^2>:         2.025
 Total spin quantum number S:            1.008
 TOTAL ENERGY:                       -3956.479969006

 --------------------------------------------------------------------------------

 End time:                               Wed Jun  2 11:52:42 2021
 Total wall-clock time:                  3.868 seconds
==================================================================================
