
================================================================================
          _____________ ________ _______________ ________     _________         
         / ___________// ______ \\_____   _____// ______ \   / ________)        
        / /_________  / /      \ \     | |     / /      \ \ | (_______          
       |  __________|| |        | |    | |    | |        | | \________ \        
        \ \_________ | |        | |    | |     \ \______/ /___________) |       
         \__________||_|        |_|    |_|      \________//____________/        
                                                                                
====================================[ Qcore ]===================================

 Git hash:   15a3e7daff0cda5fa9af010ccd19a80288182ecf
 Git date:   Fri, 16 Apr 2021 15:57:16 +0100
 Compiler:   GNU 9.1.0
 Build type: Release
 Version:    1.1.0

 Start time: Wed Jun  2 11:52:43 2021

 Data directory: /work/zw18965/.local/qcore/share/entos/1.1.0/data
 Number of threads: 24
 Number of threads was determined by: command line argument

 --------------------------------------------------------------------------------
                                   command: dft                                  
 --------------------------------------------------------------------------------
 AO basis set:                           aug-cc-pvtz
 Number of AO basis functions:         139

 Formula:                                OCo
 Nuclear charge:                        35.000000000
 Total charge:                           0.000000000
 Number of electrons:                   35.000000000

 Number of alpha electrons:             19
 Number of beta electrons:              16
 Number of unpaired electrons:           3
 Spin:                                   3
 Multiplicity:                           quartet

 Theory:                                 dft
 Exchange-correlation functional:        0.47 b88 + 0.73 lyp
 Method for Coulomb:                     incore_df
 Method for exact exchange:              pre_transformed_df
 Integral threshold:                     1.00e-12
 DF basis set:                           def2-tzvp-jkfit(spdfghi)
 Number of DF basis functions:         341
 Schwarz screening threshold:            1.00e-10
 Coulomb fitting method:                 Cholesky
 Total number of grid points:        14880
 Method for AO orthogonalization:        symmetric
 Threshold for linear dependence:        1.00e-08
 D3BJ dispersion energy:                -0.000553874

 -------------------------------------
  Running unrestricted open-shell SCF 
 -------------------------------------
 Max number of iterations:             128
 Conv. threshold (gradient):             1.00e-05
 Conv. threshold (energy):               1.00e-06
 Interpolation scheme:                   adiis+cdiis
 Initial guess:                          H0

 ---------------------------------------------------------------
                  energy        change          grad        time
 ---------------------------------------------------------------
   0     -1302.106916691                    1.76e+01        0.04
   1     -1300.972780009      1.13e+00      9.64e+00        0.03
   2     -1379.153895516     -7.82e+01      1.49e+01        0.03
   3     -1450.287335567     -7.11e+01      5.46e+00        0.03
   4     -1443.652738724      6.63e+00      5.57e+00        0.03
   5     -1456.801961106     -1.31e+01      1.72e+00        0.03
   6     -1449.715549183      7.09e+00      3.65e+00        0.03
   7     -1456.873713606     -7.16e+00      1.62e+00        0.03
   8     -1457.432341116     -5.59e-01      2.64e-01        0.03
   9     -1457.370954792      6.14e-02      5.91e-01        0.03
  10     -1457.451930501     -8.10e-02      1.11e-01        0.04
  11     -1457.451464019      4.66e-04      1.23e-01        0.04
  12     -1457.455683508     -4.22e-03      3.20e-02        0.04
  13     -1457.455069177      6.14e-04      5.74e-02        0.04
  14     -1457.455968919     -9.00e-04      7.70e-03        0.03
  15     -1457.456030777     -6.19e-05      4.57e-03        0.03
  16     -1457.456069472     -3.87e-05      5.28e-03        0.03
  17     -1457.456028726      4.07e-05      4.17e-03        0.02
  18     -1457.455839534      1.89e-04      3.85e-03        0.03
  19     -1457.455704366      1.35e-04      3.69e-03        0.03
  20     -1457.455683136      2.12e-05      1.94e-03        0.03
  21     -1457.455661456      2.17e-05      1.84e-03        0.03
  22     -1457.455654211      7.25e-06      6.92e-04        0.03
  23     -1457.455654170      4.02e-08      2.37e-04        0.03
  24     -1457.455654198     -2.78e-08      7.93e-05        0.03
  25     -1457.455654199     -2.26e-10      1.41e-04        0.03
  26     -1457.455654204     -5.17e-09      2.45e-05        0.03
  27     -1457.455654204     -4.24e-10      2.31e-05        0.03
  28     -1457.455654204      2.83e-10      9.10e-06        0.03

 SCF converged in 28 iterations.


 --------------------------------
  Double Hybrid MP2 Contribution 
 --------------------------------
 Method:                                 pre_transformed_df
 Density-fitting basis set:              def2-tzvp-ri
 Opposite-spin scale factor:             0.270000000
 Same-spin scale factor:                 0.270000000

 Unrestricted MP2 calculation:           
 Core spatial orbitals:                  6
 Correlated alpha orbitals:             13
 Correlated beta orbitals:              10
 Virtual alpha orbitals:               120
 Virtual beta orbitals:                123

 Reference Energy:                   -1457.455654204
 Opposite spin contribution:            -0.217322370
 Same spin contribution:                -0.105882074
 Total scaled MP2 contribution:         -0.323204443

 Dipole moment (in Debye):              -0.000000      -0.000000      -5.782289

 Quadrupole moment (in Debye-Angstrom):
                  1            2            3
 1       -19.508379    -0.000000     0.000000
 2        -0.000000   -19.508379     0.000000
 3         0.000000     0.000000   -21.328257

 Spin-squared expectation <S^2>:         3.901
 Total spin quantum number S:            1.538
 TOTAL ENERGY:                       -1457.778858647

 --------------------------------------------------------------------------------

 End time:                               Wed Jun  2 11:52:46 2021
 Total wall-clock time:                  3.113 seconds
==================================================================================
