
================================================================================
          _____________ ________ _______________ ________     _________         
         / ___________// ______ \\_____   _____// ______ \   / ________)        
        / /_________  / /      \ \     | |     / /      \ \ | (_______          
       |  __________|| |        | |    | |    | |        | | \________ \        
        \ \_________ | |        | |    | |     \ \______/ /___________) |       
         \__________||_|        |_|    |_|      \________//____________/        
                                                                                
====================================[ Qcore ]===================================

 Git hash:   15a3e7daff0cda5fa9af010ccd19a80288182ecf
 Git date:   Fri, 16 Apr 2021 15:57:16 +0100
 Compiler:   GNU 9.1.0
 Build type: Release
 Version:    1.1.0

 Start time: Wed Jun  2 11:52:56 2021

 Data directory: /work/zw18965/.local/qcore/share/entos/1.1.0/data
 Number of threads: 24
 Number of threads was determined by: command line argument

 --------------------------------------------------------------------------------
                                   command: dft                                  
 --------------------------------------------------------------------------------
 AO basis set:                           aug-cc-pvtz
 Number of AO basis functions:         143

 Formula:                                ClNi
 Nuclear charge:                        45.000000000
 Total charge:                           0.000000000
 Number of electrons:                   45.000000000

 Number of alpha electrons:             23
 Number of beta electrons:              22
 Number of unpaired electrons:           1
 Spin:                                   1
 Multiplicity:                           doublet

 Theory:                                 dft
 Exchange-correlation functional:        0.47 b88 + 0.73 lyp
 Method for Coulomb:                     incore_df
 Method for exact exchange:              pre_transformed_df
 Integral threshold:                     1.00e-12
 DF basis set:                           def2-tzvp-jkfit(spdfghi)
 Number of DF basis functions:         392
 Schwarz screening threshold:            1.00e-10
 Coulomb fitting method:                 Cholesky
 Total number of grid points:        15430
 Method for AO orthogonalization:        symmetric
 Threshold for linear dependence:        1.00e-08
 D3BJ dispersion energy:                -0.001355784

 -------------------------------------
  Running unrestricted open-shell SCF 
 -------------------------------------
 Max number of iterations:             128
 Conv. threshold (gradient):             1.00e-05
 Conv. threshold (energy):               1.00e-06
 Interpolation scheme:                   adiis+cdiis
 Initial guess:                          H0

 ---------------------------------------------------------------
                  energy        change          grad        time
 ---------------------------------------------------------------
   0     -1762.921550960                    1.84e+01        0.05
   1     -1763.077827148     -1.56e-01      9.80e+00        0.03
   2     -1638.316365063      1.25e+02      1.76e+01        0.04
   3     -1944.670599052     -3.06e+02      8.35e+00        0.03
   4     -1931.817759216      1.29e+01      6.84e+00        0.03
   5     -1966.962447272     -3.51e+01      1.23e+00        0.03
   6     -1958.357610059      8.60e+00      5.91e+00        0.03
   7     -1967.481472136     -9.12e+00      9.07e-01        0.03
   8     -1967.934249005     -4.53e-01      3.66e-01        0.03
   9     -1967.921864263      1.24e-02      4.05e-01        0.04
  10     -1967.993860409     -7.20e-02      1.37e-01        0.04
  11     -1967.979987693      1.39e-02      2.88e-01        0.04
  12     -1967.997986933     -1.80e-02      7.33e-02        0.04
  13     -1967.998483618     -4.97e-04      4.89e-02        0.04
  14     -1967.999160448     -6.77e-04      7.05e-03        0.03
  15     -1967.999221923     -6.15e-05      4.85e-03        0.03
  16     -1967.999286750     -6.48e-05      3.29e-03        0.03
  17     -1967.999318556     -3.18e-05      3.06e-03        0.03
  18     -1967.999333908     -1.54e-05      2.90e-03        0.03
  19     -1967.999348258     -1.43e-05      2.90e-03        0.03
  20     -1967.999352156     -3.90e-06      2.89e-03        0.03
  21     -1967.999384161     -3.20e-05      2.89e-03        0.03
  22     -1967.999448219     -6.41e-05      2.92e-03        0.03
  23     -1967.999449930     -1.71e-06      2.91e-03        0.05
  24     -1967.999448708      1.22e-06      2.84e-03        0.03
  25     -1967.999365386      8.33e-05      5.92e-02        0.03
  26     -1967.999705073     -3.40e-04      2.76e-02        0.03
  27     -1967.999705458     -3.84e-07      2.71e-02        0.03
  28     -1967.999572256      1.33e-04      4.53e-02        0.03
  29     -1967.999677506     -1.05e-04      3.49e-02        0.03
  30     -1967.999725158     -4.77e-05      3.09e-02        0.03
  31     -1967.999849057     -1.24e-04      2.25e-02        0.03
  32     -1967.999927895     -7.88e-05      6.59e-03        0.03
  33     -1967.999927598      2.97e-07      1.19e-02        0.03
  34     -1967.999949297     -2.17e-05      2.10e-03        0.04
  35     -1967.999949741     -4.44e-07      2.55e-03        0.03
  36     -1967.999951145     -1.40e-06      3.66e-04        0.03
  37     -1967.999951219     -7.36e-08      2.24e-04        0.03
  38     -1967.999951229     -1.02e-08      1.33e-04        0.03
  39     -1967.999951238     -9.05e-09      6.71e-05        0.03
  40     -1967.999951242     -3.42e-09      3.88e-05        0.03
  41     -1967.999951244     -2.02e-09      8.94e-06        0.03

 SCF converged in 41 iterations.


 --------------------------------
  Double Hybrid MP2 Contribution 
 --------------------------------
 Method:                                 pre_transformed_df
 Density-fitting basis set:              def2-tzvp-ri
 Opposite-spin scale factor:             0.270000000
 Same-spin scale factor:                 0.270000000

 Unrestricted MP2 calculation:           
 Core spatial orbitals:                 10
 Correlated alpha orbitals:             13
 Correlated beta orbitals:              12
 Virtual alpha orbitals:               120
 Virtual beta orbitals:                121

 Reference Energy:                   -1967.999951244
 Opposite spin contribution:            -0.220697628
 Same spin contribution:                -0.106051122
 Total scaled MP2 contribution:         -0.326748750

 Dipole moment (in Debye):              -0.000001      -0.000001      -5.594240

 Quadrupole moment (in Debye-Angstrom):
                  1            2            3
 1       -26.089892    -0.000155    -0.000000
 2        -0.000155   -26.089892    -0.000000
 3        -0.000000    -0.000000   -24.515792

 Spin-squared expectation <S^2>:         0.788
 Total spin quantum number S:            0.519
 TOTAL ENERGY:                       -1968.326699994

 --------------------------------------------------------------------------------

 End time:                               Wed Jun  2 11:53:00 2021
 Total wall-clock time:                  3.679 seconds
==================================================================================
