
================================================================================
          _____________ ________ _______________ ________     _________         
         / ___________// ______ \\_____   _____// ______ \   / ________)        
        / /_________  / /      \ \     | |     / /      \ \ | (_______          
       |  __________|| |        | |    | |    | |        | | \________ \        
        \ \_________ | |        | |    | |     \ \______/ /___________) |       
         \__________||_|        |_|    |_|      \________//____________/        
                                                                                
====================================[ Qcore ]===================================

 Git hash:   15a3e7daff0cda5fa9af010ccd19a80288182ecf
 Git date:   Fri, 16 Apr 2021 15:57:16 +0100
 Compiler:   GNU 9.1.0
 Build type: Release
 Version:    1.1.0

 Start time: Wed Jun  2 11:53:06 2021

 Data directory: /work/zw18965/.local/qcore/share/entos/1.1.0/data
 Number of threads: 24
 Number of threads was determined by: command line argument

 --------------------------------------------------------------------------------
                                   command: dft                                  
 --------------------------------------------------------------------------------
 AO basis set:                           aug-cc-pvtz
 Number of AO basis functions:         139

 Formula:                                ONi
 Nuclear charge:                        36.000000000
 Total charge:                           0.000000000
 Number of electrons:                   36.000000000

 Number of alpha electrons:             19
 Number of beta electrons:              17
 Number of unpaired electrons:           2
 Spin:                                   2
 Multiplicity:                           triplet

 Theory:                                 dft
 Exchange-correlation functional:        0.47 b88 + 0.73 lyp
 Method for Coulomb:                     incore_df
 Method for exact exchange:              pre_transformed_df
 Integral threshold:                     1.00e-12
 DF basis set:                           def2-tzvp-jkfit(spdfghi)
 Number of DF basis functions:         341
 Schwarz screening threshold:            1.00e-10
 Coulomb fitting method:                 Cholesky
 Total number of grid points:        14880
 Method for AO orthogonalization:        symmetric
 Threshold for linear dependence:        1.00e-08
 D3BJ dispersion energy:                -0.000570033

 -------------------------------------
  Running unrestricted open-shell SCF 
 -------------------------------------
 Max number of iterations:             128
 Conv. threshold (gradient):             1.00e-05
 Conv. threshold (energy):               1.00e-06
 Interpolation scheme:                   adiis+cdiis
 Initial guess:                          H0

 ---------------------------------------------------------------
                  energy        change          grad        time
 ---------------------------------------------------------------
   0     -1401.481613114                    1.71e+01        0.04
   1     -1403.601258339     -2.12e+00      9.74e+00        0.03
   2     -1498.337696048     -9.47e+01      1.53e+01        0.03
   3     -1575.569337808     -7.72e+01      6.22e+00        0.03
   4     -1568.144601109      7.42e+00      5.81e+00        0.03
   5     -1582.167337598     -1.40e+01      1.85e+00        0.03
   6     -1575.927050918      6.24e+00      3.23e+00        0.04
   7     -1582.572404690     -6.65e+00      1.24e+00        0.03
   8     -1582.918368939     -3.46e-01      3.69e-01        0.03
   9     -1582.911388227      6.98e-03      4.19e-01        0.04
  10     -1582.961563758     -5.02e-02      1.76e-01        0.04
  11     -1582.910926738      5.06e-02      4.26e-01        0.04
  12     -1582.964512186     -5.36e-02      1.38e-01        0.04
  13     -1582.970294818     -5.78e-03      4.26e-02        0.04
  14     -1582.969608226      6.87e-04      6.41e-02        0.04
  15     -1582.971438700     -1.83e-03      1.57e-02        0.03
  16     -1582.971708311     -2.70e-04      8.25e-03        0.03
  17     -1582.971816464     -1.08e-04      4.26e-03        0.03
  18     -1582.971882250     -6.58e-05      3.24e-03        0.03
  19     -1582.971927881     -4.56e-05      1.69e-03        0.03
  20     -1582.971934773     -6.89e-06      1.25e-03        0.03
  21     -1582.971937906     -3.13e-06      1.27e-03        0.03
  22     -1582.971939268     -1.36e-06      1.29e-03        0.03
  23     -1582.971936908      2.36e-06      1.25e-03        0.03
  24     -1582.971931522      5.39e-06      5.71e-04        0.03
  25     -1582.971930872      6.50e-07      3.39e-04        0.04
  26     -1582.971930801      7.10e-08      8.26e-05        0.04
  27     -1582.971930807     -6.07e-09      6.13e-05        0.03
  28     -1582.971930809     -2.30e-09      1.28e-05        0.03
  29     -1582.971930810     -4.05e-11      3.37e-06        0.03

 SCF converged in 29 iterations.


 --------------------------------
  Double Hybrid MP2 Contribution 
 --------------------------------
 Method:                                 pre_transformed_df
 Density-fitting basis set:              def2-tzvp-ri
 Opposite-spin scale factor:             0.270000000
 Same-spin scale factor:                 0.270000000

 Unrestricted MP2 calculation:           
 Core spatial orbitals:                  6
 Correlated alpha orbitals:             13
 Correlated beta orbitals:              11
 Virtual alpha orbitals:               120
 Virtual beta orbitals:                122

 Reference Energy:                   -1582.971930810
 Opposite spin contribution:            -0.244598853
 Same spin contribution:                -0.133857297
 Total scaled MP2 contribution:         -0.378456150

 Dipole moment (in Debye):              -0.000000      -0.000000      -6.233398

 Quadrupole moment (in Debye-Angstrom):
                  1            2            3
 1       -18.570632    -0.000004     0.000000
 2        -0.000004   -18.570635     0.000000
 3         0.000000     0.000000   -20.141520

 Spin-squared expectation <S^2>:         2.091
 Total spin quantum number S:            1.030
 TOTAL ENERGY:                       -1583.350386959

 --------------------------------------------------------------------------------

 End time:                               Wed Jun  2 11:53:09 2021
 Total wall-clock time:                  3.392 seconds
==================================================================================
