
================================================================================
          _____________ ________ _______________ ________     _________         
         / ___________// ______ \\_____   _____// ______ \   / ________)        
        / /_________  / /      \ \     | |     / /      \ \ | (_______          
       |  __________|| |        | |    | |    | |        | | \________ \        
        \ \_________ | |        | |    | |     \ \______/ /___________) |       
         \__________||_|        |_|    |_|      \________//____________/        
                                                                                
====================================[ Qcore ]===================================

 Git hash:   15a3e7daff0cda5fa9af010ccd19a80288182ecf
 Git date:   Fri, 16 Apr 2021 15:57:16 +0100
 Compiler:   GNU 9.1.0
 Build type: Release
 Version:    1.1.0

 Start time: Wed Jun  2 11:53:14 2021

 Data directory: /work/zw18965/.local/qcore/share/entos/1.1.0/data
 Number of threads: 24
 Number of threads was determined by: command line argument

 --------------------------------------------------------------------------------
                                   command: dft                                  
 --------------------------------------------------------------------------------
 AO basis set:                           aug-cc-pvtz
 Number of AO basis functions:         116

 Formula:                                HCu
 Nuclear charge:                        30.000000000
 Total charge:                           0.000000000
 Number of electrons:                   30.000000000

 Number of alpha electrons:             15
 Number of beta electrons:              15
 Number of unpaired electrons:           0
 Spin:                                   0
 Multiplicity:                           singlet

 Theory:                                 dft
 Exchange-correlation functional:        0.47 b88 + 0.73 lyp
 Method for Coulomb:                     incore_df
 Method for exact exchange:              pre_transformed_df
 Integral threshold:                     1.00e-12
 DF basis set:                           def2-tzvp-jkfit(spdfghi)
 Number of DF basis functions:         282
 Schwarz screening threshold:            1.00e-10
 Coulomb fitting method:                 Cholesky
 Total number of grid points:        13826
 Method for AO orthogonalization:        symmetric
 Threshold for linear dependence:        1.00e-08
 D3BJ dispersion energy:                -0.000295514

 -------------------------------------
  Running restricted closed-shell SCF 
 -------------------------------------
 Max number of iterations:             128
 Conv. threshold (gradient):             1.00e-05
 Conv. threshold (energy):               1.00e-06
 Interpolation scheme:                   adiis+cdiis
 Initial guess:                          H0

 ---------------------------------------------------------------
                  energy        change          grad        time
 ---------------------------------------------------------------
   0     -1531.083429635                    2.16e+01        0.02
   1     -1479.869586828      5.12e+01      2.22e+01        0.02
   2     -1593.367197003     -1.13e+02      1.58e+01        0.01
   3     -1634.336783291     -4.10e+01      9.90e+00        0.01
   4     -1633.473483100      8.63e-01      8.77e+00        0.01
   5     -1640.667461106     -7.19e+00      2.81e-01        0.01
   6     -1640.674483640     -7.02e-03      1.07e-01        0.01
   7     -1640.675348342     -8.65e-04      8.80e-02        0.02
   8     -1640.673075891      2.27e-03      2.41e-01        0.01
   9     -1640.676531293     -3.46e-03      1.47e-02        0.01
  10     -1640.676561150     -2.99e-05      6.60e-03        0.02
  11     -1640.676571553     -1.04e-05      3.13e-03        0.01
  12     -1640.676572851     -1.30e-06      2.94e-04        0.02
  13     -1640.676572882     -3.17e-08      4.66e-05        0.01
  14     -1640.676572883     -8.00e-10      1.69e-05        0.01
  15     -1640.676572883     -2.43e-11      9.10e-07        0.01

 SCF converged in 15 iterations.


 --------------------------------
  Double Hybrid MP2 Contribution 
 --------------------------------
 Method:                                 pre_transformed_df
 Density-fitting basis set:              def2-tzvp-ri
 Opposite-spin scale factor:             0.270000000
 Same-spin scale factor:                 0.270000000

 Restricted MP2 calculation:             
 Core orbitals:                          5
 Correlated orbitals:                   10
 Virtual orbitals:                     101

 Reference Energy:                   -1640.676572883
 Opposite spin contribution:            -0.203709151
 Same spin contribution:                -0.104498180
 Total scaled MP2 contribution:         -0.308207331

 Dipole moment (in Debye):              -0.000000      -0.000000      -3.257200

 Quadrupole moment (in Debye-Angstrom):
                  1            2            3
 1       -14.369244    -0.000000     0.000000
 2        -0.000000   -14.369244     0.000000
 3         0.000000     0.000000   -15.489400

 Spin-squared expectation <S^2>:         0.000
 Total spin quantum number S:            0.000
 TOTAL ENERGY:                       -1640.984780214

 --------------------------------------------------------------------------------

 End time:                               Wed Jun  2 11:53:16 2021
 Total wall-clock time:                  2.376 seconds
==================================================================================
