
================================================================================
          _____________ ________ _______________ ________     _________         
         / ___________// ______ \\_____   _____// ______ \   / ________)        
        / /_________  / /      \ \     | |     / /      \ \ | (_______          
       |  __________|| |        | |    | |    | |        | | \________ \        
        \ \_________ | |        | |    | |     \ \______/ /___________) |       
         \__________||_|        |_|    |_|      \________//____________/        
                                                                                
====================================[ Qcore ]===================================

 Git hash:   15a3e7daff0cda5fa9af010ccd19a80288182ecf
 Git date:   Fri, 16 Apr 2021 15:57:16 +0100
 Compiler:   GNU 9.1.0
 Build type: Release
 Version:    1.1.0

 Start time: Wed Jun  2 11:53:16 2021

 Data directory: /work/zw18965/.local/qcore/share/entos/1.1.0/data
 Number of threads: 24
 Number of threads was determined by: command line argument

 --------------------------------------------------------------------------------
                                   command: dft                                  
 --------------------------------------------------------------------------------
 AO basis set:                           aug-cc-pvtz
 Number of AO basis functions:         139

 Formula:                                FCu
 Nuclear charge:                        38.000000000
 Total charge:                           0.000000000
 Number of electrons:                   38.000000000

 Number of alpha electrons:             19
 Number of beta electrons:              19
 Number of unpaired electrons:           0
 Spin:                                   0
 Multiplicity:                           singlet

 Theory:                                 dft
 Exchange-correlation functional:        0.47 b88 + 0.73 lyp
 Method for Coulomb:                     incore_df
 Method for exact exchange:              pre_transformed_df
 Integral threshold:                     1.00e-12
 DF basis set:                           def2-tzvp-jkfit(spdfghi)
 Number of DF basis functions:         341
 Schwarz screening threshold:            1.00e-10
 Coulomb fitting method:                 Cholesky
 Total number of grid points:        14748
 Method for AO orthogonalization:        symmetric
 Threshold for linear dependence:        1.00e-08
 D3BJ dispersion energy:                -0.000357615

 -------------------------------------
  Running restricted closed-shell SCF 
 -------------------------------------
 Max number of iterations:             128
 Conv. threshold (gradient):             1.00e-05
 Conv. threshold (energy):               1.00e-06
 Interpolation scheme:                   adiis+cdiis
 Initial guess:                          H0

 ---------------------------------------------------------------
                  energy        change          grad        time
 ---------------------------------------------------------------
   0     -1492.139270569                    3.65e+01        0.03
   1     -1508.501323101     -1.64e+01      2.18e+01        0.02
   2     -1627.866846815     -1.19e+02      3.60e+01        0.02
   3     -1731.444943084     -1.04e+02      1.18e+01        0.02
   4     -1727.942271130      3.50e+00      1.13e+01        0.02
   5     -1739.476515209     -1.15e+01      2.43e+00        0.02
   6     -1737.622835574      1.85e+00      5.17e+00        0.02
   7     -1739.767292805     -2.14e+00      1.17e+00        0.02
   8     -1739.806412798     -3.91e-02      8.73e-01        0.02
   9     -1739.856683391     -5.03e-02      5.21e-01        0.02
  10     -1739.855160737      1.52e-03      4.39e-01        0.02
  11     -1739.871552020     -1.64e-02      1.03e-01        0.02
  12     -1739.869034677      2.52e-03      2.11e-01        0.02
  13     -1739.872684114     -3.65e-03      4.77e-02        0.03
  14     -1739.872690945     -6.83e-06      4.51e-02        0.02
  15     -1739.872854611     -1.64e-04      8.13e-04        0.02
  16     -1739.872854747     -1.36e-07      9.31e-05        0.02
  17     -1739.872854751     -3.15e-09      2.50e-05        0.02
  18     -1739.872854751     -1.51e-10      3.65e-06        0.02

 SCF converged in 18 iterations.


 --------------------------------
  Double Hybrid MP2 Contribution 
 --------------------------------
 Method:                                 pre_transformed_df
 Density-fitting basis set:              def2-tzvp-ri
 Opposite-spin scale factor:             0.270000000
 Same-spin scale factor:                 0.270000000

 Restricted MP2 calculation:             
 Core orbitals:                          6
 Correlated orbitals:                   13
 Virtual orbitals:                     120

 Reference Energy:                   -1739.872854751
 Opposite spin contribution:            -0.258658170
 Same spin contribution:                -0.126261815
 Total scaled MP2 contribution:         -0.384919984

 Dipole moment (in Debye):              -0.000000      -0.000000      -5.693949

 Quadrupole moment (in Debye-Angstrom):
                  1            2            3
 1       -16.506001     0.000000    -0.000000
 2         0.000000   -16.506001    -0.000000
 3        -0.000000    -0.000000   -19.752632

 Spin-squared expectation <S^2>:         0.000
 Total spin quantum number S:            0.000
 TOTAL ENERGY:                       -1740.257774735

 --------------------------------------------------------------------------------

 End time:                               Wed Jun  2 11:53:19 2021
 Total wall-clock time:                  2.642 seconds
==================================================================================
