
================================================================================
          _____________ ________ _______________ ________     _________         
         / ___________// ______ \\_____   _____// ______ \   / ________)        
        / /_________  / /      \ \     | |     / /      \ \ | (_______          
       |  __________|| |        | |    | |    | |        | | \________ \        
        \ \_________ | |        | |    | |     \ \______/ /___________) |       
         \__________||_|        |_|    |_|      \________//____________/        
                                                                                
====================================[ Qcore ]===================================

 Git hash:   15a3e7daff0cda5fa9af010ccd19a80288182ecf
 Git date:   Fri, 16 Apr 2021 15:57:16 +0100
 Compiler:   GNU 9.1.0
 Build type: Release
 Version:    1.1.0

 Start time: Wed Jun  2 11:53:22 2021

 Data directory: /work/zw18965/.local/qcore/share/entos/1.1.0/data
 Number of threads: 24
 Number of threads was determined by: command line argument

 --------------------------------------------------------------------------------
                                   command: dft                                  
 --------------------------------------------------------------------------------
 AO basis set:                           aug-cc-pvtz
 Number of AO basis functions:         152

 Formula:                                CuBr
 Nuclear charge:                        64.000000000
 Total charge:                           0.000000000
 Number of electrons:                   64.000000000

 Number of alpha electrons:             32
 Number of beta electrons:              32
 Number of unpaired electrons:           0
 Spin:                                   0
 Multiplicity:                           singlet

 Theory:                                 dft
 Exchange-correlation functional:        0.47 b88 + 0.73 lyp
 Method for Coulomb:                     incore_df
 Method for exact exchange:              pre_transformed_df
 Integral threshold:                     1.00e-12
 DF basis set:                           def2-tzvp-jkfit(spdfghi)
 Number of DF basis functions:         530
 Schwarz screening threshold:            1.00e-10
 Coulomb fitting method:                 Cholesky
 Total number of grid points:        16100
 Method for AO orthogonalization:        symmetric
 Threshold for linear dependence:        1.00e-08
 D3BJ dispersion energy:                -0.001446748

 -------------------------------------
  Running restricted closed-shell SCF 
 -------------------------------------
 Max number of iterations:             128
 Conv. threshold (gradient):             1.00e-05
 Conv. threshold (energy):               1.00e-06
 Interpolation scheme:                   adiis+cdiis
 Initial guess:                          H0

 ---------------------------------------------------------------
                  energy        change          grad        time
 ---------------------------------------------------------------
   0     -4093.400739355                    5.33e+01        0.04
   1     -4023.031293168      7.04e+01      1.91e+01        0.03
   2     -3874.839115224      1.48e+02      2.92e+01        0.02
   3     -4197.058712755     -3.22e+02      8.79e+00        0.02
   4     -4185.138249684      1.19e+01      1.32e+01        0.02
   5     -4213.386058848     -2.82e+01      1.92e+00        0.03
   6     -4208.534701645      4.85e+00      1.11e+01        0.02
   7     -4213.745661680     -5.21e+00      1.51e+00        0.02
   8     -4213.756805740     -1.11e-02      1.40e+00        0.02
   9     -4213.898644572     -1.42e-01      2.08e-01        0.03
  10     -4213.892074830      6.57e-03      3.81e-01        0.03
  11     -4213.902348480     -1.03e-02      4.47e-02        0.03
  12     -4213.902078554      2.70e-04      8.30e-02        0.03
  13     -4213.902606788     -5.28e-04      1.83e-03        0.02
  14     -4213.902607481     -6.93e-07      8.33e-04        0.02
  15     -4213.902607594     -1.13e-07      3.78e-04        0.02
  16     -4213.902607620     -2.66e-08      1.10e-04        0.03
  17     -4213.902607623     -2.80e-09      1.69e-05        0.02
  18     -4213.902607623     -2.46e-11      1.47e-06        0.02

 SCF converged in 18 iterations.


 --------------------------------
  Double Hybrid MP2 Contribution 
 --------------------------------
 Method:                                 pre_transformed_df
 Density-fitting basis set:              def2-tzvp-ri
 Opposite-spin scale factor:             0.270000000
 Same-spin scale factor:                 0.270000000

 Restricted MP2 calculation:             
 Core orbitals:                         14
 Correlated orbitals:                   18
 Virtual orbitals:                     120

 Reference Energy:                   -4213.902607623
 Opposite spin contribution:            -0.245963122
 Same spin contribution:                -0.125479544
 Total scaled MP2 contribution:         -0.371442666

 Dipole moment (in Debye):              -0.000000      -0.000000      -5.499010

 Quadrupole moment (in Debye-Angstrom):
                  1            2            3
 1       -31.649262    -0.000000     0.000000
 2        -0.000000   -31.649263     0.000000
 3         0.000000     0.000000   -25.038342

 Spin-squared expectation <S^2>:         0.000
 Total spin quantum number S:            0.000
 TOTAL ENERGY:                       -4214.274050289

 --------------------------------------------------------------------------------

 End time:                               Wed Jun  2 11:53:25 2021
 Total wall-clock time:                  3.149 seconds
==================================================================================
