
================================================================================
          _____________ ________ _______________ ________     _________         
         / ___________// ______ \\_____   _____// ______ \   / ________)        
        / /_________  / /      \ \     | |     / /      \ \ | (_______          
       |  __________|| |        | |    | |    | |        | | \________ \        
        \ \_________ | |        | |    | |     \ \______/ /___________) |       
         \__________||_|        |_|    |_|      \________//____________/        
                                                                                
====================================[ Qcore ]===================================

 Git hash:   15a3e7daff0cda5fa9af010ccd19a80288182ecf
 Git date:   Fri, 16 Apr 2021 15:57:16 +0100
 Compiler:   GNU 9.1.0
 Build type: Release
 Version:    1.1.0

 Start time: Wed Jun  2 11:53:39 2021

 Data directory: /work/zw18965/.local/qcore/share/entos/1.1.0/data
 Number of threads: 24
 Number of threads was determined by: command line argument

 --------------------------------------------------------------------------------
                                   command: dft                                  
 --------------------------------------------------------------------------------
 AO basis set:                           aug-cc-pvtz
 Number of AO basis functions:         143

 Formula:                                ClZn
 Nuclear charge:                        47.000000000
 Total charge:                           0.000000000
 Number of electrons:                   47.000000000

 Number of alpha electrons:             24
 Number of beta electrons:              23
 Number of unpaired electrons:           1
 Spin:                                   1
 Multiplicity:                           doublet

 Theory:                                 dft
 Exchange-correlation functional:        0.47 b88 + 0.73 lyp
 Method for Coulomb:                     incore_df
 Method for exact exchange:              pre_transformed_df
 Integral threshold:                     1.00e-12
 DF basis set:                           def2-tzvp-jkfit(spdfghi)
 Number of DF basis functions:         392
 Schwarz screening threshold:            1.00e-10
 Coulomb fitting method:                 Cholesky
 Total number of grid points:        15430
 Method for AO orthogonalization:        symmetric
 Threshold for linear dependence:        1.00e-08
 D3BJ dispersion energy:                -0.001327526

 -------------------------------------
  Running unrestricted open-shell SCF 
 -------------------------------------
 Max number of iterations:             128
 Conv. threshold (gradient):             1.00e-05
 Conv. threshold (energy):               1.00e-06
 Interpolation scheme:                   adiis+cdiis
 Initial guess:                          H0

 ---------------------------------------------------------------
                  energy        change          grad        time
 ---------------------------------------------------------------
   0     -1957.369175783                    2.18e+01        0.05
   1     -1973.686631855     -1.63e+01      1.07e+01        0.03
   2     -1865.912463469      1.08e+02      2.37e+01        0.03
   3     -2218.476594477     -3.53e+02      7.48e+00        0.03
   4     -2173.685978454      4.48e+01      6.84e+00        0.03
   5     -2238.413549632     -6.47e+01      1.05e+00        0.03
   6     -2238.060086009      3.53e-01      1.18e+00        0.03
   7     -2239.052193744     -9.92e-01      1.22e-01        0.04
   8     -2239.054512805     -2.32e-03      1.14e-01        0.04
   9     -2239.058084915     -3.57e-03      6.06e-02        0.03
  10     -2239.058539409     -4.54e-04      4.86e-02        0.04
  11     -2239.059302910     -7.64e-04      2.26e-03        0.03
  12     -2239.059306474     -3.56e-06      6.18e-04        0.03
  13     -2239.059306770     -2.96e-07      2.83e-04        0.03
  14     -2239.059306800     -3.00e-08      3.82e-05        0.03
  15     -2239.059306802     -2.28e-09      1.06e-05        0.03
  16     -2239.059306803     -1.79e-10      3.81e-06        0.03

 SCF converged in 16 iterations.


 --------------------------------
  Double Hybrid MP2 Contribution 
 --------------------------------
 Method:                                 pre_transformed_df
 Density-fitting basis set:              def2-tzvp-ri
 Opposite-spin scale factor:             0.270000000
 Same-spin scale factor:                 0.270000000

 Unrestricted MP2 calculation:           
 Core spatial orbitals:                 10
 Correlated alpha orbitals:             14
 Correlated beta orbitals:              13
 Virtual alpha orbitals:               119
 Virtual beta orbitals:                120

 Reference Energy:                   -2239.059306803
 Opposite spin contribution:            -0.228752368
 Same spin contribution:                -0.111709730
 Total scaled MP2 contribution:         -0.340462098

 Dipole moment (in Debye):              -0.000000      -0.000000      -3.071696

 Quadrupole moment (in Debye-Angstrom):
                  1            2            3
 1       -26.557717    -0.000000     0.000000
 2        -0.000000   -26.557717     0.000000
 3         0.000000     0.000000   -30.546799

 Spin-squared expectation <S^2>:         0.753
 Total spin quantum number S:            0.502
 TOTAL ENERGY:                       -2239.399768900

 --------------------------------------------------------------------------------

 End time:                               Wed Jun  2 11:53:42 2021
 Total wall-clock time:                  2.857 seconds
==================================================================================
