
================================================================================
          _____________ ________ _______________ ________     _________         
         / ___________// ______ \\_____   _____// ______ \   / ________)        
        / /_________  / /      \ \     | |     / /      \ \ | (_______          
       |  __________|| |        | |    | |    | |        | | \________ \        
        \ \_________ | |        | |    | |     \ \______/ /___________) |       
         \__________||_|        |_|    |_|      \________//____________/        
                                                                                
====================================[ Qcore ]===================================

 Git hash:   15a3e7daff0cda5fa9af010ccd19a80288182ecf
 Git date:   Fri, 16 Apr 2021 15:57:16 +0100
 Compiler:   GNU 9.1.0
 Build type: Release
 Version:    1.1.0

 Start time: Wed Jun  2 11:53:52 2021

 Data directory: /work/zw18965/.local/qcore/share/entos/1.1.0/data
 Number of threads: 24
 Number of threads was determined by: command line argument

 --------------------------------------------------------------------------------
                                   command: dft                                  
 --------------------------------------------------------------------------------
 AO basis set:                           aug-cc-pvtz
 Number of AO basis functions:          93

 Formula:                                Sc
 Nuclear charge:                        21.000000000
 Total charge:                           0.000000000
 Number of electrons:                   21.000000000

 Number of alpha electrons:             11
 Number of beta electrons:              10
 Number of unpaired electrons:           1
 Spin:                                   1
 Multiplicity:                           doublet

 Theory:                                 dft
 Exchange-correlation functional:        0.47 b88 + 0.73 lyp
 Method for Coulomb:                     incore_df
 Method for exact exchange:              pre_transformed_df
 Integral threshold:                     1.00e-12
 DF basis set:                           def2-tzvp-jkfit(spdfghi)
 Number of DF basis functions:         264
 Schwarz screening threshold:            1.00e-10
 Coulomb fitting method:                 Cholesky
 Total number of grid points:         7852
 Method for AO orthogonalization:        symmetric
 Threshold for linear dependence:        1.00e-08
 D3BJ dispersion energy:                 0.000000000

 -------------------------------------
  Running unrestricted open-shell SCF 
 -------------------------------------
 Max number of iterations:             128
 Conv. threshold (gradient):             1.00e-05
 Conv. threshold (energy):               1.00e-06
 Interpolation scheme:                   adiis+cdiis
 Initial guess:                          H0

 ---------------------------------------------------------------
                  energy        change          grad        time
 ---------------------------------------------------------------
   0      -748.990039038                    3.51e+00        0.02
   1      -735.685865543      1.33e+01      4.44e+00        0.01
   2      -755.044398903     -1.94e+01      2.41e+00        0.01
   3      -759.391935624     -4.35e+00      1.32e+00        0.01
   4      -759.222419162      1.70e-01      1.17e+00        0.01
   5      -760.374603134     -1.15e+00      1.69e-01        0.01
   6      -760.386314257     -1.17e-02      6.28e-02        0.01
   7      -760.388385646     -2.07e-03      3.33e-02        0.01
   8      -760.388916354     -5.31e-04      3.61e-03        0.01
   9      -760.388956344     -4.00e-05      2.20e-03        0.01
  10      -760.388992419     -3.61e-05      2.07e-03        0.01
  11      -760.389015032     -2.26e-05      1.74e-03        0.01
  12      -760.389026561     -1.15e-05      1.43e-03        0.01
  13      -760.389030713     -4.15e-06      1.32e-03        0.01
  14      -760.389037247     -6.53e-06      1.27e-03        0.01
  15      -760.389071260     -3.40e-05      1.19e-03        0.01
  16      -760.389104312     -3.31e-05      1.15e-03        0.01
  17      -760.389069229      3.51e-05      1.44e-03        0.01
  18      -760.389096510     -2.73e-05      1.55e-02        0.01
  19      -760.389010174      8.63e-05      1.99e-02        0.01
  20      -760.389034253     -2.41e-05      1.87e-02        0.01
  21      -760.389156496     -1.22e-04      9.99e-03        0.01
  22      -760.389188754     -3.23e-05      5.55e-03        0.01
  23      -760.389204469     -1.57e-05      7.96e-04        0.01
  24      -760.389205035     -5.65e-07      9.56e-05        0.01
  25      -760.389205033      1.57e-09      1.77e-04        0.01
  26      -760.389205043     -1.02e-08      1.04e-04        0.01
  27      -760.389205043     -2.95e-10      1.17e-04        0.01
  28      -760.389205050     -6.71e-09      2.72e-06        0.01

 SCF converged in 28 iterations.


 --------------------------------
  Double Hybrid MP2 Contribution 
 --------------------------------
 Method:                                 pre_transformed_df
 Density-fitting basis set:              def2-tzvp-ri
 Opposite-spin scale factor:             0.270000000
 Same-spin scale factor:                 0.270000000

 Unrestricted MP2 calculation:           
 Core spatial orbitals:                  5
 Correlated alpha orbitals:              6
 Correlated beta orbitals:               5
 Virtual alpha orbitals:                82
 Virtual beta orbitals:                 83

 Reference Energy:                    -760.389205050
 Opposite spin contribution:            -0.060533291
 Same spin contribution:                -0.022733283
 Total scaled MP2 contribution:         -0.083266574

 Dipole moment (in Debye):               0.000001       0.000000       0.000000

 Quadrupole moment (in Debye-Angstrom):
                  1            2            3
 1       -22.856082     0.000674    -0.151387
 2         0.000674   -23.009145    -0.000635
 3        -0.151387    -0.000635   -22.859177

 Spin-squared expectation <S^2>:         0.764
 Total spin quantum number S:            0.507
 TOTAL ENERGY:                        -760.472471624

 --------------------------------------------------------------------------------

 End time:                               Wed Jun  2 11:53:53 2021
 Total wall-clock time:                  1.714 seconds
==================================================================================
