
================================================================================
          _____________ ________ _______________ ________     _________         
         / ___________// ______ \\_____   _____// ______ \   / ________)        
        / /_________  / /      \ \     | |     / /      \ \ | (_______          
       |  __________|| |        | |    | |    | |        | | \________ \        
        \ \_________ | |        | |    | |     \ \______/ /___________) |       
         \__________||_|        |_|    |_|      \________//____________/        
                                                                                
====================================[ Qcore ]===================================

 Git hash:   15a3e7daff0cda5fa9af010ccd19a80288182ecf
 Git date:   Fri, 16 Apr 2021 15:57:16 +0100
 Compiler:   GNU 9.1.0
 Build type: Release
 Version:    1.1.0

 Start time: Wed Jun  2 11:53:58 2021

 Data directory: /work/zw18965/.local/qcore/share/entos/1.1.0/data
 Number of threads: 24
 Number of threads was determined by: command line argument

 --------------------------------------------------------------------------------
                                   command: dft                                  
 --------------------------------------------------------------------------------
 AO basis set:                           aug-cc-pvtz
 Number of AO basis functions:          93

 Formula:                                Cr
 Nuclear charge:                        24.000000000
 Total charge:                           0.000000000
 Number of electrons:                   24.000000000

 Number of alpha electrons:             15
 Number of beta electrons:               9
 Number of unpaired electrons:           6
 Spin:                                   6
 Multiplicity:                           octet

 Theory:                                 dft
 Exchange-correlation functional:        0.47 b88 + 0.73 lyp
 Method for Coulomb:                     incore_df
 Method for exact exchange:              pre_transformed_df
 Integral threshold:                     1.00e-12
 DF basis set:                           def2-tzvp-jkfit(spdfghi)
 Number of DF basis functions:         264
 Schwarz screening threshold:            1.00e-10
 Coulomb fitting method:                 Cholesky
 Total number of grid points:         7828
 Method for AO orthogonalization:        symmetric
 Threshold for linear dependence:        1.00e-08
 D3BJ dispersion energy:                 0.000000000

 -------------------------------------
  Running unrestricted open-shell SCF 
 -------------------------------------
 Max number of iterations:             128
 Conv. threshold (gradient):             1.00e-05
 Conv. threshold (energy):               1.00e-06
 Interpolation scheme:                   adiis+cdiis
 Initial guess:                          H0

 ---------------------------------------------------------------
                  energy        change          grad        time
 ---------------------------------------------------------------
   0     -1003.465816224                    9.00e+00        0.02
   1      -985.954647812      1.75e+01      7.36e+00        0.01
   2     -1030.809800096     -4.49e+01      4.88e+00        0.01
   3     -1042.153432253     -1.13e+01      1.76e+00        0.01
   4     -1042.377829899     -2.24e-01      1.58e+00        0.01
   5     -1044.142085681     -1.76e+00      6.29e-02        0.01
   6     -1044.145357098     -3.27e-03      1.30e-02        0.01
   7     -1044.145560706     -2.04e-04      8.86e-03        0.01
   8     -1044.145633674     -7.30e-05      6.94e-04        0.01
   9     -1044.145634619     -9.45e-07      1.51e-04        0.01
  10     -1044.145634656     -3.74e-08      1.66e-05        0.01
  11     -1044.145634657     -2.29e-10      5.80e-07        0.01

 SCF converged in 11 iterations.


 --------------------------------
  Double Hybrid MP2 Contribution 
 --------------------------------
 Method:                                 pre_transformed_df
 Density-fitting basis set:              def2-tzvp-ri
 Opposite-spin scale factor:             0.270000000
 Same-spin scale factor:                 0.270000000

 Unrestricted MP2 calculation:           
 Core spatial orbitals:                  5
 Correlated alpha orbitals:             10
 Correlated beta orbitals:               4
 Virtual alpha orbitals:                78
 Virtual beta orbitals:                 84

 Reference Energy:                   -1044.145634657
 Opposite spin contribution:            -0.076199470
 Same spin contribution:                -0.059326870
 Total scaled MP2 contribution:         -0.135526340

 Dipole moment (in Debye):               0.000000      -0.000000      -0.000000

 Quadrupole moment (in Debye-Angstrom):
                  1            2            3
 1       -16.717231    -0.000000     0.000000
 2        -0.000000   -16.717231     0.000000
 3         0.000000     0.000000   -16.717231

 Spin-squared expectation <S^2>:        12.000
 Total spin quantum number S:            3.000
 TOTAL ENERGY:                       -1044.281160997

 --------------------------------------------------------------------------------

 End time:                               Wed Jun  2 11:54:00 2021
 Total wall-clock time:                  1.540 seconds
==================================================================================
