
================================================================================
          _____________ ________ _______________ ________     _________         
         / ___________// ______ \\_____   _____// ______ \   / ________)        
        / /_________  / /      \ \     | |     / /      \ \ | (_______          
       |  __________|| |        | |    | |    | |        | | \________ \        
        \ \_________ | |        | |    | |     \ \______/ /___________) |       
         \__________||_|        |_|    |_|      \________//____________/        
                                                                                
====================================[ Qcore ]===================================

 Git hash:   15a3e7daff0cda5fa9af010ccd19a80288182ecf
 Git date:   Fri, 16 Apr 2021 15:57:16 +0100
 Compiler:   GNU 9.1.0
 Build type: Release
 Version:    1.1.0

 Start time: Wed Jun  2 11:54:04 2021

 Data directory: /work/zw18965/.local/qcore/share/entos/1.1.0/data
 Number of threads: 24
 Number of threads was determined by: command line argument

 --------------------------------------------------------------------------------
                                   command: dft                                  
 --------------------------------------------------------------------------------
 AO basis set:                           aug-cc-pvtz
 Number of AO basis functions:          93

 Formula:                                Co
 Nuclear charge:                        27.000000000
 Total charge:                           0.000000000
 Number of electrons:                   27.000000000

 Number of alpha electrons:             15
 Number of beta electrons:              12
 Number of unpaired electrons:           3
 Spin:                                   3
 Multiplicity:                           quartet

 Theory:                                 dft
 Exchange-correlation functional:        0.47 b88 + 0.73 lyp
 Method for Coulomb:                     incore_df
 Method for exact exchange:              pre_transformed_df
 Integral threshold:                     1.00e-12
 DF basis set:                           def2-tzvp-jkfit(spdfghi)
 Number of DF basis functions:         264
 Schwarz screening threshold:            1.00e-10
 Coulomb fitting method:                 Cholesky
 Total number of grid points:         7936
 Method for AO orthogonalization:        symmetric
 Threshold for linear dependence:        1.00e-08
 D3BJ dispersion energy:                 0.000000000

 -------------------------------------
  Running unrestricted open-shell SCF 
 -------------------------------------
 Max number of iterations:             128
 Conv. threshold (gradient):             1.00e-05
 Conv. threshold (energy):               1.00e-06
 Interpolation scheme:                   adiis+cdiis
 Initial guess:                          H0

 ---------------------------------------------------------------
                  energy        change          grad        time
 ---------------------------------------------------------------
   0     -1314.128700260                    8.21e+00        0.02
   1     -1278.699765623      3.54e+01      1.16e+01        0.01
   2     -1355.288168204     -7.66e+01      5.09e+00        0.01
   3     -1378.215854038     -2.29e+01      2.53e+00        0.01
   4     -1378.380693496     -1.65e-01      3.18e+00        0.02
   5     -1382.318656251     -3.94e+00      3.35e-01        0.01
   6     -1382.312172851      6.48e-03      3.55e-01        0.01
   7     -1382.379102871     -6.69e-02      1.55e-02        0.02
   8     -1382.379369395     -2.67e-04      7.18e-03        0.01
   9     -1382.379417910     -4.85e-05      4.60e-03        0.01
  10     -1382.379436168     -1.83e-05      3.41e-03        0.01
  11     -1382.379423731      1.24e-05      3.36e-03        0.01
  12     -1382.379359181      6.45e-05      1.57e-03        0.01
  13     -1382.379357755      1.43e-06      8.58e-04        0.01
  14     -1382.379358572     -8.17e-07      5.71e-04        0.01
  15     -1382.379359572     -1.00e-06      2.82e-04        0.01
  16     -1382.379359722     -1.50e-07      1.47e-04        0.01
  17     -1382.379359775     -5.29e-08      8.34e-05        0.01
  18     -1382.379359789     -1.45e-08      2.60e-05        0.01
  19     -1382.379359790     -9.49e-10      1.29e-05        0.01
  20     -1382.379359791     -3.38e-10      9.92e-06        0.01

 SCF converged in 20 iterations.


 --------------------------------
  Double Hybrid MP2 Contribution 
 --------------------------------
 Method:                                 pre_transformed_df
 Density-fitting basis set:              def2-tzvp-ri
 Opposite-spin scale factor:             0.270000000
 Same-spin scale factor:                 0.270000000

 Unrestricted MP2 calculation:           
 Core spatial orbitals:                  5
 Correlated alpha orbitals:             10
 Correlated beta orbitals:               7
 Virtual alpha orbitals:                78
 Virtual beta orbitals:                 81

 Reference Energy:                   -1382.379359791
 Opposite spin contribution:            -0.128595923
 Same spin contribution:                -0.063782491
 Total scaled MP2 contribution:         -0.192378413

 Dipole moment (in Debye):              -0.000001       0.000001       0.000000

 Quadrupole moment (in Debye-Angstrom):
                  1            2            3
 1       -17.041179    -0.008078    -0.000022
 2        -0.008078   -17.304105     0.000091
 3        -0.000022     0.000091   -17.041163

 Spin-squared expectation <S^2>:         3.756
 Total spin quantum number S:            1.502
 TOTAL ENERGY:                       -1382.571738204

 --------------------------------------------------------------------------------

 End time:                               Wed Jun  2 11:54:06 2021
 Total wall-clock time:                  1.575 seconds
==================================================================================
