
================================================================================
          _____________ ________ _______________ ________     _________         
         / ___________// ______ \\_____   _____// ______ \   / ________)        
        / /_________  / /      \ \     | |     / /      \ \ | (_______          
       |  __________|| |        | |    | |    | |        | | \________ \        
        \ \_________ | |        | |    | |     \ \______/ /___________) |       
         \__________||_|        |_|    |_|      \________//____________/        
                                                                                
====================================[ Qcore ]===================================

 Git hash:   15a3e7daff0cda5fa9af010ccd19a80288182ecf
 Git date:   Fri, 16 Apr 2021 15:57:16 +0100
 Compiler:   GNU 9.1.0
 Build type: Release
 Version:    1.1.0

 Start time: Wed Jun  2 11:49:22 2021

 Data directory: /work/zw18965/.local/qcore/share/entos/1.1.0/data
 Number of threads: 24
 Number of threads was determined by: command line argument

 --------------------------------------------------------------------------------
                                   command: dft                                  
 --------------------------------------------------------------------------------
 AO basis set:                           aug-cc-pvtz
 Number of AO basis functions:         116

 Formula:                                HSc
 Nuclear charge:                        22.000000000
 Total charge:                           0.000000000
 Number of electrons:                   22.000000000

 Number of alpha electrons:             11
 Number of beta electrons:              11
 Number of unpaired electrons:           0
 Spin:                                   0
 Multiplicity:                           singlet

 Theory:                                 dft
 Exchange-correlation functional:        b3lyp
 Method for Coulomb:                     incore_df
 Method for exact exchange:              pre_transformed_df
 Integral threshold:                     1.00e-12
 DF basis set:                           def2-tzvp-jkfit(spdfghi)
 Number of DF basis functions:         282
 Schwarz screening threshold:            1.00e-10
 Coulomb fitting method:                 Cholesky
 Total number of grid points:        13742
 Method for AO orthogonalization:        symmetric
 Threshold for linear dependence:        1.00e-08
 D3BJ dispersion energy:                -0.000916380

 -------------------------------------
  Running restricted closed-shell SCF 
 -------------------------------------
 Max number of iterations:             128
 Conv. threshold (gradient):             1.00e-05
 Conv. threshold (energy):               1.00e-06
 Interpolation scheme:                   adiis+cdiis
 Initial guess:                          SAD

 ---------------------------------------------------------------
                  energy        change          grad        time
 ---------------------------------------------------------------
   0      -761.058238385                    2.22e+00        0.02
   1      -761.106902507     -4.87e-02      6.98e-01        0.01
   2      -761.028116817      7.88e-02      1.30e+00        0.01
   3      -761.147588846     -1.19e-01      1.81e-01        0.01
   4      -761.144775245      2.81e-03      2.73e-01        0.02
   5      -761.150230144     -5.45e-03      3.46e-02        0.01
   6      -761.150180994      4.92e-05      4.62e-02        0.01
   7      -761.150340786     -1.60e-04      1.04e-03        0.01
   8      -761.150340891     -1.05e-07      1.88e-04        0.01
   9      -761.150340896     -4.43e-09      3.60e-05        0.01
  10      -761.150340896     -1.19e-10      2.91e-06        0.01

 SCF converged in 10 iterations.

 Dipole moment (in Debye):              -0.000001      -0.000001      -1.967496

 Quadrupole moment (in Debye-Angstrom):
                  1            2            3
 1       -22.948460     0.000002     0.000011
 2         0.000002   -22.948460     0.000011
 3         0.000011     0.000011   -23.831721

 Spin-squared expectation <S^2>:         0.000
 Total spin quantum number S:            0.000
 TOTAL ENERGY:                        -761.150340896

 --------------------------------------------------------------------------------

 End time:                               Wed Jun  2 11:49:25 2021
 Total wall-clock time:                  2.617 seconds
==================================================================================
