
================================================================================
          _____________ ________ _______________ ________     _________         
         / ___________// ______ \\_____   _____// ______ \   / ________)        
        / /_________  / /      \ \     | |     / /      \ \ | (_______          
       |  __________|| |        | |    | |    | |        | | \________ \        
        \ \_________ | |        | |    | |     \ \______/ /___________) |       
         \__________||_|        |_|    |_|      \________//____________/        
                                                                                
====================================[ Qcore ]===================================

 Git hash:   15a3e7daff0cda5fa9af010ccd19a80288182ecf
 Git date:   Fri, 16 Apr 2021 15:57:16 +0100
 Compiler:   GNU 9.1.0
 Build type: Release
 Version:    1.1.0

 Start time: Wed Jun  2 11:50:39 2021

 Data directory: /work/zw18965/.local/qcore/share/entos/1.1.0/data
 Number of threads: 24
 Number of threads was determined by: command line argument

 --------------------------------------------------------------------------------
                                   command: dft                                  
 --------------------------------------------------------------------------------
 AO basis set:                           aug-cc-pvtz
 Number of AO basis functions:         143

 Formula:                                ClSc
 Nuclear charge:                        38.000000000
 Total charge:                           0.000000000
 Number of electrons:                   38.000000000

 Number of alpha electrons:             19
 Number of beta electrons:              19
 Number of unpaired electrons:           0
 Spin:                                   0
 Multiplicity:                           singlet

 Theory:                                 dft
 Exchange-correlation functional:        b3lyp
 Method for Coulomb:                     incore_df
 Method for exact exchange:              pre_transformed_df
 Integral threshold:                     1.00e-12
 DF basis set:                           def2-tzvp-jkfit(spdfghi)
 Number of DF basis functions:         392
 Schwarz screening threshold:            1.00e-10
 Coulomb fitting method:                 Cholesky
 Total number of grid points:        15346
 Method for AO orthogonalization:        symmetric
 Threshold for linear dependence:        1.00e-08
 D3BJ dispersion energy:                -0.002857852

 -------------------------------------
  Running restricted closed-shell SCF 
 -------------------------------------
 Max number of iterations:             128
 Conv. threshold (gradient):             1.00e-05
 Conv. threshold (energy):               1.00e-06
 Interpolation scheme:                   adiis+cdiis
 Initial guess:                          SAD

 ---------------------------------------------------------------
                  energy        change          grad        time
 ---------------------------------------------------------------
   0     -1220.866232124                    4.66e+00        0.03
   1     -1220.774692523      9.15e-02      7.49e-01        0.02
   2     -1219.512988865      1.26e+00      3.68e+00        0.02
   3     -1220.736941483     -1.22e+00      1.02e+00        0.02
   4     -1220.835376209     -9.84e-02      6.54e-02        0.02
   5     -1220.835252871      1.23e-04      8.74e-02        0.02
   6     -1220.836109781     -8.57e-04      1.24e-02        0.02
   7     -1220.836136184     -2.64e-05      3.91e-03        0.02
   8     -1220.836138281     -2.10e-06      6.32e-04        0.02
   9     -1220.836138321     -4.00e-08      3.34e-04        0.02
  10     -1220.836138334     -1.32e-08      4.71e-05        0.02
  11     -1220.836138335     -2.69e-10      3.21e-06        0.02

 SCF converged in 11 iterations.

 Dipole moment (in Debye):              -0.000002      -0.000002      -2.954677

 Quadrupole moment (in Debye-Angstrom):
                  1            2            3
 1       -34.306095     0.000002     0.000005
 2         0.000002   -34.306095     0.000005
 3         0.000005     0.000005   -30.275178

 Spin-squared expectation <S^2>:         0.000
 Total spin quantum number S:            0.000
 TOTAL ENERGY:                       -1220.836138335

 --------------------------------------------------------------------------------

 End time:                               Wed Jun  2 11:50:41 2021
 Total wall-clock time:                  2.732 seconds
==================================================================================
