
================================================================================
          _____________ ________ _______________ ________     _________         
         / ___________// ______ \\_____   _____// ______ \   / ________)        
        / /_________  / /      \ \     | |     / /      \ \ | (_______          
       |  __________|| |        | |    | |    | |        | | \________ \        
        \ \_________ | |        | |    | |     \ \______/ /___________) |       
         \__________||_|        |_|    |_|      \________//____________/        
                                                                                
====================================[ Qcore ]===================================

 Git hash:   15a3e7daff0cda5fa9af010ccd19a80288182ecf
 Git date:   Fri, 16 Apr 2021 15:57:16 +0100
 Compiler:   GNU 9.1.0
 Build type: Release
 Version:    1.1.0

 Start time: Wed Jun  2 11:50:41 2021

 Data directory: /work/zw18965/.local/qcore/share/entos/1.1.0/data
 Number of threads: 24
 Number of threads was determined by: command line argument

 --------------------------------------------------------------------------------
                                   command: dft                                  
 --------------------------------------------------------------------------------
 AO basis set:                           aug-cc-pvtz
 Number of AO basis functions:         152

 Formula:                                ScBr
 Nuclear charge:                        56.000000000
 Total charge:                           0.000000000
 Number of electrons:                   56.000000000

 Number of alpha electrons:             28
 Number of beta electrons:              28
 Number of unpaired electrons:           0
 Spin:                                   0
 Multiplicity:                           singlet

 Theory:                                 dft
 Exchange-correlation functional:        b3lyp
 Method for Coulomb:                     incore_df
 Method for exact exchange:              pre_transformed_df
 Integral threshold:                     1.00e-12
 DF basis set:                           def2-tzvp-jkfit(spdfghi)
 Number of DF basis functions:         530
 Schwarz screening threshold:            1.00e-10
 Coulomb fitting method:                 Cholesky
 Total number of grid points:        16016
 Method for AO orthogonalization:        symmetric
 Threshold for linear dependence:        1.00e-08
 D3BJ dispersion energy:                -0.003270938

 -------------------------------------
  Running restricted closed-shell SCF 
 -------------------------------------
 Max number of iterations:             128
 Conv. threshold (gradient):             1.00e-05
 Conv. threshold (energy):               1.00e-06
 Interpolation scheme:                   adiis+cdiis
 Initial guess:                          SAD

 ---------------------------------------------------------------
                  energy        change          grad        time
 ---------------------------------------------------------------
   0     -3334.828508911                    6.62e+00        0.03
   1     -3334.700330097      1.28e-01      7.07e-01        0.03
   2     -3333.287066343      1.41e+00      3.85e+00        0.02
   3     -3334.627551300     -1.34e+00      1.17e+00        0.03
   4     -3334.753105015     -1.26e-01      1.01e-01        0.02
   5     -3334.752062171      1.04e-03      1.68e-01        0.03
   6     -3334.754265980     -2.20e-03      3.69e-02        0.03
   7     -3334.753863794      4.02e-04      7.72e-02        0.03
   8     -3334.754420267     -5.56e-04      2.76e-03        0.02
   9     -3334.754421373     -1.11e-06      7.93e-04        0.02
  10     -3334.754421466     -9.26e-08      2.19e-04        0.02
  11     -3334.754421472     -5.97e-09      5.15e-05        0.03
  12     -3334.754421472     -2.96e-10      5.06e-06        0.03

 SCF converged in 12 iterations.

 Dipole moment (in Debye):              -0.000002      -0.000002      -3.040254

 Quadrupole moment (in Debye-Angstrom):
                  1            2            3
 1       -40.269221     0.000003     0.000008
 2         0.000003   -40.269221     0.000008
 3         0.000008     0.000008   -32.666344

 Spin-squared expectation <S^2>:         0.000
 Total spin quantum number S:            0.000
 TOTAL ENERGY:                       -3334.754421472

 --------------------------------------------------------------------------------

 End time:                               Wed Jun  2 11:50:45 2021
 Total wall-clock time:                  3.380 seconds
==================================================================================
