
================================================================================
          _____________ ________ _______________ ________     _________         
         / ___________// ______ \\_____   _____// ______ \   / ________)        
        / /_________  / /      \ \     | |     / /      \ \ | (_______          
       |  __________|| |        | |    | |    | |        | | \________ \        
        \ \_________ | |        | |    | |     \ \______/ /___________) |       
         \__________||_|        |_|    |_|      \________//____________/        
                                                                                
====================================[ Qcore ]===================================

 Git hash:   15a3e7daff0cda5fa9af010ccd19a80288182ecf
 Git date:   Fri, 16 Apr 2021 15:57:16 +0100
 Compiler:   GNU 9.1.0
 Build type: Release
 Version:    1.1.0

 Start time: Wed Jun  2 11:50:48 2021

 Data directory: /work/zw18965/.local/qcore/share/entos/1.1.0/data
 Number of threads: 24
 Number of threads was determined by: command line argument

 --------------------------------------------------------------------------------
                                   command: dft                                  
 --------------------------------------------------------------------------------
 AO basis set:                           aug-cc-pvtz
 Number of AO basis functions:         143

 Formula:                                SSc
 Nuclear charge:                        37.000000000
 Total charge:                           0.000000000
 Number of electrons:                   37.000000000

 Number of alpha electrons:             19
 Number of beta electrons:              18
 Number of unpaired electrons:           1
 Spin:                                   1
 Multiplicity:                           doublet

 Theory:                                 dft
 Exchange-correlation functional:        b3lyp
 Method for Coulomb:                     incore_df
 Method for exact exchange:              pre_transformed_df
 Integral threshold:                     1.00e-12
 DF basis set:                           def2-tzvp-jkfit(spdfghi)
 Number of DF basis functions:         392
 Schwarz screening threshold:            1.00e-10
 Coulomb fitting method:                 Cholesky
 Total number of grid points:        15202
 Method for AO orthogonalization:        symmetric
 Threshold for linear dependence:        1.00e-08
 D3BJ dispersion energy:                -0.003316952

 -------------------------------------
  Running unrestricted open-shell SCF 
 -------------------------------------
 Max number of iterations:             128
 Conv. threshold (gradient):             1.00e-05
 Conv. threshold (energy):               1.00e-06
 Interpolation scheme:                   adiis+cdiis
 Initial guess:                          SAD

 ---------------------------------------------------------------
                  energy        change          grad        time
 ---------------------------------------------------------------
   0     -1158.872007245                    2.57e+00        0.03
   1     -1158.649849283      2.22e-01      6.59e-01        0.04
   2     -1151.754583570      6.90e+00      4.15e+00        0.04
   3     -1157.816260313     -6.06e+00      1.74e+00        0.04
   4     -1158.790111350     -9.74e-01      2.90e-01        0.03
   5     -1158.797392313     -7.28e-03      2.60e-01        0.04
   6     -1158.819826284     -2.24e-02      8.95e-02        0.04
   7     -1158.818045869      1.78e-03      1.10e-01        0.04
   8     -1158.822846219     -4.80e-03      2.07e-03        0.03
   9     -1158.822851644     -5.43e-06      2.00e-03        0.04
  10     -1158.822854605     -2.96e-06      4.88e-04        0.03
  11     -1158.822854903     -2.98e-07      1.09e-04        0.03
  12     -1158.822854928     -2.52e-08      5.44e-05        0.04
  13     -1158.822854932     -3.96e-09      1.99e-05        0.03
  14     -1158.822854933     -3.55e-10      6.55e-06        0.03

 SCF converged in 14 iterations.

 Dipole moment (in Debye):               0.000001       0.000001      -5.606917

 Quadrupole moment (in Debye-Angstrom):
                  1            2            3
 1       -31.879218     0.000003    -0.000000
 2         0.000003   -31.879218    -0.000000
 3        -0.000000    -0.000000   -31.453953

 Spin-squared expectation <S^2>:         0.754
 Total spin quantum number S:            0.502
 TOTAL ENERGY:                       -1158.822854933

 --------------------------------------------------------------------------------

 End time:                               Wed Jun  2 11:50:51 2021
 Total wall-clock time:                  3.021 seconds
==================================================================================
