
================================================================================
          _____________ ________ _______________ ________     _________         
         / ___________// ______ \\_____   _____// ______ \   / ________)        
        / /_________  / /      \ \     | |     / /      \ \ | (_______          
       |  __________|| |        | |    | |    | |        | | \________ \        
        \ \_________ | |        | |    | |     \ \______/ /___________) |       
         \__________||_|        |_|    |_|      \________//____________/        
                                                                                
====================================[ Qcore ]===================================

 Git hash:   15a3e7daff0cda5fa9af010ccd19a80288182ecf
 Git date:   Fri, 16 Apr 2021 15:57:16 +0100
 Compiler:   GNU 9.1.0
 Build type: Release
 Version:    1.1.0

 Start time: Wed Jun  2 11:50:54 2021

 Data directory: /work/zw18965/.local/qcore/share/entos/1.1.0/data
 Number of threads: 24
 Number of threads was determined by: command line argument

 --------------------------------------------------------------------------------
                                   command: dft                                  
 --------------------------------------------------------------------------------
 AO basis set:                           aug-cc-pvtz
 Number of AO basis functions:         139

 Formula:                                FTi
 Nuclear charge:                        31.000000000
 Total charge:                           0.000000000
 Number of electrons:                   31.000000000

 Number of alpha electrons:             17
 Number of beta electrons:              14
 Number of unpaired electrons:           3
 Spin:                                   3
 Multiplicity:                           quartet

 Theory:                                 dft
 Exchange-correlation functional:        b3lyp
 Method for Coulomb:                     incore_df
 Method for exact exchange:              pre_transformed_df
 Integral threshold:                     1.00e-12
 DF basis set:                           def2-tzvp-jkfit(spdfghi)
 Number of DF basis functions:         341
 Schwarz screening threshold:            1.00e-10
 Coulomb fitting method:                 Cholesky
 Total number of grid points:        14604
 Method for AO orthogonalization:        symmetric
 Threshold for linear dependence:        1.00e-08
 D3BJ dispersion energy:                -0.000950907

 -------------------------------------
  Running unrestricted open-shell SCF 
 -------------------------------------
 Max number of iterations:             128
 Conv. threshold (gradient):             1.00e-05
 Conv. threshold (energy):               1.00e-06
 Interpolation scheme:                   adiis+cdiis
 Initial guess:                          SAD

 ---------------------------------------------------------------
                  energy        change          grad        time
 ---------------------------------------------------------------
   0      -949.038819890                    1.73e+00        0.03
   1      -949.122602959     -8.38e-02      6.35e-01        0.03
   2      -945.324264001      3.80e+00      3.57e+00        0.03
   3      -948.887839921     -3.56e+00      1.18e+00        0.03
   4      -949.240719201     -3.53e-01      1.58e-01        0.04
   5      -949.220213179      2.05e-02      3.31e-01        0.03
   6      -949.245171021     -2.50e-02      8.67e-02        0.03
   7      -949.246668187     -1.50e-03      4.11e-02        0.04
   8      -949.247063375     -3.95e-04      2.01e-03        0.03
   9      -949.247064236     -8.61e-07      3.71e-04        0.03
  10      -949.247064369     -1.33e-07      1.25e-04        0.03
  11      -949.247064389     -1.91e-08      3.66e-05        0.03
  12      -949.247064390     -1.80e-09      9.23e-06        0.03

 SCF converged in 12 iterations.

 Dipole moment (in Debye):               0.000000       0.000000      -3.147241

 Quadrupole moment (in Debye-Angstrom):
                  1            2            3
 1       -22.749263    -0.000000    -0.000000
 2        -0.000000   -22.749263    -0.000000
 3        -0.000000    -0.000000   -23.166294

 Spin-squared expectation <S^2>:         3.753
 Total spin quantum number S:            1.501
 TOTAL ENERGY:                        -949.247064390

 --------------------------------------------------------------------------------

 End time:                               Wed Jun  2 11:50:57 2021
 Total wall-clock time:                  2.927 seconds
==================================================================================
