
================================================================================
          _____________ ________ _______________ ________     _________         
         / ___________// ______ \\_____   _____// ______ \   / ________)        
        / /_________  / /      \ \     | |     / /      \ \ | (_______          
       |  __________|| |        | |    | |    | |        | | \________ \        
        \ \_________ | |        | |    | |     \ \______/ /___________) |       
         \__________||_|        |_|    |_|      \________//____________/        
                                                                                
====================================[ Qcore ]===================================

 Git hash:   15a3e7daff0cda5fa9af010ccd19a80288182ecf
 Git date:   Fri, 16 Apr 2021 15:57:16 +0100
 Compiler:   GNU 9.1.0
 Build type: Release
 Version:    1.1.0

 Start time: Wed Jun  2 11:51:04 2021

 Data directory: /work/zw18965/.local/qcore/share/entos/1.1.0/data
 Number of threads: 24
 Number of threads was determined by: command line argument

 --------------------------------------------------------------------------------
                                   command: dft                                  
 --------------------------------------------------------------------------------
 AO basis set:                           aug-cc-pvtz
 Number of AO basis functions:         139

 Formula:                                OTi
 Nuclear charge:                        30.000000000
 Total charge:                           0.000000000
 Number of electrons:                   30.000000000

 Number of alpha electrons:             16
 Number of beta electrons:              14
 Number of unpaired electrons:           2
 Spin:                                   2
 Multiplicity:                           triplet

 Theory:                                 dft
 Exchange-correlation functional:        b3lyp
 Method for Coulomb:                     incore_df
 Method for exact exchange:              pre_transformed_df
 Integral threshold:                     1.00e-12
 DF basis set:                           def2-tzvp-jkfit(spdfghi)
 Number of DF basis functions:         341
 Schwarz screening threshold:            1.00e-10
 Coulomb fitting method:                 Cholesky
 Total number of grid points:        14736
 Method for AO orthogonalization:        symmetric
 Threshold for linear dependence:        1.00e-08
 D3BJ dispersion energy:                -0.001330708

 -------------------------------------
  Running unrestricted open-shell SCF 
 -------------------------------------
 Max number of iterations:             128
 Conv. threshold (gradient):             1.00e-05
 Conv. threshold (energy):               1.00e-06
 Interpolation scheme:                   adiis+cdiis
 Initial guess:                          SAD

 ---------------------------------------------------------------
                  energy        change          grad        time
 ---------------------------------------------------------------
   0      -924.449385912                    2.67e+00        0.03
   1      -924.148652505      3.01e-01      1.21e+00        0.03
   2      -911.673501460      1.25e+01      7.81e+00        0.03
   3      -922.718230788     -1.10e+01      2.37e+00        0.03
   4      -924.560321185     -1.84e+00      4.64e-01        0.03
   5      -924.547932382      1.24e-02      5.04e-01        0.03
   6      -924.619380222     -7.14e-02      3.87e-02        0.03
   7      -924.617035069      2.35e-03      1.03e-01        0.03
   8      -924.619699085     -2.66e-03      3.63e-03        0.03
   9      -924.619709859     -1.08e-05      1.21e-03        0.03
  10      -924.619712192     -2.33e-06      1.40e-03        0.03
  11      -924.619712912     -7.20e-07      1.59e-04        0.03
  12      -924.619712982     -6.96e-08      7.53e-05        0.03
  13      -924.619712985     -3.82e-09      4.06e-05        0.03
  14      -924.619712986     -4.65e-10      8.42e-06        0.03

 SCF converged in 14 iterations.

 Dipole moment (in Debye):               0.000000       0.000000      -3.746504

 Quadrupole moment (in Debye-Angstrom):
                  1            2            3
 1       -22.253789     0.000000    -0.000000
 2         0.000000   -22.253789    -0.000000
 3        -0.000000    -0.000000   -25.928743

 Spin-squared expectation <S^2>:         2.012
 Total spin quantum number S:            1.004
 TOTAL ENERGY:                        -924.619712986

 --------------------------------------------------------------------------------

 End time:                               Wed Jun  2 11:51:07 2021
 Total wall-clock time:                  2.947 seconds
==================================================================================
