
================================================================================
          _____________ ________ _______________ ________     _________         
         / ___________// ______ \\_____   _____// ______ \   / ________)        
        / /_________  / /      \ \     | |     / /      \ \ | (_______          
       |  __________|| |        | |    | |    | |        | | \________ \        
        \ \_________ | |        | |    | |     \ \______/ /___________) |       
         \__________||_|        |_|    |_|      \________//____________/        
                                                                                
====================================[ Qcore ]===================================

 Git hash:   15a3e7daff0cda5fa9af010ccd19a80288182ecf
 Git date:   Fri, 16 Apr 2021 15:57:16 +0100
 Compiler:   GNU 9.1.0
 Build type: Release
 Version:    1.1.0

 Start time: Wed Jun  2 11:51:10 2021

 Data directory: /work/zw18965/.local/qcore/share/entos/1.1.0/data
 Number of threads: 24
 Number of threads was determined by: command line argument

 --------------------------------------------------------------------------------
                                   command: dft                                  
 --------------------------------------------------------------------------------
 AO basis set:                           aug-cc-pvtz
 Number of AO basis functions:         116

 Formula:                                HV
 Nuclear charge:                        24.000000000
 Total charge:                           0.000000000
 Number of electrons:                   24.000000000

 Number of alpha electrons:             14
 Number of beta electrons:              10
 Number of unpaired electrons:           4
 Spin:                                   4
 Multiplicity:                           quintet

 Theory:                                 dft
 Exchange-correlation functional:        b3lyp
 Method for Coulomb:                     incore_df
 Method for exact exchange:              pre_transformed_df
 Integral threshold:                     1.00e-12
 DF basis set:                           def2-tzvp-jkfit(spdfghi)
 Number of DF basis functions:         282
 Schwarz screening threshold:            1.00e-10
 Coulomb fitting method:                 Cholesky
 Total number of grid points:        13742
 Method for AO orthogonalization:        symmetric
 Threshold for linear dependence:        1.00e-08
 D3BJ dispersion energy:                -0.000975969

 -------------------------------------
  Running unrestricted open-shell SCF 
 -------------------------------------
 Max number of iterations:             128
 Conv. threshold (gradient):             1.00e-05
 Conv. threshold (energy):               1.00e-06
 Interpolation scheme:                   adiis+cdiis
 Initial guess:                          SAD

 ---------------------------------------------------------------
                  energy        change          grad        time
 ---------------------------------------------------------------
   0      -944.137033217                    1.35e+00        0.02
   1      -944.230098705     -9.31e-02      7.95e-01        0.02
   2      -942.341235471      1.89e+00      2.69e+00        0.02
   3      -944.329520523     -1.99e+00      6.96e-01        0.02
   4      -944.442821340     -1.13e-01      1.69e-01        0.02
   5      -944.430604943      1.22e-02      2.84e-01        0.02
   6      -944.450015840     -1.94e-02      4.84e-02        0.02
   7      -944.448546450      1.47e-03      8.95e-02        0.02
   8      -944.450614051     -2.07e-03      2.89e-03        0.02
   9      -944.450617053     -3.00e-06      6.88e-04        0.02
  10      -944.450617186     -1.33e-07      1.06e-04        0.02
  11      -944.450617193     -7.39e-09      3.07e-05        0.02
  12      -944.450617195     -1.35e-09      1.24e-05        0.02
  13      -944.450617195     -2.78e-10      8.52e-06        0.02

 SCF converged in 13 iterations.

 Dipole moment (in Debye):               0.000001      -0.000000      -2.666745

 Quadrupole moment (in Debye-Angstrom):
                  1            2            3
 1       -17.950422     0.000032     0.000001
 2         0.000032   -17.950416    -0.000001
 3         0.000001    -0.000001   -21.750516

 Spin-squared expectation <S^2>:         6.018
 Total spin quantum number S:            2.004
 TOTAL ENERGY:                        -944.450617195

 --------------------------------------------------------------------------------

 End time:                               Wed Jun  2 11:51:13 2021
 Total wall-clock time:                  2.811 seconds
==================================================================================
