
================================================================================
          _____________ ________ _______________ ________     _________         
         / ___________// ______ \\_____   _____// ______ \   / ________)        
        / /_________  / /      \ \     | |     / /      \ \ | (_______          
       |  __________|| |        | |    | |    | |        | | \________ \        
        \ \_________ | |        | |    | |     \ \______/ /___________) |       
         \__________||_|        |_|    |_|      \________//____________/        
                                                                                
====================================[ Qcore ]===================================

 Git hash:   15a3e7daff0cda5fa9af010ccd19a80288182ecf
 Git date:   Fri, 16 Apr 2021 15:57:16 +0100
 Compiler:   GNU 9.1.0
 Build type: Release
 Version:    1.1.0

 Start time: Wed Jun  2 11:51:17 2021

 Data directory: /work/zw18965/.local/qcore/share/entos/1.1.0/data
 Number of threads: 24
 Number of threads was determined by: command line argument

 --------------------------------------------------------------------------------
                                   command: dft                                  
 --------------------------------------------------------------------------------
 AO basis set:                           aug-cc-pvtz
 Number of AO basis functions:         143

 Formula:                                ClV
 Nuclear charge:                        40.000000000
 Total charge:                           0.000000000
 Number of electrons:                   40.000000000

 Number of alpha electrons:             22
 Number of beta electrons:              18
 Number of unpaired electrons:           4
 Spin:                                   4
 Multiplicity:                           quintet

 Theory:                                 dft
 Exchange-correlation functional:        b3lyp
 Method for Coulomb:                     incore_df
 Method for exact exchange:              pre_transformed_df
 Integral threshold:                     1.00e-12
 DF basis set:                           def2-tzvp-jkfit(spdfghi)
 Number of DF basis functions:         392
 Schwarz screening threshold:            1.00e-10
 Coulomb fitting method:                 Cholesky
 Total number of grid points:        15346
 Method for AO orthogonalization:        symmetric
 Threshold for linear dependence:        1.00e-08
 D3BJ dispersion energy:                -0.003015031

 -------------------------------------
  Running unrestricted open-shell SCF 
 -------------------------------------
 Max number of iterations:             128
 Conv. threshold (gradient):             1.00e-05
 Conv. threshold (energy):               1.00e-06
 Interpolation scheme:                   adiis+cdiis
 Initial guess:                          SAD

 ---------------------------------------------------------------
                  energy        change          grad        time
 ---------------------------------------------------------------
   0     -1403.889794930                    1.80e+00        0.04
   1     -1403.881242104      8.55e-03      9.56e-01        0.03
   2     -1395.453075446      8.43e+00      5.20e+00        0.03
   3     -1403.395281942     -7.94e+00      1.91e+00        0.03
   4     -1404.104453771     -7.09e-01      2.27e-01        0.03
   5     -1404.063826593      4.06e-02      4.51e-01        0.03
   6     -1404.115980109     -5.22e-02      1.26e-01        0.03
   7     -1404.115826855      1.53e-04      1.09e-01        0.04
   8     -1404.119241453     -3.41e-03      2.00e-02        0.03
   9     -1404.119245663     -4.21e-06      3.00e-02        0.04
  10     -1404.119652578     -4.07e-04      4.53e-03        0.03
  11     -1404.119674001     -2.14e-05      1.38e-03        0.04
  12     -1404.119676807     -2.81e-06      6.12e-04        0.04
  13     -1404.119677000     -1.93e-07      2.48e-04        0.03
  14     -1404.119677036     -3.58e-08      1.33e-04        0.03
  15     -1404.119677046     -9.93e-09      4.67e-05        0.03
  16     -1404.119677048     -2.39e-09      3.27e-05        0.03
  17     -1404.119677050     -2.21e-09      3.09e-05        0.03
  18     -1404.119677052     -2.04e-09      3.10e-05        0.03
  19     -1404.119677055     -2.76e-09      3.08e-05        0.03
  20     -1404.119677058     -2.39e-09      3.05e-05        0.03
  21     -1404.119677059     -1.29e-09      3.04e-05        0.03
  22     -1404.119677059      1.64e-10      3.04e-05        0.03
  23     -1404.119677058      2.15e-10      3.04e-05        0.03
  24     -1404.119677058      1.56e-10      3.04e-05        0.03
  25     -1404.119677058     -7.50e-11      3.04e-05        0.03
  26     -1404.119677058      2.52e-11      3.04e-05        0.03
  27     -1404.119677058      8.80e-11      3.03e-05        0.03
  28     -1404.119677058     -4.64e-11      3.04e-05        0.03
  29     -1404.119677057      1.25e-09      3.06e-05        0.03
  30     -1404.119677057      4.09e-10      3.05e-05        0.04
  31     -1404.119677058     -8.96e-10      3.05e-05        0.03
  32     -1404.119677053      4.38e-09      3.07e-05        0.03
  33     -1404.119677049      4.01e-09      3.08e-05        0.03
  34     -1404.119677043      6.07e-09      3.10e-05        0.03
  35     -1404.119677032      1.13e-08      3.14e-05        0.03
  36     -1404.119677021      1.09e-08      3.12e-05        0.03
  37     -1404.119677002      1.91e-08      3.25e-05        0.03
  38     -1404.119676428      5.74e-07      1.90e-04        0.03
  39     -1404.119676296      1.32e-07      3.05e-04        0.03
  40     -1404.119676168      1.27e-07      4.10e-04        0.03
  41     -1404.119676145      2.29e-08      4.28e-04        0.03
  42     -1404.119675994      1.52e-07      5.98e-04        0.03
  43     -1404.119675908      8.59e-08      7.08e-04        0.03
  44     -1404.119675951     -4.31e-08      6.11e-04        0.04
  45     -1404.119676234     -2.84e-07      1.45e-04        0.03
  46     -1404.119676073      1.61e-07      3.27e-04        0.03
  47     -1404.119676118     -4.47e-08      2.18e-04        0.03
  48     -1404.119676131     -1.34e-08      5.19e-05        0.03
  49     -1404.119676093      3.82e-08      4.97e-05        0.03
  50     -1404.119676059      3.39e-08      4.96e-05        0.03
  51     -1404.119676029      3.03e-08      3.14e-05        0.03
  52     -1404.119676021      7.34e-09      1.34e-05        0.03
  53     -1404.119676019      2.02e-09      4.75e-06        0.03

 SCF converged in 53 iterations.

 Dipole moment (in Debye):              -0.000027      -0.000027      -4.395904

 Quadrupole moment (in Debye-Angstrom):
                  1            2            3
 1       -29.580505    -1.041909     0.000070
 2        -1.041909   -29.584272     0.000070
 3         0.000070     0.000070   -27.128204

 Spin-squared expectation <S^2>:         6.010
 Total spin quantum number S:            2.002
 TOTAL ENERGY:                       -1404.119676019

 --------------------------------------------------------------------------------

 End time:                               Wed Jun  2 11:51:22 2021
 Total wall-clock time:                  4.721 seconds
==================================================================================
