
================================================================================
          _____________ ________ _______________ ________     _________         
         / ___________// ______ \\_____   _____// ______ \   / ________)        
        / /_________  / /      \ \     | |     / /      \ \ | (_______          
       |  __________|| |        | |    | |    | |        | | \________ \        
        \ \_________ | |        | |    | |     \ \______/ /___________) |       
         \__________||_|        |_|    |_|      \________//____________/        
                                                                                
====================================[ Qcore ]===================================

 Git hash:   15a3e7daff0cda5fa9af010ccd19a80288182ecf
 Git date:   Fri, 16 Apr 2021 15:57:16 +0100
 Compiler:   GNU 9.1.0
 Build type: Release
 Version:    1.1.0

 Start time: Wed Jun  2 11:51:22 2021

 Data directory: /work/zw18965/.local/qcore/share/entos/1.1.0/data
 Number of threads: 24
 Number of threads was determined by: command line argument

 --------------------------------------------------------------------------------
                                   command: dft                                  
 --------------------------------------------------------------------------------
 AO basis set:                           aug-cc-pvtz
 Number of AO basis functions:         152

 Formula:                                VBr
 Nuclear charge:                        58.000000000
 Total charge:                           0.000000000
 Number of electrons:                   58.000000000

 Number of alpha electrons:             31
 Number of beta electrons:              27
 Number of unpaired electrons:           4
 Spin:                                   4
 Multiplicity:                           quintet

 Theory:                                 dft
 Exchange-correlation functional:        b3lyp
 Method for Coulomb:                     incore_df
 Method for exact exchange:              pre_transformed_df
 Integral threshold:                     1.00e-12
 DF basis set:                           def2-tzvp-jkfit(spdfghi)
 Number of DF basis functions:         530
 Schwarz screening threshold:            1.00e-10
 Coulomb fitting method:                 Cholesky
 Total number of grid points:        16016
 Method for AO orthogonalization:        symmetric
 Threshold for linear dependence:        1.00e-08
 D3BJ dispersion energy:                -0.003469843

 -------------------------------------
  Running unrestricted open-shell SCF 
 -------------------------------------
 Max number of iterations:             128
 Conv. threshold (gradient):             1.00e-05
 Conv. threshold (energy):               1.00e-06
 Interpolation scheme:                   adiis+cdiis
 Initial guess:                          SAD

 ---------------------------------------------------------------
                  energy        change          grad        time
 ---------------------------------------------------------------
   0     -3517.842718705                    2.06e+00        0.04
   1     -3517.801687175      4.10e-02      1.03e+00        0.04
   2     -3509.366085960      8.44e+00      5.10e+00        0.04
   3     -3517.178666306     -7.81e+00      2.07e+00        0.03
   4     -3518.019381886     -8.41e-01      2.52e-01        0.04
   5     -3517.985376775      3.40e-02      4.75e-01        0.03
   6     -3518.038305599     -5.29e-02      1.08e-01        0.04
   7     -3518.033675677      4.63e-03      1.63e-01        0.04
   8     -3518.040262001     -6.59e-03      3.26e-02        0.04
   9     -3518.039619020      6.43e-04      7.75e-02        0.04
  10     -3518.040854552     -1.24e-03      5.66e-03        0.04
  11     -3518.040893600     -3.90e-05      2.81e-03        0.03
  12     -3518.040901130     -7.53e-06      1.49e-03        0.04
  13     -3518.040902245     -1.12e-06      4.06e-04        0.04
  14     -3518.040902374     -1.29e-07      3.25e-04        0.03
  15     -3518.040902430     -5.62e-08      1.06e-04        0.04
  16     -3518.040902434     -4.49e-09      1.81e-05        0.03
  17     -3518.040902435     -3.85e-10      1.28e-05        0.04
  18     -3518.040902435     -2.35e-10      1.11e-05        0.03
  19     -3518.040902435     -4.87e-10      1.10e-05        0.04
  20     -3518.040902436     -8.79e-10      9.72e-06        0.03

 SCF converged in 20 iterations.

 Dipole moment (in Debye):               0.000012      -0.000077      -4.588874

 Quadrupole moment (in Debye-Angstrom):
                  1            2            3
 1       -36.503509     0.644376    -0.000031
 2         0.644376   -34.699137     0.000199
 3        -0.000031     0.000199   -28.233396

 Spin-squared expectation <S^2>:         6.012
 Total spin quantum number S:            2.002
 TOTAL ENERGY:                       -3518.040902437

 --------------------------------------------------------------------------------

 End time:                               Wed Jun  2 11:51:26 2021
 Total wall-clock time:                  4.354 seconds
==================================================================================
