
================================================================================
          _____________ ________ _______________ ________     _________         
         / ___________// ______ \\_____   _____// ______ \   / ________)        
        / /_________  / /      \ \     | |     / /      \ \ | (_______          
       |  __________|| |        | |    | |    | |        | | \________ \        
        \ \_________ | |        | |    | |     \ \______/ /___________) |       
         \__________||_|        |_|    |_|      \________//____________/        
                                                                                
====================================[ Qcore ]===================================

 Git hash:   15a3e7daff0cda5fa9af010ccd19a80288182ecf
 Git date:   Fri, 16 Apr 2021 15:57:16 +0100
 Compiler:   GNU 9.1.0
 Build type: Release
 Version:    1.1.0

 Start time: Wed Jun  2 11:51:26 2021

 Data directory: /work/zw18965/.local/qcore/share/entos/1.1.0/data
 Number of threads: 24
 Number of threads was determined by: command line argument

 --------------------------------------------------------------------------------
                                   command: dft                                  
 --------------------------------------------------------------------------------
 AO basis set:                           aug-cc-pvtz
 Number of AO basis functions:         139

 Formula:                                OV
 Nuclear charge:                        31.000000000
 Total charge:                           0.000000000
 Number of electrons:                   31.000000000

 Number of alpha electrons:             17
 Number of beta electrons:              14
 Number of unpaired electrons:           3
 Spin:                                   3
 Multiplicity:                           quartet

 Theory:                                 dft
 Exchange-correlation functional:        b3lyp
 Method for Coulomb:                     incore_df
 Method for exact exchange:              pre_transformed_df
 Integral threshold:                     1.00e-12
 DF basis set:                           def2-tzvp-jkfit(spdfghi)
 Number of DF basis functions:         341
 Schwarz screening threshold:            1.00e-10
 Coulomb fitting method:                 Cholesky
 Total number of grid points:        14796
 Method for AO orthogonalization:        symmetric
 Threshold for linear dependence:        1.00e-08
 D3BJ dispersion energy:                -0.001402586

 -------------------------------------
  Running unrestricted open-shell SCF 
 -------------------------------------
 Max number of iterations:             128
 Conv. threshold (gradient):             1.00e-05
 Conv. threshold (energy):               1.00e-06
 Interpolation scheme:                   adiis+cdiis
 Initial guess:                          SAD

 ---------------------------------------------------------------
                  energy        change          grad        time
 ---------------------------------------------------------------
   0     -1018.911014101                    2.93e+00        0.03
   1     -1018.483867905      4.27e-01      1.34e+00        0.03
   2     -1003.414453488      1.51e+01      9.98e+00        0.03
   3     -1015.858478791     -1.24e+01      3.33e+00        0.03
   4     -1019.037501163     -3.18e+00      5.83e-01        0.03
   5     -1019.060300165     -2.28e-02      5.40e-01        0.03
   6     -1019.150095830     -8.98e-02      3.11e-02        0.04
   7     -1019.148285848      1.81e-03      9.42e-02        0.03
   8     -1019.150495449     -2.21e-03      6.87e-03        0.03
   9     -1019.150536152     -4.07e-05      7.29e-03        0.03
  10     -1019.150555665     -1.95e-05      1.77e-03        0.03
  11     -1019.150557219     -1.55e-06      6.11e-04        0.03
  12     -1019.150557342     -1.23e-07      1.43e-04        0.03
  13     -1019.150557354     -1.19e-08      1.71e-05        0.04
  14     -1019.150557355     -2.13e-10      1.47e-05        0.03
  15     -1019.150557355     -5.14e-11      2.58e-06        0.03

 SCF converged in 15 iterations.

 Dipole moment (in Debye):               0.000000       0.000000      -3.736900

 Quadrupole moment (in Debye-Angstrom):
                  1            2            3
 1       -21.682165     0.000000    -0.000001
 2         0.000000   -21.682165    -0.000001
 3        -0.000001    -0.000001   -23.240943

 Spin-squared expectation <S^2>:         3.798
 Total spin quantum number S:            1.512
 TOTAL ENERGY:                       -1019.150557355

 --------------------------------------------------------------------------------

 End time:                               Wed Jun  2 11:51:30 2021
 Total wall-clock time:                  3.406 seconds
==================================================================================
