
================================================================================
          _____________ ________ _______________ ________     _________         
         / ___________// ______ \\_____   _____// ______ \   / ________)        
        / /_________  / /      \ \     | |     / /      \ \ | (_______          
       |  __________|| |        | |    | |    | |        | | \________ \        
        \ \_________ | |        | |    | |     \ \______/ /___________) |       
         \__________||_|        |_|    |_|      \________//____________/        
                                                                                
====================================[ Qcore ]===================================

 Git hash:   15a3e7daff0cda5fa9af010ccd19a80288182ecf
 Git date:   Fri, 16 Apr 2021 15:57:16 +0100
 Compiler:   GNU 9.1.0
 Build type: Release
 Version:    1.1.0

 Start time: Wed Jun  2 11:51:30 2021

 Data directory: /work/zw18965/.local/qcore/share/entos/1.1.0/data
 Number of threads: 24
 Number of threads was determined by: command line argument

 --------------------------------------------------------------------------------
                                   command: dft                                  
 --------------------------------------------------------------------------------
 AO basis set:                           aug-cc-pvtz
 Number of AO basis functions:         143

 Formula:                                SV
 Nuclear charge:                        39.000000000
 Total charge:                           0.000000000
 Number of electrons:                   39.000000000

 Number of alpha electrons:             21
 Number of beta electrons:              18
 Number of unpaired electrons:           3
 Spin:                                   3
 Multiplicity:                           quartet

 Theory:                                 dft
 Exchange-correlation functional:        b3lyp
 Method for Coulomb:                     incore_df
 Method for exact exchange:              pre_transformed_df
 Integral threshold:                     1.00e-12
 DF basis set:                           def2-tzvp-jkfit(spdfghi)
 Number of DF basis functions:         392
 Schwarz screening threshold:            1.00e-10
 Coulomb fitting method:                 Cholesky
 Total number of grid points:        15202
 Method for AO orthogonalization:        symmetric
 Threshold for linear dependence:        1.00e-08
 D3BJ dispersion energy:                -0.003486678

 -------------------------------------
  Running unrestricted open-shell SCF 
 -------------------------------------
 Max number of iterations:             128
 Conv. threshold (gradient):             1.00e-05
 Conv. threshold (energy):               1.00e-06
 Interpolation scheme:                   adiis+cdiis
 Initial guess:                          SAD

 ---------------------------------------------------------------
                  energy        change          grad        time
 ---------------------------------------------------------------
   0     -1341.935967361                    2.85e+00        0.03
   1     -1341.553049825      3.83e-01      1.35e+00        0.04
   2     -1327.297528751      1.43e+01      7.63e+00        0.03
   3     -1338.445688372     -1.11e+01      3.71e+00        0.03
   4     -1341.932859451     -3.49e+00      6.90e-01        0.03
   5     -1342.026231721     -9.34e-02      5.10e-01        0.03
   6     -1342.083860674     -5.76e-02      1.09e-01        0.04
   7     -1342.080713674      3.15e-03      1.85e-01        0.03
   8     -1342.090163251     -9.45e-03      1.62e-02        0.04
   9     -1342.090129792      3.35e-05      3.53e-02        0.04
  10     -1342.090391122     -2.61e-04      7.22e-03        0.03
  11     -1342.090414460     -2.33e-05      8.36e-04        0.03
  12     -1342.090415468     -1.01e-06      1.09e-03        0.03
  13     -1342.090415922     -4.54e-07      3.08e-04        0.04
  14     -1342.090415974     -5.18e-08      7.06e-05        0.03
  15     -1342.090415977     -3.33e-09      1.24e-05        0.03
  16     -1342.090415977     -9.14e-11      2.58e-06        0.03

 SCF converged in 16 iterations.

 Dipole moment (in Debye):              -0.000001      -0.000001      -5.534175

 Quadrupole moment (in Debye-Angstrom):
                  1            2            3
 1       -30.089277     0.000000    -0.000002
 2         0.000000   -30.089277    -0.000002
 3        -0.000002    -0.000002   -25.277139

 Spin-squared expectation <S^2>:         3.883
 Total spin quantum number S:            1.533
 TOTAL ENERGY:                       -1342.090415977

 --------------------------------------------------------------------------------

 End time:                               Wed Jun  2 11:51:33 2021
 Total wall-clock time:                  3.509 seconds
==================================================================================
