
================================================================================
          _____________ ________ _______________ ________     _________         
         / ___________// ______ \\_____   _____// ______ \   / ________)        
        / /_________  / /      \ \     | |     / /      \ \ | (_______          
       |  __________|| |        | |    | |    | |        | | \________ \        
        \ \_________ | |        | |    | |     \ \______/ /___________) |       
         \__________||_|        |_|    |_|      \________//____________/        
                                                                                
====================================[ Qcore ]===================================

 Git hash:   15a3e7daff0cda5fa9af010ccd19a80288182ecf
 Git date:   Fri, 16 Apr 2021 15:57:16 +0100
 Compiler:   GNU 9.1.0
 Build type: Release
 Version:    1.1.0

 Start time: Wed Jun  2 11:51:34 2021

 Data directory: /work/zw18965/.local/qcore/share/entos/1.1.0/data
 Number of threads: 24
 Number of threads was determined by: command line argument

 --------------------------------------------------------------------------------
                                   command: dft                                  
 --------------------------------------------------------------------------------
 AO basis set:                           aug-cc-pvtz
 Number of AO basis functions:         116

 Formula:                                HCr
 Nuclear charge:                        25.000000000
 Total charge:                           0.000000000
 Number of electrons:                   25.000000000

 Number of alpha electrons:             15
 Number of beta electrons:              10
 Number of unpaired electrons:           5
 Spin:                                   5
 Multiplicity:                           septet

 Theory:                                 dft
 Exchange-correlation functional:        b3lyp
 Method for Coulomb:                     incore_df
 Method for exact exchange:              pre_transformed_df
 Integral threshold:                     1.00e-12
 DF basis set:                           def2-tzvp-jkfit(spdfghi)
 Number of DF basis functions:         282
 Schwarz screening threshold:            1.00e-10
 Coulomb fitting method:                 Cholesky
 Total number of grid points:        13718
 Method for AO orthogonalization:        symmetric
 Threshold for linear dependence:        1.00e-08
 D3BJ dispersion energy:                -0.000925270

 -------------------------------------
  Running unrestricted open-shell SCF 
 -------------------------------------
 Max number of iterations:             128
 Conv. threshold (gradient):             1.00e-05
 Conv. threshold (energy):               1.00e-06
 Interpolation scheme:                   adiis+cdiis
 Initial guess:                          SAD

 ---------------------------------------------------------------
                  energy        change          grad        time
 ---------------------------------------------------------------
   0     -1044.585913036                    1.47e+00        0.03
   1     -1044.705401950     -1.19e-01      9.02e-01        0.03
   2     -1043.411471032      1.29e+00      2.32e+00        0.02
   3     -1044.843804024     -1.43e+00      7.06e-01        0.02
   4     -1044.956626602     -1.13e-01      2.20e-01        0.02
   5     -1044.948202993      8.42e-03      2.70e-01        0.02
   6     -1044.968344926     -2.01e-02      2.78e-02        0.02
   7     -1044.967701483      6.43e-04      6.55e-02        0.03
   8     -1044.968681160     -9.80e-04      3.30e-03        0.02
   9     -1044.968692542     -1.14e-05      1.49e-03        0.02
  10     -1044.968694169     -1.63e-06      4.32e-04        0.02
  11     -1044.968694307     -1.37e-07      1.86e-04        0.02
  12     -1044.968694315     -8.27e-09      4.45e-05        0.02
  13     -1044.968694316     -7.72e-10      4.49e-06        0.02

 SCF converged in 13 iterations.

 Dipole moment (in Debye):               0.000000       0.000000      -3.081374

 Quadrupole moment (in Debye-Angstrom):
                  1            2            3
 1       -17.040480     0.000000     0.000000
 2         0.000000   -17.040480     0.000000
 3         0.000000     0.000000   -19.302190

 Spin-squared expectation <S^2>:         8.789
 Total spin quantum number S:            2.507
 TOTAL ENERGY:                       -1044.968694316

 --------------------------------------------------------------------------------

 End time:                               Wed Jun  2 11:51:36 2021
 Total wall-clock time:                  2.650 seconds
==================================================================================
