
================================================================================
          _____________ ________ _______________ ________     _________         
         / ___________// ______ \\_____   _____// ______ \   / ________)        
        / /_________  / /      \ \     | |     / /      \ \ | (_______          
       |  __________|| |        | |    | |    | |        | | \________ \        
        \ \_________ | |        | |    | |     \ \______/ /___________) |       
         \__________||_|        |_|    |_|      \________//____________/        
                                                                                
====================================[ Qcore ]===================================

 Git hash:   15a3e7daff0cda5fa9af010ccd19a80288182ecf
 Git date:   Fri, 16 Apr 2021 15:57:16 +0100
 Compiler:   GNU 9.1.0
 Build type: Release
 Version:    1.1.0

 Start time: Wed Jun  2 11:51:36 2021

 Data directory: /work/zw18965/.local/qcore/share/entos/1.1.0/data
 Number of threads: 24
 Number of threads was determined by: command line argument

 --------------------------------------------------------------------------------
                                   command: dft                                  
 --------------------------------------------------------------------------------
 AO basis set:                           aug-cc-pvtz
 Number of AO basis functions:         139

 Formula:                                FCr
 Nuclear charge:                        33.000000000
 Total charge:                           0.000000000
 Number of electrons:                   33.000000000

 Number of alpha electrons:             19
 Number of beta electrons:              14
 Number of unpaired electrons:           5
 Spin:                                   5
 Multiplicity:                           septet

 Theory:                                 dft
 Exchange-correlation functional:        b3lyp
 Method for Coulomb:                     incore_df
 Method for exact exchange:              pre_transformed_df
 Integral threshold:                     1.00e-12
 DF basis set:                           def2-tzvp-jkfit(spdfghi)
 Number of DF basis functions:         341
 Schwarz screening threshold:            1.00e-10
 Coulomb fitting method:                 Cholesky
 Total number of grid points:        14640
 Method for AO orthogonalization:        symmetric
 Threshold for linear dependence:        1.00e-08
 D3BJ dispersion energy:                -0.000932052

 -------------------------------------
  Running unrestricted open-shell SCF 
 -------------------------------------
 Max number of iterations:             128
 Conv. threshold (gradient):             1.00e-05
 Conv. threshold (energy):               1.00e-06
 Interpolation scheme:                   adiis+cdiis
 Initial guess:                          SAD

 ---------------------------------------------------------------
                  energy        change          grad        time
 ---------------------------------------------------------------
   0     -1143.904360786                    1.51e+00        0.03
   1     -1143.949084490     -4.47e-02      8.92e-01        0.03
   2     -1134.395084052      9.55e+00      4.76e+00        0.03
   3     -1143.568384656     -9.17e+00      1.41e+00        0.03
   4     -1144.288600385     -7.20e-01      1.44e-01        0.03
   5     -1144.260108055      2.85e-02      3.20e-01        0.03
   6     -1144.294001281     -3.39e-02      8.89e-02        0.03
   7     -1144.295252880     -1.25e-03      5.84e-02        0.03
   8     -1144.296394959     -1.14e-03      7.29e-03        0.04
   9     -1144.296404822     -9.86e-06      1.22e-03        0.03
  10     -1144.296405651     -8.29e-07      4.64e-04        0.03
  11     -1144.296405725     -7.43e-08      9.45e-05        0.03
  12     -1144.296405728     -3.16e-09      2.93e-05        0.03
  13     -1144.296405728     -2.05e-10      3.83e-06        0.03

 SCF converged in 13 iterations.

 Dipole moment (in Debye):               0.000000       0.000000      -4.071910

 Quadrupole moment (in Debye-Angstrom):
                  1            2            3
 1       -20.173478    -0.000000     0.000000
 2        -0.000000   -20.173478     0.000000
 3         0.000000     0.000000   -22.048342

 Spin-squared expectation <S^2>:         8.759
 Total spin quantum number S:            2.502
 TOTAL ENERGY:                       -1144.296405728

 --------------------------------------------------------------------------------

 End time:                               Wed Jun  2 11:51:39 2021
 Total wall-clock time:                  2.910 seconds
==================================================================================
