
================================================================================
          _____________ ________ _______________ ________     _________         
         / ___________// ______ \\_____   _____// ______ \   / ________)        
        / /_________  / /      \ \     | |     / /      \ \ | (_______          
       |  __________|| |        | |    | |    | |        | | \________ \        
        \ \_________ | |        | |    | |     \ \______/ /___________) |       
         \__________||_|        |_|    |_|      \________//____________/        
                                                                                
====================================[ Qcore ]===================================

 Git hash:   15a3e7daff0cda5fa9af010ccd19a80288182ecf
 Git date:   Fri, 16 Apr 2021 15:57:16 +0100
 Compiler:   GNU 9.1.0
 Build type: Release
 Version:    1.1.0

 Start time: Wed Jun  2 11:51:42 2021

 Data directory: /work/zw18965/.local/qcore/share/entos/1.1.0/data
 Number of threads: 24
 Number of threads was determined by: command line argument

 --------------------------------------------------------------------------------
                                   command: dft                                  
 --------------------------------------------------------------------------------
 AO basis set:                           aug-cc-pvtz
 Number of AO basis functions:         152

 Formula:                                CrBr
 Nuclear charge:                        59.000000000
 Total charge:                           0.000000000
 Number of electrons:                   59.000000000

 Number of alpha electrons:             32
 Number of beta electrons:              27
 Number of unpaired electrons:           5
 Spin:                                   5
 Multiplicity:                           septet

 Theory:                                 dft
 Exchange-correlation functional:        b3lyp
 Method for Coulomb:                     incore_df
 Method for exact exchange:              pre_transformed_df
 Integral threshold:                     1.00e-12
 DF basis set:                           def2-tzvp-jkfit(spdfghi)
 Number of DF basis functions:         530
 Schwarz screening threshold:            1.00e-10
 Coulomb fitting method:                 Cholesky
 Total number of grid points:        15992
 Method for AO orthogonalization:        symmetric
 Threshold for linear dependence:        1.00e-08
 D3BJ dispersion energy:                -0.003235035

 -------------------------------------
  Running unrestricted open-shell SCF 
 -------------------------------------
 Max number of iterations:             128
 Conv. threshold (gradient):             1.00e-05
 Conv. threshold (energy):               1.00e-06
 Interpolation scheme:                   adiis+cdiis
 Initial guess:                          SAD

 ---------------------------------------------------------------
                  energy        change          grad        time
 ---------------------------------------------------------------
   0     -3618.275192732                    1.99e+00        0.04
   1     -3618.236005632      3.92e-02      9.40e-01        0.04
   2     -3610.728133688      7.51e+00      4.07e+00        0.03
   3     -3617.859826211     -7.13e+00      1.46e+00        0.03
   4     -3618.545423413     -6.86e-01      1.69e-01        0.04
   5     -3618.503584759      4.18e-02      4.61e-01        0.04
   6     -3618.552956577     -4.94e-02      1.30e-01        0.04
   7     -3618.553796573     -8.40e-04      9.14e-02        0.04
   8     -3618.556265973     -2.47e-03      2.02e-02        0.04
   9     -3618.556359527     -9.36e-05      7.53e-03        0.04
  10     -3618.556393840     -3.43e-05      2.58e-03        0.03
  11     -3618.556398841     -5.00e-06      4.86e-04        0.03
  12     -3618.556399182     -3.41e-07      2.68e-04        0.03
  13     -3618.556399218     -3.59e-08      6.36e-05        0.03
  14     -3618.556399221     -2.67e-09      7.10e-06        0.04

 SCF converged in 14 iterations.

 Dipole moment (in Debye):              -0.000000      -0.000000      -5.361170

 Quadrupole moment (in Debye-Angstrom):
                  1            2            3
 1       -34.383689     0.000001     0.000000
 2         0.000001   -34.383689     0.000000
 3         0.000000     0.000000   -26.228517

 Spin-squared expectation <S^2>:         8.768
 Total spin quantum number S:            2.503
 TOTAL ENERGY:                       -3618.556399221

 --------------------------------------------------------------------------------

 End time:                               Wed Jun  2 11:51:46 2021
 Total wall-clock time:                  3.590 seconds
==================================================================================
