
================================================================================
          _____________ ________ _______________ ________     _________         
         / ___________// ______ \\_____   _____// ______ \   / ________)        
        / /_________  / /      \ \     | |     / /      \ \ | (_______          
       |  __________|| |        | |    | |    | |        | | \________ \        
        \ \_________ | |        | |    | |     \ \______/ /___________) |       
         \__________||_|        |_|    |_|      \________//____________/        
                                                                                
====================================[ Qcore ]===================================

 Git hash:   15a3e7daff0cda5fa9af010ccd19a80288182ecf
 Git date:   Fri, 16 Apr 2021 15:57:16 +0100
 Compiler:   GNU 9.1.0
 Build type: Release
 Version:    1.1.0

 Start time: Wed Jun  2 11:51:49 2021

 Data directory: /work/zw18965/.local/qcore/share/entos/1.1.0/data
 Number of threads: 24
 Number of threads was determined by: command line argument

 --------------------------------------------------------------------------------
                                   command: dft                                  
 --------------------------------------------------------------------------------
 AO basis set:                           aug-cc-pvtz
 Number of AO basis functions:         143

 Formula:                                SCr
 Nuclear charge:                        40.000000000
 Total charge:                           0.000000000
 Number of electrons:                   40.000000000

 Number of alpha electrons:             22
 Number of beta electrons:              18
 Number of unpaired electrons:           4
 Spin:                                   4
 Multiplicity:                           quintet

 Theory:                                 dft
 Exchange-correlation functional:        b3lyp
 Method for Coulomb:                     incore_df
 Method for exact exchange:              pre_transformed_df
 Integral threshold:                     1.00e-12
 DF basis set:                           def2-tzvp-jkfit(spdfghi)
 Number of DF basis functions:         392
 Schwarz screening threshold:            1.00e-10
 Coulomb fitting method:                 Cholesky
 Total number of grid points:        15178
 Method for AO orthogonalization:        symmetric
 Threshold for linear dependence:        1.00e-08
 D3BJ dispersion energy:                -0.003229503

 -------------------------------------
  Running unrestricted open-shell SCF 
 -------------------------------------
 Max number of iterations:             128
 Conv. threshold (gradient):             1.00e-05
 Conv. threshold (energy):               1.00e-06
 Interpolation scheme:                   adiis+cdiis
 Initial guess:                          SAD

 ---------------------------------------------------------------
                  energy        change          grad        time
 ---------------------------------------------------------------
   0     -1442.349739264                    2.75e+00        0.03
   1     -1441.832366205      5.17e-01      1.81e+00        0.03
   2     -1427.544764480      1.43e+01      6.42e+00        0.03
   3     -1439.168967414     -1.16e+01      3.78e+00        0.03
   4     -1442.449154660     -3.28e+00      7.32e-01        0.03
   5     -1442.460551129     -1.14e-02      7.24e-01        0.03
   6     -1442.570587935     -1.10e-01      6.10e-02        0.03
   7     -1442.562695806      7.89e-03      2.36e-01        0.04
   8     -1442.574021746     -1.13e-02      5.82e-02        0.03
   9     -1442.575140996     -1.12e-03      4.10e-02        0.03
  10     -1442.575694225     -5.53e-04      3.50e-02        0.03
  11     -1442.576188841     -4.95e-04      5.49e-03        0.03
  12     -1442.576208359     -1.95e-05      1.36e-03        0.03
  13     -1442.576210209     -1.85e-06      3.18e-04        0.03
  14     -1442.576210406     -1.97e-07      1.69e-04        0.03
  15     -1442.576210413     -7.19e-09      4.09e-05        0.03
  16     -1442.576210413     -5.35e-10      9.07e-06        0.04

 SCF converged in 16 iterations.

 Dipole moment (in Debye):               0.000001       0.000001      -5.233486

 Quadrupole moment (in Debye-Angstrom):
                  1            2            3
 1       -29.328159     1.329881     0.000001
 2         1.329881   -29.325476     0.000001
 3         0.000001     0.000001   -26.202012

 Spin-squared expectation <S^2>:         6.426
 Total spin quantum number S:            2.084
 TOTAL ENERGY:                       -1442.576210413

 --------------------------------------------------------------------------------

 End time:                               Wed Jun  2 11:51:52 2021
 Total wall-clock time:                  2.899 seconds
==================================================================================
