
================================================================================
          _____________ ________ _______________ ________     _________         
         / ___________// ______ \\_____   _____// ______ \   / ________)        
        / /_________  / /      \ \     | |     / /      \ \ | (_______          
       |  __________|| |        | |    | |    | |        | | \________ \        
        \ \_________ | |        | |    | |     \ \______/ /___________) |       
         \__________||_|        |_|    |_|      \________//____________/        
                                                                                
====================================[ Qcore ]===================================

 Git hash:   15a3e7daff0cda5fa9af010ccd19a80288182ecf
 Git date:   Fri, 16 Apr 2021 15:57:16 +0100
 Compiler:   GNU 9.1.0
 Build type: Release
 Version:    1.1.0

 Start time: Wed Jun  2 11:51:55 2021

 Data directory: /work/zw18965/.local/qcore/share/entos/1.1.0/data
 Number of threads: 24
 Number of threads was determined by: command line argument

 --------------------------------------------------------------------------------
                                   command: dft                                  
 --------------------------------------------------------------------------------
 AO basis set:                           aug-cc-pvtz
 Number of AO basis functions:         139

 Formula:                                FMn
 Nuclear charge:                        34.000000000
 Total charge:                           0.000000000
 Number of electrons:                   34.000000000

 Number of alpha electrons:             20
 Number of beta electrons:              14
 Number of unpaired electrons:           6
 Spin:                                   6
 Multiplicity:                           octet

 Theory:                                 dft
 Exchange-correlation functional:        b3lyp
 Method for Coulomb:                     incore_df
 Method for exact exchange:              pre_transformed_df
 Integral threshold:                     1.00e-12
 DF basis set:                           def2-tzvp-jkfit(spdfghi)
 Number of DF basis functions:         341
 Schwarz screening threshold:            1.00e-10
 Coulomb fitting method:                 Cholesky
 Total number of grid points:        14748
 Method for AO orthogonalization:        symmetric
 Threshold for linear dependence:        1.00e-08
 D3BJ dispersion energy:                -0.000840398

 -------------------------------------
  Running unrestricted open-shell SCF 
 -------------------------------------
 Max number of iterations:             128
 Conv. threshold (gradient):             1.00e-05
 Conv. threshold (energy):               1.00e-06
 Interpolation scheme:                   adiis+cdiis
 Initial guess:                          SAD

 ---------------------------------------------------------------
                  energy        change          grad        time
 ---------------------------------------------------------------
   0     -1250.418416167                    1.94e+00        0.03
   1     -1250.717724852     -2.99e-01      5.84e-01        0.03
   2     -1247.520628558      3.20e+00      3.28e+00        0.02
   3     -1250.563424477     -3.04e+00      9.87e-01        0.03
   4     -1250.834287371     -2.71e-01      8.70e-02        0.03
   5     -1250.827520947      6.77e-03      1.80e-01        0.03
   6     -1250.837033500     -9.51e-03      3.68e-03        0.03
   7     -1250.837041624     -8.12e-06      2.96e-03        0.03
   8     -1250.837043524     -1.90e-06      1.09e-03        0.03
   9     -1250.837043767     -2.43e-07      2.58e-04        0.03
  10     -1250.837043782     -1.49e-08      3.32e-05        0.03
  11     -1250.837043782     -4.70e-10      5.77e-06        0.04

 SCF converged in 11 iterations.

 Dipole moment (in Debye):               0.000000       0.000000      -2.493715

 Quadrupole moment (in Debye-Angstrom):
                  1            2            3
 1       -19.671206     0.000000     0.000000
 2         0.000000   -19.671206     0.000000
 3         0.000000     0.000000   -27.584356

 Spin-squared expectation <S^2>:        12.003
 Total spin quantum number S:            3.000
 TOTAL ENERGY:                       -1250.837043782

 --------------------------------------------------------------------------------

 End time:                               Wed Jun  2 11:51:57 2021
 Total wall-clock time:                  2.882 seconds
==================================================================================
