
================================================================================
          _____________ ________ _______________ ________     _________         
         / ___________// ______ \\_____   _____// ______ \   / ________)        
        / /_________  / /      \ \     | |     / /      \ \ | (_______          
       |  __________|| |        | |    | |    | |        | | \________ \        
        \ \_________ | |        | |    | |     \ \______/ /___________) |       
         \__________||_|        |_|    |_|      \________//____________/        
                                                                                
====================================[ Qcore ]===================================

 Git hash:   15a3e7daff0cda5fa9af010ccd19a80288182ecf
 Git date:   Fri, 16 Apr 2021 15:57:16 +0100
 Compiler:   GNU 9.1.0
 Build type: Release
 Version:    1.1.0

 Start time: Wed Jun  2 11:51:58 2021

 Data directory: /work/zw18965/.local/qcore/share/entos/1.1.0/data
 Number of threads: 24
 Number of threads was determined by: command line argument

 --------------------------------------------------------------------------------
                                   command: dft                                  
 --------------------------------------------------------------------------------
 AO basis set:                           aug-cc-pvtz
 Number of AO basis functions:         143

 Formula:                                ClMn
 Nuclear charge:                        42.000000000
 Total charge:                           0.000000000
 Number of electrons:                   42.000000000

 Number of alpha electrons:             24
 Number of beta electrons:              18
 Number of unpaired electrons:           6
 Spin:                                   6
 Multiplicity:                           octet

 Theory:                                 dft
 Exchange-correlation functional:        b3lyp
 Method for Coulomb:                     incore_df
 Method for exact exchange:              pre_transformed_df
 Integral threshold:                     1.00e-12
 DF basis set:                           def2-tzvp-jkfit(spdfghi)
 Number of DF basis functions:         392
 Schwarz screening threshold:            1.00e-10
 Coulomb fitting method:                 Cholesky
 Total number of grid points:        15430
 Method for AO orthogonalization:        symmetric
 Threshold for linear dependence:        1.00e-08
 D3BJ dispersion energy:                -0.002454769

 -------------------------------------
  Running unrestricted open-shell SCF 
 -------------------------------------
 Max number of iterations:             128
 Conv. threshold (gradient):             1.00e-05
 Conv. threshold (energy):               1.00e-06
 Interpolation scheme:                   adiis+cdiis
 Initial guess:                          SAD

 ---------------------------------------------------------------
                  energy        change          grad        time
 ---------------------------------------------------------------
   0     -1610.853005271                    2.10e+00        0.03
   1     -1611.115083500     -2.62e-01      4.08e-01        0.04
   2     -1610.484089684      6.31e-01      1.50e+00        0.03
   3     -1611.129158509     -6.45e-01      2.72e-01        0.03
   4     -1611.168743838     -3.96e-02      9.30e-02        0.03
   5     -1611.166476161      2.27e-03      1.01e-01        0.04
   6     -1611.172689609     -6.21e-03      3.20e-03        0.03
   7     -1611.172695167     -5.56e-06      1.94e-03        0.03
   8     -1611.172696471     -1.30e-06      3.94e-04        0.03
   9     -1611.172696568     -9.69e-08      5.82e-05        0.03
  10     -1611.172696571     -2.59e-09      1.53e-05        0.03
  11     -1611.172696571     -1.99e-10      2.78e-06        0.03

 SCF converged in 11 iterations.

 Dipole moment (in Debye):              -0.000000      -0.000000      -2.764839

 Quadrupole moment (in Debye-Angstrom):
                  1            2            3
 1       -28.315151    -0.000000     0.000000
 2        -0.000000   -28.315151     0.000000
 3         0.000000     0.000000   -33.709251

 Spin-squared expectation <S^2>:        12.004
 Total spin quantum number S:            3.001
 TOTAL ENERGY:                       -1611.172696571

 --------------------------------------------------------------------------------

 End time:                               Wed Jun  2 11:52:00 2021
 Total wall-clock time:                  2.930 seconds
==================================================================================
