
================================================================================
          _____________ ________ _______________ ________     _________         
         / ___________// ______ \\_____   _____// ______ \   / ________)        
        / /_________  / /      \ \     | |     / /      \ \ | (_______          
       |  __________|| |        | |    | |    | |        | | \________ \        
        \ \_________ | |        | |    | |     \ \______/ /___________) |       
         \__________||_|        |_|    |_|      \________//____________/        
                                                                                
====================================[ Qcore ]===================================

 Git hash:   15a3e7daff0cda5fa9af010ccd19a80288182ecf
 Git date:   Fri, 16 Apr 2021 15:57:16 +0100
 Compiler:   GNU 9.1.0
 Build type: Release
 Version:    1.1.0

 Start time: Wed Jun  2 11:52:22 2021

 Data directory: /work/zw18965/.local/qcore/share/entos/1.1.0/data
 Number of threads: 24
 Number of threads was determined by: command line argument

 --------------------------------------------------------------------------------
                                   command: dft                                  
 --------------------------------------------------------------------------------
 AO basis set:                           aug-cc-pvtz
 Number of AO basis functions:         139

 Formula:                                OFe
 Nuclear charge:                        34.000000000
 Total charge:                           0.000000000
 Number of electrons:                   34.000000000

 Number of alpha electrons:             19
 Number of beta electrons:              15
 Number of unpaired electrons:           4
 Spin:                                   4
 Multiplicity:                           quintet

 Theory:                                 dft
 Exchange-correlation functional:        b3lyp
 Method for Coulomb:                     incore_df
 Method for exact exchange:              pre_transformed_df
 Integral threshold:                     1.00e-12
 DF basis set:                           def2-tzvp-jkfit(spdfghi)
 Number of DF basis functions:         341
 Schwarz screening threshold:            1.00e-10
 Coulomb fitting method:                 Cholesky
 Total number of grid points:        14880
 Method for AO orthogonalization:        symmetric
 Threshold for linear dependence:        1.00e-08
 D3BJ dispersion energy:                -0.001087005

 -------------------------------------
  Running unrestricted open-shell SCF 
 -------------------------------------
 Max number of iterations:             128
 Conv. threshold (gradient):             1.00e-05
 Conv. threshold (energy):               1.00e-06
 Interpolation scheme:                   adiis+cdiis
 Initial guess:                          SAD

 ---------------------------------------------------------------
                  energy        change          grad        time
 ---------------------------------------------------------------
   0     -1338.622013912                    2.98e+00        0.03
   1     -1338.642187785     -2.02e-02      8.52e-01        0.03
   2     -1333.115728324      5.53e+00      2.97e+00        0.03
   3     -1338.139250841     -5.02e+00      1.58e+00        0.03
   4     -1338.834380533     -6.95e-01      2.34e-01        0.03
   5     -1338.810637110      2.37e-02      3.47e-01        0.03
   6     -1338.847844359     -3.72e-02      1.23e-01        0.03
   7     -1338.826021648      2.18e-02      3.00e-01        0.04
   8     -1338.847921618     -2.19e-02      1.10e-01        0.04
   9     -1338.850277313     -2.36e-03      4.59e-02        0.04
  10     -1338.848617161      1.66e-03      9.59e-02        0.04
  11     -1338.850825618     -2.21e-03      2.80e-03        0.03
  12     -1338.850829105     -3.49e-06      6.83e-04        0.03
  13     -1338.850829395     -2.90e-07      2.56e-04        0.03
  14     -1338.850829417     -2.20e-08      6.61e-05        0.03
  15     -1338.850829419     -2.14e-09      1.26e-05        0.03
  16     -1338.850829419     -5.14e-11      5.27e-06        0.03

 SCF converged in 16 iterations.

 Dipole moment (in Debye):              -0.000000      -0.000000      -5.133358

 Quadrupole moment (in Debye-Angstrom):
                  1            2            3
 1       -19.527684    -0.000000    -0.000000
 2        -0.000000   -19.527684    -0.000000
 3        -0.000000    -0.000000   -21.353409

 Spin-squared expectation <S^2>:         6.038
 Total spin quantum number S:            2.008
 TOTAL ENERGY:                       -1338.850829419

 --------------------------------------------------------------------------------

 End time:                               Wed Jun  2 11:52:25 2021
 Total wall-clock time:                  3.015 seconds
==================================================================================
