
================================================================================
          _____________ ________ _______________ ________     _________         
         / ___________// ______ \\_____   _____// ______ \   / ________)        
        / /_________  / /      \ \     | |     / /      \ \ | (_______          
       |  __________|| |        | |    | |    | |        | | \________ \        
        \ \_________ | |        | |    | |     \ \______/ /___________) |       
         \__________||_|        |_|    |_|      \________//____________/        
                                                                                
====================================[ Qcore ]===================================

 Git hash:   15a3e7daff0cda5fa9af010ccd19a80288182ecf
 Git date:   Fri, 16 Apr 2021 15:57:16 +0100
 Compiler:   GNU 9.1.0
 Build type: Release
 Version:    1.1.0

 Start time: Wed Jun  2 11:52:32 2021

 Data directory: /work/zw18965/.local/qcore/share/entos/1.1.0/data
 Number of threads: 24
 Number of threads was determined by: command line argument

 --------------------------------------------------------------------------------
                                   command: dft                                  
 --------------------------------------------------------------------------------
 AO basis set:                           aug-cc-pvtz
 Number of AO basis functions:         139

 Formula:                                FCo
 Nuclear charge:                        36.000000000
 Total charge:                           0.000000000
 Number of electrons:                   36.000000000

 Number of alpha electrons:             19
 Number of beta electrons:              17
 Number of unpaired electrons:           2
 Spin:                                   2
 Multiplicity:                           triplet

 Theory:                                 dft
 Exchange-correlation functional:        b3lyp
 Method for Coulomb:                     incore_df
 Method for exact exchange:              pre_transformed_df
 Integral threshold:                     1.00e-12
 DF basis set:                           def2-tzvp-jkfit(spdfghi)
 Number of DF basis functions:         341
 Schwarz screening threshold:            1.00e-10
 Coulomb fitting method:                 Cholesky
 Total number of grid points:        14748
 Method for AO orthogonalization:        symmetric
 Threshold for linear dependence:        1.00e-08
 D3BJ dispersion energy:                -0.000804526

 -------------------------------------
  Running unrestricted open-shell SCF 
 -------------------------------------
 Max number of iterations:             128
 Conv. threshold (gradient):             1.00e-05
 Conv. threshold (energy):               1.00e-06
 Interpolation scheme:                   adiis+cdiis
 Initial guess:                          SAD

 ---------------------------------------------------------------
                  energy        change          grad        time
 ---------------------------------------------------------------
   0     -1482.343885102                    1.79e+00        0.03
   1     -1482.456790675     -1.13e-01      5.46e-01        0.03
   2     -1481.261190215      1.20e+00      2.04e+00        0.03
   3     -1482.480787614     -1.22e+00      5.99e-01        0.03
   4     -1482.559141758     -7.84e-02      1.85e-01        0.03
   5     -1482.539422564      1.97e-02      3.54e-01        0.03
   6     -1482.569271871     -2.98e-02      6.94e-02        0.03
   7     -1482.565423710      3.85e-03      1.83e-01        0.03
   8     -1482.576505770     -1.11e-02      4.44e-02        0.03
   9     -1482.579520384     -3.01e-03      4.11e-02        0.03
  10     -1482.582544336     -3.02e-03      3.51e-02        0.03
  11     -1482.585392693     -2.85e-03      4.96e-02        0.03
  12     -1482.585683898     -2.91e-04      1.07e-02        0.03
  13     -1482.585828419     -1.45e-04      2.25e-02        0.03
  14     -1482.585994740     -1.66e-04      5.00e-03        0.03
  15     -1482.586012362     -1.76e-05      4.67e-03        0.03
  16     -1482.586013680     -1.32e-06      5.28e-03        0.03
  17     -1482.586019186     -5.51e-06      2.78e-03        0.03
  18     -1482.586020730     -1.54e-06      5.48e-04        0.03
  19     -1482.586020794     -6.41e-08      9.07e-05        0.03
  20     -1482.586020795     -1.45e-09      2.74e-05        0.03
  21     -1482.586020796     -3.73e-10      8.99e-06        0.03

 SCF converged in 21 iterations.

 Dipole moment (in Debye):               0.000000       0.000000      -4.566935

 Quadrupole moment (in Debye-Angstrom):
                  1            2            3
 1       -18.743586    -0.473153     0.000000
 2        -0.473153   -18.744742     0.000000
 3         0.000000     0.000000   -20.190602

 Spin-squared expectation <S^2>:         2.196
 Total spin quantum number S:            1.064
 TOTAL ENERGY:                       -1482.586020796

 --------------------------------------------------------------------------------

 End time:                               Wed Jun  2 11:52:35 2021
 Total wall-clock time:                  3.089 seconds
==================================================================================
