
================================================================================
          _____________ ________ _______________ ________     _________         
         / ___________// ______ \\_____   _____// ______ \   / ________)        
        / /_________  / /      \ \     | |     / /      \ \ | (_______          
       |  __________|| |        | |    | |    | |        | | \________ \        
        \ \_________ | |        | |    | |     \ \______/ /___________) |       
         \__________||_|        |_|    |_|      \________//____________/        
                                                                                
====================================[ Qcore ]===================================

 Git hash:   15a3e7daff0cda5fa9af010ccd19a80288182ecf
 Git date:   Fri, 16 Apr 2021 15:57:16 +0100
 Compiler:   GNU 9.1.0
 Build type: Release
 Version:    1.1.0

 Start time: Wed Jun  2 11:52:35 2021

 Data directory: /work/zw18965/.local/qcore/share/entos/1.1.0/data
 Number of threads: 24
 Number of threads was determined by: command line argument

 --------------------------------------------------------------------------------
                                   command: dft                                  
 --------------------------------------------------------------------------------
 AO basis set:                           aug-cc-pvtz
 Number of AO basis functions:         143

 Formula:                                ClCo
 Nuclear charge:                        44.000000000
 Total charge:                           0.000000000
 Number of electrons:                   44.000000000

 Number of alpha electrons:             23
 Number of beta electrons:              21
 Number of unpaired electrons:           2
 Spin:                                   2
 Multiplicity:                           triplet

 Theory:                                 dft
 Exchange-correlation functional:        b3lyp
 Method for Coulomb:                     incore_df
 Method for exact exchange:              pre_transformed_df
 Integral threshold:                     1.00e-12
 DF basis set:                           def2-tzvp-jkfit(spdfghi)
 Number of DF basis functions:         392
 Schwarz screening threshold:            1.00e-10
 Coulomb fitting method:                 Cholesky
 Total number of grid points:        15430
 Method for AO orthogonalization:        symmetric
 Threshold for linear dependence:        1.00e-08
 D3BJ dispersion energy:                -0.002339627

 -------------------------------------
  Running unrestricted open-shell SCF 
 -------------------------------------
 Max number of iterations:             128
 Conv. threshold (gradient):             1.00e-05
 Conv. threshold (energy):               1.00e-06
 Interpolation scheme:                   adiis+cdiis
 Initial guess:                          SAD

 ---------------------------------------------------------------
                  energy        change          grad        time
 ---------------------------------------------------------------
   0     -1842.805601407                    2.48e+00        0.03
   1     -1842.846490368     -4.09e-02      4.60e-01        0.03
   2     -1841.194972056      1.65e+00      2.82e+00        0.03
   3     -1842.836032543     -1.64e+00      5.26e-01        0.03
   4     -1842.906880964     -7.08e-02      1.92e-01        0.03
   5     -1842.891327903      1.56e-02      3.38e-01        0.03
   6     -1842.920207664     -2.89e-02      5.51e-02        0.03
   7     -1842.924573179     -4.37e-03      6.37e-02        0.03
   8     -1842.928897523     -4.32e-03      4.59e-02        0.03
   9     -1842.932441744     -3.54e-03      3.85e-02        0.03
  10     -1842.936183791     -3.74e-03      3.15e-02        0.03
  11     -1842.936819818     -6.36e-04      3.05e-02        0.03
  12     -1842.936970096     -1.50e-04      5.70e-03        0.03
  13     -1842.936985158     -1.51e-05      1.43e-03        0.03
  14     -1842.936987178     -2.02e-06      1.33e-03        0.03
  15     -1842.936988004     -8.25e-07      9.49e-04        0.03
  16     -1842.936988514     -5.11e-07      1.79e-04        0.03
  17     -1842.936988535     -2.04e-08      9.59e-05        0.03
  18     -1842.936988538     -3.11e-09      1.07e-05        0.03
  19     -1842.936988538     -3.46e-11      3.28e-06        0.03

 SCF converged in 19 iterations.

 Dipole moment (in Debye):               0.000000       0.000000      -4.892293

 Quadrupole moment (in Debye-Angstrom):
                  1            2            3
 1       -27.069923    -0.327862    -0.000000
 2        -0.327862   -27.070014    -0.000000
 3        -0.000000    -0.000000   -24.062915

 Spin-squared expectation <S^2>:         2.037
 Total spin quantum number S:            1.012
 TOTAL ENERGY:                       -1842.936988538

 --------------------------------------------------------------------------------

 End time:                               Wed Jun  2 11:52:38 2021
 Total wall-clock time:                  3.225 seconds
==================================================================================
