
================================================================================
          _____________ ________ _______________ ________     _________         
         / ___________// ______ \\_____   _____// ______ \   / ________)        
        / /_________  / /      \ \     | |     / /      \ \ | (_______          
       |  __________|| |        | |    | |    | |        | | \________ \        
        \ \_________ | |        | |    | |     \ \______/ /___________) |       
         \__________||_|        |_|    |_|      \________//____________/        
                                                                                
====================================[ Qcore ]===================================

 Git hash:   15a3e7daff0cda5fa9af010ccd19a80288182ecf
 Git date:   Fri, 16 Apr 2021 15:57:16 +0100
 Compiler:   GNU 9.1.0
 Build type: Release
 Version:    1.1.0

 Start time: Wed Jun  2 11:52:42 2021

 Data directory: /work/zw18965/.local/qcore/share/entos/1.1.0/data
 Number of threads: 24
 Number of threads was determined by: command line argument

 --------------------------------------------------------------------------------
                                   command: dft                                  
 --------------------------------------------------------------------------------
 AO basis set:                           aug-cc-pvtz
 Number of AO basis functions:         139

 Formula:                                OCo
 Nuclear charge:                        35.000000000
 Total charge:                           0.000000000
 Number of electrons:                   35.000000000

 Number of alpha electrons:             19
 Number of beta electrons:              16
 Number of unpaired electrons:           3
 Spin:                                   3
 Multiplicity:                           quartet

 Theory:                                 dft
 Exchange-correlation functional:        b3lyp
 Method for Coulomb:                     incore_df
 Method for exact exchange:              pre_transformed_df
 Integral threshold:                     1.00e-12
 DF basis set:                           def2-tzvp-jkfit(spdfghi)
 Number of DF basis functions:         341
 Schwarz screening threshold:            1.00e-10
 Coulomb fitting method:                 Cholesky
 Total number of grid points:        14880
 Method for AO orthogonalization:        symmetric
 Threshold for linear dependence:        1.00e-08
 D3BJ dispersion energy:                -0.001097445

 -------------------------------------
  Running unrestricted open-shell SCF 
 -------------------------------------
 Max number of iterations:             128
 Conv. threshold (gradient):             1.00e-05
 Conv. threshold (energy):               1.00e-06
 Interpolation scheme:                   adiis+cdiis
 Initial guess:                          SAD

 ---------------------------------------------------------------
                  energy        change          grad        time
 ---------------------------------------------------------------
   0     -1457.741365955                    2.89e+00        0.03
   1     -1457.611456386      1.30e-01      9.58e-01        0.03
   2     -1450.078619851      7.53e+00      3.92e+00        0.02
   3     -1456.562662504     -6.48e+00      2.06e+00        0.03
   4     -1457.850687650     -1.29e+00      4.36e-01        0.03
   5     -1457.854822226     -4.13e-03      3.70e-01        0.03
   6     -1457.885620126     -3.08e-02      1.53e-01        0.03
   7     -1457.799631147      8.60e-02      5.82e-01        0.03
   8     -1457.877993591     -7.84e-02      2.22e-01        0.03
   9     -1457.890581786     -1.26e-02      3.64e-02        0.03
  10     -1457.890062920      5.19e-04      4.82e-02        0.04
  11     -1457.890988488     -9.26e-04      2.17e-03        0.03
  12     -1457.890990238     -1.75e-06      9.35e-04        0.03
  13     -1457.890990628     -3.90e-07      4.92e-04        0.03
  14     -1457.890990707     -7.91e-08      1.02e-04        0.03
  15     -1457.890990713     -5.65e-09      3.94e-05        0.03
  16     -1457.890990714     -1.02e-09      1.33e-05        0.03
  17     -1457.890990714     -9.73e-11      6.45e-06        0.03

 SCF converged in 17 iterations.

 Dipole moment (in Debye):               0.000000       0.000000      -5.349741

 Quadrupole moment (in Debye-Angstrom):
                  1            2            3
 1       -18.876236    -0.000000    -0.000000
 2        -0.000000   -18.876236    -0.000000
 3        -0.000000    -0.000000   -20.166068

 Spin-squared expectation <S^2>:         3.766
 Total spin quantum number S:            1.504
 TOTAL ENERGY:                       -1457.890990714

 --------------------------------------------------------------------------------

 End time:                               Wed Jun  2 11:52:45 2021
 Total wall-clock time:                  2.932 seconds
==================================================================================
