
================================================================================
          _____________ ________ _______________ ________     _________         
         / ___________// ______ \\_____   _____// ______ \   / ________)        
        / /_________  / /      \ \     | |     / /      \ \ | (_______          
       |  __________|| |        | |    | |    | |        | | \________ \        
        \ \_________ | |        | |    | |     \ \______/ /___________) |       
         \__________||_|        |_|    |_|      \________//____________/        
                                                                                
====================================[ Qcore ]===================================

 Git hash:   15a3e7daff0cda5fa9af010ccd19a80288182ecf
 Git date:   Fri, 16 Apr 2021 15:57:16 +0100
 Compiler:   GNU 9.1.0
 Build type: Release
 Version:    1.1.0

 Start time: Wed Jun  2 11:52:53 2021

 Data directory: /work/zw18965/.local/qcore/share/entos/1.1.0/data
 Number of threads: 24
 Number of threads was determined by: command line argument

 --------------------------------------------------------------------------------
                                   command: dft                                  
 --------------------------------------------------------------------------------
 AO basis set:                           aug-cc-pvtz
 Number of AO basis functions:         143

 Formula:                                ClNi
 Nuclear charge:                        45.000000000
 Total charge:                           0.000000000
 Number of electrons:                   45.000000000

 Number of alpha electrons:             23
 Number of beta electrons:              22
 Number of unpaired electrons:           1
 Spin:                                   1
 Multiplicity:                           doublet

 Theory:                                 dft
 Exchange-correlation functional:        b3lyp
 Method for Coulomb:                     incore_df
 Method for exact exchange:              pre_transformed_df
 Integral threshold:                     1.00e-12
 DF basis set:                           def2-tzvp-jkfit(spdfghi)
 Number of DF basis functions:         392
 Schwarz screening threshold:            1.00e-10
 Coulomb fitting method:                 Cholesky
 Total number of grid points:        15430
 Method for AO orthogonalization:        symmetric
 Threshold for linear dependence:        1.00e-08
 D3BJ dispersion energy:                -0.002454203

 -------------------------------------
  Running unrestricted open-shell SCF 
 -------------------------------------
 Max number of iterations:             128
 Conv. threshold (gradient):             1.00e-05
 Conv. threshold (energy):               1.00e-06
 Interpolation scheme:                   adiis+cdiis
 Initial guess:                          SAD

 ---------------------------------------------------------------
                  energy        change          grad        time
 ---------------------------------------------------------------
   0     -1968.459442494                    2.40e+00        0.03
   1     -1968.451320251      8.12e-03      3.67e-01        0.03
   2     -1968.325725395      1.26e-01      6.37e-01        0.03
   3     -1968.488630925     -1.63e-01      9.94e-02        0.03
   4     -1968.483762370      4.87e-03      1.34e-01        0.03
   5     -1968.495447346     -1.17e-02      7.97e-03        0.03
   6     -1968.495476124     -2.88e-05      4.53e-03        0.03
   7     -1968.495484249     -8.13e-06      8.56e-04        0.03
   8     -1968.495485125     -8.76e-07      3.18e-04        0.03
   9     -1968.495485187     -6.19e-08      9.44e-05        0.03
  10     -1968.495485192     -4.46e-09      1.44e-05        0.04
  11     -1968.495485192     -2.63e-10      4.41e-06        0.03

 SCF converged in 11 iterations.

 Dipole moment (in Debye):              -0.000009      -0.000009      -5.097900

 Quadrupole moment (in Debye-Angstrom):
                  1            2            3
 1       -26.018422     0.000013     0.000014
 2         0.000013   -26.018422     0.000014
 3         0.000014     0.000014   -24.394353

 Spin-squared expectation <S^2>:         0.753
 Total spin quantum number S:            0.502
 TOTAL ENERGY:                       -1968.495485192

 --------------------------------------------------------------------------------

 End time:                               Wed Jun  2 11:52:56 2021
 Total wall-clock time:                  2.888 seconds
==================================================================================
