
================================================================================
          _____________ ________ _______________ ________     _________         
         / ___________// ______ \\_____   _____// ______ \   / ________)        
        / /_________  / /      \ \     | |     / /      \ \ | (_______          
       |  __________|| |        | |    | |    | |        | | \________ \        
        \ \_________ | |        | |    | |     \ \______/ /___________) |       
         \__________||_|        |_|    |_|      \________//____________/        
                                                                                
====================================[ Qcore ]===================================

 Git hash:   15a3e7daff0cda5fa9af010ccd19a80288182ecf
 Git date:   Fri, 16 Apr 2021 15:57:16 +0100
 Compiler:   GNU 9.1.0
 Build type: Release
 Version:    1.1.0

 Start time: Wed Jun  2 11:53:00 2021

 Data directory: /work/zw18965/.local/qcore/share/entos/1.1.0/data
 Number of threads: 24
 Number of threads was determined by: command line argument

 --------------------------------------------------------------------------------
                                   command: dft                                  
 --------------------------------------------------------------------------------
 AO basis set:                           aug-cc-pvtz
 Number of AO basis functions:         139

 Formula:                                ONi
 Nuclear charge:                        36.000000000
 Total charge:                           0.000000000
 Number of electrons:                   36.000000000

 Number of alpha electrons:             19
 Number of beta electrons:              17
 Number of unpaired electrons:           2
 Spin:                                   2
 Multiplicity:                           triplet

 Theory:                                 dft
 Exchange-correlation functional:        b3lyp
 Method for Coulomb:                     incore_df
 Method for exact exchange:              pre_transformed_df
 Integral threshold:                     1.00e-12
 DF basis set:                           def2-tzvp-jkfit(spdfghi)
 Number of DF basis functions:         341
 Schwarz screening threshold:            1.00e-10
 Coulomb fitting method:                 Cholesky
 Total number of grid points:        14880
 Method for AO orthogonalization:        symmetric
 Threshold for linear dependence:        1.00e-08
 D3BJ dispersion energy:                -0.001136370

 -------------------------------------
  Running unrestricted open-shell SCF 
 -------------------------------------
 Max number of iterations:             128
 Conv. threshold (gradient):             1.00e-05
 Conv. threshold (energy):               1.00e-06
 Interpolation scheme:                   adiis+cdiis
 Initial guess:                          SAD

 ---------------------------------------------------------------
                  energy        change          grad        time
 ---------------------------------------------------------------
   0     -1583.398368867                    2.78e+00        0.03
   1     -1582.893755461      5.05e-01      1.49e+00        0.03
   2     -1573.929231622      8.96e+00      3.74e+00        0.03
   3     -1581.565513205     -7.64e+00      2.52e+00        0.03
   4     -1583.419776756     -1.85e+00      2.94e-01        0.03
   5     -1583.307075305      1.13e-01      7.39e-01        0.03
   6     -1583.426255262     -1.19e-01      2.42e-01        0.03
   7     -1583.435319554     -9.06e-03      9.68e-02        0.03
   8     -1583.436547817     -1.23e-03      8.14e-02        0.03
   9     -1583.438253488     -1.71e-03      1.69e-02        0.03
  10     -1583.438559061     -3.06e-04      1.11e-02        0.03
  11     -1583.438697212     -1.38e-04      7.11e-03        0.03
  12     -1583.438730297     -3.31e-05      6.80e-03        0.03
  13     -1583.438768614     -3.83e-05      5.17e-03        0.03
  14     -1583.438785897     -1.73e-05      8.03e-04        0.03
  15     -1583.438786749     -8.52e-07      4.86e-04        0.03
  16     -1583.438787070     -3.21e-07      2.16e-04        0.03
  17     -1583.438787104     -3.39e-08      1.36e-04        0.03
  18     -1583.438787134     -3.01e-08      1.42e-04        0.03
  19     -1583.438787106      2.84e-08      1.53e-04        0.03
  20     -1583.438787014      9.20e-08      8.44e-05        0.03
  21     -1583.438786996      1.80e-08      2.96e-05        0.03
  22     -1583.438786995      7.15e-10      1.46e-05        0.03
  23     -1583.438786995     -1.03e-10      7.03e-06        0.03

 SCF converged in 23 iterations.

 Dipole moment (in Debye):              -0.000004      -0.000004      -5.028723

 Quadrupole moment (in Debye-Angstrom):
                  1            2            3
 1       -18.450005    -0.122671     0.000003
 2        -0.122671   -18.449966     0.000003
 3         0.000003     0.000003   -20.538473

 Spin-squared expectation <S^2>:         2.010
 Total spin quantum number S:            1.003
 TOTAL ENERGY:                       -1583.438786995

 --------------------------------------------------------------------------------

 End time:                               Wed Jun  2 11:53:03 2021
 Total wall-clock time:                  3.048 seconds
==================================================================================
