
================================================================================
          _____________ ________ _______________ ________     _________         
         / ___________// ______ \\_____   _____// ______ \   / ________)        
        / /_________  / /      \ \     | |     / /      \ \ | (_______          
       |  __________|| |        | |    | |    | |        | | \________ \        
        \ \_________ | |        | |    | |     \ \______/ /___________) |       
         \__________||_|        |_|    |_|      \________//____________/        
                                                                                
====================================[ Qcore ]===================================

 Git hash:   15a3e7daff0cda5fa9af010ccd19a80288182ecf
 Git date:   Fri, 16 Apr 2021 15:57:16 +0100
 Compiler:   GNU 9.1.0
 Build type: Release
 Version:    1.1.0

 Start time: Wed Jun  2 11:53:03 2021

 Data directory: /work/zw18965/.local/qcore/share/entos/1.1.0/data
 Number of threads: 24
 Number of threads was determined by: command line argument

 --------------------------------------------------------------------------------
                                   command: dft                                  
 --------------------------------------------------------------------------------
 AO basis set:                           aug-cc-pvtz
 Number of AO basis functions:         143

 Formula:                                SNi
 Nuclear charge:                        44.000000000
 Total charge:                           0.000000000
 Number of electrons:                   44.000000000

 Number of alpha electrons:             23
 Number of beta electrons:              21
 Number of unpaired electrons:           2
 Spin:                                   2
 Multiplicity:                           triplet

 Theory:                                 dft
 Exchange-correlation functional:        b3lyp
 Method for Coulomb:                     incore_df
 Method for exact exchange:              pre_transformed_df
 Integral threshold:                     1.00e-12
 DF basis set:                           def2-tzvp-jkfit(spdfghi)
 Number of DF basis functions:         392
 Schwarz screening threshold:            1.00e-10
 Coulomb fitting method:                 Cholesky
 Total number of grid points:        15286
 Method for AO orthogonalization:        symmetric
 Threshold for linear dependence:        1.00e-08
 D3BJ dispersion energy:                -0.002795509

 -------------------------------------
  Running unrestricted open-shell SCF 
 -------------------------------------
 Max number of iterations:             128
 Conv. threshold (gradient):             1.00e-05
 Conv. threshold (energy):               1.00e-06
 Interpolation scheme:                   adiis+cdiis
 Initial guess:                          SAD

 ---------------------------------------------------------------
                  energy        change          grad        time
 ---------------------------------------------------------------
   0     -1906.504757308                    3.50e+00        0.03
   1     -1906.248039005      2.57e-01      1.01e+00        0.03
   2     -1902.867201777      3.38e+00      2.72e+00        0.03
   3     -1905.741169785     -2.87e+00      1.63e+00        0.03
   4     -1906.419458985     -6.78e-01      3.37e-01        0.03
   5     -1906.425567691     -6.11e-03      2.76e-01        0.03
   6     -1906.450879344     -2.53e-02      5.24e-02        0.03
   7     -1906.438200372      1.27e-02      2.25e-01        0.04
   8     -1906.451582635     -1.34e-02      1.37e-02        0.03
   9     -1906.451630047     -4.74e-05      4.28e-03        0.03
  10     -1906.451632641     -2.59e-06      2.21e-03        0.03
  11     -1906.451633860     -1.22e-06      2.23e-04        0.03
  12     -1906.451633879     -1.91e-08      6.31e-05        0.03
  13     -1906.451633881     -1.99e-09      1.10e-05        0.03
  14     -1906.451633881     -7.57e-11      1.13e-05        0.03
  15     -1906.451633881     -4.25e-11      2.66e-06        0.03

 SCF converged in 15 iterations.

 Dipole moment (in Debye):              -0.000002      -0.000002      -4.188549

 Quadrupole moment (in Debye-Angstrom):
                  1            2            3
 1       -27.428418    -0.000000     0.000003
 2        -0.000000   -27.428418     0.000003
 3         0.000003     0.000003   -23.652855

 Spin-squared expectation <S^2>:         2.014
 Total spin quantum number S:            1.005
 TOTAL ENERGY:                       -1906.451633881

 --------------------------------------------------------------------------------

 End time:                               Wed Jun  2 11:53:06 2021
 Total wall-clock time:                  3.060 seconds
==================================================================================
