
================================================================================
          _____________ ________ _______________ ________     _________         
         / ___________// ______ \\_____   _____// ______ \   / ________)        
        / /_________  / /      \ \     | |     / /      \ \ | (_______          
       |  __________|| |        | |    | |    | |        | | \________ \        
        \ \_________ | |        | |    | |     \ \______/ /___________) |       
         \__________||_|        |_|    |_|      \________//____________/        
                                                                                
====================================[ Qcore ]===================================

 Git hash:   15a3e7daff0cda5fa9af010ccd19a80288182ecf
 Git date:   Fri, 16 Apr 2021 15:57:16 +0100
 Compiler:   GNU 9.1.0
 Build type: Release
 Version:    1.1.0

 Start time: Wed Jun  2 11:53:18 2021

 Data directory: /work/zw18965/.local/qcore/share/entos/1.1.0/data
 Number of threads: 24
 Number of threads was determined by: command line argument

 --------------------------------------------------------------------------------
                                   command: dft                                  
 --------------------------------------------------------------------------------
 AO basis set:                           aug-cc-pvtz
 Number of AO basis functions:         139

 Formula:                                OCu
 Nuclear charge:                        37.000000000
 Total charge:                           0.000000000
 Number of electrons:                   37.000000000

 Number of alpha electrons:             19
 Number of beta electrons:              18
 Number of unpaired electrons:           1
 Spin:                                   1
 Multiplicity:                           doublet

 Theory:                                 dft
 Exchange-correlation functional:        b3lyp
 Method for Coulomb:                     incore_df
 Method for exact exchange:              pre_transformed_df
 Integral threshold:                     1.00e-12
 DF basis set:                           def2-tzvp-jkfit(spdfghi)
 Number of DF basis functions:         341
 Schwarz screening threshold:            1.00e-10
 Coulomb fitting method:                 Cholesky
 Total number of grid points:        14880
 Method for AO orthogonalization:        symmetric
 Threshold for linear dependence:        1.00e-08
 D3BJ dispersion energy:                -0.001004200

 -------------------------------------
  Running unrestricted open-shell SCF 
 -------------------------------------
 Max number of iterations:             128
 Conv. threshold (gradient):             1.00e-05
 Conv. threshold (energy):               1.00e-06
 Interpolation scheme:                   adiis+cdiis
 Initial guess:                          SAD

 ---------------------------------------------------------------
                  energy        change          grad        time
 ---------------------------------------------------------------
   0     -1715.621798622                    2.42e+00        0.03
   1     -1714.969157846      6.53e-01      1.37e+00        0.03
   2     -1706.325187714      8.64e+00      3.52e+00        0.03
   3     -1714.307192720     -7.98e+00      1.95e+00        0.03
   4     -1715.545595538     -1.24e+00      6.08e-01        0.03
   5     -1715.600400087     -5.48e-02      4.09e-01        0.03
   6     -1715.633333690     -3.29e-02      1.46e-01        0.03
   7     -1715.633434265     -1.01e-04      1.40e-01        0.03
   8     -1715.638245284     -4.81e-03      3.70e-02        0.03
   9     -1715.635892565      2.35e-03      1.16e-01        0.04
  10     -1715.638523105     -2.63e-03      3.05e-03        0.03
  11     -1715.638532017     -8.91e-06      1.94e-03        0.03
  12     -1715.638535063     -3.05e-06      1.06e-03        0.03
  13     -1715.638536137     -1.07e-06      2.69e-04        0.03
  14     -1715.638536239     -1.02e-07      8.24e-05        0.03
  15     -1715.638536243     -4.09e-09      3.05e-05        0.03
  16     -1715.638536243     -2.94e-10      4.84e-06        0.03

 SCF converged in 16 iterations.

 Dipole moment (in Debye):              -0.000000      -0.000000      -4.539835

 Quadrupole moment (in Debye-Angstrom):
                  1            2            3
 1       -18.225641    -0.765946    -0.000000
 2        -0.765946   -18.225631    -0.000000
 3        -0.000000    -0.000000   -19.967773

 Spin-squared expectation <S^2>:         0.766
 Total spin quantum number S:            0.508
 TOTAL ENERGY:                       -1715.638536243

 --------------------------------------------------------------------------------

 End time:                               Wed Jun  2 11:53:21 2021
 Total wall-clock time:                  2.981 seconds
==================================================================================
