
================================================================================
          _____________ ________ _______________ ________     _________         
         / ___________// ______ \\_____   _____// ______ \   / ________)        
        / /_________  / /      \ \     | |     / /      \ \ | (_______          
       |  __________|| |        | |    | |    | |        | | \________ \        
        \ \_________ | |        | |    | |     \ \______/ /___________) |       
         \__________||_|        |_|    |_|      \________//____________/        
                                                                                
====================================[ Qcore ]===================================

 Git hash:   15a3e7daff0cda5fa9af010ccd19a80288182ecf
 Git date:   Fri, 16 Apr 2021 15:57:16 +0100
 Compiler:   GNU 9.1.0
 Build type: Release
 Version:    1.1.0

 Start time: Wed Jun  2 11:53:21 2021

 Data directory: /work/zw18965/.local/qcore/share/entos/1.1.0/data
 Number of threads: 24
 Number of threads was determined by: command line argument

 --------------------------------------------------------------------------------
                                   command: dft                                  
 --------------------------------------------------------------------------------
 AO basis set:                           aug-cc-pvtz
 Number of AO basis functions:         143

 Formula:                                SCu
 Nuclear charge:                        45.000000000
 Total charge:                           0.000000000
 Number of electrons:                   45.000000000

 Number of alpha electrons:             23
 Number of beta electrons:              22
 Number of unpaired electrons:           1
 Spin:                                   1
 Multiplicity:                           doublet

 Theory:                                 dft
 Exchange-correlation functional:        b3lyp
 Method for Coulomb:                     incore_df
 Method for exact exchange:              pre_transformed_df
 Integral threshold:                     1.00e-12
 DF basis set:                           def2-tzvp-jkfit(spdfghi)
 Number of DF basis functions:         392
 Schwarz screening threshold:            1.00e-10
 Coulomb fitting method:                 Cholesky
 Total number of grid points:        15286
 Method for AO orthogonalization:        symmetric
 Threshold for linear dependence:        1.00e-08
 D3BJ dispersion energy:                -0.002460302

 -------------------------------------
  Running unrestricted open-shell SCF 
 -------------------------------------
 Max number of iterations:             128
 Conv. threshold (gradient):             1.00e-05
 Conv. threshold (energy):               1.00e-06
 Interpolation scheme:                   adiis+cdiis
 Initial guess:                          SAD

 ---------------------------------------------------------------
                  energy        change          grad        time
 ---------------------------------------------------------------
   0     -2038.735602100                    3.21e+00        0.04
   1     -2038.352171801      3.83e-01      1.37e+00        0.03
   2     -2035.087623626      3.26e+00      2.28e+00        0.03
   3     -2038.200056224     -3.11e+00      1.15e+00        0.03
   4     -2038.626022845     -4.26e-01      2.14e-01        0.03
   5     -2038.613757519      1.23e-02      2.63e-01        0.04
   6     -2038.641962073     -2.82e-02      2.29e-01        0.03
   7     -2038.611608040      3.04e-02      4.04e-01        0.04
   8     -2038.646750754     -3.51e-02      1.19e-01        0.04
   9     -2038.650271331     -3.52e-03      3.06e-02        0.04
  10     -2038.650036361      2.35e-04      4.19e-02        0.04
  11     -2038.650928166     -8.92e-04      1.54e-03        0.03
  12     -2038.650928903     -7.37e-07      4.17e-04        0.03
  13     -2038.650928952     -4.89e-08      7.20e-05        0.03
  14     -2038.650928955     -2.95e-09      2.34e-05        0.03
  15     -2038.650928955     -3.82e-10      1.24e-05        0.03
  16     -2038.650928956     -8.96e-11      4.66e-06        0.03

 SCF converged in 16 iterations.

 Dipole moment (in Debye):              -0.000000      -0.000000      -4.055540

 Quadrupole moment (in Debye-Angstrom):
                  1            2            3
 1       -26.959097     1.437904     0.000000
 2         1.437904   -26.958959     0.000000
 3         0.000000     0.000000   -24.674963

 Spin-squared expectation <S^2>:         0.756
 Total spin quantum number S:            0.503
 TOTAL ENERGY:                       -2038.650928956

 --------------------------------------------------------------------------------

 End time:                               Wed Jun  2 11:53:24 2021
 Total wall-clock time:                  3.023 seconds
==================================================================================
