
================================================================================
          _____________ ________ _______________ ________     _________         
         / ___________// ______ \\_____   _____// ______ \   / ________)        
        / /_________  / /      \ \     | |     / /      \ \ | (_______          
       |  __________|| |        | |    | |    | |        | | \________ \        
        \ \_________ | |        | |    | |     \ \______/ /___________) |       
         \__________||_|        |_|    |_|      \________//____________/        
                                                                                
====================================[ Qcore ]===================================

 Git hash:   15a3e7daff0cda5fa9af010ccd19a80288182ecf
 Git date:   Fri, 16 Apr 2021 15:57:16 +0100
 Compiler:   GNU 9.1.0
 Build type: Release
 Version:    1.1.0

 Start time: Wed Jun  2 11:53:33 2021

 Data directory: /work/zw18965/.local/qcore/share/entos/1.1.0/data
 Number of threads: 24
 Number of threads was determined by: command line argument

 --------------------------------------------------------------------------------
                                   command: dft                                  
 --------------------------------------------------------------------------------
 AO basis set:                           aug-cc-pvtz
 Number of AO basis functions:         152

 Formula:                                ZnBr
 Nuclear charge:                        65.000000000
 Total charge:                           0.000000000
 Number of electrons:                   65.000000000

 Number of alpha electrons:             33
 Number of beta electrons:              32
 Number of unpaired electrons:           1
 Spin:                                   1
 Multiplicity:                           doublet

 Theory:                                 dft
 Exchange-correlation functional:        b3lyp
 Method for Coulomb:                     incore_df
 Method for exact exchange:              pre_transformed_df
 Integral threshold:                     1.00e-12
 DF basis set:                           def2-tzvp-jkfit(spdfghi)
 Number of DF basis functions:         530
 Schwarz screening threshold:            1.00e-10
 Coulomb fitting method:                 Cholesky
 Total number of grid points:        16100
 Method for AO orthogonalization:        symmetric
 Threshold for linear dependence:        1.00e-08
 D3BJ dispersion energy:                -0.002810741

 -------------------------------------
  Running unrestricted open-shell SCF 
 -------------------------------------
 Max number of iterations:             128
 Conv. threshold (gradient):             1.00e-05
 Conv. threshold (energy):               1.00e-06
 Interpolation scheme:                   adiis+cdiis
 Initial guess:                          SAD

 ---------------------------------------------------------------
                  energy        change          grad        time
 ---------------------------------------------------------------
   0     -4353.623334319                    2.49e+00        0.03
   1     -4353.460997581      1.62e-01      2.25e-01        0.04
   2     -4353.404409341      5.66e-02      3.73e-01        0.03
   3     -4353.488982507     -8.46e-02      5.90e-02        0.03
   4     -4353.487214833      1.77e-03      8.77e-02        0.03
   5     -4353.491227555     -4.01e-03      7.36e-03        0.03
   6     -4353.491251317     -2.38e-05      9.80e-04        0.03
   7     -4353.491251925     -6.08e-07      3.23e-04        0.03
   8     -4353.491251972     -4.67e-08      1.08e-04        0.04
   9     -4353.491251977     -5.52e-09      3.48e-05        0.03
  10     -4353.491251978     -5.71e-10      5.68e-06        0.04

 SCF converged in 10 iterations.

 Dipole moment (in Debye):               0.000000       0.000000      -2.619038

 Quadrupole moment (in Debye-Angstrom):
                  1            2            3
 1       -32.828458    -0.000000    -0.000000
 2        -0.000000   -32.828458    -0.000000
 3        -0.000000    -0.000000   -32.839363

 Spin-squared expectation <S^2>:         0.752
 Total spin quantum number S:            0.501
 TOTAL ENERGY:                       -4353.491251978

 --------------------------------------------------------------------------------

 End time:                               Wed Jun  2 11:53:37 2021
 Total wall-clock time:                  3.737 seconds
==================================================================================
