
================================================================================
          _____________ ________ _______________ ________     _________         
         / ___________// ______ \\_____   _____// ______ \   / ________)        
        / /_________  / /      \ \     | |     / /      \ \ | (_______          
       |  __________|| |        | |    | |    | |        | | \________ \        
        \ \_________ | |        | |    | |     \ \______/ /___________) |       
         \__________||_|        |_|    |_|      \________//____________/        
                                                                                
====================================[ Qcore ]===================================

 Git hash:   15a3e7daff0cda5fa9af010ccd19a80288182ecf
 Git date:   Fri, 16 Apr 2021 15:57:16 +0100
 Compiler:   GNU 9.1.0
 Build type: Release
 Version:    1.1.0

 Start time: Wed Jun  2 11:53:37 2021

 Data directory: /work/zw18965/.local/qcore/share/entos/1.1.0/data
 Number of threads: 24
 Number of threads was determined by: command line argument

 --------------------------------------------------------------------------------
                                   command: dft                                  
 --------------------------------------------------------------------------------
 AO basis set:                           aug-cc-pvtz
 Number of AO basis functions:         139

 Formula:                                OZn
 Nuclear charge:                        38.000000000
 Total charge:                           0.000000000
 Number of electrons:                   38.000000000

 Number of alpha electrons:             19
 Number of beta electrons:              19
 Number of unpaired electrons:           0
 Spin:                                   0
 Multiplicity:                           singlet

 Theory:                                 dft
 Exchange-correlation functional:        b3lyp
 Method for Coulomb:                     incore_df
 Method for exact exchange:              pre_transformed_df
 Integral threshold:                     1.00e-12
 DF basis set:                           def2-tzvp-jkfit(spdfghi)
 Number of DF basis functions:         341
 Schwarz screening threshold:            1.00e-10
 Coulomb fitting method:                 Cholesky
 Total number of grid points:        14880
 Method for AO orthogonalization:        symmetric
 Threshold for linear dependence:        1.00e-08
 D3BJ dispersion energy:                -0.001126771

 -------------------------------------
  Running restricted closed-shell SCF 
 -------------------------------------
 Max number of iterations:             128
 Conv. threshold (gradient):             1.00e-05
 Conv. threshold (energy):               1.00e-06
 Interpolation scheme:                   adiis+cdiis
 Initial guess:                          SAD

 ---------------------------------------------------------------
                  energy        change          grad        time
 ---------------------------------------------------------------
   0     -1854.599872445                    4.50e+00        0.03
   1     -1854.089567253      5.10e-01      2.26e+00        0.02
   2     -1846.768070675      7.32e+00      6.07e+00        0.02
   3     -1853.450344136     -6.68e+00      3.05e+00        0.03
   4     -1854.476462787     -1.03e+00      4.72e-01        0.02
   5     -1854.404175280      7.23e-02      1.16e+00        0.02
   6     -1854.483193007     -7.90e-02      3.60e-01        0.02
   7     -1854.490551764     -7.36e-03      8.34e-02        0.02
   8     -1854.489884064      6.68e-04      1.34e-01        0.02
   9     -1854.491045992     -1.16e-03      1.09e-02        0.02
  10     -1854.491055510     -9.52e-06      1.42e-03        0.02
  11     -1854.491055631     -1.20e-07      3.54e-04        0.02
  12     -1854.491055642     -1.16e-08      7.55e-05        0.02
  13     -1854.491055643     -3.59e-10      9.53e-06        0.02

 SCF converged in 13 iterations.

 Dipole moment (in Debye):               0.000000       0.000000      -5.723504

 Quadrupole moment (in Debye-Angstrom):
                  1            2            3
 1       -19.130973    -0.000000    -0.000000
 2        -0.000000   -19.130973    -0.000000
 3        -0.000000    -0.000000   -21.480749

 Spin-squared expectation <S^2>:         0.000
 Total spin quantum number S:            0.000
 TOTAL ENERGY:                       -1854.491055643

 --------------------------------------------------------------------------------

 End time:                               Wed Jun  2 11:53:40 2021
 Total wall-clock time:                  2.884 seconds
==================================================================================
