
================================================================================
          _____________ ________ _______________ ________     _________         
         / ___________// ______ \\_____   _____// ______ \   / ________)        
        / /_________  / /      \ \     | |     / /      \ \ | (_______          
       |  __________|| |        | |    | |    | |        | | \________ \        
        \ \_________ | |        | |    | |     \ \______/ /___________) |       
         \__________||_|        |_|    |_|      \________//____________/        
                                                                                
====================================[ Qcore ]===================================

 Git hash:   15a3e7daff0cda5fa9af010ccd19a80288182ecf
 Git date:   Fri, 16 Apr 2021 15:57:16 +0100
 Compiler:   GNU 9.1.0
 Build type: Release
 Version:    1.1.0

 Start time: Wed Jun  2 11:53:40 2021

 Data directory: /work/zw18965/.local/qcore/share/entos/1.1.0/data
 Number of threads: 24
 Number of threads was determined by: command line argument

 --------------------------------------------------------------------------------
                                   command: dft                                  
 --------------------------------------------------------------------------------
 AO basis set:                           aug-cc-pvtz
 Number of AO basis functions:         143

 Formula:                                SZn
 Nuclear charge:                        46.000000000
 Total charge:                           0.000000000
 Number of electrons:                   46.000000000

 Number of alpha electrons:             23
 Number of beta electrons:              23
 Number of unpaired electrons:           0
 Spin:                                   0
 Multiplicity:                           singlet

 Theory:                                 dft
 Exchange-correlation functional:        b3lyp
 Method for Coulomb:                     incore_df
 Method for exact exchange:              pre_transformed_df
 Integral threshold:                     1.00e-12
 DF basis set:                           def2-tzvp-jkfit(spdfghi)
 Number of DF basis functions:         392
 Schwarz screening threshold:            1.00e-10
 Coulomb fitting method:                 Cholesky
 Total number of grid points:        15286
 Method for AO orthogonalization:        symmetric
 Threshold for linear dependence:        1.00e-08
 D3BJ dispersion energy:                -0.002782016

 -------------------------------------
  Running restricted closed-shell SCF 
 -------------------------------------
 Max number of iterations:             128
 Conv. threshold (gradient):             1.00e-05
 Conv. threshold (energy):               1.00e-06
 Interpolation scheme:                   adiis+cdiis
 Initial guess:                          SAD

 ---------------------------------------------------------------
                  energy        change          grad        time
 ---------------------------------------------------------------
   0     -2177.703901216                    5.61e+00        0.02
   1     -2177.359718333      3.44e-01      9.22e-01        0.02
   2     -2174.951086485      2.41e+00      3.40e+00        0.02
   3     -2177.226045592     -2.27e+00      1.26e+00        0.02
   4     -2177.503047615     -2.77e-01      1.11e-01        0.02
   5     -2177.492441620      1.06e-02      2.96e-01        0.02
   6     -2177.503794278     -1.14e-02      8.93e-02        0.02
   7     -2177.504887352     -1.09e-03      1.78e-02        0.02
   8     -2177.504930828     -4.35e-05      4.15e-03        0.02
   9     -2177.504932676     -1.85e-06      9.84e-04        0.02
  10     -2177.504932836     -1.60e-07      1.27e-04        0.02
  11     -2177.504932838     -1.70e-09      4.01e-05        0.02
  12     -2177.504932838     -3.24e-10      3.01e-06        0.02

 SCF converged in 12 iterations.

 Dipole moment (in Debye):               0.000000       0.000000      -5.281782

 Quadrupole moment (in Debye-Angstrom):
                  1            2            3
 1       -28.819993     0.000000     0.000001
 2         0.000000   -28.819993     0.000001
 3         0.000001     0.000001   -24.578825

 Spin-squared expectation <S^2>:         0.000
 Total spin quantum number S:            0.000
 TOTAL ENERGY:                       -2177.504932838

 --------------------------------------------------------------------------------

 End time:                               Wed Jun  2 11:53:42 2021
 Total wall-clock time:                  2.730 seconds
==================================================================================
