
================================================================================
          _____________ ________ _______________ ________     _________         
         / ___________// ______ \\_____   _____// ______ \   / ________)        
        / /_________  / /      \ \     | |     / /      \ \ | (_______          
       |  __________|| |        | |    | |    | |        | | \________ \        
        \ \_________ | |        | |    | |     \ \______/ /___________) |       
         \__________||_|        |_|    |_|      \________//____________/        
                                                                                
====================================[ Qcore ]===================================

 Git hash:   15a3e7daff0cda5fa9af010ccd19a80288182ecf
 Git date:   Fri, 16 Apr 2021 15:57:16 +0100
 Compiler:   GNU 9.1.0
 Build type: Release
 Version:    1.1.0

 Start time: Wed Jun  2 11:53:44 2021

 Data directory: /work/zw18965/.local/qcore/share/entos/1.1.0/data
 Number of threads: 24
 Number of threads was determined by: command line argument

 --------------------------------------------------------------------------------
                                   command: dft                                  
 --------------------------------------------------------------------------------
 AO basis set:                           aug-cc-pvtz
 Number of AO basis functions:          93

 Formula:                                Ti
 Nuclear charge:                        22.000000000
 Total charge:                           0.000000000
 Number of electrons:                   22.000000000

 Number of alpha electrons:             12
 Number of beta electrons:              10
 Number of unpaired electrons:           2
 Spin:                                   2
 Multiplicity:                           triplet

 Theory:                                 dft
 Exchange-correlation functional:        b3lyp
 Method for Coulomb:                     incore_df
 Method for exact exchange:              pre_transformed_df
 Integral threshold:                     1.00e-12
 DF basis set:                           def2-tzvp-jkfit(spdfghi)
 Number of DF basis functions:         264
 Schwarz screening threshold:            1.00e-10
 Coulomb fitting method:                 Cholesky
 Total number of grid points:         7792
 Method for AO orthogonalization:        symmetric
 Threshold for linear dependence:        1.00e-08
 D3BJ dispersion energy:                 0.000000000

 -------------------------------------
  Running unrestricted open-shell SCF 
 -------------------------------------
 Max number of iterations:             128
 Conv. threshold (gradient):             1.00e-05
 Conv. threshold (energy):               1.00e-06
 Interpolation scheme:                   adiis+cdiis
 Initial guess:                          SAD

 ---------------------------------------------------------------
                  energy        change          grad        time
 ---------------------------------------------------------------
   0      -849.134317824                    7.65e-03        0.01
   1      -849.248145378     -1.14e-01      2.28e-01        0.01
   2      -848.698992303      5.49e-01      8.00e-01        0.02
   3      -849.287222250     -5.88e-01      9.40e-02        0.01
   4      -849.287966460     -7.44e-04      6.77e-02        0.02
   5      -849.291922094     -3.96e-03      3.24e-03        0.01
   6      -849.291937907     -1.58e-05      6.10e-04        0.01
   7      -849.291941664     -3.76e-06      4.74e-04        0.01
   8      -849.291947650     -5.99e-06      9.81e-05        0.02
   9      -849.291947802     -1.52e-07      8.41e-06        0.02

 SCF converged in 9 iterations.

 Dipole moment (in Debye):              -0.000006      -0.000004      -0.000006

 Quadrupole moment (in Debye-Angstrom):
                  1            2            3
 1       -21.244946     0.000000    -0.000000
 2         0.000000   -21.409339     0.000000
 3        -0.000000     0.000000   -21.244946

 Spin-squared expectation <S^2>:         2.015
 Total spin quantum number S:            1.005
 TOTAL ENERGY:                        -849.291947802

 --------------------------------------------------------------------------------

 End time:                               Wed Jun  2 11:53:46 2021
 Total wall-clock time:                  1.934 seconds
==================================================================================
