
================================================================================
          _____________ ________ _______________ ________     _________         
         / ___________// ______ \\_____   _____// ______ \   / ________)        
        / /_________  / /      \ \     | |     / /      \ \ | (_______          
       |  __________|| |        | |    | |    | |        | | \________ \        
        \ \_________ | |        | |    | |     \ \______/ /___________) |       
         \__________||_|        |_|    |_|      \________//____________/        
                                                                                
====================================[ Qcore ]===================================

 Git hash:   15a3e7daff0cda5fa9af010ccd19a80288182ecf
 Git date:   Fri, 16 Apr 2021 15:57:16 +0100
 Compiler:   GNU 9.1.0
 Build type: Release
 Version:    1.1.0

 Start time: Wed Jun  2 13:01:35 2021

 Data directory: /work/zw18965/.local/qcore/share/entos/1.1.0/data
 Number of threads: 24
 Number of threads was determined by: number of physical cores

 --------------------------------------------------------------------------------
                                   command: dft                                  
 --------------------------------------------------------------------------------
 AO basis set:                           aug-cc-pvtz
 Number of AO basis functions:          93

 Formula:                                V
 Nuclear charge:                        23.000000000
 Total charge:                           0.000000000
 Number of electrons:                   23.000000000

 Number of alpha electrons:             13
 Number of beta electrons:              10
 Number of unpaired electrons:           3
 Spin:                                   3
 Multiplicity:                           quartet

 Theory:                                 dft
 Exchange-correlation functional:        blyp
 Method for Coulomb:                     incore_df
 Integral threshold:                     1.00e-12
 DF basis set:                           def2-tzvp-jkfit(spdfghi)
 Number of DF basis functions:         264
 Schwarz screening threshold:            1.00e-10
 Coulomb fitting method:                 Cholesky
 Total number of grid points:         7852
 Method for AO orthogonalization:        symmetric
 Threshold for linear dependence:        1.00e-08

 -------------------------------------
  Running unrestricted open-shell SCF 
 -------------------------------------
 Max number of iterations:             128
 Conv. threshold (gradient):             1.00e-05
 Conv. threshold (energy):               1.00e-06
 Interpolation scheme:                   adiis+cdiis
 Initial guess:                          SAD

 ---------------------------------------------------------------
                  energy        change          grad        time
 ---------------------------------------------------------------
   0      -943.852818565                    7.69e-03        0.01
   1      -943.903251472     -5.04e-02      1.97e-01        0.02
   2      -943.203947459      6.99e-01      1.06e+00        0.01
   3      -943.803649174     -6.00e-01      4.26e-01        0.01
   4      -943.931370892     -1.28e-01      1.19e-01        0.01
   5      -943.895919941      3.55e-02      2.83e-01        0.01
   6      -943.941172140     -4.53e-02      2.91e-02        0.01
   7      -943.933334837      7.84e-03      1.21e-01        0.01
   8      -943.941577982     -8.24e-03      2.32e-02        0.01
   9      -943.941913487     -3.36e-04      1.01e-02        0.01
  10      -943.941972649     -5.92e-05      1.90e-03        0.01
  11      -943.941974898     -2.25e-06      2.08e-03        0.01
  12      -943.941976582     -1.68e-06      1.88e-03        0.01
  13      -943.941978466     -1.88e-06      3.53e-04        0.01
  14      -943.941978536     -6.99e-08      6.14e-05        0.01
  15      -943.941978538     -2.46e-09      2.07e-05        0.01
  16      -943.941978539     -1.97e-10      7.85e-06        0.01

 SCF converged in 16 iterations.

 Dipole moment (in Debye):               0.000000      -0.000001      -0.000000

 Quadrupole moment (in Debye-Angstrom):
                  1            2            3
 1       -19.244572     0.000000     0.000001
 2         0.000000   -20.436732     0.000000
 3         0.000001     0.000000   -19.244572

 Spin-squared expectation <S^2>:         4.251
 Total spin quantum number S:            1.622
 TOTAL ENERGY:                        -943.941978539
 Saving results in set 'guess'

 --------------------------------------------------------------------------------
                                   command: dft                                  
 --------------------------------------------------------------------------------
 AO basis set:                           aug-cc-pvtz
 Number of AO basis functions:          93

 Formula:                                V
 Nuclear charge:                        23.000000000
 Total charge:                           0.000000000
 Number of electrons:                   23.000000000

 Number of alpha electrons:             13
 Number of beta electrons:              10
 Number of unpaired electrons:           3
 Spin:                                   3
 Multiplicity:                           quartet

 Theory:                                 dft
 Exchange-correlation functional:        b3lyp
 Method for Coulomb:                     incore_df
 Method for exact exchange:              pre_transformed_df
 Integral threshold:                     1.00e-12
 DF basis set:                           def2-tzvp-jkfit(spdfghi)
 Number of DF basis functions:         264
 Schwarz screening threshold:            1.00e-10
 Coulomb fitting method:                 Cholesky
 Total number of grid points:         7852
 Method for AO orthogonalization:        symmetric
 Threshold for linear dependence:        1.00e-08
 D3BJ dispersion energy:                 0.000000000

 -------------------------------------
  Running unrestricted open-shell SCF 
 -------------------------------------
 Max number of iterations:             128
 Conv. threshold (gradient):             1.00e-05
 Conv. threshold (energy):               1.00e-06
 Interpolation scheme:                   adiis+cdiis

 ---------------------------------------------------------------
                  energy        change          grad        time
 ---------------------------------------------------------------
   0      -943.841478018                    6.30e-02        0.03
   1      -943.842910627     -1.43e-03      7.84e-03        0.02
   2      -943.843189700     -2.79e-04      7.23e-03        0.02
   3      -943.843244140     -5.44e-05      4.96e-03        0.02
   4      -943.843428124     -1.84e-04      3.88e-03        0.01
   5      -943.843484479     -5.64e-05      2.53e-03        0.01
   6      -943.843505209     -2.07e-05      3.77e-04        0.01
   7      -943.843506725     -1.52e-06      2.08e-04        0.01
   8      -943.843506845     -1.19e-07      4.24e-05        0.01
   9      -943.843506863     -1.88e-08      2.32e-05        0.01
  10      -943.843506864     -3.48e-10      1.72e-06        0.01

 SCF converged in 10 iterations.

 Dipole moment (in Debye):               0.000001      -0.000004      -0.000002

 Quadrupole moment (in Debye-Angstrom):
                  1            2            3
 1       -19.612665     0.000000     0.000001
 2         0.000000   -20.548316     0.000000
 3         0.000001     0.000000   -19.612665

 Spin-squared expectation <S^2>:         4.002
 Total spin quantum number S:            1.562
 TOTAL ENERGY:                        -943.843506864

 --------------------------------------------------------------------------------

 End time:                               Wed Jun  2 13:01:40 2021
 Total wall-clock time:                  5.498 seconds
==================================================================================
