
================================================================================
          _____________ ________ _______________ ________     _________         
         / ___________// ______ \\_____   _____// ______ \   / ________)        
        / /_________  / /      \ \     | |     / /      \ \ | (_______          
       |  __________|| |        | |    | |    | |        | | \________ \        
        \ \_________ | |        | |    | |     \ \______/ /___________) |       
         \__________||_|        |_|    |_|      \________//____________/        
                                                                                
====================================[ Qcore ]===================================

 Git hash:   15a3e7daff0cda5fa9af010ccd19a80288182ecf
 Git date:   Fri, 16 Apr 2021 15:57:16 +0100
 Compiler:   GNU 9.1.0
 Build type: Release
 Version:    1.1.0

 Start time: Wed Jun  2 11:53:57 2021

 Data directory: /work/zw18965/.local/qcore/share/entos/1.1.0/data
 Number of threads: 24
 Number of threads was determined by: command line argument

 --------------------------------------------------------------------------------
                                   command: dft                                  
 --------------------------------------------------------------------------------
 AO basis set:                           aug-cc-pvtz
 Number of AO basis functions:          93

 Formula:                                Co
 Nuclear charge:                        27.000000000
 Total charge:                           0.000000000
 Number of electrons:                   27.000000000

 Number of alpha electrons:             15
 Number of beta electrons:              12
 Number of unpaired electrons:           3
 Spin:                                   3
 Multiplicity:                           quartet

 Theory:                                 dft
 Exchange-correlation functional:        b3lyp
 Method for Coulomb:                     incore_df
 Method for exact exchange:              pre_transformed_df
 Integral threshold:                     1.00e-12
 DF basis set:                           def2-tzvp-jkfit(spdfghi)
 Number of DF basis functions:         264
 Schwarz screening threshold:            1.00e-10
 Coulomb fitting method:                 Cholesky
 Total number of grid points:         7936
 Method for AO orthogonalization:        symmetric
 Threshold for linear dependence:        1.00e-08
 D3BJ dispersion energy:                 0.000000000

 -------------------------------------
  Running unrestricted open-shell SCF 
 -------------------------------------
 Max number of iterations:             128
 Conv. threshold (gradient):             1.00e-05
 Conv. threshold (energy):               1.00e-06
 Interpolation scheme:                   adiis+cdiis
 Initial guess:                          SAD

 ---------------------------------------------------------------
                  energy        change          grad        time
 ---------------------------------------------------------------
   0     -1382.449285417                    9.21e-03        0.01
   1     -1382.656303813     -2.07e-01      2.24e-01        0.01
   2     -1382.128532896      5.28e-01      9.69e-01        0.01
   3     -1382.669288027     -5.41e-01      1.85e-01        0.01
   4     -1382.681249969     -1.20e-02      1.14e-01        0.01
   5     -1382.685904609     -4.65e-03      7.39e-02        0.01
   6     -1382.686966720     -1.06e-03      7.29e-02        0.01
   7     -1382.690422582     -3.46e-03      1.26e-02        0.01
   8     -1382.691380769     -9.58e-04      5.32e-03        0.01
   9     -1382.691445833     -6.51e-05      5.28e-03        0.02
  10     -1382.691496058     -5.02e-05      2.28e-03        0.02
  11     -1382.691497733     -1.68e-06      2.59e-04        0.01
  12     -1382.691498156     -4.22e-07      2.12e-04        0.01
  13     -1382.691498865     -7.10e-07      2.39e-04        0.01
  14     -1382.691500759     -1.89e-06      1.71e-04        0.01
  15     -1382.691500841     -8.13e-08      3.36e-05        0.01
  16     -1382.691500851     -1.08e-08      1.59e-05        0.01
  17     -1382.691500852     -2.04e-10      9.80e-07        0.01

 SCF converged in 17 iterations.

 Dipole moment (in Debye):               0.000000       0.000000      -0.000000

 Quadrupole moment (in Debye-Angstrom):
                  1            2            3
 1       -15.079164    -0.000000    -0.000000
 2        -0.000000   -15.079171     0.000000
 3        -0.000000     0.000000   -15.079150

 Spin-squared expectation <S^2>:         3.752
 Total spin quantum number S:            1.500
 TOTAL ENERGY:                       -1382.691500852

 --------------------------------------------------------------------------------

 End time:                               Wed Jun  2 11:53:59 2021
 Total wall-clock time:                  1.979 seconds
==================================================================================
