
================================================================================
          _____________ ________ _______________ ________     _________         
         / ___________// ______ \\_____   _____// ______ \   / ________)        
        / /_________  / /      \ \     | |     / /      \ \ | (_______          
       |  __________|| |        | |    | |    | |        | | \________ \        
        \ \_________ | |        | |    | |     \ \______/ /___________) |       
         \__________||_|        |_|    |_|      \________//____________/        
                                                                                
====================================[ Qcore ]===================================

 Git hash:   15a3e7daff0cda5fa9af010ccd19a80288182ecf
 Git date:   Fri, 16 Apr 2021 15:57:16 +0100
 Compiler:   GNU 9.1.0
 Build type: Release
 Version:    1.1.0

 Start time: Wed Jun  2 11:53:59 2021

 Data directory: /work/zw18965/.local/qcore/share/entos/1.1.0/data
 Number of threads: 24
 Number of threads was determined by: command line argument

 --------------------------------------------------------------------------------
                                   command: dft                                  
 --------------------------------------------------------------------------------
 AO basis set:                           aug-cc-pvtz
 Number of AO basis functions:          93

 Formula:                                Ni
 Nuclear charge:                        28.000000000
 Total charge:                           0.000000000
 Number of electrons:                   28.000000000

 Number of alpha electrons:             15
 Number of beta electrons:              13
 Number of unpaired electrons:           2
 Spin:                                   2
 Multiplicity:                           triplet

 Theory:                                 dft
 Exchange-correlation functional:        b3lyp
 Method for Coulomb:                     incore_df
 Method for exact exchange:              pre_transformed_df
 Integral threshold:                     1.00e-12
 DF basis set:                           def2-tzvp-jkfit(spdfghi)
 Number of DF basis functions:         264
 Schwarz screening threshold:            1.00e-10
 Coulomb fitting method:                 Cholesky
 Total number of grid points:         7936
 Method for AO orthogonalization:        symmetric
 Threshold for linear dependence:        1.00e-08
 D3BJ dispersion energy:                 0.000000000

 -------------------------------------
  Running unrestricted open-shell SCF 
 -------------------------------------
 Max number of iterations:             128
 Conv. threshold (gradient):             1.00e-05
 Conv. threshold (energy):               1.00e-06
 Interpolation scheme:                   adiis+cdiis
 Initial guess:                          SAD

 ---------------------------------------------------------------
                  energy        change          grad        time
 ---------------------------------------------------------------
   0     -1508.141862356                    9.27e-03        0.01
   1     -1508.247800559     -1.06e-01      1.68e-01        0.01
   2     -1508.250540690     -2.74e-03      7.28e-02        0.01
   3     -1508.242836275      7.70e-03      1.69e-01        0.01
   4     -1508.251762423     -8.93e-03      3.11e-03        0.01
   5     -1508.251774279     -1.19e-05      1.12e-03        0.01
   6     -1508.251785801     -1.15e-05      1.01e-03        0.02
   7     -1508.251822344     -3.65e-05      1.77e-03        0.01
   8     -1508.251832290     -9.95e-06      1.23e-03        0.01
   9     -1508.251837135     -4.85e-06      5.77e-04        0.01
  10     -1508.251838261     -1.13e-06      2.53e-04        0.01
  11     -1508.251838270     -9.94e-09      2.83e-04        0.01
  12     -1508.251838300     -2.91e-08      4.76e-05        0.01
  13     -1508.251838285      1.49e-08      1.68e-04        0.01
  14     -1508.251838211      7.42e-08      1.23e-04        0.01
  15     -1508.251838214     -3.83e-09      4.87e-05        0.01
  16     -1508.251838215     -7.67e-10      8.59e-06        0.01

 SCF converged in 16 iterations.

 Dipole moment (in Debye):               0.000000       0.000000       0.000000

 Quadrupole moment (in Debye-Angstrom):
                  1            2            3
 1       -14.570605    -0.061027    -0.063750
 2        -0.061027   -14.573623    -0.060090
 3        -0.063750    -0.060090   -14.572181

 Spin-squared expectation <S^2>:         2.000
 Total spin quantum number S:            1.000
 TOTAL ENERGY:                       -1508.251838215

 --------------------------------------------------------------------------------

 End time:                               Wed Jun  2 11:54:01 2021
 Total wall-clock time:                  1.963 seconds
==================================================================================
