
================================================================================
          _____________ ________ _______________ ________     _________         
         / ___________// ______ \\_____   _____// ______ \   / ________)        
        / /_________  / /      \ \     | |     / /      \ \ | (_______          
       |  __________|| |        | |    | |    | |        | | \________ \        
        \ \_________ | |        | |    | |     \ \______/ /___________) |       
         \__________||_|        |_|    |_|      \________//____________/        
                                                                                
====================================[ Qcore ]===================================

 Git hash:   15a3e7daff0cda5fa9af010ccd19a80288182ecf
 Git date:   Fri, 16 Apr 2021 15:57:16 +0100
 Compiler:   GNU 9.1.0
 Build type: Release
 Version:    1.1.0

 Start time: Wed Jun  2 11:51:29 2021

 Data directory: /work/zw18965/.local/qcore/share/entos/1.1.0/data
 Number of threads: 24
 Number of threads was determined by: command line argument
  - More threads can be used by running 'qcore -n 32'

 --------------------------------------------------------------------------------
                                   command: dft                                  
 --------------------------------------------------------------------------------
 AO basis set:                           aug-cc-pvtz
 Number of AO basis functions:         143

 Formula:                                ClSc
 Nuclear charge:                        38.000000000
 Total charge:                           0.000000000
 Number of electrons:                   38.000000000

 Number of alpha electrons:             19
 Number of beta electrons:              19
 Number of unpaired electrons:           0
 Spin:                                   0
 Multiplicity:                           singlet

 Theory:                                 dft
 Exchange-correlation functional:        0.5 b88 + 0.75 lyp
 Method for Coulomb:                     incore_df
 Method for exact exchange:              pre_transformed_df
 Integral threshold:                     1.00e-12
 DF basis set:                           def2-tzvp-jkfit(spdfghi)
 Number of DF basis functions:         392
 Schwarz screening threshold:            1.00e-10
 Coulomb fitting method:                 Cholesky

 ------------------
  UW12 Correlation 
 ------------------
 Factor for UW12 correlation:            1.000000000
 Opposite spin scale factor:             0.250000000
 Same spin scale factor:                 0.500000000
 Calculate indirect contribution:        true
 Method for three electron term:         df_ri
 Auxiliary RI basis set:                 Def2-TZVP-RI
 Number of RI basis functions:         295
 Gaussians in geminal expansion:        10
 UW12 screening threshold:               1.00e-12
 Method for density-fitting:             w(r)
 Number of core spatial orbitals:       10

 Total number of grid points:        15346
 Method for AO orthogonalization:        symmetric
 Threshold for linear dependence:        1.00e-08
 D3BJ dispersion energy:                -0.001685065

 -------------------------------------
  Running restricted closed-shell SCF 
 -------------------------------------
 Max number of iterations:             128
 Conv. threshold (gradient):             1.00e-05
 Conv. threshold (energy):               1.00e-06
 Interpolation scheme:                   adiis+cdiis
 Initial guess:                          H0

 ---------------------------------------------------------------
                  energy        change          grad        time
 ---------------------------------------------------------------
   0     -1158.059335708                    1.24e+01        4.87
   1     -1143.361781170      1.47e+01      1.12e+01        1.02
   2     -1046.519328161      9.68e+01      1.87e+01        0.99
   3     -1196.348179030     -1.50e+02      1.09e+01        0.97
   4     -1216.491708009     -2.01e+01      9.16e+00        1.01
   5     -1220.099139918     -3.61e+00      1.84e+00        1.03
   6     -1220.050075266      4.91e-02      1.98e+00        1.01
   7     -1220.773966742     -7.24e-01      5.39e-01        0.98
   8     -1220.767249215      6.72e-03      7.56e-01        0.99
   9     -1220.819256170     -5.20e-02      1.92e-01        0.98
  10     -1220.815297648      3.96e-03      2.66e-01        1.03
  11     -1220.823930956     -8.63e-03      2.83e-02        0.98
  12     -1220.824041918     -1.11e-04      3.84e-02        1.01
  13     -1220.824263200     -2.21e-04      5.33e-03        0.96
  14     -1220.824284397     -2.12e-05      3.66e-03        0.99
  15     -1220.824295744     -1.13e-05      2.24e-03        0.94
  16     -1220.824302376     -6.63e-06      5.73e-04        0.96
  17     -1220.824302612     -2.36e-07      1.20e-04        0.96
  18     -1220.824302613     -1.74e-09      2.86e-05        0.99
  19     -1220.824302614     -1.00e-09      6.25e-06        1.00

 SCF converged in 19 iterations.

 Dipole moment (in Debye):              -0.000001      -0.000001      -3.266698

 Quadrupole moment (in Debye-Angstrom):
                  1            2            3
 1       -33.784415    -0.000011     0.000000
 2        -0.000011   -33.784415     0.000001
 3         0.000000     0.000001   -29.551765

 Spin-squared expectation <S^2>:         0.000
 Total spin quantum number S:            0.000
 TOTAL ENERGY:                       -1220.824302614

 --------------------------------------------------------------------------------

 End time:                               Wed Jun  2 11:51:55 2021
 Total wall-clock time:                 26.113 seconds
==================================================================================
