
================================================================================
          _____________ ________ _______________ ________     _________         
         / ___________// ______ \\_____   _____// ______ \   / ________)        
        / /_________  / /      \ \     | |     / /      \ \ | (_______          
       |  __________|| |        | |    | |    | |        | | \________ \        
        \ \_________ | |        | |    | |     \ \______/ /___________) |       
         \__________||_|        |_|    |_|      \________//____________/        
                                                                                
====================================[ Qcore ]===================================

 Git hash:   15a3e7daff0cda5fa9af010ccd19a80288182ecf
 Git date:   Fri, 16 Apr 2021 15:57:16 +0100
 Compiler:   GNU 9.1.0
 Build type: Release
 Version:    1.1.0

 Start time: Wed Jun  2 11:56:48 2021

 Data directory: /work/zw18965/.local/qcore/share/entos/1.1.0/data
 Number of threads: 24
 Number of threads was determined by: command line argument
  - More threads can be used by running 'qcore -n 32'

 --------------------------------------------------------------------------------
                                   command: dft                                  
 --------------------------------------------------------------------------------
 AO basis set:                           aug-cc-pvtz
 Number of AO basis functions:         116

 Formula:                                HTi
 Nuclear charge:                        23.000000000
 Total charge:                           0.000000000
 Number of electrons:                   23.000000000

 Number of alpha electrons:             13
 Number of beta electrons:              10
 Number of unpaired electrons:           3
 Spin:                                   3
 Multiplicity:                           quartet

 Theory:                                 dft
 Exchange-correlation functional:        0.5 b88 + 0.75 lyp
 Method for Coulomb:                     incore_df
 Method for exact exchange:              pre_transformed_df
 Integral threshold:                     1.00e-12
 DF basis set:                           def2-tzvp-jkfit(spdfghi)
 Number of DF basis functions:         282
 Schwarz screening threshold:            1.00e-10
 Coulomb fitting method:                 Cholesky

 ------------------
  UW12 Correlation 
 ------------------
 Factor for UW12 correlation:            1.000000000
 Opposite spin scale factor:             0.250000000
 Same spin scale factor:                 0.500000000
 Calculate indirect contribution:        true
 Method for three electron term:         df_ri
 Auxiliary RI basis set:                 Def2-TZVP-RI
 Number of RI basis functions:         197
 Gaussians in geminal expansion:        10
 UW12 screening threshold:               1.00e-12
 Method for density-fitting:             w(r)
 Number of core spatial orbitals:        5

 Total number of grid points:        13682
 Method for AO orthogonalization:        symmetric
 Threshold for linear dependence:        1.00e-08
 D3BJ dispersion energy:                -0.000490671

 -------------------------------------
  Running unrestricted open-shell SCF 
 -------------------------------------
 Max number of iterations:             128
 Conv. threshold (gradient):             1.00e-05
 Conv. threshold (energy):               1.00e-06
 Interpolation scheme:                   adiis+cdiis
 Initial guess:                          H0

 ---------------------------------------------------------------
                  energy        change          grad        time
 ---------------------------------------------------------------
   0      -826.394038566                    5.40e+00        3.02
   1      -810.522409266      1.59e+01      1.09e+01        0.51
   2      -837.485507965     -2.70e+01      4.13e+00        0.49
   3      -848.376806268     -1.09e+01      2.10e+00        0.49
   4      -846.980527728      1.40e+00      2.67e+00        0.48
   5      -849.922358071     -2.94e+00      1.62e-01        0.47
   6      -849.930046905     -7.69e-03      1.24e-01        0.46
   7      -849.929333340      7.14e-04      1.41e-01        0.47
   8      -849.936096939     -6.76e-03      2.00e-02        0.47
   9      -849.936362111     -2.65e-04      1.59e-02        0.47
  10      -849.936496762     -1.35e-04      1.29e-03        0.46
  11      -849.936499330     -2.57e-06      6.51e-04        0.48
  12      -849.936499745     -4.15e-07      3.86e-04        0.46
  13      -849.936499856     -1.11e-07      2.06e-04        0.46
  14      -849.936499902     -4.61e-08      9.44e-05        0.47
  15      -849.936499913     -1.10e-08      2.94e-05        0.46
  16      -849.936499914     -9.70e-10      5.68e-06        0.46

 SCF converged in 16 iterations.

 Dipole moment (in Debye):              -0.000003      -0.000003      -2.840882

 Quadrupole moment (in Debye-Angstrom):
                  1            2            3
 1       -18.737728     0.779800     0.000004
 2         0.779800   -18.614606     0.000005
 3         0.000004     0.000005   -23.138761

 Spin-squared expectation <S^2>:         3.761
 Total spin quantum number S:            1.503
 TOTAL ENERGY:                        -849.936499914

 --------------------------------------------------------------------------------

 End time:                               Wed Jun  2 11:57:00 2021
 Total wall-clock time:                 12.287 seconds
==================================================================================
