
================================================================================
          _____________ ________ _______________ ________     _________         
         / ___________// ______ \\_____   _____// ______ \   / ________)        
        / /_________  / /      \ \     | |     / /      \ \ | (_______          
       |  __________|| |        | |    | |    | |        | | \________ \        
        \ \_________ | |        | |    | |     \ \______/ /___________) |       
         \__________||_|        |_|    |_|      \________//____________/        
                                                                                
====================================[ Qcore ]===================================

 Git hash:   15a3e7daff0cda5fa9af010ccd19a80288182ecf
 Git date:   Fri, 16 Apr 2021 15:57:16 +0100
 Compiler:   GNU 9.1.0
 Build type: Release
 Version:    1.1.0

 Start time: Wed Jun  2 11:57:00 2021

 Data directory: /work/zw18965/.local/qcore/share/entos/1.1.0/data
 Number of threads: 24
 Number of threads was determined by: command line argument
  - More threads can be used by running 'qcore -n 32'

 --------------------------------------------------------------------------------
                                   command: dft                                  
 --------------------------------------------------------------------------------
 AO basis set:                           aug-cc-pvtz
 Number of AO basis functions:         139

 Formula:                                FTi
 Nuclear charge:                        31.000000000
 Total charge:                           0.000000000
 Number of electrons:                   31.000000000

 Number of alpha electrons:             17
 Number of beta electrons:              14
 Number of unpaired electrons:           3
 Spin:                                   3
 Multiplicity:                           quartet

 Theory:                                 dft
 Exchange-correlation functional:        0.5 b88 + 0.75 lyp
 Method for Coulomb:                     incore_df
 Method for exact exchange:              pre_transformed_df
 Integral threshold:                     1.00e-12
 DF basis set:                           def2-tzvp-jkfit(spdfghi)
 Number of DF basis functions:         341
 Schwarz screening threshold:            1.00e-10
 Coulomb fitting method:                 Cholesky

 ------------------
  UW12 Correlation 
 ------------------
 Factor for UW12 correlation:            1.000000000
 Opposite spin scale factor:             0.250000000
 Same spin scale factor:                 0.500000000
 Calculate indirect contribution:        true
 Method for three electron term:         df_ri
 Auxiliary RI basis set:                 Def2-TZVP-RI
 Number of RI basis functions:         258
 Gaussians in geminal expansion:        10
 UW12 screening threshold:               1.00e-12
 Method for density-fitting:             w(r)
 Number of core spatial orbitals:        6

 Total number of grid points:        14604
 Method for AO orthogonalization:        symmetric
 Threshold for linear dependence:        1.00e-08
 D3BJ dispersion energy:                -0.000488192

 -------------------------------------
  Running unrestricted open-shell SCF 
 -------------------------------------
 Max number of iterations:             128
 Conv. threshold (gradient):             1.00e-05
 Conv. threshold (energy):               1.00e-06
 Interpolation scheme:                   adiis+cdiis
 Initial guess:                          H0

 ---------------------------------------------------------------
                  energy        change          grad        time
 ---------------------------------------------------------------
   0      -889.124143600                    6.65e+00        4.94
   1      -881.673047513      7.45e+00      7.70e+00        1.34
   2      -889.741034530     -8.07e+00      6.46e+00        1.40
   3      -946.966860646     -5.72e+01      3.07e+00        1.33
   4      -930.338740319      1.66e+01      5.73e+00        1.27
   5      -949.176427215     -1.88e+01      8.63e-01        1.32
   6      -949.157016733      1.94e-02      9.16e-01        1.36
   7      -949.319304229     -1.62e-01      1.91e-01        1.36
   8      -949.314164870      5.14e-03      2.43e-01        1.33
   9      -949.324940374     -1.08e-02      2.92e-02        1.36
  10      -949.324916629      2.37e-05      3.44e-02        1.31
  11      -949.325128145     -2.12e-04      2.03e-03        1.37
  12      -949.325133204     -5.06e-06      1.03e-03        1.27
  13      -949.325134372     -1.17e-06      2.97e-04        1.30
  14      -949.325134494     -1.22e-07      8.99e-05        1.30
  15      -949.325134507     -1.25e-08      3.51e-05        1.32
  16      -949.325134510     -3.20e-09      3.07e-05        1.34
  17      -949.325134512     -1.83e-09      2.70e-05        1.36
  18      -949.325134513     -1.78e-09      2.36e-05        1.31
  19      -949.325134514     -8.00e-10      2.27e-05        1.29
  20      -949.325134515     -5.91e-10      2.21e-05        1.24
  21      -949.325134515     -4.42e-10      7.35e-06        1.34

 SCF converged in 21 iterations.

 Dipole moment (in Debye):               0.000001       0.000001      -2.625889

 Quadrupole moment (in Debye-Angstrom):
                  1            2            3
 1       -21.493946    -0.000001    -0.000003
 2        -0.000001   -21.494118    -0.000002
 3        -0.000003    -0.000002   -26.968355

 Spin-squared expectation <S^2>:         3.752
 Total spin quantum number S:            1.501
 TOTAL ENERGY:                        -949.325134515

 --------------------------------------------------------------------------------

 End time:                               Wed Jun  2 11:57:36 2021
 Total wall-clock time:                 35.524 seconds
==================================================================================
