
================================================================================
          _____________ ________ _______________ ________     _________         
         / ___________// ______ \\_____   _____// ______ \   / ________)        
        / /_________  / /      \ \     | |     / /      \ \ | (_______          
       |  __________|| |        | |    | |    | |        | | \________ \        
        \ \_________ | |        | |    | |     \ \______/ /___________) |       
         \__________||_|        |_|    |_|      \________//____________/        
                                                                                
====================================[ Qcore ]===================================

 Git hash:   15a3e7daff0cda5fa9af010ccd19a80288182ecf
 Git date:   Fri, 16 Apr 2021 15:57:16 +0100
 Compiler:   GNU 9.1.0
 Build type: Release
 Version:    1.1.0

 Start time: Wed Jun  2 12:04:09 2021

 Data directory: /work/zw18965/.local/qcore/share/entos/1.1.0/data
 Number of threads: 24
 Number of threads was determined by: command line argument
  - More threads can be used by running 'qcore -n 32'

 --------------------------------------------------------------------------------
                                   command: dft                                  
 --------------------------------------------------------------------------------
 AO basis set:                           aug-cc-pvtz
 Number of AO basis functions:         143

 Formula:                                STi
 Nuclear charge:                        38.000000000
 Total charge:                           0.000000000
 Number of electrons:                   38.000000000

 Number of alpha electrons:             20
 Number of beta electrons:              18
 Number of unpaired electrons:           2
 Spin:                                   2
 Multiplicity:                           triplet

 Theory:                                 dft
 Exchange-correlation functional:        0.5 b88 + 0.75 lyp
 Method for Coulomb:                     incore_df
 Method for exact exchange:              pre_transformed_df
 Integral threshold:                     1.00e-12
 DF basis set:                           def2-tzvp-jkfit(spdfghi)
 Number of DF basis functions:         392
 Schwarz screening threshold:            1.00e-10
 Coulomb fitting method:                 Cholesky

 ------------------
  UW12 Correlation 
 ------------------
 Factor for UW12 correlation:            1.000000000
 Opposite spin scale factor:             0.250000000
 Same spin scale factor:                 0.500000000
 Calculate indirect contribution:        true
 Method for three electron term:         df_ri
 Auxiliary RI basis set:                 Def2-TZVP-RI
 Number of RI basis functions:         295
 Gaussians in geminal expansion:        10
 UW12 screening threshold:               1.00e-12
 Method for density-fitting:             w(r)
 Number of core spatial orbitals:       10

 Total number of grid points:        15142
 Method for AO orthogonalization:        symmetric
 Threshold for linear dependence:        1.00e-08
 D3BJ dispersion energy:                -0.001949523

 -------------------------------------
  Running unrestricted open-shell SCF 
 -------------------------------------
 Max number of iterations:             128
 Conv. threshold (gradient):             1.00e-05
 Conv. threshold (energy):               1.00e-06
 Interpolation scheme:                   adiis+cdiis
 Initial guess:                          H0

 ---------------------------------------------------------------
                  energy        change          grad        time
 ---------------------------------------------------------------
   0     -1187.946968408                    6.69e+00        6.05
   1     -1181.150076102      6.80e+00      5.97e+00        2.06
   2     -1087.963307978      9.32e+01      1.08e+01        2.00
   3     -1228.811403532     -1.41e+02      7.01e+00        2.00
   4     -1244.098547960     -1.53e+01      3.31e+00        1.95
   5     -1246.421535185     -2.32e+00      1.82e+00        1.93
   6     -1247.089989314     -6.68e-01      9.55e-01        2.02
   7     -1247.518876602     -4.29e-01      2.53e-01        1.89
   8     -1247.459498279      5.94e-02      5.64e-01        1.89
   9     -1247.551226308     -9.17e-02      1.02e-01        1.97
  10     -1247.544329700      6.90e-03      1.55e-01        1.97
  11     -1247.554488620     -1.02e-02      3.12e-02        1.98
  12     -1247.555062474     -5.74e-04      2.64e-02        1.97
  13     -1247.555583605     -5.21e-04      6.29e-03        1.86
  14     -1247.555657247     -7.36e-05      3.04e-03        1.90
  15     -1247.555669090     -1.18e-05      8.77e-04        1.99
  16     -1247.555669859     -7.69e-07      4.71e-04        1.90
  17     -1247.555670225     -3.66e-07      1.93e-04        1.94
  18     -1247.555670384     -1.59e-07      5.68e-05        1.85
  19     -1247.555670401     -1.78e-08      1.87e-05        1.85
  20     -1247.555670403     -1.71e-09      5.02e-06        1.87

 SCF converged in 20 iterations.

 Dipole moment (in Debye):              -0.000000      -0.000000      -5.537512

 Quadrupole moment (in Debye-Angstrom):
                  1            2            3
 1       -30.677350     0.000027     0.000001
 2         0.000027   -30.677349     0.000001
 3         0.000001     0.000001   -26.954883

 Spin-squared expectation <S^2>:         2.067
 Total spin quantum number S:            1.022
 TOTAL ENERGY:                       -1247.555670403

 --------------------------------------------------------------------------------

 End time:                               Wed Jun  2 12:04:57 2021
 Total wall-clock time:                 48.305 seconds
==================================================================================
