
================================================================================
          _____________ ________ _______________ ________     _________         
         / ___________// ______ \\_____   _____// ______ \   / ________)        
        / /_________  / /      \ \     | |     / /      \ \ | (_______          
       |  __________|| |        | |    | |    | |        | | \________ \        
        \ \_________ | |        | |    | |     \ \______/ /___________) |       
         \__________||_|        |_|    |_|      \________//____________/        
                                                                                
====================================[ Qcore ]===================================

 Git hash:   15a3e7daff0cda5fa9af010ccd19a80288182ecf
 Git date:   Fri, 16 Apr 2021 15:57:16 +0100
 Compiler:   GNU 9.1.0
 Build type: Release
 Version:    1.1.0

 Start time: Wed Jun  2 12:05:11 2021

 Data directory: /work/zw18965/.local/qcore/share/entos/1.1.0/data
 Number of threads: 24
 Number of threads was determined by: command line argument
  - More threads can be used by running 'qcore -n 32'

 --------------------------------------------------------------------------------
                                   command: dft                                  
 --------------------------------------------------------------------------------
 AO basis set:                           aug-cc-pvtz
 Number of AO basis functions:         139

 Formula:                                FV
 Nuclear charge:                        32.000000000
 Total charge:                           0.000000000
 Number of electrons:                   32.000000000

 Number of alpha electrons:             18
 Number of beta electrons:              14
 Number of unpaired electrons:           4
 Spin:                                   4
 Multiplicity:                           quintet

 Theory:                                 dft
 Exchange-correlation functional:        0.5 b88 + 0.75 lyp
 Method for Coulomb:                     incore_df
 Method for exact exchange:              pre_transformed_df
 Integral threshold:                     1.00e-12
 DF basis set:                           def2-tzvp-jkfit(spdfghi)
 Number of DF basis functions:         341
 Schwarz screening threshold:            1.00e-10
 Coulomb fitting method:                 Cholesky

 ------------------
  UW12 Correlation 
 ------------------
 Factor for UW12 correlation:            1.000000000
 Opposite spin scale factor:             0.250000000
 Same spin scale factor:                 0.500000000
 Calculate indirect contribution:        true
 Method for three electron term:         df_ri
 Auxiliary RI basis set:                 Def2-TZVP-RI
 Number of RI basis functions:         258
 Gaussians in geminal expansion:        10
 UW12 screening threshold:               1.00e-12
 Method for density-fitting:             w(r)
 Number of core spatial orbitals:        6

 Total number of grid points:        14664
 Method for AO orthogonalization:        symmetric
 Threshold for linear dependence:        1.00e-08
 D3BJ dispersion energy:                -0.000508721

 -------------------------------------
  Running unrestricted open-shell SCF 
 -------------------------------------
 Max number of iterations:             128
 Conv. threshold (gradient):             1.00e-05
 Conv. threshold (energy):               1.00e-06
 Interpolation scheme:                   adiis+cdiis
 Initial guess:                          H0

 ---------------------------------------------------------------
                  energy        change          grad        time
 ---------------------------------------------------------------
   0      -959.811003267                    1.72e+01        5.06
   1      -953.687893151      6.12e+00      8.95e+00        1.48
   2      -978.153905540     -2.45e+01      7.13e+00        1.43
   3     -1039.877261140     -6.17e+01      3.98e+00        1.36
   4     -1027.418385786      1.25e+01      5.81e+00        1.38
   5     -1043.544708894     -1.61e+01      1.08e+00        1.40
   6     -1042.503238499      1.04e+00      1.47e+00        1.37
   7     -1043.868833305     -1.37e+00      4.16e-01        1.39
   8     -1043.857132132      1.17e-02      4.99e-01        1.33
   9     -1043.920886704     -6.38e-02      7.87e-02        1.42
  10     -1043.922742377     -1.86e-03      4.20e-02        1.37
  11     -1043.923743370     -1.00e-03      2.54e-02        1.40
  12     -1043.924910414     -1.17e-03      9.27e-03        1.42
  13     -1043.925059652     -1.49e-04      2.99e-03        1.35
  14     -1043.925068850     -9.20e-06      2.74e-03        1.36
  15     -1043.925082309     -1.35e-05      2.40e-03        1.43
  16     -1043.925109676     -2.74e-05      1.65e-03        1.37
  17     -1043.925129246     -1.96e-05      6.96e-04        1.39
  18     -1043.925132762     -3.52e-06      2.65e-04        1.35
  19     -1043.925133357     -5.94e-07      5.77e-05        1.34
  20     -1043.925133358     -1.36e-09      4.41e-05        1.31
  21     -1043.925133359     -1.11e-09      1.95e-05        1.35
  22     -1043.925133359     -2.75e-10      3.56e-06        1.35

 SCF converged in 22 iterations.

 Dipole moment (in Debye):              -0.000000       0.000000      -3.782057

 Quadrupole moment (in Debye-Angstrom):
                  1            2            3
 1       -20.569554    -0.000000     0.000000
 2        -0.000000   -20.569579     0.000000
 3         0.000000     0.000000   -24.112655

 Spin-squared expectation <S^2>:         6.006
 Total spin quantum number S:            2.001
 TOTAL ENERGY:                       -1043.925133359

 --------------------------------------------------------------------------------

 End time:                               Wed Jun  2 12:05:49 2021
 Total wall-clock time:                 38.145 seconds
==================================================================================
