
================================================================================
          _____________ ________ _______________ ________     _________         
         / ___________// ______ \\_____   _____// ______ \   / ________)        
        / /_________  / /      \ \     | |     / /      \ \ | (_______          
       |  __________|| |        | |    | |    | |        | | \________ \        
        \ \_________ | |        | |    | |     \ \______/ /___________) |       
         \__________||_|        |_|    |_|      \________//____________/        
                                                                                
====================================[ Qcore ]===================================

 Git hash:   15a3e7daff0cda5fa9af010ccd19a80288182ecf
 Git date:   Fri, 16 Apr 2021 15:57:16 +0100
 Compiler:   GNU 9.1.0
 Build type: Release
 Version:    1.1.0

 Start time: Wed Jun  2 12:06:45 2021

 Data directory: /work/zw18965/.local/qcore/share/entos/1.1.0/data
 Number of threads: 24
 Number of threads was determined by: command line argument
  - More threads can be used by running 'qcore -n 32'

 --------------------------------------------------------------------------------
                                   command: dft                                  
 --------------------------------------------------------------------------------
 AO basis set:                           aug-cc-pvtz
 Number of AO basis functions:         152

 Formula:                                VBr
 Nuclear charge:                        58.000000000
 Total charge:                           0.000000000
 Number of electrons:                   58.000000000

 Number of alpha electrons:             31
 Number of beta electrons:              27
 Number of unpaired electrons:           4
 Spin:                                   4
 Multiplicity:                           quintet

 Theory:                                 dft
 Exchange-correlation functional:        0.5 b88 + 0.75 lyp
 Method for Coulomb:                     incore_df
 Method for exact exchange:              pre_transformed_df
 Integral threshold:                     1.00e-12
 DF basis set:                           def2-tzvp-jkfit(spdfghi)
 Number of DF basis functions:         530
 Schwarz screening threshold:            1.00e-10
 Coulomb fitting method:                 Cholesky

 ------------------
  UW12 Correlation 
 ------------------
 Factor for UW12 correlation:            1.000000000
 Opposite spin scale factor:             0.250000000
 Same spin scale factor:                 0.500000000
 Calculate indirect contribution:        true
 Method for three electron term:         df_ri
 Auxiliary RI basis set:                 Def2-TZVP-RI
 Number of RI basis functions:         341
 Gaussians in geminal expansion:        10
 UW12 screening threshold:               1.00e-12
 Method for density-fitting:             w(r)
 Number of core spatial orbitals:       14

 Total number of grid points:        16016
 Method for AO orthogonalization:        symmetric
 Threshold for linear dependence:        1.00e-08
 D3BJ dispersion energy:                -0.002123842

 -------------------------------------
  Running unrestricted open-shell SCF 
 -------------------------------------
 Max number of iterations:             128
 Conv. threshold (gradient):             1.00e-05
 Conv. threshold (energy):               1.00e-06
 Interpolation scheme:                   adiis+cdiis
 Initial guess:                          H0

 ---------------------------------------------------------------
                  energy        change          grad        time
 ---------------------------------------------------------------
   0     -3456.746861742                    9.27e+00       12.75
   1     -3445.069741176      1.17e+01      5.92e+00        7.07
   2     -3447.929821210     -2.86e+00      7.76e+00        7.25
   3     -3505.345313083     -5.74e+01      6.05e+00        6.94
   4     -3502.609290753      2.74e+00      3.21e+00        7.12
   5     -3518.009620178     -1.54e+01      1.06e+00        7.10
   6     -3518.104272838     -9.47e-02      8.66e-01        7.06
   7     -3518.376598089     -2.72e-01      4.27e-01        7.19
   8     -3518.316691154      5.99e-02      5.99e-01        6.92
   9     -3518.419418395     -1.03e-01      8.66e-02        7.29
  10     -3518.417667636      1.75e-03      1.45e-01        7.34
  11     -3518.422762672     -5.10e-03      1.58e-02        7.03
  12     -3518.423076162     -3.13e-04      1.03e-02        6.95
  13     -3518.423320534     -2.44e-04      5.91e-03        6.98
  14     -3518.423406717     -8.62e-05      4.81e-03        6.92
  15     -3518.423458106     -5.14e-05      4.27e-03        6.97
  16     -3518.423524517     -6.64e-05      3.50e-03        6.90
  17     -3518.423642554     -1.18e-04      4.11e-03        6.92
  18     -3518.423644081     -1.53e-06      3.11e-03        6.86
  19     -3518.423657753     -1.37e-05      2.17e-03        6.93
  20     -3518.423660060     -2.31e-06      4.62e-04        7.16
  21     -3518.423660105     -4.51e-08      1.13e-04        6.92
  22     -3518.423660146     -4.12e-08      2.73e-05        6.76
  23     -3518.423660137      9.36e-09      1.49e-05        6.82
  24     -3518.423660138     -1.34e-09      5.07e-06        7.13

 SCF converged in 24 iterations.

 Dipole moment (in Debye):              -0.000000      -0.000000      -5.207009

 Quadrupole moment (in Debye-Angstrom):
                  1            2            3
 1       -34.692822     0.000003     0.000000
 2         0.000003   -34.692837     0.000000
 3         0.000000     0.000000   -27.927206

 Spin-squared expectation <S^2>:         6.012
 Total spin quantum number S:            2.002
 TOTAL ENERGY:                       -3518.423660138

 --------------------------------------------------------------------------------

 End time:                               Wed Jun  2 12:09:55 2021
 Total wall-clock time:                190.249 seconds
==================================================================================
