
================================================================================
          _____________ ________ _______________ ________     _________         
         / ___________// ______ \\_____   _____// ______ \   / ________)        
        / /_________  / /      \ \     | |     / /      \ \ | (_______          
       |  __________|| |        | |    | |    | |        | | \________ \        
        \ \_________ | |        | |    | |     \ \______/ /___________) |       
         \__________||_|        |_|    |_|      \________//____________/        
                                                                                
====================================[ Qcore ]===================================

 Git hash:   15a3e7daff0cda5fa9af010ccd19a80288182ecf
 Git date:   Fri, 16 Apr 2021 15:57:16 +0100
 Compiler:   GNU 9.1.0
 Build type: Release
 Version:    1.1.0

 Start time: Wed Jun  2 12:13:43 2021

 Data directory: /work/zw18965/.local/qcore/share/entos/1.1.0/data
 Number of threads: 24
 Number of threads was determined by: command line argument
  - More threads can be used by running 'qcore -n 32'

 --------------------------------------------------------------------------------
                                   command: dft                                  
 --------------------------------------------------------------------------------
 AO basis set:                           aug-cc-pvtz
 Number of AO basis functions:         116

 Formula:                                HCr
 Nuclear charge:                        25.000000000
 Total charge:                           0.000000000
 Number of electrons:                   25.000000000

 Number of alpha electrons:             15
 Number of beta electrons:              10
 Number of unpaired electrons:           5
 Spin:                                   5
 Multiplicity:                           septet

 Theory:                                 dft
 Exchange-correlation functional:        0.5 b88 + 0.75 lyp
 Method for Coulomb:                     incore_df
 Method for exact exchange:              pre_transformed_df
 Integral threshold:                     1.00e-12
 DF basis set:                           def2-tzvp-jkfit(spdfghi)
 Number of DF basis functions:         282
 Schwarz screening threshold:            1.00e-10
 Coulomb fitting method:                 Cholesky

 ------------------
  UW12 Correlation 
 ------------------
 Factor for UW12 correlation:            1.000000000
 Opposite spin scale factor:             0.250000000
 Same spin scale factor:                 0.500000000
 Calculate indirect contribution:        true
 Method for three electron term:         df_ri
 Auxiliary RI basis set:                 Def2-TZVP-RI
 Number of RI basis functions:         197
 Gaussians in geminal expansion:        10
 UW12 screening threshold:               1.00e-12
 Method for density-fitting:             w(r)
 Number of core spatial orbitals:        5

 Total number of grid points:        13718
 Method for AO orthogonalization:        symmetric
 Threshold for linear dependence:        1.00e-08
 D3BJ dispersion energy:                -0.000441424

 -------------------------------------
  Running unrestricted open-shell SCF 
 -------------------------------------
 Max number of iterations:             128
 Conv. threshold (gradient):             1.00e-05
 Conv. threshold (energy):               1.00e-06
 Interpolation scheme:                   adiis+cdiis
 Initial guess:                          H0

 ---------------------------------------------------------------
                  energy        change          grad        time
 ---------------------------------------------------------------
   0      -996.381886234                    1.22e+01        3.16
   1      -977.349596921      1.90e+01      1.37e+01        0.57
   2     -1025.788379298     -4.84e+01      7.37e+00        0.58
   3     -1042.192785560     -1.64e+01      2.93e+00        0.56
   4     -1041.480385175      7.12e-01      2.69e+00        0.54
   5     -1045.078353716     -3.60e+00      2.38e-01        0.57
   6     -1045.074891521      3.46e-03      2.81e-01        0.57
   7     -1045.092722472     -1.78e-02      7.16e-02        0.57
   8     -1045.091515611      1.21e-03      9.46e-02        0.54
   9     -1045.094257497     -2.74e-03      9.52e-03        0.56
  10     -1045.094336385     -7.89e-05      3.80e-03        0.54
  11     -1045.094357242     -2.09e-05      1.63e-03        0.57
  12     -1045.094360545     -3.30e-06      5.15e-04        0.56
  13     -1045.094360965     -4.20e-07      8.97e-05        0.56
  14     -1045.094360979     -1.38e-08      7.76e-06        0.55

 SCF converged in 14 iterations.

 Dipole moment (in Debye):               0.000000       0.000000      -3.306506

 Quadrupole moment (in Debye-Angstrom):
                  1            2            3
 1       -16.564664     0.000000     0.000000
 2         0.000000   -16.564664     0.000000
 3         0.000000     0.000000   -18.868217

 Spin-squared expectation <S^2>:         8.802
 Total spin quantum number S:            2.509
 TOTAL ENERGY:                       -1045.094360980

 --------------------------------------------------------------------------------

 End time:                               Wed Jun  2 12:13:56 2021
 Total wall-clock time:                 12.742 seconds
==================================================================================
