
================================================================================
          _____________ ________ _______________ ________     _________         
         / ___________// ______ \\_____   _____// ______ \   / ________)        
        / /_________  / /      \ \     | |     / /      \ \ | (_______          
       |  __________|| |        | |    | |    | |        | | \________ \        
        \ \_________ | |        | |    | |     \ \______/ /___________) |       
         \__________||_|        |_|    |_|      \________//____________/        
                                                                                
====================================[ Qcore ]===================================

 Git hash:   15a3e7daff0cda5fa9af010ccd19a80288182ecf
 Git date:   Fri, 16 Apr 2021 15:57:16 +0100
 Compiler:   GNU 9.1.0
 Build type: Release
 Version:    1.1.0

 Start time: Wed Jun  2 12:14:31 2021

 Data directory: /work/zw18965/.local/qcore/share/entos/1.1.0/data
 Number of threads: 24
 Number of threads was determined by: command line argument
  - More threads can be used by running 'qcore -n 32'

 --------------------------------------------------------------------------------
                                   command: dft                                  
 --------------------------------------------------------------------------------
 AO basis set:                           aug-cc-pvtz
 Number of AO basis functions:         143

 Formula:                                ClCr
 Nuclear charge:                        41.000000000
 Total charge:                           0.000000000
 Number of electrons:                   41.000000000

 Number of alpha electrons:             23
 Number of beta electrons:              18
 Number of unpaired electrons:           5
 Spin:                                   5
 Multiplicity:                           septet

 Theory:                                 dft
 Exchange-correlation functional:        0.5 b88 + 0.75 lyp
 Method for Coulomb:                     incore_df
 Method for exact exchange:              pre_transformed_df
 Integral threshold:                     1.00e-12
 DF basis set:                           def2-tzvp-jkfit(spdfghi)
 Number of DF basis functions:         392
 Schwarz screening threshold:            1.00e-10
 Coulomb fitting method:                 Cholesky

 ------------------
  UW12 Correlation 
 ------------------
 Factor for UW12 correlation:            1.000000000
 Opposite spin scale factor:             0.250000000
 Same spin scale factor:                 0.500000000
 Calculate indirect contribution:        true
 Method for three electron term:         df_ri
 Auxiliary RI basis set:                 Def2-TZVP-RI
 Number of RI basis functions:         295
 Gaussians in geminal expansion:        10
 UW12 screening threshold:               1.00e-12
 Method for density-fitting:             w(r)
 Number of core spatial orbitals:       10

 Total number of grid points:        15322
 Method for AO orthogonalization:        symmetric
 Threshold for linear dependence:        1.00e-08
 D3BJ dispersion energy:                -0.001567853

 -------------------------------------
  Running unrestricted open-shell SCF 
 -------------------------------------
 Max number of iterations:             128
 Conv. threshold (gradient):             1.00e-05
 Conv. threshold (energy):               1.00e-06
 Interpolation scheme:                   adiis+cdiis
 Initial guess:                          H0

 ---------------------------------------------------------------
                  energy        change          grad        time
 ---------------------------------------------------------------
   0     -1403.394099847                    1.30e+01        6.22
   1     -1402.604291576      7.90e-01      7.50e+00        2.37
   2     -1294.487243749      1.08e+02      1.40e+01        2.38
   3     -1482.458804476     -1.88e+02      5.68e+00        2.39
   4     -1496.403385992     -1.39e+01      3.85e+00        2.43
   5     -1504.070160087     -7.67e+00      1.15e+00        2.36
   6     -1503.798045438      2.72e-01      1.65e+00        2.31
   7     -1504.722891759     -9.25e-01      1.12e-01        2.42
   8     -1504.724272081     -1.38e-03      1.41e-01        2.36
   9     -1504.728039736     -3.77e-03      7.78e-02        2.29
  10     -1504.729282616     -1.24e-03      4.43e-02        2.38
  11     -1504.729880945     -5.98e-04      6.42e-03        2.35
  12     -1504.729901840     -2.09e-05      2.71e-03        2.31
  13     -1504.729911273     -9.43e-06      1.43e-03        2.28
  14     -1504.729913791     -2.52e-06      5.31e-04        2.33
  15     -1504.729914135     -3.44e-07      1.55e-04        2.27
  16     -1504.729914158     -2.30e-08      3.35e-05        2.31
  17     -1504.729914160     -1.82e-09      8.21e-06        2.25

 SCF converged in 17 iterations.

 Dipole moment (in Debye):               0.000000       0.000000      -5.634193

 Quadrupole moment (in Debye-Angstrom):
                  1            2            3
 1       -27.691256     0.000001    -0.000000
 2         0.000001   -27.691314    -0.000000
 3        -0.000000    -0.000000   -24.988590

 Spin-squared expectation <S^2>:         8.766
 Total spin quantum number S:            2.503
 TOTAL ENERGY:                       -1504.729914160

 --------------------------------------------------------------------------------

 End time:                               Wed Jun  2 12:15:21 2021
 Total wall-clock time:                 49.759 seconds
==================================================================================
