
================================================================================
          _____________ ________ _______________ ________     _________         
         / ___________// ______ \\_____   _____// ______ \   / ________)        
        / /_________  / /      \ \     | |     / /      \ \ | (_______          
       |  __________|| |        | |    | |    | |        | | \________ \        
        \ \_________ | |        | |    | |     \ \______/ /___________) |       
         \__________||_|        |_|    |_|      \________//____________/        
                                                                                
====================================[ Qcore ]===================================

 Git hash:   15a3e7daff0cda5fa9af010ccd19a80288182ecf
 Git date:   Fri, 16 Apr 2021 15:57:16 +0100
 Compiler:   GNU 9.1.0
 Build type: Release
 Version:    1.1.0

 Start time: Wed Jun  2 12:15:21 2021

 Data directory: /work/zw18965/.local/qcore/share/entos/1.1.0/data
 Number of threads: 24
 Number of threads was determined by: command line argument
  - More threads can be used by running 'qcore -n 32'

 --------------------------------------------------------------------------------
                                   command: dft                                  
 --------------------------------------------------------------------------------
 AO basis set:                           aug-cc-pvtz
 Number of AO basis functions:         152

 Formula:                                CrBr
 Nuclear charge:                        59.000000000
 Total charge:                           0.000000000
 Number of electrons:                   59.000000000

 Number of alpha electrons:             32
 Number of beta electrons:              27
 Number of unpaired electrons:           5
 Spin:                                   5
 Multiplicity:                           septet

 Theory:                                 dft
 Exchange-correlation functional:        0.5 b88 + 0.75 lyp
 Method for Coulomb:                     incore_df
 Method for exact exchange:              pre_transformed_df
 Integral threshold:                     1.00e-12
 DF basis set:                           def2-tzvp-jkfit(spdfghi)
 Number of DF basis functions:         530
 Schwarz screening threshold:            1.00e-10
 Coulomb fitting method:                 Cholesky

 ------------------
  UW12 Correlation 
 ------------------
 Factor for UW12 correlation:            1.000000000
 Opposite spin scale factor:             0.250000000
 Same spin scale factor:                 0.500000000
 Calculate indirect contribution:        true
 Method for three electron term:         df_ri
 Auxiliary RI basis set:                 Def2-TZVP-RI
 Number of RI basis functions:         341
 Gaussians in geminal expansion:        10
 UW12 screening threshold:               1.00e-12
 Method for density-fitting:             w(r)
 Number of core spatial orbitals:       14

 Total number of grid points:        15992
 Method for AO orthogonalization:        symmetric
 Threshold for linear dependence:        1.00e-08
 D3BJ dispersion energy:                -0.001924795

 -------------------------------------
  Running unrestricted open-shell SCF 
 -------------------------------------
 Max number of iterations:             128
 Conv. threshold (gradient):             1.00e-05
 Conv. threshold (energy):               1.00e-06
 Interpolation scheme:                   adiis+cdiis
 Initial guess:                          H0

 ---------------------------------------------------------------
                  energy        change          grad        time
 ---------------------------------------------------------------
   0     -3546.685341699                    1.37e+01       12.41
   1     -3531.926300838      1.48e+01      6.47e+00        7.05
   2     -3543.183994202     -1.13e+01      1.11e+01        6.87
   3     -3602.293528060     -5.91e+01      6.37e+00        6.83
   4     -3603.109017783     -8.15e-01      3.46e+00        6.66
   5     -3618.460606327     -1.54e+01      1.08e+00        6.92
   6     -3618.123202616      3.37e-01      1.49e+00        6.70
   7     -3618.950326253     -8.27e-01      2.65e-01        6.94
   8     -3618.920277206      3.00e-02      4.43e-01        6.70
   9     -3618.983737769     -6.35e-02      4.64e-02        6.77
  10     -3618.984408944     -6.71e-04      3.17e-02        6.99
  11     -3618.985126847     -7.18e-04      1.24e-02        6.61
  12     -3618.985213424     -8.66e-05      4.33e-03        7.00
  13     -3618.985234594     -2.12e-05      2.19e-03        6.80
  14     -3618.985241069     -6.48e-06      8.60e-04        6.66
  15     -3618.985241426     -3.56e-07      3.07e-04        6.78
  16     -3618.985241913     -4.87e-07      4.03e-05        6.78
  17     -3618.985241842      7.10e-08      1.34e-05        6.77
  18     -3618.985241846     -3.56e-09      2.55e-06        6.60

 SCF converged in 18 iterations.

 Dipole moment (in Debye):              -0.000000      -0.000000      -5.813510

 Quadrupole moment (in Debye-Angstrom):
                  1            2            3
 1       -33.539336     0.000000     0.000000
 2         0.000000   -33.539341     0.000000
 3         0.000000     0.000000   -25.147654

 Spin-squared expectation <S^2>:         8.768
 Total spin quantum number S:            2.503
 TOTAL ENERGY:                       -3618.985241846

 --------------------------------------------------------------------------------

 End time:                               Wed Jun  2 12:17:44 2021
 Total wall-clock time:                143.493 seconds
==================================================================================
