
================================================================================
          _____________ ________ _______________ ________     _________         
         / ___________// ______ \\_____   _____// ______ \   / ________)        
        / /_________  / /      \ \     | |     / /      \ \ | (_______          
       |  __________|| |        | |    | |    | |        | | \________ \        
        \ \_________ | |        | |    | |     \ \______/ /___________) |       
         \__________||_|        |_|    |_|      \________//____________/        
                                                                                
====================================[ Qcore ]===================================

 Git hash:   15a3e7daff0cda5fa9af010ccd19a80288182ecf
 Git date:   Fri, 16 Apr 2021 15:57:16 +0100
 Compiler:   GNU 9.1.0
 Build type: Release
 Version:    1.1.0

 Start time: Wed Jun  2 12:17:44 2021

 Data directory: /work/zw18965/.local/qcore/share/entos/1.1.0/data
 Number of threads: 24
 Number of threads was determined by: command line argument
  - More threads can be used by running 'qcore -n 32'

 --------------------------------------------------------------------------------
                                   command: dft                                  
 --------------------------------------------------------------------------------
 AO basis set:                           aug-cc-pvtz
 Number of AO basis functions:         139

 Formula:                                OCr
 Nuclear charge:                        32.000000000
 Total charge:                           0.000000000
 Number of electrons:                   32.000000000

 Number of alpha electrons:             18
 Number of beta electrons:              14
 Number of unpaired electrons:           4
 Spin:                                   4
 Multiplicity:                           quintet

 Theory:                                 dft
 Exchange-correlation functional:        0.5 b88 + 0.75 lyp
 Method for Coulomb:                     incore_df
 Method for exact exchange:              pre_transformed_df
 Integral threshold:                     1.00e-12
 DF basis set:                           def2-tzvp-jkfit(spdfghi)
 Number of DF basis functions:         341
 Schwarz screening threshold:            1.00e-10
 Coulomb fitting method:                 Cholesky

 ------------------
  UW12 Correlation 
 ------------------
 Factor for UW12 correlation:            1.000000000
 Opposite spin scale factor:             0.250000000
 Same spin scale factor:                 0.500000000
 Calculate indirect contribution:        true
 Method for three electron term:         df_ri
 Auxiliary RI basis set:                 Def2-TZVP-RI
 Number of RI basis functions:         258
 Gaussians in geminal expansion:        10
 UW12 screening threshold:               1.00e-12
 Method for density-fitting:             w(r)
 Number of core spatial orbitals:        6

 Total number of grid points:        14772
 Method for AO orthogonalization:        symmetric
 Threshold for linear dependence:        1.00e-08
 D3BJ dispersion energy:                -0.000659129

 -------------------------------------
  Running unrestricted open-shell SCF 
 -------------------------------------
 Max number of iterations:             128
 Conv. threshold (gradient):             1.00e-05
 Conv. threshold (energy):               1.00e-06
 Interpolation scheme:                   adiis+cdiis
 Initial guess:                          H0

 ---------------------------------------------------------------
                  energy        change          grad        time
 ---------------------------------------------------------------
   0     -1020.940530229                    1.60e+01        5.19
   1     -1021.735322399     -7.95e-01      9.23e+00        1.60
   2     -1060.915454403     -3.92e+01      1.01e+01        1.51
   3     -1115.329340983     -5.44e+01      4.35e+00        1.49
   4     -1103.638328052      1.17e+01      1.09e+01        1.45
   5     -1119.306309285     -1.57e+01      1.52e+00        1.44
   6     -1115.432999284      3.87e+00      3.06e+00        1.39
   7     -1119.565983562     -4.13e+00      1.04e+00        1.48
   8     -1119.734235634     -1.68e-01      4.50e-01        1.43
   9     -1119.693818224      4.04e-02      6.04e-01        1.51
  10     -1119.763903140     -7.01e-02      2.33e-01        1.44
  11     -1119.757158209      6.74e-03      2.80e-01        1.43
  12     -1119.773392179     -1.62e-02      9.93e-02        1.49
  13     -1119.762885516      1.05e-02      2.46e-01        1.46
  14     -1119.775566261     -1.27e-02      9.70e-03        1.43
  15     -1119.775654736     -8.85e-05      2.57e-03        1.39
  16     -1119.775664412     -9.68e-06      1.05e-03        1.45
  17     -1119.775666442     -2.03e-06      2.52e-04        1.45
  18     -1119.775666514     -7.16e-08      5.31e-05        1.46
  19     -1119.775666514     -5.69e-10      1.44e-05        1.40
  20     -1119.775666514      3.79e-10      1.00e-05        1.46
  21     -1119.775666514     -2.58e-10      2.62e-06        1.45

 SCF converged in 21 iterations.

 Dipole moment (in Debye):              -0.000000       0.000000      -4.117309

 Quadrupole moment (in Debye-Angstrom):
                  1            2            3
 1       -21.018833    -0.603872     0.000000
 2        -0.603872   -20.061965    -0.000000
 3         0.000000    -0.000000   -22.154994

 Spin-squared expectation <S^2>:         6.159
 Total spin quantum number S:            2.032
 TOTAL ENERGY:                       -1119.775666514

 --------------------------------------------------------------------------------

 End time:                               Wed Jun  2 12:18:23 2021
 Total wall-clock time:                 38.658 seconds
==================================================================================
