
================================================================================
          _____________ ________ _______________ ________     _________         
         / ___________// ______ \\_____   _____// ______ \   / ________)        
        / /_________  / /      \ \     | |     / /      \ \ | (_______          
       |  __________|| |        | |    | |    | |        | | \________ \        
        \ \_________ | |        | |    | |     \ \______/ /___________) |       
         \__________||_|        |_|    |_|      \________//____________/        
                                                                                
====================================[ Qcore ]===================================

 Git hash:   15a3e7daff0cda5fa9af010ccd19a80288182ecf
 Git date:   Fri, 16 Apr 2021 15:57:16 +0100
 Compiler:   GNU 9.1.0
 Build type: Release
 Version:    1.1.0

 Start time: Wed Jun  2 12:20:20 2021

 Data directory: /work/zw18965/.local/qcore/share/entos/1.1.0/data
 Number of threads: 24
 Number of threads was determined by: command line argument
  - More threads can be used by running 'qcore -n 32'

 --------------------------------------------------------------------------------
                                   command: dft                                  
 --------------------------------------------------------------------------------
 AO basis set:                           aug-cc-pvtz
 Number of AO basis functions:         143

 Formula:                                ClMn
 Nuclear charge:                        42.000000000
 Total charge:                           0.000000000
 Number of electrons:                   42.000000000

 Number of alpha electrons:             24
 Number of beta electrons:              18
 Number of unpaired electrons:           6
 Spin:                                   6
 Multiplicity:                           octet

 Theory:                                 dft
 Exchange-correlation functional:        0.5 b88 + 0.75 lyp
 Method for Coulomb:                     incore_df
 Method for exact exchange:              pre_transformed_df
 Integral threshold:                     1.00e-12
 DF basis set:                           def2-tzvp-jkfit(spdfghi)
 Number of DF basis functions:         392
 Schwarz screening threshold:            1.00e-10
 Coulomb fitting method:                 Cholesky

 ------------------
  UW12 Correlation 
 ------------------
 Factor for UW12 correlation:            1.000000000
 Opposite spin scale factor:             0.250000000
 Same spin scale factor:                 0.500000000
 Calculate indirect contribution:        true
 Method for three electron term:         df_ri
 Auxiliary RI basis set:                 Def2-TZVP-RI
 Number of RI basis functions:         295
 Gaussians in geminal expansion:        10
 UW12 screening threshold:               1.00e-12
 Method for density-fitting:             w(r)
 Number of core spatial orbitals:       10

 Total number of grid points:        15430
 Method for AO orthogonalization:        symmetric
 Threshold for linear dependence:        1.00e-08
 D3BJ dispersion energy:                -0.001392277

 -------------------------------------
  Running unrestricted open-shell SCF 
 -------------------------------------
 Max number of iterations:             128
 Conv. threshold (gradient):             1.00e-05
 Conv. threshold (energy):               1.00e-06
 Interpolation scheme:                   adiis+cdiis
 Initial guess:                          H0

 ---------------------------------------------------------------
                  energy        change          grad        time
 ---------------------------------------------------------------
   0     -1476.049550252                    1.58e+01        6.69
   1     -1473.376632335      2.67e+00      8.73e+00        2.73
   2     -1323.212540400      1.50e+02      1.70e+01        2.56
   3     -1587.689497324     -2.64e+02      6.41e+00        2.55
   4     -1596.699544675     -9.01e+00      5.27e+00        2.57
   5     -1610.758374337     -1.41e+01      1.01e+00        2.44
   6     -1610.564669975      1.94e-01      1.08e+00        2.57
   7     -1611.295085794     -7.30e-01      1.25e-01        2.56
   8     -1611.295223989     -1.38e-04      1.38e-01        2.58
   9     -1611.304777103     -9.55e-03      3.99e-02        2.57
  10     -1611.304493954      2.83e-04      4.75e-02        2.67
  11     -1611.305365499     -8.72e-04      2.53e-03        2.63
  12     -1611.305370603     -5.10e-06      9.34e-04        2.57
  13     -1611.305371103     -5.00e-07      1.47e-04        2.54
  14     -1611.305371133     -3.03e-08      5.00e-05        2.57
  15     -1611.305371133      4.75e-10      6.73e-06        2.61

 SCF converged in 15 iterations.

 Dipole moment (in Debye):              -0.000000      -0.000000      -2.988069

 Quadrupole moment (in Debye-Angstrom):
                  1            2            3
 1       -27.955009     0.000000     0.000000
 2         0.000000   -27.955009     0.000000
 3         0.000000     0.000000   -33.206397

 Spin-squared expectation <S^2>:        12.004
 Total spin quantum number S:            3.001
 TOTAL ENERGY:                       -1611.305371133

 --------------------------------------------------------------------------------

 End time:                               Wed Jun  2 12:21:09 2021
 Total wall-clock time:                 49.443 seconds
==================================================================================
