
================================================================================
          _____________ ________ _______________ ________     _________         
         / ___________// ______ \\_____   _____// ______ \   / ________)        
        / /_________  / /      \ \     | |     / /      \ \ | (_______          
       |  __________|| |        | |    | |    | |        | | \________ \        
        \ \_________ | |        | |    | |     \ \______/ /___________) |       
         \__________||_|        |_|    |_|      \________//____________/        
                                                                                
====================================[ Qcore ]===================================

 Git hash:   15a3e7daff0cda5fa9af010ccd19a80288182ecf
 Git date:   Fri, 16 Apr 2021 15:57:16 +0100
 Compiler:   GNU 9.1.0
 Build type: Release
 Version:    1.1.0

 Start time: Wed Jun  2 12:24:09 2021

 Data directory: /work/zw18965/.local/qcore/share/entos/1.1.0/data
 Number of threads: 24
 Number of threads was determined by: command line argument
  - More threads can be used by running 'qcore -n 32'

 --------------------------------------------------------------------------------
                                   command: dft                                  
 --------------------------------------------------------------------------------
 AO basis set:                           aug-cc-pvtz
 Number of AO basis functions:         143

 Formula:                                SMn
 Nuclear charge:                        41.000000000
 Total charge:                           0.000000000
 Number of electrons:                   41.000000000

 Number of alpha electrons:             23
 Number of beta electrons:              18
 Number of unpaired electrons:           5
 Spin:                                   5
 Multiplicity:                           septet

 Theory:                                 dft
 Exchange-correlation functional:        0.5 b88 + 0.75 lyp
 Method for Coulomb:                     incore_df
 Method for exact exchange:              pre_transformed_df
 Integral threshold:                     1.00e-12
 DF basis set:                           def2-tzvp-jkfit(spdfghi)
 Number of DF basis functions:         392
 Schwarz screening threshold:            1.00e-10
 Coulomb fitting method:                 Cholesky

 ------------------
  UW12 Correlation 
 ------------------
 Factor for UW12 correlation:            1.000000000
 Opposite spin scale factor:             0.250000000
 Same spin scale factor:                 0.500000000
 Calculate indirect contribution:        true
 Method for three electron term:         df_ri
 Auxiliary RI basis set:                 Def2-TZVP-RI
 Number of RI basis functions:         295
 Gaussians in geminal expansion:        10
 UW12 screening threshold:               1.00e-12
 Method for density-fitting:             w(r)
 Number of core spatial orbitals:       10

 Total number of grid points:        15286
 Method for AO orthogonalization:        symmetric
 Threshold for linear dependence:        1.00e-08
 D3BJ dispersion energy:                -0.001625751

 -------------------------------------
  Running unrestricted open-shell SCF 
 -------------------------------------
 Max number of iterations:             128
 Conv. threshold (gradient):             1.00e-05
 Conv. threshold (energy):               1.00e-06
 Interpolation scheme:                   adiis+cdiis
 Initial guess:                          H0

 ---------------------------------------------------------------
                  energy        change          grad        time
 ---------------------------------------------------------------
   0     -1433.245843251                    1.93e+01        6.52
   1     -1426.769403071      6.48e+00      8.58e+00        2.61
   2     -1300.492056319      1.26e+02      1.50e+01        2.55
   3     -1530.217029285     -2.30e+02      6.79e+00        2.46
   4     -1535.558212299     -5.34e+00      5.51e+00        2.45
   5     -1548.799779282     -1.32e+01      7.80e-01        2.44
   6     -1547.894298588      9.05e-01      1.63e+00        2.48
   7     -1549.211548584     -1.32e+00      2.62e-01        2.41
   8     -1549.126070355      8.55e-02      5.69e-01        2.47
   9     -1549.238852723     -1.13e-01      1.10e-01        2.47
  10     -1549.237474884      1.38e-03      1.23e-01        2.54
  11     -1549.244389537     -6.91e-03      4.19e-02        2.47
  12     -1549.241898152      2.49e-03      9.63e-02        2.45
  13     -1549.245115599     -3.22e-03      5.67e-03        2.39
  14     -1549.245177995     -6.24e-05      2.32e-03        2.41
  15     -1549.245183568     -5.57e-06      5.35e-04        2.41
  16     -1549.245183935     -3.68e-07      2.97e-04        2.50
  17     -1549.245184030     -9.47e-08      9.56e-05        2.41
  18     -1549.245184049     -1.86e-08      3.99e-05        2.42
  19     -1549.245184054     -5.67e-09      4.12e-06        2.38

 SCF converged in 19 iterations.

 Dipole moment (in Debye):               0.000000       0.000000      -5.978245

 Quadrupole moment (in Debye-Angstrom):
                  1            2            3
 1       -28.961820     0.000000     0.000000
 2         0.000000   -28.961820     0.000000
 3         0.000000     0.000000   -25.691950

 Spin-squared expectation <S^2>:         8.822
 Total spin quantum number S:            2.512
 TOTAL ENERGY:                       -1549.245184054

 --------------------------------------------------------------------------------

 End time:                               Wed Jun  2 12:25:06 2021
 Total wall-clock time:                 57.150 seconds
==================================================================================
