
================================================================================
          _____________ ________ _______________ ________     _________         
         / ___________// ______ \\_____   _____// ______ \   / ________)        
        / /_________  / /      \ \     | |     / /      \ \ | (_______          
       |  __________|| |        | |    | |    | |        | | \________ \        
        \ \_________ | |        | |    | |     \ \______/ /___________) |       
         \__________||_|        |_|    |_|      \________//____________/        
                                                                                
====================================[ Qcore ]===================================

 Git hash:   15a3e7daff0cda5fa9af010ccd19a80288182ecf
 Git date:   Fri, 16 Apr 2021 15:57:16 +0100
 Compiler:   GNU 9.1.0
 Build type: Release
 Version:    1.1.0

 Start time: Wed Jun  2 12:25:06 2021

 Data directory: /work/zw18965/.local/qcore/share/entos/1.1.0/data
 Number of threads: 24
 Number of threads was determined by: command line argument
  - More threads can be used by running 'qcore -n 32'

 --------------------------------------------------------------------------------
                                   command: dft                                  
 --------------------------------------------------------------------------------
 AO basis set:                           aug-cc-pvtz
 Number of AO basis functions:         116

 Formula:                                HFe
 Nuclear charge:                        27.000000000
 Total charge:                           0.000000000
 Number of electrons:                   27.000000000

 Number of alpha electrons:             15
 Number of beta electrons:              12
 Number of unpaired electrons:           3
 Spin:                                   3
 Multiplicity:                           quartet

 Theory:                                 dft
 Exchange-correlation functional:        0.5 b88 + 0.75 lyp
 Method for Coulomb:                     incore_df
 Method for exact exchange:              pre_transformed_df
 Integral threshold:                     1.00e-12
 DF basis set:                           def2-tzvp-jkfit(spdfghi)
 Number of DF basis functions:         282
 Schwarz screening threshold:            1.00e-10
 Coulomb fitting method:                 Cholesky

 ------------------
  UW12 Correlation 
 ------------------
 Factor for UW12 correlation:            1.000000000
 Opposite spin scale factor:             0.250000000
 Same spin scale factor:                 0.500000000
 Calculate indirect contribution:        true
 Method for three electron term:         df_ri
 Auxiliary RI basis set:                 Def2-TZVP-RI
 Number of RI basis functions:         197
 Gaussians in geminal expansion:        10
 UW12 screening threshold:               1.00e-12
 Method for density-fitting:             w(r)
 Number of core spatial orbitals:        5

 Total number of grid points:        13826
 Method for AO orthogonalization:        symmetric
 Threshold for linear dependence:        1.00e-08
 D3BJ dispersion energy:                -0.000335944

 -------------------------------------
  Running unrestricted open-shell SCF 
 -------------------------------------
 Max number of iterations:             128
 Conv. threshold (gradient):             1.00e-05
 Conv. threshold (energy):               1.00e-06
 Interpolation scheme:                   adiis+cdiis
 Initial guess:                          H0

 ---------------------------------------------------------------
                  energy        change          grad        time
 ---------------------------------------------------------------
   0     -1196.851451231                    8.47e+00        3.25
   1     -1164.110546374      3.27e+01      9.38e+00        0.65
   2     -1235.320118948     -7.12e+01      6.81e+00        0.65
   3     -1259.703153016     -2.44e+01      3.68e+00        0.62
   4     -1259.367191140      3.36e-01      3.36e+00        0.63
   5     -1264.315583003     -4.95e+00      6.68e-01        0.65
   6     -1264.126144277      1.89e-01      1.03e+00        0.64
   7     -1264.387226687     -2.61e-01      2.64e-01        0.63
   8     -1264.385065044      2.16e-03      2.94e-01        0.63
   9     -1264.401835228     -1.68e-02      3.02e-02        0.62
  10     -1264.402149305     -3.14e-04      3.76e-02        0.63
  11     -1264.402542904     -3.94e-04      1.14e-02        0.65
  12     -1264.402821249     -2.78e-04      5.48e-03        0.62
  13     -1264.402894858     -7.36e-05      3.37e-03        0.62
  14     -1264.402927763     -3.29e-05      6.34e-04        0.61
  15     -1264.402928815     -1.05e-06      1.49e-04        0.59
  16     -1264.402928830     -1.43e-08      4.28e-05        0.60
  17     -1264.402928834     -3.83e-09      2.50e-05        0.64
  18     -1264.402928835     -1.16e-09      1.02e-05        0.59
  19     -1264.402928835     -4.93e-10      3.03e-06        0.60

 SCF converged in 19 iterations.

 Dipole moment (in Debye):               0.000005       0.000005      -2.715875

 Quadrupole moment (in Debye-Angstrom):
                  1            2            3
 1       -16.902194    -0.000010    -0.000023
 2        -0.000010   -16.902194    -0.000023
 3        -0.000023    -0.000023   -16.365278

 Spin-squared expectation <S^2>:         3.872
 Total spin quantum number S:            1.530
 TOTAL ENERGY:                       -1264.402928835

 --------------------------------------------------------------------------------

 End time:                               Wed Jun  2 12:25:23 2021
 Total wall-clock time:                 16.953 seconds
==================================================================================
