
================================================================================
          _____________ ________ _______________ ________     _________         
         / ___________// ______ \\_____   _____// ______ \   / ________)        
        / /_________  / /      \ \     | |     / /      \ \ | (_______          
       |  __________|| |        | |    | |    | |        | | \________ \        
        \ \_________ | |        | |    | |     \ \______/ /___________) |       
         \__________||_|        |_|    |_|      \________//____________/        
                                                                                
====================================[ Qcore ]===================================

 Git hash:   15a3e7daff0cda5fa9af010ccd19a80288182ecf
 Git date:   Fri, 16 Apr 2021 15:57:16 +0100
 Compiler:   GNU 9.1.0
 Build type: Release
 Version:    1.1.0

 Start time: Wed Jun  2 12:26:00 2021

 Data directory: /work/zw18965/.local/qcore/share/entos/1.1.0/data
 Number of threads: 24
 Number of threads was determined by: command line argument
  - More threads can be used by running 'qcore -n 32'

 --------------------------------------------------------------------------------
                                   command: dft                                  
 --------------------------------------------------------------------------------
 AO basis set:                           aug-cc-pvtz
 Number of AO basis functions:         143

 Formula:                                ClFe
 Nuclear charge:                        43.000000000
 Total charge:                           0.000000000
 Number of electrons:                   43.000000000

 Number of alpha electrons:             24
 Number of beta electrons:              19
 Number of unpaired electrons:           5
 Spin:                                   5
 Multiplicity:                           septet

 Theory:                                 dft
 Exchange-correlation functional:        0.5 b88 + 0.75 lyp
 Method for Coulomb:                     incore_df
 Method for exact exchange:              pre_transformed_df
 Integral threshold:                     1.00e-12
 DF basis set:                           def2-tzvp-jkfit(spdfghi)
 Number of DF basis functions:         392
 Schwarz screening threshold:            1.00e-10
 Coulomb fitting method:                 Cholesky

 ------------------
  UW12 Correlation 
 ------------------
 Factor for UW12 correlation:            1.000000000
 Opposite spin scale factor:             0.250000000
 Same spin scale factor:                 0.500000000
 Calculate indirect contribution:        true
 Method for three electron term:         df_ri
 Auxiliary RI basis set:                 Def2-TZVP-RI
 Number of RI basis functions:         295
 Gaussians in geminal expansion:        10
 UW12 screening threshold:               1.00e-12
 Method for density-fitting:             w(r)
 Number of core spatial orbitals:       10

 Total number of grid points:        15430
 Method for AO orthogonalization:        symmetric
 Threshold for linear dependence:        1.00e-08
 D3BJ dispersion energy:                -0.001290828

 -------------------------------------
  Running unrestricted open-shell SCF 
 -------------------------------------
 Max number of iterations:             128
 Conv. threshold (gradient):             1.00e-05
 Conv. threshold (energy):               1.00e-06
 Interpolation scheme:                   adiis+cdiis
 Initial guess:                          H0

 ---------------------------------------------------------------
                  energy        change          grad        time
 ---------------------------------------------------------------
   0     -1571.062404271                    1.62e+01        6.88
   1     -1564.446784290      6.62e+00      9.18e+00        2.92
   2     -1423.493712160      1.41e+02      1.78e+01        2.71
   3     -1699.045502214     -2.76e+02      7.41e+00        2.83
   4     -1703.663998836     -4.62e+00      6.26e+00        2.74
   5     -1723.252681007     -1.96e+01      1.34e+00        2.72
   6     -1721.264179736      1.99e+00      2.32e+00        2.71
   7     -1723.929255551     -2.67e+00      3.76e-01        2.79
   8     -1723.911878506      1.74e-02      5.94e-01        2.70
   9     -1724.006610518     -9.47e-02      1.09e-01        2.76
  10     -1724.001740331      4.87e-03      1.92e-01        2.74
  11     -1724.011378275     -9.64e-03      1.80e-02        2.80
  12     -1724.011373113      5.16e-06      1.85e-02        2.78
  13     -1724.011558056     -1.85e-04      1.30e-03        2.71
  14     -1724.011559695     -1.64e-06      6.56e-04        2.66
  15     -1724.011559892     -1.97e-07      1.54e-04        2.65
  16     -1724.011559908     -1.58e-08      4.48e-05        2.73
  17     -1724.011559909     -1.36e-09      8.11e-06        2.66

 SCF converged in 17 iterations.

 Dipole moment (in Debye):              -0.000000      -0.000000      -2.780474

 Quadrupole moment (in Debye-Angstrom):
                  1            2            3
 1       -27.530498     0.292941    -0.000000
 2         0.292941   -27.530548    -0.000000
 3        -0.000000    -0.000000   -32.549025

 Spin-squared expectation <S^2>:         8.756
 Total spin quantum number S:            2.501
 TOTAL ENERGY:                       -1724.011559911

 --------------------------------------------------------------------------------

 End time:                               Wed Jun  2 12:26:57 2021
 Total wall-clock time:                 57.775 seconds
==================================================================================
