
================================================================================
          _____________ ________ _______________ ________     _________         
         / ___________// ______ \\_____   _____// ______ \   / ________)        
        / /_________  / /      \ \     | |     / /      \ \ | (_______          
       |  __________|| |        | |    | |    | |        | | \________ \        
        \ \_________ | |        | |    | |     \ \______/ /___________) |       
         \__________||_|        |_|    |_|      \________//____________/        
                                                                                
====================================[ Qcore ]===================================

 Git hash:   15a3e7daff0cda5fa9af010ccd19a80288182ecf
 Git date:   Fri, 16 Apr 2021 15:57:16 +0100
 Compiler:   GNU 9.1.0
 Build type: Release
 Version:    1.1.0

 Start time: Wed Jun  2 12:30:25 2021

 Data directory: /work/zw18965/.local/qcore/share/entos/1.1.0/data
 Number of threads: 24
 Number of threads was determined by: command line argument
  - More threads can be used by running 'qcore -n 32'

 --------------------------------------------------------------------------------
                                   command: dft                                  
 --------------------------------------------------------------------------------
 AO basis set:                           aug-cc-pvtz
 Number of AO basis functions:         143

 Formula:                                SFe
 Nuclear charge:                        42.000000000
 Total charge:                           0.000000000
 Number of electrons:                   42.000000000

 Number of alpha electrons:             23
 Number of beta electrons:              19
 Number of unpaired electrons:           4
 Spin:                                   4
 Multiplicity:                           quintet

 Theory:                                 dft
 Exchange-correlation functional:        0.5 b88 + 0.75 lyp
 Method for Coulomb:                     incore_df
 Method for exact exchange:              pre_transformed_df
 Integral threshold:                     1.00e-12
 DF basis set:                           def2-tzvp-jkfit(spdfghi)
 Number of DF basis functions:         392
 Schwarz screening threshold:            1.00e-10
 Coulomb fitting method:                 Cholesky

 ------------------
  UW12 Correlation 
 ------------------
 Factor for UW12 correlation:            1.000000000
 Opposite spin scale factor:             0.250000000
 Same spin scale factor:                 0.500000000
 Calculate indirect contribution:        true
 Method for three electron term:         df_ri
 Auxiliary RI basis set:                 Def2-TZVP-RI
 Number of RI basis functions:         295
 Gaussians in geminal expansion:        10
 UW12 screening threshold:               1.00e-12
 Method for density-fitting:             w(r)
 Number of core spatial orbitals:       10

 Total number of grid points:        15286
 Method for AO orthogonalization:        symmetric
 Threshold for linear dependence:        1.00e-08
 D3BJ dispersion energy:                -0.001513382

 -------------------------------------
  Running unrestricted open-shell SCF 
 -------------------------------------
 Max number of iterations:             128
 Conv. threshold (gradient):             1.00e-05
 Conv. threshold (energy):               1.00e-06
 Interpolation scheme:                   adiis+cdiis
 Initial guess:                          H0

 ---------------------------------------------------------------
                  energy        change          grad        time
 ---------------------------------------------------------------
   0     -1529.734142364                    1.95e+01        6.72
   1     -1519.419748098      1.03e+01      9.01e+00        2.67
   2     -1401.289502362      1.18e+02      1.66e+01        2.71
   3     -1641.644652834     -2.40e+02      7.37e+00        2.69
   4     -1643.049040542     -1.40e+00      6.32e+00        2.61
   5     -1661.230745541     -1.82e+01      1.10e+00        2.70
   6     -1657.235219001      4.00e+00      3.40e+00        2.65
   7     -1661.783184587     -4.55e+00      6.13e-01        2.66
   8     -1661.753200681      3.00e-02      1.02e+00        2.66
   9     -1661.853103472     -9.99e-02      7.28e-01        2.71
  10     -1661.905778972     -5.27e-02      5.16e-01        2.65
  11     -1661.955414540     -4.96e-02      1.11e-01        2.68
  12     -1661.951037470      4.38e-03      1.92e-01        2.51
  13     -1661.958491427     -7.45e-03      2.15e-02        2.64
  14     -1661.958466141      2.53e-05      2.87e-02        2.62
  15     -1661.958827879     -3.62e-04      4.00e-03        2.58
  16     -1661.958849046     -2.12e-05      1.71e-03        2.69
  17     -1661.958851215     -2.17e-06      9.72e-04        2.53
  18     -1661.958851951     -7.37e-07      2.31e-04        2.65
  19     -1661.958852053     -1.01e-07      9.89e-05        2.63
  20     -1661.958852057     -4.48e-09      2.32e-05        2.55
  21     -1661.958852058     -8.30e-10      6.72e-06        2.62

 SCF converged in 21 iterations.

 Dipole moment (in Debye):               0.000001       0.000002      -5.393167

 Quadrupole moment (in Debye-Angstrom):
                  1            2            3
 1       -28.402741    -1.018005    -0.000003
 2        -1.018005   -28.473907    -0.000003
 3        -0.000003    -0.000003   -26.228603

 Spin-squared expectation <S^2>:         6.044
 Total spin quantum number S:            2.009
 TOTAL ENERGY:                       -1661.958852058

 --------------------------------------------------------------------------------

 End time:                               Wed Jun  2 12:31:32 2021
 Total wall-clock time:                 66.264 seconds
==================================================================================
