
================================================================================
          _____________ ________ _______________ ________     _________         
         / ___________// ______ \\_____   _____// ______ \   / ________)        
        / /_________  / /      \ \     | |     / /      \ \ | (_______          
       |  __________|| |        | |    | |    | |        | | \________ \        
        \ \_________ | |        | |    | |     \ \______/ /___________) |       
         \__________||_|        |_|    |_|      \________//____________/        
                                                                                
====================================[ Qcore ]===================================

 Git hash:   15a3e7daff0cda5fa9af010ccd19a80288182ecf
 Git date:   Fri, 16 Apr 2021 15:57:16 +0100
 Compiler:   GNU 9.1.0
 Build type: Release
 Version:    1.1.0

 Start time: Wed Jun  2 14:44:22 2021

 Data directory: /work/zw18965/.local/qcore/share/entos/1.1.0/data
 Number of threads: 24
 Number of threads was determined by: number of physical cores

 --------------------------------------------------------------------------------
                                   command: dft                                  
 --------------------------------------------------------------------------------
 AO basis set:                           aug-cc-pvtz
 Number of AO basis functions:         116

 Formula:                                HCo
 Nuclear charge:                        28.000000000
 Total charge:                           0.000000000
 Number of electrons:                   28.000000000

 Number of alpha electrons:             15
 Number of beta electrons:              13
 Number of unpaired electrons:           2
 Spin:                                   2
 Multiplicity:                           triplet

 Theory:                                 dft
 Exchange-correlation functional:        blyp
 Method for Coulomb:                     incore_df
 Integral threshold:                     1.00e-12
 DF basis set:                           def2-tzvp-jkfit(spdfghi)
 Number of DF basis functions:         282
 Schwarz screening threshold:            1.00e-10
 Coulomb fitting method:                 Cholesky
 Total number of grid points:        13826
 Method for AO orthogonalization:        symmetric
 Threshold for linear dependence:        1.00e-08

 -------------------------------------
  Running unrestricted open-shell SCF 
 -------------------------------------
 Max number of iterations:             128
 Conv. threshold (gradient):             1.00e-05
 Conv. threshold (energy):               1.00e-06
 Interpolation scheme:                   adiis+cdiis
 Initial guess:                          SAD

 ---------------------------------------------------------------
                  energy        change          grad        time
 ---------------------------------------------------------------
   0     -1383.361004037                    2.00e+00        0.02
   1     -1383.309273442      5.17e-02      7.28e-01        0.02
   2     -1381.810816161      1.50e+00      2.18e+00        0.01
   3     -1383.250814429     -1.44e+00      8.03e-01        0.02
   4     -1383.417838935     -1.67e-01      2.04e-01        0.02
   5     -1383.166043214      2.52e-01      1.27e+00        0.02
   6     -1383.427973041     -2.62e-01      2.06e-01        0.02
   7     -1383.274410101      1.54e-01      8.40e-01        0.02
   8     -1383.429461090     -1.55e-01      1.51e-01        0.02
   9     -1383.434824679     -5.36e-03      6.25e-02        0.03
  10     -1383.431509588      3.32e-03      1.41e-01        0.02
  11     -1383.435739504     -4.23e-03      1.13e-02        0.02
  12     -1383.435751074     -1.16e-05      7.02e-03        0.02
  13     -1383.435766363     -1.53e-05      2.61e-03        0.02
  14     -1383.435767967     -1.60e-06      1.99e-04        0.02
  15     -1383.435767977     -9.37e-09      7.45e-05        0.02
  16     -1383.435767978     -1.63e-09      2.28e-05        0.02
  17     -1383.435767978     -1.12e-10      7.73e-06        0.02

 SCF converged in 17 iterations.

 Dipole moment (in Debye):               0.000004       0.000004      -2.296397

 Quadrupole moment (in Debye-Angstrom):
                  1            2            3
 1       -15.428741    -0.000003    -0.000016
 2        -0.000003   -15.428741    -0.000017
 3        -0.000016    -0.000017   -16.756213

 Spin-squared expectation <S^2>:         2.015
 Total spin quantum number S:            1.005
 TOTAL ENERGY:                       -1383.435767978
 Saving results in set 'guess'

 --------------------------------------------------------------------------------
                                   command: dft                                  
 --------------------------------------------------------------------------------
 AO basis set:                           aug-cc-pvtz
 Number of AO basis functions:         116

 Formula:                                HCo
 Nuclear charge:                        28.000000000
 Total charge:                           0.000000000
 Number of electrons:                   28.000000000

 Number of alpha electrons:             15
 Number of beta electrons:              13
 Number of unpaired electrons:           2
 Spin:                                   2
 Multiplicity:                           triplet

 Theory:                                 dft
 Exchange-correlation functional:        0.5 b88 + 0.75 lyp
 Method for Coulomb:                     incore_df
 Method for exact exchange:              pre_transformed_df
 Integral threshold:                     1.00e-12
 DF basis set:                           def2-tzvp-jkfit(spdfghi)
 Number of DF basis functions:         282
 Schwarz screening threshold:            1.00e-10
 Coulomb fitting method:                 Cholesky

 ------------------
  UW12 Correlation 
 ------------------
 Factor for UW12 correlation:            1.000000000
 Opposite spin scale factor:             0.250000000
 Same spin scale factor:                 0.500000000
 Calculate indirect contribution:        true
 Method for three electron term:         df_ri
 Auxiliary RI basis set:                 Def2-TZVP-RI
 Number of RI basis functions:         197
 Gaussians in geminal expansion:        10
 UW12 screening threshold:               1.00e-12
 Method for density-fitting:             w(r)
 Number of core spatial orbitals:        5

 Total number of grid points:        13826
 Method for AO orthogonalization:        symmetric
 Threshold for linear dependence:        1.00e-08
 D3BJ dispersion energy:                -0.000353225

 -------------------------------------
  Running unrestricted open-shell SCF 
 -------------------------------------
 Max number of iterations:             128
 Conv. threshold (gradient):             1.00e-05
 Conv. threshold (energy):               1.00e-06
 Interpolation scheme:                   adiis+cdiis

 ---------------------------------------------------------------
                  energy        change          grad        time
 ---------------------------------------------------------------
   0     -1383.519037670                    2.56e-01        3.95
   1     -1383.518308643      7.29e-04      1.34e-01        0.78
   2     -1383.484552825      3.38e-02      4.12e-01        0.72
   3     -1383.520632643     -3.61e-02      1.25e-01        0.71
   4     -1383.523959332     -3.33e-03      2.00e-02        0.65
   5     -1383.523542182      4.17e-04      5.27e-02        0.70
   6     -1383.524144743     -6.03e-04      2.44e-03        0.67
   7     -1383.524149033     -4.29e-06      5.25e-04        0.67
   8     -1383.524149160     -1.27e-07      7.99e-05        0.73
   9     -1383.524149161     -1.31e-09      2.81e-05        0.67
  10     -1383.524149163     -1.50e-09      1.51e-05        0.67
  11     -1383.524149162      9.87e-10      4.49e-06        0.68

 SCF converged in 11 iterations.

 Dipole moment (in Debye):               0.000002       0.000002      -2.742354

 Quadrupole moment (in Debye-Angstrom):
                  1            2            3
 1       -14.797026    -0.000000    -0.000012
 2        -0.000000   -14.797026    -0.000012
 3        -0.000012    -0.000012   -16.455955

 Spin-squared expectation <S^2>:         2.024
 Total spin quantum number S:            1.008
 TOTAL ENERGY:                       -1383.524149162

 --------------------------------------------------------------------------------

 End time:                               Wed Jun  2 14:44:38 2021
 Total wall-clock time:                 16.791 seconds
==================================================================================
