
================================================================================
          _____________ ________ _______________ ________     _________         
         / ___________// ______ \\_____   _____// ______ \   / ________)        
        / /_________  / /      \ \     | |     / /      \ \ | (_______          
       |  __________|| |        | |    | |    | |        | | \________ \        
        \ \_________ | |        | |    | |     \ \______/ /___________) |       
         \__________||_|        |_|    |_|      \________//____________/        
                                                                                
====================================[ Qcore ]===================================

 Git hash:   15a3e7daff0cda5fa9af010ccd19a80288182ecf
 Git date:   Fri, 16 Apr 2021 15:57:16 +0100
 Compiler:   GNU 9.1.0
 Build type: Release
 Version:    1.1.0

 Start time: Wed Jun  2 12:32:58 2021

 Data directory: /work/zw18965/.local/qcore/share/entos/1.1.0/data
 Number of threads: 24
 Number of threads was determined by: command line argument
  - More threads can be used by running 'qcore -n 32'

 --------------------------------------------------------------------------------
                                   command: dft                                  
 --------------------------------------------------------------------------------
 AO basis set:                           aug-cc-pvtz
 Number of AO basis functions:         139

 Formula:                                FCo
 Nuclear charge:                        36.000000000
 Total charge:                           0.000000000
 Number of electrons:                   36.000000000

 Number of alpha electrons:             19
 Number of beta electrons:              17
 Number of unpaired electrons:           2
 Spin:                                   2
 Multiplicity:                           triplet

 Theory:                                 dft
 Exchange-correlation functional:        0.5 b88 + 0.75 lyp
 Method for Coulomb:                     incore_df
 Method for exact exchange:              pre_transformed_df
 Integral threshold:                     1.00e-12
 DF basis set:                           def2-tzvp-jkfit(spdfghi)
 Number of DF basis functions:         341
 Schwarz screening threshold:            1.00e-10
 Coulomb fitting method:                 Cholesky

 ------------------
  UW12 Correlation 
 ------------------
 Factor for UW12 correlation:            1.000000000
 Opposite spin scale factor:             0.250000000
 Same spin scale factor:                 0.500000000
 Calculate indirect contribution:        true
 Method for three electron term:         df_ri
 Auxiliary RI basis set:                 Def2-TZVP-RI
 Number of RI basis functions:         258
 Gaussians in geminal expansion:        10
 UW12 screening threshold:               1.00e-12
 Method for density-fitting:             w(r)
 Number of core spatial orbitals:        6

 Total number of grid points:        14748
 Method for AO orthogonalization:        symmetric
 Threshold for linear dependence:        1.00e-08
 D3BJ dispersion energy:                -0.000397704

 -------------------------------------
  Running unrestricted open-shell SCF 
 -------------------------------------
 Max number of iterations:             128
 Conv. threshold (gradient):             1.00e-05
 Conv. threshold (energy):               1.00e-06
 Interpolation scheme:                   adiis+cdiis
 Initial guess:                          H0

 ---------------------------------------------------------------
                  energy        change          grad        time
 ---------------------------------------------------------------
   0     -1302.293405218                    1.59e+01        5.30
   1     -1303.214103699     -9.21e-01      1.08e+01        1.92
   2     -1389.932538445     -8.67e+01      1.43e+01        1.86
   3     -1471.575038087     -8.16e+01      6.19e+00        1.85
   4     -1470.375077249      1.20e+00      4.77e+00        1.81
   5     -1482.534247435     -1.22e+01      1.24e+00        1.78
   6     -1479.348487268      3.19e+00      3.63e+00        1.81
   7     -1482.718421714     -3.37e+00      9.30e-01        1.85
   8     -1482.843330867     -1.25e-01      4.10e-01        1.83
   9     -1482.855810169     -1.25e-02      2.84e-01        1.82
  10     -1482.872609238     -1.68e-02      1.22e-01        1.75
  11     -1482.866944676      5.66e-03      1.97e-01        1.86
  12     -1482.875504990     -8.56e-03      4.99e-02        1.78
  13     -1482.875203757      3.01e-04      6.23e-02        1.79
  14     -1482.876586412     -1.38e-03      1.20e-02        1.79
  15     -1482.876913676     -3.27e-04      4.61e-03        1.85
  16     -1482.876988933     -7.53e-05      9.75e-04        1.82
  17     -1482.876990334     -1.40e-06      3.46e-04        1.79
  18     -1482.876990444     -1.10e-07      1.75e-04        1.79
  19     -1482.876990463     -1.88e-08      9.48e-05        1.81
  20     -1482.876990475     -1.20e-08      8.97e-05        1.80
  21     -1482.876990489     -1.38e-08      5.92e-05        1.81
  22     -1482.876990497     -8.96e-09      4.49e-05        1.85
  23     -1482.876990499     -1.22e-09      1.40e-05        1.82
  24     -1482.876990499     -5.76e-10      6.93e-06        1.86

 SCF converged in 24 iterations.

 Dipole moment (in Debye):              -0.000001       0.000000      -5.012954

 Quadrupole moment (in Debye-Angstrom):
                  1            2            3
 1       -18.410756     0.000004     0.000002
 2         0.000004   -18.410726    -0.000000
 3         0.000002    -0.000000   -18.568335

 Spin-squared expectation <S^2>:         2.113
 Total spin quantum number S:            1.037
 TOTAL ENERGY:                       -1482.876990500

 --------------------------------------------------------------------------------

 End time:                               Wed Jun  2 12:33:50 2021
 Total wall-clock time:                 52.259 seconds
==================================================================================
