
================================================================================
          _____________ ________ _______________ ________     _________         
         / ___________// ______ \\_____   _____// ______ \   / ________)        
        / /_________  / /      \ \     | |     / /      \ \ | (_______          
       |  __________|| |        | |    | |    | |        | | \________ \        
        \ \_________ | |        | |    | |     \ \______/ /___________) |       
         \__________||_|        |_|    |_|      \________//____________/        
                                                                                
====================================[ Qcore ]===================================

 Git hash:   15a3e7daff0cda5fa9af010ccd19a80288182ecf
 Git date:   Fri, 16 Apr 2021 15:57:16 +0100
 Compiler:   GNU 9.1.0
 Build type: Release
 Version:    1.1.0

 Start time: Wed Jun  2 12:39:17 2021

 Data directory: /work/zw18965/.local/qcore/share/entos/1.1.0/data
 Number of threads: 24
 Number of threads was determined by: command line argument
  - More threads can be used by running 'qcore -n 32'

 --------------------------------------------------------------------------------
                                   command: dft                                  
 --------------------------------------------------------------------------------
 AO basis set:                           aug-cc-pvtz
 Number of AO basis functions:         139

 Formula:                                OCo
 Nuclear charge:                        35.000000000
 Total charge:                           0.000000000
 Number of electrons:                   35.000000000

 Number of alpha electrons:             19
 Number of beta electrons:              16
 Number of unpaired electrons:           3
 Spin:                                   3
 Multiplicity:                           quartet

 Theory:                                 dft
 Exchange-correlation functional:        0.5 b88 + 0.75 lyp
 Method for Coulomb:                     incore_df
 Method for exact exchange:              pre_transformed_df
 Integral threshold:                     1.00e-12
 DF basis set:                           def2-tzvp-jkfit(spdfghi)
 Number of DF basis functions:         341
 Schwarz screening threshold:            1.00e-10
 Coulomb fitting method:                 Cholesky

 ------------------
  UW12 Correlation 
 ------------------
 Factor for UW12 correlation:            1.000000000
 Opposite spin scale factor:             0.250000000
 Same spin scale factor:                 0.500000000
 Calculate indirect contribution:        true
 Method for three electron term:         df_ri
 Auxiliary RI basis set:                 Def2-TZVP-RI
 Number of RI basis functions:         258
 Gaussians in geminal expansion:        10
 UW12 screening threshold:               1.00e-12
 Method for density-fitting:             w(r)
 Number of core spatial orbitals:        6

 Total number of grid points:        14880
 Method for AO orthogonalization:        symmetric
 Threshold for linear dependence:        1.00e-08
 D3BJ dispersion energy:                -0.000553874

 -------------------------------------
  Running unrestricted open-shell SCF 
 -------------------------------------
 Max number of iterations:             128
 Conv. threshold (gradient):             1.00e-05
 Conv. threshold (energy):               1.00e-06
 Interpolation scheme:                   adiis+cdiis
 Initial guess:                          H0

 ---------------------------------------------------------------
                  energy        change          grad        time
 ---------------------------------------------------------------
   0     -1303.315998559                    1.75e+01        4.92
   1     -1301.484686282      1.83e+00      9.66e+00        1.69
   2     -1380.074650272     -7.86e+01      1.49e+01        1.72
   3     -1450.780001618     -7.07e+01      5.49e+00        1.68
   4     -1445.345175719      5.43e+00      5.53e+00        1.66
   5     -1457.136648177     -1.18e+01      2.04e+00        1.67
   6     -1450.492993959      6.64e+00      3.71e+00        1.62
   7     -1457.796234329     -7.30e+00      1.30e+00        1.70
   8     -1458.001514607     -2.05e-01      9.56e-01        1.70
   9     -1458.134794144     -1.33e-01      4.84e-01        1.63
  10     -1458.152412995     -1.76e-02      3.78e-01        1.70
  11     -1458.171585527     -1.92e-02      2.56e-01        1.66
  12     -1458.174616882     -3.03e-03      2.66e-01        1.65
  13     -1458.189127049     -1.45e-02      7.27e-02        1.65
  14     -1458.186698300      2.43e-03      1.33e-01        1.65
  15     -1458.190743351     -4.05e-03      1.26e-02        1.61
  16     -1458.191003230     -2.60e-04      4.94e-03        1.70
  17     -1458.191022521     -1.93e-05      8.39e-04        1.63
  18     -1458.191023946     -1.42e-06      7.19e-04        1.69
  19     -1458.191024136     -1.90e-07      2.61e-04        1.64
  20     -1458.191024165     -2.87e-08      6.99e-05        1.58
  21     -1458.191024165      4.96e-10      1.73e-05        1.60
  22     -1458.191024167     -2.48e-09      4.50e-06        1.69

 SCF converged in 22 iterations.

 Dipole moment (in Debye):               0.000000       0.000000      -4.174485

 Quadrupole moment (in Debye-Angstrom):
                  1            2            3
 1       -19.543602    -0.000000     0.000000
 2        -0.000000   -19.543602     0.000000
 3         0.000000     0.000000   -19.895539

 Spin-squared expectation <S^2>:         3.894
 Total spin quantum number S:            1.536
 TOTAL ENERGY:                       -1458.191024167

 --------------------------------------------------------------------------------

 End time:                               Wed Jun  2 12:40:01 2021
 Total wall-clock time:                 44.535 seconds
==================================================================================
