
================================================================================
          _____________ ________ _______________ ________     _________         
         / ___________// ______ \\_____   _____// ______ \   / ________)        
        / /_________  / /      \ \     | |     / /      \ \ | (_______          
       |  __________|| |        | |    | |    | |        | | \________ \        
        \ \_________ | |        | |    | |     \ \______/ /___________) |       
         \__________||_|        |_|    |_|      \________//____________/        
                                                                                
====================================[ Qcore ]===================================

 Git hash:   15a3e7daff0cda5fa9af010ccd19a80288182ecf
 Git date:   Fri, 16 Apr 2021 15:57:16 +0100
 Compiler:   GNU 9.1.0
 Build type: Release
 Version:    1.1.0

 Start time: Wed Jun  2 12:41:38 2021

 Data directory: /work/zw18965/.local/qcore/share/entos/1.1.0/data
 Number of threads: 24
 Number of threads was determined by: command line argument
  - More threads can be used by running 'qcore -n 32'

 --------------------------------------------------------------------------------
                                   command: dft                                  
 --------------------------------------------------------------------------------
 AO basis set:                           aug-cc-pvtz
 Number of AO basis functions:         139

 Formula:                                FNi
 Nuclear charge:                        37.000000000
 Total charge:                           0.000000000
 Number of electrons:                   37.000000000

 Number of alpha electrons:             19
 Number of beta electrons:              18
 Number of unpaired electrons:           1
 Spin:                                   1
 Multiplicity:                           doublet

 Theory:                                 dft
 Exchange-correlation functional:        0.5 b88 + 0.75 lyp
 Method for Coulomb:                     incore_df
 Method for exact exchange:              pre_transformed_df
 Integral threshold:                     1.00e-12
 DF basis set:                           def2-tzvp-jkfit(spdfghi)
 Number of DF basis functions:         341
 Schwarz screening threshold:            1.00e-10
 Coulomb fitting method:                 Cholesky

 ------------------
  UW12 Correlation 
 ------------------
 Factor for UW12 correlation:            1.000000000
 Opposite spin scale factor:             0.250000000
 Same spin scale factor:                 0.500000000
 Calculate indirect contribution:        true
 Method for three electron term:         df_ri
 Auxiliary RI basis set:                 Def2-TZVP-RI
 Number of RI basis functions:         258
 Gaussians in geminal expansion:        10
 UW12 screening threshold:               1.00e-12
 Method for density-fitting:             w(r)
 Number of core spatial orbitals:        6

 Total number of grid points:        14748
 Method for AO orthogonalization:        symmetric
 Threshold for linear dependence:        1.00e-08
 D3BJ dispersion energy:                -0.000410091

 -------------------------------------
  Running unrestricted open-shell SCF 
 -------------------------------------
 Max number of iterations:             128
 Conv. threshold (gradient):             1.00e-05
 Conv. threshold (energy):               1.00e-06
 Interpolation scheme:                   adiis+cdiis
 Initial guess:                          H0

 ---------------------------------------------------------------
                  energy        change          grad        time
 ---------------------------------------------------------------
   0     -1399.517647867                    1.63e+01        5.52
   1     -1403.339675813     -3.82e+00      1.08e+01        1.99
   2     -1508.168296758     -1.05e+02      1.46e+01        1.77
   3     -1597.277219884     -8.91e+01      6.51e+00        1.82
   4     -1596.973500780      3.04e-01      4.63e+00        1.82
   5     -1608.335648432     -1.14e+01      8.21e-01        1.88
   6     -1608.250804711      8.48e-02      1.00e+00        1.88
   7     -1608.457146299     -2.06e-01      4.54e-01        1.83
   8     -1608.442057208      1.51e-02      4.63e-01        1.81
   9     -1608.494462372     -5.24e-02      9.19e-02        1.83
  10     -1608.491947772      2.51e-03      1.51e-01        1.85
  11     -1608.496306593     -4.36e-03      9.05e-03        1.85
  12     -1608.496334766     -2.82e-05      2.01e-03        1.80
  13     -1608.496342619     -7.85e-06      1.71e-03        1.81
  14     -1608.496348444     -5.83e-06      1.33e-03        1.88
  15     -1608.496355980     -7.54e-06      9.61e-04        1.83
  16     -1608.496360382     -4.40e-06      6.85e-04        1.84
  17     -1608.496361591     -1.21e-06      5.63e-04        1.86
  18     -1608.496362599     -1.01e-06      3.75e-04        1.86
  19     -1608.496363298     -6.99e-07      9.39e-05        1.80
  20     -1608.496363319     -2.14e-08      3.00e-05        1.79
  21     -1608.496363322     -2.68e-09      1.25e-05        1.88
  22     -1608.496363322     -1.83e-10      6.58e-06        1.82

 SCF converged in 22 iterations.

 Dipole moment (in Debye):               0.000001       0.000001      -4.993327

 Quadrupole moment (in Debye-Angstrom):
                  1            2            3
 1       -16.973570     0.000077    -0.000001
 2         0.000077   -16.973570    -0.000001
 3        -0.000001    -0.000001   -19.758470

 Spin-squared expectation <S^2>:         0.752
 Total spin quantum number S:            0.501
 TOTAL ENERGY:                       -1608.496363322

 --------------------------------------------------------------------------------

 End time:                               Wed Jun  2 12:42:27 2021
 Total wall-clock time:                 49.295 seconds
==================================================================================
