
================================================================================
          _____________ ________ _______________ ________     _________         
         / ___________// ______ \\_____   _____// ______ \   / ________)        
        / /_________  / /      \ \     | |     / /      \ \ | (_______          
       |  __________|| |        | |    | |    | |        | | \________ \        
        \ \_________ | |        | |    | |     \ \______/ /___________) |       
         \__________||_|        |_|    |_|      \________//____________/        
                                                                                
====================================[ Qcore ]===================================

 Git hash:   15a3e7daff0cda5fa9af010ccd19a80288182ecf
 Git date:   Fri, 16 Apr 2021 15:57:16 +0100
 Compiler:   GNU 9.1.0
 Build type: Release
 Version:    1.1.0

 Start time: Wed Jun  2 12:50:59 2021

 Data directory: /work/zw18965/.local/qcore/share/entos/1.1.0/data
 Number of threads: 24
 Number of threads was determined by: command line argument
  - More threads can be used by running 'qcore -n 32'

 --------------------------------------------------------------------------------
                                   command: dft                                  
 --------------------------------------------------------------------------------
 AO basis set:                           aug-cc-pvtz
 Number of AO basis functions:         116

 Formula:                                HCu
 Nuclear charge:                        30.000000000
 Total charge:                           0.000000000
 Number of electrons:                   30.000000000

 Number of alpha electrons:             15
 Number of beta electrons:              15
 Number of unpaired electrons:           0
 Spin:                                   0
 Multiplicity:                           singlet

 Theory:                                 dft
 Exchange-correlation functional:        0.5 b88 + 0.75 lyp
 Method for Coulomb:                     incore_df
 Method for exact exchange:              pre_transformed_df
 Integral threshold:                     1.00e-12
 DF basis set:                           def2-tzvp-jkfit(spdfghi)
 Number of DF basis functions:         282
 Schwarz screening threshold:            1.00e-10
 Coulomb fitting method:                 Cholesky

 ------------------
  UW12 Correlation 
 ------------------
 Factor for UW12 correlation:            1.000000000
 Opposite spin scale factor:             0.250000000
 Same spin scale factor:                 0.500000000
 Calculate indirect contribution:        true
 Method for three electron term:         df_ri
 Auxiliary RI basis set:                 Def2-TZVP-RI
 Number of RI basis functions:         197
 Gaussians in geminal expansion:        10
 UW12 screening threshold:               1.00e-12
 Method for density-fitting:             w(r)
 Number of core spatial orbitals:        5

 Total number of grid points:        13826
 Method for AO orthogonalization:        symmetric
 Threshold for linear dependence:        1.00e-08
 D3BJ dispersion energy:                -0.000295514

 -------------------------------------
  Running restricted closed-shell SCF 
 -------------------------------------
 Max number of iterations:             128
 Conv. threshold (gradient):             1.00e-05
 Conv. threshold (energy):               1.00e-06
 Interpolation scheme:                   adiis+cdiis
 Initial guess:                          H0

 ---------------------------------------------------------------
                  energy        change          grad        time
 ---------------------------------------------------------------
   0     -1532.060929848                    2.16e+01        2.91
   1     -1480.555485727      5.15e+01      2.29e+01        0.39
   2     -1594.199978225     -1.14e+02      1.58e+01        0.37
   3     -1634.665346469     -4.05e+01      1.01e+01        0.40
   4     -1634.193028653      4.72e-01      8.70e+00        0.38
   5     -1641.400569304     -7.21e+00      7.36e-01        0.37
   6     -1641.305395934      9.52e-02      1.35e+00        0.38
   7     -1641.419309944     -1.14e-01      3.31e-01        0.35
   8     -1641.418945346      3.65e-04      3.81e-01        0.37
   9     -1641.426550759     -7.61e-03      2.54e-02        0.38
  10     -1641.426482277      6.85e-05      5.59e-02        0.40
  11     -1641.426648764     -1.66e-04      3.45e-03        0.40
  12     -1641.426650645     -1.88e-06      8.95e-04        0.40
  13     -1641.426650783     -1.38e-07      1.02e-04        0.38
  14     -1641.426650785     -2.06e-09      3.58e-05        0.37
  15     -1641.426650780      4.75e-09      1.16e-05        0.37
  16     -1641.426650781     -1.43e-09      4.29e-07        0.40

 SCF converged in 16 iterations.

 Dipole moment (in Debye):              -0.000000      -0.000000      -2.567483

 Quadrupole moment (in Debye-Angstrom):
                  1            2            3
 1       -14.586140    -0.000000     0.000000
 2        -0.000000   -14.586140     0.000000
 3         0.000000     0.000000   -14.596429

 Spin-squared expectation <S^2>:         0.000
 Total spin quantum number S:            0.000
 TOTAL ENERGY:                       -1641.426650780

 --------------------------------------------------------------------------------

 End time:                               Wed Jun  2 12:51:10 2021
 Total wall-clock time:                 10.627 seconds
==================================================================================
