
================================================================================
          _____________ ________ _______________ ________     _________         
         / ___________// ______ \\_____   _____// ______ \   / ________)        
        / /_________  / /      \ \     | |     / /      \ \ | (_______          
       |  __________|| |        | |    | |    | |        | | \________ \        
        \ \_________ | |        | |    | |     \ \______/ /___________) |       
         \__________||_|        |_|    |_|      \________//____________/        
                                                                                
====================================[ Qcore ]===================================

 Git hash:   15a3e7daff0cda5fa9af010ccd19a80288182ecf
 Git date:   Fri, 16 Apr 2021 15:57:16 +0100
 Compiler:   GNU 9.1.0
 Build type: Release
 Version:    1.1.0

 Start time: Wed Jun  2 12:51:35 2021

 Data directory: /work/zw18965/.local/qcore/share/entos/1.1.0/data
 Number of threads: 24
 Number of threads was determined by: command line argument
  - More threads can be used by running 'qcore -n 32'

 --------------------------------------------------------------------------------
                                   command: dft                                  
 --------------------------------------------------------------------------------
 AO basis set:                           aug-cc-pvtz
 Number of AO basis functions:         143

 Formula:                                ClCu
 Nuclear charge:                        46.000000000
 Total charge:                           0.000000000
 Number of electrons:                   46.000000000

 Number of alpha electrons:             23
 Number of beta electrons:              23
 Number of unpaired electrons:           0
 Spin:                                   0
 Multiplicity:                           singlet

 Theory:                                 dft
 Exchange-correlation functional:        0.5 b88 + 0.75 lyp
 Method for Coulomb:                     incore_df
 Method for exact exchange:              pre_transformed_df
 Integral threshold:                     1.00e-12
 DF basis set:                           def2-tzvp-jkfit(spdfghi)
 Number of DF basis functions:         392
 Schwarz screening threshold:            1.00e-10
 Coulomb fitting method:                 Cholesky

 ------------------
  UW12 Correlation 
 ------------------
 Factor for UW12 correlation:            1.000000000
 Opposite spin scale factor:             0.250000000
 Same spin scale factor:                 0.500000000
 Calculate indirect contribution:        true
 Method for three electron term:         df_ri
 Auxiliary RI basis set:                 Def2-TZVP-RI
 Number of RI basis functions:         295
 Gaussians in geminal expansion:        10
 UW12 screening threshold:               1.00e-12
 Method for density-fitting:             w(r)
 Number of core spatial orbitals:       10

 Total number of grid points:        15430
 Method for AO orthogonalization:        symmetric
 Threshold for linear dependence:        1.00e-08
 D3BJ dispersion energy:                -0.001177003

 -------------------------------------
  Running restricted closed-shell SCF 
 -------------------------------------
 Max number of iterations:             128
 Conv. threshold (gradient):             1.00e-05
 Conv. threshold (energy):               1.00e-06
 Interpolation scheme:                   adiis+cdiis
 Initial guess:                          H0

 ---------------------------------------------------------------
                  energy        change          grad        time
 ---------------------------------------------------------------
   0     -1859.082740367                    4.10e+01        5.76
   1     -1868.817074663     -9.73e+00      1.98e+01        1.59
   2     -1748.083034182      1.21e+02      4.29e+01        1.54
   3     -2078.550311598     -3.30e+02      1.63e+01        1.66
   4     -2050.868688634      2.77e+01      1.39e+01        1.55
   5     -2100.051035853     -4.92e+01      2.24e+00        1.60
   6     -2066.253466783      3.38e+01      1.29e+01        1.53
   7     -2099.453361422     -3.32e+01      3.36e+00        1.67
   8     -2101.006752565     -1.55e+00      7.30e-01        1.54
   9     -2100.921981354      8.48e-02      1.31e+00        1.54
  10     -2101.032932704     -1.11e-01      2.82e-01        1.53
  11     -2101.029445761      3.49e-03      3.62e-01        1.52
  12     -2101.037608339     -8.16e-03      2.49e-02        1.63
  13     -2101.037604121      4.22e-06      3.85e-02        1.48
  14     -2101.037701413     -9.73e-05      2.26e-03        1.53
  15     -2101.037702252     -8.38e-07      7.01e-04        1.56
  16     -2101.037702360     -1.09e-07      3.64e-04        1.57
  17     -2101.037702384     -2.40e-08      7.57e-05        1.56
  18     -2101.037702387     -2.69e-09      8.30e-06        1.58

 SCF converged in 18 iterations.

 Dipole moment (in Debye):              -0.000000      -0.000000      -4.990781

 Quadrupole moment (in Debye-Angstrom):
                  1            2            3
 1       -25.667774     0.000000     0.000000
 2         0.000000   -25.667774     0.000000
 3         0.000000     0.000000   -23.492530

 Spin-squared expectation <S^2>:         0.000
 Total spin quantum number S:            0.000
 TOTAL ENERGY:                       -2101.037702389

 --------------------------------------------------------------------------------

 End time:                               Wed Jun  2 12:52:12 2021
 Total wall-clock time:                 37.030 seconds
==================================================================================
