
================================================================================
          _____________ ________ _______________ ________     _________         
         / ___________// ______ \\_____   _____// ______ \   / ________)        
        / /_________  / /      \ \     | |     / /      \ \ | (_______          
       |  __________|| |        | |    | |    | |        | | \________ \        
        \ \_________ | |        | |    | |     \ \______/ /___________) |       
         \__________||_|        |_|    |_|      \________//____________/        
                                                                                
====================================[ Qcore ]===================================

 Git hash:   15a3e7daff0cda5fa9af010ccd19a80288182ecf
 Git date:   Fri, 16 Apr 2021 15:57:16 +0100
 Compiler:   GNU 9.1.0
 Build type: Release
 Version:    1.1.0

 Start time: Wed Jun  2 12:52:12 2021

 Data directory: /work/zw18965/.local/qcore/share/entos/1.1.0/data
 Number of threads: 24
 Number of threads was determined by: command line argument
  - More threads can be used by running 'qcore -n 32'

 --------------------------------------------------------------------------------
                                   command: dft                                  
 --------------------------------------------------------------------------------
 AO basis set:                           aug-cc-pvtz
 Number of AO basis functions:         152

 Formula:                                CuBr
 Nuclear charge:                        64.000000000
 Total charge:                           0.000000000
 Number of electrons:                   64.000000000

 Number of alpha electrons:             32
 Number of beta electrons:              32
 Number of unpaired electrons:           0
 Spin:                                   0
 Multiplicity:                           singlet

 Theory:                                 dft
 Exchange-correlation functional:        0.5 b88 + 0.75 lyp
 Method for Coulomb:                     incore_df
 Method for exact exchange:              pre_transformed_df
 Integral threshold:                     1.00e-12
 DF basis set:                           def2-tzvp-jkfit(spdfghi)
 Number of DF basis functions:         530
 Schwarz screening threshold:            1.00e-10
 Coulomb fitting method:                 Cholesky

 ------------------
  UW12 Correlation 
 ------------------
 Factor for UW12 correlation:            1.000000000
 Opposite spin scale factor:             0.250000000
 Same spin scale factor:                 0.500000000
 Calculate indirect contribution:        true
 Method for three electron term:         df_ri
 Auxiliary RI basis set:                 Def2-TZVP-RI
 Number of RI basis functions:         341
 Gaussians in geminal expansion:        10
 UW12 screening threshold:               1.00e-12
 Method for density-fitting:             w(r)
 Number of core spatial orbitals:       14

 Total number of grid points:        16100
 Method for AO orthogonalization:        symmetric
 Threshold for linear dependence:        1.00e-08
 D3BJ dispersion energy:                -0.001446748

 -------------------------------------
  Running restricted closed-shell SCF 
 -------------------------------------
 Max number of iterations:             128
 Conv. threshold (gradient):             1.00e-05
 Conv. threshold (energy):               1.00e-06
 Interpolation scheme:                   adiis+cdiis
 Initial guess:                          H0

 ---------------------------------------------------------------
                  energy        change          grad        time
 ---------------------------------------------------------------
   0     -4095.114798704                    5.31e+01        9.52
   1     -4022.681223091      7.24e+01      2.10e+01        4.26
   2     -3876.801250271      1.46e+02      2.90e+01        4.19
   3     -4197.988551317     -3.21e+02      8.81e+00        4.15
   4     -4191.633157977      6.36e+00      1.15e+01        4.13
   5     -4214.762973888     -2.31e+01      2.02e+00        4.13
   6     -4209.457723596      5.31e+00      1.10e+01        4.01
   7     -4215.083656830     -5.63e+00      1.56e+00        3.99
   8     -4215.184553246     -1.01e-01      1.25e+00        4.01
   9     -4215.261812027     -7.73e-02      7.62e-01        4.01
  10     -4215.285621557     -2.38e-02      3.77e-01        3.86
  11     -4215.295731373     -1.01e-02      1.28e-01        3.91
  12     -4215.296213795     -4.82e-04      1.30e-01        4.12
  13     -4215.297323478     -1.11e-03      3.19e-02        4.00
  14     -4215.297057378      2.66e-04      6.92e-02        3.98
  15     -4215.297384599     -3.27e-04      2.99e-04        3.91
  16     -4215.297384626     -2.74e-08      1.11e-04        3.99
  17     -4215.297384629     -2.29e-09      3.31e-05        3.98
  18     -4215.297384631     -2.23e-09      6.50e-06        4.02

 SCF converged in 18 iterations.

 Dipole moment (in Debye):              -0.000000      -0.000000      -4.791720

 Quadrupole moment (in Debye-Angstrom):
                  1            2            3
 1       -31.580077    -0.000000     0.000000
 2        -0.000000   -31.580077     0.000000
 3         0.000000     0.000000   -24.788635

 Spin-squared expectation <S^2>:         0.000
 Total spin quantum number S:            0.000
 TOTAL ENERGY:                       -4215.297384629

 --------------------------------------------------------------------------------

 End time:                               Wed Jun  2 12:53:40 2021
 Total wall-clock time:                 88.158 seconds
==================================================================================
