
================================================================================
          _____________ ________ _______________ ________     _________         
         / ___________// ______ \\_____   _____// ______ \   / ________)        
        / /_________  / /      \ \     | |     / /      \ \ | (_______          
       |  __________|| |        | |    | |    | |        | | \________ \        
        \ \_________ | |        | |    | |     \ \______/ /___________) |       
         \__________||_|        |_|    |_|      \________//____________/        
                                                                                
====================================[ Qcore ]===================================

 Git hash:   15a3e7daff0cda5fa9af010ccd19a80288182ecf
 Git date:   Fri, 16 Apr 2021 15:57:16 +0100
 Compiler:   GNU 9.1.0
 Build type: Release
 Version:    1.1.0

 Start time: Wed Jun  2 12:53:40 2021

 Data directory: /work/zw18965/.local/qcore/share/entos/1.1.0/data
 Number of threads: 24
 Number of threads was determined by: command line argument
  - More threads can be used by running 'qcore -n 32'

 --------------------------------------------------------------------------------
                                   command: dft                                  
 --------------------------------------------------------------------------------
 AO basis set:                           aug-cc-pvtz
 Number of AO basis functions:         139

 Formula:                                OCu
 Nuclear charge:                        37.000000000
 Total charge:                           0.000000000
 Number of electrons:                   37.000000000

 Number of alpha electrons:             19
 Number of beta electrons:              18
 Number of unpaired electrons:           1
 Spin:                                   1
 Multiplicity:                           doublet

 Theory:                                 dft
 Exchange-correlation functional:        0.5 b88 + 0.75 lyp
 Method for Coulomb:                     incore_df
 Method for exact exchange:              pre_transformed_df
 Integral threshold:                     1.00e-12
 DF basis set:                           def2-tzvp-jkfit(spdfghi)
 Number of DF basis functions:         341
 Schwarz screening threshold:            1.00e-10
 Coulomb fitting method:                 Cholesky

 ------------------
  UW12 Correlation 
 ------------------
 Factor for UW12 correlation:            1.000000000
 Opposite spin scale factor:             0.250000000
 Same spin scale factor:                 0.500000000
 Calculate indirect contribution:        true
 Method for three electron term:         df_ri
 Auxiliary RI basis set:                 Def2-TZVP-RI
 Number of RI basis functions:         258
 Gaussians in geminal expansion:        10
 UW12 screening threshold:               1.00e-12
 Method for density-fitting:             w(r)
 Number of core spatial orbitals:        6

 Total number of grid points:        14880
 Method for AO orthogonalization:        symmetric
 Threshold for linear dependence:        1.00e-08
 D3BJ dispersion energy:                -0.000502266

 -------------------------------------
  Running unrestricted open-shell SCF 
 -------------------------------------
 Max number of iterations:             128
 Conv. threshold (gradient):             1.00e-05
 Conv. threshold (energy):               1.00e-06
 Interpolation scheme:                   adiis+cdiis
 Initial guess:                          H0

 ---------------------------------------------------------------
                  energy        change          grad        time
 ---------------------------------------------------------------
   0     -1497.797116267                    1.73e+01        5.46
   1     -1505.681799607     -7.88e+00      9.80e+00        2.05
   2     -1621.113374662     -1.15e+02      1.83e+01        1.99
   3     -1707.847626279     -8.67e+01      6.12e+00        2.00
   4     -1705.908516828      1.94e+00      5.14e+00        1.92
   5     -1714.438904048     -8.53e+00      3.27e+00        1.95
   6     -1710.477511778      3.96e+00      3.06e+00        2.01
   7     -1715.240507147     -4.76e+00      1.78e+00        1.92
   8     -1715.400221409     -1.60e-01      1.59e+00        1.93
   9     -1715.911737430     -5.12e-01      8.12e-01        1.94
  10     -1715.782413057      1.29e-01      9.89e-01        1.97
  11     -1716.003583780     -2.21e-01      3.05e-01        1.79
  12     -1715.991925026      1.17e-02      3.21e-01        1.98
  13     -1716.010726999     -1.88e-02      3.03e-01        1.91
  14     -1716.022279772     -1.16e-02      1.51e-01        1.85
  15     -1716.025466096     -3.19e-03      1.01e-01        1.90
  16     -1716.026710761     -1.24e-03      4.54e-02        1.96
  17     -1716.026866787     -1.56e-04      5.22e-02        1.93
  18     -1716.027518420     -6.52e-04      1.15e-03        1.91
  19     -1716.027518871     -4.51e-07      3.51e-04        1.86
  20     -1716.027518978     -1.07e-07      1.96e-04        1.92
  21     -1716.027519029     -5.10e-08      7.79e-05        1.86
  22     -1716.027519043     -1.41e-08      3.42e-05        1.82
  23     -1716.027519043     -4.48e-11      1.19e-05        1.89
  24     -1716.027519043     -7.41e-11      2.67e-06        1.89

 SCF converged in 24 iterations.

 Dipole moment (in Debye):              -0.000000      -0.000000      -4.588693

 Quadrupole moment (in Debye-Angstrom):
                  1            2            3
 1       -17.937710    -0.747222    -0.000000
 2        -0.747222   -17.936599    -0.000000
 3        -0.000000    -0.000000   -19.713859

 Spin-squared expectation <S^2>:         0.772
 Total spin quantum number S:            0.511
 TOTAL ENERGY:                       -1716.027519043

 --------------------------------------------------------------------------------

 End time:                               Wed Jun  2 12:54:35 2021
 Total wall-clock time:                 54.968 seconds
==================================================================================
