
================================================================================
          _____________ ________ _______________ ________     _________         
         / ___________// ______ \\_____   _____// ______ \   / ________)        
        / /_________  / /      \ \     | |     / /      \ \ | (_______          
       |  __________|| |        | |    | |    | |        | | \________ \        
        \ \_________ | |        | |    | |     \ \______/ /___________) |       
         \__________||_|        |_|    |_|      \________//____________/        
                                                                                
====================================[ Qcore ]===================================

 Git hash:   15a3e7daff0cda5fa9af010ccd19a80288182ecf
 Git date:   Fri, 16 Apr 2021 15:57:16 +0100
 Compiler:   GNU 9.1.0
 Build type: Release
 Version:    1.1.0

 Start time: Wed Jun  2 12:56:38 2021

 Data directory: /work/zw18965/.local/qcore/share/entos/1.1.0/data
 Number of threads: 24
 Number of threads was determined by: command line argument
  - More threads can be used by running 'qcore -n 32'

 --------------------------------------------------------------------------------
                                   command: dft                                  
 --------------------------------------------------------------------------------
 AO basis set:                           aug-cc-pvtz
 Number of AO basis functions:         143

 Formula:                                ClZn
 Nuclear charge:                        47.000000000
 Total charge:                           0.000000000
 Number of electrons:                   47.000000000

 Number of alpha electrons:             24
 Number of beta electrons:              23
 Number of unpaired electrons:           1
 Spin:                                   1
 Multiplicity:                           doublet

 Theory:                                 dft
 Exchange-correlation functional:        0.5 b88 + 0.75 lyp
 Method for Coulomb:                     incore_df
 Method for exact exchange:              pre_transformed_df
 Integral threshold:                     1.00e-12
 DF basis set:                           def2-tzvp-jkfit(spdfghi)
 Number of DF basis functions:         392
 Schwarz screening threshold:            1.00e-10
 Coulomb fitting method:                 Cholesky

 ------------------
  UW12 Correlation 
 ------------------
 Factor for UW12 correlation:            1.000000000
 Opposite spin scale factor:             0.250000000
 Same spin scale factor:                 0.500000000
 Calculate indirect contribution:        true
 Method for three electron term:         df_ri
 Auxiliary RI basis set:                 Def2-TZVP-RI
 Number of RI basis functions:         298
 Gaussians in geminal expansion:        10
 UW12 screening threshold:               1.00e-12
 Method for density-fitting:             w(r)
 Number of core spatial orbitals:       10

 Total number of grid points:        15430
 Method for AO orthogonalization:        symmetric
 Threshold for linear dependence:        1.00e-08
 D3BJ dispersion energy:                -0.001327526

 -------------------------------------
  Running unrestricted open-shell SCF 
 -------------------------------------
 Max number of iterations:             128
 Conv. threshold (gradient):             1.00e-05
 Conv. threshold (energy):               1.00e-06
 Interpolation scheme:                   adiis+cdiis
 Initial guess:                          H0

 ---------------------------------------------------------------
                  energy        change          grad        time
 ---------------------------------------------------------------
   0     -1958.673643838                    2.17e+01        7.41
   1     -1973.684233595     -1.50e+01      1.06e+01        3.35
   2     -1867.085015198      1.07e+02      2.36e+01        3.45
   3     -2219.466865278     -3.52e+02      7.29e+00        3.44
   4     -2173.961050720      4.55e+01      6.90e+00        3.22
   5     -2239.250000339     -6.53e+01      1.06e+00        3.29
   6     -2238.475637509      7.74e-01      1.51e+00        3.25
   7     -2239.907511803     -1.43e+00      2.10e-01        3.27
   8     -2239.912978963     -5.47e-03      1.86e-01        3.33
   9     -2239.923725430     -1.07e-02      3.18e-02        3.26
  10     -2239.923780619     -5.52e-05      3.55e-02        3.28
  11     -2239.924265849     -4.85e-04      1.64e-03        3.28
  12     -2239.924267538     -1.69e-06      3.73e-04        3.26
  13     -2239.924267731     -1.93e-07      1.79e-04        3.37
  14     -2239.924267759     -2.83e-08      6.91e-05        3.27
  15     -2239.924267762     -3.64e-09      1.52e-05        3.34
  16     -2239.924267762      4.90e-10      2.30e-06        3.25

 SCF converged in 16 iterations.

 Dipole moment (in Debye):              -0.000000      -0.000000      -2.961594

 Quadrupole moment (in Debye-Angstrom):
                  1            2            3
 1       -26.403234    -0.000000     0.000000
 2        -0.000000   -26.403234     0.000000
 3         0.000000     0.000000   -29.274144

 Spin-squared expectation <S^2>:         0.753
 Total spin quantum number S:            0.501
 TOTAL ENERGY:                       -2239.924267761

 --------------------------------------------------------------------------------

 End time:                               Wed Jun  2 12:57:43 2021
 Total wall-clock time:                 65.303 seconds
==================================================================================
