
================================================================================
          _____________ ________ _______________ ________     _________         
         / ___________// ______ \\_____   _____// ______ \   / ________)        
        / /_________  / /      \ \     | |     / /      \ \ | (_______          
       |  __________|| |        | |    | |    | |        | | \________ \        
        \ \_________ | |        | |    | |     \ \______/ /___________) |       
         \__________||_|        |_|    |_|      \________//____________/        
                                                                                
====================================[ Qcore ]===================================

 Git hash:   15a3e7daff0cda5fa9af010ccd19a80288182ecf
 Git date:   Fri, 16 Apr 2021 15:57:16 +0100
 Compiler:   GNU 9.1.0
 Build type: Release
 Version:    1.1.0

 Start time: Wed Jun  2 13:00:55 2021

 Data directory: /work/zw18965/.local/qcore/share/entos/1.1.0/data
 Number of threads: 24
 Number of threads was determined by: command line argument
  - More threads can be used by running 'qcore -n 32'

 --------------------------------------------------------------------------------
                                   command: dft                                  
 --------------------------------------------------------------------------------
 AO basis set:                           aug-cc-pvtz
 Number of AO basis functions:         143

 Formula:                                SZn
 Nuclear charge:                        46.000000000
 Total charge:                           0.000000000
 Number of electrons:                   46.000000000

 Number of alpha electrons:             23
 Number of beta electrons:              23
 Number of unpaired electrons:           0
 Spin:                                   0
 Multiplicity:                           singlet

 Theory:                                 dft
 Exchange-correlation functional:        0.5 b88 + 0.75 lyp
 Method for Coulomb:                     incore_df
 Method for exact exchange:              pre_transformed_df
 Integral threshold:                     1.00e-12
 DF basis set:                           def2-tzvp-jkfit(spdfghi)
 Number of DF basis functions:         392
 Schwarz screening threshold:            1.00e-10
 Coulomb fitting method:                 Cholesky

 ------------------
  UW12 Correlation 
 ------------------
 Factor for UW12 correlation:            1.000000000
 Opposite spin scale factor:             0.250000000
 Same spin scale factor:                 0.500000000
 Calculate indirect contribution:        true
 Method for three electron term:         df_ri
 Auxiliary RI basis set:                 Def2-TZVP-RI
 Number of RI basis functions:         298
 Gaussians in geminal expansion:        10
 UW12 screening threshold:               1.00e-12
 Method for density-fitting:             w(r)
 Number of core spatial orbitals:       10

 Total number of grid points:        15286
 Method for AO orthogonalization:        symmetric
 Threshold for linear dependence:        1.00e-08
 D3BJ dispersion energy:                -0.001556897

 -------------------------------------
  Running restricted closed-shell SCF 
 -------------------------------------
 Max number of iterations:             128
 Conv. threshold (gradient):             1.00e-05
 Conv. threshold (energy):               1.00e-06
 Interpolation scheme:                   adiis+cdiis
 Initial guess:                          H0

 ---------------------------------------------------------------
                  energy        change          grad        time
 ---------------------------------------------------------------
   0     -1926.092233994                    4.47e+01        5.82
   1     -1932.421326342     -6.33e+00      2.15e+01        1.74
   2     -1847.988084556      8.44e+01      4.80e+01        1.73
   3     -2161.431676308     -3.13e+02      1.45e+01        1.58
   4     -2116.148267038      4.53e+01      1.48e+01        1.67
   5     -2176.944468542     -6.08e+01      2.65e+00        1.67
   6     -2173.340006390      3.60e+00      4.26e+00        1.66
   7     -2177.711274350     -4.37e+00      8.58e-01        1.60
   8     -2177.700072841      1.12e-02      9.22e-01        1.58
   9     -2177.844984777     -1.45e-01      1.82e-01        1.54
  10     -2177.843526388      1.46e-03      2.43e-01        1.64
  11     -2177.846915707     -3.39e-03      2.11e-02        1.59
  12     -2177.846892191      2.35e-05      4.11e-02        1.65
  13     -2177.847008137     -1.16e-04      2.14e-03        1.54
  14     -2177.847009931     -1.79e-06      1.11e-03        1.62
  15     -2177.847010093     -1.62e-07      8.41e-05        1.63
  16     -2177.847010103     -1.00e-08      3.52e-05        1.63
  17     -2177.847010101      1.90e-09      3.72e-06        1.61

 SCF converged in 17 iterations.

 Dipole moment (in Debye):               0.000000       0.000000      -5.312919

 Quadrupole moment (in Debye-Angstrom):
                  1            2            3
 1       -28.537872     0.000000     0.000000
 2         0.000000   -28.537872     0.000000
 3         0.000000     0.000000   -24.089661

 Spin-squared expectation <S^2>:         0.000
 Total spin quantum number S:            0.000
 TOTAL ENERGY:                       -2177.847010101

 --------------------------------------------------------------------------------

 End time:                               Wed Jun  2 13:01:31 2021
 Total wall-clock time:                 36.806 seconds
==================================================================================
