
================================================================================
          _____________ ________ _______________ ________     _________         
         / ___________// ______ \\_____   _____// ______ \   / ________)        
        / /_________  / /      \ \     | |     / /      \ \ | (_______          
       |  __________|| |        | |    | |    | |        | | \________ \        
        \ \_________ | |        | |    | |     \ \______/ /___________) |       
         \__________||_|        |_|    |_|      \________//____________/        
                                                                                
====================================[ Qcore ]===================================

 Git hash:   15a3e7daff0cda5fa9af010ccd19a80288182ecf
 Git date:   Fri, 16 Apr 2021 15:57:16 +0100
 Compiler:   GNU 9.1.0
 Build type: Release
 Version:    1.1.0

 Start time: Wed Jun  2 11:48:17 2021

 Data directory: /work/zw18965/.local/qcore/share/entos/1.1.0/data
 Number of threads: 24
 Number of threads was determined by: command line argument
  - More threads can be used by running 'qcore -n 32'

 --------------------------------------------------------------------------------
                                   command: dft                                  
 --------------------------------------------------------------------------------
 AO basis set:                           aug-cc-pvtz
 Number of AO basis functions:         116

 Formula:                                HSc
 Nuclear charge:                        22.000000000
 Total charge:                           0.000000000
 Number of electrons:                   22.000000000

 Number of alpha electrons:             11
 Number of beta electrons:              11
 Number of unpaired electrons:           0
 Spin:                                   0
 Multiplicity:                           singlet

 Theory:                                 dft
 Exchange-correlation functional:        blyp
 Method for Coulomb:                     incore_df
 Integral threshold:                     1.00e-12
 DF basis set:                           def2-tzvp-jkfit(spdfghi)
 Number of DF basis functions:         282
 Schwarz screening threshold:            1.00e-10
 Coulomb fitting method:                 Cholesky
 Total number of grid points:        13742
 Method for AO orthogonalization:        symmetric
 Threshold for linear dependence:        1.00e-08
 D3BJ dispersion energy:                -0.001103463

 -------------------------------------
  Running restricted closed-shell SCF 
 -------------------------------------
 Max number of iterations:             128
 Conv. threshold (gradient):             1.00e-05
 Conv. threshold (energy):               1.00e-06
 Interpolation scheme:                   adiis+cdiis
 Initial guess:                          SAD

 ---------------------------------------------------------------
                  energy        change          grad        time
 ---------------------------------------------------------------
   0      -761.176525847                    2.23e+00        0.01
   1      -761.191522989     -1.50e-02      6.60e-01        0.01
   2      -760.790533946      4.01e-01      1.64e+00        0.01
   3      -761.198753142     -4.08e-01      4.94e-01        0.02
   4      -760.992530625      2.06e-01      9.61e-01        0.01
   5      -761.229746263     -2.37e-01      8.14e-02        0.01
   6      -761.228639727      1.11e-03      1.23e-01        0.01
   7      -761.230404811     -1.77e-03      2.31e-02        0.01
   8      -761.230437901     -3.31e-05      3.92e-03        0.01
   9      -761.230439590     -1.69e-06      1.30e-03        0.01
  10      -761.230439570      1.96e-08      7.63e-04        0.01
  11      -761.230439762     -1.92e-07      1.26e-04        0.01
  12      -761.230439764     -1.88e-09      2.67e-05        0.01
  13      -761.230439764     -4.96e-11      3.41e-06        0.01

 SCF converged in 13 iterations.

 Dipole moment (in Debye):              -0.000008      -0.000007      -1.872923

 Quadrupole moment (in Debye-Angstrom):
                  1            2            3
 1       -23.078237     0.000000     0.000003
 2         0.000000   -23.078237     0.000003
 3         0.000003     0.000003   -23.563331

 Spin-squared expectation <S^2>:         0.000
 Total spin quantum number S:            0.000
 TOTAL ENERGY:                        -761.230439764

 --------------------------------------------------------------------------------

 End time:                               Wed Jun  2 11:48:20 2021
 Total wall-clock time:                  3.003 seconds
==================================================================================
