
================================================================================
          _____________ ________ _______________ ________     _________         
         / ___________// ______ \\_____   _____// ______ \   / ________)        
        / /_________  / /      \ \     | |     / /      \ \ | (_______          
       |  __________|| |        | |    | |    | |        | | \________ \        
        \ \_________ | |        | |    | |     \ \______/ /___________) |       
         \__________||_|        |_|    |_|      \________//____________/        
                                                                                
====================================[ Qcore ]===================================

 Git hash:   15a3e7daff0cda5fa9af010ccd19a80288182ecf
 Git date:   Fri, 16 Apr 2021 15:57:16 +0100
 Compiler:   GNU 9.1.0
 Build type: Release
 Version:    1.1.0

 Start time: Wed Jun  2 13:04:00 2021

 Data directory: /work/zw18965/.local/qcore/share/entos/1.1.0/data
 Number of threads: 24
 Number of threads was determined by: number of physical cores

 --------------------------------------------------------------------------------
                                   command: dft                                  
 --------------------------------------------------------------------------------
 AO basis set:                           aug-cc-pvtz
 Number of AO basis functions:         139

 Formula:                                FSc
 Nuclear charge:                        30.000000000
 Total charge:                           0.000000000
 Number of electrons:                   30.000000000

 Number of alpha electrons:             15
 Number of beta electrons:              15
 Number of unpaired electrons:           0
 Spin:                                   0
 Multiplicity:                           singlet

 Theory:                                 dft
 Exchange-correlation functional:        b3lyp
 Method for Coulomb:                     incore_df
 Method for exact exchange:              pre_transformed_df
 Integral threshold:                     1.00e-12
 DF basis set:                           def2-tzvp-jkfit(spdfghi)
 Number of DF basis functions:         341
 Schwarz screening threshold:            1.00e-10
 Coulomb fitting method:                 Cholesky
 Total number of grid points:        14664
 Method for AO orthogonalization:        symmetric
 Threshold for linear dependence:        1.00e-08

 -------------------------------------
  Running restricted closed-shell SCF 
 -------------------------------------
 Max number of iterations:             128
 Conv. threshold (gradient):             1.00e-05
 Conv. threshold (energy):               1.00e-06
 Interpolation scheme:                   adiis+cdiis
 Initial guess:                          SAD

 ---------------------------------------------------------------
                  energy        change          grad        time
 ---------------------------------------------------------------
   0      -860.422060894                    4.05e+00        0.02
   1      -860.386856056      3.52e-02      1.26e+00        0.02
   2      -853.817669800      6.57e+00      8.02e+00        0.02
   3      -859.956125913     -6.14e+00      3.00e+00        0.02
   4      -860.498956995     -5.43e-01      5.54e-01        0.02
   5      -860.500392989     -1.44e-03      5.47e-01        0.02
   6      -860.518546258     -1.82e-02      1.06e-02        0.02
   7      -860.518560742     -1.45e-05      6.83e-03        0.02
   8      -860.518563553     -2.81e-06      2.96e-03        0.02
   9      -860.518564348     -7.96e-07      7.01e-04        0.02
  10      -860.518564406     -5.71e-08      1.08e-04        0.02
  11      -860.518564407     -1.02e-09      9.91e-06        0.02

 SCF converged in 11 iterations.

 Dipole moment (in Debye):              -0.000001      -0.000001      -2.108881

 Quadrupole moment (in Debye-Angstrom):
                  1            2            3
 1       -26.204045     0.000009     0.000002
 2         0.000009   -26.204045     0.000002
 3         0.000002     0.000002   -26.323708

 Spin-squared expectation <S^2>:         0.000
 Total spin quantum number S:            0.000
 TOTAL ENERGY:                        -860.518564407
 Saving results in set 'guess'

 --------------------------------------------------------------------------------
                                   command: dft                                  
 --------------------------------------------------------------------------------
 AO basis set:                           aug-cc-pvtz
 Number of AO basis functions:         139

 Formula:                                FSc
 Nuclear charge:                        30.000000000
 Total charge:                           0.000000000
 Number of electrons:                   30.000000000

 Number of alpha electrons:             15
 Number of beta electrons:              15
 Number of unpaired electrons:           0
 Spin:                                   0
 Multiplicity:                           singlet

 Theory:                                 dft
 Exchange-correlation functional:        blyp
 Method for Coulomb:                     incore_df
 Integral threshold:                     1.00e-12
 DF basis set:                           def2-tzvp-jkfit(spdfghi)
 Number of DF basis functions:         341
 Schwarz screening threshold:            1.00e-10
 Coulomb fitting method:                 Cholesky
 Total number of grid points:        14664
 Method for AO orthogonalization:        symmetric
 Threshold for linear dependence:        1.00e-08
 D3BJ dispersion energy:                -0.001138785

 -------------------------------------
  Running restricted closed-shell SCF 
 -------------------------------------
 Max number of iterations:             128
 Conv. threshold (gradient):             1.00e-05
 Conv. threshold (energy):               1.00e-06
 Interpolation scheme:                   adiis+cdiis
 Initializing maximum overlap method (MOM)

 ---------------------------------------------------------------
                  energy        change          grad        time
 ---------------------------------------------------------------
   0      -860.632234112                    1.63e-01        0.04
   1      -860.626823772      5.41e-03      3.05e-01        0.02
   2      -860.570534802      5.63e-02      9.25e-01        0.03
   3      -860.626818260     -5.63e-02      3.04e-01        0.02
   4      -860.634381216     -7.56e-03      6.90e-03        0.02
   5      -860.634338984      4.22e-05      2.61e-02        0.02
   6      -860.634388349     -4.94e-05      3.84e-03        0.02
   7      -860.634381419      6.93e-06      3.92e-03        0.02
   8      -860.634389586     -8.17e-06      1.45e-04        0.02
   9      -860.634389592     -6.17e-09      2.47e-05        0.02
  10      -860.634389592     -5.25e-11      1.84e-06        0.02

 SCF converged in 10 iterations.

 Dipole moment (in Debye):              -0.000000      -0.000000      -1.929196

 Quadrupole moment (in Debye-Angstrom):
                  1            2            3
 1       -26.444660     0.000001     0.000000
 2         0.000001   -26.444659     0.000000
 3         0.000000     0.000000   -25.881390

 Spin-squared expectation <S^2>:         0.000
 Total spin quantum number S:            0.000
 TOTAL ENERGY:                        -860.634389592

 --------------------------------------------------------------------------------

 End time:                               Wed Jun  2 13:04:07 2021
 Total wall-clock time:                  7.552 seconds
==================================================================================
