
================================================================================
          _____________ ________ _______________ ________     _________         
         / ___________// ______ \\_____   _____// ______ \   / ________)        
        / /_________  / /      \ \     | |     / /      \ \ | (_______          
       |  __________|| |        | |    | |    | |        | | \________ \        
        \ \_________ | |        | |    | |     \ \______/ /___________) |       
         \__________||_|        |_|    |_|      \________//____________/        
                                                                                
====================================[ Qcore ]===================================

 Git hash:   15a3e7daff0cda5fa9af010ccd19a80288182ecf
 Git date:   Fri, 16 Apr 2021 15:57:16 +0100
 Compiler:   GNU 9.1.0
 Build type: Release
 Version:    1.1.0

 Start time: Wed Jun  2 11:48:28 2021

 Data directory: /work/zw18965/.local/qcore/share/entos/1.1.0/data
 Number of threads: 24
 Number of threads was determined by: command line argument
  - More threads can be used by running 'qcore -n 32'

 --------------------------------------------------------------------------------
                                   command: dft                                  
 --------------------------------------------------------------------------------
 AO basis set:                           aug-cc-pvtz
 Number of AO basis functions:         152

 Formula:                                ScBr
 Nuclear charge:                        56.000000000
 Total charge:                           0.000000000
 Number of electrons:                   56.000000000

 Number of alpha electrons:             28
 Number of beta electrons:              28
 Number of unpaired electrons:           0
 Spin:                                   0
 Multiplicity:                           singlet

 Theory:                                 dft
 Exchange-correlation functional:        blyp
 Method for Coulomb:                     incore_df
 Integral threshold:                     1.00e-12
 DF basis set:                           def2-tzvp-jkfit(spdfghi)
 Number of DF basis functions:         530
 Schwarz screening threshold:            1.00e-10
 Coulomb fitting method:                 Cholesky
 Total number of grid points:        16016
 Method for AO orthogonalization:        symmetric
 Threshold for linear dependence:        1.00e-08
 D3BJ dispersion energy:                -0.003711218

 -------------------------------------
  Running restricted closed-shell SCF 
 -------------------------------------
 Max number of iterations:             128
 Conv. threshold (gradient):             1.00e-05
 Conv. threshold (energy):               1.00e-06
 Interpolation scheme:                   adiis+cdiis
 Initial guess:                          SAD

 ---------------------------------------------------------------
                  energy        change          grad        time
 ---------------------------------------------------------------
   0     -3335.077608279                    6.55e+00        0.03
   1     -3334.948353914      1.29e-01      4.85e-01        0.03
   2     -3334.092574255      8.56e-01      2.50e+00        0.03
   3     -3334.920044655     -8.27e-01      6.31e-01        0.03
   4     -3334.731502369      1.89e-01      1.03e+00        0.02
   5     -3334.973954450     -2.42e-01      1.10e-01        0.03
   6     -3334.970495679      3.46e-03      2.14e-01        0.03
   7     -3334.975237163     -4.74e-03      3.61e-02        0.03
   8     -3334.974816089      4.21e-04      8.12e-02        0.03
   9     -3334.975430137     -6.14e-04      4.94e-03        0.02
  10     -3334.975430843     -7.06e-07      2.16e-03        0.02
  11     -3334.975431199     -3.56e-07      1.90e-03        0.03
  12     -3334.975432462     -1.26e-06      1.59e-04        0.03
  13     -3334.975432464     -2.36e-09      7.80e-06        0.02

 SCF converged in 13 iterations.

 Dipole moment (in Debye):               0.000001       0.000001      -2.574355

 Quadrupole moment (in Debye-Angstrom):
                  1            2            3
 1       -40.528060    -0.000000    -0.000000
 2        -0.000000   -40.528060    -0.000001
 3        -0.000000    -0.000001   -33.119434

 Spin-squared expectation <S^2>:         0.000
 Total spin quantum number S:            0.000
 TOTAL ENERGY:                       -3334.975432464

 --------------------------------------------------------------------------------

 End time:                               Wed Jun  2 11:48:33 2021
 Total wall-clock time:                  5.085 seconds
==================================================================================
