
================================================================================
          _____________ ________ _______________ ________     _________         
         / ___________// ______ \\_____   _____// ______ \   / ________)        
        / /_________  / /      \ \     | |     / /      \ \ | (_______          
       |  __________|| |        | |    | |    | |        | | \________ \        
        \ \_________ | |        | |    | |     \ \______/ /___________) |       
         \__________||_|        |_|    |_|      \________//____________/        
                                                                                
====================================[ Qcore ]===================================

 Git hash:   15a3e7daff0cda5fa9af010ccd19a80288182ecf
 Git date:   Fri, 16 Apr 2021 15:57:16 +0100
 Compiler:   GNU 9.1.0
 Build type: Release
 Version:    1.1.0

 Start time: Wed Jun  2 11:48:37 2021

 Data directory: /work/zw18965/.local/qcore/share/entos/1.1.0/data
 Number of threads: 24
 Number of threads was determined by: command line argument
  - More threads can be used by running 'qcore -n 32'

 --------------------------------------------------------------------------------
                                   command: dft                                  
 --------------------------------------------------------------------------------
 AO basis set:                           aug-cc-pvtz
 Number of AO basis functions:         143

 Formula:                                SSc
 Nuclear charge:                        37.000000000
 Total charge:                           0.000000000
 Number of electrons:                   37.000000000

 Number of alpha electrons:             19
 Number of beta electrons:              18
 Number of unpaired electrons:           1
 Spin:                                   1
 Multiplicity:                           doublet

 Theory:                                 dft
 Exchange-correlation functional:        blyp
 Method for Coulomb:                     incore_df
 Integral threshold:                     1.00e-12
 DF basis set:                           def2-tzvp-jkfit(spdfghi)
 Number of DF basis functions:         392
 Schwarz screening threshold:            1.00e-10
 Coulomb fitting method:                 Cholesky
 Total number of grid points:        15202
 Method for AO orthogonalization:        symmetric
 Threshold for linear dependence:        1.00e-08
 D3BJ dispersion energy:                -0.003800462

 -------------------------------------
  Running unrestricted open-shell SCF 
 -------------------------------------
 Max number of iterations:             128
 Conv. threshold (gradient):             1.00e-05
 Conv. threshold (energy):               1.00e-06
 Interpolation scheme:                   adiis+cdiis
 Initial guess:                          SAD

 ---------------------------------------------------------------
                  energy        change          grad        time
 ---------------------------------------------------------------
   0     -1159.038512209                    2.53e+00        0.03
   1     -1158.803443378      2.35e-01      5.83e-01        0.03
   2     -1152.401300287      6.40e+00      3.74e+00        0.03
   3     -1158.151887924     -5.75e+00      1.57e+00        0.03
   4     -1158.940294134     -7.88e-01      2.16e-01        0.03
   5     -1158.944768598     -4.47e-03      1.88e-01        0.03
   6     -1158.958726089     -1.40e-02      4.12e-02        0.03
   7     -1158.944604865      1.41e-02      2.07e-01        0.03
   8     -1158.959360862     -1.48e-02      3.67e-03        0.03
   9     -1158.959364203     -3.34e-06      3.27e-03        0.03
  10     -1158.959368717     -4.51e-06      1.08e-03        0.03
  11     -1158.959369234     -5.17e-07      6.04e-05        0.03
  12     -1158.959369236     -1.75e-09      7.30e-05        0.03
  13     -1158.959369237     -1.58e-09      1.99e-05        0.03
  14     -1158.959369237     -1.77e-10      1.23e-06        0.03

 SCF converged in 14 iterations.

 Dipole moment (in Debye):               0.000001       0.000001      -5.090079

 Quadrupole moment (in Debye-Angstrom):
                  1            2            3
 1       -31.894609    -0.000012    -0.000000
 2        -0.000012   -31.894609    -0.000000
 3        -0.000000    -0.000000   -31.707015

 Spin-squared expectation <S^2>:         0.752
 Total spin quantum number S:            0.501
 TOTAL ENERGY:                       -1158.959369237

 --------------------------------------------------------------------------------

 End time:                               Wed Jun  2 11:48:41 2021
 Total wall-clock time:                  3.844 seconds
==================================================================================
