
================================================================================
          _____________ ________ _______________ ________     _________         
         / ___________// ______ \\_____   _____// ______ \   / ________)        
        / /_________  / /      \ \     | |     / /      \ \ | (_______          
       |  __________|| |        | |    | |    | |        | | \________ \        
        \ \_________ | |        | |    | |     \ \______/ /___________) |       
         \__________||_|        |_|    |_|      \________//____________/        
                                                                                
====================================[ Qcore ]===================================

 Git hash:   15a3e7daff0cda5fa9af010ccd19a80288182ecf
 Git date:   Fri, 16 Apr 2021 15:57:16 +0100
 Compiler:   GNU 9.1.0
 Build type: Release
 Version:    1.1.0

 Start time: Wed Jun  2 11:48:44 2021

 Data directory: /work/zw18965/.local/qcore/share/entos/1.1.0/data
 Number of threads: 24
 Number of threads was determined by: command line argument
  - More threads can be used by running 'qcore -n 32'

 --------------------------------------------------------------------------------
                                   command: dft                                  
 --------------------------------------------------------------------------------
 AO basis set:                           aug-cc-pvtz
 Number of AO basis functions:         139

 Formula:                                FTi
 Nuclear charge:                        31.000000000
 Total charge:                           0.000000000
 Number of electrons:                   31.000000000

 Number of alpha electrons:             17
 Number of beta electrons:              14
 Number of unpaired electrons:           3
 Spin:                                   3
 Multiplicity:                           quartet

 Theory:                                 dft
 Exchange-correlation functional:        blyp
 Method for Coulomb:                     incore_df
 Integral threshold:                     1.00e-12
 DF basis set:                           def2-tzvp-jkfit(spdfghi)
 Number of DF basis functions:         341
 Schwarz screening threshold:            1.00e-10
 Coulomb fitting method:                 Cholesky
 Total number of grid points:        14604
 Method for AO orthogonalization:        symmetric
 Threshold for linear dependence:        1.00e-08
 D3BJ dispersion energy:                -0.001136180

 -------------------------------------
  Running unrestricted open-shell SCF 
 -------------------------------------
 Max number of iterations:             128
 Conv. threshold (gradient):             1.00e-05
 Conv. threshold (energy):               1.00e-06
 Interpolation scheme:                   adiis+cdiis
 Initial guess:                          SAD

 ---------------------------------------------------------------
                  energy        change          grad        time
 ---------------------------------------------------------------
   0      -949.316563775                    2.08e+00        0.03
   1      -949.274809823      4.18e-02      5.77e-01        0.03
   2      -947.437689825      1.84e+00      3.09e+00        0.02
   3      -948.911517141     -1.47e+00      8.38e-01        0.03
   4      -949.030958364     -1.19e-01      1.18e+00        0.03
   5      -949.359053232     -3.28e-01      1.74e-01        0.03
   6      -949.343218792      1.58e-02      2.77e-01        0.03
   7      -949.361048652     -1.78e-02      2.33e-01        0.03
   8      -949.369550356     -8.50e-03      1.08e-01        0.03
   9      -949.370553603     -1.00e-03      7.70e-02        0.03
  10      -949.372009752     -1.46e-03      7.08e-02        0.03
  11      -949.373414876     -1.41e-03      1.25e-03        0.03
  12      -949.373415419     -5.43e-07      2.18e-04        0.03
  13      -949.373415437     -1.84e-08      9.01e-05        0.03
  14      -949.373415442     -4.36e-09      1.46e-05        0.02
  15      -949.373415445     -3.54e-09      2.74e-05        0.02
  16      -949.373415441      4.72e-09      6.79e-06        0.02

 SCF converged in 16 iterations.

 Dipole moment (in Debye):               0.000000       0.000000      -3.001159

 Quadrupole moment (in Debye-Angstrom):
                  1            2            3
 1       -23.234666     0.000000    -0.000001
 2         0.000000   -23.234666    -0.000001
 3        -0.000001    -0.000001   -22.448894

 Spin-squared expectation <S^2>:         3.754
 Total spin quantum number S:            1.501
 TOTAL ENERGY:                        -949.373415441

 --------------------------------------------------------------------------------

 End time:                               Wed Jun  2 11:48:48 2021
 Total wall-clock time:                  3.421 seconds
==================================================================================
