
================================================================================
          _____________ ________ _______________ ________     _________         
         / ___________// ______ \\_____   _____// ______ \   / ________)        
        / /_________  / /      \ \     | |     / /      \ \ | (_______          
       |  __________|| |        | |    | |    | |        | | \________ \        
        \ \_________ | |        | |    | |     \ \______/ /___________) |       
         \__________||_|        |_|    |_|      \________//____________/        
                                                                                
====================================[ Qcore ]===================================

 Git hash:   15a3e7daff0cda5fa9af010ccd19a80288182ecf
 Git date:   Fri, 16 Apr 2021 15:57:16 +0100
 Compiler:   GNU 9.1.0
 Build type: Release
 Version:    1.1.0

 Start time: Wed Jun  2 11:48:48 2021

 Data directory: /work/zw18965/.local/qcore/share/entos/1.1.0/data
 Number of threads: 24
 Number of threads was determined by: command line argument
  - More threads can be used by running 'qcore -n 32'

 --------------------------------------------------------------------------------
                                   command: dft                                  
 --------------------------------------------------------------------------------
 AO basis set:                           aug-cc-pvtz
 Number of AO basis functions:         143

 Formula:                                ClTi
 Nuclear charge:                        39.000000000
 Total charge:                           0.000000000
 Number of electrons:                   39.000000000

 Number of alpha electrons:             21
 Number of beta electrons:              18
 Number of unpaired electrons:           3
 Spin:                                   3
 Multiplicity:                           quartet

 Theory:                                 dft
 Exchange-correlation functional:        blyp
 Method for Coulomb:                     incore_df
 Integral threshold:                     1.00e-12
 DF basis set:                           def2-tzvp-jkfit(spdfghi)
 Number of DF basis functions:         392
 Schwarz screening threshold:            1.00e-10
 Coulomb fitting method:                 Cholesky
 Total number of grid points:        15286
 Method for AO orthogonalization:        symmetric
 Threshold for linear dependence:        1.00e-08
 D3BJ dispersion energy:                -0.003288554

 -------------------------------------
  Running unrestricted open-shell SCF 
 -------------------------------------
 Max number of iterations:             128
 Conv. threshold (gradient):             1.00e-05
 Conv. threshold (energy):               1.00e-06
 Interpolation scheme:                   adiis+cdiis
 Initial guess:                          SAD

 ---------------------------------------------------------------
                  energy        change          grad        time
 ---------------------------------------------------------------
   0     -1309.737022420                    2.28e+00        0.03
   1     -1309.658293009      7.87e-02      3.43e-01        0.03
   2     -1309.114061733      5.44e-01      1.30e+00        0.02
   3     -1309.673306623     -5.59e-01      2.63e-01        0.03
   4     -1309.693798356     -2.05e-02      2.07e-01        0.03
   5     -1309.658361228      3.54e-02      3.93e-01        0.03
   6     -1309.705931812     -4.76e-02      7.32e-02        0.03
   7     -1309.707011152     -1.08e-03      4.74e-02        0.03
   8     -1309.708518505     -1.51e-03      2.67e-03        0.03
   9     -1309.708521474     -2.97e-06      1.16e-03        0.03
  10     -1309.708523417     -1.94e-06      1.00e-03        0.02
  11     -1309.708530059     -6.64e-06      1.61e-03        0.02
  12     -1309.708522042      8.02e-06      4.29e-04        0.03
  13     -1309.708522101     -5.88e-08      2.90e-04        0.03
  14     -1309.708522118     -1.68e-08      1.20e-04        0.02
  15     -1309.708522121     -2.88e-09      4.19e-05        0.03
  16     -1309.708522121     -5.41e-10      8.49e-06        0.03

 SCF converged in 16 iterations.

 Dipole moment (in Debye):              -0.000001      -0.000001      -4.055546

 Quadrupole moment (in Debye-Angstrom):
                  1            2            3
 1       -31.415795    -0.000010     0.000001
 2        -0.000010   -31.415795     0.000001
 3         0.000001     0.000001   -25.992301

 Spin-squared expectation <S^2>:         3.756
 Total spin quantum number S:            1.501
 TOTAL ENERGY:                       -1309.708522121

 --------------------------------------------------------------------------------

 End time:                               Wed Jun  2 11:48:52 2021
 Total wall-clock time:                  3.857 seconds
==================================================================================
