
================================================================================
          _____________ ________ _______________ ________     _________         
         / ___________// ______ \\_____   _____// ______ \   / ________)        
        / /_________  / /      \ \     | |     / /      \ \ | (_______          
       |  __________|| |        | |    | |    | |        | | \________ \        
        \ \_________ | |        | |    | |     \ \______/ /___________) |       
         \__________||_|        |_|    |_|      \________//____________/        
                                                                                
====================================[ Qcore ]===================================

 Git hash:   15a3e7daff0cda5fa9af010ccd19a80288182ecf
 Git date:   Fri, 16 Apr 2021 15:57:16 +0100
 Compiler:   GNU 9.1.0
 Build type: Release
 Version:    1.1.0

 Start time: Wed Jun  2 11:48:52 2021

 Data directory: /work/zw18965/.local/qcore/share/entos/1.1.0/data
 Number of threads: 24
 Number of threads was determined by: command line argument
  - More threads can be used by running 'qcore -n 32'

 --------------------------------------------------------------------------------
                                   command: dft                                  
 --------------------------------------------------------------------------------
 AO basis set:                           aug-cc-pvtz
 Number of AO basis functions:         152

 Formula:                                TiBr
 Nuclear charge:                        57.000000000
 Total charge:                           0.000000000
 Number of electrons:                   57.000000000

 Number of alpha electrons:             30
 Number of beta electrons:              27
 Number of unpaired electrons:           3
 Spin:                                   3
 Multiplicity:                           quartet

 Theory:                                 dft
 Exchange-correlation functional:        blyp
 Method for Coulomb:                     incore_df
 Integral threshold:                     1.00e-12
 DF basis set:                           def2-tzvp-jkfit(spdfghi)
 Number of DF basis functions:         530
 Schwarz screening threshold:            1.00e-10
 Coulomb fitting method:                 Cholesky
 Total number of grid points:        15956
 Method for AO orthogonalization:        symmetric
 Threshold for linear dependence:        1.00e-08
 D3BJ dispersion energy:                -0.003714860

 -------------------------------------
  Running unrestricted open-shell SCF 
 -------------------------------------
 Max number of iterations:             128
 Conv. threshold (gradient):             1.00e-05
 Conv. threshold (energy):               1.00e-06
 Interpolation scheme:                   adiis+cdiis
 Initial guess:                          SAD

 ---------------------------------------------------------------
                  energy        change          grad        time
 ---------------------------------------------------------------
   0     -3423.768296113                    3.09e+00        0.03
   1     -3423.670016975      9.83e-02      3.34e-01        0.03
   2     -3423.040917726      6.29e-01      1.44e+00        0.03
   3     -3423.650395996     -6.09e-01      4.74e-01        0.04
   4     -3423.712452234     -6.21e-02      1.22e-01        0.03
   5     -3423.648391163      6.41e-02      4.60e-01        0.03
   6     -3423.712783162     -6.44e-02      1.16e-01        0.03
   7     -3423.716651769     -3.87e-03      2.65e-02        0.04
   8     -3423.715819137      8.33e-04      5.95e-02        0.04
   9     -3423.716834673     -1.02e-03      5.51e-03        0.04
  10     -3423.716849994     -1.53e-05      4.07e-03        0.03
  11     -3423.716844451      5.54e-06      3.10e-03        0.03
  12     -3423.716843554      8.96e-07      3.12e-03        0.03
  13     -3423.716843588     -3.38e-08      3.09e-03        0.03
  14     -3423.716843213      3.76e-07      4.82e-03        0.03
  15     -3423.716844420     -1.21e-06      5.07e-03        0.03
  16     -3423.716845505     -1.08e-06      4.17e-03        0.03
  17     -3423.716864987     -1.95e-05      2.86e-03        0.03
  18     -3423.716901687     -3.67e-05      3.69e-03        0.03
  19     -3423.716919820     -1.81e-05      6.86e-03        0.03
  20     -3423.716922333     -2.51e-06      9.33e-03        0.03
  21     -3423.716874479      4.79e-05      4.05e-03        0.03
  22     -3423.716882306     -7.83e-06      1.92e-03        0.03
  23     -3423.716914545     -3.22e-05      4.79e-03        0.03
  24     -3423.716873329      4.12e-05      6.80e-03        0.03
  25     -3423.716874732     -1.40e-06      2.28e-03        0.04
  26     -3423.716875880     -1.15e-06      2.66e-03        0.03
  27     -3423.716874974      9.06e-07      2.84e-03        0.03
  28     -3423.716874889      8.45e-08      2.92e-03        0.03
  29     -3423.716885500     -1.06e-05      2.46e-03        0.04
  30     -3423.716876735      8.77e-06      9.01e-04        0.03
  31     -3423.716877263     -5.28e-07      8.64e-04        0.03
  32     -3423.716879898     -2.64e-06      1.21e-03        0.03
  33     -3423.716875564      4.33e-06      5.56e-04        0.04
  34     -3423.716875633     -6.87e-08      2.31e-04        0.03
  35     -3423.716875642     -9.08e-09      9.10e-05        0.04
  36     -3423.716875632      9.20e-09      5.30e-05        0.03
  37     -3423.716875633     -2.80e-10      5.26e-05        0.03
  38     -3423.716875637     -4.00e-09      3.48e-05        0.03
  39     -3423.716875636      2.90e-10      1.66e-05        0.03
  40     -3423.716875638     -1.28e-09      1.92e-05        0.04
  41     -3423.716875637      7.24e-10      1.15e-05        0.03
  42     -3423.716875637      2.61e-10      7.01e-06        0.03

 SCF converged in 42 iterations.

 Dipole moment (in Debye):               0.000008      -0.000003      -4.285540

 Quadrupole moment (in Debye-Angstrom):
                  1            2            3
 1       -37.435813     0.000006    -0.000020
 2         0.000006   -37.435897     0.000005
 3        -0.000020     0.000005   -27.223732

 Spin-squared expectation <S^2>:         3.758
 Total spin quantum number S:            1.502
 TOTAL ENERGY:                       -3423.716875637

 --------------------------------------------------------------------------------

 End time:                               Wed Jun  2 11:48:58 2021
 Total wall-clock time:                  6.332 seconds
==================================================================================
