
================================================================================
          _____________ ________ _______________ ________     _________         
         / ___________// ______ \\_____   _____// ______ \   / ________)        
        / /_________  / /      \ \     | |     / /      \ \ | (_______          
       |  __________|| |        | |    | |    | |        | | \________ \        
        \ \_________ | |        | |    | |     \ \______/ /___________) |       
         \__________||_|        |_|    |_|      \________//____________/        
                                                                                
====================================[ Qcore ]===================================

 Git hash:   15a3e7daff0cda5fa9af010ccd19a80288182ecf
 Git date:   Fri, 16 Apr 2021 15:57:16 +0100
 Compiler:   GNU 9.1.0
 Build type: Release
 Version:    1.1.0

 Start time: Wed Jun  2 11:49:02 2021

 Data directory: /work/zw18965/.local/qcore/share/entos/1.1.0/data
 Number of threads: 24
 Number of threads was determined by: command line argument
  - More threads can be used by running 'qcore -n 32'

 --------------------------------------------------------------------------------
                                   command: dft                                  
 --------------------------------------------------------------------------------
 AO basis set:                           aug-cc-pvtz
 Number of AO basis functions:         143

 Formula:                                STi
 Nuclear charge:                        38.000000000
 Total charge:                           0.000000000
 Number of electrons:                   38.000000000

 Number of alpha electrons:             20
 Number of beta electrons:              18
 Number of unpaired electrons:           2
 Spin:                                   2
 Multiplicity:                           triplet

 Theory:                                 dft
 Exchange-correlation functional:        blyp
 Method for Coulomb:                     incore_df
 Integral threshold:                     1.00e-12
 DF basis set:                           def2-tzvp-jkfit(spdfghi)
 Number of DF basis functions:         392
 Schwarz screening threshold:            1.00e-10
 Coulomb fitting method:                 Cholesky
 Total number of grid points:        15142
 Method for AO orthogonalization:        symmetric
 Threshold for linear dependence:        1.00e-08
 D3BJ dispersion energy:                -0.003763966

 -------------------------------------
  Running unrestricted open-shell SCF 
 -------------------------------------
 Max number of iterations:             128
 Conv. threshold (gradient):             1.00e-05
 Conv. threshold (energy):               1.00e-06
 Interpolation scheme:                   adiis+cdiis
 Initial guess:                          SAD

 ---------------------------------------------------------------
                  energy        change          grad        time
 ---------------------------------------------------------------
   0     -1247.780647408                    2.66e+00        0.03
   1     -1247.599540288      1.81e-01      4.87e-01        0.03
   2     -1243.475270245      4.12e+00      3.09e+00        0.03
   3     -1247.421290518     -3.95e+00      8.78e-01        0.03
   4     -1247.699748625     -2.78e-01      1.68e-01        0.03
   5     -1247.615735869      8.40e-02      5.67e-01        0.03
   6     -1247.699446116     -8.37e-02      1.60e-01        0.03
   7     -1247.707016155     -7.57e-03      1.37e-02        0.03
   8     -1247.706599206      4.17e-04      3.11e-02        0.04
   9     -1247.707127511     -5.28e-04      1.03e-03        0.03
  10     -1247.707128396     -8.84e-07      8.81e-04        0.03
  11     -1247.707128737     -3.41e-07      2.39e-04        0.03
  12     -1247.707128762     -2.52e-08      1.12e-04        0.03
  13     -1247.707128766     -4.12e-09      2.60e-05        0.03
  14     -1247.707128766     -5.32e-11      2.52e-05        0.03
  15     -1247.707128767     -1.83e-10      1.54e-06        0.03

 SCF converged in 15 iterations.

 Dipole moment (in Debye):              -0.000001      -0.000001      -4.735525

 Quadrupole moment (in Debye-Angstrom):
                  1            2            3
 1       -31.232688     0.000000     0.000001
 2         0.000000   -31.232688     0.000001
 3         0.000001     0.000001   -28.354576

 Spin-squared expectation <S^2>:         2.026
 Total spin quantum number S:            1.009
 TOTAL ENERGY:                       -1247.707128767

 --------------------------------------------------------------------------------

 End time:                               Wed Jun  2 11:49:06 2021
 Total wall-clock time:                  3.895 seconds
==================================================================================
