
================================================================================
          _____________ ________ _______________ ________     _________         
         / ___________// ______ \\_____   _____// ______ \   / ________)        
        / /_________  / /      \ \     | |     / /      \ \ | (_______          
       |  __________|| |        | |    | |    | |        | | \________ \        
        \ \_________ | |        | |    | |     \ \______/ /___________) |       
         \__________||_|        |_|    |_|      \________//____________/        
                                                                                
====================================[ Qcore ]===================================

 Git hash:   15a3e7daff0cda5fa9af010ccd19a80288182ecf
 Git date:   Fri, 16 Apr 2021 15:57:16 +0100
 Compiler:   GNU 9.1.0
 Build type: Release
 Version:    1.1.0

 Start time: Wed Jun  2 11:49:12 2021

 Data directory: /work/zw18965/.local/qcore/share/entos/1.1.0/data
 Number of threads: 24
 Number of threads was determined by: command line argument
  - More threads can be used by running 'qcore -n 32'

 --------------------------------------------------------------------------------
                                   command: dft                                  
 --------------------------------------------------------------------------------
 AO basis set:                           aug-cc-pvtz
 Number of AO basis functions:         143

 Formula:                                ClV
 Nuclear charge:                        40.000000000
 Total charge:                           0.000000000
 Number of electrons:                   40.000000000

 Number of alpha electrons:             22
 Number of beta electrons:              18
 Number of unpaired electrons:           4
 Spin:                                   4
 Multiplicity:                           quintet

 Theory:                                 dft
 Exchange-correlation functional:        blyp
 Method for Coulomb:                     incore_df
 Integral threshold:                     1.00e-12
 DF basis set:                           def2-tzvp-jkfit(spdfghi)
 Number of DF basis functions:         392
 Schwarz screening threshold:            1.00e-10
 Coulomb fitting method:                 Cholesky
 Total number of grid points:        15346
 Method for AO orthogonalization:        symmetric
 Threshold for linear dependence:        1.00e-08
 D3BJ dispersion energy:                -0.003501960

 -------------------------------------
  Running unrestricted open-shell SCF 
 -------------------------------------
 Max number of iterations:             128
 Conv. threshold (gradient):             1.00e-05
 Conv. threshold (energy):               1.00e-06
 Interpolation scheme:                   adiis+cdiis
 Initial guess:                          SAD

 ---------------------------------------------------------------
                  energy        change          grad        time
 ---------------------------------------------------------------
   0     -1404.241522993                    2.02e+00        0.03
   1     -1404.232817364      8.71e-03      2.79e-01        0.03
   2     -1403.909251287      3.24e-01      1.13e+00        0.02
   3     -1404.232581900     -3.23e-01      3.55e-01        0.03
   4     -1404.115312056      1.17e-01      8.34e-01        0.03
   5     -1404.266774787     -1.51e-01      1.49e-01        0.06
   6     -1404.241197552      2.56e-02      3.48e-01        0.03
   7     -1404.269170271     -2.80e-02      1.09e-01        0.03
   8     -1404.271993287     -2.82e-03      4.35e-02        0.03
   9     -1404.271232674      7.61e-04      7.04e-02        0.03
  10     -1404.272815603     -1.58e-03      2.87e-04        0.03
  11     -1404.272815631     -2.82e-08      1.76e-04        0.03
  12     -1404.272815638     -7.13e-09      5.65e-05        0.03
  13     -1404.272815639     -8.42e-10      8.54e-06        0.03

 SCF converged in 13 iterations.

 Dipole moment (in Debye):              -0.000000      -0.000000      -3.841471

 Quadrupole moment (in Debye-Angstrom):
                  1            2            3
 1       -29.958214    -1.071440     0.000001
 2        -1.071440   -29.958165     0.000001
 3         0.000001     0.000001   -27.216115

 Spin-squared expectation <S^2>:         6.011
 Total spin quantum number S:            2.002
 TOTAL ENERGY:                       -1404.272815639

 --------------------------------------------------------------------------------

 End time:                               Wed Jun  2 11:49:16 2021
 Total wall-clock time:                  4.026 seconds
==================================================================================
