
================================================================================
          _____________ ________ _______________ ________     _________         
         / ___________// ______ \\_____   _____// ______ \   / ________)        
        / /_________  / /      \ \     | |     / /      \ \ | (_______          
       |  __________|| |        | |    | |    | |        | | \________ \        
        \ \_________ | |        | |    | |     \ \______/ /___________) |       
         \__________||_|        |_|    |_|      \________//____________/        
                                                                                
====================================[ Qcore ]===================================

 Git hash:   15a3e7daff0cda5fa9af010ccd19a80288182ecf
 Git date:   Fri, 16 Apr 2021 15:57:16 +0100
 Compiler:   GNU 9.1.0
 Build type: Release
 Version:    1.1.0

 Start time: Wed Jun  2 11:49:16 2021

 Data directory: /work/zw18965/.local/qcore/share/entos/1.1.0/data
 Number of threads: 24
 Number of threads was determined by: command line argument
  - More threads can be used by running 'qcore -n 32'

 --------------------------------------------------------------------------------
                                   command: dft                                  
 --------------------------------------------------------------------------------
 AO basis set:                           aug-cc-pvtz
 Number of AO basis functions:         152

 Formula:                                VBr
 Nuclear charge:                        58.000000000
 Total charge:                           0.000000000
 Number of electrons:                   58.000000000

 Number of alpha electrons:             31
 Number of beta electrons:              27
 Number of unpaired electrons:           4
 Spin:                                   4
 Multiplicity:                           quintet

 Theory:                                 dft
 Exchange-correlation functional:        blyp
 Method for Coulomb:                     incore_df
 Integral threshold:                     1.00e-12
 DF basis set:                           def2-tzvp-jkfit(spdfghi)
 Number of DF basis functions:         530
 Schwarz screening threshold:            1.00e-10
 Coulomb fitting method:                 Cholesky
 Total number of grid points:        16016
 Method for AO orthogonalization:        symmetric
 Threshold for linear dependence:        1.00e-08
 D3BJ dispersion energy:                -0.003964899

 -------------------------------------
  Running unrestricted open-shell SCF 
 -------------------------------------
 Max number of iterations:             128
 Conv. threshold (gradient):             1.00e-05
 Conv. threshold (energy):               1.00e-06
 Interpolation scheme:                   adiis+cdiis
 Initial guess:                          SAD

 ---------------------------------------------------------------
                  energy        change          grad        time
 ---------------------------------------------------------------
   0     -3518.281420656                    2.80e+00        0.03
   1     -3518.252030169      2.94e-02      2.46e-01        0.03
   2     -3518.149222272      1.03e-01      5.88e-01        0.03
   3     -3518.257463400     -1.08e-01      3.31e-01        0.03
   4     -3518.161025208      9.64e-02      7.33e-01        0.04
   5     -3518.274597743     -1.14e-01      1.74e-01        0.04
   6     -3518.280593616     -6.00e-03      1.01e-01        0.04
   7     -3518.280870190     -2.77e-04      9.73e-02        0.04
   8     -3518.282574370     -1.70e-03      2.57e-02        0.04
   9     -3518.282918430     -3.44e-04      3.00e-03        0.04
  10     -3518.282920650     -2.22e-06      2.62e-04        0.03
  11     -3518.282920669     -1.84e-08      9.64e-05        0.03
  12     -3518.282920671     -2.10e-09      6.03e-05        0.03
  13     -3518.282920672     -8.06e-10      4.91e-06        0.03

 SCF converged in 13 iterations.

 Dipole moment (in Debye):               0.000000       0.000000      -3.899118

 Quadrupole moment (in Debye-Angstrom):
                  1            2            3
 1       -35.987768     1.135610    -0.000002
 2         1.135610   -35.987803    -0.000002
 3        -0.000002    -0.000002   -29.062794

 Spin-squared expectation <S^2>:         6.015
 Total spin quantum number S:            2.003
 TOTAL ENERGY:                       -3518.282920672

 --------------------------------------------------------------------------------

 End time:                               Wed Jun  2 11:49:22 2021
 Total wall-clock time:                  5.332 seconds
==================================================================================
