
================================================================================
          _____________ ________ _______________ ________     _________         
         / ___________// ______ \\_____   _____// ______ \   / ________)        
        / /_________  / /      \ \     | |     / /      \ \ | (_______          
       |  __________|| |        | |    | |    | |        | | \________ \        
        \ \_________ | |        | |    | |     \ \______/ /___________) |       
         \__________||_|        |_|    |_|      \________//____________/        
                                                                                
====================================[ Qcore ]===================================

 Git hash:   15a3e7daff0cda5fa9af010ccd19a80288182ecf
 Git date:   Fri, 16 Apr 2021 15:57:16 +0100
 Compiler:   GNU 9.1.0
 Build type: Release
 Version:    1.1.0

 Start time: Wed Jun  2 11:49:22 2021

 Data directory: /work/zw18965/.local/qcore/share/entos/1.1.0/data
 Number of threads: 24
 Number of threads was determined by: command line argument
  - More threads can be used by running 'qcore -n 32'

 --------------------------------------------------------------------------------
                                   command: dft                                  
 --------------------------------------------------------------------------------
 AO basis set:                           aug-cc-pvtz
 Number of AO basis functions:         139

 Formula:                                OV
 Nuclear charge:                        31.000000000
 Total charge:                           0.000000000
 Number of electrons:                   31.000000000

 Number of alpha electrons:             17
 Number of beta electrons:              14
 Number of unpaired electrons:           3
 Spin:                                   3
 Multiplicity:                           quartet

 Theory:                                 dft
 Exchange-correlation functional:        blyp
 Method for Coulomb:                     incore_df
 Integral threshold:                     1.00e-12
 DF basis set:                           def2-tzvp-jkfit(spdfghi)
 Number of DF basis functions:         341
 Schwarz screening threshold:            1.00e-10
 Coulomb fitting method:                 Cholesky
 Total number of grid points:        14796
 Method for AO orthogonalization:        symmetric
 Threshold for linear dependence:        1.00e-08
 D3BJ dispersion energy:                -0.001669989

 -------------------------------------
  Running unrestricted open-shell SCF 
 -------------------------------------
 Max number of iterations:             128
 Conv. threshold (gradient):             1.00e-05
 Conv. threshold (energy):               1.00e-06
 Interpolation scheme:                   adiis+cdiis
 Initial guess:                          SAD

 ---------------------------------------------------------------
                  energy        change          grad        time
 ---------------------------------------------------------------
   0     -1019.259904848                    2.94e+00        0.03
   1     -1018.890174374      3.70e-01      1.22e+00        0.02
   2     -1006.299085844      1.26e+01      8.92e+00        0.03
   3     -1016.713354959     -1.04e+01      2.82e+00        0.02
   4     -1019.165796250     -2.45e+00      7.33e-01        0.02
   5     -1019.258573033     -9.28e-02      3.79e-01        0.02
   6     -1019.278656083     -2.01e-02      2.86e-01        0.03
   7     -1019.295098735     -1.64e-02      1.44e-01        0.03
   8     -1019.300341500     -5.24e-03      9.50e-02        0.03
   9     -1019.294773091      5.57e-03      1.61e-01        0.03
  10     -1019.302403788     -7.63e-03      1.85e-03        0.03
  11     -1019.302404520     -7.32e-07      5.37e-04        0.03
  12     -1019.302404605     -8.45e-08      1.25e-04        0.03
  13     -1019.302404611     -6.32e-09      8.50e-06        0.03

 SCF converged in 13 iterations.

 Dipole moment (in Debye):               0.000000       0.000000      -3.341943

 Quadrupole moment (in Debye-Angstrom):
                  1            2            3
 1       -22.008076     0.000000    -0.000001
 2         0.000000   -22.008076    -0.000001
 3        -0.000001    -0.000001   -22.929309

 Spin-squared expectation <S^2>:         3.782
 Total spin quantum number S:            1.508
 TOTAL ENERGY:                       -1019.302404611

 --------------------------------------------------------------------------------

 End time:                               Wed Jun  2 11:49:25 2021
 Total wall-clock time:                  3.441 seconds
==================================================================================
