
================================================================================
          _____________ ________ _______________ ________     _________         
         / ___________// ______ \\_____   _____// ______ \   / ________)        
        / /_________  / /      \ \     | |     / /      \ \ | (_______          
       |  __________|| |        | |    | |    | |        | | \________ \        
        \ \_________ | |        | |    | |     \ \______/ /___________) |       
         \__________||_|        |_|    |_|      \________//____________/        
                                                                                
====================================[ Qcore ]===================================

 Git hash:   15a3e7daff0cda5fa9af010ccd19a80288182ecf
 Git date:   Fri, 16 Apr 2021 15:57:16 +0100
 Compiler:   GNU 9.1.0
 Build type: Release
 Version:    1.1.0

 Start time: Wed Jun  2 11:49:49 2021

 Data directory: /work/zw18965/.local/qcore/share/entos/1.1.0/data
 Number of threads: 24
 Number of threads was determined by: command line argument
  - More threads can be used by running 'qcore -n 32'

 --------------------------------------------------------------------------------
                                   command: dft                                  
 --------------------------------------------------------------------------------
 AO basis set:                           aug-cc-pvtz
 Number of AO basis functions:         143

 Formula:                                SCr
 Nuclear charge:                        40.000000000
 Total charge:                           0.000000000
 Number of electrons:                   40.000000000

 Number of alpha electrons:             22
 Number of beta electrons:              18
 Number of unpaired electrons:           4
 Spin:                                   4
 Multiplicity:                           quintet

 Theory:                                 dft
 Exchange-correlation functional:        blyp
 Method for Coulomb:                     incore_df
 Integral threshold:                     1.00e-12
 DF basis set:                           def2-tzvp-jkfit(spdfghi)
 Number of DF basis functions:         392
 Schwarz screening threshold:            1.00e-10
 Coulomb fitting method:                 Cholesky
 Total number of grid points:        15178
 Method for AO orthogonalization:        symmetric
 Threshold for linear dependence:        1.00e-08
 D3BJ dispersion energy:                -0.003752334

 -------------------------------------
  Running unrestricted open-shell SCF 
 -------------------------------------
 Max number of iterations:             128
 Conv. threshold (gradient):             1.00e-05
 Conv. threshold (energy):               1.00e-06
 Interpolation scheme:                   adiis+cdiis
 Initial guess:                          SAD

 ---------------------------------------------------------------
                  energy        change          grad        time
 ---------------------------------------------------------------
   0     -1442.698843146                    2.74e+00        0.03
   1     -1442.112545454      5.86e-01      1.63e+00        0.03
   2     -1427.217428677      1.49e+01      5.68e+00        0.03
   3     -1438.821761897     -1.16e+01      3.86e+00        0.03
   4     -1442.528340268     -3.71e+00      1.05e+00        0.03
   5     -1442.670347841     -1.42e-01      6.17e-01        0.03
   6     -1442.735662410     -6.53e-02      2.41e-01        0.03
   7     -1442.741370362     -5.71e-03      1.84e-01        0.03
   8     -1442.745680035     -4.31e-03      7.34e-02        0.03
   9     -1442.738910445      6.77e-03      2.00e-01        0.03
  10     -1442.747608772     -8.70e-03      2.21e-02        0.06
  11     -1442.747722405     -1.14e-04      2.06e-03        0.03
  12     -1442.747723996     -1.59e-06      6.54e-04        0.03
  13     -1442.747724086     -8.93e-08      1.84e-04        0.03
  14     -1442.747724093     -7.34e-09      6.74e-05        0.03
  15     -1442.747724094     -7.96e-10      2.46e-05        0.03
  16     -1442.747724094     -1.12e-10      2.21e-06        0.03

 SCF converged in 16 iterations.

 Dipole moment (in Debye):              -0.000000      -0.000000      -4.567992

 Quadrupole moment (in Debye-Angstrom):
                  1            2            3
 1       -29.703233     1.300343     0.000001
 2         1.300343   -29.704374     0.000001
 3         0.000001     0.000001   -26.582620

 Spin-squared expectation <S^2>:         6.246
 Total spin quantum number S:            2.049
 TOTAL ENERGY:                       -1442.747724094

 --------------------------------------------------------------------------------

 End time:                               Wed Jun  2 11:49:53 2021
 Total wall-clock time:                  3.879 seconds
==================================================================================
