
================================================================================
          _____________ ________ _______________ ________     _________         
         / ___________// ______ \\_____   _____// ______ \   / ________)        
        / /_________  / /      \ \     | |     / /      \ \ | (_______          
       |  __________|| |        | |    | |    | |        | | \________ \        
        \ \_________ | |        | |    | |     \ \______/ /___________) |       
         \__________||_|        |_|    |_|      \________//____________/        
                                                                                
====================================[ Qcore ]===================================

 Git hash:   15a3e7daff0cda5fa9af010ccd19a80288182ecf
 Git date:   Fri, 16 Apr 2021 15:57:16 +0100
 Compiler:   GNU 9.1.0
 Build type: Release
 Version:    1.1.0

 Start time: Wed Jun  2 11:49:56 2021

 Data directory: /work/zw18965/.local/qcore/share/entos/1.1.0/data
 Number of threads: 24
 Number of threads was determined by: command line argument
  - More threads can be used by running 'qcore -n 32'

 --------------------------------------------------------------------------------
                                   command: dft                                  
 --------------------------------------------------------------------------------
 AO basis set:                           aug-cc-pvtz
 Number of AO basis functions:         139

 Formula:                                FMn
 Nuclear charge:                        34.000000000
 Total charge:                           0.000000000
 Number of electrons:                   34.000000000

 Number of alpha electrons:             20
 Number of beta electrons:              14
 Number of unpaired electrons:           6
 Spin:                                   6
 Multiplicity:                           octet

 Theory:                                 dft
 Exchange-correlation functional:        blyp
 Method for Coulomb:                     incore_df
 Integral threshold:                     1.00e-12
 DF basis set:                           def2-tzvp-jkfit(spdfghi)
 Number of DF basis functions:         341
 Schwarz screening threshold:            1.00e-10
 Coulomb fitting method:                 Cholesky
 Total number of grid points:        14748
 Method for AO orthogonalization:        symmetric
 Threshold for linear dependence:        1.00e-08
 D3BJ dispersion energy:                -0.001009378

 -------------------------------------
  Running unrestricted open-shell SCF 
 -------------------------------------
 Max number of iterations:             128
 Conv. threshold (gradient):             1.00e-05
 Conv. threshold (energy):               1.00e-06
 Interpolation scheme:                   adiis+cdiis
 Initial guess:                          SAD

 ---------------------------------------------------------------
                  energy        change          grad        time
 ---------------------------------------------------------------
   0     -1250.785787695                    1.93e+00        0.03
   1     -1250.877039172     -9.13e-02      5.74e-01        0.02
   2     -1243.805547629      7.07e+00      5.08e+00        0.02
   3     -1250.118422039     -6.31e+00      1.77e+00        0.02
   4     -1250.936906721     -8.18e-01      4.18e-01        0.03
   5     -1250.971702626     -3.48e-02      1.71e-01        0.02
   6     -1250.975827034     -4.12e-03      1.02e-01        0.03
   7     -1250.978426265     -2.60e-03      3.95e-02        0.03
   8     -1250.976894860      1.53e-03      7.44e-02        0.03
   9     -1250.978954563     -2.06e-03      1.60e-04        0.02
  10     -1250.978954569     -6.16e-09      8.56e-05        0.02
  11     -1250.978954571     -2.04e-09      1.07e-05        0.03
  12     -1250.978954571     -3.93e-11      4.07e-06        0.03

 SCF converged in 12 iterations.

 Dipole moment (in Debye):               0.000000       0.000000      -2.106920

 Quadrupole moment (in Debye-Angstrom):
                  1            2            3
 1       -19.982126     0.000000     0.000000
 2         0.000000   -19.982126     0.000000
 3         0.000000     0.000000   -27.273328

 Spin-squared expectation <S^2>:        12.002
 Total spin quantum number S:            3.000
 TOTAL ENERGY:                       -1250.978954571

 --------------------------------------------------------------------------------

 End time:                               Wed Jun  2 11:49:59 2021
 Total wall-clock time:                  3.371 seconds
==================================================================================
