
================================================================================
          _____________ ________ _______________ ________     _________         
         / ___________// ______ \\_____   _____// ______ \   / ________)        
        / /_________  / /      \ \     | |     / /      \ \ | (_______          
       |  __________|| |        | |    | |    | |        | | \________ \        
        \ \_________ | |        | |    | |     \ \______/ /___________) |       
         \__________||_|        |_|    |_|      \________//____________/        
                                                                                
====================================[ Qcore ]===================================

 Git hash:   15a3e7daff0cda5fa9af010ccd19a80288182ecf
 Git date:   Fri, 16 Apr 2021 15:57:16 +0100
 Compiler:   GNU 9.1.0
 Build type: Release
 Version:    1.1.0

 Start time: Wed Jun  2 11:49:59 2021

 Data directory: /work/zw18965/.local/qcore/share/entos/1.1.0/data
 Number of threads: 24
 Number of threads was determined by: command line argument
  - More threads can be used by running 'qcore -n 32'

 --------------------------------------------------------------------------------
                                   command: dft                                  
 --------------------------------------------------------------------------------
 AO basis set:                           aug-cc-pvtz
 Number of AO basis functions:         143

 Formula:                                ClMn
 Nuclear charge:                        42.000000000
 Total charge:                           0.000000000
 Number of electrons:                   42.000000000

 Number of alpha electrons:             24
 Number of beta electrons:              18
 Number of unpaired electrons:           6
 Spin:                                   6
 Multiplicity:                           octet

 Theory:                                 dft
 Exchange-correlation functional:        blyp
 Method for Coulomb:                     incore_df
 Integral threshold:                     1.00e-12
 DF basis set:                           def2-tzvp-jkfit(spdfghi)
 Number of DF basis functions:         392
 Schwarz screening threshold:            1.00e-10
 Coulomb fitting method:                 Cholesky
 Total number of grid points:        15430
 Method for AO orthogonalization:        symmetric
 Threshold for linear dependence:        1.00e-08
 D3BJ dispersion energy:                -0.002861790

 -------------------------------------
  Running unrestricted open-shell SCF 
 -------------------------------------
 Max number of iterations:             128
 Conv. threshold (gradient):             1.00e-05
 Conv. threshold (energy):               1.00e-06
 Interpolation scheme:                   adiis+cdiis
 Initial guess:                          SAD

 ---------------------------------------------------------------
                  energy        change          grad        time
 ---------------------------------------------------------------
   0     -1611.212567757                    2.09e+00        0.03
   1     -1611.302462184     -8.99e-02      2.36e-01        0.03
   2     -1610.417423338      8.85e-01      1.83e+00        0.02
   3     -1611.269395645     -8.52e-01      3.14e-01        0.02
   4     -1611.329584163     -6.02e-02      5.93e-02        0.02
   5     -1611.319694079      9.89e-03      1.44e-01        0.03
   6     -1611.330988662     -1.13e-02      1.26e-02        0.05
   7     -1611.331058356     -6.97e-05      3.32e-03        0.04
   8     -1611.331063693     -5.34e-06      5.71e-04        0.03
   9     -1611.331063815     -1.21e-07      6.25e-05        0.03
  10     -1611.331063816     -1.41e-09      2.49e-05        0.03
  11     -1611.331063816     -3.10e-10      4.96e-06        0.02

 SCF converged in 11 iterations.

 Dipole moment (in Debye):               0.000000       0.000000      -2.291792

 Quadrupole moment (in Debye-Angstrom):
                  1            2            3
 1       -28.489454    -0.000000     0.000000
 2        -0.000000   -28.489454     0.000000
 3         0.000000     0.000000   -33.545909

 Spin-squared expectation <S^2>:        12.003
 Total spin quantum number S:            3.000
 TOTAL ENERGY:                       -1611.331063816

 --------------------------------------------------------------------------------

 End time:                               Wed Jun  2 11:50:03 2021
 Total wall-clock time:                  3.721 seconds
==================================================================================
