
================================================================================
          _____________ ________ _______________ ________     _________         
         / ___________// ______ \\_____   _____// ______ \   / ________)        
        / /_________  / /      \ \     | |     / /      \ \ | (_______          
       |  __________|| |        | |    | |    | |        | | \________ \        
        \ \_________ | |        | |    | |     \ \______/ /___________) |       
         \__________||_|        |_|    |_|      \________//____________/        
                                                                                
====================================[ Qcore ]===================================

 Git hash:   15a3e7daff0cda5fa9af010ccd19a80288182ecf
 Git date:   Fri, 16 Apr 2021 15:57:16 +0100
 Compiler:   GNU 9.1.0
 Build type: Release
 Version:    1.1.0

 Start time: Wed Jun  2 11:50:03 2021

 Data directory: /work/zw18965/.local/qcore/share/entos/1.1.0/data
 Number of threads: 24
 Number of threads was determined by: command line argument
  - More threads can be used by running 'qcore -n 32'

 --------------------------------------------------------------------------------
                                   command: dft                                  
 --------------------------------------------------------------------------------
 AO basis set:                           aug-cc-pvtz
 Number of AO basis functions:         152

 Formula:                                MnBr
 Nuclear charge:                        60.000000000
 Total charge:                           0.000000000
 Number of electrons:                   60.000000000

 Number of alpha electrons:             33
 Number of beta electrons:              27
 Number of unpaired electrons:           6
 Spin:                                   6
 Multiplicity:                           octet

 Theory:                                 dft
 Exchange-correlation functional:        blyp
 Method for Coulomb:                     incore_df
 Integral threshold:                     1.00e-12
 DF basis set:                           def2-tzvp-jkfit(spdfghi)
 Number of DF basis functions:         530
 Schwarz screening threshold:            1.00e-10
 Coulomb fitting method:                 Cholesky
 Total number of grid points:        16100
 Method for AO orthogonalization:        symmetric
 Threshold for linear dependence:        1.00e-08
 D3BJ dispersion energy:                -0.003225328

 -------------------------------------
  Running unrestricted open-shell SCF 
 -------------------------------------
 Max number of iterations:             128
 Conv. threshold (gradient):             1.00e-05
 Conv. threshold (energy):               1.00e-06
 Interpolation scheme:                   adiis+cdiis
 Initial guess:                          SAD

 ---------------------------------------------------------------
                  energy        change          grad        time
 ---------------------------------------------------------------
   0     -3725.248839837                    2.83e+00        0.03
   1     -3725.325128680     -7.63e-02      1.70e-01        0.03
   2     -3725.280023567      4.51e-02      3.28e-01        0.03
   3     -3725.337908730     -5.79e-02      1.13e-01        0.03
   4     -3725.321424833      1.65e-02      2.09e-01        0.03
   5     -3725.341978452     -2.06e-02      4.13e-02        0.03
   6     -3725.342321640     -3.43e-04      3.51e-02        0.03
   7     -3725.342830020     -5.08e-04      1.34e-03        0.04
   8     -3725.342830867     -8.48e-07      5.86e-04        0.03
   9     -3725.342831061     -1.93e-07      6.32e-05        0.03
  10     -3725.342831062     -1.16e-09      3.53e-05        0.03
  11     -3725.342831063     -5.73e-10      8.54e-06        0.03

 SCF converged in 11 iterations.

 Dipole moment (in Debye):               0.000000       0.000000      -2.246043

 Quadrupole moment (in Debye-Angstrom):
                  1            2            3
 1       -34.559266     0.000000    -0.000001
 2         0.000000   -34.559266    -0.000001
 3        -0.000001    -0.000001   -37.016519

 Spin-squared expectation <S^2>:        12.003
 Total spin quantum number S:            3.000
 TOTAL ENERGY:                       -3725.342831063

 --------------------------------------------------------------------------------

 End time:                               Wed Jun  2 11:50:08 2021
 Total wall-clock time:                  5.186 seconds
==================================================================================
