
================================================================================
          _____________ ________ _______________ ________     _________         
         / ___________// ______ \\_____   _____// ______ \   / ________)        
        / /_________  / /      \ \     | |     / /      \ \ | (_______          
       |  __________|| |        | |    | |    | |        | | \________ \        
        \ \_________ | |        | |    | |     \ \______/ /___________) |       
         \__________||_|        |_|    |_|      \________//____________/        
                                                                                
====================================[ Qcore ]===================================

 Git hash:   15a3e7daff0cda5fa9af010ccd19a80288182ecf
 Git date:   Fri, 16 Apr 2021 15:57:16 +0100
 Compiler:   GNU 9.1.0
 Build type: Release
 Version:    1.1.0

 Start time: Wed Jun  2 11:50:08 2021

 Data directory: /work/zw18965/.local/qcore/share/entos/1.1.0/data
 Number of threads: 24
 Number of threads was determined by: command line argument
  - More threads can be used by running 'qcore -n 32'

 --------------------------------------------------------------------------------
                                   command: dft                                  
 --------------------------------------------------------------------------------
 AO basis set:                           aug-cc-pvtz
 Number of AO basis functions:         139

 Formula:                                OMn
 Nuclear charge:                        33.000000000
 Total charge:                           0.000000000
 Number of electrons:                   33.000000000

 Number of alpha electrons:             19
 Number of beta electrons:              14
 Number of unpaired electrons:           5
 Spin:                                   5
 Multiplicity:                           septet

 Theory:                                 dft
 Exchange-correlation functional:        blyp
 Method for Coulomb:                     incore_df
 Integral threshold:                     1.00e-12
 DF basis set:                           def2-tzvp-jkfit(spdfghi)
 Number of DF basis functions:         341
 Schwarz screening threshold:            1.00e-10
 Coulomb fitting method:                 Cholesky
 Total number of grid points:        14880
 Method for AO orthogonalization:        symmetric
 Threshold for linear dependence:        1.00e-08
 D3BJ dispersion energy:                -0.001375736

 -------------------------------------
  Running unrestricted open-shell SCF 
 -------------------------------------
 Max number of iterations:             128
 Conv. threshold (gradient):             1.00e-05
 Conv. threshold (energy):               1.00e-06
 Interpolation scheme:                   adiis+cdiis
 Initial guess:                          SAD

 ---------------------------------------------------------------
                  energy        change          grad        time
 ---------------------------------------------------------------
   0     -1226.225736292                    2.76e+00        0.03
   1     -1225.969538328      2.56e-01      1.10e+00        0.02
   2     -1216.649841056      9.32e+00      6.46e+00        0.02
   3     -1224.455517727     -7.81e+00      2.50e+00        0.02
   4     -1226.009390256     -1.55e+00      1.04e+00        0.02
   5     -1225.908466141      1.01e-01      1.22e+00        0.03
   6     -1226.297400823     -3.89e-01      2.86e-01        0.03
   7     -1226.270999596      2.64e-02      4.21e-01        0.03
   8     -1226.305709200     -3.47e-02      2.13e-01        0.03
   9     -1226.309127179     -3.42e-03      1.42e-01        0.03
  10     -1226.315698199     -6.57e-03      4.78e-02        0.03
  11     -1226.310668858      5.03e-03      1.52e-01        0.03
  12     -1226.316217648     -5.55e-03      4.46e-04        0.03
  13     -1226.316217765     -1.17e-07      3.27e-04        0.03
  14     -1226.316217788     -2.31e-08      4.11e-05        0.03
  15     -1226.316217788     -6.20e-10      1.74e-05        0.02
  16     -1226.316217789     -8.39e-11      1.24e-06        0.02

 SCF converged in 16 iterations.

 Dipole moment (in Debye):              -0.000000      -0.000000      -4.299562

 Quadrupole moment (in Debye-Angstrom):
                  1            2            3
 1       -20.471529    -0.000000    -0.000000
 2        -0.000000   -20.471529    -0.000000
 3        -0.000000    -0.000000   -22.783350

 Spin-squared expectation <S^2>:         8.780
 Total spin quantum number S:            2.505
 TOTAL ENERGY:                       -1226.316217789

 --------------------------------------------------------------------------------

 End time:                               Wed Jun  2 11:50:12 2021
 Total wall-clock time:                  3.491 seconds
==================================================================================
