
================================================================================
          _____________ ________ _______________ ________     _________         
         / ___________// ______ \\_____   _____// ______ \   / ________)        
        / /_________  / /      \ \     | |     / /      \ \ | (_______          
       |  __________|| |        | |    | |    | |        | | \________ \        
        \ \_________ | |        | |    | |     \ \______/ /___________) |       
         \__________||_|        |_|    |_|      \________//____________/        
                                                                                
====================================[ Qcore ]===================================

 Git hash:   15a3e7daff0cda5fa9af010ccd19a80288182ecf
 Git date:   Fri, 16 Apr 2021 15:57:16 +0100
 Compiler:   GNU 9.1.0
 Build type: Release
 Version:    1.1.0

 Start time: Wed Jun  2 11:50:12 2021

 Data directory: /work/zw18965/.local/qcore/share/entos/1.1.0/data
 Number of threads: 24
 Number of threads was determined by: command line argument
  - More threads can be used by running 'qcore -n 32'

 --------------------------------------------------------------------------------
                                   command: dft                                  
 --------------------------------------------------------------------------------
 AO basis set:                           aug-cc-pvtz
 Number of AO basis functions:         143

 Formula:                                SMn
 Nuclear charge:                        41.000000000
 Total charge:                           0.000000000
 Number of electrons:                   41.000000000

 Number of alpha electrons:             23
 Number of beta electrons:              18
 Number of unpaired electrons:           5
 Spin:                                   5
 Multiplicity:                           septet

 Theory:                                 dft
 Exchange-correlation functional:        blyp
 Method for Coulomb:                     incore_df
 Integral threshold:                     1.00e-12
 DF basis set:                           def2-tzvp-jkfit(spdfghi)
 Number of DF basis functions:         392
 Schwarz screening threshold:            1.00e-10
 Coulomb fitting method:                 Cholesky
 Total number of grid points:        15286
 Method for AO orthogonalization:        symmetric
 Threshold for linear dependence:        1.00e-08
 D3BJ dispersion energy:                -0.003235960

 -------------------------------------
  Running unrestricted open-shell SCF 
 -------------------------------------
 Max number of iterations:             128
 Conv. threshold (gradient):             1.00e-05
 Conv. threshold (energy):               1.00e-06
 Interpolation scheme:                   adiis+cdiis
 Initial guess:                          SAD

 ---------------------------------------------------------------
                  energy        change          grad        time
 ---------------------------------------------------------------
   0     -1549.286188068                    2.89e+00        0.03
   1     -1549.226766175      5.94e-02      4.11e-01        0.03
   2     -1548.566214577      6.61e-01      1.26e+00        0.02
   3     -1549.243246958     -6.77e-01      4.69e-01        0.03
   4     -1548.951223586      2.92e-01      1.16e+00        0.03
   5     -1549.298979410     -3.48e-01      1.38e-01        0.03
   6     -1549.267112026      3.19e-02      4.11e-01        0.03
   7     -1549.295786121     -2.87e-02      1.28e-01        0.03
   8     -1549.302572919     -6.79e-03      1.03e-01        0.03
   9     -1549.300082531      2.49e-03      1.31e-01        0.03
  10     -1549.304903586     -4.82e-03      4.31e-02        0.04
  11     -1549.305120639     -2.17e-04      2.52e-02        0.03
  12     -1549.305529359     -4.09e-04      2.88e-04        0.03
  13     -1549.305529389     -2.98e-08      2.57e-04        0.02
  14     -1549.305529405     -1.65e-08      1.34e-05        0.03
  15     -1549.305529405      8.64e-11      2.49e-05        0.03
  16     -1549.305529405     -1.74e-10      1.37e-06        0.03

 SCF converged in 16 iterations.

 Dipole moment (in Debye):               0.000000       0.000000      -4.972637

 Quadrupole moment (in Debye-Angstrom):
                  1            2            3
 1       -29.322881     0.000000     0.000000
 2         0.000000   -29.322881     0.000000
 3         0.000000     0.000000   -26.636456

 Spin-squared expectation <S^2>:         8.793
 Total spin quantum number S:            2.507
 TOTAL ENERGY:                       -1549.305529405

 --------------------------------------------------------------------------------

 End time:                               Wed Jun  2 11:50:16 2021
 Total wall-clock time:                  3.993 seconds
==================================================================================
