
================================================================================
          _____________ ________ _______________ ________     _________         
         / ___________// ______ \\_____   _____// ______ \   / ________)        
        / /_________  / /      \ \     | |     / /      \ \ | (_______          
       |  __________|| |        | |    | |    | |        | | \________ \        
        \ \_________ | |        | |    | |     \ \______/ /___________) |       
         \__________||_|        |_|    |_|      \________//____________/        
                                                                                
====================================[ Qcore ]===================================

 Git hash:   15a3e7daff0cda5fa9af010ccd19a80288182ecf
 Git date:   Fri, 16 Apr 2021 15:57:16 +0100
 Compiler:   GNU 9.1.0
 Build type: Release
 Version:    1.1.0

 Start time: Wed Jun  2 11:50:16 2021

 Data directory: /work/zw18965/.local/qcore/share/entos/1.1.0/data
 Number of threads: 24
 Number of threads was determined by: command line argument
  - More threads can be used by running 'qcore -n 32'

 --------------------------------------------------------------------------------
                                   command: dft                                  
 --------------------------------------------------------------------------------
 AO basis set:                           aug-cc-pvtz
 Number of AO basis functions:         116

 Formula:                                HFe
 Nuclear charge:                        27.000000000
 Total charge:                           0.000000000
 Number of electrons:                   27.000000000

 Number of alpha electrons:             15
 Number of beta electrons:              12
 Number of unpaired electrons:           3
 Spin:                                   3
 Multiplicity:                           quartet

 Theory:                                 dft
 Exchange-correlation functional:        blyp
 Method for Coulomb:                     incore_df
 Integral threshold:                     1.00e-12
 DF basis set:                           def2-tzvp-jkfit(spdfghi)
 Number of DF basis functions:         282
 Schwarz screening threshold:            1.00e-10
 Coulomb fitting method:                 Cholesky
 Total number of grid points:        13826
 Method for AO orthogonalization:        symmetric
 Threshold for linear dependence:        1.00e-08
 D3BJ dispersion energy:                -0.000854450

 -------------------------------------
  Running unrestricted open-shell SCF 
 -------------------------------------
 Max number of iterations:             128
 Conv. threshold (gradient):             1.00e-05
 Conv. threshold (energy):               1.00e-06
 Interpolation scheme:                   adiis+cdiis
 Initial guess:                          SAD

 ---------------------------------------------------------------
                  energy        change          grad        time
 ---------------------------------------------------------------
   0     -1264.197083610                    1.87e+00        0.03
   1     -1264.160412686      3.67e-02      7.39e-01        0.02
   2     -1251.218437894      1.29e+01      3.65e+00        0.01
   3     -1262.581165844     -1.14e+01      2.44e+00        0.01
   4     -1264.154100036     -1.57e+00      9.27e-01        0.02
   5     -1264.318602176     -1.65e-01      3.45e-01        0.02
   6     -1264.309273416      9.33e-03      4.49e-01        0.02
   7     -1264.345643225     -3.64e-02      5.97e-02        0.02
   8     -1264.337316115      8.33e-03      1.92e-01        0.02
   9     -1264.346946397     -9.63e-03      1.87e-02        0.02
  10     -1264.346974279     -2.79e-05      1.38e-02        0.02
  11     -1264.347023642     -4.94e-05      3.04e-03        0.02
  12     -1264.347025565     -1.92e-06      2.16e-04        0.02
  13     -1264.347025617     -5.15e-08      1.53e-04        0.02
  14     -1264.347025620     -3.12e-09      1.24e-04        0.02
  15     -1264.347025623     -3.64e-09      2.60e-05        0.02
  16     -1264.347025623     -1.36e-10      3.83e-06        0.02

 SCF converged in 16 iterations.

 Dipole moment (in Debye):               0.000003       0.000003      -2.186309

 Quadrupole moment (in Debye-Angstrom):
                  1            2            3
 1       -16.937588     0.875815    -0.000007
 2         0.875815   -16.937588    -0.000007
 3        -0.000007    -0.000007   -17.296997

 Spin-squared expectation <S^2>:         3.794
 Total spin quantum number S:            1.511
 TOTAL ENERGY:                       -1264.347025623

 --------------------------------------------------------------------------------

 End time:                               Wed Jun  2 11:50:19 2021
 Total wall-clock time:                  3.214 seconds
==================================================================================
