
================================================================================
          _____________ ________ _______________ ________     _________         
         / ___________// ______ \\_____   _____// ______ \   / ________)        
        / /_________  / /      \ \     | |     / /      \ \ | (_______          
       |  __________|| |        | |    | |    | |        | | \________ \        
        \ \_________ | |        | |    | |     \ \______/ /___________) |       
         \__________||_|        |_|    |_|      \________//____________/        
                                                                                
====================================[ Qcore ]===================================

 Git hash:   15a3e7daff0cda5fa9af010ccd19a80288182ecf
 Git date:   Fri, 16 Apr 2021 15:57:16 +0100
 Compiler:   GNU 9.1.0
 Build type: Release
 Version:    1.1.0

 Start time: Wed Jun  2 11:50:23 2021

 Data directory: /work/zw18965/.local/qcore/share/entos/1.1.0/data
 Number of threads: 24
 Number of threads was determined by: command line argument
  - More threads can be used by running 'qcore -n 32'

 --------------------------------------------------------------------------------
                                   command: dft                                  
 --------------------------------------------------------------------------------
 AO basis set:                           aug-cc-pvtz
 Number of AO basis functions:         143

 Formula:                                ClFe
 Nuclear charge:                        43.000000000
 Total charge:                           0.000000000
 Number of electrons:                   43.000000000

 Number of alpha electrons:             24
 Number of beta electrons:              19
 Number of unpaired electrons:           5
 Spin:                                   5
 Multiplicity:                           septet

 Theory:                                 dft
 Exchange-correlation functional:        blyp
 Method for Coulomb:                     incore_df
 Integral threshold:                     1.00e-12
 DF basis set:                           def2-tzvp-jkfit(spdfghi)
 Number of DF basis functions:         392
 Schwarz screening threshold:            1.00e-10
 Coulomb fitting method:                 Cholesky
 Total number of grid points:        15430
 Method for AO orthogonalization:        symmetric
 Threshold for linear dependence:        1.00e-08
 D3BJ dispersion energy:                -0.002689833

 -------------------------------------
  Running unrestricted open-shell SCF 
 -------------------------------------
 Max number of iterations:             128
 Conv. threshold (gradient):             1.00e-05
 Conv. threshold (energy):               1.00e-06
 Interpolation scheme:                   adiis+cdiis
 Initial guess:                          SAD

 ---------------------------------------------------------------
                  energy        change          grad        time
 ---------------------------------------------------------------
   0     -1723.987783586                    2.17e+00        0.03
   1     -1724.019588214     -3.18e-02      1.58e-01        0.03
   2     -1723.816515246      2.03e-01      1.00e+00        0.03
   3     -1724.029646915     -2.13e-01      1.66e-01        0.02
   4     -1724.022265576      7.38e-03      1.92e-01        0.02
   5     -1724.033399906     -1.11e-02      9.78e-02        0.03
   6     -1724.038601701     -5.20e-03      3.91e-02        0.03
   7     -1724.039483300     -8.82e-04      4.68e-03        0.03
   8     -1724.039493662     -1.04e-05      7.40e-04        0.03
   9     -1724.039493864     -2.02e-07      9.23e-05        0.03
  10     -1724.039493861      3.10e-09      1.02e-04        0.03
  11     -1724.039493867     -5.36e-09      2.26e-05        0.03
  12     -1724.039493867     -2.96e-10      2.15e-06        0.03

 SCF converged in 12 iterations.

 Dipole moment (in Debye):              -0.000000      -0.000000      -1.544539

 Quadrupole moment (in Debye-Angstrom):
                  1            2            3
 1       -28.157971    -0.000000     0.000000
 2        -0.000000   -28.157971     0.000000
 3         0.000000     0.000000   -32.077356

 Spin-squared expectation <S^2>:         8.754
 Total spin quantum number S:            2.501
 TOTAL ENERGY:                       -1724.039493867

 --------------------------------------------------------------------------------

 End time:                               Wed Jun  2 11:50:27 2021
 Total wall-clock time:                  3.853 seconds
==================================================================================
