
================================================================================
          _____________ ________ _______________ ________     _________         
         / ___________// ______ \\_____   _____// ______ \   / ________)        
        / /_________  / /      \ \     | |     / /      \ \ | (_______          
       |  __________|| |        | |    | |    | |        | | \________ \        
        \ \_________ | |        | |    | |     \ \______/ /___________) |       
         \__________||_|        |_|    |_|      \________//____________/        
                                                                                
====================================[ Qcore ]===================================

 Git hash:   15a3e7daff0cda5fa9af010ccd19a80288182ecf
 Git date:   Fri, 16 Apr 2021 15:57:16 +0100
 Compiler:   GNU 9.1.0
 Build type: Release
 Version:    1.1.0

 Start time: Wed Jun  2 11:50:27 2021

 Data directory: /work/zw18965/.local/qcore/share/entos/1.1.0/data
 Number of threads: 24
 Number of threads was determined by: command line argument
  - More threads can be used by running 'qcore -n 32'

 --------------------------------------------------------------------------------
                                   command: dft                                  
 --------------------------------------------------------------------------------
 AO basis set:                           aug-cc-pvtz
 Number of AO basis functions:         152

 Formula:                                FeBr
 Nuclear charge:                        61.000000000
 Total charge:                           0.000000000
 Number of electrons:                   61.000000000

 Number of alpha electrons:             33
 Number of beta electrons:              28
 Number of unpaired electrons:           5
 Spin:                                   5
 Multiplicity:                           septet

 Theory:                                 dft
 Exchange-correlation functional:        blyp
 Method for Coulomb:                     incore_df
 Integral threshold:                     1.00e-12
 DF basis set:                           def2-tzvp-jkfit(spdfghi)
 Number of DF basis functions:         530
 Schwarz screening threshold:            1.00e-10
 Coulomb fitting method:                 Cholesky
 Total number of grid points:        16100
 Method for AO orthogonalization:        symmetric
 Threshold for linear dependence:        1.00e-08
 D3BJ dispersion energy:                -0.003040245

 -------------------------------------
  Running unrestricted open-shell SCF 
 -------------------------------------
 Max number of iterations:             128
 Conv. threshold (gradient):             1.00e-05
 Conv. threshold (energy):               1.00e-06
 Interpolation scheme:                   adiis+cdiis
 Initial guess:                          SAD

 ---------------------------------------------------------------
                  energy        change          grad        time
 ---------------------------------------------------------------
   0     -3838.021460387                    2.92e+00        0.03
   1     -3837.969675507      5.18e-02      4.42e-01        0.03
   2     -3836.225806166      1.74e+00      2.97e+00        0.03
   3     -3837.713920606     -1.49e+00      1.25e+00        0.04
   4     -3838.033905650     -3.20e-01      1.92e-01        0.04
   5     -3838.011541918      2.24e-02      2.85e-01        0.03
   6     -3838.050806292     -3.93e-02      3.26e-02        0.03
   7     -3838.046381119      4.43e-03      1.02e-01        0.04
   8     -3838.051330642     -4.95e-03      7.65e-03        0.03
   9     -3838.051355745     -2.51e-05      3.00e-03        0.03
  10     -3838.051360365     -4.62e-06      3.47e-04        0.03
  11     -3838.051360400     -3.57e-08      2.15e-04        0.03
  12     -3838.051360426     -2.58e-08      2.28e-05        0.03
  13     -3838.051360426     -2.65e-10      5.57e-06        0.03

 SCF converged in 13 iterations.

 Dipole moment (in Debye):               0.000000       0.000000      -1.407309

 Quadrupole moment (in Debye-Angstrom):
                  1            2            3
 1       -34.143166    -0.000000    -0.000001
 2        -0.000000   -34.143166    -0.000001
 3        -0.000001    -0.000001   -36.302357

 Spin-squared expectation <S^2>:         8.754
 Total spin quantum number S:            2.501
 TOTAL ENERGY:                       -3838.051360426

 --------------------------------------------------------------------------------

 End time:                               Wed Jun  2 11:50:32 2021
 Total wall-clock time:                  5.286 seconds
==================================================================================
