
================================================================================
          _____________ ________ _______________ ________     _________         
         / ___________// ______ \\_____   _____// ______ \   / ________)        
        / /_________  / /      \ \     | |     / /      \ \ | (_______          
       |  __________|| |        | |    | |    | |        | | \________ \        
        \ \_________ | |        | |    | |     \ \______/ /___________) |       
         \__________||_|        |_|    |_|      \________//____________/        
                                                                                
====================================[ Qcore ]===================================

 Git hash:   15a3e7daff0cda5fa9af010ccd19a80288182ecf
 Git date:   Fri, 16 Apr 2021 15:57:16 +0100
 Compiler:   GNU 9.1.0
 Build type: Release
 Version:    1.1.0

 Start time: Wed Jun  2 11:50:32 2021

 Data directory: /work/zw18965/.local/qcore/share/entos/1.1.0/data
 Number of threads: 24
 Number of threads was determined by: command line argument
  - More threads can be used by running 'qcore -n 32'

 --------------------------------------------------------------------------------
                                   command: dft                                  
 --------------------------------------------------------------------------------
 AO basis set:                           aug-cc-pvtz
 Number of AO basis functions:         139

 Formula:                                OFe
 Nuclear charge:                        34.000000000
 Total charge:                           0.000000000
 Number of electrons:                   34.000000000

 Number of alpha electrons:             19
 Number of beta electrons:              15
 Number of unpaired electrons:           4
 Spin:                                   4
 Multiplicity:                           quintet

 Theory:                                 dft
 Exchange-correlation functional:        blyp
 Method for Coulomb:                     incore_df
 Integral threshold:                     1.00e-12
 DF basis set:                           def2-tzvp-jkfit(spdfghi)
 Number of DF basis functions:         341
 Schwarz screening threshold:            1.00e-10
 Coulomb fitting method:                 Cholesky
 Total number of grid points:        14880
 Method for AO orthogonalization:        symmetric
 Threshold for linear dependence:        1.00e-08
 D3BJ dispersion energy:                -0.001301420

 -------------------------------------
  Running unrestricted open-shell SCF 
 -------------------------------------
 Max number of iterations:             128
 Conv. threshold (gradient):             1.00e-05
 Conv. threshold (energy):               1.00e-06
 Interpolation scheme:                   adiis+cdiis
 Initial guess:                          SAD

 ---------------------------------------------------------------
                  energy        change          grad        time
 ---------------------------------------------------------------
   0     -1339.000470024                    2.99e+00        0.02
   1     -1338.774087900      2.26e-01      9.24e-01        0.03
   2     -1331.631146170      7.14e+00      4.17e+00        0.03
   3     -1338.008835611     -6.38e+00      1.65e+00        0.02
   4     -1338.059796452     -5.10e-02      1.93e+00        0.02
   5     -1339.013871858     -9.54e-01      2.83e-01        0.03
   6     -1338.975026376      3.88e-02      4.47e-01        0.03
   7     -1338.911964917      6.31e-02      6.93e-01        0.03
   8     -1339.030519753     -1.19e-01      1.60e-01        0.04
   9     -1338.957086470      7.34e-02      5.44e-01        0.03
  10     -1339.026552943     -6.95e-02      2.05e-01        0.03
  11     -1339.032001027     -5.45e-03      1.27e-01        0.04
  12     -1339.035586829     -3.59e-03      3.72e-02        0.04
  13     -1339.033583515      2.00e-03      9.33e-02        0.03
  14     -1339.035902848     -2.32e-03      1.18e-03        0.03
  15     -1339.035903194     -3.46e-07      1.73e-04        0.02
  16     -1339.035903201     -7.62e-09      6.24e-05        0.02
  17     -1339.035903202     -8.93e-10      7.04e-06        0.02

 SCF converged in 17 iterations.

 Dipole moment (in Debye):              -0.000000      -0.000000      -4.275499

 Quadrupole moment (in Debye-Angstrom):
                  1            2            3
 1       -19.926898    -0.000000    -0.000000
 2        -0.000000   -19.926898    -0.000000
 3        -0.000000    -0.000000   -21.177805

 Spin-squared expectation <S^2>:         6.015
 Total spin quantum number S:            2.003
 TOTAL ENERGY:                       -1339.035903202

 --------------------------------------------------------------------------------

 End time:                               Wed Jun  2 11:50:36 2021
 Total wall-clock time:                  3.818 seconds
==================================================================================
