
================================================================================
          _____________ ________ _______________ ________     _________         
         / ___________// ______ \\_____   _____// ______ \   / ________)        
        / /_________  / /      \ \     | |     / /      \ \ | (_______          
       |  __________|| |        | |    | |    | |        | | \________ \        
        \ \_________ | |        | |    | |     \ \______/ /___________) |       
         \__________||_|        |_|    |_|      \________//____________/        
                                                                                
====================================[ Qcore ]===================================

 Git hash:   15a3e7daff0cda5fa9af010ccd19a80288182ecf
 Git date:   Fri, 16 Apr 2021 15:57:16 +0100
 Compiler:   GNU 9.1.0
 Build type: Release
 Version:    1.1.0

 Start time: Wed Jun  2 11:50:36 2021

 Data directory: /work/zw18965/.local/qcore/share/entos/1.1.0/data
 Number of threads: 24
 Number of threads was determined by: command line argument
  - More threads can be used by running 'qcore -n 32'

 --------------------------------------------------------------------------------
                                   command: dft                                  
 --------------------------------------------------------------------------------
 AO basis set:                           aug-cc-pvtz
 Number of AO basis functions:         143

 Formula:                                SFe
 Nuclear charge:                        42.000000000
 Total charge:                           0.000000000
 Number of electrons:                   42.000000000

 Number of alpha electrons:             23
 Number of beta electrons:              19
 Number of unpaired electrons:           4
 Spin:                                   4
 Multiplicity:                           quintet

 Theory:                                 dft
 Exchange-correlation functional:        blyp
 Method for Coulomb:                     incore_df
 Integral threshold:                     1.00e-12
 DF basis set:                           def2-tzvp-jkfit(spdfghi)
 Number of DF basis functions:         392
 Schwarz screening threshold:            1.00e-10
 Coulomb fitting method:                 Cholesky
 Total number of grid points:        15286
 Method for AO orthogonalization:        symmetric
 Threshold for linear dependence:        1.00e-08
 D3BJ dispersion energy:                -0.003056081

 -------------------------------------
  Running unrestricted open-shell SCF 
 -------------------------------------
 Max number of iterations:             128
 Conv. threshold (gradient):             1.00e-05
 Conv. threshold (energy):               1.00e-06
 Interpolation scheme:                   adiis+cdiis
 Initial guess:                          SAD

 ---------------------------------------------------------------
                  energy        change          grad        time
 ---------------------------------------------------------------
   0     -1662.059986214                    3.19e+00        0.03
   1     -1661.823193043      2.37e-01      7.85e-01        0.03
   2     -1648.434699370      1.34e+01      3.67e+00        0.03
   3     -1659.373470186     -1.09e+01      3.35e+00        0.03
   4     -1661.647868126     -2.27e+00      1.35e+00        0.03
   5     -1661.997616102     -3.50e-01      3.47e-01        0.03
   6     -1661.929167202      6.84e-02      5.54e-01        0.03
   7     -1661.908021025      2.11e-02      7.92e-01        0.03
   8     -1662.020496139     -1.12e-01      1.47e-01        0.03
   9     -1662.021754519     -1.26e-03      9.11e-02        0.03
  10     -1662.019110932      2.64e-03      1.71e-01        0.04
  11     -1662.026866090     -7.76e-03      1.13e-02        0.03
  12     -1662.026887705     -2.16e-05      3.92e-03        0.03
  13     -1662.026891314     -3.61e-06      9.51e-04        0.03
  14     -1662.026891580     -2.67e-07      4.59e-05        0.03
  15     -1662.026891579      1.16e-09      7.50e-05        0.03
  16     -1662.026891581     -1.59e-09      9.06e-06        0.03

 SCF converged in 16 iterations.

 Dipole moment (in Debye):               0.000000       0.000000      -4.570091

 Quadrupole moment (in Debye-Angstrom):
                  1            2            3
 1       -28.643397    -0.000002    -0.000000
 2        -0.000002   -28.643397    -0.000000
 3        -0.000000    -0.000000   -25.412335

 Spin-squared expectation <S^2>:         6.022
 Total spin quantum number S:            2.004
 TOTAL ENERGY:                       -1662.026891581

 --------------------------------------------------------------------------------

 End time:                               Wed Jun  2 11:50:40 2021
 Total wall-clock time:                  4.176 seconds
==================================================================================
