
================================================================================
          _____________ ________ _______________ ________     _________         
         / ___________// ______ \\_____   _____// ______ \   / ________)        
        / /_________  / /      \ \     | |     / /      \ \ | (_______          
       |  __________|| |        | |    | |    | |        | | \________ \        
        \ \_________ | |        | |    | |     \ \______/ /___________) |       
         \__________||_|        |_|    |_|      \________//____________/        
                                                                                
====================================[ Qcore ]===================================

 Git hash:   15a3e7daff0cda5fa9af010ccd19a80288182ecf
 Git date:   Fri, 16 Apr 2021 15:57:16 +0100
 Compiler:   GNU 9.1.0
 Build type: Release
 Version:    1.1.0

 Start time: Wed Jun  2 11:50:44 2021

 Data directory: /work/zw18965/.local/qcore/share/entos/1.1.0/data
 Number of threads: 24
 Number of threads was determined by: command line argument
  - More threads can be used by running 'qcore -n 32'

 --------------------------------------------------------------------------------
                                   command: dft                                  
 --------------------------------------------------------------------------------
 AO basis set:                           aug-cc-pvtz
 Number of AO basis functions:         139

 Formula:                                FCo
 Nuclear charge:                        36.000000000
 Total charge:                           0.000000000
 Number of electrons:                   36.000000000

 Number of alpha electrons:             19
 Number of beta electrons:              17
 Number of unpaired electrons:           2
 Spin:                                   2
 Multiplicity:                           triplet

 Theory:                                 dft
 Exchange-correlation functional:        blyp
 Method for Coulomb:                     incore_df
 Integral threshold:                     1.00e-12
 DF basis set:                           def2-tzvp-jkfit(spdfghi)
 Number of DF basis functions:         341
 Schwarz screening threshold:            1.00e-10
 Coulomb fitting method:                 Cholesky
 Total number of grid points:        14748
 Method for AO orthogonalization:        symmetric
 Threshold for linear dependence:        1.00e-08
 D3BJ dispersion energy:                -0.000970232

 -------------------------------------
  Running unrestricted open-shell SCF 
 -------------------------------------
 Max number of iterations:             128
 Conv. threshold (gradient):             1.00e-05
 Conv. threshold (energy):               1.00e-06
 Interpolation scheme:                   adiis+cdiis
 Initial guess:                          SAD

 ---------------------------------------------------------------
                  energy        change          grad        time
 ---------------------------------------------------------------
   0     -1482.710484895                    1.72e+00        0.03
   1     -1482.525866469      1.85e-01      1.02e+00        0.02
   2     -1472.362040746      1.02e+01      5.63e+00        0.02
   3     -1480.413720920     -8.05e+00      2.88e+00        0.02
   4     -1482.629977477     -2.22e+00      6.47e-01        0.02
   5     -1482.752609691     -1.23e-01      2.18e-01        0.03
   6     -1482.721720608      3.09e-02      3.64e-01        0.02
   7     -1482.744191029     -2.25e-02      2.60e-01        0.03
   8     -1482.758083908     -1.39e-02      1.30e-01        0.03
   9     -1482.760499541     -2.42e-03      9.77e-02        0.03
  10     -1482.763147546     -2.65e-03      3.26e-02        0.03
  11     -1482.763386204     -2.39e-04      5.99e-03        0.03
  12     -1482.763397088     -1.09e-05      1.77e-03        0.02
  13     -1482.763398184     -1.10e-06      3.48e-04        0.02
  14     -1482.763398420     -2.35e-07      4.07e-04        0.03
  15     -1482.763397905      5.15e-07      4.51e-05        0.03
  16     -1482.763397903      1.71e-09      1.44e-05        0.03
  17     -1482.763397903      1.14e-11      1.53e-05        0.03
  18     -1482.763397903     -6.23e-11      5.05e-06        0.03

 SCF converged in 18 iterations.

 Dipole moment (in Debye):               0.000001       0.000001      -4.292189

 Quadrupole moment (in Debye-Angstrom):
                  1            2            3
 1       -19.460691     0.000000     0.000000
 2         0.000000   -19.460691     0.000000
 3         0.000000     0.000000   -18.505534

 Spin-squared expectation <S^2>:         2.082
 Total spin quantum number S:            1.027
 TOTAL ENERGY:                       -1482.763397903

 --------------------------------------------------------------------------------

 End time:                               Wed Jun  2 11:50:47 2021
 Total wall-clock time:                  3.634 seconds
==================================================================================
