
================================================================================
          _____________ ________ _______________ ________     _________         
         / ___________// ______ \\_____   _____// ______ \   / ________)        
        / /_________  / /      \ \     | |     / /      \ \ | (_______          
       |  __________|| |        | |    | |    | |        | | \________ \        
        \ \_________ | |        | |    | |     \ \______/ /___________) |       
         \__________||_|        |_|    |_|      \________//____________/        
                                                                                
====================================[ Qcore ]===================================

 Git hash:   15a3e7daff0cda5fa9af010ccd19a80288182ecf
 Git date:   Fri, 16 Apr 2021 15:57:16 +0100
 Compiler:   GNU 9.1.0
 Build type: Release
 Version:    1.1.0

 Start time: Wed Jun  2 11:51:01 2021

 Data directory: /work/zw18965/.local/qcore/share/entos/1.1.0/data
 Number of threads: 24
 Number of threads was determined by: command line argument
  - More threads can be used by running 'qcore -n 32'

 --------------------------------------------------------------------------------
                                   command: dft                                  
 --------------------------------------------------------------------------------
 AO basis set:                           aug-cc-pvtz
 Number of AO basis functions:         143

 Formula:                                SCo
 Nuclear charge:                        43.000000000
 Total charge:                           0.000000000
 Number of electrons:                   43.000000000

 Number of alpha electrons:             23
 Number of beta electrons:              20
 Number of unpaired electrons:           3
 Spin:                                   3
 Multiplicity:                           quartet

 Theory:                                 dft
 Exchange-correlation functional:        blyp
 Method for Coulomb:                     incore_df
 Integral threshold:                     1.00e-12
 DF basis set:                           def2-tzvp-jkfit(spdfghi)
 Number of DF basis functions:         392
 Schwarz screening threshold:            1.00e-10
 Coulomb fitting method:                 Cholesky
 Total number of grid points:        15286
 Method for AO orthogonalization:        symmetric
 Threshold for linear dependence:        1.00e-08
 D3BJ dispersion energy:                -0.003110339

 -------------------------------------
  Running unrestricted open-shell SCF 
 -------------------------------------
 Max number of iterations:             128
 Conv. threshold (gradient):             1.00e-05
 Conv. threshold (energy):               1.00e-06
 Interpolation scheme:                   adiis+cdiis
 Initial guess:                          SAD

 ---------------------------------------------------------------
                  energy        change          grad        time
 ---------------------------------------------------------------
   0     -1781.197697027                    3.48e+00        0.03
   1     -1780.599720353      5.98e-01      1.69e+00        0.03
   2     -1770.389230045      1.02e+01      4.05e+00        0.03
   3     -1778.272149358     -7.88e+00      3.09e+00        0.03
   4     -1780.952279622     -2.68e+00      7.53e-01        0.03
   5     -1781.063642668     -1.11e-01      2.51e-01        0.03
   6     -1780.943783412      1.20e-01      9.65e-01        0.03
   7     -1781.108697993     -1.65e-01      4.87e-02        0.03
   8     -1781.102884234      5.81e-03      1.23e-01        0.03
   9     -1781.110200648     -7.32e-03      1.16e-02        0.03
  10     -1781.110227271     -2.66e-05      3.30e-03        0.03
  11     -1781.110229952     -2.68e-06      3.65e-04        0.03
  12     -1781.110230031     -7.93e-08      9.82e-05        0.03
  13     -1781.110230033     -2.69e-09      8.71e-05        0.03
  14     -1781.110230036     -2.02e-09      2.03e-05        0.03
  15     -1781.110230036     -8.75e-11      4.75e-06        0.03

 SCF converged in 15 iterations.

 Dipole moment (in Debye):               0.000001       0.000001      -3.568945

 Quadrupole moment (in Debye-Angstrom):
                  1            2            3
 1       -28.565892     0.000000    -0.000000
 2         0.000000   -28.565892    -0.000000
 3        -0.000000    -0.000000   -24.580033

 Spin-squared expectation <S^2>:         3.765
 Total spin quantum number S:            1.504
 TOTAL ENERGY:                       -1781.110230036

 --------------------------------------------------------------------------------

 End time:                               Wed Jun  2 11:51:05 2021
 Total wall-clock time:                  4.070 seconds
==================================================================================
