
================================================================================
          _____________ ________ _______________ ________     _________         
         / ___________// ______ \\_____   _____// ______ \   / ________)        
        / /_________  / /      \ \     | |     / /      \ \ | (_______          
       |  __________|| |        | |    | |    | |        | | \________ \        
        \ \_________ | |        | |    | |     \ \______/ /___________) |       
         \__________||_|        |_|    |_|      \________//____________/        
                                                                                
====================================[ Qcore ]===================================

 Git hash:   15a3e7daff0cda5fa9af010ccd19a80288182ecf
 Git date:   Fri, 16 Apr 2021 15:57:16 +0100
 Compiler:   GNU 9.1.0
 Build type: Release
 Version:    1.1.0

 Start time: Wed Jun  2 11:51:06 2021

 Data directory: /work/zw18965/.local/qcore/share/entos/1.1.0/data
 Number of threads: 24
 Number of threads was determined by: command line argument
  - More threads can be used by running 'qcore -n 32'

 --------------------------------------------------------------------------------
                                   command: dft                                  
 --------------------------------------------------------------------------------
 AO basis set:                           aug-cc-pvtz
 Number of AO basis functions:         116

 Formula:                                HNi
 Nuclear charge:                        29.000000000
 Total charge:                           0.000000000
 Number of electrons:                   29.000000000

 Number of alpha electrons:             15
 Number of beta electrons:              14
 Number of unpaired electrons:           1
 Spin:                                   1
 Multiplicity:                           doublet

 Theory:                                 dft
 Exchange-correlation functional:        blyp
 Method for Coulomb:                     incore_df
 Integral threshold:                     1.00e-12
 DF basis set:                           def2-tzvp-jkfit(spdfghi)
 Number of DF basis functions:         282
 Schwarz screening threshold:            1.00e-10
 Coulomb fitting method:                 Cholesky
 Total number of grid points:        13826
 Method for AO orthogonalization:        symmetric
 Threshold for linear dependence:        1.00e-08
 D3BJ dispersion energy:                -0.000951415

 -------------------------------------
  Running unrestricted open-shell SCF 
 -------------------------------------
 Max number of iterations:             128
 Conv. threshold (gradient):             1.00e-05
 Conv. threshold (energy):               1.00e-06
 Interpolation scheme:                   adiis+cdiis
 Initial guess:                          SAD

 ---------------------------------------------------------------
                  energy        change          grad        time
 ---------------------------------------------------------------
   0     -1508.958128425                    2.06e+00        0.02
   1     -1508.886933636      7.12e-02      6.26e-01        0.02
   2     -1484.240315877      2.46e+01      6.57e+00        0.02
   3     -1506.261752396     -2.20e+01      3.31e+00        0.02
   4     -1508.753795862     -2.49e+00      1.16e+00        0.01
   5     -1509.010972512     -2.57e-01      1.45e-01        0.02
   6     -1508.979823187      3.11e-02      3.51e-01        0.02
   7     -1509.009869351     -3.00e-02      2.24e-01        0.02
   8     -1509.017761256     -7.89e-03      5.51e-02        0.02
   9     -1509.017794036     -3.28e-05      5.98e-02        0.02
  10     -1509.018413757     -6.20e-04      7.62e-03        0.02
  11     -1509.018421031     -7.27e-06      3.47e-03        0.02
  12     -1509.018423281     -2.25e-06      4.44e-04        0.02
  13     -1509.018423318     -3.74e-08      1.74e-04        0.02
  14     -1509.018423326     -7.83e-09      1.86e-05        0.02
  15     -1509.018423326     -1.75e-10      4.27e-06        0.02

 SCF converged in 15 iterations.

 Dipole moment (in Debye):               0.000000      -0.000000      -2.061589

 Quadrupole moment (in Debye-Angstrom):
                  1            2            3
 1       -15.876158     0.000000     0.000000
 2         0.000000   -15.876158     0.000000
 3         0.000000     0.000000   -15.617361

 Spin-squared expectation <S^2>:         0.759
 Total spin quantum number S:            0.504
 TOTAL ENERGY:                       -1509.018423326

 --------------------------------------------------------------------------------

 End time:                               Wed Jun  2 11:51:09 2021
 Total wall-clock time:                  3.071 seconds
==================================================================================
