
================================================================================
          _____________ ________ _______________ ________     _________         
         / ___________// ______ \\_____   _____// ______ \   / ________)        
        / /_________  / /      \ \     | |     / /      \ \ | (_______          
       |  __________|| |        | |    | |    | |        | | \________ \        
        \ \_________ | |        | |    | |     \ \______/ /___________) |       
         \__________||_|        |_|    |_|      \________//____________/        
                                                                                
====================================[ Qcore ]===================================

 Git hash:   15a3e7daff0cda5fa9af010ccd19a80288182ecf
 Git date:   Fri, 16 Apr 2021 15:57:16 +0100
 Compiler:   GNU 9.1.0
 Build type: Release
 Version:    1.1.0

 Start time: Wed Jun  2 11:51:13 2021

 Data directory: /work/zw18965/.local/qcore/share/entos/1.1.0/data
 Number of threads: 24
 Number of threads was determined by: command line argument
  - More threads can be used by running 'qcore -n 32'

 --------------------------------------------------------------------------------
                                   command: dft                                  
 --------------------------------------------------------------------------------
 AO basis set:                           aug-cc-pvtz
 Number of AO basis functions:         143

 Formula:                                ClNi
 Nuclear charge:                        45.000000000
 Total charge:                           0.000000000
 Number of electrons:                   45.000000000

 Number of alpha electrons:             23
 Number of beta electrons:              22
 Number of unpaired electrons:           1
 Spin:                                   1
 Multiplicity:                           doublet

 Theory:                                 dft
 Exchange-correlation functional:        blyp
 Method for Coulomb:                     incore_df
 Integral threshold:                     1.00e-12
 DF basis set:                           def2-tzvp-jkfit(spdfghi)
 Number of DF basis functions:         392
 Schwarz screening threshold:            1.00e-10
 Coulomb fitting method:                 Cholesky
 Total number of grid points:        15430
 Method for AO orthogonalization:        symmetric
 Threshold for linear dependence:        1.00e-08
 D3BJ dispersion energy:                -0.002879893

 -------------------------------------
  Running unrestricted open-shell SCF 
 -------------------------------------
 Max number of iterations:             128
 Conv. threshold (gradient):             1.00e-05
 Conv. threshold (energy):               1.00e-06
 Interpolation scheme:                   adiis+cdiis
 Initial guess:                          SAD

 ---------------------------------------------------------------
                  energy        change          grad        time
 ---------------------------------------------------------------
   0     -1968.755045617                    2.40e+00        0.03
   1     -1968.614735038      1.40e-01      4.96e-01        0.02
   2     -1957.333008799      1.13e+01      7.29e+00        0.03
   3     -1966.975269531     -9.64e+00      2.48e+00        0.03
   4     -1968.567124602     -1.59e+00      6.71e-01        0.03
   5     -1968.689243417     -1.22e-01      2.72e-01        0.03
   6     -1968.307798504      3.81e-01      1.44e+00        0.02
   7     -1968.665802329     -3.58e-01      3.70e-01        0.03
   8     -1968.701060414     -3.53e-02      1.51e-01        0.03
   9     -1968.698477756      2.58e-03      2.22e-01        0.03
  10     -1968.700939589     -2.46e-03      1.27e-01        0.04
  11     -1968.693194097      7.75e-03      2.01e-01        0.04
  12     -1968.702909046     -9.71e-03      1.13e-01        0.04
  13     -1968.699640439      3.27e-03      1.97e-01        0.03
  14     -1968.691738044      7.90e-03      2.24e-01        0.04
  15     -1968.702875096     -1.11e-02      1.27e-01        0.04
  16     -1968.698892297      3.98e-03      2.09e-01        0.04
  17     -1968.695036355      3.86e-03      2.05e-01        0.04
  18     -1968.703808260     -8.77e-03      9.83e-02        0.03
  19     -1968.700269089      3.54e-03      1.94e-01        0.04
  20     -1968.702095619     -1.83e-03      1.13e-01        0.03
  21     -1968.701500855      5.95e-04      1.25e-01        0.03
  22     -1968.701517282     -1.64e-05      1.26e-01        0.02
  23     -1968.701588040     -7.08e-05      1.26e-01        0.06
  24     -1968.695921746      5.67e-03      2.23e-01        0.03
  25     -1968.702615561     -6.69e-03      1.06e-01        0.03
  26     -1968.704449824     -1.83e-03      6.15e-02        0.02
  27     -1968.704810408     -3.61e-04      4.35e-02        0.03
  28     -1968.693863916      1.09e-02      2.54e-01        0.03
  29     -1968.694392082     -5.28e-04      2.49e-01        0.03
  30     -1968.694658528     -2.66e-04      2.48e-01        0.03
  31     -1968.693346026      1.31e-03      2.55e-01        0.03
  32     -1968.695753223     -2.41e-03      2.48e-01        0.02
  33     -1968.695767757     -1.45e-05      2.37e-01        0.03
  34     -1968.697399649     -1.63e-03      2.23e-01        0.03
  35     -1968.697402294     -2.65e-06      2.34e-01        0.03
  36     -1968.697409190     -6.90e-06      2.34e-01        0.03
  37     -1968.701190569     -3.78e-03      1.89e-01        0.03
  38     -1968.708111729     -6.92e-03      3.34e-02        0.02
  39     -1968.708289552     -1.78e-04      8.07e-03        0.03
  40     -1968.708295643     -6.09e-06      6.81e-03        0.03
  41     -1968.708297760     -2.12e-06      7.46e-03        0.03
  42     -1968.708277942      1.98e-05      4.14e-03        0.03
  43     -1968.708281628     -3.69e-06      3.57e-03        0.03
  44     -1968.708277974      3.65e-06      2.35e-03        0.03
  45     -1968.708276128      1.85e-06      1.68e-03        0.03
  46     -1968.708280479     -4.35e-06      1.39e-03        0.03
  47     -1968.708293681     -1.32e-05      1.94e-03        0.02
  48     -1968.708299924     -6.24e-06      1.37e-03        0.02
  49     -1968.708303119     -3.19e-06      9.25e-04        0.02
  50     -1968.708303074      4.49e-08      4.14e-04        0.03
  51     -1968.708303294     -2.20e-07      2.56e-04        0.02
  52     -1968.708303307     -1.26e-08      8.95e-05        0.02
  53     -1968.708303307     -2.75e-10      1.01e-04        0.02
  54     -1968.708303309     -1.80e-09      1.82e-05        0.02
  55     -1968.708303309     -6.68e-11      1.17e-05        0.02
  56     -1968.708303309     -4.30e-11      4.08e-06        0.03

 SCF converged in 56 iterations.

 Dipole moment (in Debye):              -0.000005       0.000005      -4.018007

 Quadrupole moment (in Debye-Angstrom):
                  1            2            3
 1       -27.011227    -0.679232     0.000012
 2        -0.679232   -27.011224    -0.000012
 3         0.000012    -0.000012   -23.455321

 Spin-squared expectation <S^2>:         0.775
 Total spin quantum number S:            0.512
 TOTAL ENERGY:                       -1968.708303309

 --------------------------------------------------------------------------------

 End time:                               Wed Jun  2 11:51:18 2021
 Total wall-clock time:                  5.096 seconds
==================================================================================
