
================================================================================
          _____________ ________ _______________ ________     _________         
         / ___________// ______ \\_____   _____// ______ \   / ________)        
        / /_________  / /      \ \     | |     / /      \ \ | (_______          
       |  __________|| |        | |    | |    | |        | | \________ \        
        \ \_________ | |        | |    | |     \ \______/ /___________) |       
         \__________||_|        |_|    |_|      \________//____________/        
                                                                                
====================================[ Qcore ]===================================

 Git hash:   15a3e7daff0cda5fa9af010ccd19a80288182ecf
 Git date:   Fri, 16 Apr 2021 15:57:16 +0100
 Compiler:   GNU 9.1.0
 Build type: Release
 Version:    1.1.0

 Start time: Wed Jun  2 11:51:27 2021

 Data directory: /work/zw18965/.local/qcore/share/entos/1.1.0/data
 Number of threads: 24
 Number of threads was determined by: command line argument
  - More threads can be used by running 'qcore -n 32'

 --------------------------------------------------------------------------------
                                   command: dft                                  
 --------------------------------------------------------------------------------
 AO basis set:                           aug-cc-pvtz
 Number of AO basis functions:         143

 Formula:                                SNi
 Nuclear charge:                        44.000000000
 Total charge:                           0.000000000
 Number of electrons:                   44.000000000

 Number of alpha electrons:             23
 Number of beta electrons:              21
 Number of unpaired electrons:           2
 Spin:                                   2
 Multiplicity:                           triplet

 Theory:                                 dft
 Exchange-correlation functional:        blyp
 Method for Coulomb:                     incore_df
 Integral threshold:                     1.00e-12
 DF basis set:                           def2-tzvp-jkfit(spdfghi)
 Number of DF basis functions:         392
 Schwarz screening threshold:            1.00e-10
 Coulomb fitting method:                 Cholesky
 Total number of grid points:        15286
 Method for AO orthogonalization:        symmetric
 Threshold for linear dependence:        1.00e-08
 D3BJ dispersion energy:                -0.003259130

 -------------------------------------
  Running unrestricted open-shell SCF 
 -------------------------------------
 Max number of iterations:             128
 Conv. threshold (gradient):             1.00e-05
 Conv. threshold (energy):               1.00e-06
 Interpolation scheme:                   adiis+cdiis
 Initial guess:                          SAD

 ---------------------------------------------------------------
                  energy        change          grad        time
 ---------------------------------------------------------------
   0     -1906.808038642                    3.49e+00        0.03
   1     -1906.607398735      2.01e-01      5.14e-01        0.03
   2     -1896.339642402      1.03e+01      7.67e+00        0.03
   3     -1905.494970279     -9.16e+00      2.78e+00        0.03
   4     -1906.617675076     -1.12e+00      4.41e-01        0.02
   5     -1906.483454490      1.34e-01      8.38e-01        0.03
   6     -1906.680875883     -1.97e-01      9.33e-02        0.03
   7     -1906.617937926      6.29e-02      5.64e-01        0.03
   8     -1906.682084872     -6.41e-02      4.48e-02        0.03
   9     -1906.682571354     -4.86e-04      9.57e-03        0.03
  10     -1906.682589930     -1.86e-05      2.32e-03        0.02
  11     -1906.682591373     -1.44e-06      9.97e-05        0.03
  12     -1906.682591381     -7.51e-09      4.69e-05        0.03
  13     -1906.682591381     -4.28e-10      3.75e-05        0.03
  14     -1906.682591382     -3.67e-10      1.53e-05        0.03
  15     -1906.682591382     -6.05e-11      4.32e-06        0.02

 SCF converged in 15 iterations.

 Dipole moment (in Debye):               0.000000       0.000000      -3.250287

 Quadrupole moment (in Debye-Angstrom):
                  1            2            3
 1       -27.723419    -0.000000     0.000001
 2        -0.000000   -27.723419     0.000001
 3         0.000001     0.000001   -23.802193

 Spin-squared expectation <S^2>:         2.006
 Total spin quantum number S:            1.002
 TOTAL ENERGY:                       -1906.682591382

 --------------------------------------------------------------------------------

 End time:                               Wed Jun  2 11:51:31 2021
 Total wall-clock time:                  4.039 seconds
==================================================================================
