
================================================================================
          _____________ ________ _______________ ________     _________         
         / ___________// ______ \\_____   _____// ______ \   / ________)        
        / /_________  / /      \ \     | |     / /      \ \ | (_______          
       |  __________|| |        | |    | |    | |        | | \________ \        
        \ \_________ | |        | |    | |     \ \______/ /___________) |       
         \__________||_|        |_|    |_|      \________//____________/        
                                                                                
====================================[ Qcore ]===================================

 Git hash:   15a3e7daff0cda5fa9af010ccd19a80288182ecf
 Git date:   Fri, 16 Apr 2021 15:57:16 +0100
 Compiler:   GNU 9.1.0
 Build type: Release
 Version:    1.1.0

 Start time: Wed Jun  2 11:51:31 2021

 Data directory: /work/zw18965/.local/qcore/share/entos/1.1.0/data
 Number of threads: 24
 Number of threads was determined by: command line argument
  - More threads can be used by running 'qcore -n 32'

 --------------------------------------------------------------------------------
                                   command: dft                                  
 --------------------------------------------------------------------------------
 AO basis set:                           aug-cc-pvtz
 Number of AO basis functions:         116

 Formula:                                HCu
 Nuclear charge:                        30.000000000
 Total charge:                           0.000000000
 Number of electrons:                   30.000000000

 Number of alpha electrons:             15
 Number of beta electrons:              15
 Number of unpaired electrons:           0
 Spin:                                   0
 Multiplicity:                           singlet

 Theory:                                 dft
 Exchange-correlation functional:        blyp
 Method for Coulomb:                     incore_df
 Integral threshold:                     1.00e-12
 DF basis set:                           def2-tzvp-jkfit(spdfghi)
 Number of DF basis functions:         282
 Schwarz screening threshold:            1.00e-10
 Coulomb fitting method:                 Cholesky
 Total number of grid points:        13826
 Method for AO orthogonalization:        symmetric
 Threshold for linear dependence:        1.00e-08
 D3BJ dispersion energy:                -0.000765687

 -------------------------------------
  Running restricted closed-shell SCF 
 -------------------------------------
 Max number of iterations:             128
 Conv. threshold (gradient):             1.00e-05
 Conv. threshold (energy):               1.00e-06
 Interpolation scheme:                   adiis+cdiis
 Initial guess:                          SAD

 ---------------------------------------------------------------
                  energy        change          grad        time
 ---------------------------------------------------------------
   0     -1641.233567599                    4.60e+00        0.02
   1     -1641.184051652      4.95e-02      9.99e-01        0.02
   2     -1640.760543825      4.24e-01      2.56e+00        0.01
   3     -1641.195457678     -4.35e-01      8.45e-01        0.01
   4     -1641.239441990     -4.40e-02      2.05e-01        0.01
   5     -1641.217001276      2.24e-02      6.32e-01        0.01
   6     -1641.238528811     -2.15e-02      2.37e-01        0.01
   7     -1641.241656449     -3.13e-03      2.29e-02        0.01
   8     -1641.241314995      3.41e-04      8.15e-02        0.01
   9     -1641.241690095     -3.75e-04      1.54e-03        0.01
  10     -1641.241690229     -1.34e-07      2.44e-05        0.01
  11     -1641.241690229     -3.96e-11      6.08e-06        0.01

 SCF converged in 11 iterations.

 Dipole moment (in Debye):              -0.000000      -0.000000      -2.195551

 Quadrupole moment (in Debye-Angstrom):
                  1            2            3
 1       -15.197271    -0.000000     0.000000
 2        -0.000000   -15.197271     0.000000
 3         0.000000     0.000000   -14.787242

 Spin-squared expectation <S^2>:         0.000
 Total spin quantum number S:            0.000
 TOTAL ENERGY:                       -1641.241690229

 --------------------------------------------------------------------------------

 End time:                               Wed Jun  2 11:51:34 2021
 Total wall-clock time:                  2.889 seconds
==================================================================================
