
================================================================================
          _____________ ________ _______________ ________     _________         
         / ___________// ______ \\_____   _____// ______ \   / ________)        
        / /_________  / /      \ \     | |     / /      \ \ | (_______          
       |  __________|| |        | |    | |    | |        | | \________ \        
        \ \_________ | |        | |    | |     \ \______/ /___________) |       
         \__________||_|        |_|    |_|      \________//____________/        
                                                                                
====================================[ Qcore ]===================================

 Git hash:   15a3e7daff0cda5fa9af010ccd19a80288182ecf
 Git date:   Fri, 16 Apr 2021 15:57:16 +0100
 Compiler:   GNU 9.1.0
 Build type: Release
 Version:    1.1.0

 Start time: Wed Jun  2 11:51:38 2021

 Data directory: /work/zw18965/.local/qcore/share/entos/1.1.0/data
 Number of threads: 24
 Number of threads was determined by: command line argument
  - More threads can be used by running 'qcore -n 32'

 --------------------------------------------------------------------------------
                                   command: dft                                  
 --------------------------------------------------------------------------------
 AO basis set:                           aug-cc-pvtz
 Number of AO basis functions:         143

 Formula:                                ClCu
 Nuclear charge:                        46.000000000
 Total charge:                           0.000000000
 Number of electrons:                   46.000000000

 Number of alpha electrons:             23
 Number of beta electrons:              23
 Number of unpaired electrons:           0
 Spin:                                   0
 Multiplicity:                           singlet

 Theory:                                 dft
 Exchange-correlation functional:        blyp
 Method for Coulomb:                     incore_df
 Integral threshold:                     1.00e-12
 DF basis set:                           def2-tzvp-jkfit(spdfghi)
 Number of DF basis functions:         392
 Schwarz screening threshold:            1.00e-10
 Coulomb fitting method:                 Cholesky
 Total number of grid points:        15430
 Method for AO orthogonalization:        symmetric
 Threshold for linear dependence:        1.00e-08
 D3BJ dispersion energy:                -0.002509718

 -------------------------------------
  Running restricted closed-shell SCF 
 -------------------------------------
 Max number of iterations:             128
 Conv. threshold (gradient):             1.00e-05
 Conv. threshold (energy):               1.00e-06
 Interpolation scheme:                   adiis+cdiis
 Initial guess:                          SAD

 ---------------------------------------------------------------
                  energy        change          grad        time
 ---------------------------------------------------------------
   0     -2101.014708522                    5.47e+00        0.02
   1     -2100.855702715      1.59e-01      1.02e+00        0.02
   2     -2099.246335060      1.61e+00      2.94e+00        0.01
   3     -2100.740501990     -1.49e+00      1.48e+00        0.02
   4     -2100.917093252     -1.77e-01      2.89e-01        0.02
   5     -2100.874587035      4.25e-02      8.13e-01        0.02
   6     -2100.920648911     -4.61e-02      2.47e-01        0.02
   7     -2100.913128478      7.52e-03      4.96e-01        0.02
   8     -2100.928377260     -1.52e-02      3.03e-02        0.02
   9     -2100.927865681      5.12e-04      6.78e-02        0.02
  10     -2100.928481019     -6.15e-04      9.45e-04        0.02
  11     -2100.928481167     -1.49e-07      3.07e-04        0.02
  12     -2100.928481177     -9.61e-09      3.75e-05        0.02
  13     -2100.928481177     -1.80e-10      5.86e-06        0.02

 SCF converged in 13 iterations.

 Dipole moment (in Debye):              -0.000000      -0.000000      -4.319390

 Quadrupole moment (in Debye-Angstrom):
                  1            2            3
 1       -26.458494     0.000001     0.000001
 2         0.000001   -26.458494     0.000001
 3         0.000001     0.000001   -23.772060

 Spin-squared expectation <S^2>:         0.000
 Total spin quantum number S:            0.000
 TOTAL ENERGY:                       -2100.928481177

 --------------------------------------------------------------------------------

 End time:                               Wed Jun  2 11:51:41 2021
 Total wall-clock time:                  3.617 seconds
==================================================================================
