
================================================================================
          _____________ ________ _______________ ________     _________         
         / ___________// ______ \\_____   _____// ______ \   / ________)        
        / /_________  / /      \ \     | |     / /      \ \ | (_______          
       |  __________|| |        | |    | |    | |        | | \________ \        
        \ \_________ | |        | |    | |     \ \______/ /___________) |       
         \__________||_|        |_|    |_|      \________//____________/        
                                                                                
====================================[ Qcore ]===================================

 Git hash:   15a3e7daff0cda5fa9af010ccd19a80288182ecf
 Git date:   Fri, 16 Apr 2021 15:57:16 +0100
 Compiler:   GNU 9.1.0
 Build type: Release
 Version:    1.1.0

 Start time: Wed Jun  2 11:51:41 2021

 Data directory: /work/zw18965/.local/qcore/share/entos/1.1.0/data
 Number of threads: 24
 Number of threads was determined by: command line argument
  - More threads can be used by running 'qcore -n 32'

 --------------------------------------------------------------------------------
                                   command: dft                                  
 --------------------------------------------------------------------------------
 AO basis set:                           aug-cc-pvtz
 Number of AO basis functions:         152

 Formula:                                CuBr
 Nuclear charge:                        64.000000000
 Total charge:                           0.000000000
 Number of electrons:                   64.000000000

 Number of alpha electrons:             32
 Number of beta electrons:              32
 Number of unpaired electrons:           0
 Spin:                                   0
 Multiplicity:                           singlet

 Theory:                                 dft
 Exchange-correlation functional:        blyp
 Method for Coulomb:                     incore_df
 Integral threshold:                     1.00e-12
 DF basis set:                           def2-tzvp-jkfit(spdfghi)
 Number of DF basis functions:         530
 Schwarz screening threshold:            1.00e-10
 Coulomb fitting method:                 Cholesky
 Total number of grid points:        16100
 Method for AO orthogonalization:        symmetric
 Threshold for linear dependence:        1.00e-08
 D3BJ dispersion energy:                -0.002859082

 -------------------------------------
  Running restricted closed-shell SCF 
 -------------------------------------
 Max number of iterations:             128
 Conv. threshold (gradient):             1.00e-05
 Conv. threshold (energy):               1.00e-06
 Interpolation scheme:                   adiis+cdiis
 Initial guess:                          SAD

 ---------------------------------------------------------------
                  energy        change          grad        time
 ---------------------------------------------------------------
   0     -4215.056046340                    5.64e+00        0.03
   1     -4214.887058996      1.69e-01      9.31e-01        0.03
   2     -4214.186761967      7.00e-01      2.56e+00        0.03
   3     -4214.861437334     -6.75e-01      1.03e+00        0.02
   4     -4214.937548999     -7.61e-02      3.29e-01        0.02
   5     -4214.892678610      4.49e-02      8.53e-01        0.02
   6     -4214.940143442     -4.75e-02      2.71e-01        0.02
   7     -4214.944899156     -4.76e-03      6.91e-02        0.03
   8     -4214.943047602      1.85e-03      1.87e-01        0.03
   9     -4214.945162872     -2.12e-03      1.91e-03        0.02
  10     -4214.945163308     -4.36e-07      2.45e-04        0.02
  11     -4214.945163316     -8.58e-09      1.08e-04        0.02
  12     -4214.945163317     -1.15e-09      1.08e-05        0.02
  13     -4214.945163317     -2.27e-11      1.34e-06        0.02

 SCF converged in 13 iterations.

 Dipole moment (in Debye):              -0.000000      -0.000000      -4.041265

 Quadrupole moment (in Debye-Angstrom):
                  1            2            3
 1       -32.569158    -0.000001     0.000001
 2        -0.000001   -32.569158     0.000001
 3         0.000001     0.000001   -25.790598

 Spin-squared expectation <S^2>:         0.000
 Total spin quantum number S:            0.000
 TOTAL ENERGY:                       -4214.945163317

 --------------------------------------------------------------------------------

 End time:                               Wed Jun  2 11:51:46 2021
 Total wall-clock time:                  5.059 seconds
==================================================================================
