
================================================================================
          _____________ ________ _______________ ________     _________         
         / ___________// ______ \\_____   _____// ______ \   / ________)        
        / /_________  / /      \ \     | |     / /      \ \ | (_______          
       |  __________|| |        | |    | |    | |        | | \________ \        
        \ \_________ | |        | |    | |     \ \______/ /___________) |       
         \__________||_|        |_|    |_|      \________//____________/        
                                                                                
====================================[ Qcore ]===================================

 Git hash:   15a3e7daff0cda5fa9af010ccd19a80288182ecf
 Git date:   Fri, 16 Apr 2021 15:57:16 +0100
 Compiler:   GNU 9.1.0
 Build type: Release
 Version:    1.1.0

 Start time: Wed Jun  2 11:52:01 2021

 Data directory: /work/zw18965/.local/qcore/share/entos/1.1.0/data
 Number of threads: 24
 Number of threads was determined by: command line argument
  - More threads can be used by running 'qcore -n 32'

 --------------------------------------------------------------------------------
                                   command: dft                                  
 --------------------------------------------------------------------------------
 AO basis set:                           aug-cc-pvtz
 Number of AO basis functions:         143

 Formula:                                ClZn
 Nuclear charge:                        47.000000000
 Total charge:                           0.000000000
 Number of electrons:                   47.000000000

 Number of alpha electrons:             24
 Number of beta electrons:              23
 Number of unpaired electrons:           1
 Spin:                                   1
 Multiplicity:                           doublet

 Theory:                                 dft
 Exchange-correlation functional:        blyp
 Method for Coulomb:                     incore_df
 Integral threshold:                     1.00e-12
 DF basis set:                           def2-tzvp-jkfit(spdfghi)
 Number of DF basis functions:         392
 Schwarz screening threshold:            1.00e-10
 Coulomb fitting method:                 Cholesky
 Total number of grid points:        15430
 Method for AO orthogonalization:        symmetric
 Threshold for linear dependence:        1.00e-08
 D3BJ dispersion energy:                -0.002858459

 -------------------------------------
  Running unrestricted open-shell SCF 
 -------------------------------------
 Max number of iterations:             128
 Conv. threshold (gradient):             1.00e-05
 Conv. threshold (energy):               1.00e-06
 Interpolation scheme:                   adiis+cdiis
 Initial guess:                          SAD

 ---------------------------------------------------------------
                  energy        change          grad        time
 ---------------------------------------------------------------
   0     -2239.893136260                    1.94e+00        0.03
   1     -2239.728236444      1.65e-01      2.71e-01        0.03
   2     -2239.363006991      3.65e-01      8.13e-01        0.02
   3     -2239.738098327     -3.75e-01      2.52e-01        0.03
   4     -2239.770413080     -3.23e-02      4.44e-02        0.03
   5     -2239.765066838      5.35e-03      1.15e-01        0.03
   6     -2239.771426397     -6.36e-03      3.14e-03        0.03
   7     -2239.771431407     -5.01e-06      1.36e-03        0.02
   8     -2239.771432161     -7.54e-07      2.87e-04        0.03
   9     -2239.771432203     -4.20e-08      2.72e-05        0.02
  10     -2239.771432203     -2.54e-10      4.25e-06        0.03

 SCF converged in 10 iterations.

 Dipole moment (in Debye):              -0.000000      -0.000000      -2.561913

 Quadrupole moment (in Debye-Angstrom):
                  1            2            3
 1       -26.942951    -0.000000     0.000001
 2        -0.000000   -26.942951     0.000001
 3         0.000001     0.000001   -29.524077

 Spin-squared expectation <S^2>:         0.751
 Total spin quantum number S:            0.501
 TOTAL ENERGY:                       -2239.771432203

 --------------------------------------------------------------------------------

 End time:                               Wed Jun  2 11:52:06 2021
 Total wall-clock time:                  4.178 seconds
==================================================================================
