
================================================================================
          _____________ ________ _______________ ________     _________         
         / ___________// ______ \\_____   _____// ______ \   / ________)        
        / /_________  / /      \ \     | |     / /      \ \ | (_______          
       |  __________|| |        | |    | |    | |        | | \________ \        
        \ \_________ | |        | |    | |     \ \______/ /___________) |       
         \__________||_|        |_|    |_|      \________//____________/        
                                                                                
====================================[ Qcore ]===================================

 Git hash:   15a3e7daff0cda5fa9af010ccd19a80288182ecf
 Git date:   Fri, 16 Apr 2021 15:57:16 +0100
 Compiler:   GNU 9.1.0
 Build type: Release
 Version:    1.1.0

 Start time: Wed Jun  2 11:52:20 2021

 Data directory: /work/zw18965/.local/qcore/share/entos/1.1.0/data
 Number of threads: 24
 Number of threads was determined by: command line argument
  - More threads can be used by running 'qcore -n 32'

 --------------------------------------------------------------------------------
                                   command: dft                                  
 --------------------------------------------------------------------------------
 AO basis set:                           aug-cc-pvtz
 Number of AO basis functions:          93

 Formula:                                Sc
 Nuclear charge:                        21.000000000
 Total charge:                           0.000000000
 Number of electrons:                   21.000000000

 Number of alpha electrons:             11
 Number of beta electrons:              10
 Number of unpaired electrons:           1
 Spin:                                   1
 Multiplicity:                           doublet

 Theory:                                 dft
 Exchange-correlation functional:        blyp
 Method for Coulomb:                     incore_df
 Integral threshold:                     1.00e-12
 DF basis set:                           def2-tzvp-jkfit(spdfghi)
 Number of DF basis functions:         264
 Schwarz screening threshold:            1.00e-10
 Coulomb fitting method:                 Cholesky
 Total number of grid points:         7852
 Method for AO orthogonalization:        symmetric
 Threshold for linear dependence:        1.00e-08
 D3BJ dispersion energy:                 0.000000000

 -------------------------------------
  Running unrestricted open-shell SCF 
 -------------------------------------
 Max number of iterations:             128
 Conv. threshold (gradient):             1.00e-05
 Conv. threshold (energy):               1.00e-06
 Interpolation scheme:                   adiis+cdiis
 Initial guess:                          SAD

 ---------------------------------------------------------------
                  energy        change          grad        time
 ---------------------------------------------------------------
   0      -760.625802234                    6.16e-04        0.01
   1      -760.636707412     -1.09e-02      1.09e-01        0.01
   2      -760.630862180      5.85e-03      2.23e-01        0.01
   3      -760.638374051     -7.51e-03      5.22e-02        0.01
   4      -760.638823370     -4.49e-04      7.56e-03        0.01
   5      -760.638834600     -1.12e-05      7.32e-03        0.01
   6      -760.638859712     -2.51e-05      5.33e-03        0.01
   7      -760.638851317      8.39e-06      4.79e-03        0.01
   8      -760.638845164      6.15e-06      2.25e-03        0.01
   9      -760.638844557      6.07e-07      4.18e-04        0.01
  10      -760.638844561     -4.42e-09      8.30e-05        0.01
  11      -760.638844562     -8.48e-10      5.90e-05        0.01
  12      -760.638844562     -1.01e-10      5.86e-05        0.01
  13      -760.638844562     -4.89e-12      5.83e-05        0.01
  14      -760.638844562     -9.30e-11      5.69e-05        0.01
  15      -760.638844562      6.84e-10      5.64e-05        0.01
  16      -760.638844560      1.73e-09      5.00e-05        0.01
  17      -760.638844554      6.10e-09      2.66e-05        0.01
  18      -760.638844552      1.40e-09      4.79e-06        0.01

 SCF converged in 18 iterations.

 Dipole moment (in Debye):               0.000001       0.000003       0.000003

 Quadrupole moment (in Debye-Angstrom):
                  1            2            3
 1       -22.500990    -0.136375    -0.136354
 2        -0.136375   -22.501012    -0.136301
 3        -0.136354    -0.136301   -22.500898

 Spin-squared expectation <S^2>:         0.751
 Total spin quantum number S:            0.501
 TOTAL ENERGY:                        -760.638844552

 --------------------------------------------------------------------------------

 End time:                               Wed Jun  2 11:52:23 2021
 Total wall-clock time:                  2.689 seconds
==================================================================================
