
================================================================================
          _____________ ________ _______________ ________     _________         
         / ___________// ______ \\_____   _____// ______ \   / ________)        
        / /_________  / /      \ \     | |     / /      \ \ | (_______          
       |  __________|| |        | |    | |    | |        | | \________ \        
        \ \_________ | |        | |    | |     \ \______/ /___________) |       
         \__________||_|        |_|    |_|      \________//____________/        
                                                                                
====================================[ Qcore ]===================================

 Git hash:   15a3e7daff0cda5fa9af010ccd19a80288182ecf
 Git date:   Fri, 16 Apr 2021 15:57:16 +0100
 Compiler:   GNU 9.1.0
 Build type: Release
 Version:    1.1.0

 Start time: Wed Jun  2 11:52:52 2021

 Data directory: /work/zw18965/.local/qcore/share/entos/1.1.0/data
 Number of threads: 24
 Number of threads was determined by: command line argument
  - More threads can be used by running 'qcore -n 32'

 --------------------------------------------------------------------------------
                                   command: dft                                  
 --------------------------------------------------------------------------------
 AO basis set:                           aug-cc-pvtz
 Number of AO basis functions:          46

 Formula:                                F
 Nuclear charge:                         9.000000000
 Total charge:                           0.000000000
 Number of electrons:                    9.000000000

 Number of alpha electrons:              5
 Number of beta electrons:               4
 Number of unpaired electrons:           1
 Spin:                                   1
 Multiplicity:                           doublet

 Theory:                                 dft
 Exchange-correlation functional:        blyp
 Method for Coulomb:                     incore_df
 Integral threshold:                     1.00e-12
 DF basis set:                           def2-tzvp-jkfit(spdfghi)
 Number of DF basis functions:          77
 Schwarz screening threshold:            1.00e-10
 Coulomb fitting method:                 Cholesky
 Total number of grid points:         6812
 Method for AO orthogonalization:        symmetric
 Threshold for linear dependence:        1.00e-08
 D3BJ dispersion energy:                 0.000000000

 -------------------------------------
  Running unrestricted open-shell SCF 
 -------------------------------------
 Max number of iterations:             128
 Conv. threshold (gradient):             1.00e-05
 Conv. threshold (energy):               1.00e-06
 Interpolation scheme:                   adiis+cdiis
 Initial guess:                          SAD

 ---------------------------------------------------------------
                  energy        change          grad        time
 ---------------------------------------------------------------
   0       -99.731735600                    2.54e-03        0.00
   1       -99.753648553     -2.19e-02      1.15e-01        0.00
   2       -99.757340767     -3.69e-03      1.99e-02        0.01
   3       -99.757339013      1.75e-06      1.11e-02        0.00
   4       -99.757416051     -7.70e-05      2.28e-03        0.01
   5       -99.757419056     -3.00e-06      1.07e-04        0.01
   6       -99.757419062     -5.49e-09      1.32e-05        0.01
   7       -99.757419062     -1.10e-10      5.46e-07        0.01

 SCF converged in 7 iterations.

 Dipole moment (in Debye):              -0.000000      -0.000000      -0.000000

 Quadrupole moment (in Debye-Angstrom):
                  1            2            3
 1        -4.216709    -0.000000    -0.000000
 2        -0.000000    -5.160010    -0.000000
 3        -0.000000    -0.000000    -5.160010

 Spin-squared expectation <S^2>:         0.751
 Total spin quantum number S:            0.501
 TOTAL ENERGY:                         -99.757419062

 --------------------------------------------------------------------------------

 End time:                               Wed Jun  2 11:52:52 2021
 Total wall-clock time:                  0.246 seconds
==================================================================================
