
================================================================================
          _____________ ________ _______________ ________     _________         
         / ___________// ______ \\_____   _____// ______ \   / ________)        
        / /_________  / /      \ \     | |     / /      \ \ | (_______          
       |  __________|| |        | |    | |    | |        | | \________ \        
        \ \_________ | |        | |    | |     \ \______/ /___________) |       
         \__________||_|        |_|    |_|      \________//____________/        
                                                                                
====================================[ Qcore ]===================================

 Git hash:   15a3e7daff0cda5fa9af010ccd19a80288182ecf
 Git date:   Fri, 16 Apr 2021 15:57:16 +0100
 Compiler:   GNU 9.1.0
 Build type: Release
 Version:    1.1.0

 Start time: Wed Jun  2 11:52:52 2021

 Data directory: /work/zw18965/.local/qcore/share/entos/1.1.0/data
 Number of threads: 24
 Number of threads was determined by: command line argument
  - More threads can be used by running 'qcore -n 32'

 --------------------------------------------------------------------------------
                                   command: dft                                  
 --------------------------------------------------------------------------------
 AO basis set:                           aug-cc-pvtz
 Number of AO basis functions:          59

 Formula:                                Br
 Nuclear charge:                        35.000000000
 Total charge:                           0.000000000
 Number of electrons:                   35.000000000

 Number of alpha electrons:             18
 Number of beta electrons:              17
 Number of unpaired electrons:           1
 Spin:                                   1
 Multiplicity:                           doublet

 Theory:                                 dft
 Exchange-correlation functional:        blyp
 Method for Coulomb:                     incore_df
 Integral threshold:                     1.00e-12
 DF basis set:                           def2-tzvp-jkfit(spdfghi)
 Number of DF basis functions:         266
 Schwarz screening threshold:            1.00e-10
 Coulomb fitting method:                 Cholesky
 Total number of grid points:         8164
 Method for AO orthogonalization:        symmetric
 Threshold for linear dependence:        1.00e-08
 D3BJ dispersion energy:                 0.000000000

 -------------------------------------
  Running unrestricted open-shell SCF 
 -------------------------------------
 Max number of iterations:             128
 Conv. threshold (gradient):             1.00e-05
 Conv. threshold (energy):               1.00e-06
 Interpolation scheme:                   adiis+cdiis
 Initial guess:                          SAD

 ---------------------------------------------------------------
                  energy        change          grad        time
 ---------------------------------------------------------------
   0     -2574.179547571                    8.71e-04        0.00
   1     -2574.183097985     -3.55e-03      7.26e-02        0.01
   2     -2574.176707552      6.39e-03      1.19e-01        0.01
   3     -2574.179449705     -2.74e-03      1.06e-01        0.01
   4     -2574.185043733     -5.59e-03      4.33e-02        0.01
   5     -2574.185631365     -5.88e-04      3.21e-02        0.01
   6     -2574.185953425     -3.22e-04      2.30e-02        0.01
   7     -2574.186264756     -3.11e-04      5.81e-03        0.01
   8     -2574.186267508     -2.75e-06      5.80e-03        0.01
   9     -2574.186283621     -1.61e-05      2.52e-03        0.01
  10     -2574.186286842     -3.22e-06      9.16e-04        0.01
  11     -2574.186287207     -3.65e-07      1.10e-04        0.01
  12     -2574.186287214     -6.72e-09      4.82e-06        0.01

 SCF converged in 12 iterations.

 Dipole moment (in Debye):              -0.000001       0.000000       0.000000

 Quadrupole moment (in Debye-Angstrom):
                  1            2            3
 1       -16.536113    -0.000040    -0.000009
 2        -0.000040   -19.188274    -0.000000
 3        -0.000009    -0.000000   -19.188273

 Spin-squared expectation <S^2>:         0.752
 Total spin quantum number S:            0.501
 TOTAL ENERGY:                       -2574.186287214

 --------------------------------------------------------------------------------

 End time:                               Wed Jun  2 11:52:54 2021
 Total wall-clock time:                  1.465 seconds
==================================================================================
