
================================================================================
          _____________ ________ _______________ ________     _________         
         / ___________// ______ \\_____   _____// ______ \   / ________)        
        / /_________  / /      \ \     | |     / /      \ \ | (_______          
       |  __________|| |        | |    | |    | |        | | \________ \        
        \ \_________ | |        | |    | |     \ \______/ /___________) |       
         \__________||_|        |_|    |_|      \________//____________/        
                                                                                
====================================[ Qcore ]===================================

 Git hash:   15a3e7daff0cda5fa9af010ccd19a80288182ecf
 Git date:   Fri, 16 Apr 2021 15:57:16 +0100
 Compiler:   GNU 9.1.0
 Build type: Release
 Version:    1.1.0

 Start time: Wed Jun  2 11:50:55 2021

 Data directory: /work/zw18965/.local/qcore/share/entos/1.1.0/data
 Number of threads: 24
 Number of threads was determined by: command line argument

 --------------------------------------------------------------------------------
                                   command: dft                                  
 --------------------------------------------------------------------------------
 AO basis set:                           aug-cc-pvtz
 Number of AO basis functions:         116

 Formula:                                HTi
 Nuclear charge:                        23.000000000
 Total charge:                           0.000000000
 Number of electrons:                   23.000000000

 Number of alpha electrons:             13
 Number of beta electrons:              10
 Number of unpaired electrons:           3
 Spin:                                   3
 Multiplicity:                           quartet

 Theory:                                 dft
 Exchange-correlation functional:        0.49 b88 + 0.4 lyp
 Method for Coulomb:                     incore_df
 Method for exact exchange:              pre_transformed_df
 Integral threshold:                     1.00e-12
 DF basis set:                           def2-tzvp-jkfit(spdfghi)
 Number of DF basis functions:         282
 Schwarz screening threshold:            1.00e-10
 Coulomb fitting method:                 Cholesky

 ------------------
  UW12 Correlation 
 ------------------
 Factor for UW12 correlation:            1.000000000
 Opposite spin scale factor:             0.520000000
 Same spin scale factor:                 0.000000000
 Calculate indirect contribution:        false
 Method for three electron term:         df_ri
 Auxiliary RI basis set:                 Def2-TZVP-RI
 Number of RI basis functions:         197
 Gaussians in geminal expansion:        10
 UW12 screening threshold:               1.00e-12
 Method for density-fitting:             w(r)
 Number of core spatial orbitals:        5

 Total number of grid points:        13682
 Method for AO orthogonalization:        symmetric
 Threshold for linear dependence:        1.00e-08
 D3BJ dispersion energy:                -0.001477251

 -------------------------------------
  Running unrestricted open-shell SCF 
 -------------------------------------
 Max number of iterations:             128
 Conv. threshold (gradient):             1.00e-05
 Conv. threshold (energy):               1.00e-06
 Interpolation scheme:                   adiis+cdiis
 Initial guess:                          H0

 ---------------------------------------------------------------
                  energy        change          grad        time
 ---------------------------------------------------------------
   0      -826.031477074                    5.44e+00        3.20
   1      -806.658732892      1.94e+01      1.10e+01        0.18
   2      -836.938802517     -3.03e+01      4.21e+00        0.18
   3      -847.514486395     -1.06e+01      2.45e+00        0.16
   4      -846.717294021      7.97e-01      2.45e+00        0.17
   5      -849.584268887     -2.87e+00      2.52e-01        0.15
   6      -849.591468993     -7.20e-03      2.20e-01        0.16
   7      -849.602261585     -1.08e-02      1.43e-01        0.16
   8      -849.606052423     -3.79e-03      8.04e-02        0.16
   9      -849.607413912     -1.36e-03      5.85e-02        0.16
  10      -849.608537736     -1.12e-03      3.11e-03        0.15
  11      -849.608550421     -1.27e-05      1.71e-03        0.14
  12      -849.608554601     -4.18e-06      9.43e-04        0.14
  13      -849.608556757     -2.16e-06      6.65e-04        0.15
  14      -849.608557509     -7.52e-07      1.53e-04        0.14
  15      -849.608557562     -5.27e-08      7.63e-05        0.14
  16      -849.608557571     -8.61e-09      4.67e-05        0.15
  17      -849.608557576     -5.17e-09      2.70e-05        0.15
  18      -849.608557578     -2.44e-09      2.31e-05        0.15
  19      -849.608557580     -1.72e-09      2.33e-05        0.16
  20      -849.608557579      1.25e-09      2.32e-05        0.15
  21      -849.608557569      9.68e-09      1.93e-05        0.15
  22      -849.608557555      1.38e-08      1.33e-05        0.15
  23      -849.608557553      2.52e-09      9.95e-06        0.16

 SCF converged in 23 iterations.

 Dipole moment (in Debye):               0.000001      -0.000006      -2.717699

 Quadrupole moment (in Debye-Angstrom):
                  1            2            3
 1       -18.855868    -0.011045    -0.000003
 2        -0.011045   -18.834035     0.000007
 3        -0.000003     0.000007   -23.794267

 Spin-squared expectation <S^2>:         3.756
 Total spin quantum number S:            1.501
 TOTAL ENERGY:                        -849.608557552

 --------------------------------------------------------------------------------

 End time:                               Wed Jun  2 11:51:04 2021
 Total wall-clock time:                  8.467 seconds
==================================================================================
