
================================================================================
          _____________ ________ _______________ ________     _________         
         / ___________// ______ \\_____   _____// ______ \   / ________)        
        / /_________  / /      \ \     | |     / /      \ \ | (_______          
       |  __________|| |        | |    | |    | |        | | \________ \        
        \ \_________ | |        | |    | |     \ \______/ /___________) |       
         \__________||_|        |_|    |_|      \________//____________/        
                                                                                
====================================[ Qcore ]===================================

 Git hash:   15a3e7daff0cda5fa9af010ccd19a80288182ecf
 Git date:   Fri, 16 Apr 2021 15:57:16 +0100
 Compiler:   GNU 9.1.0
 Build type: Release
 Version:    1.1.0

 Start time: Wed Jun  2 11:51:04 2021

 Data directory: /work/zw18965/.local/qcore/share/entos/1.1.0/data
 Number of threads: 24
 Number of threads was determined by: command line argument

 --------------------------------------------------------------------------------
                                   command: dft                                  
 --------------------------------------------------------------------------------
 AO basis set:                           aug-cc-pvtz
 Number of AO basis functions:         139

 Formula:                                FTi
 Nuclear charge:                        31.000000000
 Total charge:                           0.000000000
 Number of electrons:                   31.000000000

 Number of alpha electrons:             17
 Number of beta electrons:              14
 Number of unpaired electrons:           3
 Spin:                                   3
 Multiplicity:                           quartet

 Theory:                                 dft
 Exchange-correlation functional:        0.49 b88 + 0.4 lyp
 Method for Coulomb:                     incore_df
 Method for exact exchange:              pre_transformed_df
 Integral threshold:                     1.00e-12
 DF basis set:                           def2-tzvp-jkfit(spdfghi)
 Number of DF basis functions:         341
 Schwarz screening threshold:            1.00e-10
 Coulomb fitting method:                 Cholesky

 ------------------
  UW12 Correlation 
 ------------------
 Factor for UW12 correlation:            1.000000000
 Opposite spin scale factor:             0.520000000
 Same spin scale factor:                 0.000000000
 Calculate indirect contribution:        false
 Method for three electron term:         df_ri
 Auxiliary RI basis set:                 Def2-TZVP-RI
 Number of RI basis functions:         258
 Gaussians in geminal expansion:        10
 UW12 screening threshold:               1.00e-12
 Method for density-fitting:             w(r)
 Number of core spatial orbitals:        6

 Total number of grid points:        14604
 Method for AO orthogonalization:        symmetric
 Threshold for linear dependence:        1.00e-08
 D3BJ dispersion energy:                -0.001584066

 -------------------------------------
  Running unrestricted open-shell SCF 
 -------------------------------------
 Max number of iterations:             128
 Conv. threshold (gradient):             1.00e-05
 Conv. threshold (energy):               1.00e-06
 Interpolation scheme:                   adiis+cdiis
 Initial guess:                          H0

 ---------------------------------------------------------------
                  energy        change          grad        time
 ---------------------------------------------------------------
   0      -888.626192827                    6.68e+00        4.05
   1      -881.547329548      7.08e+00      7.60e+00        0.34
   2      -889.103407359     -7.56e+00      6.48e+00        0.32
   3      -946.628606913     -5.75e+01      2.97e+00        0.31
   4      -929.452349375      1.72e+01      5.80e+00        0.30
   5      -948.737179978     -1.93e+01      8.73e-01        0.29
   6      -948.714549071      2.26e-02      9.21e-01        0.28
   7      -948.886360210     -1.72e-01      1.45e-01        0.27
   8      -948.885173285      1.19e-03      1.66e-01        0.28
   9      -948.889946706     -4.77e-03      2.39e-02        0.27
  10      -948.890042733     -9.60e-05      1.85e-02        0.28
  11      -948.890166111     -1.23e-04      4.15e-03        0.30
  12      -948.890188205     -2.21e-05      1.80e-03        0.29
  13      -948.890191764     -3.56e-06      4.25e-04        0.30
  14      -948.890191988     -2.24e-07      3.44e-04        0.29
  15      -948.890192096     -1.08e-07      2.90e-04        0.30
  16      -948.890192292     -1.96e-07      1.49e-04        0.28
  17      -948.890192363     -7.08e-08      2.65e-05        0.28
  18      -948.890192365     -1.96e-09      1.23e-05        0.28
  19      -948.890192365      4.91e-10      1.02e-05        0.28
  20      -948.890192365     -6.72e-10      1.06e-05        0.27
  21      -948.890192365      5.77e-10      8.87e-06        0.28

 SCF converged in 21 iterations.

 Dipole moment (in Debye):               0.000000       0.000000      -2.362620

 Quadrupole moment (in Debye-Angstrom):
                  1            2            3
 1       -21.727533    -0.000000    -0.000001
 2        -0.000000   -21.727573    -0.000000
 3        -0.000001    -0.000000   -27.938745

 Spin-squared expectation <S^2>:         3.752
 Total spin quantum number S:            1.500
 TOTAL ENERGY:                        -948.890192365

 --------------------------------------------------------------------------------

 End time:                               Wed Jun  2 11:51:16 2021
 Total wall-clock time:                 12.155 seconds
==================================================================================
