
================================================================================
          _____________ ________ _______________ ________     _________         
         / ___________// ______ \\_____   _____// ______ \   / ________)        
        / /_________  / /      \ \     | |     / /      \ \ | (_______          
       |  __________|| |        | |    | |    | |        | | \________ \        
        \ \_________ | |        | |    | |     \ \______/ /___________) |       
         \__________||_|        |_|    |_|      \________//____________/        
                                                                                
====================================[ Qcore ]===================================

 Git hash:   15a3e7daff0cda5fa9af010ccd19a80288182ecf
 Git date:   Fri, 16 Apr 2021 15:57:16 +0100
 Compiler:   GNU 9.1.0
 Build type: Release
 Version:    1.1.0

 Start time: Wed Jun  2 11:51:35 2021

 Data directory: /work/zw18965/.local/qcore/share/entos/1.1.0/data
 Number of threads: 24
 Number of threads was determined by: command line argument

 --------------------------------------------------------------------------------
                                   command: dft                                  
 --------------------------------------------------------------------------------
 AO basis set:                           aug-cc-pvtz
 Number of AO basis functions:         152

 Formula:                                TiBr
 Nuclear charge:                        57.000000000
 Total charge:                           0.000000000
 Number of electrons:                   57.000000000

 Number of alpha electrons:             30
 Number of beta electrons:              27
 Number of unpaired electrons:           3
 Spin:                                   3
 Multiplicity:                           quartet

 Theory:                                 dft
 Exchange-correlation functional:        0.49 b88 + 0.4 lyp
 Method for Coulomb:                     incore_df
 Method for exact exchange:              pre_transformed_df
 Integral threshold:                     1.00e-12
 DF basis set:                           def2-tzvp-jkfit(spdfghi)
 Number of DF basis functions:         530
 Schwarz screening threshold:            1.00e-10
 Coulomb fitting method:                 Cholesky

 ------------------
  UW12 Correlation 
 ------------------
 Factor for UW12 correlation:            1.000000000
 Opposite spin scale factor:             0.520000000
 Same spin scale factor:                 0.000000000
 Calculate indirect contribution:        false
 Method for three electron term:         df_ri
 Auxiliary RI basis set:                 Def2-TZVP-RI
 Number of RI basis functions:         341
 Gaussians in geminal expansion:        10
 UW12 screening threshold:               1.00e-12
 Method for density-fitting:             w(r)
 Number of core spatial orbitals:       14

 Total number of grid points:        15956
 Method for AO orthogonalization:        symmetric
 Threshold for linear dependence:        1.00e-08
 D3BJ dispersion energy:                -0.007528980

 -------------------------------------
  Running unrestricted open-shell SCF 
 -------------------------------------
 Max number of iterations:             128
 Conv. threshold (gradient):             1.00e-05
 Conv. threshold (energy):               1.00e-06
 Interpolation scheme:                   adiis+cdiis
 Initial guess:                          H0

 ---------------------------------------------------------------
                  energy        change          grad        time
 ---------------------------------------------------------------
   0     -3378.296232318                    8.38e+00        6.48
   1     -3247.303039194      1.31e+02      9.83e+00        0.89
   2     -3341.401443828     -9.41e+01      6.01e+00        0.85
   3     -3364.072885336     -2.27e+01      7.65e+00        0.85
   4     -3416.344869047     -5.23e+01      4.65e+00        0.85
   5     -3410.355695920      5.99e+00      5.96e+00        0.82
   6     -3422.239593462     -1.19e+01      1.04e+00        0.83
   7     -3419.712329158      2.53e+00      2.18e+00        0.84
   8     -3422.742822385     -3.03e+00      4.12e-01        0.85
   9     -3422.764309886     -2.15e-02      3.35e-01        0.85
  10     -3422.816262108     -5.20e-02      5.78e-02        0.84
  11     -3422.816542185     -2.80e-04      6.16e-02        0.85
  12     -3422.819352702     -2.81e-03      1.03e-02        0.84
  13     -3422.819493223     -1.41e-04      2.92e-03        0.83
  14     -3422.819501420     -8.20e-06      1.12e-03        0.84
  15     -3422.819502538     -1.12e-06      4.12e-04        0.83
  16     -3422.819502958     -4.20e-07      1.10e-04        0.84
  17     -3422.819502920      3.74e-08      4.25e-05        0.83
  18     -3422.819502923     -2.46e-09      2.51e-05        0.84
  19     -3422.819502926     -3.46e-09      2.26e-05        0.83
  20     -3422.819502925      1.10e-09      2.40e-05        0.84
  21     -3422.819502925      2.83e-10      2.33e-05        0.83
  22     -3422.819502924      5.87e-10      1.29e-05        0.83
  23     -3422.819502925     -7.91e-10      1.21e-05        0.83
  24     -3422.819502925     -8.59e-11      1.18e-05        0.84
  25     -3422.819502923      2.20e-09      8.16e-06        0.83

 SCF converged in 25 iterations.

 Dipole moment (in Debye):               0.000021       0.000011      -5.963452

 Quadrupole moment (in Debye-Angstrom):
                  1            2            3
 1       -33.615110    -0.000074    -0.000060
 2        -0.000074   -33.615112    -0.000033
 3        -0.000060    -0.000033   -29.615568

 Spin-squared expectation <S^2>:         3.753
 Total spin quantum number S:            1.501
 TOTAL ENERGY:                       -3422.819502924

 --------------------------------------------------------------------------------

 End time:                               Wed Jun  2 11:52:06 2021
 Total wall-clock time:                 30.644 seconds
==================================================================================
