
================================================================================
          _____________ ________ _______________ ________     _________         
         / ___________// ______ \\_____   _____// ______ \   / ________)        
        / /_________  / /      \ \     | |     / /      \ \ | (_______          
       |  __________|| |        | |    | |    | |        | | \________ \        
        \ \_________ | |        | |    | |     \ \______/ /___________) |       
         \__________||_|        |_|    |_|      \________//____________/        
                                                                                
====================================[ Qcore ]===================================

 Git hash:   15a3e7daff0cda5fa9af010ccd19a80288182ecf
 Git date:   Fri, 16 Apr 2021 15:57:16 +0100
 Compiler:   GNU 9.1.0
 Build type: Release
 Version:    1.1.0

 Start time: Wed Jun  2 11:52:18 2021

 Data directory: /work/zw18965/.local/qcore/share/entos/1.1.0/data
 Number of threads: 24
 Number of threads was determined by: command line argument

 --------------------------------------------------------------------------------
                                   command: dft                                  
 --------------------------------------------------------------------------------
 AO basis set:                           aug-cc-pvtz
 Number of AO basis functions:         143

 Formula:                                STi
 Nuclear charge:                        38.000000000
 Total charge:                           0.000000000
 Number of electrons:                   38.000000000

 Number of alpha electrons:             20
 Number of beta electrons:              18
 Number of unpaired electrons:           2
 Spin:                                   2
 Multiplicity:                           triplet

 Theory:                                 dft
 Exchange-correlation functional:        0.49 b88 + 0.4 lyp
 Method for Coulomb:                     incore_df
 Method for exact exchange:              pre_transformed_df
 Integral threshold:                     1.00e-12
 DF basis set:                           def2-tzvp-jkfit(spdfghi)
 Number of DF basis functions:         392
 Schwarz screening threshold:            1.00e-10
 Coulomb fitting method:                 Cholesky

 ------------------
  UW12 Correlation 
 ------------------
 Factor for UW12 correlation:            1.000000000
 Opposite spin scale factor:             0.520000000
 Same spin scale factor:                 0.000000000
 Calculate indirect contribution:        false
 Method for three electron term:         df_ri
 Auxiliary RI basis set:                 Def2-TZVP-RI
 Number of RI basis functions:         295
 Gaussians in geminal expansion:        10
 UW12 screening threshold:               1.00e-12
 Method for density-fitting:             w(r)
 Number of core spatial orbitals:       10

 Total number of grid points:        15142
 Method for AO orthogonalization:        symmetric
 Threshold for linear dependence:        1.00e-08
 D3BJ dispersion energy:                -0.007773228

 -------------------------------------
  Running unrestricted open-shell SCF 
 -------------------------------------
 Max number of iterations:             128
 Conv. threshold (gradient):             1.00e-05
 Conv. threshold (energy):               1.00e-06
 Interpolation scheme:                   adiis+cdiis
 Initial guess:                          H0

 ---------------------------------------------------------------
                  energy        change          grad        time
 ---------------------------------------------------------------
   0     -1187.333099759                    6.73e+00        4.68
   1     -1181.354756121      5.98e+00      5.77e+00        0.44
   2     -1087.439447220      9.39e+01      1.11e+01        0.42
   3     -1227.878025675     -1.40e+02      7.04e+00        0.41
   4     -1243.627185507     -1.57e+01      3.28e+00        0.41
   5     -1245.759318018     -2.13e+00      1.92e+00        0.40
   6     -1246.556212605     -7.97e-01      8.92e-01        0.41
   7     -1246.960379032     -4.04e-01      2.96e-01        0.40
   8     -1246.922135157      3.82e-02      5.17e-01        0.41
   9     -1247.004947304     -8.28e-02      7.42e-02        0.41
  10     -1247.005229205     -2.82e-04      6.48e-02        0.41
  11     -1247.007783910     -2.55e-03      3.27e-02        0.40
  12     -1247.008355929     -5.72e-04      1.16e-02        0.40
  13     -1247.008611121     -2.55e-04      4.97e-03        0.39
  14     -1247.008654894     -4.38e-05      1.41e-03        0.37
  15     -1247.008658749     -3.85e-06      4.94e-04        0.39
  16     -1247.008659013     -2.65e-07      1.62e-04        0.38
  17     -1247.008659074     -6.11e-08      5.60e-05        0.38
  18     -1247.008659089     -1.44e-08      2.02e-05        0.38
  19     -1247.008659090     -1.60e-09      9.60e-06        0.38

 SCF converged in 19 iterations.

 Dipole moment (in Debye):              -0.000000      -0.000000      -5.763496

 Quadrupole moment (in Debye-Angstrom):
                  1            2            3
 1       -30.961837     0.000012     0.000001
 2         0.000012   -30.961836     0.000001
 3         0.000001     0.000001   -27.341804

 Spin-squared expectation <S^2>:         2.017
 Total spin quantum number S:            1.006
 TOTAL ENERGY:                       -1247.008659090

 --------------------------------------------------------------------------------

 End time:                               Wed Jun  2 11:52:32 2021
 Total wall-clock time:                 14.192 seconds
==================================================================================
