
================================================================================
          _____________ ________ _______________ ________     _________         
         / ___________// ______ \\_____   _____// ______ \   / ________)        
        / /_________  / /      \ \     | |     / /      \ \ | (_______          
       |  __________|| |        | |    | |    | |        | | \________ \        
        \ \_________ | |        | |    | |     \ \______/ /___________) |       
         \__________||_|        |_|    |_|      \________//____________/        
                                                                                
====================================[ Qcore ]===================================

 Git hash:   15a3e7daff0cda5fa9af010ccd19a80288182ecf
 Git date:   Fri, 16 Apr 2021 15:57:16 +0100
 Compiler:   GNU 9.1.0
 Build type: Release
 Version:    1.1.0

 Start time: Wed Jun  2 11:54:54 2021

 Data directory: /work/zw18965/.local/qcore/share/entos/1.1.0/data
 Number of threads: 24
 Number of threads was determined by: command line argument

 --------------------------------------------------------------------------------
                                   command: dft                                  
 --------------------------------------------------------------------------------
 AO basis set:                           aug-cc-pvtz
 Number of AO basis functions:         139

 Formula:                                FCr
 Nuclear charge:                        33.000000000
 Total charge:                           0.000000000
 Number of electrons:                   33.000000000

 Number of alpha electrons:             19
 Number of beta electrons:              14
 Number of unpaired electrons:           5
 Spin:                                   5
 Multiplicity:                           septet

 Theory:                                 dft
 Exchange-correlation functional:        0.49 b88 + 0.4 lyp
 Method for Coulomb:                     incore_df
 Method for exact exchange:              pre_transformed_df
 Integral threshold:                     1.00e-12
 DF basis set:                           def2-tzvp-jkfit(spdfghi)
 Number of DF basis functions:         341
 Schwarz screening threshold:            1.00e-10
 Coulomb fitting method:                 Cholesky

 ------------------
  UW12 Correlation 
 ------------------
 Factor for UW12 correlation:            1.000000000
 Opposite spin scale factor:             0.520000000
 Same spin scale factor:                 0.000000000
 Calculate indirect contribution:        false
 Method for three electron term:         df_ri
 Auxiliary RI basis set:                 Def2-TZVP-RI
 Number of RI basis functions:         258
 Gaussians in geminal expansion:        10
 UW12 screening threshold:               1.00e-12
 Method for density-fitting:             w(r)
 Number of core spatial orbitals:        6

 Total number of grid points:        14640
 Method for AO orthogonalization:        symmetric
 Threshold for linear dependence:        1.00e-08
 D3BJ dispersion energy:                -0.001420226

 -------------------------------------
  Running unrestricted open-shell SCF 
 -------------------------------------
 Max number of iterations:             128
 Conv. threshold (gradient):             1.00e-05
 Conv. threshold (energy):               1.00e-06
 Interpolation scheme:                   adiis+cdiis
 Initial guess:                          H0

 ---------------------------------------------------------------
                  energy        change          grad        time
 ---------------------------------------------------------------
   0     -1025.874611402                    1.33e+01        4.18
   1     -1029.222384585     -3.35e+00      1.01e+01        0.37
   2     -1071.901586476     -4.27e+01      1.14e+01        0.34
   3     -1137.225328249     -6.53e+01      4.78e+00        0.31
   4     -1132.564284381      4.66e+00      3.83e+00        0.31
   5     -1143.552570436     -1.10e+01      1.34e+00        0.31
   6     -1140.020973128      3.53e+00      3.50e+00        0.31
   7     -1143.773424068     -3.75e+00      9.30e-01        0.31
   8     -1143.934170320     -1.61e-01      3.08e-01        0.31
   9     -1143.935745581     -1.58e-03      3.01e-01        0.31
  10     -1143.959531187     -2.38e-02      4.30e-02        0.31
  11     -1143.960862573     -1.33e-03      4.44e-02        0.33
  12     -1143.962628162     -1.77e-03      1.90e-02        0.32
  13     -1143.963572265     -9.44e-04      7.83e-03        0.31
  14     -1143.963682410     -1.10e-04      2.26e-03        0.31
  15     -1143.963696486     -1.41e-05      3.64e-04        0.32
  16     -1143.963696584     -9.77e-08      9.60e-05        0.33
  17     -1143.963696595     -1.16e-08      2.09e-05        0.32
  18     -1143.963696596     -5.00e-10      4.99e-06        0.31

 SCF converged in 18 iterations.

 Dipole moment (in Debye):               0.000000       0.000000      -4.098328

 Quadrupole moment (in Debye-Angstrom):
                  1            2            3
 1       -20.010062    -0.000000    -0.000000
 2        -0.000000   -20.010049    -0.000000
 3        -0.000000    -0.000000   -22.283421

 Spin-squared expectation <S^2>:         8.755
 Total spin quantum number S:            2.501
 TOTAL ENERGY:                       -1143.963696596

 --------------------------------------------------------------------------------

 End time:                               Wed Jun  2 11:55:06 2021
 Total wall-clock time:                 12.041 seconds
==================================================================================
