
================================================================================
          _____________ ________ _______________ ________     _________         
         / ___________// ______ \\_____   _____// ______ \   / ________)        
        / /_________  / /      \ \     | |     / /      \ \ | (_______          
       |  __________|| |        | |    | |    | |        | | \________ \        
        \ \_________ | |        | |    | |     \ \______/ /___________) |       
         \__________||_|        |_|    |_|      \________//____________/        
                                                                                
====================================[ Qcore ]===================================

 Git hash:   15a3e7daff0cda5fa9af010ccd19a80288182ecf
 Git date:   Fri, 16 Apr 2021 15:57:16 +0100
 Compiler:   GNU 9.1.0
 Build type: Release
 Version:    1.1.0

 Start time: Wed Jun  2 11:56:51 2021

 Data directory: /work/zw18965/.local/qcore/share/entos/1.1.0/data
 Number of threads: 24
 Number of threads was determined by: command line argument

 --------------------------------------------------------------------------------
                                   command: dft                                  
 --------------------------------------------------------------------------------
 AO basis set:                           aug-cc-pvtz
 Number of AO basis functions:         139

 Formula:                                FMn
 Nuclear charge:                        34.000000000
 Total charge:                           0.000000000
 Number of electrons:                   34.000000000

 Number of alpha electrons:             20
 Number of beta electrons:              14
 Number of unpaired electrons:           6
 Spin:                                   6
 Multiplicity:                           octet

 Theory:                                 dft
 Exchange-correlation functional:        0.49 b88 + 0.4 lyp
 Method for Coulomb:                     incore_df
 Method for exact exchange:              pre_transformed_df
 Integral threshold:                     1.00e-12
 DF basis set:                           def2-tzvp-jkfit(spdfghi)
 Number of DF basis functions:         341
 Schwarz screening threshold:            1.00e-10
 Coulomb fitting method:                 Cholesky

 ------------------
  UW12 Correlation 
 ------------------
 Factor for UW12 correlation:            1.000000000
 Opposite spin scale factor:             0.520000000
 Same spin scale factor:                 0.000000000
 Calculate indirect contribution:        false
 Method for three electron term:         df_ri
 Auxiliary RI basis set:                 Def2-TZVP-RI
 Number of RI basis functions:         258
 Gaussians in geminal expansion:        10
 UW12 screening threshold:               1.00e-12
 Method for density-fitting:             w(r)
 Number of core spatial orbitals:        6

 Total number of grid points:        14748
 Method for AO orthogonalization:        symmetric
 Threshold for linear dependence:        1.00e-08
 D3BJ dispersion energy:                -0.001312348

 -------------------------------------
  Running unrestricted open-shell SCF 
 -------------------------------------
 Max number of iterations:             128
 Conv. threshold (gradient):             1.00e-05
 Conv. threshold (energy):               1.00e-06
 Interpolation scheme:                   adiis+cdiis
 Initial guess:                          H0

 ---------------------------------------------------------------
                  energy        change          grad        time
 ---------------------------------------------------------------
   0     -1111.173905343                    1.51e+01        4.07
   1     -1118.653060482     -7.48e+00      9.91e+00        0.34
   2     -1172.861887199     -5.42e+01      1.16e+01        0.30
   3     -1243.778988441     -7.09e+01      5.07e+00        0.28
   4     -1232.962466166      1.08e+01      5.17e+00        0.29
   5     -1249.964370298     -1.70e+01      1.49e+00        0.28
   6     -1246.318003449      3.65e+00      4.41e+00        0.29
   7     -1250.345998308     -4.03e+00      8.77e-01        0.29
   8     -1250.474720652     -1.29e-01      4.20e-01        0.29
   9     -1250.501857353     -2.71e-02      2.65e-01        0.29
  10     -1250.514025844     -1.22e-02      1.22e-01        0.29
  11     -1250.515665591     -1.64e-03      8.09e-02        0.29
  12     -1250.517373946     -1.71e-03      1.75e-02        0.29
  13     -1250.517500757     -1.27e-04      3.41e-04        0.29
  14     -1250.517500918     -1.61e-07      9.45e-05        0.30
  15     -1250.517500925     -6.36e-09      1.97e-05        0.29
  16     -1250.517500925     -4.49e-10      6.85e-06        0.28

 SCF converged in 16 iterations.

 Dipole moment (in Debye):               0.000000       0.000000      -2.568738

 Quadrupole moment (in Debye-Angstrom):
                  1            2            3
 1       -19.433112     0.000000     0.000000
 2         0.000000   -19.433112     0.000000
 3         0.000000     0.000000   -27.739875

 Spin-squared expectation <S^2>:        12.003
 Total spin quantum number S:            3.000
 TOTAL ENERGY:                       -1250.517500925

 --------------------------------------------------------------------------------

 End time:                               Wed Jun  2 11:57:02 2021
 Total wall-clock time:                 10.718 seconds
==================================================================================
