
================================================================================
          _____________ ________ _______________ ________     _________         
         / ___________// ______ \\_____   _____// ______ \   / ________)        
        / /_________  / /      \ \     | |     / /      \ \ | (_______          
       |  __________|| |        | |    | |    | |        | | \________ \        
        \ \_________ | |        | |    | |     \ \______/ /___________) |       
         \__________||_|        |_|    |_|      \________//____________/        
                                                                                
====================================[ Qcore ]===================================

 Git hash:   15a3e7daff0cda5fa9af010ccd19a80288182ecf
 Git date:   Fri, 16 Apr 2021 15:57:16 +0100
 Compiler:   GNU 9.1.0
 Build type: Release
 Version:    1.1.0

 Start time: Wed Jun  2 11:57:02 2021

 Data directory: /work/zw18965/.local/qcore/share/entos/1.1.0/data
 Number of threads: 24
 Number of threads was determined by: command line argument

 --------------------------------------------------------------------------------
                                   command: dft                                  
 --------------------------------------------------------------------------------
 AO basis set:                           aug-cc-pvtz
 Number of AO basis functions:         143

 Formula:                                ClMn
 Nuclear charge:                        42.000000000
 Total charge:                           0.000000000
 Number of electrons:                   42.000000000

 Number of alpha electrons:             24
 Number of beta electrons:              18
 Number of unpaired electrons:           6
 Spin:                                   6
 Multiplicity:                           octet

 Theory:                                 dft
 Exchange-correlation functional:        0.49 b88 + 0.4 lyp
 Method for Coulomb:                     incore_df
 Method for exact exchange:              pre_transformed_df
 Integral threshold:                     1.00e-12
 DF basis set:                           def2-tzvp-jkfit(spdfghi)
 Number of DF basis functions:         392
 Schwarz screening threshold:            1.00e-10
 Coulomb fitting method:                 Cholesky

 ------------------
  UW12 Correlation 
 ------------------
 Factor for UW12 correlation:            1.000000000
 Opposite spin scale factor:             0.520000000
 Same spin scale factor:                 0.000000000
 Calculate indirect contribution:        false
 Method for three electron term:         df_ri
 Auxiliary RI basis set:                 Def2-TZVP-RI
 Number of RI basis functions:         295
 Gaussians in geminal expansion:        10
 UW12 screening threshold:               1.00e-12
 Method for density-fitting:             w(r)
 Number of core spatial orbitals:       10

 Total number of grid points:        15430
 Method for AO orthogonalization:        symmetric
 Threshold for linear dependence:        1.00e-08
 D3BJ dispersion energy:                -0.004794167

 -------------------------------------
  Running unrestricted open-shell SCF 
 -------------------------------------
 Max number of iterations:             128
 Conv. threshold (gradient):             1.00e-05
 Conv. threshold (energy):               1.00e-06
 Interpolation scheme:                   adiis+cdiis
 Initial guess:                          H0

 ---------------------------------------------------------------
                  energy        change          grad        time
 ---------------------------------------------------------------
   0     -1475.187042406                    1.58e+01        4.66
   1     -1479.808677220     -4.62e+00      8.50e+00        0.45
   2     -1323.129137031      1.57e+02      1.66e+01        0.44
   3     -1585.698246960     -2.63e+02      6.52e+00        0.41
   4     -1597.206178619     -1.15e+01      4.96e+00        0.42
   5     -1610.060633610     -1.29e+01      9.82e-01        0.42
   6     -1609.794223089      2.66e-01      1.14e+00        0.41
   7     -1610.627658614     -8.33e-01      1.41e-01        0.42
   8     -1610.627955297     -2.97e-04      1.58e-01        0.42
   9     -1610.639429193     -1.15e-02      3.84e-02        0.43
  10     -1610.639284838      1.44e-04      4.37e-02        0.43
  11     -1610.640087887     -8.03e-04      2.34e-03        0.41
  12     -1610.640092179     -4.29e-06      9.00e-04        0.41
  13     -1610.640092663     -4.84e-07      1.72e-04        0.42
  14     -1610.640092708     -4.49e-08      4.79e-05        0.42
  15     -1610.640092710     -1.69e-09      6.97e-06        0.42

 SCF converged in 15 iterations.

 Dipole moment (in Debye):              -0.000000      -0.000000      -2.834064

 Quadrupole moment (in Debye-Angstrom):
                  1            2            3
 1       -28.108339    -0.000000     0.000000
 2        -0.000000   -28.108339     0.000000
 3         0.000000     0.000000   -33.893642

 Spin-squared expectation <S^2>:        12.003
 Total spin quantum number S:            3.000
 TOTAL ENERGY:                       -1610.640092710

 --------------------------------------------------------------------------------

 End time:                               Wed Jun  2 11:57:15 2021
 Total wall-clock time:                 13.184 seconds
==================================================================================
