
================================================================================
          _____________ ________ _______________ ________     _________         
         / ___________// ______ \\_____   _____// ______ \   / ________)        
        / /_________  / /      \ \     | |     / /      \ \ | (_______          
       |  __________|| |        | |    | |    | |        | | \________ \        
        \ \_________ | |        | |    | |     \ \______/ /___________) |       
         \__________||_|        |_|    |_|      \________//____________/        
                                                                                
====================================[ Qcore ]===================================

 Git hash:   15a3e7daff0cda5fa9af010ccd19a80288182ecf
 Git date:   Fri, 16 Apr 2021 15:57:16 +0100
 Compiler:   GNU 9.1.0
 Build type: Release
 Version:    1.1.0

 Start time: Wed Jun  2 11:57:16 2021

 Data directory: /work/zw18965/.local/qcore/share/entos/1.1.0/data
 Number of threads: 24
 Number of threads was determined by: command line argument

 --------------------------------------------------------------------------------
                                   command: dft                                  
 --------------------------------------------------------------------------------
 AO basis set:                           aug-cc-pvtz
 Number of AO basis functions:         152

 Formula:                                MnBr
 Nuclear charge:                        60.000000000
 Total charge:                           0.000000000
 Number of electrons:                   60.000000000

 Number of alpha electrons:             33
 Number of beta electrons:              27
 Number of unpaired electrons:           6
 Spin:                                   6
 Multiplicity:                           octet

 Theory:                                 dft
 Exchange-correlation functional:        0.49 b88 + 0.4 lyp
 Method for Coulomb:                     incore_df
 Method for exact exchange:              pre_transformed_df
 Integral threshold:                     1.00e-12
 DF basis set:                           def2-tzvp-jkfit(spdfghi)
 Number of DF basis functions:         530
 Schwarz screening threshold:            1.00e-10
 Coulomb fitting method:                 Cholesky

 ------------------
  UW12 Correlation 
 ------------------
 Factor for UW12 correlation:            1.000000000
 Opposite spin scale factor:             0.520000000
 Same spin scale factor:                 0.000000000
 Calculate indirect contribution:        false
 Method for three electron term:         df_ri
 Auxiliary RI basis set:                 Def2-TZVP-RI
 Number of RI basis functions:         341
 Gaussians in geminal expansion:        10
 UW12 screening threshold:               1.00e-12
 Method for density-fitting:             w(r)
 Number of core spatial orbitals:       14

 Total number of grid points:        16100
 Method for AO orthogonalization:        symmetric
 Threshold for linear dependence:        1.00e-08
 D3BJ dispersion energy:                -0.006130059

 -------------------------------------
  Running unrestricted open-shell SCF 
 -------------------------------------
 Max number of iterations:             128
 Conv. threshold (gradient):             1.00e-05
 Conv. threshold (energy):               1.00e-06
 Interpolation scheme:                   adiis+cdiis
 Initial guess:                          H0

 ---------------------------------------------------------------
                  energy        change          grad        time
 ---------------------------------------------------------------
   0     -3648.573837526                    1.08e+01        6.74
   1     -3624.915641744      2.37e+01      6.46e+00        0.94
   2     -3485.975695919      1.39e+02      1.26e+01        0.90
   3     -3709.702819576     -2.24e+02      4.48e+00        0.91
   4     -3713.145504447     -3.44e+00      4.60e+00        0.87
   5     -3720.252511111     -7.11e+00      2.59e+00        0.83
   6     -3723.138341608     -2.89e+00      2.37e+00        0.83
   7     -3724.341308309     -1.20e+00      5.07e-01        0.83
   8     -3724.372150611     -3.08e-02      3.96e-01        0.83
   9     -3724.448763594     -7.66e-02      1.82e-01        0.82
  10     -3724.439517890      9.25e-03      2.00e-01        0.86
  11     -3724.459351392     -1.98e-02      2.56e-02        0.84
  12     -3724.459456423     -1.05e-04      3.28e-02        0.85
  13     -3724.459824185     -3.68e-04      8.96e-04        0.84
  14     -3724.459825129     -9.44e-07      2.55e-04        0.84
  15     -3724.459825264     -1.36e-07      7.11e-05        0.84
  16     -3724.459825232      3.25e-08      1.79e-05        0.81
  17     -3724.459825253     -2.07e-08      6.85e-06        0.83

 SCF converged in 17 iterations.

 Dipole moment (in Debye):               0.000000       0.000000      -2.907003

 Quadrupole moment (in Debye-Angstrom):
                  1            2            3
 1       -34.093403     0.000000    -0.000000
 2         0.000000   -34.093403    -0.000000
 3        -0.000000    -0.000000   -36.686707

 Spin-squared expectation <S^2>:        12.004
 Total spin quantum number S:            3.001
 TOTAL ENERGY:                       -3724.459825250

 --------------------------------------------------------------------------------

 End time:                               Wed Jun  2 11:57:40 2021
 Total wall-clock time:                 24.275 seconds
==================================================================================
