
================================================================================
          _____________ ________ _______________ ________     _________         
         / ___________// ______ \\_____   _____// ______ \   / ________)        
        / /_________  / /      \ \     | |     / /      \ \ | (_______          
       |  __________|| |        | |    | |    | |        | | \________ \        
        \ \_________ | |        | |    | |     \ \______/ /___________) |       
         \__________||_|        |_|    |_|      \________//____________/        
                                                                                
====================================[ Qcore ]===================================

 Git hash:   15a3e7daff0cda5fa9af010ccd19a80288182ecf
 Git date:   Fri, 16 Apr 2021 15:57:16 +0100
 Compiler:   GNU 9.1.0
 Build type: Release
 Version:    1.1.0

 Start time: Wed Jun  2 11:57:40 2021

 Data directory: /work/zw18965/.local/qcore/share/entos/1.1.0/data
 Number of threads: 24
 Number of threads was determined by: command line argument

 --------------------------------------------------------------------------------
                                   command: dft                                  
 --------------------------------------------------------------------------------
 AO basis set:                           aug-cc-pvtz
 Number of AO basis functions:         139

 Formula:                                OMn
 Nuclear charge:                        33.000000000
 Total charge:                           0.000000000
 Number of electrons:                   33.000000000

 Number of alpha electrons:             19
 Number of beta electrons:              14
 Number of unpaired electrons:           5
 Spin:                                   5
 Multiplicity:                           septet

 Theory:                                 dft
 Exchange-correlation functional:        0.49 b88 + 0.4 lyp
 Method for Coulomb:                     incore_df
 Method for exact exchange:              pre_transformed_df
 Integral threshold:                     1.00e-12
 DF basis set:                           def2-tzvp-jkfit(spdfghi)
 Number of DF basis functions:         341
 Schwarz screening threshold:            1.00e-10
 Coulomb fitting method:                 Cholesky

 ------------------
  UW12 Correlation 
 ------------------
 Factor for UW12 correlation:            1.000000000
 Opposite spin scale factor:             0.520000000
 Same spin scale factor:                 0.000000000
 Calculate indirect contribution:        false
 Method for three electron term:         df_ri
 Auxiliary RI basis set:                 Def2-TZVP-RI
 Number of RI basis functions:         258
 Gaussians in geminal expansion:        10
 UW12 screening threshold:               1.00e-12
 Method for density-fitting:             w(r)
 Number of core spatial orbitals:        6

 Total number of grid points:        14880
 Method for AO orthogonalization:        symmetric
 Threshold for linear dependence:        1.00e-08
 D3BJ dispersion energy:                -0.001959788

 -------------------------------------
  Running unrestricted open-shell SCF 
 -------------------------------------
 Max number of iterations:             128
 Conv. threshold (gradient):             1.00e-05
 Conv. threshold (energy):               1.00e-06
 Interpolation scheme:                   adiis+cdiis
 Initial guess:                          H0

 ---------------------------------------------------------------
                  energy        change          grad        time
 ---------------------------------------------------------------
   0     -1108.753667844                    2.04e+01        4.23
   1     -1112.387346683     -3.63e+00      9.27e+00        0.35
   2     -1162.488011317     -5.01e+01      1.24e+01        0.35
   3     -1220.920325387     -5.84e+01      4.54e+00        0.33
   4     -1207.263508484      1.37e+01      5.63e+00        0.32
   5     -1225.395082041     -1.81e+01      1.20e+00        0.32
   6     -1222.737006410      2.66e+00      2.31e+00        0.32
   7     -1225.695505114     -2.96e+00      5.67e-01        0.34
   8     -1225.748266644     -5.28e-02      5.26e-01        0.33
   9     -1225.741403070      6.86e-03      5.75e-01        0.33
  10     -1225.801865884     -6.05e-02      3.16e-01        0.33
  11     -1225.815285136     -1.34e-02      2.13e-01        0.33
  12     -1225.823798888     -8.51e-03      8.12e-02        0.32
  13     -1225.818291035      5.51e-03      1.73e-01        0.32
  14     -1225.825796203     -7.51e-03      6.02e-03        0.30
  15     -1225.825836382     -4.02e-05      1.07e-03        0.30
  16     -1225.825838105     -1.72e-06      3.72e-04        0.30
  17     -1225.825838205     -1.00e-07      1.52e-04        0.31
  18     -1225.825838233     -2.74e-08      1.10e-04        0.31
  19     -1225.825838238     -5.84e-09      2.65e-05        0.30
  20     -1225.825838240     -1.73e-09      1.26e-05        0.29
  21     -1225.825838241     -4.96e-10      3.10e-06        0.29

 SCF converged in 21 iterations.

 Dipole moment (in Debye):              -0.000000      -0.000000      -5.019480

 Quadrupole moment (in Debye-Angstrom):
                  1            2            3
 1       -19.941457    -0.000000    -0.000000
 2        -0.000000   -19.941457    -0.000000
 3        -0.000000    -0.000000   -22.583893

 Spin-squared expectation <S^2>:         8.811
 Total spin quantum number S:            2.510
 TOTAL ENERGY:                       -1225.825838241

 --------------------------------------------------------------------------------

 End time:                               Wed Jun  2 11:57:53 2021
 Total wall-clock time:                 12.932 seconds
==================================================================================
