
================================================================================
          _____________ ________ _______________ ________     _________         
         / ___________// ______ \\_____   _____// ______ \   / ________)        
        / /_________  / /      \ \     | |     / /      \ \ | (_______          
       |  __________|| |        | |    | |    | |        | | \________ \        
        \ \_________ | |        | |    | |     \ \______/ /___________) |       
         \__________||_|        |_|    |_|      \________//____________/        
                                                                                
====================================[ Qcore ]===================================

 Git hash:   15a3e7daff0cda5fa9af010ccd19a80288182ecf
 Git date:   Fri, 16 Apr 2021 15:57:16 +0100
 Compiler:   GNU 9.1.0
 Build type: Release
 Version:    1.1.0

 Start time: Wed Jun  2 11:58:17 2021

 Data directory: /work/zw18965/.local/qcore/share/entos/1.1.0/data
 Number of threads: 24
 Number of threads was determined by: command line argument

 --------------------------------------------------------------------------------
                                   command: dft                                  
 --------------------------------------------------------------------------------
 AO basis set:                           aug-cc-pvtz
 Number of AO basis functions:         139

 Formula:                                FFe
 Nuclear charge:                        35.000000000
 Total charge:                           0.000000000
 Number of electrons:                   35.000000000

 Number of alpha electrons:             20
 Number of beta electrons:              15
 Number of unpaired electrons:           5
 Spin:                                   5
 Multiplicity:                           septet

 Theory:                                 dft
 Exchange-correlation functional:        0.49 b88 + 0.4 lyp
 Method for Coulomb:                     incore_df
 Method for exact exchange:              pre_transformed_df
 Integral threshold:                     1.00e-12
 DF basis set:                           def2-tzvp-jkfit(spdfghi)
 Number of DF basis functions:         341
 Schwarz screening threshold:            1.00e-10
 Coulomb fitting method:                 Cholesky

 ------------------
  UW12 Correlation 
 ------------------
 Factor for UW12 correlation:            1.000000000
 Opposite spin scale factor:             0.520000000
 Same spin scale factor:                 0.000000000
 Calculate indirect contribution:        false
 Method for three electron term:         df_ri
 Auxiliary RI basis set:                 Def2-TZVP-RI
 Number of RI basis functions:         258
 Gaussians in geminal expansion:        10
 UW12 screening threshold:               1.00e-12
 Method for density-fitting:             w(r)
 Number of core spatial orbitals:        6

 Total number of grid points:        14748
 Method for AO orthogonalization:        symmetric
 Threshold for linear dependence:        1.00e-08
 D3BJ dispersion energy:                -0.001215417

 -------------------------------------
  Running unrestricted open-shell SCF 
 -------------------------------------
 Max number of iterations:             128
 Conv. threshold (gradient):             1.00e-05
 Conv. threshold (energy):               1.00e-06
 Interpolation scheme:                   adiis+cdiis
 Initial guess:                          H0

 ---------------------------------------------------------------
                  energy        change          grad        time
 ---------------------------------------------------------------
   0     -1206.286853608                    1.57e+01        4.28
   1     -1210.790445500     -4.50e+00      1.03e+01        0.37
   2     -1275.458972045     -6.47e+01      1.34e+01        0.34
   3     -1354.817388287     -7.94e+01      5.48e+00        0.33
   4     -1343.919007751      1.09e+01      6.86e+00        0.32
   5     -1362.400802903     -1.85e+01      1.83e+00        0.32
   6     -1354.077447721      8.32e+00      3.89e+00        0.33
   7     -1362.836205043     -8.76e+00      1.38e+00        0.33
   8     -1363.161829784     -3.26e-01      4.30e-01        0.33
   9     -1363.153802161      8.03e-03      5.03e-01        0.33
  10     -1363.203167314     -4.94e-02      5.22e-02        0.32
  11     -1363.202426223      7.41e-04      7.89e-02        0.34
  12     -1363.204014877     -1.59e-03      2.62e-03        0.33
  13     -1363.204018664     -3.79e-06      6.79e-04        0.32
  14     -1363.204018921     -2.57e-07      1.14e-04        0.32
  15     -1363.204018930     -9.12e-09      3.42e-05        0.32
  16     -1363.204018931     -5.42e-10      6.51e-06        0.31

 SCF converged in 16 iterations.

 Dipole moment (in Debye):               0.000000       0.000000      -2.496887

 Quadrupole moment (in Debye-Angstrom):
                  1            2            3
 1       -19.033032    -0.238978     0.000000
 2        -0.238978   -19.032763     0.000000
 3         0.000000     0.000000   -26.965047

 Spin-squared expectation <S^2>:         8.754
 Total spin quantum number S:            2.501
 TOTAL ENERGY:                       -1363.204018930

 --------------------------------------------------------------------------------

 End time:                               Wed Jun  2 11:58:29 2021
 Total wall-clock time:                 11.709 seconds
==================================================================================
