
================================================================================
          _____________ ________ _______________ ________     _________         
         / ___________// ______ \\_____   _____// ______ \   / ________)        
        / /_________  / /      \ \     | |     / /      \ \ | (_______          
       |  __________|| |        | |    | |    | |        | | \________ \        
        \ \_________ | |        | |    | |     \ \______/ /___________) |       
         \__________||_|        |_|    |_|      \________//____________/        
                                                                                
====================================[ Qcore ]===================================

 Git hash:   15a3e7daff0cda5fa9af010ccd19a80288182ecf
 Git date:   Fri, 16 Apr 2021 15:57:16 +0100
 Compiler:   GNU 9.1.0
 Build type: Release
 Version:    1.1.0

 Start time: Wed Jun  2 12:00:31 2021

 Data directory: /work/zw18965/.local/qcore/share/entos/1.1.0/data
 Number of threads: 24
 Number of threads was determined by: command line argument

 --------------------------------------------------------------------------------
                                   command: dft                                  
 --------------------------------------------------------------------------------
 AO basis set:                           aug-cc-pvtz
 Number of AO basis functions:         139

 Formula:                                FCo
 Nuclear charge:                        36.000000000
 Total charge:                           0.000000000
 Number of electrons:                   36.000000000

 Number of alpha electrons:             19
 Number of beta electrons:              17
 Number of unpaired electrons:           2
 Spin:                                   2
 Multiplicity:                           triplet

 Theory:                                 dft
 Exchange-correlation functional:        0.49 b88 + 0.4 lyp
 Method for Coulomb:                     incore_df
 Method for exact exchange:              pre_transformed_df
 Integral threshold:                     1.00e-12
 DF basis set:                           def2-tzvp-jkfit(spdfghi)
 Number of DF basis functions:         341
 Schwarz screening threshold:            1.00e-10
 Coulomb fitting method:                 Cholesky

 ------------------
  UW12 Correlation 
 ------------------
 Factor for UW12 correlation:            1.000000000
 Opposite spin scale factor:             0.520000000
 Same spin scale factor:                 0.000000000
 Calculate indirect contribution:        false
 Method for three electron term:         df_ri
 Auxiliary RI basis set:                 Def2-TZVP-RI
 Number of RI basis functions:         258
 Gaussians in geminal expansion:        10
 UW12 screening threshold:               1.00e-12
 Method for density-fitting:             w(r)
 Number of core spatial orbitals:        6

 Total number of grid points:        14748
 Method for AO orthogonalization:        symmetric
 Threshold for linear dependence:        1.00e-08
 D3BJ dispersion energy:                -0.001211980

 -------------------------------------
  Running unrestricted open-shell SCF 
 -------------------------------------
 Max number of iterations:             128
 Conv. threshold (gradient):             1.00e-05
 Conv. threshold (energy):               1.00e-06
 Interpolation scheme:                   adiis+cdiis
 Initial guess:                          H0

 ---------------------------------------------------------------
                  energy        change          grad        time
 ---------------------------------------------------------------
   0     -1301.536910103                    1.59e+01        4.26
   1     -1304.501937277     -2.97e+00      1.07e+01        0.38
   2     -1389.246392867     -8.47e+01      1.43e+01        0.34
   3     -1471.205224129     -8.20e+01      6.07e+00        0.33
   4     -1469.903440862      1.30e+00      4.74e+00        0.32
   5     -1481.962601359     -1.21e+01      1.23e+00        0.33
   6     -1479.575898976      2.39e+00      3.27e+00        0.33
   7     -1482.178760363     -2.60e+00      8.04e-01        0.33
   8     -1482.258967950     -8.02e-02      4.56e-01        0.32
   9     -1482.287048491     -2.81e-02      2.04e-01        0.33
  10     -1482.292731933     -5.68e-03      1.26e-01        0.33
  11     -1482.295158779     -2.43e-03      8.46e-02        0.32
  12     -1482.295312079     -1.53e-04      8.40e-02        0.32
  13     -1482.297212369     -1.90e-03      1.08e-02        0.30
  14     -1482.297544716     -3.32e-04      7.70e-03        0.31
  15     -1482.297686070     -1.41e-04      2.56e-03        0.30
  16     -1482.297686764     -6.94e-07      2.44e-03        0.30
  17     -1482.297688893     -2.13e-06      2.80e-04        0.32
  18     -1482.297688989     -9.56e-08      2.47e-04        0.30
  19     -1482.297689026     -3.75e-08      1.26e-04        0.31
  20     -1482.297689047     -2.06e-08      1.05e-04        0.30
  21     -1482.297689061     -1.41e-08      9.61e-05        0.29
  22     -1482.297689076     -1.46e-08      6.02e-05        0.29
  23     -1482.297689082     -6.34e-09      2.93e-05        0.29
  24     -1482.297689083     -1.19e-09      8.90e-06        0.29

 SCF converged in 24 iterations.

 Dipole moment (in Debye):              -0.000000      -0.000000      -5.259124

 Quadrupole moment (in Debye-Angstrom):
                  1            2            3
 1       -18.290860     0.000007     0.000001
 2         0.000007   -18.290783     0.000000
 3         0.000001     0.000000   -18.728640

 Spin-squared expectation <S^2>:         2.082
 Total spin quantum number S:            1.027
 TOTAL ENERGY:                       -1482.297689083

 --------------------------------------------------------------------------------

 End time:                               Wed Jun  2 12:00:45 2021
 Total wall-clock time:                 13.770 seconds
==================================================================================
