
================================================================================
          _____________ ________ _______________ ________     _________         
         / ___________// ______ \\_____   _____// ______ \   / ________)        
        / /_________  / /      \ \     | |     / /      \ \ | (_______          
       |  __________|| |        | |    | |    | |        | | \________ \        
        \ \_________ | |        | |    | |     \ \______/ /___________) |       
         \__________||_|        |_|    |_|      \________//____________/        
                                                                                
====================================[ Qcore ]===================================

 Git hash:   15a3e7daff0cda5fa9af010ccd19a80288182ecf
 Git date:   Fri, 16 Apr 2021 15:57:16 +0100
 Compiler:   GNU 9.1.0
 Build type: Release
 Version:    1.1.0

 Start time: Wed Jun  2 12:01:40 2021

 Data directory: /work/zw18965/.local/qcore/share/entos/1.1.0/data
 Number of threads: 24
 Number of threads was determined by: command line argument

 --------------------------------------------------------------------------------
                                   command: dft                                  
 --------------------------------------------------------------------------------
 AO basis set:                           aug-cc-pvtz
 Number of AO basis functions:         139

 Formula:                                OCo
 Nuclear charge:                        35.000000000
 Total charge:                           0.000000000
 Number of electrons:                   35.000000000

 Number of alpha electrons:             19
 Number of beta electrons:              16
 Number of unpaired electrons:           3
 Spin:                                   3
 Multiplicity:                           quartet

 Theory:                                 dft
 Exchange-correlation functional:        0.49 b88 + 0.4 lyp
 Method for Coulomb:                     incore_df
 Method for exact exchange:              pre_transformed_df
 Integral threshold:                     1.00e-12
 DF basis set:                           def2-tzvp-jkfit(spdfghi)
 Number of DF basis functions:         341
 Schwarz screening threshold:            1.00e-10
 Coulomb fitting method:                 Cholesky

 ------------------
  UW12 Correlation 
 ------------------
 Factor for UW12 correlation:            1.000000000
 Opposite spin scale factor:             0.520000000
 Same spin scale factor:                 0.000000000
 Calculate indirect contribution:        false
 Method for three electron term:         df_ri
 Auxiliary RI basis set:                 Def2-TZVP-RI
 Number of RI basis functions:         258
 Gaussians in geminal expansion:        10
 UW12 screening threshold:               1.00e-12
 Method for density-fitting:             w(r)
 Number of core spatial orbitals:        6

 Total number of grid points:        14880
 Method for AO orthogonalization:        symmetric
 Threshold for linear dependence:        1.00e-08
 D3BJ dispersion energy:                -0.001776868

 -------------------------------------
  Running unrestricted open-shell SCF 
 -------------------------------------
 Max number of iterations:             128
 Conv. threshold (gradient):             1.00e-05
 Conv. threshold (energy):               1.00e-06
 Interpolation scheme:                   adiis+cdiis
 Initial guess:                          H0

 ---------------------------------------------------------------
                  energy        change          grad        time
 ---------------------------------------------------------------
   0     -1302.578159101                    1.75e+01        4.11
   1     -1302.324718887      2.53e-01      9.58e+00        0.35
   2     -1379.365789156     -7.70e+01      1.50e+01        0.33
   3     -1450.565403516     -7.12e+01      5.41e+00        0.32
   4     -1444.419710439      6.15e+00      5.60e+00        0.31
   5     -1456.656564636     -1.22e+01      2.01e+00        0.33
   6     -1449.703083821      6.95e+00      3.78e+00        0.32
   7     -1457.234095814     -7.53e+00      1.37e+00        0.33
   8     -1457.498561111     -2.64e-01      6.56e-01        0.32
   9     -1457.539153169     -4.06e-02      5.75e-01        0.32
  10     -1457.596355647     -5.72e-02      2.06e-01        0.32
  11     -1457.589955488      6.40e-03      2.54e-01        0.33
  12     -1457.602908966     -1.30e-02      1.71e-01        0.33
  13     -1457.601150086      1.76e-03      1.70e-01        0.32
  14     -1457.608691479     -7.54e-03      4.82e-02        0.32
  15     -1457.607614952      1.08e-03      7.78e-02        0.32
  16     -1457.609621798     -2.01e-03      7.00e-03        0.33
  17     -1457.609689471     -6.77e-05      3.56e-03        0.32
  18     -1457.609702641     -1.32e-05      1.12e-03        0.31
  19     -1457.609704163     -1.52e-06      6.53e-04        0.32
  20     -1457.609704361     -1.98e-07      1.34e-04        0.31
  21     -1457.609704374     -1.32e-08      1.36e-05        0.32
  22     -1457.609704374      5.43e-10      6.27e-06        0.31

 SCF converged in 22 iterations.

 Dipole moment (in Debye):              -0.000000      -0.000000      -4.816391

 Quadrupole moment (in Debye-Angstrom):
                  1            2            3
 1       -19.493683    -0.000000     0.000000
 2        -0.000000   -19.493683     0.000000
 3         0.000000     0.000000   -19.934015

 Spin-squared expectation <S^2>:         3.787
 Total spin quantum number S:            1.509
 TOTAL ENERGY:                       -1457.609704374

 --------------------------------------------------------------------------------

 End time:                               Wed Jun  2 12:01:54 2021
 Total wall-clock time:                 13.210 seconds
==================================================================================
