
================================================================================
          _____________ ________ _______________ ________     _________         
         / ___________// ______ \\_____   _____// ______ \   / ________)        
        / /_________  / /      \ \     | |     / /      \ \ | (_______          
       |  __________|| |        | |    | |    | |        | | \________ \        
        \ \_________ | |        | |    | |     \ \______/ /___________) |       
         \__________||_|        |_|    |_|      \________//____________/        
                                                                                
====================================[ Qcore ]===================================

 Git hash:   15a3e7daff0cda5fa9af010ccd19a80288182ecf
 Git date:   Fri, 16 Apr 2021 15:57:16 +0100
 Compiler:   GNU 9.1.0
 Build type: Release
 Version:    1.1.0

 Start time: Wed Jun  2 12:02:13 2021

 Data directory: /work/zw18965/.local/qcore/share/entos/1.1.0/data
 Number of threads: 24
 Number of threads was determined by: command line argument

 --------------------------------------------------------------------------------
                                   command: dft                                  
 --------------------------------------------------------------------------------
 AO basis set:                           aug-cc-pvtz
 Number of AO basis functions:         116

 Formula:                                HNi
 Nuclear charge:                        29.000000000
 Total charge:                           0.000000000
 Number of electrons:                   29.000000000

 Number of alpha electrons:             15
 Number of beta electrons:              14
 Number of unpaired electrons:           1
 Spin:                                   1
 Multiplicity:                           doublet

 Theory:                                 dft
 Exchange-correlation functional:        0.49 b88 + 0.4 lyp
 Method for Coulomb:                     incore_df
 Method for exact exchange:              pre_transformed_df
 Integral threshold:                     1.00e-12
 DF basis set:                           def2-tzvp-jkfit(spdfghi)
 Number of DF basis functions:         282
 Schwarz screening threshold:            1.00e-10
 Coulomb fitting method:                 Cholesky

 ------------------
  UW12 Correlation 
 ------------------
 Factor for UW12 correlation:            1.000000000
 Opposite spin scale factor:             0.520000000
 Same spin scale factor:                 0.000000000
 Calculate indirect contribution:        false
 Method for three electron term:         df_ri
 Auxiliary RI basis set:                 Def2-TZVP-RI
 Number of RI basis functions:         197
 Gaussians in geminal expansion:        10
 UW12 screening threshold:               1.00e-12
 Method for density-fitting:             w(r)
 Number of core spatial orbitals:        5

 Total number of grid points:        13826
 Method for AO orthogonalization:        symmetric
 Threshold for linear dependence:        1.00e-08
 D3BJ dispersion energy:                -0.001061891

 -------------------------------------
  Running unrestricted open-shell SCF 
 -------------------------------------
 Max number of iterations:             128
 Conv. threshold (gradient):             1.00e-05
 Conv. threshold (energy):               1.00e-06
 Interpolation scheme:                   adiis+cdiis
 Initial guess:                          H0

 ---------------------------------------------------------------
                  energy        change          grad        time
 ---------------------------------------------------------------
   0     -1426.408375802                    1.01e+01        3.21
   1     -1369.528140915      5.69e+01      9.48e+00        0.22
   2     -1465.923201425     -9.64e+01      8.42e+00        0.21
   3     -1502.369363655     -3.64e+01      4.69e+00        0.18
   4     -1501.276026865      1.09e+00      3.94e+00        0.19
   5     -1508.470701998     -7.19e+00      9.69e-01        0.18
   6     -1507.040802750      1.43e+00      2.28e+00        0.19
   7     -1508.559763516     -1.52e+00      6.01e-01        0.20
   8     -1508.633421536     -7.37e-02      2.34e-01        0.20
   9     -1508.632938295      4.83e-04      2.24e-01        0.20
  10     -1508.643841689     -1.09e-02      2.40e-02        0.21
  11     -1508.643915694     -7.40e-05      2.49e-02        0.21
  12     -1508.644084470     -1.69e-04      5.63e-03        0.19
  13     -1508.644129699     -4.52e-05      2.25e-03        0.18
  14     -1508.644139543     -9.84e-06      1.14e-03        0.19
  15     -1508.644142973     -3.43e-06      3.58e-04        0.19
  16     -1508.644143285     -3.12e-07      1.39e-04        0.18
  17     -1508.644143310     -2.43e-08      3.45e-05        0.18
  18     -1508.644143312     -2.03e-09      1.62e-05        0.17
  19     -1508.644143312     -1.88e-10      6.85e-06        0.17

 SCF converged in 19 iterations.

 Dipole moment (in Debye):               0.000000       0.000000      -2.628641

 Quadrupole moment (in Debye-Angstrom):
                  1            2            3
 1       -15.227950     0.000000     0.000000
 2         0.000000   -15.227950     0.000000
 3         0.000000     0.000000   -15.608137

 Spin-squared expectation <S^2>:         0.764
 Total spin quantum number S:            0.507
 TOTAL ENERGY:                       -1508.644143312

 --------------------------------------------------------------------------------

 End time:                               Wed Jun  2 12:02:22 2021
 Total wall-clock time:                  8.645 seconds
==================================================================================
