
================================================================================
          _____________ ________ _______________ ________     _________         
         / ___________// ______ \\_____   _____// ______ \   / ________)        
        / /_________  / /      \ \     | |     / /      \ \ | (_______          
       |  __________|| |        | |    | |    | |        | | \________ \        
        \ \_________ | |        | |    | |     \ \______/ /___________) |       
         \__________||_|        |_|    |_|      \________//____________/        
                                                                                
====================================[ Qcore ]===================================

 Git hash:   15a3e7daff0cda5fa9af010ccd19a80288182ecf
 Git date:   Fri, 16 Apr 2021 15:57:16 +0100
 Compiler:   GNU 9.1.0
 Build type: Release
 Version:    1.1.0

 Start time: Wed Jun  2 12:04:54 2021

 Data directory: /work/zw18965/.local/qcore/share/entos/1.1.0/data
 Number of threads: 24
 Number of threads was determined by: command line argument

 --------------------------------------------------------------------------------
                                   command: dft                                  
 --------------------------------------------------------------------------------
 AO basis set:                           aug-cc-pvtz
 Number of AO basis functions:         139

 Formula:                                ONi
 Nuclear charge:                        36.000000000
 Total charge:                           0.000000000
 Number of electrons:                   36.000000000

 Number of alpha electrons:             19
 Number of beta electrons:              17
 Number of unpaired electrons:           2
 Spin:                                   2
 Multiplicity:                           triplet

 Theory:                                 dft
 Exchange-correlation functional:        0.49 b88 + 0.4 lyp
 Method for Coulomb:                     incore_df
 Method for exact exchange:              pre_transformed_df
 Integral threshold:                     1.00e-12
 DF basis set:                           def2-tzvp-jkfit(spdfghi)
 Number of DF basis functions:         341
 Schwarz screening threshold:            1.00e-10
 Coulomb fitting method:                 Cholesky

 ------------------
  UW12 Correlation 
 ------------------
 Factor for UW12 correlation:            1.000000000
 Opposite spin scale factor:             0.520000000
 Same spin scale factor:                 0.000000000
 Calculate indirect contribution:        false
 Method for three electron term:         df_ri
 Auxiliary RI basis set:                 Def2-TZVP-RI
 Number of RI basis functions:         258
 Gaussians in geminal expansion:        10
 UW12 screening threshold:               1.00e-12
 Method for density-fitting:             w(r)
 Number of core spatial orbitals:        6

 Total number of grid points:        14880
 Method for AO orthogonalization:        symmetric
 Threshold for linear dependence:        1.00e-08
 D3BJ dispersion energy:                -0.001808401

 -------------------------------------
  Running unrestricted open-shell SCF 
 -------------------------------------
 Max number of iterations:             128
 Conv. threshold (gradient):             1.00e-05
 Conv. threshold (energy):               1.00e-06
 Interpolation scheme:                   adiis+cdiis
 Initial guess:                          H0

 ---------------------------------------------------------------
                  energy        change          grad        time
 ---------------------------------------------------------------
   0     -1401.941612311                    1.71e+01        4.13
   1     -1404.844364060     -2.90e+00      9.67e+00        0.37
   2     -1498.610597878     -9.38e+01      1.53e+01        0.35
   3     -1575.883712249     -7.73e+01      6.11e+00        0.35
   4     -1569.664139711      6.22e+00      5.55e+00        0.32
   5     -1582.190296578     -1.25e+01      2.09e+00        0.33
   6     -1575.196356747      6.99e+00      3.36e+00        0.32
   7     -1582.677537926     -7.48e+00      1.60e+00        0.32
   8     -1583.056522988     -3.79e-01      6.80e-01        0.33
   9     -1582.945912421      1.11e-01      9.88e-01        0.33
  10     -1583.153336887     -2.07e-01      3.74e-01        0.32
  11     -1583.156171379     -2.83e-03      2.90e-01        0.32
  12     -1583.164748139     -8.58e-03      2.77e-01        0.33
  13     -1583.176156102     -1.14e-02      1.83e-01        0.32
  14     -1583.183288325     -7.13e-03      4.93e-02        0.32
  15     -1583.182889773      3.99e-04      7.23e-02        0.32
  16     -1583.184237593     -1.35e-03      4.19e-03        0.31
  17     -1583.184242299     -4.71e-06      3.62e-04        0.29
  18     -1583.184242433     -1.34e-07      5.11e-04        0.29
  19     -1583.184242518     -8.46e-08      1.39e-04        0.29
  20     -1583.184242551     -3.28e-08      6.20e-05        0.30
  21     -1583.184242564     -1.31e-08      4.11e-05        0.29
  22     -1583.184242567     -3.61e-09      2.62e-05        0.30
  23     -1583.184242569     -1.08e-09      2.32e-05        0.29
  24     -1583.184242571     -2.32e-09      2.21e-05        0.30
  25     -1583.184242574     -3.44e-09      1.71e-05        0.29
  26     -1583.184242578     -3.98e-09      9.70e-06        0.30

 SCF converged in 26 iterations.

 Dipole moment (in Debye):              -0.000000      -0.000000      -4.699357

 Quadrupole moment (in Debye-Angstrom):
                  1            2            3
 1       -18.650590     0.000014     0.000000
 2         0.000014   -18.650618     0.000000
 3         0.000000     0.000000   -18.861962

 Spin-squared expectation <S^2>:         2.014
 Total spin quantum number S:            1.005
 TOTAL ENERGY:                       -1583.184242579

 --------------------------------------------------------------------------------

 End time:                               Wed Jun  2 12:05:08 2021
 Total wall-clock time:                 14.346 seconds
==================================================================================
