
================================================================================
          _____________ ________ _______________ ________     _________         
         / ___________// ______ \\_____   _____// ______ \   / ________)        
        / /_________  / /      \ \     | |     / /      \ \ | (_______          
       |  __________|| |        | |    | |    | |        | | \________ \        
        \ \_________ | |        | |    | |     \ \______/ /___________) |       
         \__________||_|        |_|    |_|      \________//____________/        
                                                                                
====================================[ Qcore ]===================================

 Git hash:   15a3e7daff0cda5fa9af010ccd19a80288182ecf
 Git date:   Fri, 16 Apr 2021 15:57:16 +0100
 Compiler:   GNU 9.1.0
 Build type: Release
 Version:    1.1.0

 Start time: Wed Jun  2 12:05:08 2021

 Data directory: /work/zw18965/.local/qcore/share/entos/1.1.0/data
 Number of threads: 24
 Number of threads was determined by: command line argument

 --------------------------------------------------------------------------------
                                   command: dft                                  
 --------------------------------------------------------------------------------
 AO basis set:                           aug-cc-pvtz
 Number of AO basis functions:         143

 Formula:                                SNi
 Nuclear charge:                        44.000000000
 Total charge:                           0.000000000
 Number of electrons:                   44.000000000

 Number of alpha electrons:             23
 Number of beta electrons:              21
 Number of unpaired electrons:           2
 Spin:                                   2
 Multiplicity:                           triplet

 Theory:                                 dft
 Exchange-correlation functional:        0.49 b88 + 0.4 lyp
 Method for Coulomb:                     incore_df
 Method for exact exchange:              pre_transformed_df
 Integral threshold:                     1.00e-12
 DF basis set:                           def2-tzvp-jkfit(spdfghi)
 Number of DF basis functions:         392
 Schwarz screening threshold:            1.00e-10
 Coulomb fitting method:                 Cholesky

 ------------------
  UW12 Correlation 
 ------------------
 Factor for UW12 correlation:            1.000000000
 Opposite spin scale factor:             0.520000000
 Same spin scale factor:                 0.000000000
 Calculate indirect contribution:        false
 Method for three electron term:         df_ri
 Auxiliary RI basis set:                 Def2-TZVP-RI
 Number of RI basis functions:         295
 Gaussians in geminal expansion:        10
 UW12 screening threshold:               1.00e-12
 Method for density-fitting:             w(r)
 Number of core spatial orbitals:       10

 Total number of grid points:        15286
 Method for AO orthogonalization:        symmetric
 Threshold for linear dependence:        1.00e-08
 D3BJ dispersion energy:                -0.005901887

 -------------------------------------
  Running unrestricted open-shell SCF 
 -------------------------------------
 Max number of iterations:             128
 Conv. threshold (gradient):             1.00e-05
 Conv. threshold (energy):               1.00e-06
 Interpolation scheme:                   adiis+cdiis
 Initial guess:                          H0

 ---------------------------------------------------------------
                  energy        change          grad        time
 ---------------------------------------------------------------
   0     -1726.347021097                    1.99e+01        4.66
   1     -1725.219375108      1.13e+00      9.05e+00        0.49
   2     -1619.562016466      1.06e+02      1.80e+01        0.49
   3     -1888.298402523     -2.69e+02      6.91e+00        0.49
   4     -1872.084620214      1.62e+01      7.33e+00        0.48
   5     -1905.301016621     -3.32e+01      1.08e+00        0.48
   6     -1901.524380428      3.78e+00      2.92e+00        0.48
   7     -1905.848221733     -4.32e+00      4.53e-01        0.47
   8     -1905.856901619     -8.68e-03      4.42e-01        0.47
   9     -1905.937093198     -8.02e-02      3.21e-01        0.47
  10     -1905.737156210      2.00e-01      1.01e+00        0.46
  11     -1905.936509026     -1.99e-01      3.40e-01        0.47
  12     -1905.960858025     -2.43e-02      6.75e-02        0.47
  13     -1905.957354402      3.50e-03      1.81e-01        0.47
  14     -1905.965188003     -7.83e-03      2.05e-02        0.47
  15     -1905.965919933     -7.32e-04      1.49e-02        0.45
  16     -1905.966168361     -2.48e-04      1.14e-02        0.45
  17     -1905.966331133     -1.63e-04      1.06e-02        0.45
  18     -1905.966455058     -1.24e-04      9.68e-03        0.45
  19     -1905.966905537     -4.50e-04      8.90e-03        0.45
  20     -1905.967062588     -1.57e-04      7.64e-03        0.45
  21     -1905.967858540     -7.96e-04      2.80e-02        0.46
  22     -1905.967831559      2.70e-05      1.75e-02        0.46
  23     -1905.967672633      1.59e-04      6.55e-03        0.45
  24     -1905.967914951     -2.42e-04      1.35e-02        0.45
  25     -1905.967778074      1.37e-04      7.56e-03        0.46
  26     -1905.967931292     -1.53e-04      2.98e-02        0.47
  27     -1905.968020844     -8.96e-05      1.85e-02        0.46
  28     -1905.968071031     -5.02e-05      1.30e-02        0.46
  29     -1905.968116801     -4.58e-05      1.46e-03        0.46
  30     -1905.968122275     -5.47e-06      8.56e-04        0.45
  31     -1905.968122532     -2.57e-07      4.26e-04        0.45
  32     -1905.968122581     -4.89e-08      1.23e-04        0.45
  33     -1905.968122588     -6.75e-09      4.60e-05        0.46
  34     -1905.968122590     -2.41e-09      3.09e-05        0.45
  35     -1905.968122589      8.69e-10      8.86e-06        0.45

 SCF converged in 35 iterations.

 Dipole moment (in Debye):              -0.000000      -0.000002      -4.463040

 Quadrupole moment (in Debye-Angstrom):
                  1            2            3
 1       -26.699739    -0.012495     0.000000
 2        -0.012495   -27.789449     0.000003
 3         0.000000     0.000003   -24.788261

 Spin-squared expectation <S^2>:         2.010
 Total spin quantum number S:            1.003
 TOTAL ENERGY:                       -1905.968122590

 --------------------------------------------------------------------------------

 End time:                               Wed Jun  2 12:05:31 2021
 Total wall-clock time:                 22.973 seconds
==================================================================================
