
================================================================================
          _____________ ________ _______________ ________     _________         
         / ___________// ______ \\_____   _____// ______ \   / ________)        
        / /_________  / /      \ \     | |     / /      \ \ | (_______          
       |  __________|| |        | |    | |    | |        | | \________ \        
        \ \_________ | |        | |    | |     \ \______/ /___________) |       
         \__________||_|        |_|    |_|      \________//____________/        
                                                                                
====================================[ Qcore ]===================================

 Git hash:   15a3e7daff0cda5fa9af010ccd19a80288182ecf
 Git date:   Fri, 16 Apr 2021 15:57:16 +0100
 Compiler:   GNU 9.1.0
 Build type: Release
 Version:    1.1.0

 Start time: Wed Jun  2 12:05:31 2021

 Data directory: /work/zw18965/.local/qcore/share/entos/1.1.0/data
 Number of threads: 24
 Number of threads was determined by: command line argument

 --------------------------------------------------------------------------------
                                   command: dft                                  
 --------------------------------------------------------------------------------
 AO basis set:                           aug-cc-pvtz
 Number of AO basis functions:         116

 Formula:                                HCu
 Nuclear charge:                        30.000000000
 Total charge:                           0.000000000
 Number of electrons:                   30.000000000

 Number of alpha electrons:             15
 Number of beta electrons:              15
 Number of unpaired electrons:           0
 Spin:                                   0
 Multiplicity:                           singlet

 Theory:                                 dft
 Exchange-correlation functional:        0.49 b88 + 0.4 lyp
 Method for Coulomb:                     incore_df
 Method for exact exchange:              pre_transformed_df
 Integral threshold:                     1.00e-12
 DF basis set:                           def2-tzvp-jkfit(spdfghi)
 Number of DF basis functions:         282
 Schwarz screening threshold:            1.00e-10
 Coulomb fitting method:                 Cholesky

 ------------------
  UW12 Correlation 
 ------------------
 Factor for UW12 correlation:            1.000000000
 Opposite spin scale factor:             0.520000000
 Same spin scale factor:                 0.000000000
 Calculate indirect contribution:        false
 Method for three electron term:         df_ri
 Auxiliary RI basis set:                 Def2-TZVP-RI
 Number of RI basis functions:         197
 Gaussians in geminal expansion:        10
 UW12 screening threshold:               1.00e-12
 Method for density-fitting:             w(r)
 Number of core spatial orbitals:        5

 Total number of grid points:        13826
 Method for AO orthogonalization:        symmetric
 Threshold for linear dependence:        1.00e-08
 D3BJ dispersion energy:                -0.000849119

 -------------------------------------
  Running restricted closed-shell SCF 
 -------------------------------------
 Max number of iterations:             128
 Conv. threshold (gradient):             1.00e-05
 Conv. threshold (energy):               1.00e-06
 Interpolation scheme:                   adiis+cdiis
 Initial guess:                          H0

 ---------------------------------------------------------------
                  energy        change          grad        time
 ---------------------------------------------------------------
   0     -1531.438463147                    2.16e+01        3.02
   1     -1479.566497764      5.19e+01      2.09e+01        0.12
   2     -1593.454859922     -1.14e+02      1.58e+01        0.11
   3     -1634.327555152     -4.09e+01      1.00e+01        0.09
   4     -1633.571766446      7.56e-01      8.78e+00        0.10
   5     -1640.873504589     -7.30e+00      4.72e-01        0.08
   6     -1640.844250668      2.93e-02      8.00e-01        0.08
   7     -1640.885906547     -4.17e-02      9.69e-02        0.09
   8     -1640.883670813      2.24e-03      2.56e-01        0.08
   9     -1640.887104282     -3.43e-03      9.57e-03        0.08
  10     -1640.887132454     -2.82e-05      4.68e-03        0.09
  11     -1640.887135879     -3.42e-06      2.04e-03        0.09
  12     -1640.887136736     -8.57e-07      2.86e-04        0.08
  13     -1640.887136759     -2.31e-08      3.44e-05        0.08
  14     -1640.887136757      1.24e-09      1.78e-05        0.08
  15     -1640.887136758     -9.61e-10      1.68e-06        0.08

 SCF converged in 15 iterations.

 Dipole moment (in Debye):              -0.000000      -0.000000      -2.736882

 Quadrupole moment (in Debye-Angstrom):
                  1            2            3
 1       -14.561938    -0.000000     0.000000
 2        -0.000000   -14.561938     0.000000
 3         0.000000     0.000000   -14.858524

 Spin-squared expectation <S^2>:         0.000
 Total spin quantum number S:            0.000
 TOTAL ENERGY:                       -1640.887136758

 --------------------------------------------------------------------------------

 End time:                               Wed Jun  2 12:05:37 2021
 Total wall-clock time:                  5.803 seconds
==================================================================================
