
================================================================================
          _____________ ________ _______________ ________     _________         
         / ___________// ______ \\_____   _____// ______ \   / ________)        
        / /_________  / /      \ \     | |     / /      \ \ | (_______          
       |  __________|| |        | |    | |    | |        | | \________ \        
        \ \_________ | |        | |    | |     \ \______/ /___________) |       
         \__________||_|        |_|    |_|      \________//____________/        
                                                                                
====================================[ Qcore ]===================================

 Git hash:   15a3e7daff0cda5fa9af010ccd19a80288182ecf
 Git date:   Fri, 16 Apr 2021 15:57:16 +0100
 Compiler:   GNU 9.1.0
 Build type: Release
 Version:    1.1.0

 Start time: Wed Jun  2 12:05:37 2021

 Data directory: /work/zw18965/.local/qcore/share/entos/1.1.0/data
 Number of threads: 24
 Number of threads was determined by: command line argument

 --------------------------------------------------------------------------------
                                   command: dft                                  
 --------------------------------------------------------------------------------
 AO basis set:                           aug-cc-pvtz
 Number of AO basis functions:         139

 Formula:                                FCu
 Nuclear charge:                        38.000000000
 Total charge:                           0.000000000
 Number of electrons:                   38.000000000

 Number of alpha electrons:             19
 Number of beta electrons:              19
 Number of unpaired electrons:           0
 Spin:                                   0
 Multiplicity:                           singlet

 Theory:                                 dft
 Exchange-correlation functional:        0.49 b88 + 0.4 lyp
 Method for Coulomb:                     incore_df
 Method for exact exchange:              pre_transformed_df
 Integral threshold:                     1.00e-12
 DF basis set:                           def2-tzvp-jkfit(spdfghi)
 Number of DF basis functions:         341
 Schwarz screening threshold:            1.00e-10
 Coulomb fitting method:                 Cholesky

 ------------------
  UW12 Correlation 
 ------------------
 Factor for UW12 correlation:            1.000000000
 Opposite spin scale factor:             0.520000000
 Same spin scale factor:                 0.000000000
 Calculate indirect contribution:        false
 Method for three electron term:         df_ri
 Auxiliary RI basis set:                 Def2-TZVP-RI
 Number of RI basis functions:         258
 Gaussians in geminal expansion:        10
 UW12 screening threshold:               1.00e-12
 Method for density-fitting:             w(r)
 Number of core spatial orbitals:        6

 Total number of grid points:        14748
 Method for AO orthogonalization:        symmetric
 Threshold for linear dependence:        1.00e-08
 D3BJ dispersion energy:                -0.001073293

 -------------------------------------
  Running restricted closed-shell SCF 
 -------------------------------------
 Max number of iterations:             128
 Conv. threshold (gradient):             1.00e-05
 Conv. threshold (energy):               1.00e-06
 Interpolation scheme:                   adiis+cdiis
 Initial guess:                          H0

 ---------------------------------------------------------------
                  energy        change          grad        time
 ---------------------------------------------------------------
   0     -1492.953235305                    3.65e+01        4.07
   1     -1510.853999884     -1.79e+01      2.17e+01        0.19
   2     -1628.473831629     -1.18e+02      3.60e+01        0.18
   3     -1731.900025525     -1.03e+02      1.15e+01        0.18
   4     -1728.213791272      3.69e+00      1.16e+01        0.17
   5     -1739.730044426     -1.15e+01      2.85e+00        0.17
   6     -1737.006394618      2.72e+00      6.05e+00        0.17
   7     -1739.982606124     -2.98e+00      1.82e+00        0.17
   8     -1740.086983314     -1.04e-01      7.82e-01        0.17
   9     -1740.105131313     -1.81e-02      4.35e-01        0.19
  10     -1740.112908526     -7.78e-03      4.15e-01        0.17
  11     -1740.114826683     -1.92e-03      3.15e-01        0.18
  12     -1740.122035105     -7.21e-03      1.15e-01        0.18
  13     -1740.120504622      1.53e-03      1.69e-01        0.18
  14     -1740.122761775     -2.26e-03      4.75e-02        0.18
  15     -1740.122735848      2.59e-05      5.14e-02        0.18
  16     -1740.122878268     -1.42e-04      6.64e-04        0.18
  17     -1740.122878329     -6.06e-08      5.46e-05        0.18
  18     -1740.122878330     -1.59e-09      8.86e-06        0.17

 SCF converged in 18 iterations.

 Dipole moment (in Debye):              -0.000000      -0.000000      -5.293490

 Quadrupole moment (in Debye-Angstrom):
                  1            2            3
 1       -16.906426     0.000000    -0.000000
 2         0.000000   -16.906426    -0.000000
 3        -0.000000    -0.000000   -19.425128

 Spin-squared expectation <S^2>:         0.000
 Total spin quantum number S:            0.000
 TOTAL ENERGY:                       -1740.122878330

 --------------------------------------------------------------------------------

 End time:                               Wed Jun  2 12:05:46 2021
 Total wall-clock time:                  9.108 seconds
==================================================================================
