
================================================================================
          _____________ ________ _______________ ________     _________         
         / ___________// ______ \\_____   _____// ______ \   / ________)        
        / /_________  / /      \ \     | |     / /      \ \ | (_______          
       |  __________|| |        | |    | |    | |        | | \________ \        
        \ \_________ | |        | |    | |     \ \______/ /___________) |       
         \__________||_|        |_|    |_|      \________//____________/        
                                                                                
====================================[ Qcore ]===================================

 Git hash:   15a3e7daff0cda5fa9af010ccd19a80288182ecf
 Git date:   Fri, 16 Apr 2021 15:57:16 +0100
 Compiler:   GNU 9.1.0
 Build type: Release
 Version:    1.1.0

 Start time: Wed Jun  2 12:05:57 2021

 Data directory: /work/zw18965/.local/qcore/share/entos/1.1.0/data
 Number of threads: 24
 Number of threads was determined by: command line argument

 --------------------------------------------------------------------------------
                                   command: dft                                  
 --------------------------------------------------------------------------------
 AO basis set:                           aug-cc-pvtz
 Number of AO basis functions:         152

 Formula:                                CuBr
 Nuclear charge:                        64.000000000
 Total charge:                           0.000000000
 Number of electrons:                   64.000000000

 Number of alpha electrons:             32
 Number of beta electrons:              32
 Number of unpaired electrons:           0
 Spin:                                   0
 Multiplicity:                           singlet

 Theory:                                 dft
 Exchange-correlation functional:        0.49 b88 + 0.4 lyp
 Method for Coulomb:                     incore_df
 Method for exact exchange:              pre_transformed_df
 Integral threshold:                     1.00e-12
 DF basis set:                           def2-tzvp-jkfit(spdfghi)
 Number of DF basis functions:         530
 Schwarz screening threshold:            1.00e-10
 Coulomb fitting method:                 Cholesky

 ------------------
  UW12 Correlation 
 ------------------
 Factor for UW12 correlation:            1.000000000
 Opposite spin scale factor:             0.520000000
 Same spin scale factor:                 0.000000000
 Calculate indirect contribution:        false
 Method for three electron term:         df_ri
 Auxiliary RI basis set:                 Def2-TZVP-RI
 Number of RI basis functions:         341
 Gaussians in geminal expansion:        10
 UW12 screening threshold:               1.00e-12
 Method for density-fitting:             w(r)
 Number of core spatial orbitals:       14

 Total number of grid points:        16100
 Method for AO orthogonalization:        symmetric
 Threshold for linear dependence:        1.00e-08
 D3BJ dispersion energy:                -0.005365409

 -------------------------------------
  Running restricted closed-shell SCF 
 -------------------------------------
 Max number of iterations:             128
 Conv. threshold (gradient):             1.00e-05
 Conv. threshold (energy):               1.00e-06
 Interpolation scheme:                   adiis+cdiis
 Initial guess:                          H0

 ---------------------------------------------------------------
                  energy        change          grad        time
 ---------------------------------------------------------------
   0     -4093.824780199                    5.31e+01        6.17
   1     -4021.476667003      7.23e+01      2.09e+01        0.49
   2     -3876.034984266      1.45e+02      2.91e+01        0.48
   3     -4196.780019668     -3.21e+02      8.80e+00        0.49
   4     -4190.087851806      6.69e+00      1.16e+01        0.48
   5     -4213.565229948     -2.35e+01      2.05e+00        0.48
   6     -4207.714684102      5.85e+00      1.16e+01        0.47
   7     -4213.874568841     -6.16e+00      1.72e+00        0.48
   8     -4213.974846981     -1.00e-01      1.31e+00        0.47
   9     -4214.073767064     -9.89e-02      5.73e-01        0.47
  10     -4214.081699374     -7.93e-03      4.30e-01        0.48
  11     -4214.094726030     -1.30e-02      6.60e-02        0.47
  12     -4214.093706586      1.02e-03      1.47e-01        0.45
  13     -4214.095086326     -1.38e-03      2.81e-03        0.45
  14     -4214.095086258      6.81e-08      9.00e-04        0.46
  15     -4214.095086450     -1.92e-07      2.18e-04        0.45
  16     -4214.095086462     -1.16e-08      6.44e-05        0.46
  17     -4214.095086465     -3.12e-09      9.26e-06        0.46

 SCF converged in 17 iterations.

 Dipole moment (in Debye):              -0.000000      -0.000000      -4.973896

 Quadrupole moment (in Debye-Angstrom):
                  1            2            3
 1       -31.660944    -0.000000     0.000000
 2        -0.000000   -31.660943     0.000000
 3         0.000000     0.000000   -24.919150

 Spin-squared expectation <S^2>:         0.000
 Total spin quantum number S:            0.000
 TOTAL ENERGY:                       -4214.095086466

 --------------------------------------------------------------------------------

 End time:                               Wed Jun  2 12:06:14 2021
 Total wall-clock time:                 16.927 seconds
==================================================================================
