
================================================================================
          _____________ ________ _______________ ________     _________         
         / ___________// ______ \\_____   _____// ______ \   / ________)        
        / /_________  / /      \ \     | |     / /      \ \ | (_______          
       |  __________|| |        | |    | |    | |        | | \________ \        
        \ \_________ | |        | |    | |     \ \______/ /___________) |       
         \__________||_|        |_|    |_|      \________//____________/        
                                                                                
====================================[ Qcore ]===================================

 Git hash:   15a3e7daff0cda5fa9af010ccd19a80288182ecf
 Git date:   Fri, 16 Apr 2021 15:57:16 +0100
 Compiler:   GNU 9.1.0
 Build type: Release
 Version:    1.1.0

 Start time: Wed Jun  2 12:08:05 2021

 Data directory: /work/zw18965/.local/qcore/share/entos/1.1.0/data
 Number of threads: 24
 Number of threads was determined by: command line argument

 --------------------------------------------------------------------------------
                                   command: dft                                  
 --------------------------------------------------------------------------------
 AO basis set:                           aug-cc-pvtz
 Number of AO basis functions:          93

 Formula:                                Sc
 Nuclear charge:                        21.000000000
 Total charge:                           0.000000000
 Number of electrons:                   21.000000000

 Number of alpha electrons:             11
 Number of beta electrons:              10
 Number of unpaired electrons:           1
 Spin:                                   1
 Multiplicity:                           doublet

 Theory:                                 dft
 Exchange-correlation functional:        0.49 b88 + 0.4 lyp
 Method for Coulomb:                     incore_df
 Method for exact exchange:              pre_transformed_df
 Integral threshold:                     1.00e-12
 DF basis set:                           def2-tzvp-jkfit(spdfghi)
 Number of DF basis functions:         264
 Schwarz screening threshold:            1.00e-10
 Coulomb fitting method:                 Cholesky

 ------------------
  UW12 Correlation 
 ------------------
 Factor for UW12 correlation:            1.000000000
 Opposite spin scale factor:             0.520000000
 Same spin scale factor:                 0.000000000
 Calculate indirect contribution:        false
 Method for three electron term:         df_ri
 Auxiliary RI basis set:                 Def2-TZVP-RI
 Number of RI basis functions:         182
 Gaussians in geminal expansion:        10
 UW12 screening threshold:               1.00e-12
 Method for density-fitting:             w(r)
 Number of core spatial orbitals:        5

 Total number of grid points:         7852
 Method for AO orthogonalization:        symmetric
 Threshold for linear dependence:        1.00e-08
 D3BJ dispersion energy:                 0.000000000

 -------------------------------------
  Running unrestricted open-shell SCF 
 -------------------------------------
 Max number of iterations:             128
 Conv. threshold (gradient):             1.00e-05
 Conv. threshold (energy):               1.00e-06
 Interpolation scheme:                   adiis+cdiis
 Initial guess:                          H0

 ---------------------------------------------------------------
                  energy        change          grad        time
 ---------------------------------------------------------------
   0      -748.946925355                    3.50e+00        2.16
   1      -734.665484037      1.43e+01      4.44e+00        0.12
   2      -754.928976378     -2.03e+01      2.43e+00        0.13
   3      -759.239751010     -4.31e+00      1.38e+00        0.12
   4      -759.161355553      7.84e-02      1.21e+00        0.11
   5      -760.270378814     -1.11e+00      1.88e-01        0.10
   6      -760.285971806     -1.56e-02      8.69e-02        0.11
   7      -760.289068619     -3.10e-03      4.59e-02        0.11
   8      -760.290164028     -1.10e-03      3.80e-03        0.12
   9      -760.290201208     -3.72e-05      2.22e-03        0.12
  10      -760.290234120     -3.29e-05      1.55e-03        0.12
  11      -760.290251373     -1.73e-05      1.55e-03        0.12
  12      -760.290271208     -1.98e-05      1.46e-03        0.12
  13      -760.290281884     -1.07e-05      1.40e-03        0.11
  14      -760.290287110     -5.23e-06      1.40e-03        0.11
  15      -760.290246819      4.03e-05      1.32e-03        0.11
  16      -760.290172577      7.42e-05      1.80e-03        0.11
  17      -760.290157259      1.53e-05      3.30e-03        0.10
  18      -760.290146687      1.06e-05      2.79e-03        0.11
  19      -760.290147797     -1.11e-06      1.07e-03        0.10
  20      -760.290148126     -3.30e-07      6.00e-04        0.10
  21      -760.290148051      7.51e-08      2.57e-04        0.11
  22      -760.290148069     -1.84e-08      1.39e-04        0.11
  23      -760.290148073     -3.90e-09      9.37e-06        0.11

 SCF converged in 23 iterations.

 Dipole moment (in Debye):               0.000002       0.000020      -0.000005

 Quadrupole moment (in Debye-Angstrom):
                  1            2            3
 1       -22.344074     0.028748    -0.001153
 2         0.028748   -22.722934     0.015600
 3        -0.001153     0.015600   -22.342566

 Spin-squared expectation <S^2>:         0.751
 Total spin quantum number S:            0.501
 TOTAL ENERGY:                        -760.290148075

 --------------------------------------------------------------------------------

 End time:                               Wed Jun  2 12:08:11 2021
 Total wall-clock time:                  5.787 seconds
==================================================================================
