
================================================================================
          _____________ ________ _______________ ________     _________         
         / ___________// ______ \\_____   _____// ______ \   / ________)        
        / /_________  / /      \ \     | |     / /      \ \ | (_______          
       |  __________|| |        | |    | |    | |        | | \________ \        
        \ \_________ | |        | |    | |     \ \______/ /___________) |       
         \__________||_|        |_|    |_|      \________//____________/        
                                                                                
====================================[ Qcore ]===================================

 Git hash:   15a3e7daff0cda5fa9af010ccd19a80288182ecf
 Git date:   Fri, 16 Apr 2021 15:57:16 +0100
 Compiler:   GNU 9.1.0
 Build type: Release
 Version:    1.1.0

 Start time: Wed Jun  2 12:08:11 2021

 Data directory: /work/zw18965/.local/qcore/share/entos/1.1.0/data
 Number of threads: 24
 Number of threads was determined by: command line argument

 --------------------------------------------------------------------------------
                                   command: dft                                  
 --------------------------------------------------------------------------------
 AO basis set:                           aug-cc-pvtz
 Number of AO basis functions:          93

 Formula:                                Ti
 Nuclear charge:                        22.000000000
 Total charge:                           0.000000000
 Number of electrons:                   22.000000000

 Number of alpha electrons:             12
 Number of beta electrons:              10
 Number of unpaired electrons:           2
 Spin:                                   2
 Multiplicity:                           triplet

 Theory:                                 dft
 Exchange-correlation functional:        0.49 b88 + 0.4 lyp
 Method for Coulomb:                     incore_df
 Method for exact exchange:              pre_transformed_df
 Integral threshold:                     1.00e-12
 DF basis set:                           def2-tzvp-jkfit(spdfghi)
 Number of DF basis functions:         264
 Schwarz screening threshold:            1.00e-10
 Coulomb fitting method:                 Cholesky

 ------------------
  UW12 Correlation 
 ------------------
 Factor for UW12 correlation:            1.000000000
 Opposite spin scale factor:             0.520000000
 Same spin scale factor:                 0.000000000
 Calculate indirect contribution:        false
 Method for three electron term:         df_ri
 Auxiliary RI basis set:                 Def2-TZVP-RI
 Number of RI basis functions:         182
 Gaussians in geminal expansion:        10
 UW12 screening threshold:               1.00e-12
 Method for density-fitting:             w(r)
 Number of core spatial orbitals:        5

 Total number of grid points:         7792
 Method for AO orthogonalization:        symmetric
 Threshold for linear dependence:        1.00e-08
 D3BJ dispersion energy:                 0.000000000

 -------------------------------------
  Running unrestricted open-shell SCF 
 -------------------------------------
 Max number of iterations:             128
 Conv. threshold (gradient):             1.00e-05
 Conv. threshold (energy):               1.00e-06
 Interpolation scheme:                   adiis+cdiis
 Initial guess:                          H0

 ---------------------------------------------------------------
                  energy        change          grad        time
 ---------------------------------------------------------------
   0      -832.827219188                    3.92e+00        2.18
   1      -814.876843704      1.80e+01      5.40e+00        0.12
   2      -840.996156240     -2.61e+01      2.95e+00        0.14
   3      -847.066417811     -6.07e+00      1.73e+00        0.12
   4      -847.646250609     -5.80e-01      1.47e+00        0.12
   5      -848.955420072     -1.31e+00      3.88e-01        0.11
   6      -848.986886559     -3.15e-02      2.55e-01        0.13
   7      -849.010593315     -2.37e-02      8.94e-02        0.13
   8      -849.012710619     -2.12e-03      5.80e-02        0.13
   9      -849.014533424     -1.82e-03      1.68e-02        0.12
  10      -849.016126692     -1.59e-03      1.24e-02        0.13
  11      -849.016513816     -3.87e-04      8.79e-03        0.13
  12      -849.016724569     -2.11e-04      8.52e-03        0.12
  13      -849.016491088      2.33e-04      8.14e-03        0.12
  14      -849.015986390      5.05e-04      5.46e-03        0.13
  15      -849.015981540      4.85e-06      4.27e-03        0.12
  16      -849.015990548     -9.01e-06      2.20e-03        0.12
  17      -849.015999331     -8.78e-06      8.34e-04        0.12
  18      -849.016002193     -2.86e-06      6.23e-04        0.12
  19      -849.016004957     -2.76e-06      6.12e-04        0.12
  20      -849.016013432     -8.47e-06      5.09e-04        0.13
  21      -849.016024386     -1.10e-05      4.95e-04        0.13
  22      -849.016027506     -3.12e-06      3.80e-04        0.12
  23      -849.016035815     -8.31e-06      4.32e-04        0.12
  24      -849.016039288     -3.47e-06      4.54e-04        0.13
  25      -849.016039539     -2.51e-07      3.58e-04        0.12
  26      -849.016039818     -2.79e-07      3.48e-04        0.13
  27      -849.016039682      1.36e-07      3.53e-04        0.13
  28      -849.016040421     -7.38e-07      1.62e-04        0.12
  29      -849.016040695     -2.74e-07      1.10e-04        0.12
  30      -849.016040755     -6.09e-08      9.36e-05        0.12
  31      -849.016040773     -1.78e-08      8.52e-05        0.13
  32      -849.016040782     -8.98e-09      8.62e-05        0.13
  33      -849.016040766      1.58e-08      8.33e-05        0.12
  34      -849.016040773     -7.00e-09      8.34e-05        0.13
  35      -849.016040767      5.91e-09      8.59e-05        0.12
  36      -849.016040769     -1.64e-09      8.59e-05        0.12
  37      -849.016040756      1.26e-08      7.84e-05        0.13
  38      -849.016040730      2.61e-08      3.55e-05        0.12
  39      -849.016040729      1.49e-09      1.78e-05        0.12
  40      -849.016040731     -2.46e-09      1.62e-05        0.11
  41      -849.016040733     -1.86e-09      1.51e-05        0.12
  42      -849.016040733     -1.47e-10      1.46e-05        0.11
  43      -849.016040733     -5.33e-11      1.49e-05        0.11
  44      -849.016040733      2.66e-10      1.50e-05        0.12
  45      -849.016040733      6.42e-11      1.48e-05        0.12
  46      -849.016040732      6.25e-10      1.44e-05        0.12
  47      -849.016040733     -3.00e-10      1.31e-05        0.12
  48      -849.016040733     -6.38e-10      1.20e-05        0.12
  49      -849.016040734     -8.50e-10      1.12e-05        0.11
  50      -849.016040735     -1.27e-09      9.81e-06        0.12

 SCF converged in 50 iterations.

 Dipole moment (in Debye):               0.000000       0.000000       0.000000

 Quadrupole moment (in Debye-Angstrom):
                  1            2            3
 1       -21.183390    -0.026399    -0.049639
 2        -0.026399   -21.188466    -0.054765
 3        -0.049639    -0.054765   -21.260972

 Spin-squared expectation <S^2>:         2.012
 Total spin quantum number S:            1.004
 TOTAL ENERGY:                        -849.016040736

 --------------------------------------------------------------------------------

 End time:                               Wed Jun  2 12:08:21 2021
 Total wall-clock time:                  9.461 seconds
==================================================================================
