
================================================================================
          _____________ ________ _______________ ________     _________         
         / ___________// ______ \\_____   _____// ______ \   / ________)        
        / /_________  / /      \ \     | |     / /      \ \ | (_______          
       |  __________|| |        | |    | |    | |        | | \________ \        
        \ \_________ | |        | |    | |     \ \______/ /___________) |       
         \__________||_|        |_|    |_|      \________//____________/        
                                                                                
====================================[ Qcore ]===================================

 Git hash:   15a3e7daff0cda5fa9af010ccd19a80288182ecf
 Git date:   Fri, 16 Apr 2021 15:57:16 +0100
 Compiler:   GNU 9.1.0
 Build type: Release
 Version:    1.1.0

 Start time: Wed Jun  2 13:11:03 2021

 Data directory: /work/zw18965/.local/qcore/share/entos/1.1.0/data
 Number of threads: 24
 Number of threads was determined by: number of physical cores

 --------------------------------------------------------------------------------
                                   command: dft                                  
 --------------------------------------------------------------------------------
 AO basis set:                           aug-cc-pvtz
 Number of AO basis functions:          93

 Formula:                                Fe
 Nuclear charge:                        26.000000000
 Total charge:                           0.000000000
 Number of electrons:                   26.000000000

 Number of alpha electrons:             15
 Number of beta electrons:              11
 Number of unpaired electrons:           4
 Spin:                                   4
 Multiplicity:                           quintet

 Theory:                                 dft
 Exchange-correlation functional:        blyp
 Method for Coulomb:                     incore_df
 Integral threshold:                     1.00e-12
 DF basis set:                           def2-tzvp-jkfit(spdfghi)
 Number of DF basis functions:         264
 Schwarz screening threshold:            1.00e-10
 Coulomb fitting method:                 Cholesky
 Total number of grid points:         7936
 Method for AO orthogonalization:        symmetric
 Threshold for linear dependence:        1.00e-08

 -------------------------------------
  Running unrestricted open-shell SCF 
 -------------------------------------
 Max number of iterations:             128
 Conv. threshold (gradient):             1.00e-05
 Conv. threshold (energy):               1.00e-06
 Interpolation scheme:                   adiis+cdiis
 Initial guess:                          H0

 ---------------------------------------------------------------
                  energy        change          grad        time
 ---------------------------------------------------------------
   0     -1202.686887038                    6.78e+00        0.02
   1     -1180.289422465      2.24e+01      1.02e+01        0.01
   2     -1240.863605443     -6.06e+01      5.45e+00        0.01
   3     -1260.009099302     -1.91e+01      2.88e+00        0.01
   4     -1260.241142743     -2.32e-01      3.16e+00        0.01
   5     -1263.598746683     -3.36e+00      5.76e-01        0.01
   6     -1263.050672379      5.48e-01      1.41e+00        0.01
   7     -1263.648599041     -5.98e-01      4.96e-01        0.01
   8     -1263.699037254     -5.04e-02      4.16e-01        0.01
   9     -1263.716098885     -1.71e-02      3.44e-01        0.01
  10     -1263.713926489      2.17e-03      2.93e-01        0.01
  11     -1263.719902121     -5.98e-03      2.95e-01        0.02
  12     -1263.754460402     -3.46e-02      8.23e-02        0.01
  13     -1263.743298834      1.12e-02      1.87e-01        0.02
  14     -1263.741134200      2.16e-03      2.06e-01        0.01
  15     -1263.727237493      1.39e-02      2.77e-01        0.01
  16     -1263.732927466     -5.69e-03      2.49e-01        0.01
  17     -1263.730505820      2.42e-03      2.63e-01        0.01
  18     -1263.728797152      1.71e-03      2.75e-01        0.01
  19     -1263.742564332     -1.38e-02      2.00e-01        0.01
  20     -1263.747045726     -4.48e-03      1.66e-01        0.01
  21     -1263.733811599      1.32e-02      2.52e-01        0.01
  22     -1263.739885809     -6.07e-03      2.17e-01        0.02
  23     -1263.753860993     -1.40e-02      8.70e-02        0.01
  24     -1263.756222492     -2.36e-03      9.77e-03        0.01
  25     -1263.756158810      6.37e-05      1.70e-02        0.01
  26     -1263.756194528     -3.57e-05      1.20e-02        0.01
  27     -1263.756230546     -3.60e-05      5.94e-03        0.01
  28     -1263.756242779     -1.22e-05      1.16e-03        0.01
  29     -1263.756243101     -3.21e-07      3.39e-04        0.01
  30     -1263.756243123     -2.25e-08      1.47e-04        0.02
  31     -1263.756243131     -7.54e-09      7.41e-05        0.01
  32     -1263.756243137     -6.82e-09      3.55e-05        0.01
  33     -1263.756243139     -1.56e-09      3.07e-05        0.01
  34     -1263.756243152     -1.34e-08      4.04e-05        0.01
  35     -1263.756243323     -1.71e-07      8.36e-05        0.01
  36     -1263.756243345     -2.18e-08      6.61e-05        0.01
  37     -1263.756243340      4.81e-09      4.23e-05        0.01
  38     -1263.756243423     -8.26e-08      5.04e-04        0.01
  39     -1263.756243456     -3.26e-08      4.19e-04        0.01
  40     -1263.756243547     -9.12e-08      2.84e-04        0.01
  41     -1263.756243577     -3.07e-08      3.71e-04        0.01
  42     -1263.756243556      2.11e-08      4.48e-04        0.01
  43     -1263.756243620     -6.38e-08      2.27e-04        0.01
  44     -1263.756243563      5.70e-08      4.42e-04        0.01
  45     -1263.756243641     -7.79e-08      5.57e-05        0.01
  46     -1263.756243608      3.36e-08      2.93e-04        0.01
  47     -1263.756243609     -1.91e-09      2.84e-04        0.01
  48     -1263.756243642     -3.30e-08      3.39e-05        0.01
  49     -1263.756243635      7.69e-09      1.40e-04        0.01
  50     -1263.756243635     -2.95e-10      1.33e-04        0.01
  51     -1263.756243643     -8.17e-09      1.25e-05        0.01
  52     -1263.756243645     -1.59e-09      1.03e-05        0.01
  53     -1263.756243649     -4.58e-09      7.94e-06        0.02

 SCF converged in 53 iterations.

 Dipole moment (in Debye):              -0.000001       0.000004      -0.000000

 Quadrupole moment (in Debye-Angstrom):
                  1            2            3
 1       -17.711559     0.347127    -0.623570
 2         0.347127   -16.122898     0.149404
 3        -0.623570     0.149404   -16.302301

 Spin-squared expectation <S^2>:         6.008
 Total spin quantum number S:            2.002
 TOTAL ENERGY:                       -1263.756243657
 Saving results in set 'guess'

 --------------------------------------------------------------------------------
                                   command: dft                                  
 --------------------------------------------------------------------------------
 AO basis set:                           aug-cc-pvtz
 Number of AO basis functions:          93

 Formula:                                Fe
 Nuclear charge:                        26.000000000
 Total charge:                           0.000000000
 Number of electrons:                   26.000000000

 Number of alpha electrons:             15
 Number of beta electrons:              11
 Number of unpaired electrons:           4
 Spin:                                   4
 Multiplicity:                           quintet

 Theory:                                 dft
 Exchange-correlation functional:        0.49 b88 + 0.4 lyp
 Method for Coulomb:                     incore_df
 Method for exact exchange:              pre_transformed_df
 Integral threshold:                     1.00e-12
 DF basis set:                           def2-tzvp-jkfit(spdfghi)
 Number of DF basis functions:         264
 Schwarz screening threshold:            1.00e-10
 Coulomb fitting method:                 Cholesky

 ------------------
  UW12 Correlation 
 ------------------
 Factor for UW12 correlation:            1.000000000
 Opposite spin scale factor:             0.520000000
 Same spin scale factor:                 0.000000000
 Calculate indirect contribution:        false
 Method for three electron term:         df_ri
 Auxiliary RI basis set:                 Def2-TZVP-RI
 Number of RI basis functions:         182
 Gaussians in geminal expansion:        10
 UW12 screening threshold:               1.00e-12
 Method for density-fitting:             w(r)
 Number of core spatial orbitals:        5

 Total number of grid points:         7936
 Method for AO orthogonalization:        symmetric
 Threshold for linear dependence:        1.00e-08
 D3BJ dispersion energy:                 0.000000000

 -------------------------------------
  Running unrestricted open-shell SCF 
 -------------------------------------
 Max number of iterations:             128
 Conv. threshold (gradient):             1.00e-05
 Conv. threshold (energy):               1.00e-06
 Interpolation scheme:                   adiis+cdiis

 ---------------------------------------------------------------
                  energy        change          grad        time
 ---------------------------------------------------------------
   0     -1263.365220397                    2.16e-01        2.20
   1     -1263.367212634     -1.99e-03      9.33e-02        0.14
   2     -1263.358263033      8.95e-03      2.11e-01        0.12
   3     -1263.369876794     -1.16e-02      8.78e-03        0.11
   4     -1263.369949954     -7.32e-05      4.44e-03        0.11
   5     -1263.370038407     -8.85e-05      6.16e-03        0.11
   6     -1263.370224176     -1.86e-04      3.91e-03        0.11
   7     -1263.370343193     -1.19e-04      9.94e-04        0.11
   8     -1263.370347861     -4.67e-06      1.79e-03        0.11
   9     -1263.370357026     -9.17e-06      6.33e-04        0.11
  10     -1263.370357127     -1.00e-07      9.49e-05        0.11
  11     -1263.370357148     -2.13e-08      7.46e-05        0.12
  12     -1263.370357164     -1.58e-08      8.30e-05        0.11
  13     -1263.370357275     -1.11e-07      7.27e-05        0.11
  14     -1263.370357313     -3.82e-08      2.08e-05        0.11
  15     -1263.370357315     -1.93e-09      1.24e-05        0.11
  16     -1263.370357315      5.05e-10      1.14e-05        0.11
  17     -1263.370357316     -1.61e-09      1.03e-05        0.12
  18     -1263.370357317     -1.01e-09      1.11e-05        0.12
  19     -1263.370357317      6.44e-10      1.01e-05        0.12
  20     -1263.370357317     -3.81e-10      9.75e-06        0.11

 SCF converged in 20 iterations.

 Dipole moment (in Debye):               0.000000       0.000000       0.000000

 Quadrupole moment (in Debye-Angstrom):
                  1            2            3
 1       -17.635123     0.315569    -0.564349
 2         0.315569   -16.221382     0.120798
 3        -0.564349     0.120798   -16.369555

 Spin-squared expectation <S^2>:         6.012
 Total spin quantum number S:            2.002
 TOTAL ENERGY:                       -1263.370357318

 --------------------------------------------------------------------------------

 End time:                               Wed Jun  2 13:11:10 2021
 Total wall-clock time:                  7.179 seconds
==================================================================================
