
================================================================================
          _____________ ________ _______________ ________     _________         
         / ___________// ______ \\_____   _____// ______ \   / ________)        
        / /_________  / /      \ \     | |     / /      \ \ | (_______          
       |  __________|| |        | |    | |    | |        | | \________ \        
        \ \_________ | |        | |    | |     \ \______/ /___________) |       
         \__________||_|        |_|    |_|      \________//____________/        
                                                                                
====================================[ Qcore ]===================================

 Git hash:   15a3e7daff0cda5fa9af010ccd19a80288182ecf
 Git date:   Fri, 16 Apr 2021 15:57:16 +0100
 Compiler:   GNU 9.1.0
 Build type: Release
 Version:    1.1.0

 Start time: Wed Jun  2 12:09:01 2021

 Data directory: /work/zw18965/.local/qcore/share/entos/1.1.0/data
 Number of threads: 24
 Number of threads was determined by: command line argument

 --------------------------------------------------------------------------------
                                   command: dft                                  
 --------------------------------------------------------------------------------
 AO basis set:                           aug-cc-pvtz
 Number of AO basis functions:          93

 Formula:                                Co
 Nuclear charge:                        27.000000000
 Total charge:                           0.000000000
 Number of electrons:                   27.000000000

 Number of alpha electrons:             15
 Number of beta electrons:              12
 Number of unpaired electrons:           3
 Spin:                                   3
 Multiplicity:                           quartet

 Theory:                                 dft
 Exchange-correlation functional:        0.49 b88 + 0.4 lyp
 Method for Coulomb:                     incore_df
 Method for exact exchange:              pre_transformed_df
 Integral threshold:                     1.00e-12
 DF basis set:                           def2-tzvp-jkfit(spdfghi)
 Number of DF basis functions:         264
 Schwarz screening threshold:            1.00e-10
 Coulomb fitting method:                 Cholesky

 ------------------
  UW12 Correlation 
 ------------------
 Factor for UW12 correlation:            1.000000000
 Opposite spin scale factor:             0.520000000
 Same spin scale factor:                 0.000000000
 Calculate indirect contribution:        false
 Method for three electron term:         df_ri
 Auxiliary RI basis set:                 Def2-TZVP-RI
 Number of RI basis functions:         182
 Gaussians in geminal expansion:        10
 UW12 screening threshold:               1.00e-12
 Method for density-fitting:             w(r)
 Number of core spatial orbitals:        5

 Total number of grid points:         7936
 Method for AO orthogonalization:        symmetric
 Threshold for linear dependence:        1.00e-08
 D3BJ dispersion energy:                 0.000000000

 -------------------------------------
  Running unrestricted open-shell SCF 
 -------------------------------------
 Max number of iterations:             128
 Conv. threshold (gradient):             1.00e-05
 Conv. threshold (energy):               1.00e-06
 Interpolation scheme:                   adiis+cdiis
 Initial guess:                          H0

 ---------------------------------------------------------------
                  energy        change          grad        time
 ---------------------------------------------------------------
   0     -1314.487717533                    8.12e+00        2.24
   1     -1275.618005079      3.89e+01      1.14e+01        0.15
   2     -1355.251408646     -7.96e+01      5.11e+00        0.14
   3     -1377.907540421     -2.27e+01      2.67e+00        0.12
   4     -1378.508117800     -6.01e-01      3.15e+00        0.12
   5     -1382.341904610     -3.83e+00      4.30e-01        0.13
   6     -1381.908270647      4.34e-01      1.18e+00        0.13
   7     -1382.359085234     -4.51e-01      5.62e-01        0.12
   8     -1382.446994253     -8.79e-02      1.26e-01        0.12
   9     -1382.438183364      8.81e-03      2.21e-01        0.12
  10     -1382.455550109     -1.74e-02      2.72e-02        0.13
  11     -1382.456167862     -6.18e-04      5.28e-02        0.12
  12     -1382.458125546     -1.96e-03      2.63e-02        0.11
  13     -1382.459995829     -1.87e-03      1.97e-02        0.12
  14     -1382.461797150     -1.80e-03      5.12e-02        0.11
  15     -1382.462294264     -4.97e-04      3.87e-02        0.11
  16     -1382.463300070     -1.01e-03      1.07e-02        0.11
  17     -1382.463462768     -1.63e-04      1.39e-02        0.12
  18     -1382.463598189     -1.35e-04      3.38e-03        0.12
  19     -1382.463652330     -5.41e-05      5.49e-03        0.12
  20     -1382.463670269     -1.79e-05      2.20e-03        0.12
  21     -1382.463669739      5.31e-07      2.59e-03        0.12
  22     -1382.463671726     -1.99e-06      2.07e-03        0.12
  23     -1382.463675369     -3.64e-06      5.00e-04        0.11
  24     -1382.463675967     -5.98e-07      4.01e-04        0.12
  25     -1382.463676223     -2.56e-07      1.78e-04        0.12
  26     -1382.463676342     -1.19e-07      3.07e-04        0.12
  27     -1382.463676421     -7.87e-08      6.71e-05        0.12
  28     -1382.463676444     -2.31e-08      7.58e-05        0.12
  29     -1382.463676447     -2.41e-09      2.23e-05        0.12
  30     -1382.463676451     -4.26e-09      1.85e-05        0.12
  31     -1382.463676452     -1.24e-09      1.60e-05        0.12
  32     -1382.463676454     -1.85e-09      1.52e-05        0.12
  33     -1382.463676455     -9.40e-10      1.49e-05        0.12
  34     -1382.463676456     -1.38e-09      1.49e-05        0.12
  35     -1382.463676466     -1.01e-08      1.48e-05        0.13
  36     -1382.463676518     -5.19e-08      1.36e-05        0.12
  37     -1382.463676525     -7.03e-09      1.30e-05        0.12
  38     -1382.463676591     -6.52e-08      1.51e-05        0.12
  39     -1382.463676605     -1.42e-08      1.57e-05        0.12
  40     -1382.463676636     -3.09e-08      9.81e-06        0.12

 SCF converged in 40 iterations.

 Dipole moment (in Debye):              -0.000000      -0.000005       0.000000

 Quadrupole moment (in Debye-Angstrom):
                  1            2            3
 1       -14.939542     0.000366     0.000014
 2         0.000366   -14.939462    -0.000341
 3         0.000014    -0.000341   -14.939440

 Spin-squared expectation <S^2>:         3.753
 Total spin quantum number S:            1.501
 TOTAL ENERGY:                       -1382.463676689

 --------------------------------------------------------------------------------

 End time:                               Wed Jun  2 12:09:10 2021
 Total wall-clock time:                  8.236 seconds
==================================================================================
