
================================================================================
          _____________ ________ _______________ ________     _________         
         / ___________// ______ \\_____   _____// ______ \   / ________)        
        / /_________  / /      \ \     | |     / /      \ \ | (_______          
       |  __________|| |        | |    | |    | |        | | \________ \        
        \ \_________ | |        | |    | |     \ \______/ /___________) |       
         \__________||_|        |_|    |_|      \________//____________/        
                                                                                
====================================[ Qcore ]===================================

 Git hash:   15a3e7daff0cda5fa9af010ccd19a80288182ecf
 Git date:   Fri, 16 Apr 2021 15:57:16 +0100
 Compiler:   GNU 9.1.0
 Build type: Release
 Version:    1.1.0

 Start time: Wed Jun  2 13:13:43 2021

 Data directory: /work/zw18965/.local/qcore/share/entos/1.1.0/data
 Number of threads: 24
 Number of threads was determined by: number of physical cores

 --------------------------------------------------------------------------------
                                   command: dft                                  
 --------------------------------------------------------------------------------
 AO basis set:                           aug-cc-pvtz
 Number of AO basis functions:          93

 Formula:                                Ni
 Nuclear charge:                        28.000000000
 Total charge:                           0.000000000
 Number of electrons:                   28.000000000

 Number of alpha electrons:             15
 Number of beta electrons:              13
 Number of unpaired electrons:           2
 Spin:                                   2
 Multiplicity:                           triplet

 Theory:                                 dft
 Exchange-correlation functional:        b3lyp
 Method for Coulomb:                     incore_df
 Method for exact exchange:              pre_transformed_df
 Integral threshold:                     1.00e-12
 DF basis set:                           def2-tzvp-jkfit(spdfghi)
 Number of DF basis functions:         264
 Schwarz screening threshold:            1.00e-10
 Coulomb fitting method:                 Cholesky
 Total number of grid points:         7936
 Method for AO orthogonalization:        symmetric
 Threshold for linear dependence:        1.00e-08

 -------------------------------------
  Running unrestricted open-shell SCF 
 -------------------------------------
 Max number of iterations:             128
 Conv. threshold (gradient):             1.00e-05
 Conv. threshold (energy):               1.00e-06
 Interpolation scheme:                   adiis+cdiis
 Initial guess:                          SAD

 ---------------------------------------------------------------
                  energy        change          grad        time
 ---------------------------------------------------------------
   0     -1508.141862356                    9.27e-03        0.01
   1     -1508.247800559     -1.06e-01      1.68e-01        0.01
   2     -1508.250540689     -2.74e-03      7.28e-02        0.01
   3     -1508.242836270      7.70e-03      1.69e-01        0.01
   4     -1508.251762423     -8.93e-03      3.11e-03        0.01
   5     -1508.251774279     -1.19e-05      1.12e-03        0.01
   6     -1508.251785801     -1.15e-05      1.01e-03        0.02
   7     -1508.251822344     -3.65e-05      1.77e-03        0.01
   8     -1508.251832290     -9.95e-06      1.23e-03        0.01
   9     -1508.251837135     -4.85e-06      5.77e-04        0.01
  10     -1508.251838261     -1.13e-06      2.53e-04        0.01
  11     -1508.251838271     -9.96e-09      2.83e-04        0.01
  12     -1508.251838300     -2.91e-08      4.77e-05        0.01
  13     -1508.251838285      1.50e-08      1.68e-04        0.01
  14     -1508.251838211      7.43e-08      1.23e-04        0.01
  15     -1508.251838214     -3.83e-09      4.87e-05        0.02
  16     -1508.251838215     -7.68e-10      8.58e-06        0.01

 SCF converged in 16 iterations.

 Dipole moment (in Debye):               0.000000       0.000000       0.000000

 Quadrupole moment (in Debye-Angstrom):
                  1            2            3
 1       -14.570605    -0.061026    -0.063751
 2        -0.061026   -14.573621    -0.060090
 3        -0.063751    -0.060090   -14.572183

 Spin-squared expectation <S^2>:         2.000
 Total spin quantum number S:            1.000
 TOTAL ENERGY:                       -1508.251838215
 Saving results in set 'guess'

 --------------------------------------------------------------------------------
                                   command: dft                                  
 --------------------------------------------------------------------------------
 AO basis set:                           aug-cc-pvtz
 Number of AO basis functions:          93

 Formula:                                Ni
 Nuclear charge:                        28.000000000
 Total charge:                           0.000000000
 Number of electrons:                   28.000000000

 Number of alpha electrons:             15
 Number of beta electrons:              13
 Number of unpaired electrons:           2
 Spin:                                   2
 Multiplicity:                           triplet

 Theory:                                 dft
 Exchange-correlation functional:        0.49 b88 + 0.4 lyp
 Method for Coulomb:                     incore_df
 Method for exact exchange:              pre_transformed_df
 Integral threshold:                     1.00e-12
 DF basis set:                           def2-tzvp-jkfit(spdfghi)
 Number of DF basis functions:         264
 Schwarz screening threshold:            1.00e-10
 Coulomb fitting method:                 Cholesky

 ------------------
  UW12 Correlation 
 ------------------
 Factor for UW12 correlation:            1.000000000
 Opposite spin scale factor:             0.520000000
 Same spin scale factor:                 0.000000000
 Calculate indirect contribution:        false
 Method for three electron term:         df_ri
 Auxiliary RI basis set:                 Def2-TZVP-RI
 Number of RI basis functions:         182
 Gaussians in geminal expansion:        10
 UW12 screening threshold:               1.00e-12
 Method for density-fitting:             w(r)
 Number of core spatial orbitals:        5

 Total number of grid points:         7936
 Method for AO orthogonalization:        symmetric
 Threshold for linear dependence:        1.00e-08
 D3BJ dispersion energy:                 0.000000000

 -------------------------------------
  Running unrestricted open-shell SCF 
 -------------------------------------
 Max number of iterations:             128
 Conv. threshold (gradient):             1.00e-05
 Conv. threshold (energy):               1.00e-06
 Interpolation scheme:                   adiis+cdiis

 ---------------------------------------------------------------
                  energy        change          grad        time
 ---------------------------------------------------------------
   0     -1508.045516979                    1.29e-01        2.19
   1     -1508.045848621     -3.32e-04      4.56e-02        0.14
   2     -1508.043438988      2.41e-03      1.07e-01        0.14
   3     -1508.046478777     -3.04e-03      3.59e-03        0.14
   4     -1508.046491116     -1.23e-05      2.05e-03        0.14
   5     -1508.046503266     -1.22e-05      1.46e-03        0.14
   6     -1508.046534901     -3.16e-05      8.98e-04        0.13
   7     -1508.046552567     -1.77e-05      9.80e-04        0.12
   8     -1508.046552612     -4.53e-08      9.01e-04        0.12
   9     -1508.046553266     -6.53e-07      3.63e-04        0.13
  10     -1508.046553314     -4.87e-08      1.99e-05        0.12
  11     -1508.046553315     -6.56e-10      9.15e-06        0.13

 SCF converged in 11 iterations.

 Dipole moment (in Debye):               0.000000       0.000000       0.000000

 Quadrupole moment (in Debye-Angstrom):
                  1            2            3
 1       -14.405118    -0.158579    -0.161558
 2        -0.158579   -14.406864    -0.158275
 3        -0.161558    -0.158275   -14.407167

 Spin-squared expectation <S^2>:         2.001
 Total spin quantum number S:            1.000
 TOTAL ENERGY:                       -1508.046553315

 --------------------------------------------------------------------------------

 End time:                               Wed Jun  2 13:13:50 2021
 Total wall-clock time:                  6.623 seconds
==================================================================================
