
================================================================================
          _____________ ________ _______________ ________     _________         
         / ___________// ______ \\_____   _____// ______ \   / ________)        
        / /_________  / /      \ \     | |     / /      \ \ | (_______          
       |  __________|| |        | |    | |    | |        | | \________ \        
        \ \_________ | |        | |    | |     \ \______/ /___________) |       
         \__________||_|        |_|    |_|      \________//____________/        
                                                                                
====================================[ Qcore ]===================================

 Git hash:   15a3e7daff0cda5fa9af010ccd19a80288182ecf
 Git date:   Fri, 16 Apr 2021 15:57:16 +0100
 Compiler:   GNU 9.1.0
 Build type: Release
 Version:    1.1.0

 Start time: Wed Jun  2 11:50:47 2021

 Data directory: /work/zw18965/.local/qcore/share/entos/1.1.0/data
 Number of threads: 24
 Number of threads was determined by: command line argument
  - More threads can be used by running 'qcore -n 32'

 --------------------------------------------------------------------------------
                                   command: dft                                  
 --------------------------------------------------------------------------------
 AO basis set:                           aug-cc-pvtz
 Number of AO basis functions:         116

 Formula:                                HSc
 Nuclear charge:                        22.000000000
 Total charge:                           0.000000000
 Number of electrons:                   22.000000000

 Number of alpha electrons:             11
 Number of beta electrons:              11
 Number of unpaired electrons:           0
 Spin:                                   0
 Multiplicity:                           singlet

 Theory:                                 dft
 Exchange-correlation functional:        wb97xd3

 Using range separated hybrid functional
 Range separation parameter:             0.250000000
 Short range exact exchange:             0.195728000
 Total long range exact exchange:        1.000000000

 Method for Coulomb:                     incore_df
 Method for exact exchange:              pre_transformed_df
 Integral threshold:                     1.00e-12
 DF basis set:                           def2-tzvp-jkfit(spdfghi)
 Number of DF basis functions:         282
 Schwarz screening threshold:            1.00e-10
 Coulomb fitting method:                 Cholesky
 Total number of grid points:        13742
 Method for AO orthogonalization:        symmetric
 Threshold for linear dependence:        1.00e-08
 D3 dispersion energy:                  -0.000003965

 -------------------------------------
  Running restricted closed-shell SCF 
 -------------------------------------
 Max number of iterations:             128
 Conv. threshold (gradient):             1.00e-05
 Conv. threshold (energy):               1.00e-06
 Interpolation scheme:                   adiis+cdiis
 Initial guess:                          SAD

 ---------------------------------------------------------------
                  energy        change          grad        time
 ---------------------------------------------------------------
   0      -761.029364370                    2.21e+00        0.01
   1      -761.140318606     -1.11e-01      7.78e-01        0.01
   2      -761.177416479     -3.71e-02      5.14e-01        0.01
   3      -761.199340118     -2.19e-02      3.13e-01        0.01
   4      -761.205244276     -5.90e-03      1.46e-01        0.01
   5      -761.207323287     -2.08e-03      1.02e-01        0.01
   6      -761.207939826     -6.17e-04      5.02e-02        0.01
   7      -761.208212544     -2.73e-04      3.80e-02        0.01
   8      -761.208376746     -1.64e-04      9.19e-04        0.02
   9      -761.208377259     -5.13e-07      2.75e-04        0.01
  10      -761.208377284     -2.53e-08      9.61e-05        0.01
  11      -761.208377287     -2.81e-09      8.75e-06        0.01

 SCF converged in 11 iterations.

 Dipole moment (in Debye):               0.000015       0.000015      -2.204664

 Quadrupole moment (in Debye-Angstrom):
                  1            2            3
 1       -22.613162    -0.000049    -0.000075
 2        -0.000049   -22.613162    -0.000075
 3        -0.000075    -0.000075   -24.142896

 Spin-squared expectation <S^2>:         0.000
 Total spin quantum number S:            0.000
 TOTAL ENERGY:                        -761.208377287

 --------------------------------------------------------------------------------

 End time:                               Wed Jun  2 11:50:51 2021
 Total wall-clock time:                  3.044 seconds
==================================================================================
