
================================================================================
          _____________ ________ _______________ ________     _________         
         / ___________// ______ \\_____   _____// ______ \   / ________)        
        / /_________  / /      \ \     | |     / /      \ \ | (_______          
       |  __________|| |        | |    | |    | |        | | \________ \        
        \ \_________ | |        | |    | |     \ \______/ /___________) |       
         \__________||_|        |_|    |_|      \________//____________/        
                                                                                
====================================[ Qcore ]===================================

 Git hash:   15a3e7daff0cda5fa9af010ccd19a80288182ecf
 Git date:   Fri, 16 Apr 2021 15:57:16 +0100
 Compiler:   GNU 9.1.0
 Build type: Release
 Version:    1.1.0

 Start time: Wed Jun  2 11:50:51 2021

 Data directory: /work/zw18965/.local/qcore/share/entos/1.1.0/data
 Number of threads: 24
 Number of threads was determined by: command line argument
  - More threads can be used by running 'qcore -n 32'

 --------------------------------------------------------------------------------
                                   command: dft                                  
 --------------------------------------------------------------------------------
 AO basis set:                           aug-cc-pvtz
 Number of AO basis functions:         139

 Formula:                                FSc
 Nuclear charge:                        30.000000000
 Total charge:                           0.000000000
 Number of electrons:                   30.000000000

 Number of alpha electrons:             15
 Number of beta electrons:              15
 Number of unpaired electrons:           0
 Spin:                                   0
 Multiplicity:                           singlet

 Theory:                                 dft
 Exchange-correlation functional:        wb97xd3

 Using range separated hybrid functional
 Range separation parameter:             0.250000000
 Short range exact exchange:             0.195728000
 Total long range exact exchange:        1.000000000

 Method for Coulomb:                     incore_df
 Method for exact exchange:              pre_transformed_df
 Integral threshold:                     1.00e-12
 DF basis set:                           def2-tzvp-jkfit(spdfghi)
 Number of DF basis functions:         341
 Schwarz screening threshold:            1.00e-10
 Coulomb fitting method:                 Cholesky
 Total number of grid points:        14664
 Method for AO orthogonalization:        symmetric
 Threshold for linear dependence:        1.00e-08
 D3 dispersion energy:                  -0.000001037

 -------------------------------------
  Running restricted closed-shell SCF 
 -------------------------------------
 Max number of iterations:             128
 Conv. threshold (gradient):             1.00e-05
 Conv. threshold (energy):               1.00e-06
 Interpolation scheme:                   adiis+cdiis
 Initial guess:                          SAD

 ---------------------------------------------------------------
                  energy        change          grad        time
 ---------------------------------------------------------------
   0      -860.369395112                    4.08e+00        0.02
   1      -860.424705570     -5.53e-02      1.31e+00        0.02
   2      -859.753327620      6.71e-01      3.57e+00        0.02
   3      -860.543180913     -7.90e-01      8.12e-01        0.01
   4      -860.557979013     -1.48e-02      6.80e-01        0.02
   5      -860.582348024     -2.44e-02      1.19e-01        0.02
   6      -860.582434513     -8.65e-05      1.54e-01        0.02
   7      -860.583717702     -1.28e-03      4.80e-02        0.02
   8      -860.583775916     -5.82e-05      6.26e-02        0.02
   9      -860.584099706     -3.24e-04      2.59e-03        0.02
  10      -860.584102317     -2.61e-06      5.58e-04        0.02
  11      -860.584102378     -6.08e-08      2.49e-04        0.02
  12      -860.584102388     -9.89e-09      5.32e-05        0.02
  13      -860.584102388     -5.34e-10      1.30e-05        0.02
  14      -860.584102389     -5.13e-11      3.67e-06        0.02

 SCF converged in 14 iterations.

 Dipole moment (in Debye):               0.000010       0.000010      -2.191838

 Quadrupole moment (in Debye-Angstrom):
                  1            2            3
 1       -25.877771    -0.000076    -0.000026
 2        -0.000076   -25.877770    -0.000026
 3        -0.000026    -0.000026   -26.337126

 Spin-squared expectation <S^2>:         0.000
 Total spin quantum number S:            0.000
 TOTAL ENERGY:                        -860.584102389

 --------------------------------------------------------------------------------

 End time:                               Wed Jun  2 11:50:54 2021
 Total wall-clock time:                  3.550 seconds
==================================================================================
