
================================================================================
          _____________ ________ _______________ ________     _________         
         / ___________// ______ \\_____   _____// ______ \   / ________)        
        / /_________  / /      \ \     | |     / /      \ \ | (_______          
       |  __________|| |        | |    | |    | |        | | \________ \        
        \ \_________ | |        | |    | |     \ \______/ /___________) |       
         \__________||_|        |_|    |_|      \________//____________/        
                                                                                
====================================[ Qcore ]===================================

 Git hash:   15a3e7daff0cda5fa9af010ccd19a80288182ecf
 Git date:   Fri, 16 Apr 2021 15:57:16 +0100
 Compiler:   GNU 9.1.0
 Build type: Release
 Version:    1.1.0

 Start time: Wed Jun  2 11:51:07 2021

 Data directory: /work/zw18965/.local/qcore/share/entos/1.1.0/data
 Number of threads: 24
 Number of threads was determined by: command line argument
  - More threads can be used by running 'qcore -n 32'

 --------------------------------------------------------------------------------
                                   command: dft                                  
 --------------------------------------------------------------------------------
 AO basis set:                           aug-cc-pvtz
 Number of AO basis functions:         143

 Formula:                                SSc
 Nuclear charge:                        37.000000000
 Total charge:                           0.000000000
 Number of electrons:                   37.000000000

 Number of alpha electrons:             19
 Number of beta electrons:              18
 Number of unpaired electrons:           1
 Spin:                                   1
 Multiplicity:                           doublet

 Theory:                                 dft
 Exchange-correlation functional:        wb97xd3

 Using range separated hybrid functional
 Range separation parameter:             0.250000000
 Short range exact exchange:             0.195728000
 Total long range exact exchange:        1.000000000

 Method for Coulomb:                     incore_df
 Method for exact exchange:              pre_transformed_df
 Integral threshold:                     1.00e-12
 DF basis set:                           def2-tzvp-jkfit(spdfghi)
 Number of DF basis functions:         392
 Schwarz screening threshold:            1.00e-10
 Coulomb fitting method:                 Cholesky
 Total number of grid points:        15202
 Method for AO orthogonalization:        symmetric
 Threshold for linear dependence:        1.00e-08
 D3 dispersion energy:                  -0.000001410

 -------------------------------------
  Running unrestricted open-shell SCF 
 -------------------------------------
 Max number of iterations:             128
 Conv. threshold (gradient):             1.00e-05
 Conv. threshold (energy):               1.00e-06
 Interpolation scheme:                   adiis+cdiis
 Initial guess:                          SAD

 ---------------------------------------------------------------
                  energy        change          grad        time
 ---------------------------------------------------------------
   0     -1158.853177934                    2.59e+00        0.03
   1     -1158.696453394      1.57e-01      6.78e-01        0.03
   2     -1156.651706004      2.04e+00      2.55e+00        0.03
   3     -1158.776762736     -2.13e+00      5.56e-01        0.03
   4     -1158.894669554     -1.18e-01      2.01e-01        0.03
   5     -1158.891079869      3.59e-03      1.94e-01        0.03
   6     -1158.907815915     -1.67e-02      1.66e-02        0.03
   7     -1158.908127665     -3.12e-04      1.24e-02        0.03
   8     -1158.908429779     -3.02e-04      5.44e-03        0.03
   9     -1158.908472367     -4.26e-05      2.85e-03        0.03
  10     -1158.908482907     -1.05e-05      5.70e-04        0.03
  11     -1158.908483438     -5.30e-07      3.57e-04        0.03
  12     -1158.908483589     -1.51e-07      1.74e-04        0.03
  13     -1158.908483685     -9.68e-08      1.39e-04        0.03
  14     -1158.908483736     -5.01e-08      5.35e-05        0.03
  15     -1158.908483743     -6.99e-09      3.21e-05        0.03
  16     -1158.908483744     -1.30e-09      2.10e-05        0.03
  17     -1158.908483745     -7.30e-10      7.83e-06        0.03

 SCF converged in 17 iterations.

 Dipole moment (in Debye):               0.000003       0.000003      -6.153113

 Quadrupole moment (in Debye-Angstrom):
                  1            2            3
 1       -31.794298    -0.000032    -0.000005
 2        -0.000032   -31.794298    -0.000005
 3        -0.000005    -0.000005   -31.173339

 Spin-squared expectation <S^2>:         0.755
 Total spin quantum number S:            0.503
 TOTAL ENERGY:                       -1158.908483745

 --------------------------------------------------------------------------------

 End time:                               Wed Jun  2 11:51:11 2021
 Total wall-clock time:                  4.063 seconds
==================================================================================
