
================================================================================
          _____________ ________ _______________ ________     _________         
         / ___________// ______ \\_____   _____// ______ \   / ________)        
        / /_________  / /      \ \     | |     / /      \ \ | (_______          
       |  __________|| |        | |    | |    | |        | | \________ \        
        \ \_________ | |        | |    | |     \ \______/ /___________) |       
         \__________||_|        |_|    |_|      \________//____________/        
                                                                                
====================================[ Qcore ]===================================

 Git hash:   15a3e7daff0cda5fa9af010ccd19a80288182ecf
 Git date:   Fri, 16 Apr 2021 15:57:16 +0100
 Compiler:   GNU 9.1.0
 Build type: Release
 Version:    1.1.0

 Start time: Wed Jun  2 11:51:18 2021

 Data directory: /work/zw18965/.local/qcore/share/entos/1.1.0/data
 Number of threads: 24
 Number of threads was determined by: command line argument
  - More threads can be used by running 'qcore -n 32'

 --------------------------------------------------------------------------------
                                   command: dft                                  
 --------------------------------------------------------------------------------
 AO basis set:                           aug-cc-pvtz
 Number of AO basis functions:         143

 Formula:                                ClTi
 Nuclear charge:                        39.000000000
 Total charge:                           0.000000000
 Number of electrons:                   39.000000000

 Number of alpha electrons:             21
 Number of beta electrons:              18
 Number of unpaired electrons:           3
 Spin:                                   3
 Multiplicity:                           quartet

 Theory:                                 dft
 Exchange-correlation functional:        wb97xd3

 Using range separated hybrid functional
 Range separation parameter:             0.250000000
 Short range exact exchange:             0.195728000
 Total long range exact exchange:        1.000000000

 Method for Coulomb:                     incore_df
 Method for exact exchange:              pre_transformed_df
 Integral threshold:                     1.00e-12
 DF basis set:                           def2-tzvp-jkfit(spdfghi)
 Number of DF basis functions:         392
 Schwarz screening threshold:            1.00e-10
 Coulomb fitting method:                 Cholesky
 Total number of grid points:        15286
 Method for AO orthogonalization:        symmetric
 Threshold for linear dependence:        1.00e-08
 D3 dispersion energy:                  -0.000004722

 -------------------------------------
  Running unrestricted open-shell SCF 
 -------------------------------------
 Max number of iterations:             128
 Conv. threshold (gradient):             1.00e-05
 Conv. threshold (energy):               1.00e-06
 Interpolation scheme:                   adiis+cdiis
 Initial guess:                          SAD

 ---------------------------------------------------------------
                  energy        change          grad        time
 ---------------------------------------------------------------
   0     -1309.456928728                    2.32e+00        0.04
   1     -1309.618377969     -1.61e-01      2.98e-01        0.03
   2     -1309.635143747     -1.68e-02      2.40e-01        0.03
   3     -1309.657640488     -2.25e-02      1.39e-01        0.03
   4     -1309.661215947     -3.58e-03      8.23e-02        0.03
   5     -1309.664695706     -3.48e-03      5.10e-02        0.03
   6     -1309.665633810     -9.38e-04      1.40e-02        0.03
   7     -1309.665894622     -2.61e-04      1.09e-02        0.03
   8     -1309.666187067     -2.92e-04      6.47e-03        0.03
   9     -1309.666317740     -1.31e-04      2.27e-03        0.03
  10     -1309.666330641     -1.29e-05      7.51e-04        0.03
  11     -1309.666331978     -1.34e-06      1.39e-04        0.03
  12     -1309.666331999     -2.02e-08      4.32e-05        0.03
  13     -1309.666332001     -2.46e-09      1.40e-05        0.03
  14     -1309.666332001     -1.68e-10      2.40e-06        0.03

 SCF converged in 14 iterations.

 Dipole moment (in Debye):               0.000009       0.000008      -5.062818

 Quadrupole moment (in Debye-Angstrom):
                  1            2            3
 1       -30.602560     0.000008    -0.000020
 2         0.000008   -30.602559    -0.000020
 3        -0.000020    -0.000020   -25.692950

 Spin-squared expectation <S^2>:         3.755
 Total spin quantum number S:            1.501
 TOTAL ENERGY:                       -1309.666332001

 --------------------------------------------------------------------------------

 End time:                               Wed Jun  2 11:51:22 2021
 Total wall-clock time:                  3.831 seconds
==================================================================================
