
================================================================================
          _____________ ________ _______________ ________     _________         
         / ___________// ______ \\_____   _____// ______ \   / ________)        
        / /_________  / /      \ \     | |     / /      \ \ | (_______          
       |  __________|| |        | |    | |    | |        | | \________ \        
        \ \_________ | |        | |    | |     \ \______/ /___________) |       
         \__________||_|        |_|    |_|      \________//____________/        
                                                                                
====================================[ Qcore ]===================================

 Git hash:   15a3e7daff0cda5fa9af010ccd19a80288182ecf
 Git date:   Fri, 16 Apr 2021 15:57:16 +0100
 Compiler:   GNU 9.1.0
 Build type: Release
 Version:    1.1.0

 Start time: Wed Jun  2 11:51:35 2021

 Data directory: /work/zw18965/.local/qcore/share/entos/1.1.0/data
 Number of threads: 24
 Number of threads was determined by: command line argument
  - More threads can be used by running 'qcore -n 32'

 --------------------------------------------------------------------------------
                                   command: dft                                  
 --------------------------------------------------------------------------------
 AO basis set:                           aug-cc-pvtz
 Number of AO basis functions:         116

 Formula:                                HV
 Nuclear charge:                        24.000000000
 Total charge:                           0.000000000
 Number of electrons:                   24.000000000

 Number of alpha electrons:             14
 Number of beta electrons:              10
 Number of unpaired electrons:           4
 Spin:                                   4
 Multiplicity:                           quintet

 Theory:                                 dft
 Exchange-correlation functional:        wb97xd3

 Using range separated hybrid functional
 Range separation parameter:             0.250000000
 Short range exact exchange:             0.195728000
 Total long range exact exchange:        1.000000000

 Method for Coulomb:                     incore_df
 Method for exact exchange:              pre_transformed_df
 Integral threshold:                     1.00e-12
 DF basis set:                           def2-tzvp-jkfit(spdfghi)
 Number of DF basis functions:         282
 Schwarz screening threshold:            1.00e-10
 Coulomb fitting method:                 Cholesky
 Total number of grid points:        13742
 Method for AO orthogonalization:        symmetric
 Threshold for linear dependence:        1.00e-08
 D3 dispersion energy:                  -0.000004549

 -------------------------------------
  Running unrestricted open-shell SCF 
 -------------------------------------
 Max number of iterations:             128
 Conv. threshold (gradient):             1.00e-05
 Conv. threshold (energy):               1.00e-06
 Interpolation scheme:                   adiis+cdiis
 Initial guess:                          SAD

 ---------------------------------------------------------------
                  energy        change          grad        time
 ---------------------------------------------------------------
   0      -943.919720569                    1.34e+00        0.02
   1      -944.324573094     -4.05e-01      7.08e-01        0.02
   2      -944.183501928      1.41e-01      1.17e+00        0.02
   3      -944.499294283     -3.16e-01      1.42e-01        0.02
   4      -944.501273405     -1.98e-03      1.20e-01        0.02
   5      -944.505185608     -3.91e-03      6.12e-02        0.02
   6      -944.505922551     -7.37e-04      4.75e-02        0.02
   7      -944.506893876     -9.71e-04      3.65e-03        0.02
   8      -944.506931913     -3.80e-05      1.79e-03        0.02
   9      -944.506940703     -8.79e-06      1.28e-03        0.02
  10      -944.506946363     -5.66e-06      7.45e-04        0.02
  11      -944.506948816     -2.45e-06      2.22e-04        0.02
  12      -944.506949035     -2.19e-07      7.84e-05        0.02
  13      -944.506949053     -1.75e-08      4.61e-05        0.02
  14      -944.506949057     -3.86e-09      2.55e-05        0.02
  15      -944.506949058     -1.29e-09      1.34e-05        0.02
  16      -944.506949058     -3.79e-10      5.05e-06        0.02

 SCF converged in 16 iterations.

 Dipole moment (in Debye):               0.000000       0.000000      -2.985475

 Quadrupole moment (in Debye-Angstrom):
                  1            2            3
 1       -17.863135    -0.000001     0.000000
 2        -0.000001   -17.863135     0.000000
 3         0.000000     0.000000   -21.982341

 Spin-squared expectation <S^2>:         6.016
 Total spin quantum number S:            2.003
 TOTAL ENERGY:                        -944.506949058

 --------------------------------------------------------------------------------

 End time:                               Wed Jun  2 11:51:39 2021
 Total wall-clock time:                  3.318 seconds
==================================================================================
