
================================================================================
          _____________ ________ _______________ ________     _________         
         / ___________// ______ \\_____   _____// ______ \   / ________)        
        / /_________  / /      \ \     | |     / /      \ \ | (_______          
       |  __________|| |        | |    | |    | |        | | \________ \        
        \ \_________ | |        | |    | |     \ \______/ /___________) |       
         \__________||_|        |_|    |_|      \________//____________/        
                                                                                
====================================[ Qcore ]===================================

 Git hash:   15a3e7daff0cda5fa9af010ccd19a80288182ecf
 Git date:   Fri, 16 Apr 2021 15:57:16 +0100
 Compiler:   GNU 9.1.0
 Build type: Release
 Version:    1.1.0

 Start time: Wed Jun  2 11:51:52 2021

 Data directory: /work/zw18965/.local/qcore/share/entos/1.1.0/data
 Number of threads: 24
 Number of threads was determined by: command line argument
  - More threads can be used by running 'qcore -n 32'

 --------------------------------------------------------------------------------
                                   command: dft                                  
 --------------------------------------------------------------------------------
 AO basis set:                           aug-cc-pvtz
 Number of AO basis functions:         139

 Formula:                                OV
 Nuclear charge:                        31.000000000
 Total charge:                           0.000000000
 Number of electrons:                   31.000000000

 Number of alpha electrons:             17
 Number of beta electrons:              14
 Number of unpaired electrons:           3
 Spin:                                   3
 Multiplicity:                           quartet

 Theory:                                 dft
 Exchange-correlation functional:        wb97xd3

 Using range separated hybrid functional
 Range separation parameter:             0.250000000
 Short range exact exchange:             0.195728000
 Total long range exact exchange:        1.000000000

 Method for Coulomb:                     incore_df
 Method for exact exchange:              pre_transformed_df
 Integral threshold:                     1.00e-12
 DF basis set:                           def2-tzvp-jkfit(spdfghi)
 Number of DF basis functions:         341
 Schwarz screening threshold:            1.00e-10
 Coulomb fitting method:                 Cholesky
 Total number of grid points:        14796
 Method for AO orthogonalization:        symmetric
 Threshold for linear dependence:        1.00e-08
 D3 dispersion energy:                  -0.000000305

 -------------------------------------
  Running unrestricted open-shell SCF 
 -------------------------------------
 Max number of iterations:             128
 Conv. threshold (gradient):             1.00e-05
 Conv. threshold (energy):               1.00e-06
 Interpolation scheme:                   adiis+cdiis
 Initial guess:                          SAD

 ---------------------------------------------------------------
                  energy        change          grad        time
 ---------------------------------------------------------------
   0     -1018.656818515                    2.91e+00        0.03
   1     -1018.581344467      7.55e-02      1.30e+00        0.03
   2     -1008.982510909      9.60e+00      5.09e+00        0.03
   3     -1018.042466804     -9.06e+00      1.94e+00        0.03
   4     -1019.201497761     -1.16e+00      9.08e-02        0.03
   5     -1019.193083311      8.41e-03      2.29e-01        0.03
   6     -1019.206792595     -1.37e-02      4.55e-02        0.03
   7     -1019.207551276     -7.59e-04      8.05e-03        0.03
   8     -1019.207698880     -1.48e-04      7.45e-03        0.03
   9     -1019.207755958     -5.71e-05      2.67e-03        0.03
  10     -1019.207770392     -1.44e-05      1.76e-03        0.03
  11     -1019.207772237     -1.85e-06      6.73e-04        0.03
  12     -1019.207772613     -3.75e-07      3.22e-04        0.04
  13     -1019.207772659     -4.64e-08      2.37e-04        0.03
  14     -1019.207772701     -4.24e-08      1.12e-04        0.03
  15     -1019.207772711     -9.79e-09      4.33e-05        0.03
  16     -1019.207772713     -1.73e-09      1.21e-05        0.03
  17     -1019.207772713     -1.81e-10      5.00e-06        0.03

 SCF converged in 17 iterations.

 Dipole moment (in Debye):               0.000000       0.000000      -3.859436

 Quadrupole moment (in Debye-Angstrom):
                  1            2            3
 1       -21.576276     0.000000    -0.000000
 2         0.000000   -21.576276    -0.000000
 3        -0.000000    -0.000000   -23.569145

 Spin-squared expectation <S^2>:         3.797
 Total spin quantum number S:            1.512
 TOTAL ENERGY:                       -1019.207772713

 --------------------------------------------------------------------------------

 End time:                               Wed Jun  2 11:51:56 2021
 Total wall-clock time:                  3.804 seconds
==================================================================================
