
================================================================================
          _____________ ________ _______________ ________     _________         
         / ___________// ______ \\_____   _____// ______ \   / ________)        
        / /_________  / /      \ \     | |     / /      \ \ | (_______          
       |  __________|| |        | |    | |    | |        | | \________ \        
        \ \_________ | |        | |    | |     \ \______/ /___________) |       
         \__________||_|        |_|    |_|      \________//____________/        
                                                                                
====================================[ Qcore ]===================================

 Git hash:   15a3e7daff0cda5fa9af010ccd19a80288182ecf
 Git date:   Fri, 16 Apr 2021 15:57:16 +0100
 Compiler:   GNU 9.1.0
 Build type: Release
 Version:    1.1.0

 Start time: Wed Jun  2 11:52:07 2021

 Data directory: /work/zw18965/.local/qcore/share/entos/1.1.0/data
 Number of threads: 24
 Number of threads was determined by: command line argument
  - More threads can be used by running 'qcore -n 32'

 --------------------------------------------------------------------------------
                                   command: dft                                  
 --------------------------------------------------------------------------------
 AO basis set:                           aug-cc-pvtz
 Number of AO basis functions:         143

 Formula:                                ClCr
 Nuclear charge:                        41.000000000
 Total charge:                           0.000000000
 Number of electrons:                   41.000000000

 Number of alpha electrons:             23
 Number of beta electrons:              18
 Number of unpaired electrons:           5
 Spin:                                   5
 Multiplicity:                           septet

 Theory:                                 dft
 Exchange-correlation functional:        wb97xd3

 Using range separated hybrid functional
 Range separation parameter:             0.250000000
 Short range exact exchange:             0.195728000
 Total long range exact exchange:        1.000000000

 Method for Coulomb:                     incore_df
 Method for exact exchange:              pre_transformed_df
 Integral threshold:                     1.00e-12
 DF basis set:                           def2-tzvp-jkfit(spdfghi)
 Number of DF basis functions:         392
 Schwarz screening threshold:            1.00e-10
 Coulomb fitting method:                 Cholesky
 Total number of grid points:        15322
 Method for AO orthogonalization:        symmetric
 Threshold for linear dependence:        1.00e-08
 D3 dispersion energy:                  -0.000016825

 -------------------------------------
  Running unrestricted open-shell SCF 
 -------------------------------------
 Max number of iterations:             128
 Conv. threshold (gradient):             1.00e-05
 Conv. threshold (energy):               1.00e-06
 Interpolation scheme:                   adiis+cdiis
 Initial guess:                          SAD

 ---------------------------------------------------------------
                  energy        change          grad        time
 ---------------------------------------------------------------
   0     -1504.120785954                    1.86e+00        0.03
   1     -1504.454848351     -3.34e-01      8.59e-01        0.03
   2     -1502.032608672      2.42e+00      3.49e+00        0.03
   3     -1504.581985541     -2.55e+00      7.26e-01        0.03
   4     -1504.730590002     -1.49e-01      2.21e-01        0.03
   5     -1504.721791876      8.80e-03      2.68e-01        0.03
   6     -1504.743917004     -2.21e-02      2.71e-02        0.03
   7     -1504.744448432     -5.31e-04      4.33e-02        0.04
   8     -1504.745113321     -6.65e-04      1.13e-02        0.03
   9     -1504.745301098     -1.88e-04      7.35e-03        0.03
  10     -1504.745407851     -1.07e-04      3.38e-03        0.03
  11     -1504.745427606     -1.98e-05      1.05e-03        0.03
  12     -1504.745429398     -1.79e-06      3.78e-04        0.03
  13     -1504.745429543     -1.45e-07      6.83e-05        0.03
  14     -1504.745429553     -1.00e-08      2.64e-05        0.03
  15     -1504.745429555     -1.33e-09      9.73e-06        0.03

 SCF converged in 15 iterations.

 Dipole moment (in Debye):              -0.000000      -0.000000      -5.801762

 Quadrupole moment (in Debye-Angstrom):
                  1            2            3
 1       -27.903868    -0.000000     0.000000
 2        -0.000000   -27.903868     0.000000
 3         0.000000     0.000000   -25.159682

 Spin-squared expectation <S^2>:         8.761
 Total spin quantum number S:            2.502
 TOTAL ENERGY:                       -1504.745429555

 --------------------------------------------------------------------------------

 End time:                               Wed Jun  2 11:52:11 2021
 Total wall-clock time:                  3.898 seconds
==================================================================================
