
================================================================================
          _____________ ________ _______________ ________     _________         
         / ___________// ______ \\_____   _____// ______ \   / ________)        
        / /_________  / /      \ \     | |     / /      \ \ | (_______          
       |  __________|| |        | |    | |    | |        | | \________ \        
        \ \_________ | |        | |    | |     \ \______/ /___________) |       
         \__________||_|        |_|    |_|      \________//____________/        
                                                                                
====================================[ Qcore ]===================================

 Git hash:   15a3e7daff0cda5fa9af010ccd19a80288182ecf
 Git date:   Fri, 16 Apr 2021 15:57:16 +0100
 Compiler:   GNU 9.1.0
 Build type: Release
 Version:    1.1.0

 Start time: Wed Jun  2 11:52:11 2021

 Data directory: /work/zw18965/.local/qcore/share/entos/1.1.0/data
 Number of threads: 24
 Number of threads was determined by: command line argument
  - More threads can be used by running 'qcore -n 32'

 --------------------------------------------------------------------------------
                                   command: dft                                  
 --------------------------------------------------------------------------------
 AO basis set:                           aug-cc-pvtz
 Number of AO basis functions:         152

 Formula:                                CrBr
 Nuclear charge:                        59.000000000
 Total charge:                           0.000000000
 Number of electrons:                   59.000000000

 Number of alpha electrons:             32
 Number of beta electrons:              27
 Number of unpaired electrons:           5
 Spin:                                   5
 Multiplicity:                           septet

 Theory:                                 dft
 Exchange-correlation functional:        wb97xd3

 Using range separated hybrid functional
 Range separation parameter:             0.250000000
 Short range exact exchange:             0.195728000
 Total long range exact exchange:        1.000000000

 Method for Coulomb:                     incore_df
 Method for exact exchange:              pre_transformed_df
 Integral threshold:                     1.00e-12
 DF basis set:                           def2-tzvp-jkfit(spdfghi)
 Number of DF basis functions:         530
 Schwarz screening threshold:            1.00e-10
 Coulomb fitting method:                 Cholesky
 Total number of grid points:        15992
 Method for AO orthogonalization:        symmetric
 Threshold for linear dependence:        1.00e-08
 D3 dispersion energy:                  -0.000026810

 -------------------------------------
  Running unrestricted open-shell SCF 
 -------------------------------------
 Max number of iterations:             128
 Conv. threshold (gradient):             1.00e-05
 Conv. threshold (energy):               1.00e-06
 Interpolation scheme:                   adiis+cdiis
 Initial guess:                          SAD

 ---------------------------------------------------------------
                  energy        change          grad        time
 ---------------------------------------------------------------
   0     -3618.198195094                    1.98e+00        0.04
   1     -3618.502059558     -3.04e-01      8.97e-01        0.04
   2     -3615.739698233      2.76e+00      3.85e+00        0.04
   3     -3618.613180606     -2.87e+00      7.64e-01        0.03
   4     -3618.778304442     -1.65e-01      2.14e-01        0.03
   5     -3618.772528854      5.78e-03      2.38e-01        0.04
   6     -3618.790335088     -1.78e-02      3.02e-02        0.04
   7     -3618.791118049     -7.83e-04      2.85e-02        0.04
   8     -3618.791798718     -6.81e-04      1.36e-02        0.03
   9     -3618.792040534     -2.42e-04      8.78e-03        0.04
  10     -3618.792183916     -1.43e-04      3.40e-03        0.03
  11     -3618.792204059     -2.01e-05      1.05e-03        0.04
  12     -3618.792205842     -1.78e-06      4.30e-04        0.03
  13     -3618.792206073     -2.31e-07      1.01e-04        0.04
  14     -3618.792206093     -2.08e-08      4.59e-05        0.04
  15     -3618.792206096     -2.82e-09      1.94e-05        0.04
  16     -3618.792206096     -3.37e-10      5.31e-06        0.04

 SCF converged in 16 iterations.

 Dipole moment (in Debye):              -0.000000      -0.000000      -6.042468

 Quadrupole moment (in Debye-Angstrom):
                  1            2            3
 1       -33.952827     0.000000     0.000000
 2         0.000000   -33.952827     0.000000
 3         0.000000     0.000000   -25.148549

 Spin-squared expectation <S^2>:         8.762
 Total spin quantum number S:            2.502
 TOTAL ENERGY:                       -3618.792206097

 --------------------------------------------------------------------------------

 End time:                               Wed Jun  2 11:52:16 2021
 Total wall-clock time:                  5.258 seconds
==================================================================================
