
================================================================================
          _____________ ________ _______________ ________     _________         
         / ___________// ______ \\_____   _____// ______ \   / ________)        
        / /_________  / /      \ \     | |     / /      \ \ | (_______          
       |  __________|| |        | |    | |    | |        | | \________ \        
        \ \_________ | |        | |    | |     \ \______/ /___________) |       
         \__________||_|        |_|    |_|      \________//____________/        
                                                                                
====================================[ Qcore ]===================================

 Git hash:   15a3e7daff0cda5fa9af010ccd19a80288182ecf
 Git date:   Fri, 16 Apr 2021 15:57:16 +0100
 Compiler:   GNU 9.1.0
 Build type: Release
 Version:    1.1.0

 Start time: Wed Jun  2 11:52:42 2021

 Data directory: /work/zw18965/.local/qcore/share/entos/1.1.0/data
 Number of threads: 24
 Number of threads was determined by: command line argument
  - More threads can be used by running 'qcore -n 32'

 --------------------------------------------------------------------------------
                                   command: dft                                  
 --------------------------------------------------------------------------------
 AO basis set:                           aug-cc-pvtz
 Number of AO basis functions:         139

 Formula:                                OMn
 Nuclear charge:                        33.000000000
 Total charge:                           0.000000000
 Number of electrons:                   33.000000000

 Number of alpha electrons:             19
 Number of beta electrons:              14
 Number of unpaired electrons:           5
 Spin:                                   5
 Multiplicity:                           septet

 Theory:                                 dft
 Exchange-correlation functional:        wb97xd3

 Using range separated hybrid functional
 Range separation parameter:             0.250000000
 Short range exact exchange:             0.195728000
 Total long range exact exchange:        1.000000000

 Method for Coulomb:                     incore_df
 Method for exact exchange:              pre_transformed_df
 Integral threshold:                     1.00e-12
 DF basis set:                           def2-tzvp-jkfit(spdfghi)
 Number of DF basis functions:         341
 Schwarz screening threshold:            1.00e-10
 Coulomb fitting method:                 Cholesky
 Total number of grid points:        14880
 Method for AO orthogonalization:        symmetric
 Threshold for linear dependence:        1.00e-08
 D3 dispersion energy:                  -0.000000390

 -------------------------------------
  Running unrestricted open-shell SCF 
 -------------------------------------
 Max number of iterations:             128
 Conv. threshold (gradient):             1.00e-05
 Conv. threshold (energy):               1.00e-06
 Interpolation scheme:                   adiis+cdiis
 Initial guess:                          SAD

 ---------------------------------------------------------------
                  energy        change          grad        time
 ---------------------------------------------------------------
   0     -1225.625940501                    2.73e+00        0.03
   1     -1225.880123084     -2.54e-01      1.09e+00        0.04
   2     -1221.420802400      4.46e+00      3.91e+00        0.03
   3     -1225.730665461     -4.31e+00      1.29e+00        0.03
   4     -1226.214637837     -4.84e-01      9.52e-02        0.03
   5     -1226.216765011     -2.13e-03      5.17e-02        0.03
   6     -1226.218382111     -1.62e-03      4.39e-02        0.03
   7     -1226.219099972     -7.18e-04      2.84e-02        0.03
   8     -1226.219505625     -4.06e-04      6.31e-03        0.03
   9     -1226.219584062     -7.84e-05      2.36e-03        0.03
  10     -1226.219597501     -1.34e-05      1.76e-03        0.03
  11     -1226.219599858     -2.36e-06      6.60e-04        0.03
  12     -1226.219600874     -1.02e-06      5.81e-04        0.03
  13     -1226.219601325     -4.50e-07      1.98e-04        0.03
  14     -1226.219601444     -1.19e-07      6.73e-05        0.03
  15     -1226.219601452     -7.83e-09      2.16e-05        0.03
  16     -1226.219601452     -1.77e-10      1.22e-05        0.03
  17     -1226.219601452     -2.16e-10      2.17e-06        0.03

 SCF converged in 17 iterations.

 Dipole moment (in Debye):               0.000000       0.000000      -5.556999

 Quadrupole moment (in Debye-Angstrom):
                  1            2            3
 1       -19.991061     0.000000     0.000000
 2         0.000000   -19.991061     0.000000
 3         0.000000     0.000000   -22.691982

 Spin-squared expectation <S^2>:         8.820
 Total spin quantum number S:            2.512
 TOTAL ENERGY:                       -1226.219601452

 --------------------------------------------------------------------------------

 End time:                               Wed Jun  2 11:52:46 2021
 Total wall-clock time:                  3.711 seconds
==================================================================================
