
================================================================================
          _____________ ________ _______________ ________     _________         
         / ___________// ______ \\_____   _____// ______ \   / ________)        
        / /_________  / /      \ \     | |     / /      \ \ | (_______          
       |  __________|| |        | |    | |    | |        | | \________ \        
        \ \_________ | |        | |    | |     \ \______/ /___________) |       
         \__________||_|        |_|    |_|      \________//____________/        
                                                                                
====================================[ Qcore ]===================================

 Git hash:   15a3e7daff0cda5fa9af010ccd19a80288182ecf
 Git date:   Fri, 16 Apr 2021 15:57:16 +0100
 Compiler:   GNU 9.1.0
 Build type: Release
 Version:    1.1.0

 Start time: Wed Jun  2 11:53:05 2021

 Data directory: /work/zw18965/.local/qcore/share/entos/1.1.0/data
 Number of threads: 24
 Number of threads was determined by: command line argument
  - More threads can be used by running 'qcore -n 32'

 --------------------------------------------------------------------------------
                                   command: dft                                  
 --------------------------------------------------------------------------------
 AO basis set:                           aug-cc-pvtz
 Number of AO basis functions:         152

 Formula:                                FeBr
 Nuclear charge:                        61.000000000
 Total charge:                           0.000000000
 Number of electrons:                   61.000000000

 Number of alpha electrons:             33
 Number of beta electrons:              28
 Number of unpaired electrons:           5
 Spin:                                   5
 Multiplicity:                           septet

 Theory:                                 dft
 Exchange-correlation functional:        wb97xd3

 Using range separated hybrid functional
 Range separation parameter:             0.250000000
 Short range exact exchange:             0.195728000
 Total long range exact exchange:        1.000000000

 Method for Coulomb:                     incore_df
 Method for exact exchange:              pre_transformed_df
 Integral threshold:                     1.00e-12
 DF basis set:                           def2-tzvp-jkfit(spdfghi)
 Number of DF basis functions:         530
 Schwarz screening threshold:            1.00e-10
 Coulomb fitting method:                 Cholesky
 Total number of grid points:        16100
 Method for AO orthogonalization:        symmetric
 Threshold for linear dependence:        1.00e-08
 D3 dispersion energy:                  -0.000007470

 -------------------------------------
  Running unrestricted open-shell SCF 
 -------------------------------------
 Max number of iterations:             128
 Conv. threshold (gradient):             1.00e-05
 Conv. threshold (energy):               1.00e-06
 Interpolation scheme:                   adiis+cdiis
 Initial guess:                          SAD

 ---------------------------------------------------------------
                  energy        change          grad        time
 ---------------------------------------------------------------
   0     -3837.607040053                    2.37e+00        0.04
   1     -3837.765369548     -1.58e-01      1.00e+00        0.04
   2     -3834.309328355      3.46e+00      4.75e+00        0.03
   3     -3837.814543106     -3.51e+00      1.09e+00        0.03
   4     -3838.014086997     -2.00e-01      1.65e-01        0.03
   5     -3838.012248611      1.84e-03      2.50e-01        0.04
   6     -3838.024723472     -1.25e-02      4.02e-02        0.03
   7     -3838.025506311     -7.83e-04      5.94e-02        0.04
   8     -3838.026702587     -1.20e-03      1.79e-02        0.04
   9     -3838.026973988     -2.71e-04      1.84e-02        0.03
  10     -3838.027212489     -2.39e-04      1.82e-02        0.04
  11     -3838.027503578     -2.91e-04      1.80e-02        0.04
  12     -3838.028602164     -1.10e-03      1.71e-02        0.04
  13     -3838.028782385     -1.80e-04      1.78e-02        0.04
  14     -3838.029755244     -9.73e-04      1.26e-01        0.03
  15     -3838.030481947     -7.27e-04      1.10e-01        0.04
  16     -3838.031094140     -6.12e-04      9.33e-02        0.04
  17     -3838.031802003     -7.08e-04      7.18e-02        0.04
  18     -3838.032612563     -8.11e-04      3.21e-02        0.04
  19     -3838.033058857     -4.46e-04      8.44e-03        0.03
  20     -3838.033083311     -2.45e-05      1.36e-02        0.03
  21     -3838.033125789     -4.25e-05      8.12e-03        0.04
  22     -3838.033149760     -2.40e-05      2.70e-03        0.04
  23     -3838.033153800     -4.04e-06      4.68e-04        0.03
  24     -3838.033153931     -1.30e-07      1.42e-04        0.03
  25     -3838.033153938     -7.40e-09      1.01e-04        0.03
  26     -3838.033153944     -6.14e-09      6.93e-05        0.03
  27     -3838.033153950     -5.36e-09      5.38e-05        0.03
  28     -3838.033153954     -4.28e-09      4.62e-05        0.03
  29     -3838.033153959     -4.77e-09      3.90e-05        0.03
  30     -3838.033153964     -4.74e-09      3.64e-05        0.04
  31     -3838.033153971     -7.35e-09      3.58e-05        0.04
  32     -3838.033153987     -1.60e-08      3.10e-05        0.04
  33     -3838.033154019     -3.18e-08      3.30e-05        0.03
  34     -3838.033154052     -3.33e-08      3.79e-05        0.03
  35     -3838.033154064     -1.15e-08      3.71e-05        0.03
  36     -3838.033154072     -8.02e-09      3.62e-05        0.03
  37     -3838.033154095     -2.32e-08      3.42e-05        0.04
  38     -3838.033154116     -2.10e-08      2.52e-05        0.04
  39     -3838.033154123     -6.90e-09      1.35e-05        0.03
  40     -3838.033154125     -1.85e-09      8.34e-06        0.03

 SCF converged in 40 iterations.

 Dipole moment (in Debye):              -0.000013       0.000013      -2.209303

 Quadrupole moment (in Debye-Angstrom):
                  1            2            3
 1       -33.862398     0.000001     0.000038
 2         0.000001   -33.862347    -0.000043
 3         0.000038    -0.000043   -36.246778

 Spin-squared expectation <S^2>:         8.755
 Total spin quantum number S:            2.501
 TOTAL ENERGY:                       -3838.033154125

 --------------------------------------------------------------------------------

 End time:                               Wed Jun  2 11:53:11 2021
 Total wall-clock time:                  6.375 seconds
==================================================================================
