
================================================================================
          _____________ ________ _______________ ________     _________         
         / ___________// ______ \\_____   _____// ______ \   / ________)        
        / /_________  / /      \ \     | |     / /      \ \ | (_______          
       |  __________|| |        | |    | |    | |        | | \________ \        
        \ \_________ | |        | |    | |     \ \______/ /___________) |       
         \__________||_|        |_|    |_|      \________//____________/        
                                                                                
====================================[ Qcore ]===================================

 Git hash:   15a3e7daff0cda5fa9af010ccd19a80288182ecf
 Git date:   Fri, 16 Apr 2021 15:57:16 +0100
 Compiler:   GNU 9.1.0
 Build type: Release
 Version:    1.1.0

 Start time: Wed Jun  2 11:53:11 2021

 Data directory: /work/zw18965/.local/qcore/share/entos/1.1.0/data
 Number of threads: 24
 Number of threads was determined by: command line argument
  - More threads can be used by running 'qcore -n 32'

 --------------------------------------------------------------------------------
                                   command: dft                                  
 --------------------------------------------------------------------------------
 AO basis set:                           aug-cc-pvtz
 Number of AO basis functions:         139

 Formula:                                OFe
 Nuclear charge:                        34.000000000
 Total charge:                           0.000000000
 Number of electrons:                   34.000000000

 Number of alpha electrons:             19
 Number of beta electrons:              15
 Number of unpaired electrons:           4
 Spin:                                   4
 Multiplicity:                           quintet

 Theory:                                 dft
 Exchange-correlation functional:        wb97xd3

 Using range separated hybrid functional
 Range separation parameter:             0.250000000
 Short range exact exchange:             0.195728000
 Total long range exact exchange:        1.000000000

 Method for Coulomb:                     incore_df
 Method for exact exchange:              pre_transformed_df
 Integral threshold:                     1.00e-12
 DF basis set:                           def2-tzvp-jkfit(spdfghi)
 Number of DF basis functions:         341
 Schwarz screening threshold:            1.00e-10
 Coulomb fitting method:                 Cholesky
 Total number of grid points:        14880
 Method for AO orthogonalization:        symmetric
 Threshold for linear dependence:        1.00e-08
 D3 dispersion energy:                  -0.000000354

 -------------------------------------
  Running unrestricted open-shell SCF 
 -------------------------------------
 Max number of iterations:             128
 Conv. threshold (gradient):             1.00e-05
 Conv. threshold (energy):               1.00e-06
 Interpolation scheme:                   adiis+cdiis
 Initial guess:                          SAD

 ---------------------------------------------------------------
                  energy        change          grad        time
 ---------------------------------------------------------------
   0     -1338.457690783                    2.96e+00        0.03
   1     -1338.337561428      1.20e-01      1.74e+00        0.03
   2     -1329.303869213      9.03e+00      8.56e+00        0.02
   3     -1337.590731318     -8.29e+00      2.70e+00        0.03
   4     -1338.902186884     -1.31e+00      2.43e-01        0.02
   5     -1338.839415669      6.28e-02      6.74e-01        0.03
   6     -1338.916727239     -7.73e-02      1.64e-01        0.03
   7     -1338.905705058      1.10e-02      2.79e-01        0.03
   8     -1338.923425476     -1.77e-02      5.93e-02        0.04
   9     -1338.924050407     -6.25e-04      7.50e-02        0.04
  10     -1338.926575587     -2.53e-03      4.04e-02        0.03
  11     -1338.927217916     -6.42e-04      3.43e-02        0.03
  12     -1338.927792692     -5.75e-04      2.93e-02        0.03
  13     -1338.928613278     -8.21e-04      1.90e-02        0.03
  14     -1338.928820736     -2.07e-04      1.52e-02        0.03
  15     -1338.929158303     -3.38e-04      1.11e-02        0.03
  16     -1338.929225896     -6.76e-05      7.73e-03        0.03
  17     -1338.929276042     -5.01e-05      6.74e-03        0.03
  18     -1338.929319945     -4.39e-05      5.43e-03        0.03
  19     -1338.929342763     -2.28e-05      3.76e-03        0.03
  20     -1338.929354880     -1.21e-05      2.93e-03        0.03
  21     -1338.929363486     -8.61e-06      1.93e-03        0.03
  22     -1338.929365542     -2.06e-06      1.02e-03        0.03
  23     -1338.929366774     -1.23e-06      4.89e-04        0.03
  24     -1338.929366915     -1.42e-07      2.72e-04        0.03
  25     -1338.929366949     -3.41e-08      1.44e-04        0.03
  26     -1338.929366961     -1.10e-08      6.00e-05        0.03
  27     -1338.929366966     -5.11e-09      2.48e-05        0.03
  28     -1338.929366966     -6.98e-10      1.41e-05        0.03
  29     -1338.929366967     -2.72e-10      8.02e-06        0.03

 SCF converged in 29 iterations.

 Dipole moment (in Debye):               0.000014       0.000014      -5.862575

 Quadrupole moment (in Debye-Angstrom):
                  1            2            3
 1       -19.267452     0.000102    -0.000013
 2         0.000102   -19.267451    -0.000013
 3        -0.000013    -0.000013   -21.048559

 Spin-squared expectation <S^2>:         6.026
 Total spin quantum number S:            2.005
 TOTAL ENERGY:                       -1338.929366967

 --------------------------------------------------------------------------------

 End time:                               Wed Jun  2 11:53:15 2021
 Total wall-clock time:                  4.184 seconds
==================================================================================
