
================================================================================
          _____________ ________ _______________ ________     _________         
         / ___________// ______ \\_____   _____// ______ \   / ________)        
        / /_________  / /      \ \     | |     / /      \ \ | (_______          
       |  __________|| |        | |    | |    | |        | | \________ \        
        \ \_________ | |        | |    | |     \ \______/ /___________) |       
         \__________||_|        |_|    |_|      \________//____________/        
                                                                                
====================================[ Qcore ]===================================

 Git hash:   15a3e7daff0cda5fa9af010ccd19a80288182ecf
 Git date:   Fri, 16 Apr 2021 15:57:16 +0100
 Compiler:   GNU 9.1.0
 Build type: Release
 Version:    1.1.0

 Start time: Wed Jun  2 11:53:15 2021

 Data directory: /work/zw18965/.local/qcore/share/entos/1.1.0/data
 Number of threads: 24
 Number of threads was determined by: command line argument
  - More threads can be used by running 'qcore -n 32'

 --------------------------------------------------------------------------------
                                   command: dft                                  
 --------------------------------------------------------------------------------
 AO basis set:                           aug-cc-pvtz
 Number of AO basis functions:         143

 Formula:                                SFe
 Nuclear charge:                        42.000000000
 Total charge:                           0.000000000
 Number of electrons:                   42.000000000

 Number of alpha electrons:             23
 Number of beta electrons:              19
 Number of unpaired electrons:           4
 Spin:                                   4
 Multiplicity:                           quintet

 Theory:                                 dft
 Exchange-correlation functional:        wb97xd3

 Using range separated hybrid functional
 Range separation parameter:             0.250000000
 Short range exact exchange:             0.195728000
 Total long range exact exchange:        1.000000000

 Method for Coulomb:                     incore_df
 Method for exact exchange:              pre_transformed_df
 Integral threshold:                     1.00e-12
 DF basis set:                           def2-tzvp-jkfit(spdfghi)
 Number of DF basis functions:         392
 Schwarz screening threshold:            1.00e-10
 Coulomb fitting method:                 Cholesky
 Total number of grid points:        15286
 Method for AO orthogonalization:        symmetric
 Threshold for linear dependence:        1.00e-08
 D3 dispersion energy:                  -0.000001168

 -------------------------------------
  Running unrestricted open-shell SCF 
 -------------------------------------
 Max number of iterations:             128
 Conv. threshold (gradient):             1.00e-05
 Conv. threshold (energy):               1.00e-06
 Interpolation scheme:                   adiis+cdiis
 Initial guess:                          SAD

 ---------------------------------------------------------------
                  energy        change          grad        time
 ---------------------------------------------------------------
   0     -1661.563500064                    3.21e+00        0.03
   1     -1661.608775040     -4.53e-02      1.40e+00        0.03
   2     -1658.101229919      3.51e+00      4.11e+00        0.03
   3     -1661.517584991     -3.42e+00      1.89e+00        0.03
   4     -1661.925161100     -4.08e-01      1.58e-01        0.03
   5     -1661.926628490     -1.47e-03      2.38e-01        0.03
   6     -1661.924921871      1.71e-03      2.90e-01        0.03
   7     -1661.936284122     -1.14e-02      6.51e-02        0.03
   8     -1661.936877955     -5.94e-04      9.79e-02        0.03
   9     -1661.939548745     -2.67e-03      2.39e-02        0.03
  10     -1661.939869049     -3.20e-04      1.97e-02        0.03
  11     -1661.940188250     -3.19e-04      1.86e-02        0.03
  12     -1661.940557304     -3.69e-04      1.65e-02        0.03
  13     -1661.940854293     -2.97e-04      1.45e-02        0.03
  14     -1661.941132328     -2.78e-04      1.11e-02        0.03
  15     -1661.941279552     -1.47e-04      9.22e-03        0.03
  16     -1661.941346868     -6.73e-05      8.44e-03        0.03
  17     -1661.941450619     -1.04e-04      7.04e-03        0.03
  18     -1661.941541941     -9.13e-05      6.13e-03        0.03
  19     -1661.941611443     -6.95e-05      5.44e-03        0.03
  20     -1661.941640016     -2.86e-05      5.32e-03        0.03
  21     -1661.941724103     -8.41e-05      5.20e-03        0.03
  22     -1661.941774423     -5.03e-05      5.09e-03        0.03
  23     -1661.942033946     -2.60e-04      5.30e-03        0.03
  24     -1661.942106616     -7.27e-05      4.93e-03        0.03
  25     -1661.942090942      1.57e-05      6.03e-03        0.03
  26     -1661.942384796     -2.94e-04      9.77e-03        0.03
  27     -1661.942361288      2.35e-05      5.59e-03        0.03
  28     -1661.942391646     -3.04e-05      5.18e-03        0.03
  29     -1661.942379769      1.19e-05      4.23e-03        0.03
  30     -1661.942427013     -4.72e-05      5.73e-03        0.03
  31     -1661.942432204     -5.19e-06      4.92e-03        0.03
  32     -1661.942444515     -1.23e-05      3.36e-03        0.03
  33     -1661.942454581     -1.01e-05      1.35e-03        0.03
  34     -1661.942456730     -2.15e-06      6.93e-04        0.03
  35     -1661.942456830     -1.00e-07      4.60e-04        0.03
  36     -1661.942457281     -4.51e-07      1.65e-04        0.03
  37     -1661.942457344     -6.34e-08      9.93e-05        0.03
  38     -1661.942457375     -3.15e-08      7.03e-05        0.03
  39     -1661.942457393     -1.78e-08      4.04e-05        0.03
  40     -1661.942457399     -5.29e-09      3.74e-05        0.03
  41     -1661.942457400     -1.40e-09      3.36e-05        0.04
  42     -1661.942457402     -2.23e-09      2.70e-05        0.03
  43     -1661.942457404     -1.62e-09      2.14e-05        0.03
  44     -1661.942457405     -9.89e-10      1.41e-05        0.03
  45     -1661.942457405     -4.26e-10      1.02e-05        0.03
  46     -1661.942457405     -1.25e-10      5.37e-06        0.03

 SCF converged in 46 iterations.

 Dipole moment (in Debye):               0.000009       0.000008      -6.539060

 Quadrupole moment (in Debye-Angstrom):
                  1            2            3
 1       -28.390041     0.000045    -0.000012
 2         0.000045   -28.390041    -0.000011
 3        -0.000012    -0.000011   -24.452878

 Spin-squared expectation <S^2>:         6.027
 Total spin quantum number S:            2.005
 TOTAL ENERGY:                       -1661.942457405

 --------------------------------------------------------------------------------

 End time:                               Wed Jun  2 11:53:20 2021
 Total wall-clock time:                  4.953 seconds
==================================================================================
