
================================================================================
          _____________ ________ _______________ ________     _________         
         / ___________// ______ \\_____   _____// ______ \   / ________)        
        / /_________  / /      \ \     | |     / /      \ \ | (_______          
       |  __________|| |        | |    | |    | |        | | \________ \        
        \ \_________ | |        | |    | |     \ \______/ /___________) |       
         \__________||_|        |_|    |_|      \________//____________/        
                                                                                
====================================[ Qcore ]===================================

 Git hash:   15a3e7daff0cda5fa9af010ccd19a80288182ecf
 Git date:   Fri, 16 Apr 2021 15:57:16 +0100
 Compiler:   GNU 9.1.0
 Build type: Release
 Version:    1.1.0

 Start time: Wed Jun  2 11:53:29 2021

 Data directory: /work/zw18965/.local/qcore/share/entos/1.1.0/data
 Number of threads: 24
 Number of threads was determined by: command line argument
  - More threads can be used by running 'qcore -n 32'

 --------------------------------------------------------------------------------
                                   command: dft                                  
 --------------------------------------------------------------------------------
 AO basis set:                           aug-cc-pvtz
 Number of AO basis functions:         143

 Formula:                                ClCo
 Nuclear charge:                        44.000000000
 Total charge:                           0.000000000
 Number of electrons:                   44.000000000

 Number of alpha electrons:             23
 Number of beta electrons:              21
 Number of unpaired electrons:           2
 Spin:                                   2
 Multiplicity:                           triplet

 Theory:                                 dft
 Exchange-correlation functional:        wb97xd3

 Using range separated hybrid functional
 Range separation parameter:             0.250000000
 Short range exact exchange:             0.195728000
 Total long range exact exchange:        1.000000000

 Method for Coulomb:                     incore_df
 Method for exact exchange:              pre_transformed_df
 Integral threshold:                     1.00e-12
 DF basis set:                           def2-tzvp-jkfit(spdfghi)
 Number of DF basis functions:         392
 Schwarz screening threshold:            1.00e-10
 Coulomb fitting method:                 Cholesky
 Total number of grid points:        15430
 Method for AO orthogonalization:        symmetric
 Threshold for linear dependence:        1.00e-08
 D3 dispersion energy:                  -0.000004049

 -------------------------------------
  Running unrestricted open-shell SCF 
 -------------------------------------
 Max number of iterations:             128
 Conv. threshold (gradient):             1.00e-05
 Conv. threshold (energy):               1.00e-06
 Interpolation scheme:                   adiis+cdiis
 Initial guess:                          SAD

 ---------------------------------------------------------------
                  energy        change          grad        time
 ---------------------------------------------------------------
   0     -1842.718698926                    2.45e+00        0.03
   1     -1843.011824287     -2.93e-01      2.95e-01        0.03
   2     -1843.036428054     -2.46e-02      1.99e-01        0.03
   3     -1843.036538383     -1.10e-04      2.36e-01        0.03
   4     -1843.048303437     -1.18e-02      1.39e-01        0.03
   5     -1843.049493731     -1.19e-03      1.36e-01        0.03
   6     -1843.054324055     -4.83e-03      8.35e-02        0.03
   7     -1843.054419753     -9.57e-05      9.84e-02        0.03
   8     -1843.059329593     -4.91e-03      4.52e-02        0.03
   9     -1843.061919983     -2.59e-03      4.45e-02        0.03
  10     -1843.071033249     -9.11e-03      4.25e-02        0.03
  11     -1843.069006092      2.03e-03      3.84e-02        0.03
  12     -1843.075162823     -6.16e-03      9.11e-02        0.03
  13     -1843.074693875      4.69e-04      1.06e-01        0.03
  14     -1843.075092217     -3.98e-04      9.13e-02        0.03
  15     -1843.076218962     -1.13e-03      4.72e-02        0.03
  16     -1843.076892389     -6.73e-04      7.15e-03        0.03
  17     -1843.076930479     -3.81e-05      1.86e-02        0.03
  18     -1843.076965940     -3.55e-05      1.54e-02        0.03
  19     -1843.077004667     -3.87e-05      3.02e-03        0.03
  20     -1843.077010971     -6.30e-06      1.42e-03        0.03
  21     -1843.077013917     -2.95e-06      7.98e-04        0.03
  22     -1843.077014847     -9.30e-07      4.23e-04        0.04
  23     -1843.077015168     -3.21e-07      1.98e-04        0.03
  24     -1843.077015232     -6.41e-08      8.20e-05        0.03
  25     -1843.077015248     -1.62e-08      6.49e-05        0.03
  26     -1843.077015255     -6.92e-09      6.42e-05        0.03
  27     -1843.077015260     -5.52e-09      6.18e-05        0.03
  28     -1843.077015267     -6.57e-09      6.06e-05        0.03
  29     -1843.077015274     -7.24e-09      6.03e-05        0.03
  30     -1843.077015286     -1.13e-08      6.04e-05        0.03
  31     -1843.077015295     -9.02e-09      6.02e-05        0.03
  32     -1843.077015304     -8.98e-09      6.03e-05        0.03
  33     -1843.077015322     -1.85e-08      6.05e-05        0.03
  34     -1843.077015362     -4.00e-08      6.03e-05        0.03
  35     -1843.077015547     -1.85e-07      5.95e-05        0.03
  36     -1843.077015646     -9.95e-08      5.94e-05        0.03
  37     -1843.077015952     -3.06e-07      5.93e-05        0.03
  38     -1843.077017912     -1.96e-06      2.06e-03        0.03
  39     -1843.077018644     -7.32e-07      1.57e-03        0.03
  40     -1843.077018838     -1.94e-07      1.38e-03        0.03
  41     -1843.077018797      4.14e-08      1.43e-03        0.03
  42     -1843.077018789      7.86e-09      1.45e-03        0.03
  43     -1843.077018658      1.31e-07      1.46e-04        0.03
  44     -1843.077019363     -7.05e-07      7.13e-04        0.03
  45     -1843.077019397     -3.36e-08      6.40e-05        0.03
  46     -1843.077019521     -1.25e-07      2.72e-04        0.03
  47     -1843.077019538     -1.69e-08      1.61e-04        0.03
  48     -1843.077019545     -6.94e-09      4.51e-05        0.03
  49     -1843.077019548     -2.85e-09      1.99e-05        0.03
  50     -1843.077019548     -1.12e-10      5.89e-06        0.03

 SCF converged in 50 iterations.

 Dipole moment (in Debye):               0.000015      -0.000013      -5.336144

 Quadrupole moment (in Debye-Angstrom):
                  1            2            3
 1       -26.747939    -0.320371    -0.000026
 2        -0.320371   -26.747909     0.000023
 3        -0.000026     0.000023   -23.712513

 Spin-squared expectation <S^2>:         2.033
 Total spin quantum number S:            1.011
 TOTAL ENERGY:                       -1843.077019548

 --------------------------------------------------------------------------------

 End time:                               Wed Jun  2 11:53:34 2021
 Total wall-clock time:                  4.933 seconds
==================================================================================
