
================================================================================
          _____________ ________ _______________ ________     _________         
         / ___________// ______ \\_____   _____// ______ \   / ________)        
        / /_________  / /      \ \     | |     / /      \ \ | (_______          
       |  __________|| |        | |    | |    | |        | | \________ \        
        \ \_________ | |        | |    | |     \ \______/ /___________) |       
         \__________||_|        |_|    |_|      \________//____________/        
                                                                                
====================================[ Qcore ]===================================

 Git hash:   15a3e7daff0cda5fa9af010ccd19a80288182ecf
 Git date:   Fri, 16 Apr 2021 15:57:16 +0100
 Compiler:   GNU 9.1.0
 Build type: Release
 Version:    1.1.0

 Start time: Wed Jun  2 11:53:48 2021

 Data directory: /work/zw18965/.local/qcore/share/entos/1.1.0/data
 Number of threads: 24
 Number of threads was determined by: command line argument
  - More threads can be used by running 'qcore -n 32'

 --------------------------------------------------------------------------------
                                   command: dft                                  
 --------------------------------------------------------------------------------
 AO basis set:                           aug-cc-pvtz
 Number of AO basis functions:         116

 Formula:                                HNi
 Nuclear charge:                        29.000000000
 Total charge:                           0.000000000
 Number of electrons:                   29.000000000

 Number of alpha electrons:             15
 Number of beta electrons:              14
 Number of unpaired electrons:           1
 Spin:                                   1
 Multiplicity:                           doublet

 Theory:                                 dft
 Exchange-correlation functional:        wb97xd3

 Using range separated hybrid functional
 Range separation parameter:             0.250000000
 Short range exact exchange:             0.195728000
 Total long range exact exchange:        1.000000000

 Method for Coulomb:                     incore_df
 Method for exact exchange:              pre_transformed_df
 Integral threshold:                     1.00e-12
 DF basis set:                           def2-tzvp-jkfit(spdfghi)
 Number of DF basis functions:         282
 Schwarz screening threshold:            1.00e-10
 Coulomb fitting method:                 Cholesky
 Total number of grid points:        13826
 Method for AO orthogonalization:        symmetric
 Threshold for linear dependence:        1.00e-08
 D3 dispersion energy:                  -0.000003474

 -------------------------------------
  Running unrestricted open-shell SCF 
 -------------------------------------
 Max number of iterations:             128
 Conv. threshold (gradient):             1.00e-05
 Conv. threshold (energy):               1.00e-06
 Interpolation scheme:                   adiis+cdiis
 Initial guess:                          SAD

 ---------------------------------------------------------------
                  energy        change          grad        time
 ---------------------------------------------------------------
   0     -1508.758333094                    2.06e+00        0.02
   1     -1508.928166229     -1.70e-01      3.71e-01        0.02
   2     -1508.916877319      1.13e-02      4.16e-01        0.02
   3     -1508.947923505     -3.10e-02      9.83e-02        0.02
   4     -1508.945283681      2.64e-03      1.62e-01        0.02
   5     -1508.950354656     -5.07e-03      1.74e-02        0.02
   6     -1508.950632892     -2.78e-04      1.29e-02        0.02
   7     -1508.950868290     -2.35e-04      1.23e-02        0.02
   8     -1508.951064569     -1.96e-04      1.16e-02        0.02
   9     -1508.951197177     -1.33e-04      1.13e-02        0.02
  10     -1508.951381362     -1.84e-04      1.10e-02        0.02
  11     -1508.951639617     -2.58e-04      1.07e-02        0.02
  12     -1508.951743469     -1.04e-04      1.06e-02        0.02
  13     -1508.952331018     -5.88e-04      1.09e-02        0.02
  14     -1508.953969033     -1.64e-03      2.26e-02        0.02
  15     -1508.952387834      1.58e-03      1.08e-02        0.02
  16     -1508.953181174     -7.93e-04      1.14e-02        0.02
  17     -1508.953936582     -7.55e-04      1.22e-02        0.02
  18     -1508.955065992     -1.13e-03      1.68e-02        0.02
  19     -1508.955427062     -3.61e-04      4.08e-02        0.02
  20     -1508.955427560     -4.98e-07      4.08e-02        0.02
  21     -1508.955287612      1.40e-04      5.69e-02        0.02
  22     -1508.955685656     -3.98e-04      1.73e-02        0.02
  23     -1508.955837746     -1.52e-04      2.82e-02        0.02
  24     -1508.955881647     -4.39e-05      2.45e-02        0.02
  25     -1508.955999421     -1.18e-04      1.15e-02        0.02
  26     -1508.956022544     -2.31e-05      7.42e-03        0.02
  27     -1508.956030885     -8.34e-06      5.38e-03        0.02
  28     -1508.956037701     -6.82e-06      8.75e-04        0.02
  29     -1508.956038301     -6.00e-07      4.97e-04        0.02
  30     -1508.956038417     -1.17e-07      2.30e-04        0.02
  31     -1508.956038464     -4.68e-08      1.45e-04        0.02
  32     -1508.956038476     -1.15e-08      7.45e-05        0.02
  33     -1508.956038483     -6.98e-09      5.42e-05        0.02
  34     -1508.956038487     -4.69e-09      4.79e-05        0.02
  35     -1508.956038494     -6.65e-09      4.08e-05        0.02
  36     -1508.956038502     -8.22e-09      3.75e-05        0.02
  37     -1508.956038510     -7.61e-09      2.42e-05        0.02
  38     -1508.956038512     -1.78e-09      1.86e-05        0.02
  39     -1508.956038513     -1.61e-09      9.14e-06        0.02

 SCF converged in 39 iterations.

 Dipole moment (in Debye):              -0.000004      -0.000004      -2.863883

 Quadrupole moment (in Debye-Angstrom):
                  1            2            3
 1       -15.295791     0.000064     0.000016
 2         0.000064   -15.295791     0.000016
 3         0.000016     0.000016   -15.749288

 Spin-squared expectation <S^2>:         0.762
 Total spin quantum number S:            0.506
 TOTAL ENERGY:                       -1508.956038514

 --------------------------------------------------------------------------------

 End time:                               Wed Jun  2 11:53:52 2021
 Total wall-clock time:                  3.751 seconds
==================================================================================
