
================================================================================
          _____________ ________ _______________ ________     _________         
         / ___________// ______ \\_____   _____// ______ \   / ________)        
        / /_________  / /      \ \     | |     / /      \ \ | (_______          
       |  __________|| |        | |    | |    | |        | | \________ \        
        \ \_________ | |        | |    | |     \ \______/ /___________) |       
         \__________||_|        |_|    |_|      \________//____________/        
                                                                                
====================================[ Qcore ]===================================

 Git hash:   15a3e7daff0cda5fa9af010ccd19a80288182ecf
 Git date:   Fri, 16 Apr 2021 15:57:16 +0100
 Compiler:   GNU 9.1.0
 Build type: Release
 Version:    1.1.0

 Start time: Wed Jun  2 11:53:57 2021

 Data directory: /work/zw18965/.local/qcore/share/entos/1.1.0/data
 Number of threads: 24
 Number of threads was determined by: command line argument
  - More threads can be used by running 'qcore -n 32'

 --------------------------------------------------------------------------------
                                   command: dft                                  
 --------------------------------------------------------------------------------
 AO basis set:                           aug-cc-pvtz
 Number of AO basis functions:         143

 Formula:                                ClNi
 Nuclear charge:                        45.000000000
 Total charge:                           0.000000000
 Number of electrons:                   45.000000000

 Number of alpha electrons:             23
 Number of beta electrons:              22
 Number of unpaired electrons:           1
 Spin:                                   1
 Multiplicity:                           doublet

 Theory:                                 dft
 Exchange-correlation functional:        wb97xd3

 Using range separated hybrid functional
 Range separation parameter:             0.250000000
 Short range exact exchange:             0.195728000
 Total long range exact exchange:        1.000000000

 Method for Coulomb:                     incore_df
 Method for exact exchange:              pre_transformed_df
 Integral threshold:                     1.00e-12
 DF basis set:                           def2-tzvp-jkfit(spdfghi)
 Number of DF basis functions:         392
 Schwarz screening threshold:            1.00e-10
 Coulomb fitting method:                 Cholesky
 Total number of grid points:        15430
 Method for AO orthogonalization:        symmetric
 Threshold for linear dependence:        1.00e-08
 D3 dispersion energy:                  -0.000004779

 -------------------------------------
  Running unrestricted open-shell SCF 
 -------------------------------------
 Max number of iterations:             128
 Conv. threshold (gradient):             1.00e-05
 Conv. threshold (energy):               1.00e-06
 Interpolation scheme:                   adiis+cdiis
 Initial guess:                          SAD

 ---------------------------------------------------------------
                  energy        change          grad        time
 ---------------------------------------------------------------
   0     -1968.507817907                    2.37e+00        0.03
   1     -1968.600278861     -9.25e-02      3.81e-01        0.03
   2     -1968.590713159      9.57e-03      5.23e-01        0.03
   3     -1968.639325013     -4.86e-02      1.90e-01        0.03
   4     -1968.630457048      8.87e-03      3.12e-01        0.03
   5     -1968.646789270     -1.63e-02      5.12e-02        0.03
   6     -1968.645982575      8.07e-04      8.63e-02        0.03
   7     -1968.647418161     -1.44e-03      1.01e-02        0.03
   8     -1968.647492961     -7.48e-05      6.34e-03        0.03
   9     -1968.647530939     -3.80e-05      4.27e-03        0.03
  10     -1968.647545260     -1.43e-05      3.23e-03        0.03
  11     -1968.647556531     -1.13e-05      2.60e-03        0.03
  12     -1968.647563521     -6.99e-06      2.22e-03        0.03
  13     -1968.647569978     -6.46e-06      2.19e-03        0.03
  14     -1968.647577364     -7.39e-06      2.22e-03        0.03
  15     -1968.647582158     -4.79e-06      2.21e-03        0.03
  16     -1968.647619858     -3.77e-05      2.13e-03        0.03
  17     -1968.647635302     -1.54e-05      2.08e-03        0.03
  18     -1968.647690338     -5.50e-05      1.93e-03        0.03
  19     -1968.647798152     -1.08e-04      3.96e-03        0.03
  20     -1968.647822417     -2.43e-05      7.93e-03        0.03
  21     -1968.647814361      8.06e-06      6.38e-03        0.03
  22     -1968.647815434     -1.07e-06      6.80e-03        0.03
  23     -1968.647810084      5.35e-06      6.06e-03        0.03
  24     -1968.647812478     -2.39e-06      6.43e-03        0.03
  25     -1968.647809357      3.12e-06      6.67e-03        0.03
  26     -1968.647835918     -2.66e-05      1.00e-02        0.03
  27     -1968.647842360     -6.44e-06      3.48e-03        0.03
  28     -1968.647850742     -8.38e-06      2.97e-03        0.03
  29     -1968.647873677     -2.29e-05      2.36e-03        0.03
  30     -1968.647878976     -5.30e-06      1.08e-03        0.03
  31     -1968.647886667     -7.69e-06      1.40e-03        0.03
  32     -1968.647889476     -2.81e-06      1.79e-03        0.03
  33     -1968.647887484      1.99e-06      9.98e-04        0.03
  34     -1968.647888431     -9.46e-07      1.17e-03        0.03
  35     -1968.647887869      5.62e-07      1.20e-03        0.03
  36     -1968.647887728      1.41e-07      1.18e-03        0.03
  37     -1968.647887187      5.41e-07      1.29e-03        0.03
  38     -1968.647886292      8.95e-07      1.00e-03        0.03
  39     -1968.647889496     -3.20e-06      1.02e-03        0.03
  40     -1968.647895771     -6.27e-06      9.51e-04        0.03
  41     -1968.647909193     -1.34e-05      1.03e-03        0.03
  42     -1968.647912923     -3.73e-06      9.72e-04        0.03
  43     -1968.647924746     -1.18e-05      1.20e-03        0.03
  44     -1968.647933438     -8.69e-06      2.00e-03        0.03
  45     -1968.647938088     -4.65e-06      4.55e-03        0.03
  46     -1968.647939300     -1.21e-06      4.35e-03        0.03
  47     -1968.647940917     -1.62e-06      1.90e-03        0.03
  48     -1968.647941481     -5.64e-07      1.57e-03        0.03
  49     -1968.647944577     -3.10e-06      6.78e-04        0.03
  50     -1968.647947287     -2.71e-06      5.67e-04        0.03
  51     -1968.647946895      3.92e-07      1.13e-03        0.03
  52     -1968.647947093     -1.97e-07      3.13e-04        0.03
  53     -1968.647946813      2.80e-07      3.19e-04        0.03
  54     -1968.647947168     -3.55e-07      2.28e-04        0.03
  55     -1968.647947337     -1.70e-07      9.85e-05        0.03
  56     -1968.647947458     -1.20e-07      8.78e-05        0.03
  57     -1968.647947481     -2.29e-08      5.49e-05        0.03
  58     -1968.647947504     -2.31e-08      4.33e-05        0.03
  59     -1968.647947508     -4.67e-09      3.35e-05        0.03
  60     -1968.647947514     -5.31e-09      3.03e-05        0.03
  61     -1968.647947519     -5.04e-09      1.54e-05        0.03
  62     -1968.647947520     -1.32e-09      1.40e-05        0.03
  63     -1968.647947521     -8.67e-10      1.20e-05        0.03
  64     -1968.647947521     -2.28e-10      7.59e-06        0.03

 SCF converged in 64 iterations.

 Dipole moment (in Debye):               0.040777       0.040777      -5.390816

 Quadrupole moment (in Debye-Angstrom):
                  1            2            3
 1       -26.113392     0.243653    -0.044256
 2         0.243653   -26.113396    -0.044255
 3        -0.044256    -0.044255   -23.386119

 Spin-squared expectation <S^2>:         0.755
 Total spin quantum number S:            0.502
 TOTAL ENERGY:                       -1968.647947522

 --------------------------------------------------------------------------------

 End time:                               Wed Jun  2 11:54:02 2021
 Total wall-clock time:                  5.236 seconds
==================================================================================
