
================================================================================
          _____________ ________ _______________ ________     _________         
         / ___________// ______ \\_____   _____// ______ \   / ________)        
        / /_________  / /      \ \     | |     / /      \ \ | (_______          
       |  __________|| |        | |    | |    | |        | | \________ \        
        \ \_________ | |        | |    | |     \ \______/ /___________) |       
         \__________||_|        |_|    |_|      \________//____________/        
                                                                                
====================================[ Qcore ]===================================

 Git hash:   15a3e7daff0cda5fa9af010ccd19a80288182ecf
 Git date:   Fri, 16 Apr 2021 15:57:16 +0100
 Compiler:   GNU 9.1.0
 Build type: Release
 Version:    1.1.0

 Start time: Wed Jun  2 11:54:02 2021

 Data directory: /work/zw18965/.local/qcore/share/entos/1.1.0/data
 Number of threads: 24
 Number of threads was determined by: command line argument
  - More threads can be used by running 'qcore -n 32'

 --------------------------------------------------------------------------------
                                   command: dft                                  
 --------------------------------------------------------------------------------
 AO basis set:                           aug-cc-pvtz
 Number of AO basis functions:         152

 Formula:                                NiBr
 Nuclear charge:                        63.000000000
 Total charge:                           0.000000000
 Number of electrons:                   63.000000000

 Number of alpha electrons:             32
 Number of beta electrons:              31
 Number of unpaired electrons:           1
 Spin:                                   1
 Multiplicity:                           doublet

 Theory:                                 dft
 Exchange-correlation functional:        wb97xd3

 Using range separated hybrid functional
 Range separation parameter:             0.250000000
 Short range exact exchange:             0.195728000
 Total long range exact exchange:        1.000000000

 Method for Coulomb:                     incore_df
 Method for exact exchange:              pre_transformed_df
 Integral threshold:                     1.00e-12
 DF basis set:                           def2-tzvp-jkfit(spdfghi)
 Number of DF basis functions:         530
 Schwarz screening threshold:            1.00e-10
 Coulomb fitting method:                 Cholesky
 Total number of grid points:        16100
 Method for AO orthogonalization:        symmetric
 Threshold for linear dependence:        1.00e-08
 D3 dispersion energy:                  -0.000005711

 -------------------------------------
  Running unrestricted open-shell SCF 
 -------------------------------------
 Max number of iterations:             128
 Conv. threshold (gradient):             1.00e-05
 Conv. threshold (energy):               1.00e-06
 Interpolation scheme:                   adiis+cdiis
 Initial guess:                          SAD

 ---------------------------------------------------------------
                  energy        change          grad        time
 ---------------------------------------------------------------
   0     -4082.618327111                    2.66e+00        0.04
   1     -4082.659360319     -4.10e-02      3.76e-01        0.04
   2     -4082.647841707      1.15e-02      5.21e-01        0.03
   3     -4082.691307944     -4.35e-02      1.60e-01        0.04
   4     -4082.684799486      6.51e-03      2.73e-01        0.03
   5     -4082.696866679     -1.21e-02      4.28e-02        0.03
   6     -4082.696489968      3.77e-04      6.43e-02        0.04
   7     -4082.697315492     -8.26e-04      8.80e-03        0.04
   8     -4082.697367360     -5.19e-05      5.38e-03        0.04
   9     -4082.697389920     -2.26e-05      2.81e-03        0.03
  10     -4082.697395607     -5.69e-06      1.94e-03        0.04
  11     -4082.697399356     -3.75e-06      1.50e-03        0.04
  12     -4082.697401989     -2.63e-06      1.25e-03        0.03
  13     -4082.697404259     -2.27e-06      1.22e-03        0.03
  14     -4082.697406036     -1.78e-06      1.21e-03        0.03
  15     -4082.697408507     -2.47e-06      1.18e-03        0.03
  16     -4082.697415438     -6.93e-06      1.12e-03        0.04
  17     -4082.697425444     -1.00e-05      1.02e-03        0.03
  18     -4082.697435544     -1.01e-05      9.16e-04        0.03
  19     -4082.697458069     -2.25e-05      1.26e-03        0.03
  20     -4082.697458489     -4.20e-07      1.41e-03        0.03
  21     -4082.697465283     -6.79e-06      1.55e-03        0.04
  22     -4082.697464877      4.06e-07      1.26e-03        0.04
  23     -4082.697467444     -2.57e-06      1.00e-03        0.03
  24     -4082.697469910     -2.47e-06      8.15e-04        0.04
  25     -4082.697472144     -2.23e-06      1.07e-03        0.03
  26     -4082.697473599     -1.45e-06      9.39e-04        0.03
  27     -4082.697477268     -3.67e-06      9.05e-04        0.03
  28     -4082.697482845     -5.58e-06      7.88e-04        0.04
  29     -4082.697487971     -5.13e-06      6.38e-04        0.03
  30     -4082.697503026     -1.51e-05      1.68e-03        0.04
  31     -4082.697499461      3.57e-06      7.38e-04        0.03
  32     -4082.697499970     -5.09e-07      7.58e-04        0.04
  33     -4082.697501382     -1.41e-06      7.12e-04        0.03
  34     -4082.697499882      1.50e-06      3.67e-04        0.03
  35     -4082.697501884     -2.00e-06      4.14e-04        0.04
  36     -4082.697501507      3.78e-07      3.33e-04        0.03
  37     -4082.697504617     -3.11e-06      7.89e-04        0.04
  38     -4082.697504573      4.32e-08      8.20e-04        0.04
  39     -4082.697505198     -6.24e-07      4.68e-04        0.03
  40     -4082.697506055     -8.57e-07      1.38e-04        0.03
  41     -4082.697506624     -5.70e-07      2.54e-04        0.03
  42     -4082.697506663     -3.89e-08      5.22e-05        0.03
  43     -4082.697506725     -6.18e-08      6.04e-05        0.04
  44     -4082.697506727     -2.41e-09      1.70e-05        0.04
  45     -4082.697506728     -8.94e-10      9.70e-06        0.04

 SCF converged in 45 iterations.

 Dipole moment (in Debye):              -0.019346      -0.019346      -5.104478

 Quadrupole moment (in Debye-Angstrom):
                  1            2            3
 1       -32.303632     0.281766     0.071107
 2         0.281766   -32.303636     0.071107
 3         0.071107     0.071107   -24.497127

 Spin-squared expectation <S^2>:         0.755
 Total spin quantum number S:            0.503
 TOTAL ENERGY:                       -4082.697506729

 --------------------------------------------------------------------------------

 End time:                               Wed Jun  2 11:54:08 2021
 Total wall-clock time:                  6.250 seconds
==================================================================================
