
================================================================================
          _____________ ________ _______________ ________     _________         
         / ___________// ______ \\_____   _____// ______ \   / ________)        
        / /_________  / /      \ \     | |     / /      \ \ | (_______          
       |  __________|| |        | |    | |    | |        | | \________ \        
        \ \_________ | |        | |    | |     \ \______/ /___________) |       
         \__________||_|        |_|    |_|      \________//____________/        
                                                                                
====================================[ Qcore ]===================================

 Git hash:   15a3e7daff0cda5fa9af010ccd19a80288182ecf
 Git date:   Fri, 16 Apr 2021 15:57:16 +0100
 Compiler:   GNU 9.1.0
 Build type: Release
 Version:    1.1.0

 Start time: Wed Jun  2 11:54:09 2021

 Data directory: /work/zw18965/.local/qcore/share/entos/1.1.0/data
 Number of threads: 24
 Number of threads was determined by: command line argument
  - More threads can be used by running 'qcore -n 32'

 --------------------------------------------------------------------------------
                                   command: dft                                  
 --------------------------------------------------------------------------------
 AO basis set:                           aug-cc-pvtz
 Number of AO basis functions:         139

 Formula:                                ONi
 Nuclear charge:                        36.000000000
 Total charge:                           0.000000000
 Number of electrons:                   36.000000000

 Number of alpha electrons:             19
 Number of beta electrons:              17
 Number of unpaired electrons:           2
 Spin:                                   2
 Multiplicity:                           triplet

 Theory:                                 dft
 Exchange-correlation functional:        wb97xd3

 Using range separated hybrid functional
 Range separation parameter:             0.250000000
 Short range exact exchange:             0.195728000
 Total long range exact exchange:        1.000000000

 Method for Coulomb:                     incore_df
 Method for exact exchange:              pre_transformed_df
 Integral threshold:                     1.00e-12
 DF basis set:                           def2-tzvp-jkfit(spdfghi)
 Number of DF basis functions:         341
 Schwarz screening threshold:            1.00e-10
 Coulomb fitting method:                 Cholesky
 Total number of grid points:        14880
 Method for AO orthogonalization:        symmetric
 Threshold for linear dependence:        1.00e-08
 D3 dispersion energy:                  -0.000000547

 -------------------------------------
  Running unrestricted open-shell SCF 
 -------------------------------------
 Max number of iterations:             128
 Conv. threshold (gradient):             1.00e-05
 Conv. threshold (energy):               1.00e-06
 Interpolation scheme:                   adiis+cdiis
 Initial guess:                          SAD

 ---------------------------------------------------------------
                  energy        change          grad        time
 ---------------------------------------------------------------
   0     -1583.361266266                    2.76e+00        0.02
   1     -1583.067351990      2.94e-01      1.38e+00        0.03
   2     -1577.100716715      5.97e+00      4.12e+00        0.02
   3     -1582.871795497     -5.77e+00      1.84e+00        0.02
   4     -1583.514089720     -6.42e-01      3.36e-01        0.02
   5     -1583.477280506      3.68e-02      6.62e-01        0.03
   6     -1583.527880542     -5.06e-02      1.71e-01        0.03
   7     -1583.523100938      4.78e-03      2.39e-01        0.03
   8     -1583.532076920     -8.98e-03      1.23e-01        0.03
   9     -1583.525866443      6.21e-03      2.50e-01        0.04
  10     -1583.534285011     -8.42e-03      7.25e-02        0.04
  11     -1583.534164986      1.20e-04      1.22e-01        0.04
  12     -1583.539099607     -4.93e-03      2.73e-02        0.03
  13     -1583.539144542     -4.49e-05      2.31e-02        0.03
  14     -1583.539748981     -6.04e-04      1.49e-02        0.03
  15     -1583.539770176     -2.12e-05      7.74e-03        0.03
  16     -1583.539800331     -3.02e-05      3.91e-03        0.03
  17     -1583.539809233     -8.90e-06      3.16e-03        0.03
  18     -1583.539815400     -6.17e-06      1.78e-03        0.03
  19     -1583.539817459     -2.06e-06      8.95e-04        0.03
  20     -1583.539818119     -6.60e-07      5.57e-04        0.03
  21     -1583.539818437     -3.18e-07      3.94e-04        0.03
  22     -1583.539818664     -2.28e-07      3.15e-04        0.03
  23     -1583.539818817     -1.53e-07      2.25e-04        0.03
  24     -1583.539818892     -7.44e-08      1.37e-04        0.03
  25     -1583.539818918     -2.62e-08      7.38e-05        0.03
  26     -1583.539818922     -4.25e-09      5.53e-05        0.03
  27     -1583.539818924     -2.34e-09      4.30e-05        0.03
  28     -1583.539818926     -1.90e-09      3.52e-05        0.03
  29     -1583.539818927     -1.07e-09      3.26e-05        0.03
  30     -1583.539818929     -1.57e-09      2.79e-05        0.03
  31     -1583.539818930     -1.21e-09      1.69e-05        0.03
  32     -1583.539818931     -5.74e-10      6.31e-06        0.03

 SCF converged in 32 iterations.

 Dipole moment (in Debye):               0.000043      -0.000039      -5.367403

 Quadrupole moment (in Debye-Angstrom):
                  1            2            3
 1       -18.137889     0.212642    -0.000041
 2         0.212642   -18.137891     0.000022
 3        -0.000041     0.000022   -20.356497

 Spin-squared expectation <S^2>:         2.011
 Total spin quantum number S:            1.004
 TOTAL ENERGY:                       -1583.539818931

 --------------------------------------------------------------------------------

 End time:                               Wed Jun  2 11:54:13 2021
 Total wall-clock time:                  4.274 seconds
==================================================================================
