
================================================================================
          _____________ ________ _______________ ________     _________         
         / ___________// ______ \\_____   _____// ______ \   / ________)        
        / /_________  / /      \ \     | |     / /      \ \ | (_______          
       |  __________|| |        | |    | |    | |        | | \________ \        
        \ \_________ | |        | |    | |     \ \______/ /___________) |       
         \__________||_|        |_|    |_|      \________//____________/        
                                                                                
====================================[ Qcore ]===================================

 Git hash:   15a3e7daff0cda5fa9af010ccd19a80288182ecf
 Git date:   Fri, 16 Apr 2021 15:57:16 +0100
 Compiler:   GNU 9.1.0
 Build type: Release
 Version:    1.1.0

 Start time: Wed Jun  2 11:54:13 2021

 Data directory: /work/zw18965/.local/qcore/share/entos/1.1.0/data
 Number of threads: 24
 Number of threads was determined by: command line argument
  - More threads can be used by running 'qcore -n 32'

 --------------------------------------------------------------------------------
                                   command: dft                                  
 --------------------------------------------------------------------------------
 AO basis set:                           aug-cc-pvtz
 Number of AO basis functions:         143

 Formula:                                SNi
 Nuclear charge:                        44.000000000
 Total charge:                           0.000000000
 Number of electrons:                   44.000000000

 Number of alpha electrons:             23
 Number of beta electrons:              21
 Number of unpaired electrons:           2
 Spin:                                   2
 Multiplicity:                           triplet

 Theory:                                 dft
 Exchange-correlation functional:        wb97xd3

 Using range separated hybrid functional
 Range separation parameter:             0.250000000
 Short range exact exchange:             0.195728000
 Total long range exact exchange:        1.000000000

 Method for Coulomb:                     incore_df
 Method for exact exchange:              pre_transformed_df
 Integral threshold:                     1.00e-12
 DF basis set:                           def2-tzvp-jkfit(spdfghi)
 Number of DF basis functions:         392
 Schwarz screening threshold:            1.00e-10
 Coulomb fitting method:                 Cholesky
 Total number of grid points:        15286
 Method for AO orthogonalization:        symmetric
 Threshold for linear dependence:        1.00e-08
 D3 dispersion energy:                  -0.000005966

 -------------------------------------
  Running unrestricted open-shell SCF 
 -------------------------------------
 Max number of iterations:             128
 Conv. threshold (gradient):             1.00e-05
 Conv. threshold (energy):               1.00e-06
 Interpolation scheme:                   adiis+cdiis
 Initial guess:                          SAD

 ---------------------------------------------------------------
                  energy        change          grad        time
 ---------------------------------------------------------------
   0     -1906.519658183                    3.50e+00        0.03
   1     -1906.433953825      8.57e-02      9.13e-01        0.03
   2     -1905.324312910      1.11e+00      2.43e+00        0.03
   3     -1906.462212541     -1.14e+00      8.37e-01        0.03
   4     -1906.574560243     -1.12e-01      2.23e-01        0.03
   5     -1906.556893976      1.77e-02      4.07e-01        0.03
   6     -1906.581094801     -2.42e-02      8.93e-02        0.03
   7     -1906.579627249      1.47e-03      1.42e-01        0.03
   8     -1906.582543345     -2.92e-03      1.68e-02        0.03
   9     -1906.582756172     -2.13e-04      1.44e-02        0.03
  10     -1906.583004864     -2.49e-04      1.28e-02        0.03
  11     -1906.583326397     -3.22e-04      1.05e-02        0.03
  12     -1906.583482964     -1.57e-04      8.86e-03        0.03
  13     -1906.583668202     -1.85e-04      6.83e-03        0.03
  14     -1906.583838394     -1.70e-04      5.81e-03        0.03
  15     -1906.583936029     -9.76e-05      5.31e-03        0.03
  16     -1906.583992386     -5.64e-05      4.38e-03        0.03
  17     -1906.584067117     -7.47e-05      4.27e-03        0.03
  18     -1906.584098912     -3.18e-05      2.34e-03        0.03
  19     -1906.584123262     -2.44e-05      2.85e-03        0.03
  20     -1906.584128579     -5.32e-06      1.76e-03        0.03
  21     -1906.584135310     -6.73e-06      1.14e-03        0.03
  22     -1906.584136761     -1.45e-06      1.56e-03        0.04
  23     -1906.584137872     -1.11e-06      8.85e-04        0.03
  24     -1906.584139144     -1.27e-06      6.94e-04        0.03
  25     -1906.584140075     -9.31e-07      5.86e-04        0.03
  26     -1906.584141070     -9.95e-07      4.43e-04        0.03
  27     -1906.584141683     -6.12e-07      3.86e-04        0.03
  28     -1906.584141859     -1.76e-07      1.52e-04        0.03
  29     -1906.584141927     -6.85e-08      1.02e-04        0.03
  30     -1906.584141971     -4.42e-08      6.83e-05        0.03
  31     -1906.584141984     -1.25e-08      3.60e-05        0.03
  32     -1906.584141990     -6.03e-09      3.11e-05        0.03
  33     -1906.584141992     -2.48e-09      2.38e-05        0.03
  34     -1906.584141994     -1.81e-09      1.97e-05        0.03
  35     -1906.584141995     -1.12e-09      1.62e-05        0.03
  36     -1906.584141997     -1.47e-09      1.16e-05        0.03
  37     -1906.584141998     -8.73e-10      8.13e-06        0.04

 SCF converged in 37 iterations.

 Dipole moment (in Debye):              -0.000018      -0.000018      -4.731025

 Quadrupole moment (in Debye-Angstrom):
                  1            2            3
 1       -27.133103    -0.492777     0.000024
 2        -0.492777   -27.133099     0.000024
 3         0.000024     0.000024   -23.280216

 Spin-squared expectation <S^2>:         2.019
 Total spin quantum number S:            1.006
 TOTAL ENERGY:                       -1906.584141998

 --------------------------------------------------------------------------------

 End time:                               Wed Jun  2 11:54:18 2021
 Total wall-clock time:                  4.641 seconds
==================================================================================
