
================================================================================
          _____________ ________ _______________ ________     _________         
         / ___________// ______ \\_____   _____// ______ \   / ________)        
        / /_________  / /      \ \     | |     / /      \ \ | (_______          
       |  __________|| |        | |    | |    | |        | | \________ \        
        \ \_________ | |        | |    | |     \ \______/ /___________) |       
         \__________||_|        |_|    |_|      \________//____________/        
                                                                                
====================================[ Qcore ]===================================

 Git hash:   15a3e7daff0cda5fa9af010ccd19a80288182ecf
 Git date:   Fri, 16 Apr 2021 15:57:16 +0100
 Compiler:   GNU 9.1.0
 Build type: Release
 Version:    1.1.0

 Start time: Wed Jun  2 11:54:28 2021

 Data directory: /work/zw18965/.local/qcore/share/entos/1.1.0/data
 Number of threads: 24
 Number of threads was determined by: command line argument
  - More threads can be used by running 'qcore -n 32'

 --------------------------------------------------------------------------------
                                   command: dft                                  
 --------------------------------------------------------------------------------
 AO basis set:                           aug-cc-pvtz
 Number of AO basis functions:         152

 Formula:                                CuBr
 Nuclear charge:                        64.000000000
 Total charge:                           0.000000000
 Number of electrons:                   64.000000000

 Number of alpha electrons:             32
 Number of beta electrons:              32
 Number of unpaired electrons:           0
 Spin:                                   0
 Multiplicity:                           singlet

 Theory:                                 dft
 Exchange-correlation functional:        wb97xd3

 Using range separated hybrid functional
 Range separation parameter:             0.250000000
 Short range exact exchange:             0.195728000
 Total long range exact exchange:        1.000000000

 Method for Coulomb:                     incore_df
 Method for exact exchange:              pre_transformed_df
 Integral threshold:                     1.00e-12
 DF basis set:                           def2-tzvp-jkfit(spdfghi)
 Number of DF basis functions:         530
 Schwarz screening threshold:            1.00e-10
 Coulomb fitting method:                 Cholesky
 Total number of grid points:        16100
 Method for AO orthogonalization:        symmetric
 Threshold for linear dependence:        1.00e-08
 D3 dispersion energy:                  -0.000005942

 -------------------------------------
  Running restricted closed-shell SCF 
 -------------------------------------
 Max number of iterations:             128
 Conv. threshold (gradient):             1.00e-05
 Conv. threshold (energy):               1.00e-06
 Interpolation scheme:                   adiis+cdiis
 Initial guess:                          SAD

 ---------------------------------------------------------------
                  energy        change          grad        time
 ---------------------------------------------------------------
   0     -4214.941626707                    5.64e+00        0.03
   1     -4214.890998746      5.06e-02      4.22e-01        0.03
   2     -4214.893626063     -2.63e-03      6.16e-01        0.02
   3     -4214.914652419     -2.10e-02      3.71e-01        0.02
   4     -4214.917361679     -2.71e-03      3.31e-01        0.02
   5     -4214.924126371     -6.76e-03      3.17e-02        0.02
   6     -4214.924054206      7.22e-05      6.00e-02        0.03
   7     -4214.924299287     -2.45e-04      5.58e-03        0.02
   8     -4214.924307065     -7.78e-06      2.17e-03        0.02
   9     -4214.924308112     -1.05e-06      7.73e-04        0.02
  10     -4214.924308265     -1.53e-07      1.93e-04        0.02
  11     -4214.924308276     -1.09e-08      3.36e-05        0.02
  12     -4214.924308276     -6.38e-10      1.42e-05        0.02
  13     -4214.924308276     -2.27e-11      2.20e-06        0.02

 SCF converged in 13 iterations.

 Dipole moment (in Debye):               0.000000       0.000000      -5.164160

 Quadrupole moment (in Debye-Angstrom):
                  1            2            3
 1       -31.824016    -0.000000    -0.000000
 2        -0.000000   -31.824016    -0.000000
 3        -0.000000    -0.000000   -24.666110

 Spin-squared expectation <S^2>:         0.000
 Total spin quantum number S:            0.000
 TOTAL ENERGY:                       -4214.924308276

 --------------------------------------------------------------------------------

 End time:                               Wed Jun  2 11:54:33 2021
 Total wall-clock time:                  4.814 seconds
==================================================================================
