
================================================================================
          _____________ ________ _______________ ________     _________         
         / ___________// ______ \\_____   _____// ______ \   / ________)        
        / /_________  / /      \ \     | |     / /      \ \ | (_______          
       |  __________|| |        | |    | |    | |        | | \________ \        
        \ \_________ | |        | |    | |     \ \______/ /___________) |       
         \__________||_|        |_|    |_|      \________//____________/        
                                                                                
====================================[ Qcore ]===================================

 Git hash:   15a3e7daff0cda5fa9af010ccd19a80288182ecf
 Git date:   Fri, 16 Apr 2021 15:57:16 +0100
 Compiler:   GNU 9.1.0
 Build type: Release
 Version:    1.1.0

 Start time: Wed Jun  2 11:54:41 2021

 Data directory: /work/zw18965/.local/qcore/share/entos/1.1.0/data
 Number of threads: 24
 Number of threads was determined by: command line argument
  - More threads can be used by running 'qcore -n 32'

 --------------------------------------------------------------------------------
                                   command: dft                                  
 --------------------------------------------------------------------------------
 AO basis set:                           aug-cc-pvtz
 Number of AO basis functions:         116

 Formula:                                HZn
 Nuclear charge:                        31.000000000
 Total charge:                           0.000000000
 Number of electrons:                   31.000000000

 Number of alpha electrons:             16
 Number of beta electrons:              15
 Number of unpaired electrons:           1
 Spin:                                   1
 Multiplicity:                           doublet

 Theory:                                 dft
 Exchange-correlation functional:        wb97xd3

 Using range separated hybrid functional
 Range separation parameter:             0.250000000
 Short range exact exchange:             0.195728000
 Total long range exact exchange:        1.000000000

 Method for Coulomb:                     incore_df
 Method for exact exchange:              pre_transformed_df
 Integral threshold:                     1.00e-12
 DF basis set:                           def2-tzvp-jkfit(spdfghi)
 Number of DF basis functions:         282
 Schwarz screening threshold:            1.00e-10
 Coulomb fitting method:                 Cholesky
 Total number of grid points:        13826
 Method for AO orthogonalization:        symmetric
 Threshold for linear dependence:        1.00e-08
 D3 dispersion energy:                  -0.000006764

 -------------------------------------
  Running unrestricted open-shell SCF 
 -------------------------------------
 Max number of iterations:             128
 Conv. threshold (gradient):             1.00e-05
 Conv. threshold (energy):               1.00e-06
 Interpolation scheme:                   adiis+cdiis
 Initial guess:                          SAD

 ---------------------------------------------------------------
                  energy        change          grad        time
 ---------------------------------------------------------------
   0     -1780.063804573                    1.52e+00        0.02
   1     -1780.021238865      4.26e-02      1.31e-01        0.02
   2     -1780.026367372     -5.13e-03      9.56e-02        0.02
   3     -1780.023431884      2.94e-03      1.49e-01        0.02
   4     -1780.029799161     -6.37e-03      1.81e-02        0.02
   5     -1780.030135326     -3.36e-04      6.74e-03        0.02
   6     -1780.030235144     -9.98e-05      4.15e-03        0.02
   7     -1780.030265305     -3.02e-05      1.17e-03        0.02
   8     -1780.030267014     -1.71e-06      2.67e-04        0.02
   9     -1780.030267068     -5.35e-08      4.91e-05        0.02
  10     -1780.030267070     -2.45e-09      9.76e-06        0.02

 SCF converged in 10 iterations.

 Dipole moment (in Debye):               0.000000       0.000000      -0.579372

 Quadrupole moment (in Debye-Angstrom):
                  1            2            3
 1       -15.082916     0.000000    -0.000000
 2         0.000000   -15.082916    -0.000000
 3        -0.000000    -0.000000   -19.765828

 Spin-squared expectation <S^2>:         0.756
 Total spin quantum number S:            0.503
 TOTAL ENERGY:                       -1780.030267070

 --------------------------------------------------------------------------------

 End time:                               Wed Jun  2 11:54:44 2021
 Total wall-clock time:                  3.212 seconds
==================================================================================
