
================================================================================
          _____________ ________ _______________ ________     _________         
         / ___________// ______ \\_____   _____// ______ \   / ________)        
        / /_________  / /      \ \     | |     / /      \ \ | (_______          
       |  __________|| |        | |    | |    | |        | | \________ \        
        \ \_________ | |        | |    | |     \ \______/ /___________) |       
         \__________||_|        |_|    |_|      \________//____________/        
                                                                                
====================================[ Qcore ]===================================

 Git hash:   15a3e7daff0cda5fa9af010ccd19a80288182ecf
 Git date:   Fri, 16 Apr 2021 15:57:16 +0100
 Compiler:   GNU 9.1.0
 Build type: Release
 Version:    1.1.0

 Start time: Wed Jun  2 11:54:44 2021

 Data directory: /work/zw18965/.local/qcore/share/entos/1.1.0/data
 Number of threads: 24
 Number of threads was determined by: command line argument
  - More threads can be used by running 'qcore -n 32'

 --------------------------------------------------------------------------------
                                   command: dft                                  
 --------------------------------------------------------------------------------
 AO basis set:                           aug-cc-pvtz
 Number of AO basis functions:         139

 Formula:                                FZn
 Nuclear charge:                        39.000000000
 Total charge:                           0.000000000
 Number of electrons:                   39.000000000

 Number of alpha electrons:             20
 Number of beta electrons:              19
 Number of unpaired electrons:           1
 Spin:                                   1
 Multiplicity:                           doublet

 Theory:                                 dft
 Exchange-correlation functional:        wb97xd3

 Using range separated hybrid functional
 Range separation parameter:             0.250000000
 Short range exact exchange:             0.195728000
 Total long range exact exchange:        1.000000000

 Method for Coulomb:                     incore_df
 Method for exact exchange:              pre_transformed_df
 Integral threshold:                     1.00e-12
 DF basis set:                           def2-tzvp-jkfit(spdfghi)
 Number of DF basis functions:         341
 Schwarz screening threshold:            1.00e-10
 Coulomb fitting method:                 Cholesky
 Total number of grid points:        14748
 Method for AO orthogonalization:        symmetric
 Threshold for linear dependence:        1.00e-08
 D3 dispersion energy:                  -0.000003004

 -------------------------------------
  Running unrestricted open-shell SCF 
 -------------------------------------
 Max number of iterations:             128
 Conv. threshold (gradient):             1.00e-05
 Conv. threshold (energy):               1.00e-06
 Interpolation scheme:                   adiis+cdiis
 Initial guess:                          SAD

 ---------------------------------------------------------------
                  energy        change          grad        time
 ---------------------------------------------------------------
   0     -1879.323697846                    1.87e+00        0.03
   1     -1879.247523246      7.62e-02      6.39e-01        0.03
   2     -1879.130990329      1.17e-01      9.74e-01        0.03
   3     -1879.338946944     -2.08e-01      1.24e-01        0.02
   4     -1879.337938650      1.01e-03      1.60e-01        0.02
   5     -1879.342907027     -4.97e-03      1.34e-02        0.03
   6     -1879.343063500     -1.56e-04      9.13e-03        0.03
   7     -1879.343133712     -7.02e-05      4.27e-03        0.03
   8     -1879.343147923     -1.42e-05      1.69e-03        0.03
   9     -1879.343149663     -1.74e-06      4.85e-04        0.03
  10     -1879.343149862     -1.99e-07      1.26e-04        0.03
  11     -1879.343149878     -1.67e-08      3.95e-05        0.03
  12     -1879.343149879     -1.14e-09      1.46e-05        0.03
  13     -1879.343149880     -9.64e-11      3.81e-06        0.03

 SCF converged in 13 iterations.

 Dipole moment (in Debye):              -0.000000      -0.000000      -3.126626

 Quadrupole moment (in Debye-Angstrom):
                  1            2            3
 1       -17.885563    -0.000000     0.000000
 2        -0.000000   -17.885563     0.000000
 3         0.000000     0.000000   -24.263654

 Spin-squared expectation <S^2>:         0.752
 Total spin quantum number S:            0.501
 TOTAL ENERGY:                       -1879.343149880

 --------------------------------------------------------------------------------

 End time:                               Wed Jun  2 11:54:48 2021
 Total wall-clock time:                  4.204 seconds
==================================================================================
