
================================================================================
          _____________ ________ _______________ ________     _________         
         / ___________// ______ \\_____   _____// ______ \   / ________)        
        / /_________  / /      \ \     | |     / /      \ \ | (_______          
       |  __________|| |        | |    | |    | |        | | \________ \        
        \ \_________ | |        | |    | |     \ \______/ /___________) |       
         \__________||_|        |_|    |_|      \________//____________/        
                                                                                
====================================[ Qcore ]===================================

 Git hash:   15a3e7daff0cda5fa9af010ccd19a80288182ecf
 Git date:   Fri, 16 Apr 2021 15:57:16 +0100
 Compiler:   GNU 9.1.0
 Build type: Release
 Version:    1.1.0

 Start time: Wed Jun  2 11:54:58 2021

 Data directory: /work/zw18965/.local/qcore/share/entos/1.1.0/data
 Number of threads: 24
 Number of threads was determined by: command line argument
  - More threads can be used by running 'qcore -n 32'

 --------------------------------------------------------------------------------
                                   command: dft                                  
 --------------------------------------------------------------------------------
 AO basis set:                           aug-cc-pvtz
 Number of AO basis functions:         139

 Formula:                                OZn
 Nuclear charge:                        38.000000000
 Total charge:                           0.000000000
 Number of electrons:                   38.000000000

 Number of alpha electrons:             19
 Number of beta electrons:              19
 Number of unpaired electrons:           0
 Spin:                                   0
 Multiplicity:                           singlet

 Theory:                                 dft
 Exchange-correlation functional:        wb97xd3

 Using range separated hybrid functional
 Range separation parameter:             0.250000000
 Short range exact exchange:             0.195728000
 Total long range exact exchange:        1.000000000

 Method for Coulomb:                     incore_df
 Method for exact exchange:              pre_transformed_df
 Integral threshold:                     1.00e-12
 DF basis set:                           def2-tzvp-jkfit(spdfghi)
 Number of DF basis functions:         341
 Schwarz screening threshold:            1.00e-10
 Coulomb fitting method:                 Cholesky
 Total number of grid points:        14880
 Method for AO orthogonalization:        symmetric
 Threshold for linear dependence:        1.00e-08
 D3 dispersion energy:                  -0.000003375

 -------------------------------------
  Running restricted closed-shell SCF 
 -------------------------------------
 Max number of iterations:             128
 Conv. threshold (gradient):             1.00e-05
 Conv. threshold (energy):               1.00e-06
 Interpolation scheme:                   adiis+cdiis
 Initial guess:                          SAD

 ---------------------------------------------------------------
                  energy        change          grad        time
 ---------------------------------------------------------------
   0     -1854.650855481                    4.45e+00        0.02
   1     -1854.318632471      3.32e-01      2.05e+00        0.02
   2     -1851.115073900      3.20e+00      4.40e+00        0.01
   3     -1854.304862481     -3.19e+00      2.00e+00        0.02
   4     -1854.606084947     -3.01e-01      1.66e-01        0.02
   5     -1854.598840460      7.24e-03      3.57e-01        0.02
   6     -1854.607946443     -9.11e-03      7.40e-02        0.02
   7     -1854.607962649     -1.62e-05      8.40e-02        0.02
   8     -1854.608462430     -5.00e-04      3.49e-03        0.02
   9     -1854.608464394     -1.96e-06      1.19e-03        0.02
  10     -1854.608464701     -3.07e-07      9.06e-04        0.02
  11     -1854.608464849     -1.49e-07      1.57e-04        0.02
  12     -1854.608464858     -8.47e-09      2.84e-05        0.02
  13     -1854.608464858     -1.64e-10      6.85e-06        0.02

 SCF converged in 13 iterations.

 Dipole moment (in Debye):              -0.000000      -0.000000      -6.179155

 Quadrupole moment (in Debye-Angstrom):
                  1            2            3
 1       -19.003061    -0.000000    -0.000000
 2        -0.000000   -19.003061    -0.000000
 3        -0.000000    -0.000000   -21.229879

 Spin-squared expectation <S^2>:         0.000
 Total spin quantum number S:            0.000
 TOTAL ENERGY:                       -1854.608464858

 --------------------------------------------------------------------------------

 End time:                               Wed Jun  2 11:55:02 2021
 Total wall-clock time:                  3.955 seconds
==================================================================================
