
================================================================================
          _____________ ________ _______________ ________     _________         
         / ___________// ______ \\_____   _____// ______ \   / ________)        
        / /_________  / /      \ \     | |     / /      \ \ | (_______          
       |  __________|| |        | |    | |    | |        | | \________ \        
        \ \_________ | |        | |    | |     \ \______/ /___________) |       
         \__________||_|        |_|    |_|      \________//____________/        
                                                                                
====================================[ Qcore ]===================================

 Git hash:   15a3e7daff0cda5fa9af010ccd19a80288182ecf
 Git date:   Fri, 16 Apr 2021 15:57:16 +0100
 Compiler:   GNU 9.1.0
 Build type: Release
 Version:    1.1.0

 Start time: Wed Jun  2 11:55:09 2021

 Data directory: /work/zw18965/.local/qcore/share/entos/1.1.0/data
 Number of threads: 24
 Number of threads was determined by: command line argument
  - More threads can be used by running 'qcore -n 32'

 --------------------------------------------------------------------------------
                                   command: dft                                  
 --------------------------------------------------------------------------------
 AO basis set:                           aug-cc-pvtz
 Number of AO basis functions:          93

 Formula:                                Ti
 Nuclear charge:                        22.000000000
 Total charge:                           0.000000000
 Number of electrons:                   22.000000000

 Number of alpha electrons:             12
 Number of beta electrons:              10
 Number of unpaired electrons:           2
 Spin:                                   2
 Multiplicity:                           triplet

 Theory:                                 dft
 Exchange-correlation functional:        wb97xd3

 Using range separated hybrid functional
 Range separation parameter:             0.250000000
 Short range exact exchange:             0.195728000
 Total long range exact exchange:        1.000000000

 Method for Coulomb:                     incore_df
 Method for exact exchange:              pre_transformed_df
 Integral threshold:                     1.00e-12
 DF basis set:                           def2-tzvp-jkfit(spdfghi)
 Number of DF basis functions:         264
 Schwarz screening threshold:            1.00e-10
 Coulomb fitting method:                 Cholesky
 Total number of grid points:         7792
 Method for AO orthogonalization:        symmetric
 Threshold for linear dependence:        1.00e-08
 D3 dispersion energy:                   0.000000000

 -------------------------------------
  Running unrestricted open-shell SCF 
 -------------------------------------
 Max number of iterations:             128
 Conv. threshold (gradient):             1.00e-05
 Conv. threshold (energy):               1.00e-06
 Interpolation scheme:                   adiis+cdiis
 Initial guess:                          SAD

 ---------------------------------------------------------------
                  energy        change          grad        time
 ---------------------------------------------------------------
   0      -849.069079281                    6.44e-03        0.01
   1      -849.318851425     -2.50e-01      2.13e-01        0.01
   2      -849.332600510     -1.37e-02      7.31e-02        0.01
   3      -849.335563367     -2.96e-03      6.97e-02        0.01
   4      -849.337218759     -1.66e-03      3.62e-02        0.01
   5      -849.339328261     -2.11e-03      3.50e-02        0.01
   6      -849.337343202      1.99e-03      3.41e-02        0.01
   7      -849.326193348      1.11e-02      1.01e-01        0.01
   8      -849.326169570      2.38e-05      1.05e-01        0.01
   9      -849.325651147      5.18e-04      9.48e-02        0.01
  10      -849.325650390      7.57e-07      9.48e-02        0.01
  11      -849.326706834     -1.06e-03      1.74e-02        0.01
  12      -849.326703464      3.37e-06      2.25e-02        0.02
  13      -849.326935160     -2.32e-04      1.78e-02        0.01
  14      -849.326970344     -3.52e-05      1.71e-02        0.01
  15      -849.326655892      3.14e-04      2.62e-02        0.01
  16      -849.326751195     -9.53e-05      5.31e-03        0.01
  17      -849.326761058     -9.86e-06      3.20e-03        0.01
  18      -849.326727089      3.40e-05      3.59e-03        0.01
  19      -849.326727369     -2.80e-07      2.41e-03        0.01
  20      -849.326733745     -6.38e-06      1.35e-03        0.01
  21      -849.326734898     -1.15e-06      5.63e-04        0.01
  22      -849.326735246     -3.48e-07      3.74e-04        0.01
  23      -849.326735256     -1.00e-08      3.69e-04        0.01
  24      -849.326735128      1.28e-07      3.90e-04        0.01
  25      -849.326734950      1.77e-07      3.04e-04        0.01
  26      -849.326734711      2.40e-07      2.55e-04        0.01
  27      -849.326734557      1.53e-07      2.11e-04        0.01
  28      -849.326734426      1.31e-07      1.17e-04        0.01
  29      -849.326734350      7.64e-08      5.08e-05        0.01
  30      -849.326734342      7.59e-09      4.13e-05        0.01
  31      -849.326734344     -2.20e-09      4.31e-05        0.01
  32      -849.326734336      7.91e-09      2.99e-05        0.01
  33      -849.326734336      4.80e-11      1.82e-05        0.01
  34      -849.326734339     -2.80e-09      1.33e-05        0.01
  35      -849.326734339     -3.84e-10      1.37e-05        0.01
  36      -849.326734339     -3.88e-11      1.37e-05        0.01
  37      -849.326734340     -1.05e-10      1.43e-05        0.01
  38      -849.326734340     -2.77e-10      1.44e-05        0.01
  39      -849.326734340      1.49e-10      1.40e-05        0.01
  40      -849.326734339      2.42e-10      1.31e-05        0.01
  41      -849.326734340     -2.30e-11      1.32e-05        0.01
  42      -849.326734339      9.75e-10      1.21e-05        0.01
  43      -849.326734337      1.35e-09      1.03e-05        0.01
  44      -849.326734337      3.39e-10      9.62e-06        0.01

 SCF converged in 44 iterations.

 Dipole moment (in Debye):               0.000002      -0.000001      -0.000003

 Quadrupole moment (in Debye-Angstrom):
                  1            2            3
 1       -21.096895     0.010449    -0.001566
 2         0.010449   -21.098516     0.001585
 3        -0.001566     0.001585   -21.087338

 Spin-squared expectation <S^2>:         2.040
 Total spin quantum number S:            1.013
 TOTAL ENERGY:                        -849.326734337

 --------------------------------------------------------------------------------

 End time:                               Wed Jun  2 11:55:12 2021
 Total wall-clock time:                  3.174 seconds
==================================================================================
