
================================================================================
          _____________ ________ _______________ ________     _________         
         / ___________// ______ \\_____   _____// ______ \   / ________)        
        / /_________  / /      \ \     | |     / /      \ \ | (_______          
       |  __________|| |        | |    | |    | |        | | \________ \        
        \ \_________ | |        | |    | |     \ \______/ /___________) |       
         \__________||_|        |_|    |_|      \________//____________/        
                                                                                
====================================[ Qcore ]===================================

 Git hash:   15a3e7daff0cda5fa9af010ccd19a80288182ecf
 Git date:   Fri, 16 Apr 2021 15:57:16 +0100
 Compiler:   GNU 9.1.0
 Build type: Release
 Version:    1.1.0

 Start time: Wed Jun  2 11:55:18 2021

 Data directory: /work/zw18965/.local/qcore/share/entos/1.1.0/data
 Number of threads: 24
 Number of threads was determined by: command line argument
  - More threads can be used by running 'qcore -n 32'

 --------------------------------------------------------------------------------
                                   command: dft                                  
 --------------------------------------------------------------------------------
 AO basis set:                           aug-cc-pvtz
 Number of AO basis functions:          93

 Formula:                                Mn
 Nuclear charge:                        25.000000000
 Total charge:                           0.000000000
 Number of electrons:                   25.000000000

 Number of alpha electrons:             15
 Number of beta electrons:              10
 Number of unpaired electrons:           5
 Spin:                                   5
 Multiplicity:                           septet

 Theory:                                 dft
 Exchange-correlation functional:        wb97xd3

 Using range separated hybrid functional
 Range separation parameter:             0.250000000
 Short range exact exchange:             0.195728000
 Total long range exact exchange:        1.000000000

 Method for Coulomb:                     incore_df
 Method for exact exchange:              pre_transformed_df
 Integral threshold:                     1.00e-12
 DF basis set:                           def2-tzvp-jkfit(spdfghi)
 Number of DF basis functions:         264
 Schwarz screening threshold:            1.00e-10
 Coulomb fitting method:                 Cholesky
 Total number of grid points:         7936
 Method for AO orthogonalization:        symmetric
 Threshold for linear dependence:        1.00e-08
 D3 dispersion energy:                   0.000000000

 -------------------------------------
  Running unrestricted open-shell SCF 
 -------------------------------------
 Max number of iterations:             128
 Conv. threshold (gradient):             1.00e-05
 Conv. threshold (energy):               1.00e-06
 Interpolation scheme:                   adiis+cdiis
 Initial guess:                          SAD

 ---------------------------------------------------------------
                  energy        change          grad        time
 ---------------------------------------------------------------
   0     -1150.355373493                    4.44e-02        0.01
   1     -1150.974704602     -6.19e-01      1.94e-01        0.01
   2     -1150.984360227     -9.66e-03      1.80e-01        0.01
   3     -1151.006853687     -2.25e-02      4.07e-02        0.01
   4     -1151.007006925     -1.53e-04      3.76e-02        0.01
   5     -1151.008027635     -1.02e-03      6.88e-04        0.01
   6     -1151.008028593     -9.57e-07      1.96e-04        0.01
   7     -1151.008028664     -7.13e-08      1.71e-05        0.02
   8     -1151.008028665     -8.31e-10      3.45e-06        0.01

 SCF converged in 8 iterations.

 Dipole moment (in Debye):               0.000000      -0.000000      -0.000000

 Quadrupole moment (in Debye-Angstrom):
                  1            2            3
 1       -18.278977    -0.000000    -0.000001
 2        -0.000000   -18.278978    -0.000003
 3        -0.000001    -0.000003   -18.278976

 Spin-squared expectation <S^2>:         8.754
 Total spin quantum number S:            2.501
 TOTAL ENERGY:                       -1151.008028665

 --------------------------------------------------------------------------------

 End time:                               Wed Jun  2 11:55:21 2021
 Total wall-clock time:                  2.801 seconds
==================================================================================
