
================================================================================
          _____________ ________ _______________ ________     _________         
         / ___________// ______ \\_____   _____// ______ \   / ________)        
        / /_________  / /      \ \     | |     / /      \ \ | (_______          
       |  __________|| |        | |    | |    | |        | | \________ \        
        \ \_________ | |        | |    | |     \ \______/ /___________) |       
         \__________||_|        |_|    |_|      \________//____________/        
                                                                                
====================================[ Qcore ]===================================

 Git hash:   15a3e7daff0cda5fa9af010ccd19a80288182ecf
 Git date:   Fri, 16 Apr 2021 15:57:16 +0100
 Compiler:   GNU 9.1.0
 Build type: Release
 Version:    1.1.0

 Start time: Wed Jun  2 11:50:27 2021

 Data directory: /work/zw18965/.local/qcore/share/entos/1.1.0/data
 Number of threads: 24
 Number of threads was determined by: command line argument
  - More threads can be used by running 'qcore -n 32'

 --------------------------------------------------------------------------------
                                   command: dft                                  
 --------------------------------------------------------------------------------
 AO basis set:                           aug-cc-pvtz
 Number of AO basis functions:         143

 Formula:                                ClSc
 Nuclear charge:                        38.000000000
 Total charge:                           0.000000000
 Number of electrons:                   38.000000000

 Number of alpha electrons:             19
 Number of beta electrons:              19
 Number of unpaired electrons:           0
 Spin:                                   0
 Multiplicity:                           singlet

 Theory:                                 dft
 Exchange-correlation functional:        0.29 b88 + 0.54 lyp
 Method for Coulomb:                     incore_df
 Method for exact exchange:              pre_transformed_df
 Integral threshold:                     1.00e-12
 DF basis set:                           def2-tzvp-jkfit(spdfghi)
 Number of DF basis functions:         392
 Schwarz screening threshold:            1.00e-10
 Coulomb fitting method:                 Cholesky
 Total number of grid points:        15346
 Method for AO orthogonalization:        symmetric
 Threshold for linear dependence:        1.00e-08
 D3BJ dispersion energy:                -0.003459962

 -------------------------------------
  Running restricted closed-shell SCF 
 -------------------------------------
 Max number of iterations:             128
 Conv. threshold (gradient):             1.00e-05
 Conv. threshold (energy):               1.00e-06
 Interpolation scheme:                   adiis+cdiis
 Initial guess:                          H0

 ---------------------------------------------------------------
                  energy        change          grad        time
 ---------------------------------------------------------------
   0     -1157.194589615                    1.24e+01        0.04
   1     -1145.847063572      1.13e+01      1.09e+01        0.02
   2     -1046.190529219      9.97e+01      1.75e+01        0.02
   3     -1194.095629770     -1.48e+02      1.11e+01        0.02
   4     -1217.078866816     -2.30e+01      6.81e+00        0.02
   5     -1219.540962755     -2.46e+00      1.65e+00        0.02
   6     -1219.657815934     -1.17e-01      1.83e+00        0.02
   7     -1220.058052720     -4.00e-01      4.77e-01        0.02
   8     -1220.099902501     -4.18e-02      3.69e-01        0.02
   9     -1220.110259381     -1.04e-02      1.87e-01        0.02
  10     -1220.115586674     -5.33e-03      7.36e-02        0.02
  11     -1220.115796067     -2.09e-04      5.61e-02        0.03
  12     -1220.116316935     -5.21e-04      9.30e-04        0.02
  13     -1220.116317098     -1.64e-07      1.21e-04        0.02
  14     -1220.116317105     -6.91e-09      1.21e-04        0.02
  15     -1220.116317111     -5.43e-09      1.51e-04        0.02
  16     -1220.116317101      9.90e-09      1.90e-05        0.02
  17     -1220.116317101      8.84e-11      4.22e-06        0.02

 SCF converged in 17 iterations.


 --------------------------------
  Double Hybrid MP2 Contribution 
 --------------------------------
 Method:                                 pre_transformed_df
 Density-fitting basis set:              def2-tzvp-ri
 Opposite-spin scale factor:             0.470000000
 Same-spin scale factor:                 0.400000000

 Restricted MP2 calculation:             
 Core orbitals:                         10
 Correlated orbitals:                    9
 Virtual orbitals:                     124

 Reference Energy:                   -1220.116317101
 Opposite spin contribution:            -0.183007592
 Same spin contribution:                -0.057886365
 Total scaled MP2 contribution:         -0.240893957

 Dipole moment (in Debye):              -0.000002      -0.000002      -6.891302

 Quadrupole moment (in Debye-Angstrom):
                  1            2            3
 1       -30.523901     0.000038     0.000005
 2         0.000038   -30.523901     0.000005
 3         0.000005     0.000005   -24.338730

 Spin-squared expectation <S^2>:         0.000
 Total spin quantum number S:            0.000
 TOTAL ENERGY:                       -1220.357211058

 --------------------------------------------------------------------------------

 End time:                               Wed Jun  2 11:50:29 2021
 Total wall-clock time:                  2.435 seconds
==================================================================================
