
================================================================================
          _____________ ________ _______________ ________     _________         
         / ___________// ______ \\_____   _____// ______ \   / ________)        
        / /_________  / /      \ \     | |     / /      \ \ | (_______          
       |  __________|| |        | |    | |    | |        | | \________ \        
        \ \_________ | |        | |    | |     \ \______/ /___________) |       
         \__________||_|        |_|    |_|      \________//____________/        
                                                                                
====================================[ Qcore ]===================================

 Git hash:   15a3e7daff0cda5fa9af010ccd19a80288182ecf
 Git date:   Fri, 16 Apr 2021 15:57:16 +0100
 Compiler:   GNU 9.1.0
 Build type: Release
 Version:    1.1.0

 Start time: Wed Jun  2 11:50:32 2021

 Data directory: /work/zw18965/.local/qcore/share/entos/1.1.0/data
 Number of threads: 24
 Number of threads was determined by: command line argument
  - More threads can be used by running 'qcore -n 32'

 --------------------------------------------------------------------------------
                                   command: dft                                  
 --------------------------------------------------------------------------------
 AO basis set:                           aug-cc-pvtz
 Number of AO basis functions:         139

 Formula:                                OSc
 Nuclear charge:                        29.000000000
 Total charge:                           0.000000000
 Number of electrons:                   29.000000000

 Number of alpha electrons:             15
 Number of beta electrons:              14
 Number of unpaired electrons:           1
 Spin:                                   1
 Multiplicity:                           doublet

 Theory:                                 dft
 Exchange-correlation functional:        0.29 b88 + 0.54 lyp
 Method for Coulomb:                     incore_df
 Method for exact exchange:              pre_transformed_df
 Integral threshold:                     1.00e-12
 DF basis set:                           def2-tzvp-jkfit(spdfghi)
 Number of DF basis functions:         341
 Schwarz screening threshold:            1.00e-10
 Coulomb fitting method:                 Cholesky
 Total number of grid points:        14796
 Method for AO orthogonalization:        symmetric
 Threshold for linear dependence:        1.00e-08
 D3BJ dispersion energy:                -0.001096005

 -------------------------------------
  Running unrestricted open-shell SCF 
 -------------------------------------
 Max number of iterations:             128
 Conv. threshold (gradient):             1.00e-05
 Conv. threshold (energy):               1.00e-06
 Interpolation scheme:                   adiis+cdiis
 Initial guess:                          H0

 ---------------------------------------------------------------
                  energy        change          grad        time
 ---------------------------------------------------------------
   0      -782.637526264                    6.99e+00        0.03
   1      -774.729194497      7.91e+00      8.15e+00        0.03
   2      -793.392933447     -1.87e+01      6.24e+00        0.03
   3      -833.486372427     -4.01e+01      2.83e+00        0.03
   4      -824.218697553      9.27e+00      5.00e+00        0.03
   5      -835.278759316     -1.11e+01      4.16e-01        0.03
   6      -835.273919581      4.84e-03      4.37e-01        0.03
   7      -835.334295058     -6.04e-02      1.72e-01        0.03
   8      -835.330384512      3.91e-03      2.14e-01        0.03
   9      -835.341291682     -1.09e-02      1.74e-02        0.04
  10      -835.341349307     -5.76e-05      1.97e-02        0.04
  11      -835.341476786     -1.27e-04      1.72e-03        0.03
  12      -835.341481143     -4.36e-06      1.21e-03        0.03
  13      -835.341482697     -1.55e-06      3.11e-04        0.03
  14      -835.341482867     -1.69e-07      1.34e-04        0.03
  15      -835.341482895     -2.78e-08      7.59e-05        0.03
  16      -835.341482902     -7.52e-09      2.65e-05        0.03
  17      -835.341482903     -1.22e-09      8.47e-06        0.03

 SCF converged in 17 iterations.


 --------------------------------
  Double Hybrid MP2 Contribution 
 --------------------------------
 Method:                                 pre_transformed_df
 Density-fitting basis set:              def2-tzvp-ri
 Opposite-spin scale factor:             0.470000000
 Same-spin scale factor:                 0.400000000

 Unrestricted MP2 calculation:           
 Core spatial orbitals:                  6
 Correlated alpha orbitals:              9
 Correlated beta orbitals:               8
 Virtual alpha orbitals:               124
 Virtual beta orbitals:                125

 Reference Energy:                    -835.341482903
 Opposite spin contribution:            -0.216861247
 Same spin contribution:                -0.078159679
 Total scaled MP2 contribution:         -0.295020926

 Dipole moment (in Debye):              -0.000000      -0.000000      -4.442598

 Quadrupole moment (in Debye-Angstrom):
                  1            2            3
 1       -22.437392    -0.000000    -0.000000
 2        -0.000000   -22.437392    -0.000000
 3        -0.000000    -0.000000   -31.192178

 Spin-squared expectation <S^2>:         0.753
 Total spin quantum number S:            0.501
 TOTAL ENERGY:                        -835.636503829

 --------------------------------------------------------------------------------

 End time:                               Wed Jun  2 11:50:35 2021
 Total wall-clock time:                  2.410 seconds
==================================================================================
