
================================================================================
          _____________ ________ _______________ ________     _________         
         / ___________// ______ \\_____   _____// ______ \   / ________)        
        / /_________  / /      \ \     | |     / /      \ \ | (_______          
       |  __________|| |        | |    | |    | |        | | \________ \        
        \ \_________ | |        | |    | |     \ \______/ /___________) |       
         \__________||_|        |_|    |_|      \________//____________/        
                                                                                
====================================[ Qcore ]===================================

 Git hash:   15a3e7daff0cda5fa9af010ccd19a80288182ecf
 Git date:   Fri, 16 Apr 2021 15:57:16 +0100
 Compiler:   GNU 9.1.0
 Build type: Release
 Version:    1.1.0

 Start time: Wed Jun  2 11:50:38 2021

 Data directory: /work/zw18965/.local/qcore/share/entos/1.1.0/data
 Number of threads: 24
 Number of threads was determined by: command line argument
  - More threads can be used by running 'qcore -n 32'

 --------------------------------------------------------------------------------
                                   command: dft                                  
 --------------------------------------------------------------------------------
 AO basis set:                           aug-cc-pvtz
 Number of AO basis functions:         116

 Formula:                                HTi
 Nuclear charge:                        23.000000000
 Total charge:                           0.000000000
 Number of electrons:                   23.000000000

 Number of alpha electrons:             13
 Number of beta electrons:              10
 Number of unpaired electrons:           3
 Spin:                                   3
 Multiplicity:                           quartet

 Theory:                                 dft
 Exchange-correlation functional:        0.29 b88 + 0.54 lyp
 Method for Coulomb:                     incore_df
 Method for exact exchange:              pre_transformed_df
 Integral threshold:                     1.00e-12
 DF basis set:                           def2-tzvp-jkfit(spdfghi)
 Number of DF basis functions:         282
 Schwarz screening threshold:            1.00e-10
 Coulomb fitting method:                 Cholesky
 Total number of grid points:        13682
 Method for AO orthogonalization:        symmetric
 Threshold for linear dependence:        1.00e-08
 D3BJ dispersion energy:                -0.000584539

 -------------------------------------
  Running unrestricted open-shell SCF 
 -------------------------------------
 Max number of iterations:             128
 Conv. threshold (gradient):             1.00e-05
 Conv. threshold (energy):               1.00e-06
 Interpolation scheme:                   adiis+cdiis
 Initial guess:                          H0

 ---------------------------------------------------------------
                  energy        change          grad        time
 ---------------------------------------------------------------
   0      -825.828482970                    5.48e+00        0.03
   1      -808.498104854      1.73e+01      1.09e+01        0.02
   2      -837.197361993     -2.87e+01      4.10e+00        0.02
   3      -847.564007832     -1.04e+01      2.36e+00        0.02
   4      -846.599266911      9.65e-01      2.54e+00        0.02
   5      -849.451400834     -2.85e+00      2.27e-01        0.02
   6      -849.477427096     -2.60e-02      1.11e-01        0.02
   7      -849.485831616     -8.40e-03      6.30e-02        0.02
   8      -849.488967391     -3.14e-03      4.45e-02        0.03
   9      -849.491049136     -2.08e-03      1.55e-02        0.02
  10      -849.491524362     -4.75e-04      1.36e-02        0.02
  11      -849.491774555     -2.50e-04      8.19e-03        0.02
  12      -849.491910464     -1.36e-04      2.42e-03        0.02
  13      -849.491928018     -1.76e-05      7.16e-04        0.02
  14      -849.491928509     -4.91e-07      2.49e-04        0.02
  15      -849.491928703     -1.94e-07      8.86e-05        0.02
  16      -849.491928713     -1.03e-08      4.85e-05        0.02
  17      -849.491928716     -3.20e-09      1.22e-05        0.02
  18      -849.491928716     -2.00e-10      3.85e-06        0.02

 SCF converged in 18 iterations.


 --------------------------------
  Double Hybrid MP2 Contribution 
 --------------------------------
 Method:                                 pre_transformed_df
 Density-fitting basis set:              def2-tzvp-ri
 Opposite-spin scale factor:             0.470000000
 Same-spin scale factor:                 0.400000000

 Unrestricted MP2 calculation:           
 Core spatial orbitals:                  5
 Correlated alpha orbitals:              8
 Correlated beta orbitals:               5
 Virtual alpha orbitals:               103
 Virtual beta orbitals:                106

 Reference Energy:                    -849.491928716
 Opposite spin contribution:            -0.116536368
 Same spin contribution:                -0.042768437
 Total scaled MP2 contribution:         -0.159304805

 Dipole moment (in Debye):              -0.000000      -0.000000      -2.316398

 Quadrupole moment (in Debye-Angstrom):
                  1            2            3
 1       -18.983529     0.165924     0.000000
 2         0.165924   -18.983530     0.000000
 3         0.000000     0.000000   -26.321527

 Spin-squared expectation <S^2>:         3.757
 Total spin quantum number S:            1.502
 TOTAL ENERGY:                        -849.651233522

 --------------------------------------------------------------------------------

 End time:                               Wed Jun  2 11:50:40 2021
 Total wall-clock time:                  1.992 seconds
==================================================================================
