
================================================================================
          _____________ ________ _______________ ________     _________         
         / ___________// ______ \\_____   _____// ______ \   / ________)        
        / /_________  / /      \ \     | |     / /      \ \ | (_______          
       |  __________|| |        | |    | |    | |        | | \________ \        
        \ \_________ | |        | |    | |     \ \______/ /___________) |       
         \__________||_|        |_|    |_|      \________//____________/        
                                                                                
====================================[ Qcore ]===================================

 Git hash:   15a3e7daff0cda5fa9af010ccd19a80288182ecf
 Git date:   Fri, 16 Apr 2021 15:57:16 +0100
 Compiler:   GNU 9.1.0
 Build type: Release
 Version:    1.1.0

 Start time: Wed Jun  2 11:50:40 2021

 Data directory: /work/zw18965/.local/qcore/share/entos/1.1.0/data
 Number of threads: 24
 Number of threads was determined by: command line argument
  - More threads can be used by running 'qcore -n 32'

 --------------------------------------------------------------------------------
                                   command: dft                                  
 --------------------------------------------------------------------------------
 AO basis set:                           aug-cc-pvtz
 Number of AO basis functions:         139

 Formula:                                FTi
 Nuclear charge:                        31.000000000
 Total charge:                           0.000000000
 Number of electrons:                   31.000000000

 Number of alpha electrons:             17
 Number of beta electrons:              14
 Number of unpaired electrons:           3
 Spin:                                   3
 Multiplicity:                           quartet

 Theory:                                 dft
 Exchange-correlation functional:        0.29 b88 + 0.54 lyp
 Method for Coulomb:                     incore_df
 Method for exact exchange:              pre_transformed_df
 Integral threshold:                     1.00e-12
 DF basis set:                           def2-tzvp-jkfit(spdfghi)
 Number of DF basis functions:         341
 Schwarz screening threshold:            1.00e-10
 Coulomb fitting method:                 Cholesky
 Total number of grid points:        14604
 Method for AO orthogonalization:        symmetric
 Threshold for linear dependence:        1.00e-08
 D3BJ dispersion energy:                -0.000664468

 -------------------------------------
  Running unrestricted open-shell SCF 
 -------------------------------------
 Max number of iterations:             128
 Conv. threshold (gradient):             1.00e-05
 Conv. threshold (energy):               1.00e-06
 Interpolation scheme:                   adiis+cdiis
 Initial guess:                          H0

 ---------------------------------------------------------------
                  energy        change          grad        time
 ---------------------------------------------------------------
   0      -888.239661058                    6.75e+00        0.03
   1      -881.828336336      6.41e+00      7.49e+00        0.03
   2      -889.248173162     -7.42e+00      6.50e+00        0.03
   3      -946.575695304     -5.73e+01      2.75e+00        0.03
   4      -930.106852604      1.65e+01      5.80e+00        0.03
   5      -948.437291853     -1.83e+01      1.04e+00        0.03
   6      -948.479821213     -4.25e-02      9.41e-01        0.03
   7      -948.651573723     -1.72e-01      1.12e-01        0.03
   8      -948.652938566     -1.36e-03      9.99e-02        0.03
   9      -948.654571747     -1.63e-03      5.26e-02        0.03
  10      -948.655353319     -7.82e-04      8.94e-03        0.03
  11      -948.655484854     -1.32e-04      4.81e-03        0.03
  12      -948.655514098     -2.92e-05      1.47e-03        0.03
  13      -948.655517822     -3.72e-06      1.03e-03        0.03
  14      -948.655518923     -1.10e-06      6.69e-04        0.03
  15      -948.655519624     -7.00e-07      2.22e-04        0.03
  16      -948.655519707     -8.32e-08      7.22e-05        0.03
  17      -948.655519719     -1.23e-08      2.65e-05        0.03
  18      -948.655519720     -8.05e-10      1.02e-05        0.03
  19      -948.655519720     -8.28e-11      4.05e-06        0.03

 SCF converged in 19 iterations.


 --------------------------------
  Double Hybrid MP2 Contribution 
 --------------------------------
 Method:                                 pre_transformed_df
 Density-fitting basis set:              def2-tzvp-ri
 Opposite-spin scale factor:             0.470000000
 Same-spin scale factor:                 0.400000000

 Unrestricted MP2 calculation:           
 Core spatial orbitals:                  6
 Correlated alpha orbitals:             11
 Correlated beta orbitals:               8
 Virtual alpha orbitals:               122
 Virtual beta orbitals:                125

 Reference Energy:                    -948.655519720
 Opposite spin contribution:            -0.210602348
 Same spin contribution:                -0.076001541
 Total scaled MP2 contribution:         -0.286603889

 Dipole moment (in Debye):              -0.000001      -0.000000      -2.409193

 Quadrupole moment (in Debye-Angstrom):
                  1            2            3
 1       -21.548321    -0.000000     0.000001
 2        -0.000000   -21.548324     0.000000
 3         0.000001     0.000000   -29.366248

 Spin-squared expectation <S^2>:         3.753
 Total spin quantum number S:            1.501
 TOTAL ENERGY:                        -948.942123610

 --------------------------------------------------------------------------------

 End time:                               Wed Jun  2 11:50:42 2021
 Total wall-clock time:                  2.368 seconds
==================================================================================
