
================================================================================
          _____________ ________ _______________ ________     _________         
         / ___________// ______ \\_____   _____// ______ \   / ________)        
        / /_________  / /      \ \     | |     / /      \ \ | (_______          
       |  __________|| |        | |    | |    | |        | | \________ \        
        \ \_________ | |        | |    | |     \ \______/ /___________) |       
         \__________||_|        |_|    |_|      \________//____________/        
                                                                                
====================================[ Qcore ]===================================

 Git hash:   15a3e7daff0cda5fa9af010ccd19a80288182ecf
 Git date:   Fri, 16 Apr 2021 15:57:16 +0100
 Compiler:   GNU 9.1.0
 Build type: Release
 Version:    1.1.0

 Start time: Wed Jun  2 11:50:42 2021

 Data directory: /work/zw18965/.local/qcore/share/entos/1.1.0/data
 Number of threads: 24
 Number of threads was determined by: command line argument
  - More threads can be used by running 'qcore -n 32'

 --------------------------------------------------------------------------------
                                   command: dft                                  
 --------------------------------------------------------------------------------
 AO basis set:                           aug-cc-pvtz
 Number of AO basis functions:         143

 Formula:                                ClTi
 Nuclear charge:                        39.000000000
 Total charge:                           0.000000000
 Number of electrons:                   39.000000000

 Number of alpha electrons:             21
 Number of beta electrons:              18
 Number of unpaired electrons:           3
 Spin:                                   3
 Multiplicity:                           quartet

 Theory:                                 dft
 Exchange-correlation functional:        0.29 b88 + 0.54 lyp
 Method for Coulomb:                     incore_df
 Method for exact exchange:              pre_transformed_df
 Integral threshold:                     1.00e-12
 DF basis set:                           def2-tzvp-jkfit(spdfghi)
 Number of DF basis functions:         392
 Schwarz screening threshold:            1.00e-10
 Coulomb fitting method:                 Cholesky
 Total number of grid points:        15286
 Method for AO orthogonalization:        symmetric
 Threshold for linear dependence:        1.00e-08
 D3BJ dispersion energy:                -0.003214801

 -------------------------------------
  Running unrestricted open-shell SCF 
 -------------------------------------
 Max number of iterations:             128
 Conv. threshold (gradient):             1.00e-05
 Conv. threshold (energy):               1.00e-06
 Interpolation scheme:                   adiis+cdiis
 Initial guess:                          H0

 ---------------------------------------------------------------
                  energy        change          grad        time
 ---------------------------------------------------------------
   0     -1247.465736396                    6.78e+00        0.05
   1     -1242.741723837      4.72e+00      6.07e+00        0.03
   2     -1236.451968277      6.29e+00      6.60e+00        0.03
   3     -1306.011547827     -6.96e+01      2.36e+00        0.03
   4     -1304.439674634      1.57e+00      2.66e+00        0.03
   5     -1308.429771528     -3.99e+00      1.02e+00        0.03
   6     -1307.365566462      1.06e+00      1.49e+00        0.03
   7     -1308.857102644     -1.49e+00      3.33e-01        0.04
   8     -1308.874143804     -1.70e-02      3.16e-01        0.03
   9     -1308.897370333     -2.32e-02      1.11e-01        0.04
  10     -1308.901526960     -4.16e-03      1.31e-01        0.04
  11     -1308.904702085     -3.18e-03      8.00e-02        0.04
  12     -1308.907202024     -2.50e-03      9.86e-02        0.04
  13     -1308.913309625     -6.11e-03      2.41e-02        0.03
  14     -1308.913328910     -1.93e-05      1.79e-02        0.03
  15     -1308.914067883     -7.39e-04      6.72e-03        0.03
  16     -1308.914131834     -6.40e-05      4.20e-03        0.03
  17     -1308.914151169     -1.93e-05      2.11e-03        0.04
  18     -1308.914157288     -6.12e-06      7.52e-04        0.04
  19     -1308.914157719     -4.32e-07      1.92e-04        0.03
  20     -1308.914157767     -4.79e-08      1.30e-04        0.03
  21     -1308.914157775     -7.73e-09      3.63e-05        0.03
  22     -1308.914157777     -1.81e-09      3.84e-05        0.03
  23     -1308.914157778     -1.19e-09      3.65e-05        0.03
  24     -1308.914157774      3.76e-09      3.39e-05        0.03
  25     -1308.914157765      9.69e-09      1.70e-05        0.03
  26     -1308.914157762      2.55e-09      6.40e-06        0.03

 SCF converged in 26 iterations.


 --------------------------------
  Double Hybrid MP2 Contribution 
 --------------------------------
 Method:                                 pre_transformed_df
 Density-fitting basis set:              def2-tzvp-ri
 Opposite-spin scale factor:             0.470000000
 Same-spin scale factor:                 0.400000000

 Unrestricted MP2 calculation:           
 Core spatial orbitals:                 10
 Correlated alpha orbitals:             11
 Correlated beta orbitals:               8
 Virtual alpha orbitals:               122
 Virtual beta orbitals:                125

 Reference Energy:                   -1308.914157762
 Opposite spin contribution:            -0.183946926
 Same spin contribution:                -0.066436893
 Total scaled MP2 contribution:         -0.250383818

 Dipole moment (in Debye):              -0.000000      -0.000000      -3.624797

 Quadrupole moment (in Debye-Angstrom):
                  1            2            3
 1       -30.712428    -0.007273     0.000001
 2        -0.007273   -30.225285     0.000000
 3         0.000001     0.000000   -33.538893

 Spin-squared expectation <S^2>:         3.754
 Total spin quantum number S:            1.501
 TOTAL ENERGY:                       -1309.164541580

 --------------------------------------------------------------------------------

 End time:                               Wed Jun  2 11:50:45 2021
 Total wall-clock time:                  2.954 seconds
==================================================================================
