
================================================================================
          _____________ ________ _______________ ________     _________         
         / ___________// ______ \\_____   _____// ______ \   / ________)        
        / /_________  / /      \ \     | |     / /      \ \ | (_______          
       |  __________|| |        | |    | |    | |        | | \________ \        
        \ \_________ | |        | |    | |     \ \______/ /___________) |       
         \__________||_|        |_|    |_|      \________//____________/        
                                                                                
====================================[ Qcore ]===================================

 Git hash:   15a3e7daff0cda5fa9af010ccd19a80288182ecf
 Git date:   Fri, 16 Apr 2021 15:57:16 +0100
 Compiler:   GNU 9.1.0
 Build type: Release
 Version:    1.1.0

 Start time: Wed Jun  2 11:50:49 2021

 Data directory: /work/zw18965/.local/qcore/share/entos/1.1.0/data
 Number of threads: 24
 Number of threads was determined by: command line argument
  - More threads can be used by running 'qcore -n 32'

 --------------------------------------------------------------------------------
                                   command: dft                                  
 --------------------------------------------------------------------------------
 AO basis set:                           aug-cc-pvtz
 Number of AO basis functions:         139

 Formula:                                OTi
 Nuclear charge:                        30.000000000
 Total charge:                           0.000000000
 Number of electrons:                   30.000000000

 Number of alpha electrons:             16
 Number of beta electrons:              14
 Number of unpaired electrons:           2
 Spin:                                   2
 Multiplicity:                           triplet

 Theory:                                 dft
 Exchange-correlation functional:        0.29 b88 + 0.54 lyp
 Method for Coulomb:                     incore_df
 Method for exact exchange:              pre_transformed_df
 Integral threshold:                     1.00e-12
 DF basis set:                           def2-tzvp-jkfit(spdfghi)
 Number of DF basis functions:         341
 Schwarz screening threshold:            1.00e-10
 Coulomb fitting method:                 Cholesky
 Total number of grid points:        14736
 Method for AO orthogonalization:        symmetric
 Threshold for linear dependence:        1.00e-08
 D3BJ dispersion energy:                -0.001025105

 -------------------------------------
  Running unrestricted open-shell SCF 
 -------------------------------------
 Max number of iterations:             128
 Conv. threshold (gradient):             1.00e-05
 Conv. threshold (energy):               1.00e-06
 Interpolation scheme:                   adiis+cdiis
 Initial guess:                          H0

 ---------------------------------------------------------------
                  energy        change          grad        time
 ---------------------------------------------------------------
   0      -862.866960435                    9.45e+00        0.04
   1      -856.609020787      6.26e+00      8.75e+00        0.03
   2      -875.590849694     -1.90e+01      7.13e+00        0.03
   3      -921.567942745     -4.60e+01      3.25e+00        0.03
   4      -910.051840404      1.15e+01      6.82e+00        0.03
   5      -923.883757871     -1.38e+01      7.56e-01        0.03
   6      -923.791165209      9.26e-02      8.14e-01        0.03
   7      -924.027277194     -2.36e-01      1.05e-01        0.03
   8      -924.029992826     -2.72e-03      5.80e-02        0.03
   9      -924.029427132      5.66e-04      8.63e-02        0.03
  10      -924.031714026     -2.29e-03      8.64e-03        0.03
  11      -924.031848873     -1.35e-04      5.43e-03        0.03
  12      -924.031896140     -4.73e-05      2.85e-03        0.03
  13      -924.031915904     -1.98e-05      1.68e-03        0.03
  14      -924.031921169     -5.26e-06      1.12e-03        0.03
  15      -924.031922394     -1.23e-06      3.00e-04        0.03
  16      -924.031922533     -1.39e-07      2.02e-04        0.03
  17      -924.031922562     -2.87e-08      6.32e-05        0.03
  18      -924.031922567     -4.74e-09      2.30e-05        0.03
  19      -924.031922568     -8.08e-10      1.32e-05        0.03
  20      -924.031922568     -2.71e-10      5.78e-06        0.03

 SCF converged in 20 iterations.


 --------------------------------
  Double Hybrid MP2 Contribution 
 --------------------------------
 Method:                                 pre_transformed_df
 Density-fitting basis set:              def2-tzvp-ri
 Opposite-spin scale factor:             0.470000000
 Same-spin scale factor:                 0.400000000

 Unrestricted MP2 calculation:           
 Core spatial orbitals:                  6
 Correlated alpha orbitals:             10
 Correlated beta orbitals:               8
 Virtual alpha orbitals:               123
 Virtual beta orbitals:                125

 Reference Energy:                    -924.031922568
 Opposite spin contribution:            -0.237149230
 Same spin contribution:                -0.089899312
 Total scaled MP2 contribution:         -0.327048541

 Dipole moment (in Debye):               0.000000       0.000000      -4.181617

 Quadrupole moment (in Debye-Angstrom):
                  1            2            3
 1       -22.021869     0.000000    -0.000000
 2         0.000000   -22.021885    -0.000000
 3        -0.000000    -0.000000   -27.952961

 Spin-squared expectation <S^2>:         2.036
 Total spin quantum number S:            1.012
 TOTAL ENERGY:                        -924.358971110

 --------------------------------------------------------------------------------

 End time:                               Wed Jun  2 11:50:52 2021
 Total wall-clock time:                  2.441 seconds
==================================================================================
