
================================================================================
          _____________ ________ _______________ ________     _________         
         / ___________// ______ \\_____   _____// ______ \   / ________)        
        / /_________  / /      \ \     | |     / /      \ \ | (_______          
       |  __________|| |        | |    | |    | |        | | \________ \        
        \ \_________ | |        | |    | |     \ \______/ /___________) |       
         \__________||_|        |_|    |_|      \________//____________/        
                                                                                
====================================[ Qcore ]===================================

 Git hash:   15a3e7daff0cda5fa9af010ccd19a80288182ecf
 Git date:   Fri, 16 Apr 2021 15:57:16 +0100
 Compiler:   GNU 9.1.0
 Build type: Release
 Version:    1.1.0

 Start time: Wed Jun  2 11:50:56 2021

 Data directory: /work/zw18965/.local/qcore/share/entos/1.1.0/data
 Number of threads: 24
 Number of threads was determined by: command line argument
  - More threads can be used by running 'qcore -n 32'

 --------------------------------------------------------------------------------
                                   command: dft                                  
 --------------------------------------------------------------------------------
 AO basis set:                           aug-cc-pvtz
 Number of AO basis functions:         139

 Formula:                                FV
 Nuclear charge:                        32.000000000
 Total charge:                           0.000000000
 Number of electrons:                   32.000000000

 Number of alpha electrons:             18
 Number of beta electrons:              14
 Number of unpaired electrons:           4
 Spin:                                   4
 Multiplicity:                           quintet

 Theory:                                 dft
 Exchange-correlation functional:        0.29 b88 + 0.54 lyp
 Method for Coulomb:                     incore_df
 Method for exact exchange:              pre_transformed_df
 Integral threshold:                     1.00e-12
 DF basis set:                           def2-tzvp-jkfit(spdfghi)
 Number of DF basis functions:         341
 Schwarz screening threshold:            1.00e-10
 Coulomb fitting method:                 Cholesky
 Total number of grid points:        14664
 Method for AO orthogonalization:        symmetric
 Threshold for linear dependence:        1.00e-08
 D3BJ dispersion energy:                -0.000672278

 -------------------------------------
  Running unrestricted open-shell SCF 
 -------------------------------------
 Max number of iterations:             128
 Conv. threshold (gradient):             1.00e-05
 Conv. threshold (energy):               1.00e-06
 Interpolation scheme:                   adiis+cdiis
 Initial guess:                          H0

 ---------------------------------------------------------------
                  energy        change          grad        time
 ---------------------------------------------------------------
   0      -958.698833310                    1.74e+01        0.04
   1      -954.114474544      4.58e+00      8.77e+00        0.03
   2      -977.674805271     -2.36e+01      7.14e+00        0.03
   3     -1039.719310840     -6.20e+01      3.60e+00        0.03
   4     -1025.052921218      1.47e+01      6.46e+00        0.03
   5     -1042.909059897     -1.79e+01      9.47e-01        0.03
   6     -1042.843087687      6.60e-02      9.20e-01        0.03
   7     -1043.163057861     -3.20e-01      1.55e-01        0.03
   8     -1043.172353412     -9.30e-03      9.69e-02        0.03
   9     -1043.178891669     -6.54e-03      1.29e-01        0.03
  10     -1043.184276883     -5.39e-03      7.76e-02        0.03
  11     -1043.193253274     -8.98e-03      4.23e-02        0.03
  12     -1043.194057609     -8.04e-04      2.31e-02        0.03
  13     -1043.194725089     -6.67e-04      7.37e-03        0.03
  14     -1043.194744395     -1.93e-05      1.97e-03        0.03
  15     -1043.194748227     -3.83e-06      1.41e-03        0.03
  16     -1043.194749090     -8.63e-07      6.91e-04        0.03
  17     -1043.194749542     -4.52e-07      4.03e-04        0.03
  18     -1043.194749696     -1.53e-07      1.43e-04        0.03
  19     -1043.194749720     -2.43e-08      3.04e-05        0.03
  20     -1043.194749721     -7.93e-10      2.26e-05        0.03
  21     -1043.194749721     -3.93e-10      1.65e-05        0.02
  22     -1043.194749722     -3.30e-10      1.36e-05        0.02
  23     -1043.194749722     -3.55e-10      1.13e-05        0.03
  24     -1043.194749722     -4.10e-10      1.01e-05        0.03
  25     -1043.194749723     -2.92e-10      9.97e-06        0.03

 SCF converged in 25 iterations.


 --------------------------------
  Double Hybrid MP2 Contribution 
 --------------------------------
 Method:                                 pre_transformed_df
 Density-fitting basis set:              def2-tzvp-ri
 Opposite-spin scale factor:             0.470000000
 Same-spin scale factor:                 0.400000000

 Unrestricted MP2 calculation:           
 Core spatial orbitals:                  6
 Correlated alpha orbitals:             12
 Correlated beta orbitals:               8
 Virtual alpha orbitals:               121
 Virtual beta orbitals:                125

 Reference Energy:                   -1043.194749723
 Opposite spin contribution:            -0.224294651
 Same spin contribution:                -0.085518506
 Total scaled MP2 contribution:         -0.309813157

 Dipole moment (in Debye):               0.000001       0.000000      -3.214627

 Quadrupole moment (in Debye-Angstrom):
                  1            2            3
 1       -20.795509    -0.000001    -0.000001
 2        -0.000001   -20.795509    -0.000000
 3        -0.000001    -0.000000   -27.485559

 Spin-squared expectation <S^2>:         6.004
 Total spin quantum number S:            2.001
 TOTAL ENERGY:                       -1043.504562880

 --------------------------------------------------------------------------------

 End time:                               Wed Jun  2 11:50:59 2021
 Total wall-clock time:                  2.539 seconds
==================================================================================
