
================================================================================
          _____________ ________ _______________ ________     _________         
         / ___________// ______ \\_____   _____// ______ \   / ________)        
        / /_________  / /      \ \     | |     / /      \ \ | (_______          
       |  __________|| |        | |    | |    | |        | | \________ \        
        \ \_________ | |        | |    | |     \ \______/ /___________) |       
         \__________||_|        |_|    |_|      \________//____________/        
                                                                                
====================================[ Qcore ]===================================

 Git hash:   15a3e7daff0cda5fa9af010ccd19a80288182ecf
 Git date:   Fri, 16 Apr 2021 15:57:16 +0100
 Compiler:   GNU 9.1.0
 Build type: Release
 Version:    1.1.0

 Start time: Wed Jun  2 11:51:08 2021

 Data directory: /work/zw18965/.local/qcore/share/entos/1.1.0/data
 Number of threads: 24
 Number of threads was determined by: command line argument
  - More threads can be used by running 'qcore -n 32'

 --------------------------------------------------------------------------------
                                   command: dft                                  
 --------------------------------------------------------------------------------
 AO basis set:                           aug-cc-pvtz
 Number of AO basis functions:         143

 Formula:                                SV
 Nuclear charge:                        39.000000000
 Total charge:                           0.000000000
 Number of electrons:                   39.000000000

 Number of alpha electrons:             21
 Number of beta electrons:              18
 Number of unpaired electrons:           3
 Spin:                                   3
 Multiplicity:                           quartet

 Theory:                                 dft
 Exchange-correlation functional:        0.29 b88 + 0.54 lyp
 Method for Coulomb:                     incore_df
 Method for exact exchange:              pre_transformed_df
 Integral threshold:                     1.00e-12
 DF basis set:                           def2-tzvp-jkfit(spdfghi)
 Number of DF basis functions:         392
 Schwarz screening threshold:            1.00e-10
 Coulomb fitting method:                 Cholesky
 Total number of grid points:        15202
 Method for AO orthogonalization:        symmetric
 Threshold for linear dependence:        1.00e-08
 D3BJ dispersion energy:                -0.004326363

 -------------------------------------
  Running unrestricted open-shell SCF 
 -------------------------------------
 Max number of iterations:             128
 Conv. threshold (gradient):             1.00e-05
 Conv. threshold (energy):               1.00e-06
 Interpolation scheme:                   adiis+cdiis
 Initial guess:                          H0

 ---------------------------------------------------------------
                  energy        change          grad        time
 ---------------------------------------------------------------
   0     -1271.063588444                    1.49e+01        0.05
   1     -1263.286570660      7.78e+00      6.66e+00        0.03
   2     -1172.810380774      9.05e+01      1.28e+01        0.03
   3     -1323.227780289     -1.50e+02      7.39e+00        0.03
   4     -1336.153405984     -1.29e+01      3.72e+00        0.03
   5     -1339.862169132     -3.71e+00      2.21e+00        0.03
   6     -1340.976615066     -1.11e+00      1.19e+00        0.03
   7     -1341.272995040     -2.96e-01      4.48e-01        0.04
   8     -1341.316986592     -4.40e-02      4.82e-01        0.04
   9     -1341.357576901     -4.06e-02      1.20e-01        0.04
  10     -1341.357824751     -2.48e-04      2.42e-01        0.04
  11     -1341.367476591     -9.65e-03      5.15e-02        0.04
  12     -1341.368256596     -7.80e-04      1.17e-01        0.04
  13     -1341.371735986     -3.48e-03      8.82e-03        0.03
  14     -1341.371772438     -3.65e-05      4.30e-03        0.03
  15     -1341.371797635     -2.52e-05      1.42e-03        0.03
  16     -1341.371802272     -4.64e-06      8.21e-04        0.03
  17     -1341.371806203     -3.93e-06      7.96e-04        0.03
  18     -1341.371808453     -2.25e-06      2.61e-04        0.04
  19     -1341.371808673     -2.20e-07      1.31e-04        0.03
  20     -1341.371808702     -2.92e-08      6.48e-05        0.03
  21     -1341.371808714     -1.23e-08      4.61e-05        0.04
  22     -1341.371808718     -4.31e-09      1.71e-05        0.04
  23     -1341.371808719     -9.04e-10      5.46e-06        0.03

 SCF converged in 23 iterations.


 --------------------------------
  Double Hybrid MP2 Contribution 
 --------------------------------
 Method:                                 pre_transformed_df
 Density-fitting basis set:              def2-tzvp-ri
 Opposite-spin scale factor:             0.470000000
 Same-spin scale factor:                 0.400000000

 Unrestricted MP2 calculation:           
 Core spatial orbitals:                 10
 Correlated alpha orbitals:             11
 Correlated beta orbitals:               8
 Virtual alpha orbitals:               122
 Virtual beta orbitals:                125

 Reference Energy:                   -1341.371808719
 Opposite spin contribution:            -0.211179353
 Same spin contribution:                -0.089273416
 Total scaled MP2 contribution:         -0.300452769

 Dipole moment (in Debye):               0.000001       0.000001      -7.506125

 Quadrupole moment (in Debye-Angstrom):
                  1            2            3
 1       -30.178696    -0.000001    -0.000001
 2        -0.000001   -30.178696    -0.000001
 3        -0.000001    -0.000001   -24.855769

 Spin-squared expectation <S^2>:         3.917
 Total spin quantum number S:            1.541
 TOTAL ENERGY:                       -1341.672261488

 --------------------------------------------------------------------------------

 End time:                               Wed Jun  2 11:51:11 2021
 Total wall-clock time:                  2.595 seconds
==================================================================================
