
================================================================================
          _____________ ________ _______________ ________     _________         
         / ___________// ______ \\_____   _____// ______ \   / ________)        
        / /_________  / /      \ \     | |     / /      \ \ | (_______          
       |  __________|| |        | |    | |    | |        | | \________ \        
        \ \_________ | |        | |    | |     \ \______/ /___________) |       
         \__________||_|        |_|    |_|      \________//____________/        
                                                                                
====================================[ Qcore ]===================================

 Git hash:   15a3e7daff0cda5fa9af010ccd19a80288182ecf
 Git date:   Fri, 16 Apr 2021 15:57:16 +0100
 Compiler:   GNU 9.1.0
 Build type: Release
 Version:    1.1.0

 Start time: Wed Jun  2 11:51:16 2021

 Data directory: /work/zw18965/.local/qcore/share/entos/1.1.0/data
 Number of threads: 24
 Number of threads was determined by: command line argument
  - More threads can be used by running 'qcore -n 32'

 --------------------------------------------------------------------------------
                                   command: dft                                  
 --------------------------------------------------------------------------------
 AO basis set:                           aug-cc-pvtz
 Number of AO basis functions:         143

 Formula:                                ClCr
 Nuclear charge:                        41.000000000
 Total charge:                           0.000000000
 Number of electrons:                   41.000000000

 Number of alpha electrons:             23
 Number of beta electrons:              18
 Number of unpaired electrons:           5
 Spin:                                   5
 Multiplicity:                           septet

 Theory:                                 dft
 Exchange-correlation functional:        0.29 b88 + 0.54 lyp
 Method for Coulomb:                     incore_df
 Method for exact exchange:              pre_transformed_df
 Integral threshold:                     1.00e-12
 DF basis set:                           def2-tzvp-jkfit(spdfghi)
 Number of DF basis functions:         392
 Schwarz screening threshold:            1.00e-10
 Coulomb fitting method:                 Cholesky
 Total number of grid points:        15322
 Method for AO orthogonalization:        symmetric
 Threshold for linear dependence:        1.00e-08
 D3BJ dispersion energy:                -0.002714325

 -------------------------------------
  Running unrestricted open-shell SCF 
 -------------------------------------
 Max number of iterations:             128
 Conv. threshold (gradient):             1.00e-05
 Conv. threshold (energy):               1.00e-06
 Interpolation scheme:                   adiis+cdiis
 Initial guess:                          H0

 ---------------------------------------------------------------
                  energy        change          grad        time
 ---------------------------------------------------------------
   0     -1401.961798146                    1.31e+01        0.05
   1     -1402.949284912     -9.87e-01      7.36e+00        0.03
   2     -1294.722254237      1.08e+02      1.41e+01        0.03
   3     -1481.372229873     -1.87e+02      5.53e+00        0.03
   4     -1495.889300916     -1.45e+01      3.78e+00        0.03
   5     -1503.229940147     -7.34e+00      1.13e+00        0.03
   6     -1503.293106140     -6.32e-02      1.39e+00        0.03
   7     -1503.882764297     -5.90e-01      2.09e-01        0.03
   8     -1503.885220454     -2.46e-03      2.24e-01        0.04
   9     -1503.900483343     -1.53e-02      4.90e-02        0.04
  10     -1503.900802559     -3.19e-04      4.69e-02        0.04
  11     -1503.901620555     -8.18e-04      6.05e-03        0.03
  12     -1503.901662614     -4.21e-05      4.82e-03        0.03
  13     -1503.901695341     -3.27e-05      4.54e-03        0.03
  14     -1503.901737876     -4.25e-05      3.69e-03        0.03
  15     -1503.901784179     -4.63e-05      1.55e-03        0.03
  16     -1503.901792072     -7.89e-06      5.83e-04        0.03
  17     -1503.901792354     -2.83e-07      3.82e-04        0.03
  18     -1503.901792418     -6.34e-08      2.99e-04        0.03
  19     -1503.901792472     -5.42e-08      2.04e-04        0.03
  20     -1503.901792509     -3.74e-08      7.77e-05        0.03
  21     -1503.901792515     -5.64e-09      1.65e-05        0.04
  22     -1503.901792515     -4.82e-10      3.45e-06        0.03

 SCF converged in 22 iterations.


 --------------------------------
  Double Hybrid MP2 Contribution 
 --------------------------------
 Method:                                 pre_transformed_df
 Density-fitting basis set:              def2-tzvp-ri
 Opposite-spin scale factor:             0.470000000
 Same-spin scale factor:                 0.400000000

 Unrestricted MP2 calculation:           
 Core spatial orbitals:                 10
 Correlated alpha orbitals:             13
 Correlated beta orbitals:               8
 Virtual alpha orbitals:               120
 Virtual beta orbitals:                125

 Reference Energy:                   -1503.901792515
 Opposite spin contribution:            -0.212975093
 Same spin contribution:                -0.103848489
 Total scaled MP2 contribution:         -0.316823582

 Dipole moment (in Debye):               0.000000       0.000000      -6.291043

 Quadrupole moment (in Debye-Angstrom):
                  1            2            3
 1       -27.691158     0.000000    -0.000000
 2         0.000000   -27.691158    -0.000000
 3        -0.000000    -0.000000   -25.206695

 Spin-squared expectation <S^2>:         8.766
 Total spin quantum number S:            2.503
 TOTAL ENERGY:                       -1504.218616097

 --------------------------------------------------------------------------------

 End time:                               Wed Jun  2 11:51:18 2021
 Total wall-clock time:                  2.732 seconds
==================================================================================
