
================================================================================
          _____________ ________ _______________ ________     _________         
         / ___________// ______ \\_____   _____// ______ \   / ________)        
        / /_________  / /      \ \     | |     / /      \ \ | (_______          
       |  __________|| |        | |    | |    | |        | | \________ \        
        \ \_________ | |        | |    | |     \ \______/ /___________) |       
         \__________||_|        |_|    |_|      \________//____________/        
                                                                                
====================================[ Qcore ]===================================

 Git hash:   15a3e7daff0cda5fa9af010ccd19a80288182ecf
 Git date:   Fri, 16 Apr 2021 15:57:16 +0100
 Compiler:   GNU 9.1.0
 Build type: Release
 Version:    1.1.0

 Start time: Wed Jun  2 11:51:49 2021

 Data directory: /work/zw18965/.local/qcore/share/entos/1.1.0/data
 Number of threads: 24
 Number of threads was determined by: command line argument
  - More threads can be used by running 'qcore -n 32'

 --------------------------------------------------------------------------------
                                   command: dft                                  
 --------------------------------------------------------------------------------
 AO basis set:                           aug-cc-pvtz
 Number of AO basis functions:         139

 Formula:                                FFe
 Nuclear charge:                        35.000000000
 Total charge:                           0.000000000
 Number of electrons:                   35.000000000

 Number of alpha electrons:             20
 Number of beta electrons:              15
 Number of unpaired electrons:           5
 Spin:                                   5
 Multiplicity:                           septet

 Theory:                                 dft
 Exchange-correlation functional:        0.29 b88 + 0.54 lyp
 Method for Coulomb:                     incore_df
 Method for exact exchange:              pre_transformed_df
 Integral threshold:                     1.00e-12
 DF basis set:                           def2-tzvp-jkfit(spdfghi)
 Number of DF basis functions:         341
 Schwarz screening threshold:            1.00e-10
 Coulomb fitting method:                 Cholesky
 Total number of grid points:        14748
 Method for AO orthogonalization:        symmetric
 Threshold for linear dependence:        1.00e-08
 D3BJ dispersion energy:                -0.000490027

 -------------------------------------
  Running unrestricted open-shell SCF 
 -------------------------------------
 Max number of iterations:             128
 Conv. threshold (gradient):             1.00e-05
 Conv. threshold (energy):               1.00e-06
 Interpolation scheme:                   adiis+cdiis
 Initial guess:                          H0

 ---------------------------------------------------------------
                  energy        change          grad        time
 ---------------------------------------------------------------
   0     -1205.493877947                    1.58e+01        0.03
   1     -1210.316813027     -4.82e+00      1.03e+01        0.03
   2     -1275.677986463     -6.54e+01      1.34e+01        0.03
   3     -1354.920154546     -7.92e+01      5.57e+00        0.03
   4     -1343.733164819      1.12e+01      6.95e+00        0.02
   5     -1362.370723327     -1.86e+01      1.26e+00        0.03
   6     -1362.188511891      1.82e-01      1.64e+00        0.03
   7     -1362.816836863     -6.28e-01      1.63e-01        0.03
   8     -1362.820324161     -3.49e-03      1.34e-01        0.03
   9     -1362.822986357     -2.66e-03      6.11e-02        0.03
  10     -1362.823963510     -9.77e-04      3.56e-02        0.03
  11     -1362.824360667     -3.97e-04      2.98e-03        0.03
  12     -1362.824365358     -4.69e-06      7.49e-04        0.03
  13     -1362.824365678     -3.21e-07      1.81e-04        0.02
  14     -1362.824365707     -2.88e-08      7.10e-05        0.02
  15     -1362.824365710     -2.55e-09      1.58e-05        0.03
  16     -1362.824365710     -1.79e-10      4.77e-06        0.03

 SCF converged in 16 iterations.


 --------------------------------
  Double Hybrid MP2 Contribution 
 --------------------------------
 Method:                                 pre_transformed_df
 Density-fitting basis set:              def2-tzvp-ri
 Opposite-spin scale factor:             0.470000000
 Same-spin scale factor:                 0.400000000

 Unrestricted MP2 calculation:           
 Core spatial orbitals:                  6
 Correlated alpha orbitals:             14
 Correlated beta orbitals:               9
 Virtual alpha orbitals:               119
 Virtual beta orbitals:                124

 Reference Energy:                   -1362.824365710
 Opposite spin contribution:            -0.274619951
 Same spin contribution:                -0.115665064
 Total scaled MP2 contribution:         -0.390285015

 Dipole moment (in Debye):               0.000000       0.000000      -2.830871

 Quadrupole moment (in Debye-Angstrom):
                  1            2            3
 1       -18.851621    -0.210925     0.000000
 2        -0.210925   -18.851430     0.000000
 3         0.000000     0.000000   -27.873201

 Spin-squared expectation <S^2>:         8.754
 Total spin quantum number S:            2.501
 TOTAL ENERGY:                       -1363.214650725

 --------------------------------------------------------------------------------

 End time:                               Wed Jun  2 11:51:51 2021
 Total wall-clock time:                  2.345 seconds
==================================================================================
