
================================================================================
          _____________ ________ _______________ ________     _________         
         / ___________// ______ \\_____   _____// ______ \   / ________)        
        / /_________  / /      \ \     | |     / /      \ \ | (_______          
       |  __________|| |        | |    | |    | |        | | \________ \        
        \ \_________ | |        | |    | |     \ \______/ /___________) |       
         \__________||_|        |_|    |_|      \________//____________/        
                                                                                
====================================[ Qcore ]===================================

 Git hash:   15a3e7daff0cda5fa9af010ccd19a80288182ecf
 Git date:   Fri, 16 Apr 2021 15:57:16 +0100
 Compiler:   GNU 9.1.0
 Build type: Release
 Version:    1.1.0

 Start time: Wed Jun  2 11:51:51 2021

 Data directory: /work/zw18965/.local/qcore/share/entos/1.1.0/data
 Number of threads: 24
 Number of threads was determined by: command line argument
  - More threads can be used by running 'qcore -n 32'

 --------------------------------------------------------------------------------
                                   command: dft                                  
 --------------------------------------------------------------------------------
 AO basis set:                           aug-cc-pvtz
 Number of AO basis functions:         143

 Formula:                                ClFe
 Nuclear charge:                        43.000000000
 Total charge:                           0.000000000
 Number of electrons:                   43.000000000

 Number of alpha electrons:             24
 Number of beta electrons:              19
 Number of unpaired electrons:           5
 Spin:                                   5
 Multiplicity:                           septet

 Theory:                                 dft
 Exchange-correlation functional:        0.29 b88 + 0.54 lyp
 Method for Coulomb:                     incore_df
 Method for exact exchange:              pre_transformed_df
 Integral threshold:                     1.00e-12
 DF basis set:                           def2-tzvp-jkfit(spdfghi)
 Number of DF basis functions:         392
 Schwarz screening threshold:            1.00e-10
 Coulomb fitting method:                 Cholesky
 Total number of grid points:        15430
 Method for AO orthogonalization:        symmetric
 Threshold for linear dependence:        1.00e-08
 D3BJ dispersion energy:                -0.002256858

 -------------------------------------
  Running unrestricted open-shell SCF 
 -------------------------------------
 Max number of iterations:             128
 Conv. threshold (gradient):             1.00e-05
 Conv. threshold (energy):               1.00e-06
 Interpolation scheme:                   adiis+cdiis
 Initial guess:                          H0

 ---------------------------------------------------------------
                  energy        change          grad        time
 ---------------------------------------------------------------
   0     -1569.444420500                    1.63e+01        0.05
   1     -1567.763297847      1.68e+00      9.13e+00        0.03
   2     -1423.535974410      1.44e+02      1.74e+01        0.03
   3     -1697.222522487     -2.74e+02      7.42e+00        0.03
   4     -1703.606755873     -6.38e+00      6.03e+00        0.03
   5     -1722.436701091     -1.88e+01      1.15e+00        0.03
   6     -1722.508824189     -7.21e-02      1.01e+00        0.03
   7     -1723.051156725     -5.42e-01      1.85e-01        0.04
   8     -1723.064716876     -1.36e-02      1.02e-01        0.04
   9     -1723.068015517     -3.30e-03      7.08e-02        0.04
  10     -1723.069752874     -1.74e-03      3.68e-02        0.04
  11     -1723.070372613     -6.20e-04      4.14e-03        0.03
  12     -1723.070385231     -1.26e-05      1.82e-03        0.03
  13     -1723.070387053     -1.82e-06      5.71e-04        0.03
  14     -1723.070387302     -2.49e-07      1.26e-04        0.03
  15     -1723.070387319     -1.72e-08      3.74e-05        0.03
  16     -1723.070387321     -1.71e-09      8.38e-06        0.03

 SCF converged in 16 iterations.


 --------------------------------
  Double Hybrid MP2 Contribution 
 --------------------------------
 Method:                                 pre_transformed_df
 Density-fitting basis set:              def2-tzvp-ri
 Opposite-spin scale factor:             0.470000000
 Same-spin scale factor:                 0.400000000

 Unrestricted MP2 calculation:           
 Core spatial orbitals:                 10
 Correlated alpha orbitals:             14
 Correlated beta orbitals:               9
 Virtual alpha orbitals:               119
 Virtual beta orbitals:                124

 Reference Energy:                   -1723.070387321
 Opposite spin contribution:            -0.247873961
 Same spin contribution:                -0.105856094
 Total scaled MP2 contribution:         -0.353730055

 Dipole moment (in Debye):               0.000000       0.000000      -3.124925

 Quadrupole moment (in Debye-Angstrom):
                  1            2            3
 1       -27.739246    -0.226806     0.000000
 2        -0.226806   -27.738651     0.000000
 3         0.000000     0.000000   -34.147217

 Spin-squared expectation <S^2>:         8.756
 Total spin quantum number S:            2.501
 TOTAL ENERGY:                       -1723.424117376

 --------------------------------------------------------------------------------

 End time:                               Wed Jun  2 11:51:54 2021
 Total wall-clock time:                  2.555 seconds
==================================================================================
