
================================================================================
          _____________ ________ _______________ ________     _________         
         / ___________// ______ \\_____   _____// ______ \   / ________)        
        / /_________  / /      \ \     | |     / /      \ \ | (_______          
       |  __________|| |        | |    | |    | |        | | \________ \        
        \ \_________ | |        | |    | |     \ \______/ /___________) |       
         \__________||_|        |_|    |_|      \________//____________/        
                                                                                
====================================[ Qcore ]===================================

 Git hash:   15a3e7daff0cda5fa9af010ccd19a80288182ecf
 Git date:   Fri, 16 Apr 2021 15:57:16 +0100
 Compiler:   GNU 9.1.0
 Build type: Release
 Version:    1.1.0

 Start time: Wed Jun  2 11:51:54 2021

 Data directory: /work/zw18965/.local/qcore/share/entos/1.1.0/data
 Number of threads: 24
 Number of threads was determined by: command line argument
  - More threads can be used by running 'qcore -n 32'

 --------------------------------------------------------------------------------
                                   command: dft                                  
 --------------------------------------------------------------------------------
 AO basis set:                           aug-cc-pvtz
 Number of AO basis functions:         152

 Formula:                                FeBr
 Nuclear charge:                        61.000000000
 Total charge:                           0.000000000
 Number of electrons:                   61.000000000

 Number of alpha electrons:             33
 Number of beta electrons:              28
 Number of unpaired electrons:           5
 Spin:                                   5
 Multiplicity:                           septet

 Theory:                                 dft
 Exchange-correlation functional:        0.29 b88 + 0.54 lyp
 Method for Coulomb:                     incore_df
 Method for exact exchange:              pre_transformed_df
 Integral threshold:                     1.00e-12
 DF basis set:                           def2-tzvp-jkfit(spdfghi)
 Number of DF basis functions:         530
 Schwarz screening threshold:            1.00e-10
 Coulomb fitting method:                 Cholesky
 Total number of grid points:        16100
 Method for AO orthogonalization:        symmetric
 Threshold for linear dependence:        1.00e-08
 D3BJ dispersion energy:                -0.003311291

 -------------------------------------
  Running unrestricted open-shell SCF 
 -------------------------------------
 Max number of iterations:             128
 Conv. threshold (gradient):             1.00e-05
 Conv. threshold (energy):               1.00e-06
 Interpolation scheme:                   adiis+cdiis
 Initial guess:                          H0

 ---------------------------------------------------------------
                  energy        change          grad        time
 ---------------------------------------------------------------
   0     -3753.001549991                    9.60e+00        0.05
   1     -3720.644063722      3.24e+01      7.02e+00        0.04
   2     -3552.193200107      1.68e+02      1.17e+01        0.03
   3     -3816.712686926     -2.65e+02      8.87e+00        0.03
   4     -3821.674467094     -4.96e+00      5.15e+00        0.04
   5     -3831.590004898     -9.92e+00      5.19e+00        0.04
   6     -3835.632738882     -4.04e+00      1.89e+00        0.04
   7     -3836.480291323     -8.48e-01      5.58e-01        0.04
   8     -3836.525249085     -4.50e-02      3.17e-01        0.04
   9     -3836.563127684     -3.79e-02      2.19e-01        0.04
  10     -3836.568040793     -4.91e-03      1.34e-01        0.05
  11     -3836.574664569     -6.62e-03      4.97e-02        0.04
  12     -3836.574824199     -1.60e-04      3.55e-02        0.05
  13     -3836.575309715     -4.86e-04      2.23e-03        0.03
  14     -3836.575313216     -3.50e-06      7.69e-04        0.04
  15     -3836.575313574     -3.58e-07      2.14e-04        0.03
  16     -3836.575313611     -3.74e-08      6.35e-05        0.03
  17     -3836.575313615     -3.93e-09      1.75e-05        0.03
  18     -3836.575313616     -3.47e-10      4.47e-06        0.04

 SCF converged in 18 iterations.


 --------------------------------
  Double Hybrid MP2 Contribution 
 --------------------------------
 Method:                                 pre_transformed_df
 Density-fitting basis set:              def2-tzvp-ri
 Opposite-spin scale factor:             0.470000000
 Same-spin scale factor:                 0.400000000

 Unrestricted MP2 calculation:           
 Core spatial orbitals:                 14
 Correlated alpha orbitals:             19
 Correlated beta orbitals:              14
 Virtual alpha orbitals:               119
 Virtual beta orbitals:                124

 Reference Energy:                   -3836.575313616
 Opposite spin contribution:            -0.256416934
 Same spin contribution:                -0.114520354
 Total scaled MP2 contribution:         -0.370937287

 Dipole moment (in Debye):               0.000000       0.000000      -3.193870

 Quadrupole moment (in Debye-Angstrom):
                  1            2            3
 1       -33.934074    -0.234301    -0.000000
 2        -0.234301   -33.934069    -0.000000
 3        -0.000000    -0.000000   -36.967038

 Spin-squared expectation <S^2>:         8.756
 Total spin quantum number S:            2.501
 TOTAL ENERGY:                       -3836.946250903

 --------------------------------------------------------------------------------

 End time:                               Wed Jun  2 11:51:57 2021
 Total wall-clock time:                  3.337 seconds
==================================================================================
