
================================================================================
          _____________ ________ _______________ ________     _________         
         / ___________// ______ \\_____   _____// ______ \   / ________)        
        / /_________  / /      \ \     | |     / /      \ \ | (_______          
       |  __________|| |        | |    | |    | |        | | \________ \        
        \ \_________ | |        | |    | |     \ \______/ /___________) |       
         \__________||_|        |_|    |_|      \________//____________/        
                                                                                
====================================[ Qcore ]===================================

 Git hash:   15a3e7daff0cda5fa9af010ccd19a80288182ecf
 Git date:   Fri, 16 Apr 2021 15:57:16 +0100
 Compiler:   GNU 9.1.0
 Build type: Release
 Version:    1.1.0

 Start time: Wed Jun  2 11:52:07 2021

 Data directory: /work/zw18965/.local/qcore/share/entos/1.1.0/data
 Number of threads: 24
 Number of threads was determined by: command line argument
  - More threads can be used by running 'qcore -n 32'

 --------------------------------------------------------------------------------
                                   command: dft                                  
 --------------------------------------------------------------------------------
 AO basis set:                           aug-cc-pvtz
 Number of AO basis functions:         139

 Formula:                                FCo
 Nuclear charge:                        36.000000000
 Total charge:                           0.000000000
 Number of electrons:                   36.000000000

 Number of alpha electrons:             19
 Number of beta electrons:              17
 Number of unpaired electrons:           2
 Spin:                                   2
 Multiplicity:                           triplet

 Theory:                                 dft
 Exchange-correlation functional:        0.29 b88 + 0.54 lyp
 Method for Coulomb:                     incore_df
 Method for exact exchange:              pre_transformed_df
 Integral threshold:                     1.00e-12
 DF basis set:                           def2-tzvp-jkfit(spdfghi)
 Number of DF basis functions:         341
 Schwarz screening threshold:            1.00e-10
 Coulomb fitting method:                 Cholesky
 Total number of grid points:        14748
 Method for AO orthogonalization:        symmetric
 Threshold for linear dependence:        1.00e-08
 D3BJ dispersion energy:                -0.000482584

 -------------------------------------
  Running unrestricted open-shell SCF 
 -------------------------------------
 Max number of iterations:             128
 Conv. threshold (gradient):             1.00e-05
 Conv. threshold (energy):               1.00e-06
 Interpolation scheme:                   adiis+cdiis
 Initial guess:                          H0

 ---------------------------------------------------------------
                  energy        change          grad        time
 ---------------------------------------------------------------
   0     -1300.522603111                    1.60e+01        0.04
   1     -1303.855414305     -3.33e+00      1.07e+01        0.03
   2     -1389.359913224     -8.55e+01      1.44e+01        0.03
   3     -1468.808569307     -7.94e+01      6.25e+00        0.03
   4     -1470.288424224     -1.48e+00      4.44e+00        0.03
   5     -1481.500640230     -1.12e+01      9.51e-01        0.02
   6     -1481.446521210      5.41e-02      1.17e+00        0.03
   7     -1481.738232396     -2.92e-01      1.17e-01        0.03
   8     -1481.740525289     -2.29e-03      1.96e-01        0.03
   9     -1481.743367925     -2.84e-03      1.39e-01        0.03
  10     -1481.747881404     -4.51e-03      1.46e-01        0.04
  11     -1481.749307022     -1.43e-03      1.65e-01        0.04
  12     -1481.753407233     -4.10e-03      2.00e-01        0.04
  13     -1481.758496131     -5.09e-03      1.77e-01        0.03
  14     -1481.761039249     -2.54e-03      2.88e-01        0.03
  15     -1481.771156784     -1.01e-02      1.91e-01        0.04
  16     -1481.777538246     -6.38e-03      2.51e-01        0.04
  17     -1481.780500559     -2.96e-03      2.54e-01        0.04
  18     -1481.792845722     -1.23e-02      1.62e-01        0.04
  19     -1481.796534623     -3.69e-03      1.36e-01        0.04
  20     -1481.798230820     -1.70e-03      1.42e-01        0.04
  21     -1481.802872348     -4.64e-03      6.84e-02        0.04
  22     -1481.803859659     -9.87e-04      7.04e-02        0.04
  23     -1481.806065275     -2.21e-03      2.54e-02        0.03
  24     -1481.806135626     -7.04e-05      9.66e-03        0.03
  25     -1481.806097534      3.81e-05      2.10e-02        0.03
  26     -1481.806235842     -1.38e-04      1.69e-03        0.02
  27     -1481.806239428     -3.59e-06      1.06e-03        0.03
  28     -1481.806240744     -1.32e-06      3.06e-04        0.02
  29     -1481.806240882     -1.38e-07      8.55e-05        0.03
  30     -1481.806240890     -8.46e-09      2.41e-05        0.03
  31     -1481.806240891     -9.86e-10      8.99e-06        0.03

 SCF converged in 31 iterations.


 --------------------------------
  Double Hybrid MP2 Contribution 
 --------------------------------
 Method:                                 pre_transformed_df
 Density-fitting basis set:              def2-tzvp-ri
 Opposite-spin scale factor:             0.470000000
 Same-spin scale factor:                 0.400000000

 Unrestricted MP2 calculation:           
 Core spatial orbitals:                  6
 Correlated alpha orbitals:             13
 Correlated beta orbitals:              11
 Virtual alpha orbitals:               120
 Virtual beta orbitals:                122

 Reference Energy:                   -1481.806240891
 Opposite spin contribution:            -0.310282003
 Same spin contribution:                -0.122913718
 Total scaled MP2 contribution:         -0.433195721

 Dipole moment (in Debye):              -0.000000       0.000001      -3.246502

 Quadrupole moment (in Debye-Angstrom):
                  1            2            3
 1       -19.025169    -0.000001     0.000000
 2        -0.000001   -19.025185    -0.000001
 3         0.000000    -0.000001   -26.054518

 Spin-squared expectation <S^2>:         2.938
 Total spin quantum number S:            1.285
 TOTAL ENERGY:                       -1482.239436612

 --------------------------------------------------------------------------------

 End time:                               Wed Jun  2 11:52:10 2021
 Total wall-clock time:                  2.828 seconds
==================================================================================
