
================================================================================
          _____________ ________ _______________ ________     _________         
         / ___________// ______ \\_____   _____// ______ \   / ________)        
        / /_________  / /      \ \     | |     / /      \ \ | (_______          
       |  __________|| |        | |    | |    | |        | | \________ \        
        \ \_________ | |        | |    | |     \ \______/ /___________) |       
         \__________||_|        |_|    |_|      \________//____________/        
                                                                                
====================================[ Qcore ]===================================

 Git hash:   15a3e7daff0cda5fa9af010ccd19a80288182ecf
 Git date:   Fri, 16 Apr 2021 15:57:16 +0100
 Compiler:   GNU 9.1.0
 Build type: Release
 Version:    1.1.0

 Start time: Wed Jun  2 11:52:18 2021

 Data directory: /work/zw18965/.local/qcore/share/entos/1.1.0/data
 Number of threads: 24
 Number of threads was determined by: command line argument
  - More threads can be used by running 'qcore -n 32'

 --------------------------------------------------------------------------------
                                   command: dft                                  
 --------------------------------------------------------------------------------
 AO basis set:                           aug-cc-pvtz
 Number of AO basis functions:         139

 Formula:                                OCo
 Nuclear charge:                        35.000000000
 Total charge:                           0.000000000
 Number of electrons:                   35.000000000

 Number of alpha electrons:             19
 Number of beta electrons:              16
 Number of unpaired electrons:           3
 Spin:                                   3
 Multiplicity:                           quartet

 Theory:                                 dft
 Exchange-correlation functional:        0.29 b88 + 0.54 lyp
 Method for Coulomb:                     incore_df
 Method for exact exchange:              pre_transformed_df
 Integral threshold:                     1.00e-12
 DF basis set:                           def2-tzvp-jkfit(spdfghi)
 Number of DF basis functions:         341
 Schwarz screening threshold:            1.00e-10
 Coulomb fitting method:                 Cholesky
 Total number of grid points:        14880
 Method for AO orthogonalization:        symmetric
 Threshold for linear dependence:        1.00e-08
 D3BJ dispersion energy:                -0.000719397

 -------------------------------------
  Running unrestricted open-shell SCF 
 -------------------------------------
 Max number of iterations:             128
 Conv. threshold (gradient):             1.00e-05
 Conv. threshold (energy):               1.00e-06
 Interpolation scheme:                   adiis+cdiis
 Initial guess:                          H0

 ---------------------------------------------------------------
                  energy        change          grad        time
 ---------------------------------------------------------------
   0     -1301.690827205                    1.76e+01        0.03
   1     -1302.038477142     -3.48e-01      9.55e+00        0.03
   2     -1379.545277104     -7.75e+01      1.50e+01        0.03
   3     -1450.446862850     -7.09e+01      5.49e+00        0.03
   4     -1442.576028847      7.87e+00      5.62e+00        0.03
   5     -1456.673903646     -1.41e+01      1.40e+00        0.03
   6     -1453.680854405      2.99e+00      2.33e+00        0.03
   7     -1456.930262970     -3.25e+00      9.03e-01        0.03
   8     -1457.060315387     -1.30e-01      4.46e-01        0.03
   9     -1457.085485018     -2.52e-02      2.70e-01        0.03
  10     -1457.101508849     -1.60e-02      1.37e-01        0.04
  11     -1457.102928660     -1.42e-03      1.02e-01        0.03
  12     -1457.105508968     -2.58e-03      3.33e-02        0.04
  13     -1457.105560467     -5.15e-05      3.33e-02        0.03
  14     -1457.106083598     -5.23e-04      1.22e-02        0.03
  15     -1457.105912651      1.71e-04      1.28e-02        0.02
  16     -1457.105475518      4.37e-04      9.34e-03        0.03
  17     -1457.105465547      9.97e-06      3.49e-03        0.03
  18     -1457.105473942     -8.39e-06      2.40e-03        0.03
  19     -1457.105479084     -5.14e-06      7.39e-04        0.02
  20     -1457.105479108     -2.39e-08      1.50e-04        0.02
  21     -1457.105479147     -3.81e-08      1.06e-04        0.02
  22     -1457.105479165     -1.85e-08      4.78e-05        0.03
  23     -1457.105479169     -3.75e-09      2.54e-05        0.02
  24     -1457.105479169     -5.03e-10      1.44e-05        0.02
  25     -1457.105479169     -9.48e-11      5.38e-06        0.03

 SCF converged in 25 iterations.


 --------------------------------
  Double Hybrid MP2 Contribution 
 --------------------------------
 Method:                                 pre_transformed_df
 Density-fitting basis set:              def2-tzvp-ri
 Opposite-spin scale factor:             0.470000000
 Same-spin scale factor:                 0.400000000

 Unrestricted MP2 calculation:           
 Core spatial orbitals:                  6
 Correlated alpha orbitals:             13
 Correlated beta orbitals:              10
 Virtual alpha orbitals:               120
 Virtual beta orbitals:                123

 Reference Energy:                   -1457.105479169
 Opposite spin contribution:            -0.345885944
 Same spin contribution:                -0.141642835
 Total scaled MP2 contribution:         -0.487528780

 Dipole moment (in Debye):              -0.000000      -0.000000      -7.022453

 Quadrupole moment (in Debye-Angstrom):
                  1            2            3
 1       -19.340289    -0.000000    -0.000000
 2        -0.000000   -19.340289    -0.000000
 3        -0.000000    -0.000000   -21.445901

 Spin-squared expectation <S^2>:         3.782
 Total spin quantum number S:            1.508
 TOTAL ENERGY:                       -1457.593007949

 --------------------------------------------------------------------------------

 End time:                               Wed Jun  2 11:52:20 2021
 Total wall-clock time:                  2.549 seconds
==================================================================================
