
================================================================================
          _____________ ________ _______________ ________     _________         
         / ___________// ______ \\_____   _____// ______ \   / ________)        
        / /_________  / /      \ \     | |     / /      \ \ | (_______          
       |  __________|| |        | |    | |    | |        | | \________ \        
        \ \_________ | |        | |    | |     \ \______/ /___________) |       
         \__________||_|        |_|    |_|      \________//____________/        
                                                                                
====================================[ Qcore ]===================================

 Git hash:   15a3e7daff0cda5fa9af010ccd19a80288182ecf
 Git date:   Fri, 16 Apr 2021 15:57:16 +0100
 Compiler:   GNU 9.1.0
 Build type: Release
 Version:    1.1.0

 Start time: Wed Jun  2 11:52:20 2021

 Data directory: /work/zw18965/.local/qcore/share/entos/1.1.0/data
 Number of threads: 24
 Number of threads was determined by: command line argument
  - More threads can be used by running 'qcore -n 32'

 --------------------------------------------------------------------------------
                                   command: dft                                  
 --------------------------------------------------------------------------------
 AO basis set:                           aug-cc-pvtz
 Number of AO basis functions:         143

 Formula:                                SCo
 Nuclear charge:                        43.000000000
 Total charge:                           0.000000000
 Number of electrons:                   43.000000000

 Number of alpha electrons:             23
 Number of beta electrons:              20
 Number of unpaired electrons:           3
 Spin:                                   3
 Multiplicity:                           quartet

 Theory:                                 dft
 Exchange-correlation functional:        0.29 b88 + 0.54 lyp
 Method for Coulomb:                     incore_df
 Method for exact exchange:              pre_transformed_df
 Integral threshold:                     1.00e-12
 DF basis set:                           def2-tzvp-jkfit(spdfghi)
 Number of DF basis functions:         392
 Schwarz screening threshold:            1.00e-10
 Coulomb fitting method:                 Cholesky
 Total number of grid points:        15286
 Method for AO orthogonalization:        symmetric
 Threshold for linear dependence:        1.00e-08
 D3BJ dispersion energy:                -0.002867440

 -------------------------------------
  Running unrestricted open-shell SCF 
 -------------------------------------
 Max number of iterations:             128
 Conv. threshold (gradient):             1.00e-05
 Conv. threshold (energy):               1.00e-06
 Interpolation scheme:                   adiis+cdiis
 Initial guess:                          H0

 ---------------------------------------------------------------
                  energy        change          grad        time
 ---------------------------------------------------------------
   0     -1626.396014928                    1.94e+01        0.05
   1     -1621.271829626      5.12e+00      8.73e+00        0.03
   2     -1507.792799752      1.13e+02      1.78e+01        0.03
   3     -1761.005162693     -2.53e+02      7.06e+00        0.03
   4     -1754.778762340      6.23e+00      6.56e+00        0.03
   5     -1779.539398696     -2.48e+01      8.48e-01        0.03
   6     -1779.005318719      5.34e-01      1.45e+00        0.04
   7     -1779.928315457     -9.23e-01      4.39e-01        0.03
   8     -1779.834990532      9.33e-02      6.00e-01        0.03
   9     -1779.970647232     -1.36e-01      8.78e-02        0.04
  10     -1779.967979582      2.67e-03      1.85e-01        0.04
  11     -1779.976856894     -8.88e-03      2.22e-02        0.04
  12     -1779.977344773     -4.88e-04      1.04e-02        0.03
  13     -1779.977540920     -1.96e-04      7.55e-03        0.03
  14     -1779.977642058     -1.01e-04      3.98e-03        0.03
  15     -1779.977703530     -6.15e-05      2.39e-03        0.03
  16     -1779.977722734     -1.92e-05      1.36e-03        0.03
  17     -1779.977726138     -3.40e-06      4.19e-04        0.04
  18     -1779.977726838     -7.01e-07      4.25e-04        0.03
  19     -1779.977727073     -2.35e-07      2.18e-04        0.03
  20     -1779.977727180     -1.06e-07      2.16e-04        0.03
  21     -1779.977727223     -4.27e-08      2.34e-04        0.03
  22     -1779.977727159      6.34e-08      1.87e-04        0.03
  23     -1779.977727094      6.49e-08      9.02e-05        0.03
  24     -1779.977727086      8.19e-09      2.29e-05        0.03
  25     -1779.977727086     -2.31e-10      1.16e-05        0.03
  26     -1779.977727086     -1.90e-10      1.04e-05        0.04
  27     -1779.977727087     -1.41e-10      9.49e-06        0.05

 SCF converged in 27 iterations.


 --------------------------------
  Double Hybrid MP2 Contribution 
 --------------------------------
 Method:                                 pre_transformed_df
 Density-fitting basis set:              def2-tzvp-ri
 Opposite-spin scale factor:             0.470000000
 Same-spin scale factor:                 0.400000000

 Unrestricted MP2 calculation:           
 Core spatial orbitals:                 10
 Correlated alpha orbitals:             13
 Correlated beta orbitals:              10
 Virtual alpha orbitals:               120
 Virtual beta orbitals:                123

 Reference Energy:                   -1779.977727087
 Opposite spin contribution:            -0.307008756
 Same spin contribution:                -0.130323255
 Total scaled MP2 contribution:         -0.437332012

 Dipole moment (in Debye):              -0.000018      -0.000018      -7.090463

 Quadrupole moment (in Debye-Angstrom):
                  1            2            3
 1       -28.734818    -0.000000     0.000063
 2        -0.000000   -28.734818     0.000063
 3         0.000063     0.000063   -24.415925

 Spin-squared expectation <S^2>:         3.836
 Total spin quantum number S:            1.521
 TOTAL ENERGY:                       -1780.415059098

 --------------------------------------------------------------------------------

 End time:                               Wed Jun  2 11:52:24 2021
 Total wall-clock time:                  3.020 seconds
==================================================================================
