
================================================================================
          _____________ ________ _______________ ________     _________         
         / ___________// ______ \\_____   _____// ______ \   / ________)        
        / /_________  / /      \ \     | |     / /      \ \ | (_______          
       |  __________|| |        | |    | |    | |        | | \________ \        
        \ \_________ | |        | |    | |     \ \______/ /___________) |       
         \__________||_|        |_|    |_|      \________//____________/        
                                                                                
====================================[ Qcore ]===================================

 Git hash:   15a3e7daff0cda5fa9af010ccd19a80288182ecf
 Git date:   Fri, 16 Apr 2021 15:57:16 +0100
 Compiler:   GNU 9.1.0
 Build type: Release
 Version:    1.1.0

 Start time: Wed Jun  2 11:52:30 2021

 Data directory: /work/zw18965/.local/qcore/share/entos/1.1.0/data
 Number of threads: 24
 Number of threads was determined by: command line argument
  - More threads can be used by running 'qcore -n 32'

 --------------------------------------------------------------------------------
                                   command: dft                                  
 --------------------------------------------------------------------------------
 AO basis set:                           aug-cc-pvtz
 Number of AO basis functions:         143

 Formula:                                ClNi
 Nuclear charge:                        45.000000000
 Total charge:                           0.000000000
 Number of electrons:                   45.000000000

 Number of alpha electrons:             23
 Number of beta electrons:              22
 Number of unpaired electrons:           1
 Spin:                                   1
 Multiplicity:                           doublet

 Theory:                                 dft
 Exchange-correlation functional:        0.29 b88 + 0.54 lyp
 Method for Coulomb:                     incore_df
 Method for exact exchange:              pre_transformed_df
 Integral threshold:                     1.00e-12
 DF basis set:                           def2-tzvp-jkfit(spdfghi)
 Number of DF basis functions:         392
 Schwarz screening threshold:            1.00e-10
 Coulomb fitting method:                 Cholesky
 Total number of grid points:        15430
 Method for AO orthogonalization:        symmetric
 Threshold for linear dependence:        1.00e-08
 D3BJ dispersion energy:                -0.002276988

 -------------------------------------
  Running unrestricted open-shell SCF 
 -------------------------------------
 Max number of iterations:             128
 Conv. threshold (gradient):             1.00e-05
 Conv. threshold (energy):               1.00e-06
 Interpolation scheme:                   adiis+cdiis
 Initial guess:                          H0

 ---------------------------------------------------------------
                  energy        change          grad        time
 ---------------------------------------------------------------
   0     -1762.403753337                    1.84e+01        0.05
   1     -1767.021954204     -4.62e+00      9.62e+00        0.03
   2     -1639.365994209      1.28e+02      1.77e+01        0.03
   3     -1944.233947807     -3.05e+02      8.46e+00        0.03
   4     -1931.933406295      1.23e+01      6.77e+00        0.03
   5     -1966.672200059     -3.47e+01      1.11e+00        0.03
   6     -1964.353965579      2.32e+00      3.06e+00        0.03
   7     -1967.507028292     -3.15e+00      3.75e-01        0.03
   8     -1967.543623495     -3.66e-02      2.44e-01        0.04
   9     -1967.565781900     -2.22e-02      1.06e-01        0.04
  10     -1967.562657953      3.12e-03      1.90e-01        0.04
  11     -1967.570217904     -7.56e-03      1.93e-02        0.04
  12     -1967.570401763     -1.84e-04      1.68e-02        0.04
  13     -1967.570512753     -1.11e-04      9.08e-03        0.03
  14     -1967.570587630     -7.49e-05      6.74e-03        0.03
  15     -1967.570663835     -7.62e-05      4.64e-03        0.03
  16     -1967.570706020     -4.22e-05      3.11e-03        0.03
  17     -1967.570723316     -1.73e-05      1.56e-03        0.03
  18     -1967.570726932     -3.62e-06      1.52e-03        0.03
  19     -1967.570728880     -1.95e-06      1.47e-03        0.04
  20     -1967.570731058     -2.18e-06      1.48e-03        0.03
  21     -1967.570740213     -9.16e-06      1.46e-03        0.03
  22     -1967.570769863     -2.96e-05      1.41e-03        0.03
  23     -1967.570770523     -6.61e-07      1.40e-03        0.03
  24     -1967.570860500     -9.00e-05      8.96e-03        0.03
  25     -1967.570840001      2.05e-05      3.14e-03        0.03
  26     -1967.570860283     -2.03e-05      1.75e-02        0.03
  27     -1967.570850686      9.60e-06      1.95e-02        0.03
  28     -1967.570851311     -6.25e-07      1.93e-02        0.03
  29     -1967.570855156     -3.84e-06      1.85e-02        0.03
  30     -1967.570875230     -2.01e-05      1.34e-02        0.03
  31     -1967.570879724     -4.49e-06      1.38e-02        0.04
  32     -1967.570904751     -2.50e-05      2.76e-03        0.03
  33     -1967.570908208     -3.46e-06      6.94e-03        0.03
  34     -1967.570915560     -7.35e-06      1.34e-03        0.03
  35     -1967.570916199     -6.39e-07      9.54e-04        0.03
  36     -1967.570916350     -1.51e-07      2.07e-05        0.03
  37     -1967.570916350     -2.16e-10      2.86e-05        0.03
  38     -1967.570916350     -2.18e-11      2.05e-05        0.03
  39     -1967.570916350     -9.21e-11      1.09e-05        0.03
  40     -1967.570916350     -1.23e-11      5.79e-06        0.03

 SCF converged in 40 iterations.


 --------------------------------
  Double Hybrid MP2 Contribution 
 --------------------------------
 Method:                                 pre_transformed_df
 Density-fitting basis set:              def2-tzvp-ri
 Opposite-spin scale factor:             0.470000000
 Same-spin scale factor:                 0.400000000

 Unrestricted MP2 calculation:           
 Core spatial orbitals:                 10
 Correlated alpha orbitals:             13
 Correlated beta orbitals:              12
 Virtual alpha orbitals:               120
 Virtual beta orbitals:                121

 Reference Energy:                   -1967.570916350
 Opposite spin contribution:            -0.358465409
 Same spin contribution:                -0.146023738
 Total scaled MP2 contribution:         -0.504489147

 Dipole moment (in Debye):               0.000001       0.000001      -5.952623

 Quadrupole moment (in Debye-Angstrom):
                  1            2            3
 1       -25.797077    -0.000009    -0.000002
 2        -0.000009   -25.797077    -0.000002
 3        -0.000002    -0.000002   -24.605062

 Spin-squared expectation <S^2>:         0.786
 Total spin quantum number S:            0.518
 TOTAL ENERGY:                       -1968.075405497

 --------------------------------------------------------------------------------

 End time:                               Wed Jun  2 11:52:33 2021
 Total wall-clock time:                  3.235 seconds
==================================================================================
