
================================================================================
          _____________ ________ _______________ ________     _________         
         / ___________// ______ \\_____   _____// ______ \   / ________)        
        / /_________  / /      \ \     | |     / /      \ \ | (_______          
       |  __________|| |        | |    | |    | |        | | \________ \        
        \ \_________ | |        | |    | |     \ \______/ /___________) |       
         \__________||_|        |_|    |_|      \________//____________/        
                                                                                
====================================[ Qcore ]===================================

 Git hash:   15a3e7daff0cda5fa9af010ccd19a80288182ecf
 Git date:   Fri, 16 Apr 2021 15:57:16 +0100
 Compiler:   GNU 9.1.0
 Build type: Release
 Version:    1.1.0

 Start time: Wed Jun  2 11:52:33 2021

 Data directory: /work/zw18965/.local/qcore/share/entos/1.1.0/data
 Number of threads: 24
 Number of threads was determined by: command line argument
  - More threads can be used by running 'qcore -n 32'

 --------------------------------------------------------------------------------
                                   command: dft                                  
 --------------------------------------------------------------------------------
 AO basis set:                           aug-cc-pvtz
 Number of AO basis functions:         152

 Formula:                                NiBr
 Nuclear charge:                        63.000000000
 Total charge:                           0.000000000
 Number of electrons:                   63.000000000

 Number of alpha electrons:             32
 Number of beta electrons:              31
 Number of unpaired electrons:           1
 Spin:                                   1
 Multiplicity:                           doublet

 Theory:                                 dft
 Exchange-correlation functional:        0.29 b88 + 0.54 lyp
 Method for Coulomb:                     incore_df
 Method for exact exchange:              pre_transformed_df
 Integral threshold:                     1.00e-12
 DF basis set:                           def2-tzvp-jkfit(spdfghi)
 Number of DF basis functions:         530
 Schwarz screening threshold:            1.00e-10
 Coulomb fitting method:                 Cholesky
 Total number of grid points:        16100
 Method for AO orthogonalization:        symmetric
 Threshold for linear dependence:        1.00e-08
 D3BJ dispersion energy:                -0.003373247

 -------------------------------------
  Running unrestricted open-shell SCF 
 -------------------------------------
 Max number of iterations:             128
 Conv. threshold (gradient):             1.00e-05
 Conv. threshold (energy):               1.00e-06
 Interpolation scheme:                   adiis+cdiis
 Initial guess:                          H0

 ---------------------------------------------------------------
                  energy        change          grad        time
 ---------------------------------------------------------------
   0     -3994.777104443                    1.08e+01        0.06
   1     -3816.678569217      1.78e+02      2.12e+01        0.03
   2     -4024.773610736     -2.08e+02      1.22e+01        0.03
   3     -4025.963955674     -1.19e+00      1.29e+01        0.04
   4     -4029.310883549     -3.35e+00      1.82e+01        0.04
   5     -4076.287494092     -4.70e+01      2.87e+00        0.03
   6     -4048.980303516      2.73e+01      6.03e+00        0.04
   7     -4080.086293539     -3.11e+01      2.12e+00        0.04
   8     -4080.158423671     -7.21e-02      2.11e+00        0.04
   9     -4081.026063473     -8.68e-01      3.23e-01        0.04
  10     -4081.036280498     -1.02e-02      3.04e-01        0.04
  11     -4081.058653549     -2.24e-02      2.71e-01        0.04
  12     -4081.072708419     -1.41e-02      1.18e-01        0.05
  13     -4081.074898862     -2.19e-03      1.09e-01        0.04
  14     -4081.077578834     -2.68e-03      3.34e-02        0.04
  15     -4081.077476074      1.03e-04      4.82e-02        0.05
  16     -4081.078076540     -6.00e-04      2.37e-03        0.04
  17     -4081.078079675     -3.13e-06      1.29e-03        0.03
  18     -4081.078080464     -7.89e-07      5.87e-04        0.03
  19     -4081.078080704     -2.40e-07      3.30e-04        0.03
  20     -4081.078080801     -9.73e-08      1.99e-04        0.05
  21     -4081.078080847     -4.60e-08      1.20e-04        0.04
  22     -4081.078080862     -1.44e-08      6.11e-05        0.03
  23     -4081.078080865     -3.81e-09      2.19e-05        0.04
  24     -4081.078080866     -5.97e-10      9.58e-06        0.03

 SCF converged in 24 iterations.


 --------------------------------
  Double Hybrid MP2 Contribution 
 --------------------------------
 Method:                                 pre_transformed_df
 Density-fitting basis set:              def2-tzvp-ri
 Opposite-spin scale factor:             0.470000000
 Same-spin scale factor:                 0.400000000

 Unrestricted MP2 calculation:           
 Core spatial orbitals:                 14
 Correlated alpha orbitals:             18
 Correlated beta orbitals:              17
 Virtual alpha orbitals:               120
 Virtual beta orbitals:                121

 Reference Energy:                   -4081.078080866
 Opposite spin contribution:            -0.366619616
 Same spin contribution:                -0.154998729
 Total scaled MP2 contribution:         -0.521618344

 Dipole moment (in Debye):              -0.000000      -0.000000      -5.895964

 Quadrupole moment (in Debye-Angstrom):
                  1            2            3
 1       -32.316236     0.046183     0.000000
 2         0.046183   -31.474830     0.000000
 3         0.000000     0.000000   -24.611665

 Spin-squared expectation <S^2>:         0.757
 Total spin quantum number S:            0.503
 TOTAL ENERGY:                       -4081.599699210

 --------------------------------------------------------------------------------

 End time:                               Wed Jun  2 11:52:37 2021
 Total wall-clock time:                  3.437 seconds
==================================================================================
