
================================================================================
          _____________ ________ _______________ ________     _________         
         / ___________// ______ \\_____   _____// ______ \   / ________)        
        / /_________  / /      \ \     | |     / /      \ \ | (_______          
       |  __________|| |        | |    | |    | |        | | \________ \        
        \ \_________ | |        | |    | |     \ \______/ /___________) |       
         \__________||_|        |_|    |_|      \________//____________/        
                                                                                
====================================[ Qcore ]===================================

 Git hash:   15a3e7daff0cda5fa9af010ccd19a80288182ecf
 Git date:   Fri, 16 Apr 2021 15:57:16 +0100
 Compiler:   GNU 9.1.0
 Build type: Release
 Version:    1.1.0

 Start time: Wed Jun  2 11:52:37 2021

 Data directory: /work/zw18965/.local/qcore/share/entos/1.1.0/data
 Number of threads: 24
 Number of threads was determined by: command line argument
  - More threads can be used by running 'qcore -n 32'

 --------------------------------------------------------------------------------
                                   command: dft                                  
 --------------------------------------------------------------------------------
 AO basis set:                           aug-cc-pvtz
 Number of AO basis functions:         139

 Formula:                                ONi
 Nuclear charge:                        36.000000000
 Total charge:                           0.000000000
 Number of electrons:                   36.000000000

 Number of alpha electrons:             19
 Number of beta electrons:              17
 Number of unpaired electrons:           2
 Spin:                                   2
 Multiplicity:                           triplet

 Theory:                                 dft
 Exchange-correlation functional:        0.29 b88 + 0.54 lyp
 Method for Coulomb:                     incore_df
 Method for exact exchange:              pre_transformed_df
 Integral threshold:                     1.00e-12
 DF basis set:                           def2-tzvp-jkfit(spdfghi)
 Number of DF basis functions:         341
 Schwarz screening threshold:            1.00e-10
 Coulomb fitting method:                 Cholesky
 Total number of grid points:        14880
 Method for AO orthogonalization:        symmetric
 Threshold for linear dependence:        1.00e-08
 D3BJ dispersion energy:                -0.000726590

 -------------------------------------
  Running unrestricted open-shell SCF 
 -------------------------------------
 Max number of iterations:             128
 Conv. threshold (gradient):             1.00e-05
 Conv. threshold (energy):               1.00e-06
 Interpolation scheme:                   adiis+cdiis
 Initial guess:                          H0

 ---------------------------------------------------------------
                  energy        change          grad        time
 ---------------------------------------------------------------
   0     -1401.044611774                    1.71e+01        0.03
   1     -1404.651077481     -3.61e+00      9.65e+00        0.03
   2     -1498.756767827     -9.41e+01      1.53e+01        0.03
   3     -1575.482302241     -7.67e+01      6.35e+00        0.03
   4     -1566.504912248      8.98e+00      5.89e+00        0.03
   5     -1581.982799566     -1.55e+01      1.44e+00        0.03
   6     -1578.758272143      3.22e+00      2.69e+00        0.03
   7     -1582.443952256     -3.69e+00      5.85e-01        0.03
   8     -1582.520350399     -7.64e-02      4.60e-01        0.03
   9     -1582.585634658     -6.53e-02      2.11e-01        0.03
  10     -1582.569227969      1.64e-02      2.97e-01        0.03
  11     -1582.594949665     -2.57e-02      6.82e-02        0.04
  12     -1582.594516446      4.33e-04      7.40e-02        0.04
  13     -1582.596487950     -1.97e-03      7.02e-03        0.03
  14     -1582.596628147     -1.40e-04      8.60e-03        0.03
  15     -1582.596741395     -1.13e-04      8.63e-03        0.03
  16     -1582.596582962      1.58e-04      8.74e-03        0.03
  17     -1582.596318402      2.65e-04      8.43e-03        0.03
  18     -1582.596125632      1.93e-04      3.98e-03        0.03
  19     -1582.596107132      1.85e-05      4.18e-03        0.03
  20     -1582.596108757     -1.62e-06      2.42e-03        0.03
  21     -1582.596110801     -2.04e-06      2.54e-03        0.03
  22     -1582.596112556     -1.76e-06      5.30e-04        0.04
  23     -1582.596112776     -2.20e-07      5.43e-04        0.03
  24     -1582.596113042     -2.67e-07      4.75e-04        0.03
  25     -1582.596113453     -4.10e-07      2.14e-04        0.02
  26     -1582.596113597     -1.44e-07      8.03e-05        0.03
  27     -1582.596113622     -2.45e-08      7.70e-05        0.03
  28     -1582.596113624     -2.55e-09      1.36e-05        0.03
  29     -1582.596113624     -9.53e-11      6.19e-06        0.03

 SCF converged in 29 iterations.


 --------------------------------
  Double Hybrid MP2 Contribution 
 --------------------------------
 Method:                                 pre_transformed_df
 Density-fitting basis set:              def2-tzvp-ri
 Opposite-spin scale factor:             0.470000000
 Same-spin scale factor:                 0.400000000

 Unrestricted MP2 calculation:           
 Core spatial orbitals:                  6
 Correlated alpha orbitals:             13
 Correlated beta orbitals:              11
 Virtual alpha orbitals:               120
 Virtual beta orbitals:                122

 Reference Energy:                   -1582.596113624
 Opposite spin contribution:            -0.382810326
 Same spin contribution:                -0.159573039
 Total scaled MP2 contribution:         -0.542383365

 Dipole moment (in Debye):              -0.000000      -0.000000      -7.083129

 Quadrupole moment (in Debye-Angstrom):
                  1            2            3
 1       -18.642610     0.000000     0.000000
 2         0.000000   -18.642611     0.000000
 3         0.000000     0.000000   -20.893183

 Spin-squared expectation <S^2>:         2.062
 Total spin quantum number S:            1.021
 TOTAL ENERGY:                       -1583.138496989

 --------------------------------------------------------------------------------

 End time:                               Wed Jun  2 11:52:40 2021
 Total wall-clock time:                  2.696 seconds
==================================================================================
