
================================================================================
          _____________ ________ _______________ ________     _________         
         / ___________// ______ \\_____   _____// ______ \   / ________)        
        / /_________  / /      \ \     | |     / /      \ \ | (_______          
       |  __________|| |        | |    | |    | |        | | \________ \        
        \ \_________ | |        | |    | |     \ \______/ /___________) |       
         \__________||_|        |_|    |_|      \________//____________/        
                                                                                
====================================[ Qcore ]===================================

 Git hash:   15a3e7daff0cda5fa9af010ccd19a80288182ecf
 Git date:   Fri, 16 Apr 2021 15:57:16 +0100
 Compiler:   GNU 9.1.0
 Build type: Release
 Version:    1.1.0

 Start time: Wed Jun  2 11:52:47 2021

 Data directory: /work/zw18965/.local/qcore/share/entos/1.1.0/data
 Number of threads: 24
 Number of threads was determined by: command line argument
  - More threads can be used by running 'qcore -n 32'

 --------------------------------------------------------------------------------
                                   command: dft                                  
 --------------------------------------------------------------------------------
 AO basis set:                           aug-cc-pvtz
 Number of AO basis functions:         143

 Formula:                                ClCu
 Nuclear charge:                        46.000000000
 Total charge:                           0.000000000
 Number of electrons:                   46.000000000

 Number of alpha electrons:             23
 Number of beta electrons:              23
 Number of unpaired electrons:           0
 Spin:                                   0
 Multiplicity:                           singlet

 Theory:                                 dft
 Exchange-correlation functional:        0.29 b88 + 0.54 lyp
 Method for Coulomb:                     incore_df
 Method for exact exchange:              pre_transformed_df
 Integral threshold:                     1.00e-12
 DF basis set:                           def2-tzvp-jkfit(spdfghi)
 Number of DF basis functions:         392
 Schwarz screening threshold:            1.00e-10
 Coulomb fitting method:                 Cholesky
 Total number of grid points:        15430
 Method for AO orthogonalization:        symmetric
 Threshold for linear dependence:        1.00e-08
 D3BJ dispersion energy:                -0.001962058

 -------------------------------------
  Running restricted closed-shell SCF 
 -------------------------------------
 Max number of iterations:             128
 Conv. threshold (gradient):             1.00e-05
 Conv. threshold (energy):               1.00e-06
 Interpolation scheme:                   adiis+cdiis
 Initial guess:                          H0

 ---------------------------------------------------------------
                  energy        change          grad        time
 ---------------------------------------------------------------
   0     -1857.330542571                    4.12e+01        0.05
   1     -1872.918967938     -1.56e+01      1.98e+01        0.02
   2     -1748.471338371      1.24e+02      4.32e+01        0.02
   3     -2077.045576298     -3.29e+02      1.71e+01        0.02
   4     -2051.707995935      2.53e+01      1.39e+01        0.02
   5     -2098.871270834     -4.72e+01      2.04e+00        0.02
   6     -2091.050862405      7.82e+00      1.21e+01        0.02
   7     -2099.428750403     -8.38e+00      1.55e+00        0.02
   8     -2099.654098676     -2.25e-01      1.08e+00        0.02
   9     -2099.683803823     -2.97e-02      9.78e-01        0.02
  10     -2099.742328465     -5.85e-02      2.35e-01        0.03
  11     -2099.739362530      2.97e-03      3.23e-01        0.02
  12     -2099.746990040     -7.63e-03      2.71e-02        0.02
  13     -2099.747021823     -3.18e-05      2.07e-02        0.02
  14     -2099.747071104     -4.93e-05      1.94e-03        0.02
  15     -2099.747071625     -5.21e-07      6.87e-04        0.02
  16     -2099.747071706     -8.14e-08      2.64e-04        0.03
  17     -2099.747071724     -1.82e-08      4.58e-05        0.02
  18     -2099.747071725     -6.63e-10      7.22e-06        0.02

 SCF converged in 18 iterations.


 --------------------------------
  Double Hybrid MP2 Contribution 
 --------------------------------
 Method:                                 pre_transformed_df
 Density-fitting basis set:              def2-tzvp-ri
 Opposite-spin scale factor:             0.470000000
 Same-spin scale factor:                 0.400000000

 Restricted MP2 calculation:             
 Core orbitals:                         10
 Correlated orbitals:                   13
 Virtual orbitals:                     120

 Reference Energy:                   -2099.747071725
 Opposite spin contribution:            -0.392628975
 Same spin contribution:                -0.164622648
 Total scaled MP2 contribution:         -0.557251623

 Dipole moment (in Debye):              -0.000000      -0.000000      -5.972403

 Quadrupole moment (in Debye-Angstrom):
                  1            2            3
 1       -25.188786    -0.000001     0.000000
 2        -0.000001   -25.188786     0.000000
 3         0.000000     0.000000   -24.156603

 Spin-squared expectation <S^2>:         0.000
 Total spin quantum number S:            0.000
 TOTAL ENERGY:                       -2100.304323348

 --------------------------------------------------------------------------------

 End time:                               Wed Jun  2 11:52:50 2021
 Total wall-clock time:                  2.287 seconds
==================================================================================
