
================================================================================
          _____________ ________ _______________ ________     _________         
         / ___________// ______ \\_____   _____// ______ \   / ________)        
        / /_________  / /      \ \     | |     / /      \ \ | (_______          
       |  __________|| |        | |    | |    | |        | | \________ \        
        \ \_________ | |        | |    | |     \ \______/ /___________) |       
         \__________||_|        |_|    |_|      \________//____________/        
                                                                                
====================================[ Qcore ]===================================

 Git hash:   15a3e7daff0cda5fa9af010ccd19a80288182ecf
 Git date:   Fri, 16 Apr 2021 15:57:16 +0100
 Compiler:   GNU 9.1.0
 Build type: Release
 Version:    1.1.0

 Start time: Wed Jun  2 11:53:01 2021

 Data directory: /work/zw18965/.local/qcore/share/entos/1.1.0/data
 Number of threads: 24
 Number of threads was determined by: command line argument
  - More threads can be used by running 'qcore -n 32'

 --------------------------------------------------------------------------------
                                   command: dft                                  
 --------------------------------------------------------------------------------
 AO basis set:                           aug-cc-pvtz
 Number of AO basis functions:         139

 Formula:                                FZn
 Nuclear charge:                        39.000000000
 Total charge:                           0.000000000
 Number of electrons:                   39.000000000

 Number of alpha electrons:             20
 Number of beta electrons:              19
 Number of unpaired electrons:           1
 Spin:                                   1
 Multiplicity:                           doublet

 Theory:                                 dft
 Exchange-correlation functional:        0.29 b88 + 0.54 lyp
 Method for Coulomb:                     incore_df
 Method for exact exchange:              pre_transformed_df
 Integral threshold:                     1.00e-12
 DF basis set:                           def2-tzvp-jkfit(spdfghi)
 Number of DF basis functions:         341
 Schwarz screening threshold:            1.00e-10
 Coulomb fitting method:                 Cholesky
 Total number of grid points:        14748
 Method for AO orthogonalization:        symmetric
 Threshold for linear dependence:        1.00e-08
 D3BJ dispersion energy:                -0.000462553

 -------------------------------------
  Running unrestricted open-shell SCF 
 -------------------------------------
 Max number of iterations:             128
 Conv. threshold (gradient):             1.00e-05
 Conv. threshold (energy):               1.00e-06
 Interpolation scheme:                   adiis+cdiis
 Initial guess:                          H0

 ---------------------------------------------------------------
                  energy        change          grad        time
 ---------------------------------------------------------------
   0     -1591.016196128                    2.06e+01        0.03
   1     -1619.223243570     -2.82e+01      1.07e+01        0.03
   2     -1755.663941210     -1.36e+02      2.05e+01        0.03
   3     -1871.775408356     -1.16e+02      6.06e+00        0.03
   4     -1873.012747872     -1.24e+00      4.40e+00        0.03
   5     -1878.018148311     -5.01e+00      1.27e+00        0.03
   6     -1877.851948538      1.66e-01      1.20e+00        0.03
   7     -1878.351025873     -4.99e-01      1.59e-01        0.03
   8     -1878.356358614     -5.33e-03      1.77e-01        0.03
   9     -1878.357717302     -1.36e-03      1.46e-01        0.03
  10     -1878.364641108     -6.92e-03      4.99e-02        0.04
  11     -1878.365119688     -4.79e-04      4.10e-02        0.04
  12     -1878.366087755     -9.68e-04      2.91e-03        0.03
  13     -1878.366091863     -4.11e-06      1.02e-03        0.03
  14     -1878.366092371     -5.08e-07      5.28e-04        0.03
  15     -1878.366092451     -7.95e-08      1.13e-04        0.03
  16     -1878.366092458     -7.80e-09      3.47e-05        0.02
  17     -1878.366092459     -4.60e-10      1.10e-05        0.03
  18     -1878.366092459     -2.66e-11      1.15e-06        0.03

 SCF converged in 18 iterations.


 --------------------------------
  Double Hybrid MP2 Contribution 
 --------------------------------
 Method:                                 pre_transformed_df
 Density-fitting basis set:              def2-tzvp-ri
 Opposite-spin scale factor:             0.470000000
 Same-spin scale factor:                 0.400000000

 Unrestricted MP2 calculation:           
 Core spatial orbitals:                  6
 Correlated alpha orbitals:             14
 Correlated beta orbitals:              13
 Virtual alpha orbitals:               119
 Virtual beta orbitals:                120

 Reference Energy:                   -1878.366092459
 Opposite spin contribution:            -0.402326889
 Same spin contribution:                -0.165282133
 Total scaled MP2 contribution:         -0.567609021

 Dipole moment (in Debye):              -0.000000      -0.000000      -3.385023

 Quadrupole moment (in Debye-Angstrom):
                  1            2            3
 1       -17.578891     0.000000    -0.000000
 2         0.000000   -17.578891    -0.000000
 3        -0.000000    -0.000000   -25.238779

 Spin-squared expectation <S^2>:         0.753
 Total spin quantum number S:            0.501
 TOTAL ENERGY:                       -1878.933701480

 --------------------------------------------------------------------------------

 End time:                               Wed Jun  2 11:53:03 2021
 Total wall-clock time:                  2.922 seconds
==================================================================================
