
================================================================================
          _____________ ________ _______________ ________     _________         
         / ___________// ______ \\_____   _____// ______ \   / ________)        
        / /_________  / /      \ \     | |     / /      \ \ | (_______          
       |  __________|| |        | |    | |    | |        | | \________ \        
        \ \_________ | |        | |    | |     \ \______/ /___________) |       
         \__________||_|        |_|    |_|      \________//____________/        
                                                                                
====================================[ Qcore ]===================================

 Git hash:   15a3e7daff0cda5fa9af010ccd19a80288182ecf
 Git date:   Fri, 16 Apr 2021 15:57:16 +0100
 Compiler:   GNU 9.1.0
 Build type: Release
 Version:    1.1.0

 Start time: Wed Jun  2 11:53:06 2021

 Data directory: /work/zw18965/.local/qcore/share/entos/1.1.0/data
 Number of threads: 24
 Number of threads was determined by: command line argument
  - More threads can be used by running 'qcore -n 32'

 --------------------------------------------------------------------------------
                                   command: dft                                  
 --------------------------------------------------------------------------------
 AO basis set:                           aug-cc-pvtz
 Number of AO basis functions:         152

 Formula:                                ZnBr
 Nuclear charge:                        65.000000000
 Total charge:                           0.000000000
 Number of electrons:                   65.000000000

 Number of alpha electrons:             33
 Number of beta electrons:              32
 Number of unpaired electrons:           1
 Spin:                                   1
 Multiplicity:                           doublet

 Theory:                                 dft
 Exchange-correlation functional:        0.29 b88 + 0.54 lyp
 Method for Coulomb:                     incore_df
 Method for exact exchange:              pre_transformed_df
 Integral threshold:                     1.00e-12
 DF basis set:                           def2-tzvp-jkfit(spdfghi)
 Number of DF basis functions:         530
 Schwarz screening threshold:            1.00e-10
 Coulomb fitting method:                 Cholesky
 Total number of grid points:        16100
 Method for AO orthogonalization:        symmetric
 Threshold for linear dependence:        1.00e-08
 D3BJ dispersion energy:                -0.003124911

 -------------------------------------
  Running unrestricted open-shell SCF 
 -------------------------------------
 Max number of iterations:             128
 Conv. threshold (gradient):             1.00e-05
 Conv. threshold (energy):               1.00e-06
 Interpolation scheme:                   adiis+cdiis
 Initial guess:                          H0

 ---------------------------------------------------------------
                  energy        change          grad        time
 ---------------------------------------------------------------
   0     -4125.329805648                    2.85e+01        0.06
   1     -4127.375161829     -2.05e+00      1.06e+01        0.04
   2     -3577.234410327      5.50e+02      1.66e+01        0.03
   3     -4314.667060699     -7.37e+02      9.26e+00        0.03
   4     -4307.829000576      6.84e+00      7.55e+00        0.04
   5     -4351.141719314     -4.33e+01      1.61e+00        0.04
   6     -4350.532152877      6.10e-01      2.59e+00        0.04
   7     -4352.109537129     -1.58e+00      1.80e-01        0.04
   8     -4352.118337533     -8.80e-03      6.88e-02        0.04
   9     -4352.119235999     -8.98e-04      7.83e-02        0.04
  10     -4352.122089504     -2.85e-03      1.64e-02        0.04
  11     -4352.122325034     -2.36e-04      5.43e-03        0.04
  12     -4352.122346305     -2.13e-05      2.67e-03        0.03
  13     -4352.122354201     -7.90e-06      9.93e-04        0.04
  14     -4352.122355172     -9.71e-07      2.75e-04        0.03
  15     -4352.122355230     -5.81e-08      5.14e-05        0.03
  16     -4352.122355234     -3.81e-09      1.54e-05        0.03
  17     -4352.122355234     -2.66e-10      4.51e-06        0.04

 SCF converged in 17 iterations.


 --------------------------------
  Double Hybrid MP2 Contribution 
 --------------------------------
 Method:                                 pre_transformed_df
 Density-fitting basis set:              def2-tzvp-ri
 Opposite-spin scale factor:             0.470000000
 Same-spin scale factor:                 0.400000000

 Unrestricted MP2 calculation:           
 Core spatial orbitals:                 14
 Correlated alpha orbitals:             19
 Correlated beta orbitals:              18
 Virtual alpha orbitals:               119
 Virtual beta orbitals:                120

 Reference Energy:                   -4352.122355234
 Opposite spin contribution:            -0.384198993
 Same spin contribution:                -0.164435421
 Total scaled MP2 contribution:         -0.548634415

 Dipole moment (in Debye):               0.000000       0.000000      -3.042588

 Quadrupole moment (in Debye-Angstrom):
                  1            2            3
 1       -32.650831     0.000000    -0.000000
 2         0.000000   -32.650831    -0.000000
 3        -0.000000    -0.000000   -33.841161

 Spin-squared expectation <S^2>:         0.754
 Total spin quantum number S:            0.502
 TOTAL ENERGY:                       -4352.670989649

 --------------------------------------------------------------------------------

 End time:                               Wed Jun  2 11:53:10 2021
 Total wall-clock time:                  3.730 seconds
==================================================================================
