
================================================================================
          _____________ ________ _______________ ________     _________         
         / ___________// ______ \\_____   _____// ______ \   / ________)        
        / /_________  / /      \ \     | |     / /      \ \ | (_______          
       |  __________|| |        | |    | |    | |        | | \________ \        
        \ \_________ | |        | |    | |     \ \______/ /___________) |       
         \__________||_|        |_|    |_|      \________//____________/        
                                                                                
====================================[ Qcore ]===================================

 Git hash:   15a3e7daff0cda5fa9af010ccd19a80288182ecf
 Git date:   Fri, 16 Apr 2021 15:57:16 +0100
 Compiler:   GNU 9.1.0
 Build type: Release
 Version:    1.1.0

 Start time: Wed Jun  2 11:53:13 2021

 Data directory: /work/zw18965/.local/qcore/share/entos/1.1.0/data
 Number of threads: 24
 Number of threads was determined by: command line argument
  - More threads can be used by running 'qcore -n 32'

 --------------------------------------------------------------------------------
                                   command: dft                                  
 --------------------------------------------------------------------------------
 AO basis set:                           aug-cc-pvtz
 Number of AO basis functions:         143

 Formula:                                SZn
 Nuclear charge:                        46.000000000
 Total charge:                           0.000000000
 Number of electrons:                   46.000000000

 Number of alpha electrons:             23
 Number of beta electrons:              23
 Number of unpaired electrons:           0
 Spin:                                   0
 Multiplicity:                           singlet

 Theory:                                 dft
 Exchange-correlation functional:        0.29 b88 + 0.54 lyp
 Method for Coulomb:                     incore_df
 Method for exact exchange:              pre_transformed_df
 Integral threshold:                     1.00e-12
 DF basis set:                           def2-tzvp-jkfit(spdfghi)
 Number of DF basis functions:         392
 Schwarz screening threshold:            1.00e-10
 Coulomb fitting method:                 Cholesky
 Total number of grid points:        15286
 Method for AO orthogonalization:        symmetric
 Threshold for linear dependence:        1.00e-08
 D3BJ dispersion energy:                -0.002740933

 -------------------------------------
  Running restricted closed-shell SCF 
 -------------------------------------
 Max number of iterations:             128
 Conv. threshold (gradient):             1.00e-05
 Conv. threshold (energy):               1.00e-06
 Interpolation scheme:                   adiis+cdiis
 Initial guess:                          H0

 ---------------------------------------------------------------
                  energy        change          grad        time
 ---------------------------------------------------------------
   0     -1924.259166590                    4.49e+01        0.04
   1     -1936.683383306     -1.24e+01      2.16e+01        0.02
   2     -1848.890038432      8.78e+01      4.80e+01        0.02
   3     -2160.063988281     -3.11e+02      1.41e+01        0.02
   4     -2116.824995194      4.32e+01      1.51e+01        0.02
   5     -2175.787527927     -5.90e+01      2.49e+00        0.02
   6     -2173.159977956      2.63e+00      3.56e+00        0.02
   7     -2176.475350542     -3.32e+00      6.79e-01        0.02
   8     -2176.479857599     -4.51e-03      7.25e-01        0.02
   9     -2176.548368041     -6.85e-02      7.92e-02        0.02
  10     -2176.548898021     -5.30e-04      7.04e-02        0.02
  11     -2176.549544640     -6.47e-04      1.68e-02        0.02
  12     -2176.549640186     -9.55e-05      5.80e-03        0.02
  13     -2176.549658442     -1.83e-05      2.89e-03        0.02
  14     -2176.549659038     -5.96e-07      1.62e-03        0.02
  15     -2176.549659685     -6.47e-07      2.58e-04        0.02
  16     -2176.549659709     -2.37e-08      1.48e-05        0.02
  17     -2176.549659709     -7.87e-11      3.82e-06        0.02

 SCF converged in 17 iterations.


 --------------------------------
  Double Hybrid MP2 Contribution 
 --------------------------------
 Method:                                 pre_transformed_df
 Density-fitting basis set:              def2-tzvp-ri
 Opposite-spin scale factor:             0.470000000
 Same-spin scale factor:                 0.400000000

 Restricted MP2 calculation:             
 Core orbitals:                         10
 Correlated orbitals:                   13
 Virtual orbitals:                     120

 Reference Energy:                   -2176.549659709
 Opposite spin contribution:            -0.381887775
 Same spin contribution:                -0.156986827
 Total scaled MP2 contribution:         -0.538874601

 Dipole moment (in Debye):               0.000000       0.000000      -6.591372

 Quadrupole moment (in Debye-Angstrom):
                  1            2            3
 1       -28.790853     0.000000     0.000000
 2         0.000000   -28.790853     0.000000
 3         0.000000     0.000000   -24.638335

 Spin-squared expectation <S^2>:         0.000
 Total spin quantum number S:            0.000
 TOTAL ENERGY:                       -2177.088534310

 --------------------------------------------------------------------------------

 End time:                               Wed Jun  2 11:53:16 2021
 Total wall-clock time:                  2.525 seconds
==================================================================================
