
================================================================================
          _____________ ________ _______________ ________     _________         
         / ___________// ______ \\_____   _____// ______ \   / ________)        
        / /_________  / /      \ \     | |     / /      \ \ | (_______          
       |  __________|| |        | |    | |    | |        | | \________ \        
        \ \_________ | |        | |    | |     \ \______/ /___________) |       
         \__________||_|        |_|    |_|      \________//____________/        
                                                                                
====================================[ Qcore ]===================================

 Git hash:   15a3e7daff0cda5fa9af010ccd19a80288182ecf
 Git date:   Fri, 16 Apr 2021 15:57:16 +0100
 Compiler:   GNU 9.1.0
 Build type: Release
 Version:    1.1.0

 Start time: Wed Jun  2 11:53:27 2021

 Data directory: /work/zw18965/.local/qcore/share/entos/1.1.0/data
 Number of threads: 24
 Number of threads was determined by: command line argument
  - More threads can be used by running 'qcore -n 32'

 --------------------------------------------------------------------------------
                                   command: dft                                  
 --------------------------------------------------------------------------------
 AO basis set:                           aug-cc-pvtz
 Number of AO basis functions:          93

 Formula:                                Co
 Nuclear charge:                        27.000000000
 Total charge:                           0.000000000
 Number of electrons:                   27.000000000

 Number of alpha electrons:             15
 Number of beta electrons:              12
 Number of unpaired electrons:           3
 Spin:                                   3
 Multiplicity:                           quartet

 Theory:                                 dft
 Exchange-correlation functional:        0.29 b88 + 0.54 lyp
 Method for Coulomb:                     incore_df
 Method for exact exchange:              pre_transformed_df
 Integral threshold:                     1.00e-12
 DF basis set:                           def2-tzvp-jkfit(spdfghi)
 Number of DF basis functions:         264
 Schwarz screening threshold:            1.00e-10
 Coulomb fitting method:                 Cholesky
 Total number of grid points:         7936
 Method for AO orthogonalization:        symmetric
 Threshold for linear dependence:        1.00e-08
 D3BJ dispersion energy:                 0.000000000

 -------------------------------------
  Running unrestricted open-shell SCF 
 -------------------------------------
 Max number of iterations:             128
 Conv. threshold (gradient):             1.00e-05
 Conv. threshold (energy):               1.00e-06
 Interpolation scheme:                   adiis+cdiis
 Initial guess:                          H0

 ---------------------------------------------------------------
                  energy        change          grad        time
 ---------------------------------------------------------------
   0     -1313.726449709                    8.30e+00        0.02
   1     -1276.602385344      3.71e+01      1.19e+01        0.01
   2     -1355.495182405     -7.89e+01      5.00e+00        0.01
   3     -1377.935023996     -2.24e+01      2.50e+00        0.01
   4     -1378.205256656     -2.70e-01      3.10e+00        0.01
   5     -1382.058475813     -3.85e+00      3.19e-01        0.01
   6     -1382.070076903     -1.16e-02      3.07e-01        0.01
   7     -1382.114510403     -4.44e-02      4.62e-02        0.01
   8     -1382.114988213     -4.78e-04      4.38e-02        0.01
   9     -1382.115939142     -9.51e-04      4.20e-03        0.01
  10     -1382.115975455     -3.63e-05      2.61e-03        0.01
  11     -1382.115988212     -1.28e-05      1.85e-03        0.01
  12     -1382.115992653     -4.44e-06      1.86e-03        0.01
  13     -1382.115985684      6.97e-06      1.74e-03        0.01
  14     -1382.115971955      1.37e-05      7.93e-04        0.01
  15     -1382.115971090      8.65e-07      5.49e-04        0.01
  16     -1382.115971519     -4.29e-07      2.32e-04        0.01
  17     -1382.115971584     -6.49e-08      1.16e-04        0.01
  18     -1382.115971595     -1.12e-08      7.42e-05        0.01
  19     -1382.115971610     -1.47e-08      5.06e-05        0.01
  20     -1382.115971621     -1.18e-08      1.68e-05        0.01
  21     -1382.115971622     -4.46e-10      8.33e-06        0.01

 SCF converged in 21 iterations.


 --------------------------------
  Double Hybrid MP2 Contribution 
 --------------------------------
 Method:                                 pre_transformed_df
 Density-fitting basis set:              def2-tzvp-ri
 Opposite-spin scale factor:             0.470000000
 Same-spin scale factor:                 0.400000000

 Unrestricted MP2 calculation:           
 Core spatial orbitals:                  5
 Correlated alpha orbitals:             10
 Correlated beta orbitals:               7
 Virtual alpha orbitals:                78
 Virtual beta orbitals:                 81

 Reference Energy:                   -1382.115971622
 Opposite spin contribution:            -0.210846551
 Same spin contribution:                -0.088778746
 Total scaled MP2 contribution:         -0.299625297

 Dipole moment (in Debye):               0.000000      -0.000000       0.000000

 Quadrupole moment (in Debye-Angstrom):
                  1            2            3
 1       -17.197209    -0.005796    -0.000266
 2        -0.005796   -17.451596    -0.011843
 3        -0.000266    -0.011843   -17.197637

 Spin-squared expectation <S^2>:         3.757
 Total spin quantum number S:            1.502
 TOTAL ENERGY:                       -1382.415596919

 --------------------------------------------------------------------------------

 End time:                               Wed Jun  2 11:53:29 2021
 Total wall-clock time:                  1.628 seconds
==================================================================================
