
================================================================================
          _____________ ________ _______________ ________     _________         
         / ___________// ______ \\_____   _____// ______ \   / ________)        
        / /_________  / /      \ \     | |     / /      \ \ | (_______          
       |  __________|| |        | |    | |    | |        | | \________ \        
        \ \_________ | |        | |    | |     \ \______/ /___________) |       
         \__________||_|        |_|    |_|      \________//____________/        
                                                                                
====================================[ Qcore ]===================================

 Git hash:   15a3e7daff0cda5fa9af010ccd19a80288182ecf
 Git date:   Fri, 16 Apr 2021 15:57:16 +0100
 Compiler:   GNU 9.1.0
 Build type: Release
 Version:    1.1.0

 Start time: Wed Jun  2 11:53:30 2021

 Data directory: /work/zw18965/.local/qcore/share/entos/1.1.0/data
 Number of threads: 24
 Number of threads was determined by: command line argument
  - More threads can be used by running 'qcore -n 32'

 --------------------------------------------------------------------------------
                                   command: dft                                  
 --------------------------------------------------------------------------------
 AO basis set:                           aug-cc-pvtz
 Number of AO basis functions:          93

 Formula:                                Cu
 Nuclear charge:                        29.000000000
 Total charge:                           0.000000000
 Number of electrons:                   29.000000000

 Number of alpha electrons:             15
 Number of beta electrons:              14
 Number of unpaired electrons:           1
 Spin:                                   1
 Multiplicity:                           doublet

 Theory:                                 dft
 Exchange-correlation functional:        0.29 b88 + 0.54 lyp
 Method for Coulomb:                     incore_df
 Method for exact exchange:              pre_transformed_df
 Integral threshold:                     1.00e-12
 DF basis set:                           def2-tzvp-jkfit(spdfghi)
 Number of DF basis functions:         264
 Schwarz screening threshold:            1.00e-10
 Coulomb fitting method:                 Cholesky
 Total number of grid points:         7936
 Method for AO orthogonalization:        symmetric
 Threshold for linear dependence:        1.00e-08
 D3BJ dispersion energy:                 0.000000000

 -------------------------------------
  Running unrestricted open-shell SCF 
 -------------------------------------
 Max number of iterations:             128
 Conv. threshold (gradient):             1.00e-05
 Conv. threshold (energy):               1.00e-06
 Interpolation scheme:                   adiis+cdiis
 Initial guess:                          H0

 ---------------------------------------------------------------
                  energy        change          grad        time
 ---------------------------------------------------------------
   0     -1548.921850002                    9.47e+00        0.02
   1     -1498.163450576      5.08e+01      1.38e+01        0.01
   2     -1598.863594770     -1.01e+02      6.11e+00        0.01
   3     -1635.676491363     -3.68e+01      2.45e+00        0.01
   4     -1634.618476593      1.06e+00      2.89e+00        0.01
   5     -1639.770030510     -5.15e+00      1.20e-01        0.01
   6     -1639.762723555      7.31e-03      1.69e-01        0.01
   7     -1639.781846120     -1.91e-02      2.01e-02        0.01
   8     -1639.782165317     -3.19e-04      5.83e-03        0.02
   9     -1639.782228988     -6.37e-05      3.40e-04        0.01
  10     -1639.782229312     -3.24e-07      2.31e-04        0.01
  11     -1639.782229364     -5.21e-08      9.17e-05        0.01
  12     -1639.782229377     -1.22e-08      4.06e-05        0.01
  13     -1639.782229380     -3.23e-09      1.54e-05        0.01
  14     -1639.782229380     -2.54e-10      8.82e-07        0.02

 SCF converged in 14 iterations.


 --------------------------------
  Double Hybrid MP2 Contribution 
 --------------------------------
 Method:                                 pre_transformed_df
 Density-fitting basis set:              def2-tzvp-ri
 Opposite-spin scale factor:             0.470000000
 Same-spin scale factor:                 0.400000000

 Unrestricted MP2 calculation:           
 Core spatial orbitals:                  5
 Correlated alpha orbitals:             10
 Correlated beta orbitals:               9
 Virtual alpha orbitals:                78
 Virtual beta orbitals:                 79

 Reference Energy:                   -1639.782229380
 Opposite spin contribution:            -0.310002322
 Same spin contribution:                -0.139705924
 Total scaled MP2 contribution:         -0.449708246

 Dipole moment (in Debye):               0.000000       0.000000       0.000000

 Quadrupole moment (in Debye-Angstrom):
                  1            2            3
 1       -14.133624     0.000000     0.000000
 2         0.000000   -14.133624     0.000000
 3         0.000000     0.000000   -14.133624

 Spin-squared expectation <S^2>:         0.751
 Total spin quantum number S:            0.501
 TOTAL ENERGY:                       -1640.231937626

 --------------------------------------------------------------------------------

 End time:                               Wed Jun  2 11:53:32 2021
 Total wall-clock time:                  1.542 seconds
==================================================================================
