
================================================================================
          _____________ ________ _______________ ________     _________         
         / ___________// ______ \\_____   _____// ______ \   / ________)        
        / /_________  / /      \ \     | |     / /      \ \ | (_______          
       |  __________|| |        | |    | |    | |        | | \________ \        
        \ \_________ | |        | |    | |     \ \______/ /___________) |       
         \__________||_|        |_|    |_|      \________//____________/        
                                                                                
====================================[ Qcore ]===================================

 Git hash:   15a3e7daff0cda5fa9af010ccd19a80288182ecf
 Git date:   Fri, 16 Apr 2021 15:57:16 +0100
 Compiler:   GNU 9.1.0
 Build type: Release
 Version:    1.1.0

 Start time: Wed Jun  2 11:51:04 2021

 Data directory: /work/zw18965/.local/qcore/share/entos/1.1.0/data
 Number of threads: 24
 Number of threads was determined by: command line argument
  - More threads can be used by running 'qcore -n 32'

 --------------------------------------------------------------------------------
                                   command: dft                                  
 --------------------------------------------------------------------------------
 AO basis set:                           aug-cc-pvtz
 Number of AO basis functions:         116

 Formula:                                HSc
 Nuclear charge:                        22.000000000
 Total charge:                           0.000000000
 Number of electrons:                   22.000000000

 Number of alpha electrons:             11
 Number of beta electrons:              11
 Number of unpaired electrons:           0
 Spin:                                   0
 Multiplicity:                           singlet

 Theory:                                 dft
 Exchange-correlation functional:        0.5 b88 + 0.75 lyp
 Method for Coulomb:                     incore_df
 Method for exact exchange:              pre_transformed_df
 Integral threshold:                     1.00e-12
 DF basis set:                           def2-tzvp-jkfit(spdfghi)
 Number of DF basis functions:         282
 Schwarz screening threshold:            1.00e-10
 Coulomb fitting method:                 Cholesky

 ------------------
  UW12 Correlation 
 ------------------
 Factor for UW12 correlation:            1.000000000
 Opposite spin scale factor:             0.250000000
 Same spin scale factor:                 0.500000000
 Calculate indirect contribution:        true
 Method for three electron term:         df_ri
 Auxiliary RI basis set:                 Def2-TZVP-RI
 Number of RI basis functions:         197
 Gaussians in geminal expansion:        10
 UW12 screening threshold:               1.00e-12
 Method for density-fitting:             w(r)
 Number of core spatial orbitals:        5

 Total number of grid points:        13742
 Method for AO orthogonalization:        symmetric
 Threshold for linear dependence:        1.00e-08
 D3BJ dispersion energy:                -0.000455867

 -------------------------------------
  Running restricted closed-shell SCF 
 -------------------------------------
 Max number of iterations:             128
 Conv. threshold (gradient):             1.00e-05
 Conv. threshold (energy):               1.00e-06
 Interpolation scheme:                   adiis+cdiis
 Initial guess:                          H0

 ---------------------------------------------------------------
                  energy        change          grad        time
 ---------------------------------------------------------------
   0      -745.296557967                    1.00e+01        2.79
   1      -730.872584644      1.44e+01      2.25e+01        0.23
   2      -752.286011480     -2.14e+01      6.69e+00        0.21
   3      -760.111398809     -7.83e+00      3.52e+00        0.20
   4      -758.782945989      1.33e+00      4.39e+00        0.21
   5      -761.156793821     -2.37e+00      2.84e-01        0.21
   6      -761.161689126     -4.90e-03      2.20e-01        0.21
   7      -761.163991842     -2.30e-03      1.39e-01        0.20
   8      -761.165540422     -1.55e-03      4.32e-02        0.20
   9      -761.165530246      1.02e-05      4.55e-02        0.23
  10      -761.165708327     -1.78e-04      7.98e-04        0.20
  11      -761.165708452     -1.26e-07      2.20e-04        0.20
  12      -761.165708488     -3.54e-08      1.48e-04        0.21
  13      -761.165708510     -2.25e-08      7.44e-05        0.20
  14      -761.165708516     -5.22e-09      2.63e-05        0.22
  15      -761.165708516     -4.22e-10      4.60e-06        0.20

 SCF converged in 15 iterations.

 Dipole moment (in Debye):              -0.000001      -0.000001      -2.142378

 Quadrupole moment (in Debye-Angstrom):
                  1            2            3
 1       -22.474038    -0.000001     0.000000
 2        -0.000001   -22.474041     0.000000
 3         0.000000     0.000000   -23.526095

 Spin-squared expectation <S^2>:         0.000
 Total spin quantum number S:            0.000
 TOTAL ENERGY:                        -761.165708517

 --------------------------------------------------------------------------------

 End time:                               Wed Jun  2 11:51:12 2021
 Total wall-clock time:                  7.304 seconds
==================================================================================
