
================================================================================
          _____________ ________ _______________ ________     _________         
         / ___________// ______ \\_____   _____// ______ \   / ________)        
        / /_________  / /      \ \     | |     / /      \ \ | (_______          
       |  __________|| |        | |    | |    | |        | | \________ \        
        \ \_________ | |        | |    | |     \ \______/ /___________) |       
         \__________||_|        |_|    |_|      \________//____________/        
                                                                                
====================================[ Qcore ]===================================

 Git hash:   15a3e7daff0cda5fa9af010ccd19a80288182ecf
 Git date:   Fri, 16 Apr 2021 15:57:16 +0100
 Compiler:   GNU 9.1.0
 Build type: Release
 Version:    1.1.0

 Start time: Wed Jun  2 11:51:12 2021

 Data directory: /work/zw18965/.local/qcore/share/entos/1.1.0/data
 Number of threads: 24
 Number of threads was determined by: command line argument
  - More threads can be used by running 'qcore -n 32'

 --------------------------------------------------------------------------------
                                   command: dft                                  
 --------------------------------------------------------------------------------
 AO basis set:                           aug-cc-pvtz
 Number of AO basis functions:         139

 Formula:                                FSc
 Nuclear charge:                        30.000000000
 Total charge:                           0.000000000
 Number of electrons:                   30.000000000

 Number of alpha electrons:             15
 Number of beta electrons:              15
 Number of unpaired electrons:           0
 Spin:                                   0
 Multiplicity:                           singlet

 Theory:                                 dft
 Exchange-correlation functional:        0.5 b88 + 0.75 lyp
 Method for Coulomb:                     incore_df
 Method for exact exchange:              pre_transformed_df
 Integral threshold:                     1.00e-12
 DF basis set:                           def2-tzvp-jkfit(spdfghi)
 Number of DF basis functions:         341
 Schwarz screening threshold:            1.00e-10
 Coulomb fitting method:                 Cholesky

 ------------------
  UW12 Correlation 
 ------------------
 Factor for UW12 correlation:            1.000000000
 Opposite spin scale factor:             0.250000000
 Same spin scale factor:                 0.500000000
 Calculate indirect contribution:        true
 Method for three electron term:         df_ri
 Auxiliary RI basis set:                 Def2-TZVP-RI
 Number of RI basis functions:         258
 Gaussians in geminal expansion:        10
 UW12 screening threshold:               1.00e-12
 Method for density-fitting:             w(r)
 Number of core spatial orbitals:        6

 Total number of grid points:        14664
 Method for AO orthogonalization:        symmetric
 Threshold for linear dependence:        1.00e-08
 D3BJ dispersion energy:                -0.000497351

 -------------------------------------
  Running restricted closed-shell SCF 
 -------------------------------------
 Max number of iterations:             128
 Conv. threshold (gradient):             1.00e-05
 Conv. threshold (energy):               1.00e-06
 Interpolation scheme:                   adiis+cdiis
 Initial guess:                          H0

 ---------------------------------------------------------------
                  energy        change          grad        time
 ---------------------------------------------------------------
   0      -794.662627940                    1.27e+01        4.09
   1      -786.642262218      8.02e+00      1.83e+01        0.65
   2      -805.342688030     -1.87e+01      1.14e+01        0.58
   3      -857.508564804     -5.22e+01      7.00e+00        0.57
   4      -850.786395231      6.72e+00      9.56e+00        0.58
   5      -860.098916354     -9.31e+00      1.94e+00        0.57
   6      -859.669148847      4.30e-01      3.33e+00        0.57
   7      -860.487916504     -8.19e-01      8.64e-01        0.60
   8      -860.531215315     -4.33e-02      8.09e-01        0.61
   9      -860.571708066     -4.05e-02      7.18e-01        0.63
  10      -860.586924326     -1.52e-02      4.98e-01        0.57
  11      -860.598000065     -1.11e-02      1.57e-01        0.58
  12      -860.598178055     -1.78e-04      1.52e-01        0.61
  13      -860.599379113     -1.20e-03      2.18e-02        0.60
  14      -860.599324742      5.44e-05      3.91e-02        0.56
  15      -860.599412921     -8.82e-05      4.09e-04        0.57
  16      -860.599412962     -4.06e-08      6.35e-05        0.57
  17      -860.599412965     -3.10e-09      2.55e-05        0.63
  18      -860.599412965      5.34e-10      3.20e-06        0.57

 SCF converged in 18 iterations.

 Dipole moment (in Debye):              -0.000000      -0.000000      -2.328534

 Quadrupole moment (in Debye-Angstrom):
                  1            2            3
 1       -25.725969    -0.000032     0.000001
 2        -0.000032   -25.725969     0.000001
 3         0.000001     0.000001   -25.914213

 Spin-squared expectation <S^2>:         0.000
 Total spin quantum number S:            0.000
 TOTAL ENERGY:                        -860.599412965

 --------------------------------------------------------------------------------

 End time:                               Wed Jun  2 11:51:28 2021
 Total wall-clock time:                 16.732 seconds
==================================================================================
