
================================================================================
          _____________ ________ _______________ ________     _________         
         / ___________// ______ \\_____   _____// ______ \   / ________)        
        / /_________  / /      \ \     | |     / /      \ \ | (_______          
       |  __________|| |        | |    | |    | |        | | \________ \        
        \ \_________ | |        | |    | |     \ \______/ /___________) |       
         \__________||_|        |_|    |_|      \________//____________/        
                                                                                
====================================[ Qcore ]===================================

 Git hash:   15a3e7daff0cda5fa9af010ccd19a80288182ecf
 Git date:   Fri, 16 Apr 2021 15:57:16 +0100
 Compiler:   GNU 9.1.0
 Build type: Release
 Version:    1.1.0

 Start time: Wed Jun  2 11:51:55 2021

 Data directory: /work/zw18965/.local/qcore/share/entos/1.1.0/data
 Number of threads: 24
 Number of threads was determined by: command line argument
  - More threads can be used by running 'qcore -n 32'

 --------------------------------------------------------------------------------
                                   command: dft                                  
 --------------------------------------------------------------------------------
 AO basis set:                           aug-cc-pvtz
 Number of AO basis functions:         152

 Formula:                                ScBr
 Nuclear charge:                        56.000000000
 Total charge:                           0.000000000
 Number of electrons:                   56.000000000

 Number of alpha electrons:             28
 Number of beta electrons:              28
 Number of unpaired electrons:           0
 Spin:                                   0
 Multiplicity:                           singlet

 Theory:                                 dft
 Exchange-correlation functional:        0.5 b88 + 0.75 lyp
 Method for Coulomb:                     incore_df
 Method for exact exchange:              pre_transformed_df
 Integral threshold:                     1.00e-12
 DF basis set:                           def2-tzvp-jkfit(spdfghi)
 Number of DF basis functions:         530
 Schwarz screening threshold:            1.00e-10
 Coulomb fitting method:                 Cholesky

 ------------------
  UW12 Correlation 
 ------------------
 Factor for UW12 correlation:            1.000000000
 Opposite spin scale factor:             0.250000000
 Same spin scale factor:                 0.500000000
 Calculate indirect contribution:        true
 Method for three electron term:         df_ri
 Auxiliary RI basis set:                 Def2-TZVP-RI
 Number of RI basis functions:         341
 Gaussians in geminal expansion:        10
 UW12 screening threshold:               1.00e-12
 Method for density-fitting:             w(r)
 Number of core spatial orbitals:       14

 Total number of grid points:        16016
 Method for AO orthogonalization:        symmetric
 Threshold for linear dependence:        1.00e-08
 D3BJ dispersion energy:                -0.002055762

 -------------------------------------
  Running restricted closed-shell SCF 
 -------------------------------------
 Max number of iterations:             128
 Conv. threshold (gradient):             1.00e-05
 Conv. threshold (energy):               1.00e-06
 Interpolation scheme:                   adiis+cdiis
 Initial guess:                          H0

 ---------------------------------------------------------------
                  energy        change          grad        time
 ---------------------------------------------------------------
   0     -3297.011346997                    1.27e+01        8.29
   1     -3170.348320990      1.27e+02      1.98e+01        2.78
   2     -3241.798435694     -7.15e+01      1.07e+01        2.85
   3     -3294.077021123     -5.23e+01      1.09e+01        2.94
   4     -3306.283305269     -1.22e+01      1.46e+01        2.93
   5     -3330.909022111     -2.46e+01      5.71e+00        2.92
   6     -3326.423790289      4.49e+00      5.74e+00        2.83
   7     -3327.279469337     -8.56e-01      9.68e+00        2.81
   8     -3334.574437791     -7.29e+00      1.48e+00        2.87
   9     -3334.543780010      3.07e-02      2.09e+00        2.93
  10     -3335.034153627     -4.90e-01      5.26e-01        2.85
  11     -3334.976406419      5.77e-02      1.00e+00        2.84
  12     -3335.065576172     -8.92e-02      1.19e-01        2.84
  13     -3335.065899697     -3.24e-04      2.17e-01        2.76
  14     -3335.069552711     -3.65e-03      7.90e-02        2.96
  15     -3335.070293643     -7.41e-04      1.25e-01        2.85
  16     -3335.073307203     -3.01e-03      2.37e-02        2.97
  17     -3335.073589471     -2.82e-04      1.41e-02        2.75
  18     -3335.073835172     -2.46e-04      5.12e-03        2.86
  19     -3335.073858852     -2.37e-05      2.40e-03        2.86
  20     -3335.073864332     -5.48e-06      1.53e-03        2.85
  21     -3335.073864608     -2.76e-07      3.28e-04        2.94
  22     -3335.073864753     -1.45e-07      1.25e-04        2.83
  23     -3335.073864738      1.47e-08      4.95e-05        2.82
  24     -3335.073864740     -2.14e-09      1.72e-06        2.96

 SCF converged in 24 iterations.

 Dipole moment (in Debye):               0.000000       0.000000      -3.444374

 Quadrupole moment (in Debye-Angstrom):
                  1            2            3
 1       -39.526227    -0.000015     0.000000
 2        -0.000015   -39.526227     0.000000
 3         0.000000     0.000000   -31.414146

 Spin-squared expectation <S^2>:         0.000
 Total spin quantum number S:            0.000
 TOTAL ENERGY:                       -3335.073864741

 --------------------------------------------------------------------------------

 End time:                               Wed Jun  2 11:53:17 2021
 Total wall-clock time:                 81.761 seconds
==================================================================================
