
================================================================================
          _____________ ________ _______________ ________     _________         
         / ___________// ______ \\_____   _____// ______ \   / ________)        
        / /_________  / /      \ \     | |     / /      \ \ | (_______          
       |  __________|| |        | |    | |    | |        | | \________ \        
        \ \_________ | |        | |    | |     \ \______/ /___________) |       
         \__________||_|        |_|    |_|      \________//____________/        
                                                                                
====================================[ Qcore ]===================================

 Git hash:   15a3e7daff0cda5fa9af010ccd19a80288182ecf
 Git date:   Fri, 16 Apr 2021 15:57:16 +0100
 Compiler:   GNU 9.1.0
 Build type: Release
 Version:    1.1.0

 Start time: Wed Jun  2 11:58:30 2021

 Data directory: /work/zw18965/.local/qcore/share/entos/1.1.0/data
 Number of threads: 24
 Number of threads was determined by: command line argument
  - More threads can be used by running 'qcore -n 32'

 --------------------------------------------------------------------------------
                                   command: dft                                  
 --------------------------------------------------------------------------------
 AO basis set:                           aug-cc-pvtz
 Number of AO basis functions:         152

 Formula:                                TiBr
 Nuclear charge:                        57.000000000
 Total charge:                           0.000000000
 Number of electrons:                   57.000000000

 Number of alpha electrons:             30
 Number of beta electrons:              27
 Number of unpaired electrons:           3
 Spin:                                   3
 Multiplicity:                           quartet

 Theory:                                 dft
 Exchange-correlation functional:        0.5 b88 + 0.75 lyp
 Method for Coulomb:                     incore_df
 Method for exact exchange:              pre_transformed_df
 Integral threshold:                     1.00e-12
 DF basis set:                           def2-tzvp-jkfit(spdfghi)
 Number of DF basis functions:         530
 Schwarz screening threshold:            1.00e-10
 Coulomb fitting method:                 Cholesky

 ------------------
  UW12 Correlation 
 ------------------
 Factor for UW12 correlation:            1.000000000
 Opposite spin scale factor:             0.250000000
 Same spin scale factor:                 0.500000000
 Calculate indirect contribution:        true
 Method for three electron term:         df_ri
 Auxiliary RI basis set:                 Def2-TZVP-RI
 Number of RI basis functions:         341
 Gaussians in geminal expansion:        10
 UW12 screening threshold:               1.00e-12
 Method for density-fitting:             w(r)
 Number of core spatial orbitals:       14

 Total number of grid points:        15956
 Method for AO orthogonalization:        symmetric
 Threshold for linear dependence:        1.00e-08
 D3BJ dispersion energy:                -0.002015826

 -------------------------------------
  Running unrestricted open-shell SCF 
 -------------------------------------
 Max number of iterations:             128
 Conv. threshold (gradient):             1.00e-05
 Conv. threshold (energy):               1.00e-06
 Interpolation scheme:                   adiis+cdiis
 Initial guess:                          H0

 ---------------------------------------------------------------
                  energy        change          grad        time
 ---------------------------------------------------------------
   0     -3379.360360883                    8.35e+00       12.11
   1     -3250.425877406      1.29e+02      9.87e+00        6.67
   2     -3342.378391485     -9.20e+01      5.49e+00        6.62
   3     -3365.231501005     -2.29e+01      7.88e+00        6.62
   4     -3417.474431005     -5.22e+01      4.55e+00        6.56
   5     -3411.126547593      6.35e+00      5.80e+00        6.42
   6     -3423.322107061     -1.22e+01      9.79e-01        6.39
   7     -3422.405864547      9.16e-01      1.34e+00        6.60
   8     -3423.775618260     -1.37e+00      2.51e-01        6.61
   9     -3423.787599025     -1.20e-02      1.73e-01        6.43
  10     -3423.807635265     -2.00e-02      9.77e-02        6.48
  11     -3423.809407277     -1.77e-03      1.49e-01        6.62
  12     -3423.816013858     -6.61e-03      6.17e-02        6.51
  13     -3423.817099168     -1.09e-03      6.17e-02        6.41
  14     -3423.816536241      5.63e-04      6.07e-02        6.67
  15     -3423.806773796      9.76e-03      6.40e-02        6.52
  16     -3423.806447572      3.26e-04      6.45e-02        6.52
  17     -3423.806485792     -3.82e-05      6.16e-02        6.54
  18     -3423.808217462     -1.73e-03      3.54e-02        6.51
  19     -3423.809895567     -1.68e-03      2.04e-02        6.67
  20     -3423.810706242     -8.11e-04      2.29e-02        6.59
  21     -3423.811330958     -6.25e-04      1.56e-02        6.70
  22     -3423.812153690     -8.23e-04      1.14e-02        6.61
  23     -3423.812061024      9.27e-05      8.70e-03        6.66
  24     -3423.812049208      1.18e-05      9.85e-03        6.41
  25     -3423.811988304      6.09e-05      3.65e-03        6.67
  26     -3423.811959602      2.87e-05      1.95e-03        6.44
  27     -3423.811954393      5.21e-06      1.56e-03        6.61
  28     -3423.811954391      2.30e-09      9.02e-04        6.69
  29     -3423.811954017      3.74e-07      8.83e-04        6.43
  30     -3423.811954220     -2.03e-07      8.38e-04        6.41
  31     -3423.811954461     -2.41e-07      1.01e-03        6.53
  32     -3423.811953927      5.35e-07      9.38e-04        6.52
  33     -3423.811952031      1.90e-06      2.05e-04        6.64
  34     -3423.811951838      1.94e-07      1.20e-04        6.57
  35     -3423.811951882     -4.44e-08      1.07e-04        6.71
  36     -3423.811951887     -5.43e-09      1.16e-04        6.51
  37     -3423.811951846      4.14e-08      5.45e-05        6.61
  38     -3423.811951845      1.16e-09      3.59e-05        6.54
  39     -3423.811951843      1.85e-09      1.41e-05        6.71
  40     -3423.811951847     -3.81e-09      1.48e-05        6.60
  41     -3423.811951844      2.66e-09      1.48e-05        6.62
  42     -3423.811951843      1.10e-09      1.37e-05        6.62
  43     -3423.811951850     -7.43e-09      9.33e-06        6.64

 SCF converged in 43 iterations.

 Dipole moment (in Debye):               0.000021      -0.000026      -5.005857

 Quadrupole moment (in Debye-Angstrom):
                  1            2            3
 1       -32.361483    -0.019086    -0.000067
 2        -0.019086   -34.846238     0.000091
 3        -0.000067     0.000091   -32.169627

 Spin-squared expectation <S^2>:         3.754
 Total spin quantum number S:            1.501
 TOTAL ENERGY:                       -3423.811951843

 --------------------------------------------------------------------------------

 End time:                               Wed Jun  2 12:03:33 2021
 Total wall-clock time:                302.979 seconds
==================================================================================
