
================================================================================
          _____________ ________ _______________ ________     _________         
         / ___________// ______ \\_____   _____// ______ \   / ________)        
        / /_________  / /      \ \     | |     / /      \ \ | (_______          
       |  __________|| |        | |    | |    | |        | | \________ \        
        \ \_________ | |        | |    | |     \ \______/ /___________) |       
         \__________||_|        |_|    |_|      \________//____________/        
                                                                                
====================================[ Qcore ]===================================

 Git hash:   15a3e7daff0cda5fa9af010ccd19a80288182ecf
 Git date:   Fri, 16 Apr 2021 15:57:16 +0100
 Compiler:   GNU 9.1.0
 Build type: Release
 Version:    1.1.0

 Start time: Wed Jun  2 12:04:57 2021

 Data directory: /work/zw18965/.local/qcore/share/entos/1.1.0/data
 Number of threads: 24
 Number of threads was determined by: command line argument
  - More threads can be used by running 'qcore -n 32'

 --------------------------------------------------------------------------------
                                   command: dft                                  
 --------------------------------------------------------------------------------
 AO basis set:                           aug-cc-pvtz
 Number of AO basis functions:         116

 Formula:                                HV
 Nuclear charge:                        24.000000000
 Total charge:                           0.000000000
 Number of electrons:                   24.000000000

 Number of alpha electrons:             14
 Number of beta electrons:              10
 Number of unpaired electrons:           4
 Spin:                                   4
 Multiplicity:                           quintet

 Theory:                                 dft
 Exchange-correlation functional:        0.5 b88 + 0.75 lyp
 Method for Coulomb:                     incore_df
 Method for exact exchange:              pre_transformed_df
 Integral threshold:                     1.00e-12
 DF basis set:                           def2-tzvp-jkfit(spdfghi)
 Number of DF basis functions:         282
 Schwarz screening threshold:            1.00e-10
 Coulomb fitting method:                 Cholesky

 ------------------
  UW12 Correlation 
 ------------------
 Factor for UW12 correlation:            1.000000000
 Opposite spin scale factor:             0.250000000
 Same spin scale factor:                 0.500000000
 Calculate indirect contribution:        true
 Method for three electron term:         df_ri
 Auxiliary RI basis set:                 Def2-TZVP-RI
 Number of RI basis functions:         197
 Gaussians in geminal expansion:        10
 UW12 screening threshold:               1.00e-12
 Method for density-fitting:             w(r)
 Number of core spatial orbitals:        5

 Total number of grid points:        13742
 Method for AO orthogonalization:        symmetric
 Threshold for linear dependence:        1.00e-08
 D3BJ dispersion energy:                -0.000475721

 -------------------------------------
  Running unrestricted open-shell SCF 
 -------------------------------------
 Max number of iterations:             128
 Conv. threshold (gradient):             1.00e-05
 Conv. threshold (energy):               1.00e-06
 Interpolation scheme:                   adiis+cdiis
 Initial guess:                          H0

 ---------------------------------------------------------------
                  energy        change          grad        time
 ---------------------------------------------------------------
   0      -906.257845033                    7.91e+00        3.32
   1      -893.740504407      1.25e+01      1.26e+01        0.55
   2      -927.880668886     -3.41e+01      4.80e+00        0.54
   3      -942.512185762     -1.46e+01      2.50e+00        0.49
   4      -940.686054675      1.83e+00      2.78e+00        0.50
   5      -944.516550509     -3.83e+00      1.67e-01        0.48
   6      -944.521416967     -4.87e-03      1.78e-01        0.51
   7      -944.525083274     -3.67e-03      1.17e-01        0.51
   8      -944.529237512     -4.15e-03      3.84e-02        0.53
   9      -944.528931244      3.06e-04      4.76e-02        0.49
  10      -944.529709906     -7.79e-04      2.52e-03        0.50
  11      -944.529722739     -1.28e-05      1.22e-03        0.52
  12      -944.529725584     -2.85e-06      5.91e-04        0.51
  13      -944.529726389     -8.05e-07      1.42e-04        0.50
  14      -944.529726408     -1.91e-08      4.51e-05        0.49
  15      -944.529726411     -3.14e-09      1.62e-05        0.51
  16      -944.529726412     -3.24e-10      2.05e-06        0.49

 SCF converged in 16 iterations.

 Dipole moment (in Debye):               0.000000       0.000000      -2.985504

 Quadrupole moment (in Debye-Angstrom):
                  1            2            3
 1       -17.467063    -0.000000    -0.000000
 2        -0.000000   -17.467063    -0.000000
 3        -0.000000    -0.000000   -21.085683

 Spin-squared expectation <S^2>:         6.028
 Total spin quantum number S:            2.006
 TOTAL ENERGY:                        -944.529726411

 --------------------------------------------------------------------------------

 End time:                               Wed Jun  2 12:05:11 2021
 Total wall-clock time:                 13.173 seconds
==================================================================================
