
================================================================================
          _____________ ________ _______________ ________     _________         
         / ___________// ______ \\_____   _____// ______ \   / ________)        
        / /_________  / /      \ \     | |     / /      \ \ | (_______          
       |  __________|| |        | |    | |    | |        | | \________ \        
        \ \_________ | |        | |    | |     \ \______/ /___________) |       
         \__________||_|        |_|    |_|      \________//____________/        
                                                                                
====================================[ Qcore ]===================================

 Git hash:   15a3e7daff0cda5fa9af010ccd19a80288182ecf
 Git date:   Fri, 16 Apr 2021 15:57:16 +0100
 Compiler:   GNU 9.1.0
 Build type: Release
 Version:    1.1.0

 Start time: Wed Jun  2 12:05:49 2021

 Data directory: /work/zw18965/.local/qcore/share/entos/1.1.0/data
 Number of threads: 24
 Number of threads was determined by: command line argument
  - More threads can be used by running 'qcore -n 32'

 --------------------------------------------------------------------------------
                                   command: dft                                  
 --------------------------------------------------------------------------------
 AO basis set:                           aug-cc-pvtz
 Number of AO basis functions:         143

 Formula:                                ClV
 Nuclear charge:                        40.000000000
 Total charge:                           0.000000000
 Number of electrons:                   40.000000000

 Number of alpha electrons:             22
 Number of beta electrons:              18
 Number of unpaired electrons:           4
 Spin:                                   4
 Multiplicity:                           quintet

 Theory:                                 dft
 Exchange-correlation functional:        0.5 b88 + 0.75 lyp
 Method for Coulomb:                     incore_df
 Method for exact exchange:              pre_transformed_df
 Integral threshold:                     1.00e-12
 DF basis set:                           def2-tzvp-jkfit(spdfghi)
 Number of DF basis functions:         392
 Schwarz screening threshold:            1.00e-10
 Coulomb fitting method:                 Cholesky

 ------------------
  UW12 Correlation 
 ------------------
 Factor for UW12 correlation:            1.000000000
 Opposite spin scale factor:             0.250000000
 Same spin scale factor:                 0.500000000
 Calculate indirect contribution:        true
 Method for three electron term:         df_ri
 Auxiliary RI basis set:                 Def2-TZVP-RI
 Number of RI basis functions:         295
 Gaussians in geminal expansion:        10
 UW12 screening threshold:               1.00e-12
 Method for density-fitting:             w(r)
 Number of core spatial orbitals:       10

 Total number of grid points:        15346
 Method for AO orthogonalization:        symmetric
 Threshold for linear dependence:        1.00e-08
 D3BJ dispersion energy:                -0.001733664

 -------------------------------------
  Running unrestricted open-shell SCF 
 -------------------------------------
 Max number of iterations:             128
 Conv. threshold (gradient):             1.00e-05
 Conv. threshold (energy):               1.00e-06
 Interpolation scheme:                   adiis+cdiis
 Initial guess:                          H0

 ---------------------------------------------------------------
                  energy        change          grad        time
 ---------------------------------------------------------------
   0     -1338.339719335                    8.81e+00        6.36
   1     -1329.724600262      8.62e+00      6.12e+00        2.45
   2     -1325.254055103      4.47e+00      7.33e+00        2.29
   3     -1401.497104391     -7.62e+01      2.70e+00        2.23
   4     -1398.141095803      3.36e+00      2.54e+00        2.30
   5     -1400.399853613     -2.26e+00      4.19e+00        2.32
   6     -1403.923402857     -3.52e+00      9.86e-01        2.23
   7     -1403.764421214      1.59e-01      1.25e+00        2.32
   8     -1404.164532856     -4.00e-01      8.95e-02        2.25
   9     -1404.168178224     -3.65e-03      6.20e-02        2.28
  10     -1404.170390266     -2.21e-03      2.94e-02        2.33
  11     -1404.170945736     -5.55e-04      1.45e-02        2.32
  12     -1404.171116171     -1.70e-04      1.15e-02        2.26
  13     -1404.171256394     -1.40e-04      7.02e-03        2.28
  14     -1404.171318210     -6.18e-05      2.80e-03        2.29
  15     -1404.171326494     -8.28e-06      1.44e-03        2.36
  16     -1404.171328778     -2.28e-06      7.81e-04        2.24
  17     -1404.171329707     -9.29e-07      3.91e-04        2.22
  18     -1404.171329996     -2.90e-07      1.05e-04        2.25
  19     -1404.171330006     -1.01e-08      1.31e-05        2.25
  20     -1404.171330006      2.84e-10      5.47e-06        2.32

 SCF converged in 20 iterations.

 Dipole moment (in Debye):               0.000000       0.000000      -4.978145

 Quadrupole moment (in Debye-Angstrom):
                  1            2            3
 1       -28.090537    -0.362616     0.000000
 2        -0.362616   -29.868639    -0.000000
 3         0.000000    -0.000000   -25.598687

 Spin-squared expectation <S^2>:         6.014
 Total spin quantum number S:            2.003
 TOTAL ENERGY:                       -1404.171330006

 --------------------------------------------------------------------------------

 End time:                               Wed Jun  2 12:06:45 2021
 Total wall-clock time:                 56.064 seconds
==================================================================================
