
================================================================================
          _____________ ________ _______________ ________     _________         
         / ___________// ______ \\_____   _____// ______ \   / ________)        
        / /_________  / /      \ \     | |     / /      \ \ | (_______          
       |  __________|| |        | |    | |    | |        | | \________ \        
        \ \_________ | |        | |    | |     \ \______/ /___________) |       
         \__________||_|        |_|    |_|      \________//____________/        
                                                                                
====================================[ Qcore ]===================================

 Git hash:   15a3e7daff0cda5fa9af010ccd19a80288182ecf
 Git date:   Fri, 16 Apr 2021 15:57:16 +0100
 Compiler:   GNU 9.1.0
 Build type: Release
 Version:    1.1.0

 Start time: Wed Jun  2 14:42:54 2021

 Data directory: /work/zw18965/.local/qcore/share/entos/1.1.0/data
 Number of threads: 24
 Number of threads was determined by: number of physical cores

 --------------------------------------------------------------------------------
                                   command: dft                                  
 --------------------------------------------------------------------------------
 AO basis set:                           aug-cc-pvtz
 Number of AO basis functions:         139

 Formula:                                OV
 Nuclear charge:                        31.000000000
 Total charge:                           0.000000000
 Number of electrons:                   31.000000000

 Number of alpha electrons:             17
 Number of beta electrons:              14
 Number of unpaired electrons:           3
 Spin:                                   3
 Multiplicity:                           quartet

 Theory:                                 dft
 Exchange-correlation functional:        blyp
 Method for Coulomb:                     incore_df
 Integral threshold:                     1.00e-12
 DF basis set:                           def2-tzvp-jkfit(spdfghi)
 Number of DF basis functions:         341
 Schwarz screening threshold:            1.00e-10
 Coulomb fitting method:                 Cholesky
 Total number of grid points:        14796
 Method for AO orthogonalization:        symmetric
 Threshold for linear dependence:        1.00e-08

 -------------------------------------
  Running unrestricted open-shell SCF 
 -------------------------------------
 Max number of iterations:             128
 Conv. threshold (gradient):             1.00e-05
 Conv. threshold (energy):               1.00e-06
 Interpolation scheme:                   adiis+cdiis
 Initial guess:                          H0

 ---------------------------------------------------------------
                  energy        change          grad        time
 ---------------------------------------------------------------
   0      -940.512676990                    1.83e+01        0.04
   1      -935.067698489      5.44e+00      8.98e+00        0.03
   2      -963.857636788     -2.88e+01      8.07e+00        0.03
   3     -1014.804534481     -5.09e+01      4.10e+00        0.03
   4     -1008.200129506      6.60e+00      6.58e+00        0.02
   5     -1017.277462773     -9.08e+00      3.09e+00        0.03
   6     -1014.457583436      2.82e+00      3.27e+00        0.03
   7     -1019.184105997     -4.73e+00      6.33e-01        0.03
   8     -1017.000182473      2.18e+00      2.85e+00        0.04
   9     -1019.223278880     -2.22e+00      4.56e-01        0.03
  10     -1019.200011448      2.33e-02      6.20e-01        0.04
  11     -1019.200084270     -7.28e-05      5.85e-01        0.04
  12     -1019.282118241     -8.20e-02      2.43e-01        0.04
  13     -1019.294931336     -1.28e-02      1.20e-01        0.04
  14     -1019.297779120     -2.85e-03      1.13e-01        0.04
  15     -1019.268465003      2.93e-02      3.30e-01        0.04
  16     -1019.297756742     -2.93e-02      1.07e-01        0.04
  17     -1019.299164471     -1.41e-03      7.31e-02        0.04
  18     -1019.300624467     -1.46e-03      1.71e-02        0.04
  19     -1019.300734481     -1.10e-04      6.68e-04        0.03
  20     -1019.300734622     -1.41e-07      3.27e-05        0.02
  21     -1019.300734622     -4.15e-10      1.25e-05        0.03
  22     -1019.300734622     -6.39e-11      2.62e-06        0.02

 SCF converged in 22 iterations.

 Dipole moment (in Debye):              -0.000001      -0.000000      -3.341993

 Quadrupole moment (in Debye-Angstrom):
                  1            2            3
 1       -22.008102     0.000000    -0.000001
 2         0.000000   -22.008102    -0.000001
 3        -0.000001    -0.000001   -22.929367

 Spin-squared expectation <S^2>:         3.782
 Total spin quantum number S:            1.508
 TOTAL ENERGY:                       -1019.300734622
 Saving results in set 'guess'

 --------------------------------------------------------------------------------
                                   command: dft                                  
 --------------------------------------------------------------------------------
 AO basis set:                           aug-cc-pvtz
 Number of AO basis functions:         139

 Formula:                                OV
 Nuclear charge:                        31.000000000
 Total charge:                           0.000000000
 Number of electrons:                   31.000000000

 Number of alpha electrons:             17
 Number of beta electrons:              14
 Number of unpaired electrons:           3
 Spin:                                   3
 Multiplicity:                           quartet

 Theory:                                 dft
 Exchange-correlation functional:        0.5 b88 + 0.75 lyp
 Method for Coulomb:                     incore_df
 Method for exact exchange:              pre_transformed_df
 Integral threshold:                     1.00e-12
 DF basis set:                           def2-tzvp-jkfit(spdfghi)
 Number of DF basis functions:         341
 Schwarz screening threshold:            1.00e-10
 Coulomb fitting method:                 Cholesky

 ------------------
  UW12 Correlation 
 ------------------
 Factor for UW12 correlation:            1.000000000
 Opposite spin scale factor:             0.250000000
 Same spin scale factor:                 0.500000000
 Calculate indirect contribution:        true
 Method for three electron term:         df_ri
 Auxiliary RI basis set:                 Def2-TZVP-RI
 Number of RI basis functions:         258
 Gaussians in geminal expansion:        10
 UW12 screening threshold:               1.00e-12
 Method for density-fitting:             w(r)
 Number of core spatial orbitals:        6

 Total number of grid points:        14796
 Method for AO orthogonalization:        symmetric
 Threshold for linear dependence:        1.00e-08
 D3BJ dispersion energy:                -0.000729514

 -------------------------------------
  Running unrestricted open-shell SCF 
 -------------------------------------
 Max number of iterations:             128
 Conv. threshold (gradient):             1.00e-05
 Conv. threshold (energy):               1.00e-06
 Interpolation scheme:                   adiis+cdiis

 ---------------------------------------------------------------
                  energy        change          grad        time
 ---------------------------------------------------------------
   0     -1019.279488629                    2.50e-01        5.46
   1     -1019.283758535     -4.27e-03      2.87e-02        1.47
   2     -1019.283828996     -7.05e-05      3.81e-02        1.38
   3     -1019.284053858     -2.25e-04      2.23e-02        1.32
   4     -1019.284175713     -1.22e-04      8.05e-03        1.34
   5     -1019.284230266     -5.46e-05      3.35e-03        1.32
   6     -1019.284258573     -2.83e-05      1.50e-03        1.40
   7     -1019.284264727     -6.15e-06      5.91e-04        1.38
   8     -1019.284265015     -2.88e-07      1.75e-04        1.38
   9     -1019.284265041     -2.53e-08      6.65e-05        1.37
  10     -1019.284265044     -3.79e-09      2.38e-05        1.41
  11     -1019.284265044      2.23e-10      7.43e-06        1.40

 SCF converged in 11 iterations.

 Dipole moment (in Debye):               0.000000       0.000000      -3.619942

 Quadrupole moment (in Debye-Angstrom):
                  1            2            3
 1       -21.400230     0.000000    -0.000000
 2         0.000000   -21.400230    -0.000000
 3        -0.000000    -0.000000   -22.475267

 Spin-squared expectation <S^2>:         3.820
 Total spin quantum number S:            1.518
 TOTAL ENERGY:                       -1019.284265045

 --------------------------------------------------------------------------------

 End time:                               Wed Jun  2 14:43:20 2021
 Total wall-clock time:                 26.059 seconds
==================================================================================
