
================================================================================
          _____________ ________ _______________ ________     _________         
         / ___________// ______ \\_____   _____// ______ \   / ________)        
        / /_________  / /      \ \     | |     / /      \ \ | (_______          
       |  __________|| |        | |    | |    | |        | | \________ \        
        \ \_________ | |        | |    | |     \ \______/ /___________) |       
         \__________||_|        |_|    |_|      \________//____________/        
                                                                                
====================================[ Qcore ]===================================

 Git hash:   15a3e7daff0cda5fa9af010ccd19a80288182ecf
 Git date:   Fri, 16 Apr 2021 15:57:16 +0100
 Compiler:   GNU 9.1.0
 Build type: Release
 Version:    1.1.0

 Start time: Wed Jun  2 12:12:50 2021

 Data directory: /work/zw18965/.local/qcore/share/entos/1.1.0/data
 Number of threads: 24
 Number of threads was determined by: command line argument
  - More threads can be used by running 'qcore -n 32'

 --------------------------------------------------------------------------------
                                   command: dft                                  
 --------------------------------------------------------------------------------
 AO basis set:                           aug-cc-pvtz
 Number of AO basis functions:         143

 Formula:                                SV
 Nuclear charge:                        39.000000000
 Total charge:                           0.000000000
 Number of electrons:                   39.000000000

 Number of alpha electrons:             21
 Number of beta electrons:              18
 Number of unpaired electrons:           3
 Spin:                                   3
 Multiplicity:                           quartet

 Theory:                                 dft
 Exchange-correlation functional:        0.5 b88 + 0.75 lyp
 Method for Coulomb:                     incore_df
 Method for exact exchange:              pre_transformed_df
 Integral threshold:                     1.00e-12
 DF basis set:                           def2-tzvp-jkfit(spdfghi)
 Number of DF basis functions:         392
 Schwarz screening threshold:            1.00e-10
 Coulomb fitting method:                 Cholesky

 ------------------
  UW12 Correlation 
 ------------------
 Factor for UW12 correlation:            1.000000000
 Opposite spin scale factor:             0.250000000
 Same spin scale factor:                 0.500000000
 Calculate indirect contribution:        true
 Method for three electron term:         df_ri
 Auxiliary RI basis set:                 Def2-TZVP-RI
 Number of RI basis functions:         295
 Gaussians in geminal expansion:        10
 UW12 screening threshold:               1.00e-12
 Method for density-fitting:             w(r)
 Number of core spatial orbitals:       10

 Total number of grid points:        15202
 Method for AO orthogonalization:        symmetric
 Threshold for linear dependence:        1.00e-08
 D3BJ dispersion energy:                -0.002056034

 -------------------------------------
  Running unrestricted open-shell SCF 
 -------------------------------------
 Max number of iterations:             128
 Conv. threshold (gradient):             1.00e-05
 Conv. threshold (energy):               1.00e-06
 Interpolation scheme:                   adiis+cdiis
 Initial guess:                          H0

 ---------------------------------------------------------------
                  energy        change          grad        time
 ---------------------------------------------------------------
   0     -1272.089393081                    1.48e+01        6.07
   1     -1263.196388196      8.89e+00      6.47e+00        2.08
   2     -1172.880845334      9.03e+01      1.25e+01        2.14
   3     -1324.772937778     -1.52e+02      7.75e+00        2.02
   4     -1336.726236300     -1.20e+01      3.79e+00        2.08
   5     -1341.010472111     -4.28e+00      1.89e+00        2.06
   6     -1341.580846536     -5.70e-01      1.38e+00        2.03
   7     -1342.096772126     -5.16e-01      2.72e-01        2.02
   8     -1342.029496320      6.73e-02      6.40e-01        2.05
   9     -1342.123952627     -9.45e-02      1.40e-01        2.05
  10     -1342.110672294      1.33e-02      2.39e-01        2.13
  11     -1342.128790970     -1.81e-02      4.08e-02        2.03
  12     -1342.126507272      2.28e-03      1.17e-01        2.15
  13     -1342.130172585     -3.67e-03      7.11e-03        2.11
  14     -1342.130254846     -8.23e-05      5.55e-03        2.14
  15     -1342.130270156     -1.53e-05      1.25e-03        2.00
  16     -1342.130274227     -4.07e-06      9.04e-04        2.08
  17     -1342.130274657     -4.30e-07      3.58e-04        2.03
  18     -1342.130274755     -9.81e-08      7.97e-05        2.12
  19     -1342.130274767     -1.19e-08      4.84e-05        2.06
  20     -1342.130274768     -1.05e-09      1.00e-05        2.06
  21     -1342.130274769     -7.30e-10      6.54e-06        2.12

 SCF converged in 21 iterations.

 Dipole moment (in Debye):               0.000000       0.000000      -5.284400

 Quadrupole moment (in Debye-Angstrom):
                  1            2            3
 1       -29.697594    -0.000001    -0.000000
 2        -0.000001   -29.697594    -0.000000
 3        -0.000000    -0.000000   -24.673234

 Spin-squared expectation <S^2>:         3.971
 Total spin quantum number S:            1.554
 TOTAL ENERGY:                       -1342.130274768

 --------------------------------------------------------------------------------

 End time:                               Wed Jun  2 12:13:43 2021
 Total wall-clock time:                 53.150 seconds
==================================================================================
