
================================================================================
          _____________ ________ _______________ ________     _________         
         / ___________// ______ \\_____   _____// ______ \   / ________)        
        / /_________  / /      \ \     | |     / /      \ \ | (_______          
       |  __________|| |        | |    | |    | |        | | \________ \        
        \ \_________ | |        | |    | |     \ \______/ /___________) |       
         \__________||_|        |_|    |_|      \________//____________/        
                                                                                
====================================[ Qcore ]===================================

 Git hash:   15a3e7daff0cda5fa9af010ccd19a80288182ecf
 Git date:   Fri, 16 Apr 2021 15:57:16 +0100
 Compiler:   GNU 9.1.0
 Build type: Release
 Version:    1.1.0

 Start time: Wed Jun  2 12:13:56 2021

 Data directory: /work/zw18965/.local/qcore/share/entos/1.1.0/data
 Number of threads: 24
 Number of threads was determined by: command line argument
  - More threads can be used by running 'qcore -n 32'

 --------------------------------------------------------------------------------
                                   command: dft                                  
 --------------------------------------------------------------------------------
 AO basis set:                           aug-cc-pvtz
 Number of AO basis functions:         139

 Formula:                                FCr
 Nuclear charge:                        33.000000000
 Total charge:                           0.000000000
 Number of electrons:                   33.000000000

 Number of alpha electrons:             19
 Number of beta electrons:              14
 Number of unpaired electrons:           5
 Spin:                                   5
 Multiplicity:                           septet

 Theory:                                 dft
 Exchange-correlation functional:        0.5 b88 + 0.75 lyp
 Method for Coulomb:                     incore_df
 Method for exact exchange:              pre_transformed_df
 Integral threshold:                     1.00e-12
 DF basis set:                           def2-tzvp-jkfit(spdfghi)
 Number of DF basis functions:         341
 Schwarz screening threshold:            1.00e-10
 Coulomb fitting method:                 Cholesky

 ------------------
  UW12 Correlation 
 ------------------
 Factor for UW12 correlation:            1.000000000
 Opposite spin scale factor:             0.250000000
 Same spin scale factor:                 0.500000000
 Calculate indirect contribution:        true
 Method for three electron term:         df_ri
 Auxiliary RI basis set:                 Def2-TZVP-RI
 Number of RI basis functions:         258
 Gaussians in geminal expansion:        10
 UW12 screening threshold:               1.00e-12
 Method for density-fitting:             w(r)
 Number of core spatial orbitals:        6

 Total number of grid points:        14640
 Method for AO orthogonalization:        symmetric
 Threshold for linear dependence:        1.00e-08
 D3BJ dispersion energy:                -0.000463489

 -------------------------------------
  Running unrestricted open-shell SCF 
 -------------------------------------
 Max number of iterations:             128
 Conv. threshold (gradient):             1.00e-05
 Conv. threshold (energy):               1.00e-06
 Interpolation scheme:                   adiis+cdiis
 Initial guess:                          H0

 ---------------------------------------------------------------
                  energy        change          grad        time
 ---------------------------------------------------------------
   0     -1026.555529823                    1.33e+01        4.99
   1     -1028.517795240     -1.96e+00      1.01e+01        1.55
   2     -1072.548317986     -4.40e+01      1.14e+01        1.47
   3     -1137.485758294     -6.49e+01      4.93e+00        1.54
   4     -1133.259715460      4.23e+00      3.76e+00        1.49
   5     -1144.084163249     -1.08e+01      1.34e+00        1.48
   6     -1140.524001880      3.56e+00      3.51e+00        1.59
   7     -1144.289252563     -3.77e+00      9.60e-01        1.47
   8     -1144.456177722     -1.67e-01      3.02e-01        1.47
   9     -1144.453825923      2.35e-03      3.06e-01        1.52
  10     -1144.479208493     -2.54e-02      3.19e-02        1.52
  11     -1144.479778690     -5.70e-04      2.05e-02        1.50
  12     -1144.480174611     -3.96e-04      1.16e-02        1.50
  13     -1144.480422578     -2.48e-04      4.01e-03        1.56
  14     -1144.480437833     -1.53e-05      7.88e-04        1.48
  15     -1144.480438715     -8.82e-07      1.14e-04        1.45
  16     -1144.480438725     -1.01e-08      3.33e-05        1.52
  17     -1144.480438725     -5.91e-11      1.14e-05        1.48
  18     -1144.480438724      8.85e-10      3.16e-06        1.51

 SCF converged in 18 iterations.

 Dipole moment (in Debye):               0.000000       0.000000      -4.536732

 Quadrupole moment (in Debye-Angstrom):
                  1            2            3
 1       -19.531044    -0.000000     0.000000
 2        -0.000000   -19.531041     0.000000
 3         0.000000     0.000000   -21.302943

 Spin-squared expectation <S^2>:         8.761
 Total spin quantum number S:            2.502
 TOTAL ENERGY:                       -1144.480438724

 --------------------------------------------------------------------------------

 End time:                               Wed Jun  2 12:14:31 2021
 Total wall-clock time:                 34.929 seconds
==================================================================================
