
================================================================================
          _____________ ________ _______________ ________     _________         
         / ___________// ______ \\_____   _____// ______ \   / ________)        
        / /_________  / /      \ \     | |     / /      \ \ | (_______          
       |  __________|| |        | |    | |    | |        | | \________ \        
        \ \_________ | |        | |    | |     \ \______/ /___________) |       
         \__________||_|        |_|    |_|      \________//____________/        
                                                                                
====================================[ Qcore ]===================================

 Git hash:   15a3e7daff0cda5fa9af010ccd19a80288182ecf
 Git date:   Fri, 16 Apr 2021 15:57:16 +0100
 Compiler:   GNU 9.1.0
 Build type: Release
 Version:    1.1.0

 Start time: Wed Jun  2 12:18:23 2021

 Data directory: /work/zw18965/.local/qcore/share/entos/1.1.0/data
 Number of threads: 24
 Number of threads was determined by: command line argument
  - More threads can be used by running 'qcore -n 32'

 --------------------------------------------------------------------------------
                                   command: dft                                  
 --------------------------------------------------------------------------------
 AO basis set:                           aug-cc-pvtz
 Number of AO basis functions:         143

 Formula:                                SCr
 Nuclear charge:                        40.000000000
 Total charge:                           0.000000000
 Number of electrons:                   40.000000000

 Number of alpha electrons:             22
 Number of beta electrons:              18
 Number of unpaired electrons:           4
 Spin:                                   4
 Multiplicity:                           quintet

 Theory:                                 dft
 Exchange-correlation functional:        0.5 b88 + 0.75 lyp
 Method for Coulomb:                     incore_df
 Method for exact exchange:              pre_transformed_df
 Integral threshold:                     1.00e-12
 DF basis set:                           def2-tzvp-jkfit(spdfghi)
 Number of DF basis functions:         392
 Schwarz screening threshold:            1.00e-10
 Coulomb fitting method:                 Cholesky

 ------------------
  UW12 Correlation 
 ------------------
 Factor for UW12 correlation:            1.000000000
 Opposite spin scale factor:             0.250000000
 Same spin scale factor:                 0.500000000
 Calculate indirect contribution:        true
 Method for three electron term:         df_ri
 Auxiliary RI basis set:                 Def2-TZVP-RI
 Number of RI basis functions:         295
 Gaussians in geminal expansion:        10
 UW12 screening threshold:               1.00e-12
 Method for density-fitting:             w(r)
 Number of core spatial orbitals:       10

 Total number of grid points:        15178
 Method for AO orthogonalization:        symmetric
 Threshold for linear dependence:        1.00e-08
 D3BJ dispersion energy:                -0.001852373

 -------------------------------------
  Running unrestricted open-shell SCF 
 -------------------------------------
 Max number of iterations:             128
 Conv. threshold (gradient):             1.00e-05
 Conv. threshold (energy):               1.00e-06
 Interpolation scheme:                   adiis+cdiis
 Initial guess:                          H0

 ---------------------------------------------------------------
                  energy        change          grad        time
 ---------------------------------------------------------------
   0     -1344.040039537                    1.51e+01        6.33
   1     -1337.059507263      6.98e+00      7.75e+00        2.43
   2     -1202.773614060      1.34e+02      1.46e+01        2.30
   3     -1422.603894424     -2.20e+02      6.65e+00        2.25
   4     -1433.180195638     -1.06e+01      5.19e+00        2.30
   5     -1442.224598230     -9.04e+00      6.93e-01        2.33
   6     -1441.473089409      7.52e-01      1.34e+00        2.18
   7     -1442.588364508     -1.12e+00      2.61e-01        2.24
   8     -1442.421425806      1.67e-01      8.73e-01        2.32
   9     -1442.610554466     -1.89e-01      1.55e-01        2.25
  10     -1442.613020637     -2.47e-03      1.69e-01        2.20
  11     -1442.620157154     -7.14e-03      6.69e-02        2.19
  12     -1442.620155366      1.79e-06      9.98e-02        2.28
  13     -1442.622748872     -2.59e-03      1.60e-02        2.28
  14     -1442.623264685     -5.16e-04      9.69e-03        2.25
  15     -1442.623431566     -1.67e-04      5.84e-03        2.17
  16     -1442.623469345     -3.78e-05      3.52e-03        2.17
  17     -1442.623486068     -1.67e-05      2.58e-03        2.32
  18     -1442.623498018     -1.20e-05      1.56e-03        2.21
  19     -1442.623503241     -5.22e-06      4.95e-04        2.16
  20     -1442.623503718     -4.77e-07      1.34e-04        2.25
  21     -1442.623503757     -3.84e-08      3.50e-05        2.22
  22     -1442.623503755      1.72e-09      1.30e-05        2.14
  23     -1442.623503754      8.30e-10      1.25e-05        2.21
  24     -1442.623503755     -1.00e-09      1.31e-05        2.23
  25     -1442.623503756     -2.91e-10      1.18e-05        2.24
  26     -1442.623503755      5.92e-10      4.31e-06        2.19

 SCF converged in 26 iterations.

 Dipole moment (in Debye):               0.000011       0.000003      -6.962184

 Quadrupole moment (in Debye-Angstrom):
                  1            2            3
 1       -28.672191    -0.000000    -0.000016
 2        -0.000000   -28.672206    -0.000004
 3        -0.000016    -0.000004   -26.619043

 Spin-squared expectation <S^2>:         6.182
 Total spin quantum number S:            2.036
 TOTAL ENERGY:                       -1442.623503755

 --------------------------------------------------------------------------------

 End time:                               Wed Jun  2 12:19:31 2021
 Total wall-clock time:                 68.396 seconds
==================================================================================
