
================================================================================
          _____________ ________ _______________ ________     _________         
         / ___________// ______ \\_____   _____// ______ \   / ________)        
        / /_________  / /      \ \     | |     / /      \ \ | (_______          
       |  __________|| |        | |    | |    | |        | | \________ \        
        \ \_________ | |        | |    | |     \ \______/ /___________) |       
         \__________||_|        |_|    |_|      \________//____________/        
                                                                                
====================================[ Qcore ]===================================

 Git hash:   15a3e7daff0cda5fa9af010ccd19a80288182ecf
 Git date:   Fri, 16 Apr 2021 15:57:16 +0100
 Compiler:   GNU 9.1.0
 Build type: Release
 Version:    1.1.0

 Start time: Wed Jun  2 12:19:32 2021

 Data directory: /work/zw18965/.local/qcore/share/entos/1.1.0/data
 Number of threads: 24
 Number of threads was determined by: command line argument
  - More threads can be used by running 'qcore -n 32'

 --------------------------------------------------------------------------------
                                   command: dft                                  
 --------------------------------------------------------------------------------
 AO basis set:                           aug-cc-pvtz
 Number of AO basis functions:         116

 Formula:                                HMn
 Nuclear charge:                        26.000000000
 Total charge:                           0.000000000
 Number of electrons:                   26.000000000

 Number of alpha electrons:             16
 Number of beta electrons:              10
 Number of unpaired electrons:           6
 Spin:                                   6
 Multiplicity:                           octet

 Theory:                                 dft
 Exchange-correlation functional:        0.5 b88 + 0.75 lyp
 Method for Coulomb:                     incore_df
 Method for exact exchange:              pre_transformed_df
 Integral threshold:                     1.00e-12
 DF basis set:                           def2-tzvp-jkfit(spdfghi)
 Number of DF basis functions:         282
 Schwarz screening threshold:            1.00e-10
 Coulomb fitting method:                 Cholesky

 ------------------
  UW12 Correlation 
 ------------------
 Factor for UW12 correlation:            1.000000000
 Opposite spin scale factor:             0.250000000
 Same spin scale factor:                 0.500000000
 Calculate indirect contribution:        true
 Method for three electron term:         df_ri
 Auxiliary RI basis set:                 Def2-TZVP-RI
 Number of RI basis functions:         197
 Gaussians in geminal expansion:        10
 UW12 screening threshold:               1.00e-12
 Method for density-fitting:             w(r)
 Number of core spatial orbitals:        5

 Total number of grid points:        13826
 Method for AO orthogonalization:        symmetric
 Threshold for linear dependence:        1.00e-08
 D3BJ dispersion energy:                -0.000490331

 -------------------------------------
  Running unrestricted open-shell SCF 
 -------------------------------------
 Max number of iterations:             128
 Conv. threshold (gradient):             1.00e-05
 Conv. threshold (energy):               1.00e-06
 Interpolation scheme:                   adiis+cdiis
 Initial guess:                          H0

 ---------------------------------------------------------------
                  energy        change          grad        time
 ---------------------------------------------------------------
   0     -1090.611025304                    9.18e+00        3.31
   1     -1066.951852939      2.37e+01      8.87e+00        0.65
   2     -1131.179817319     -6.42e+01      5.73e+00        0.62
   3     -1147.687722912     -1.65e+01      3.74e+00        0.61
   4     -1148.747780838     -1.06e+00      2.99e+00        0.59
   5     -1151.587823792     -2.84e+00      5.84e-01        0.60
   6     -1151.528713644      5.91e-02      7.81e-01        0.59
   7     -1151.653886242     -1.25e-01      1.11e-01        0.59
   8     -1151.654610164     -7.24e-04      1.07e-01        0.61
   9     -1151.657189641     -2.58e-03      4.50e-02        0.59
  10     -1151.657358848     -1.69e-04      4.34e-02        0.60
  11     -1151.657952740     -5.94e-04      1.38e-03        0.58
  12     -1151.657954610     -1.87e-06      2.34e-04        0.59
  13     -1151.657954683     -7.31e-08      7.39e-05        0.60
  14     -1151.657954695     -1.23e-08      3.84e-05        0.58
  15     -1151.657954695     -1.13e-10      1.06e-05        0.62
  16     -1151.657954695      2.66e-10      2.15e-06        0.60

 SCF converged in 16 iterations.

 Dipole moment (in Debye):              -0.000000      -0.000000      -1.207944

 Quadrupole moment (in Debye-Angstrom):
                  1            2            3
 1       -16.497721     0.000000     0.000000
 2         0.000000   -16.497722     0.000000
 3         0.000000     0.000000   -24.863126

 Spin-squared expectation <S^2>:        12.003
 Total spin quantum number S:            3.000
 TOTAL ENERGY:                       -1151.657954695

 --------------------------------------------------------------------------------

 End time:                               Wed Jun  2 12:19:46 2021
 Total wall-clock time:                 14.807 seconds
==================================================================================
