
================================================================================
          _____________ ________ _______________ ________     _________         
         / ___________// ______ \\_____   _____// ______ \   / ________)        
        / /_________  / /      \ \     | |     / /      \ \ | (_______          
       |  __________|| |        | |    | |    | |        | | \________ \        
        \ \_________ | |        | |    | |     \ \______/ /___________) |       
         \__________||_|        |_|    |_|      \________//____________/        
                                                                                
====================================[ Qcore ]===================================

 Git hash:   15a3e7daff0cda5fa9af010ccd19a80288182ecf
 Git date:   Fri, 16 Apr 2021 15:57:16 +0100
 Compiler:   GNU 9.1.0
 Build type: Release
 Version:    1.1.0

 Start time: Wed Jun  2 12:19:46 2021

 Data directory: /work/zw18965/.local/qcore/share/entos/1.1.0/data
 Number of threads: 24
 Number of threads was determined by: command line argument
  - More threads can be used by running 'qcore -n 32'

 --------------------------------------------------------------------------------
                                   command: dft                                  
 --------------------------------------------------------------------------------
 AO basis set:                           aug-cc-pvtz
 Number of AO basis functions:         139

 Formula:                                FMn
 Nuclear charge:                        34.000000000
 Total charge:                           0.000000000
 Number of electrons:                   34.000000000

 Number of alpha electrons:             20
 Number of beta electrons:              14
 Number of unpaired electrons:           6
 Spin:                                   6
 Multiplicity:                           octet

 Theory:                                 dft
 Exchange-correlation functional:        0.5 b88 + 0.75 lyp
 Method for Coulomb:                     incore_df
 Method for exact exchange:              pre_transformed_df
 Integral threshold:                     1.00e-12
 DF basis set:                           def2-tzvp-jkfit(spdfghi)
 Number of DF basis functions:         341
 Schwarz screening threshold:            1.00e-10
 Coulomb fitting method:                 Cholesky

 ------------------
  UW12 Correlation 
 ------------------
 Factor for UW12 correlation:            1.000000000
 Opposite spin scale factor:             0.250000000
 Same spin scale factor:                 0.500000000
 Calculate indirect contribution:        true
 Method for three electron term:         df_ri
 Auxiliary RI basis set:                 Def2-TZVP-RI
 Number of RI basis functions:         258
 Gaussians in geminal expansion:        10
 UW12 screening threshold:               1.00e-12
 Method for density-fitting:             w(r)
 Number of core spatial orbitals:        6

 Total number of grid points:        14748
 Method for AO orthogonalization:        symmetric
 Threshold for linear dependence:        1.00e-08
 D3BJ dispersion energy:                -0.000422674

 -------------------------------------
  Running unrestricted open-shell SCF 
 -------------------------------------
 Max number of iterations:             128
 Conv. threshold (gradient):             1.00e-05
 Conv. threshold (energy):               1.00e-06
 Interpolation scheme:                   adiis+cdiis
 Initial guess:                          H0

 ---------------------------------------------------------------
                  energy        change          grad        time
 ---------------------------------------------------------------
   0     -1111.906811914                    1.51e+01        5.03
   1     -1117.833801043     -5.93e+00      9.91e+00        1.60
   2     -1173.513244281     -5.57e+01      1.16e+01        1.62
   3     -1243.741541895     -7.02e+01      5.23e+00        1.60
   4     -1233.744832829      1.00e+01      5.16e+00        1.62
   5     -1250.493343987     -1.67e+01      1.51e+00        1.54
   6     -1246.062348157      4.43e+00      4.67e+00        1.52
   7     -1250.841285809     -4.78e+00      9.98e-01        1.59
   8     -1251.025564163     -1.84e-01      3.75e-01        1.53
   9     -1251.034324491     -8.76e-03      3.41e-01        1.60
  10     -1251.059033049     -2.47e-02      5.76e-02        1.61
  11     -1251.057413800      1.62e-03      9.75e-02        1.54
  12     -1251.060111715     -2.70e-03      9.12e-04        1.54
  13     -1251.060112673     -9.58e-07      2.78e-04        1.63
  14     -1251.060112726     -5.35e-08      6.30e-05        1.60
  15     -1251.060112727     -8.00e-10      1.03e-05        1.69
  16     -1251.060112728     -1.27e-09      2.88e-06        1.58

 SCF converged in 16 iterations.

 Dipole moment (in Debye):               0.000000       0.000000      -2.708603

 Quadrupole moment (in Debye-Angstrom):
                  1            2            3
 1       -19.298158     0.000000     0.000000
 2         0.000000   -19.298158     0.000000
 3         0.000000     0.000000   -27.211206

 Spin-squared expectation <S^2>:        12.003
 Total spin quantum number S:            3.000
 TOTAL ENERGY:                       -1251.060112729

 --------------------------------------------------------------------------------

 End time:                               Wed Jun  2 12:20:20 2021
 Total wall-clock time:                 33.335 seconds
==================================================================================
