
================================================================================
          _____________ ________ _______________ ________     _________         
         / ___________// ______ \\_____   _____// ______ \   / ________)        
        / /_________  / /      \ \     | |     / /      \ \ | (_______          
       |  __________|| |        | |    | |    | |        | | \________ \        
        \ \_________ | |        | |    | |     \ \______/ /___________) |       
         \__________||_|        |_|    |_|      \________//____________/        
                                                                                
====================================[ Qcore ]===================================

 Git hash:   15a3e7daff0cda5fa9af010ccd19a80288182ecf
 Git date:   Fri, 16 Apr 2021 15:57:16 +0100
 Compiler:   GNU 9.1.0
 Build type: Release
 Version:    1.1.0

 Start time: Wed Jun  2 12:21:09 2021

 Data directory: /work/zw18965/.local/qcore/share/entos/1.1.0/data
 Number of threads: 24
 Number of threads was determined by: command line argument
  - More threads can be used by running 'qcore -n 32'

 --------------------------------------------------------------------------------
                                   command: dft                                  
 --------------------------------------------------------------------------------
 AO basis set:                           aug-cc-pvtz
 Number of AO basis functions:         152

 Formula:                                MnBr
 Nuclear charge:                        60.000000000
 Total charge:                           0.000000000
 Number of electrons:                   60.000000000

 Number of alpha electrons:             33
 Number of beta electrons:              27
 Number of unpaired electrons:           6
 Spin:                                   6
 Multiplicity:                           octet

 Theory:                                 dft
 Exchange-correlation functional:        0.5 b88 + 0.75 lyp
 Method for Coulomb:                     incore_df
 Method for exact exchange:              pre_transformed_df
 Integral threshold:                     1.00e-12
 DF basis set:                           def2-tzvp-jkfit(spdfghi)
 Number of DF basis functions:         530
 Schwarz screening threshold:            1.00e-10
 Coulomb fitting method:                 Cholesky

 ------------------
  UW12 Correlation 
 ------------------
 Factor for UW12 correlation:            1.000000000
 Opposite spin scale factor:             0.250000000
 Same spin scale factor:                 0.500000000
 Calculate indirect contribution:        true
 Method for three electron term:         df_ri
 Auxiliary RI basis set:                 Def2-TZVP-RI
 Number of RI basis functions:         341
 Gaussians in geminal expansion:        10
 UW12 screening threshold:               1.00e-12
 Method for density-fitting:             w(r)
 Number of core spatial orbitals:       14

 Total number of grid points:        16100
 Method for AO orthogonalization:        symmetric
 Threshold for linear dependence:        1.00e-08
 D3BJ dispersion energy:                -0.001695913

 -------------------------------------
  Running unrestricted open-shell SCF 
 -------------------------------------
 Max number of iterations:             128
 Conv. threshold (gradient):             1.00e-05
 Conv. threshold (energy):               1.00e-06
 Interpolation scheme:                   adiis+cdiis
 Initial guess:                          H0

 ---------------------------------------------------------------
                  energy        change          grad        time
 ---------------------------------------------------------------
   0     -3649.740699753                    1.09e+01       12.64
   1     -3625.765089741      2.40e+01      6.43e+00        6.95
   2     -3486.590351636      1.39e+02      1.13e+01        6.99
   3     -3710.994445495     -2.24e+02      4.36e+00        7.00
   4     -3714.031030544     -3.04e+00      4.67e+00        7.15
   5     -3721.400235646     -7.37e+00      2.62e+00        7.13
   6     -3724.043376876     -2.64e+00      2.62e+00        7.00
   7     -3725.432138993     -1.39e+00      5.71e-01        6.91
   8     -3725.440663292     -8.52e-03      4.95e-01        7.07
   9     -3725.549135762     -1.08e-01      1.71e-01        7.02
  10     -3725.539784021      9.35e-03      1.95e-01        6.94
  11     -3725.558784422     -1.90e-02      2.63e-02        7.08
  12     -3725.558665848      1.19e-04      3.61e-02        6.97
  13     -3725.559222189     -5.56e-04      1.20e-03        7.11
  14     -3725.559222297     -1.09e-07      3.97e-04        7.05
  15     -3725.559223190     -8.93e-07      1.65e-04        7.02
  16     -3725.559223164      2.61e-08      3.18e-05        7.07
  17     -3725.559223166     -2.66e-09      7.39e-06        7.17

 SCF converged in 17 iterations.

 Dipole moment (in Debye):               0.000000       0.000000      -3.086914

 Quadrupole moment (in Debye-Angstrom):
                  1            2            3
 1       -33.867404     0.000000    -0.000000
 2         0.000000   -33.867404    -0.000000
 3        -0.000000    -0.000000   -35.768974

 Spin-squared expectation <S^2>:        12.004
 Total spin quantum number S:            3.001
 TOTAL ENERGY:                       -3725.559223174

 --------------------------------------------------------------------------------

 End time:                               Wed Jun  2 12:23:31 2021
 Total wall-clock time:                141.196 seconds
==================================================================================
