
================================================================================
          _____________ ________ _______________ ________     _________         
         / ___________// ______ \\_____   _____// ______ \   / ________)        
        / /_________  / /      \ \     | |     / /      \ \ | (_______          
       |  __________|| |        | |    | |    | |        | | \________ \        
        \ \_________ | |        | |    | |     \ \______/ /___________) |       
         \__________||_|        |_|    |_|      \________//____________/        
                                                                                
====================================[ Qcore ]===================================

 Git hash:   15a3e7daff0cda5fa9af010ccd19a80288182ecf
 Git date:   Fri, 16 Apr 2021 15:57:16 +0100
 Compiler:   GNU 9.1.0
 Build type: Release
 Version:    1.1.0

 Start time: Wed Jun  2 12:23:31 2021

 Data directory: /work/zw18965/.local/qcore/share/entos/1.1.0/data
 Number of threads: 24
 Number of threads was determined by: command line argument
  - More threads can be used by running 'qcore -n 32'

 --------------------------------------------------------------------------------
                                   command: dft                                  
 --------------------------------------------------------------------------------
 AO basis set:                           aug-cc-pvtz
 Number of AO basis functions:         139

 Formula:                                OMn
 Nuclear charge:                        33.000000000
 Total charge:                           0.000000000
 Number of electrons:                   33.000000000

 Number of alpha electrons:             19
 Number of beta electrons:              14
 Number of unpaired electrons:           5
 Spin:                                   5
 Multiplicity:                           septet

 Theory:                                 dft
 Exchange-correlation functional:        0.5 b88 + 0.75 lyp
 Method for Coulomb:                     incore_df
 Method for exact exchange:              pre_transformed_df
 Integral threshold:                     1.00e-12
 DF basis set:                           def2-tzvp-jkfit(spdfghi)
 Number of DF basis functions:         341
 Schwarz screening threshold:            1.00e-10
 Coulomb fitting method:                 Cholesky

 ------------------
  UW12 Correlation 
 ------------------
 Factor for UW12 correlation:            1.000000000
 Opposite spin scale factor:             0.250000000
 Same spin scale factor:                 0.500000000
 Calculate indirect contribution:        true
 Method for three electron term:         df_ri
 Auxiliary RI basis set:                 Def2-TZVP-RI
 Number of RI basis functions:         258
 Gaussians in geminal expansion:        10
 UW12 screening threshold:               1.00e-12
 Method for density-fitting:             w(r)
 Number of core spatial orbitals:        6

 Total number of grid points:        14880
 Method for AO orthogonalization:        symmetric
 Threshold for linear dependence:        1.00e-08
 D3BJ dispersion energy:                -0.000591909

 -------------------------------------
  Running unrestricted open-shell SCF 
 -------------------------------------
 Max number of iterations:             128
 Conv. threshold (gradient):             1.00e-05
 Conv. threshold (energy):               1.00e-06
 Interpolation scheme:                   adiis+cdiis
 Initial guess:                          H0

 ---------------------------------------------------------------
                  energy        change          grad        time
 ---------------------------------------------------------------
   0     -1109.428699606                    2.04e+01        5.11
   1     -1111.826727035     -2.40e+00      9.33e+00        1.68
   2     -1163.156949607     -5.13e+01      1.24e+01        1.64
   3     -1221.303345040     -5.81e+01      4.65e+00        1.59
   4     -1208.248557494      1.31e+01      5.51e+00        1.59
   5     -1225.838625199     -1.76e+01      1.36e+00        1.59
   6     -1222.172824765      3.67e+00      2.59e+00        1.58
   7     -1226.181356564     -4.01e+00      7.37e-01        1.67
   8     -1226.301675189     -1.20e-01      4.16e-01        1.60
   9     -1226.300981099      6.94e-04      4.73e-01        1.59
  10     -1226.293757268      7.22e-03      5.24e-01        1.52
  11     -1226.355649387     -6.19e-02      5.96e-02        1.56
  12     -1226.353895885      1.75e-03      1.03e-01        1.58
  13     -1226.356751675     -2.86e-03      5.54e-03        1.51
  14     -1226.356810664     -5.90e-05      1.93e-03        1.51
  15     -1226.356817103     -6.44e-06      7.49e-04        1.53
  16     -1226.356817709     -6.06e-07      5.62e-04        1.56
  17     -1226.356817985     -2.76e-07      1.67e-04        1.53
  18     -1226.356818014     -2.88e-08      2.28e-05        1.57
  19     -1226.356818016     -2.35e-09      6.51e-06        1.57

 SCF converged in 19 iterations.

 Dipole moment (in Debye):              -0.000000      -0.000000      -5.095341

 Quadrupole moment (in Debye-Angstrom):
                  1            2            3
 1       -19.765910    -0.000000    -0.000000
 2        -0.000000   -19.765909    -0.000000
 3        -0.000000    -0.000000   -22.317501

 Spin-squared expectation <S^2>:         8.809
 Total spin quantum number S:            2.510
 TOTAL ENERGY:                       -1226.356818016

 --------------------------------------------------------------------------------

 End time:                               Wed Jun  2 12:24:09 2021
 Total wall-clock time:                 38.009 seconds
==================================================================================
