
================================================================================
          _____________ ________ _______________ ________     _________         
         / ___________// ______ \\_____   _____// ______ \   / ________)        
        / /_________  / /      \ \     | |     / /      \ \ | (_______          
       |  __________|| |        | |    | |    | |        | | \________ \        
        \ \_________ | |        | |    | |     \ \______/ /___________) |       
         \__________||_|        |_|    |_|      \________//____________/        
                                                                                
====================================[ Qcore ]===================================

 Git hash:   15a3e7daff0cda5fa9af010ccd19a80288182ecf
 Git date:   Fri, 16 Apr 2021 15:57:16 +0100
 Compiler:   GNU 9.1.0
 Build type: Release
 Version:    1.1.0

 Start time: Wed Jun  2 12:25:23 2021

 Data directory: /work/zw18965/.local/qcore/share/entos/1.1.0/data
 Number of threads: 24
 Number of threads was determined by: command line argument
  - More threads can be used by running 'qcore -n 32'

 --------------------------------------------------------------------------------
                                   command: dft                                  
 --------------------------------------------------------------------------------
 AO basis set:                           aug-cc-pvtz
 Number of AO basis functions:         139

 Formula:                                FFe
 Nuclear charge:                        35.000000000
 Total charge:                           0.000000000
 Number of electrons:                   35.000000000

 Number of alpha electrons:             20
 Number of beta electrons:              15
 Number of unpaired electrons:           5
 Spin:                                   5
 Multiplicity:                           septet

 Theory:                                 dft
 Exchange-correlation functional:        0.5 b88 + 0.75 lyp
 Method for Coulomb:                     incore_df
 Method for exact exchange:              pre_transformed_df
 Integral threshold:                     1.00e-12
 DF basis set:                           def2-tzvp-jkfit(spdfghi)
 Number of DF basis functions:         341
 Schwarz screening threshold:            1.00e-10
 Coulomb fitting method:                 Cholesky

 ------------------
  UW12 Correlation 
 ------------------
 Factor for UW12 correlation:            1.000000000
 Opposite spin scale factor:             0.250000000
 Same spin scale factor:                 0.500000000
 Calculate indirect contribution:        true
 Method for three electron term:         df_ri
 Auxiliary RI basis set:                 Def2-TZVP-RI
 Number of RI basis functions:         258
 Gaussians in geminal expansion:        10
 UW12 screening threshold:               1.00e-12
 Method for density-fitting:             w(r)
 Number of core spatial orbitals:        6

 Total number of grid points:        14748
 Method for AO orthogonalization:        symmetric
 Threshold for linear dependence:        1.00e-08
 D3BJ dispersion energy:                -0.000395121

 -------------------------------------
  Running unrestricted open-shell SCF 
 -------------------------------------
 Max number of iterations:             128
 Conv. threshold (gradient):             1.00e-05
 Conv. threshold (energy):               1.00e-06
 Interpolation scheme:                   adiis+cdiis
 Initial guess:                          H0

 ---------------------------------------------------------------
                  energy        change          grad        time
 ---------------------------------------------------------------
   0     -1207.061677507                    1.57e+01        5.14
   1     -1209.801555864     -2.74e+00      1.03e+01        1.83
   2     -1276.189709782     -6.64e+01      1.33e+01        1.77
   3     -1354.824776258     -7.86e+01      5.63e+00        1.74
   4     -1344.836612525      9.99e+00      8.28e+00        1.80
   5     -1362.965043672     -1.81e+01      1.84e+00        1.76
   6     -1354.604376029      8.36e+00      3.90e+00        1.76
   7     -1363.378042917     -8.77e+00      1.41e+00        1.78
   8     -1363.723271088     -3.45e-01      4.02e-01        1.75
   9     -1363.708520975      1.48e-02      5.17e-01        1.70
  10     -1363.760831905     -5.23e-02      4.94e-02        1.69
  11     -1363.760144497      6.87e-04      7.33e-02        1.76
  12     -1363.761643792     -1.50e-03      2.02e-03        1.80
  13     -1363.761646320     -2.53e-06      6.46e-04        1.67
  14     -1363.761646499     -1.79e-07      1.28e-04        1.74
  15     -1363.761646503     -3.95e-09      4.09e-05        1.75
  16     -1363.761646503      1.51e-10      8.01e-06        1.79

 SCF converged in 16 iterations.

 Dipole moment (in Debye):               0.000000       0.000000      -2.584337

 Quadrupole moment (in Debye-Angstrom):
                  1            2            3
 1       -18.901385    -0.249242     0.000000
 2        -0.249242   -18.900788     0.000000
 3         0.000000     0.000000   -26.475295

 Spin-squared expectation <S^2>:         8.754
 Total spin quantum number S:            2.501
 TOTAL ENERGY:                       -1363.761646502

 --------------------------------------------------------------------------------

 End time:                               Wed Jun  2 12:25:59 2021
 Total wall-clock time:                 36.269 seconds
==================================================================================
