
================================================================================
          _____________ ________ _______________ ________     _________         
         / ___________// ______ \\_____   _____// ______ \   / ________)        
        / /_________  / /      \ \     | |     / /      \ \ | (_______          
       |  __________|| |        | |    | |    | |        | | \________ \        
        \ \_________ | |        | |    | |     \ \______/ /___________) |       
         \__________||_|        |_|    |_|      \________//____________/        
                                                                                
====================================[ Qcore ]===================================

 Git hash:   15a3e7daff0cda5fa9af010ccd19a80288182ecf
 Git date:   Fri, 16 Apr 2021 15:57:16 +0100
 Compiler:   GNU 9.1.0
 Build type: Release
 Version:    1.1.0

 Start time: Wed Jun  2 12:29:40 2021

 Data directory: /work/zw18965/.local/qcore/share/entos/1.1.0/data
 Number of threads: 24
 Number of threads was determined by: command line argument
  - More threads can be used by running 'qcore -n 32'

 --------------------------------------------------------------------------------
                                   command: dft                                  
 --------------------------------------------------------------------------------
 AO basis set:                           aug-cc-pvtz
 Number of AO basis functions:         139

 Formula:                                OFe
 Nuclear charge:                        34.000000000
 Total charge:                           0.000000000
 Number of electrons:                   34.000000000

 Number of alpha electrons:             19
 Number of beta electrons:              15
 Number of unpaired electrons:           4
 Spin:                                   4
 Multiplicity:                           quintet

 Theory:                                 dft
 Exchange-correlation functional:        0.5 b88 + 0.75 lyp
 Method for Coulomb:                     incore_df
 Method for exact exchange:              pre_transformed_df
 Integral threshold:                     1.00e-12
 DF basis set:                           def2-tzvp-jkfit(spdfghi)
 Number of DF basis functions:         341
 Schwarz screening threshold:            1.00e-10
 Coulomb fitting method:                 Cholesky

 ------------------
  UW12 Correlation 
 ------------------
 Factor for UW12 correlation:            1.000000000
 Opposite spin scale factor:             0.250000000
 Same spin scale factor:                 0.500000000
 Calculate indirect contribution:        true
 Method for three electron term:         df_ri
 Auxiliary RI basis set:                 Def2-TZVP-RI
 Number of RI basis functions:         258
 Gaussians in geminal expansion:        10
 UW12 screening threshold:               1.00e-12
 Method for density-fitting:             w(r)
 Number of core spatial orbitals:        6

 Total number of grid points:        14880
 Method for AO orthogonalization:        symmetric
 Threshold for linear dependence:        1.00e-08
 D3BJ dispersion energy:                -0.000552983

 -------------------------------------
  Running unrestricted open-shell SCF 
 -------------------------------------
 Max number of iterations:             128
 Conv. threshold (gradient):             1.00e-05
 Conv. threshold (energy):               1.00e-06
 Interpolation scheme:                   adiis+cdiis
 Initial guess:                          H0

 ---------------------------------------------------------------
                  energy        change          grad        time
 ---------------------------------------------------------------
   0     -1206.339506033                    1.98e+01        5.08
   1     -1204.959219626      1.38e+00      9.58e+00        1.66
   2     -1266.616754495     -6.17e+01      1.41e+01        1.55
   3     -1332.611824059     -6.60e+01      5.04e+00        1.57
   4     -1323.097703422      9.51e+00      6.68e+00        1.54
   5     -1338.159573324     -1.51e+01      2.07e+00        1.60
   6     -1331.332643300      6.83e+00      3.89e+00        1.55
   7     -1338.618870929     -7.29e+00      1.38e+00        1.61
   8     -1338.958540492     -3.40e-01      6.95e-01        1.54
   9     -1338.653205709      3.05e-01      1.40e+00        1.52
  10     -1339.032449262     -3.79e-01      3.91e-01        1.56
  11     -1338.984321008      4.81e-02      6.31e-01        1.51
  12     -1339.066198155     -8.19e-02      2.26e-01        1.56
  13     -1339.053791853      1.24e-02      3.24e-01        1.53
  14     -1339.073851946     -2.01e-02      1.35e-01        1.54
  15     -1339.070086951      3.76e-03      1.91e-01        1.55
  16     -1339.076991712     -6.90e-03      7.15e-02        1.60
  17     -1339.073237341      3.75e-03      1.49e-01        1.55
  18     -1339.078713295     -5.48e-03      3.32e-03        1.51
  19     -1339.078753794     -4.05e-05      3.51e-03        1.54
  20     -1339.078760443     -6.65e-06      6.24e-04        1.51
  21     -1339.078760823     -3.80e-07      2.55e-04        1.59
  22     -1339.078760857     -3.46e-08      3.62e-05        1.60
  23     -1339.078760859     -1.96e-09      1.52e-05        1.51
  24     -1339.078760860     -5.52e-10      3.30e-06        1.49

 SCF converged in 24 iterations.

 Dipole moment (in Debye):              -0.000000      -0.000000      -4.004039

 Quadrupole moment (in Debye-Angstrom):
                  1            2            3
 1       -20.425586    -0.000092     0.000000
 2        -0.000092   -20.425586     0.000000
 3         0.000000     0.000000   -21.518417

 Spin-squared expectation <S^2>:         6.213
 Total spin quantum number S:            2.042
 TOTAL ENERGY:                       -1339.078760860

 --------------------------------------------------------------------------------

 End time:                               Wed Jun  2 12:30:25 2021
 Total wall-clock time:                 45.417 seconds
==================================================================================
