
================================================================================
          _____________ ________ _______________ ________     _________         
         / ___________// ______ \\_____   _____// ______ \   / ________)        
        / /_________  / /      \ \     | |     / /      \ \ | (_______          
       |  __________|| |        | |    | |    | |        | | \________ \        
        \ \_________ | |        | |    | |     \ \______/ /___________) |       
         \__________||_|        |_|    |_|      \________//____________/        
                                                                                
====================================[ Qcore ]===================================

 Git hash:   15a3e7daff0cda5fa9af010ccd19a80288182ecf
 Git date:   Fri, 16 Apr 2021 15:57:16 +0100
 Compiler:   GNU 9.1.0
 Build type: Release
 Version:    1.1.0

 Start time: Wed Jun  2 12:33:51 2021

 Data directory: /work/zw18965/.local/qcore/share/entos/1.1.0/data
 Number of threads: 24
 Number of threads was determined by: command line argument
  - More threads can be used by running 'qcore -n 32'

 --------------------------------------------------------------------------------
                                   command: dft                                  
 --------------------------------------------------------------------------------
 AO basis set:                           aug-cc-pvtz
 Number of AO basis functions:         143

 Formula:                                ClCo
 Nuclear charge:                        44.000000000
 Total charge:                           0.000000000
 Number of electrons:                   44.000000000

 Number of alpha electrons:             23
 Number of beta electrons:              21
 Number of unpaired electrons:           2
 Spin:                                   2
 Multiplicity:                           triplet

 Theory:                                 dft
 Exchange-correlation functional:        0.5 b88 + 0.75 lyp
 Method for Coulomb:                     incore_df
 Method for exact exchange:              pre_transformed_df
 Integral threshold:                     1.00e-12
 DF basis set:                           def2-tzvp-jkfit(spdfghi)
 Number of DF basis functions:         392
 Schwarz screening threshold:            1.00e-10
 Coulomb fitting method:                 Cholesky

 ------------------
  UW12 Correlation 
 ------------------
 Factor for UW12 correlation:            1.000000000
 Opposite spin scale factor:             0.250000000
 Same spin scale factor:                 0.500000000
 Calculate indirect contribution:        true
 Method for three electron term:         df_ri
 Auxiliary RI basis set:                 Def2-TZVP-RI
 Number of RI basis functions:         295
 Gaussians in geminal expansion:        10
 UW12 screening threshold:               1.00e-12
 Method for density-fitting:             w(r)
 Number of core spatial orbitals:       10

 Total number of grid points:        15430
 Method for AO orthogonalization:        symmetric
 Threshold for linear dependence:        1.00e-08
 D3BJ dispersion energy:                -0.001301466

 -------------------------------------
  Running unrestricted open-shell SCF 
 -------------------------------------
 Max number of iterations:             128
 Conv. threshold (gradient):             1.00e-05
 Conv. threshold (energy):               1.00e-06
 Interpolation scheme:                   adiis+cdiis
 Initial guess:                          H0

 ---------------------------------------------------------------
                  energy        change          grad        time
 ---------------------------------------------------------------
   0     -1666.975582028                    1.77e+01        6.69
   1     -1662.610639804      4.36e+00      9.76e+00        2.88
   2     -1528.161126470      1.34e+02      1.73e+01        2.74
   3     -1819.504578296     -2.91e+02      8.23e+00        2.63
   4     -1815.750026389      3.75e+00      6.57e+00        2.76
   5     -1842.063655037     -2.63e+01      1.21e+00        2.76
   6     -1838.015241102      4.05e+00      3.21e+00        2.76
   7     -1842.978516111     -4.96e+00      5.40e-01        2.72
   8     -1842.832892715      1.46e-01      1.00e+00        2.76
   9     -1843.100533495     -2.68e-01      1.53e-01        2.71
  10     -1843.097204452      3.33e-03      2.12e-01        2.66
  11     -1843.109723016     -1.25e-02      7.19e-02        2.75
  12     -1843.105848120      3.87e-03      1.77e-01        2.70
  13     -1843.111381557     -5.53e-03      1.64e-02        2.66
  14     -1843.111863265     -4.82e-04      1.47e-02        2.75
  15     -1843.112175227     -3.12e-04      1.12e-02        2.67
  16     -1843.112081927      9.33e-05      1.17e-02        2.67
  17     -1843.111926645      1.55e-04      9.26e-03        2.68
  18     -1843.111863365      6.33e-05      3.28e-03        2.69
  19     -1843.111882676     -1.93e-05      2.20e-03        2.68
  20     -1843.111880317      2.36e-06      1.40e-03        2.73
  21     -1843.111880767     -4.49e-07      3.92e-04        2.71
  22     -1843.111880685      8.14e-08      2.12e-04        2.70
  23     -1843.111880693     -7.49e-09      4.68e-05        2.69
  24     -1843.111880695     -1.89e-09      2.21e-05        2.69
  25     -1843.111880694      1.28e-09      4.86e-06        2.64

 SCF converged in 25 iterations.

 Dipole moment (in Debye):               0.000000       0.000000      -4.636453

 Quadrupole moment (in Debye-Angstrom):
                  1            2            3
 1       -27.094182     0.000019    -0.000001
 2         0.000019   -27.094180    -0.000001
 3        -0.000001    -0.000001   -25.157823

 Spin-squared expectation <S^2>:         2.146
 Total spin quantum number S:            1.048
 TOTAL ENERGY:                       -1843.111880696

 --------------------------------------------------------------------------------

 End time:                               Wed Jun  2 12:35:09 2021
 Total wall-clock time:                 78.705 seconds
==================================================================================
