
================================================================================
          _____________ ________ _______________ ________     _________         
         / ___________// ______ \\_____   _____// ______ \   / ________)        
        / /_________  / /      \ \     | |     / /      \ \ | (_______          
       |  __________|| |        | |    | |    | |        | | \________ \        
        \ \_________ | |        | |    | |     \ \______/ /___________) |       
         \__________||_|        |_|    |_|      \________//____________/        
                                                                                
====================================[ Qcore ]===================================

 Git hash:   15a3e7daff0cda5fa9af010ccd19a80288182ecf
 Git date:   Fri, 16 Apr 2021 15:57:16 +0100
 Compiler:   GNU 9.1.0
 Build type: Release
 Version:    1.1.0

 Start time: Wed Jun  2 12:35:09 2021

 Data directory: /work/zw18965/.local/qcore/share/entos/1.1.0/data
 Number of threads: 24
 Number of threads was determined by: command line argument
  - More threads can be used by running 'qcore -n 32'

 --------------------------------------------------------------------------------
                                   command: dft                                  
 --------------------------------------------------------------------------------
 AO basis set:                           aug-cc-pvtz
 Number of AO basis functions:         152

 Formula:                                CoBr
 Nuclear charge:                        62.000000000
 Total charge:                           0.000000000
 Number of electrons:                   62.000000000

 Number of alpha electrons:             32
 Number of beta electrons:              30
 Number of unpaired electrons:           2
 Spin:                                   2
 Multiplicity:                           triplet

 Theory:                                 dft
 Exchange-correlation functional:        0.5 b88 + 0.75 lyp
 Method for Coulomb:                     incore_df
 Method for exact exchange:              pre_transformed_df
 Integral threshold:                     1.00e-12
 DF basis set:                           def2-tzvp-jkfit(spdfghi)
 Number of DF basis functions:         530
 Schwarz screening threshold:            1.00e-10
 Coulomb fitting method:                 Cholesky

 ------------------
  UW12 Correlation 
 ------------------
 Factor for UW12 correlation:            1.000000000
 Opposite spin scale factor:             0.250000000
 Same spin scale factor:                 0.500000000
 Calculate indirect contribution:        true
 Method for three electron term:         df_ri
 Auxiliary RI basis set:                 Def2-TZVP-RI
 Number of RI basis functions:         341
 Gaussians in geminal expansion:        10
 UW12 screening threshold:               1.00e-12
 Method for density-fitting:             w(r)
 Number of core spatial orbitals:       14

 Total number of grid points:        16100
 Method for AO orthogonalization:        symmetric
 Threshold for linear dependence:        1.00e-08
 D3BJ dispersion energy:                -0.001590762

 -------------------------------------
  Running unrestricted open-shell SCF 
 -------------------------------------
 Max number of iterations:             128
 Conv. threshold (gradient):             1.00e-05
 Conv. threshold (energy):               1.00e-06
 Interpolation scheme:                   adiis+cdiis
 Initial guess:                          H0

 ---------------------------------------------------------------
                  energy        change          grad        time
 ---------------------------------------------------------------
   0     -3872.528914729                    1.03e+01       13.61
   1     -3811.034856383      6.15e+01      9.99e+00        8.25
   2     -3878.786996232     -6.78e+01      9.72e+00        8.25
   3     -3917.962391664     -3.92e+01      9.20e+00        8.55
   4     -3940.461088379     -2.25e+01      3.22e+00        8.53
   5     -3953.870566267     -1.34e+01      4.23e+00        8.34
   6     -3932.967781204      2.09e+01      6.06e+00        8.39
   7     -3955.709382734     -2.27e+01      3.03e+00        8.12
   8     -3956.919269129     -1.21e+00      1.78e+00        8.37
   9     -3957.013159173     -9.39e-02      1.37e+00        8.44
  10     -3957.379255264     -3.66e-01      1.90e-01        8.26
  11     -3957.365572286      1.37e-02      3.55e-01        8.35
  12     -3957.392770978     -2.72e-02      1.31e-01        8.37
  13     -3957.391439735      1.33e-03      2.06e-01        8.28
  14     -3957.398432871     -6.99e-03      8.73e-02        8.38
  15     -3957.398944503     -5.12e-04      1.18e-01        8.35
  16     -3957.402864513     -3.92e-03      1.88e-02        8.19
  17     -3957.403514768     -6.50e-04      1.31e-02        8.38
  18     -3957.403861135     -3.46e-04      6.73e-03        8.32
  19     -3957.403898032     -3.69e-05      3.14e-03        8.02
  20     -3957.403915076     -1.70e-05      2.17e-03        8.28
  21     -3957.403926496     -1.14e-05      1.68e-03        8.33
  22     -3957.403930587     -4.09e-06      7.69e-04        8.32
  23     -3957.403931767     -1.18e-06      4.11e-04        7.89
  24     -3957.403931887     -1.21e-07      9.25e-05        7.99
  25     -3957.403931861      2.68e-08      3.23e-05        8.29
  26     -3957.403931878     -1.74e-08      1.34e-05        8.12
  27     -3957.403931883     -5.35e-09      7.88e-06        8.25

 SCF converged in 27 iterations.

 Dipole moment (in Debye):               0.000000       0.000000      -4.859710

 Quadrupole moment (in Debye-Angstrom):
                  1            2            3
 1       -32.533367    -0.283955    -0.000000
 2        -0.283955   -32.526920    -0.000000
 3        -0.000000    -0.000000   -24.927420

 Spin-squared expectation <S^2>:         2.025
 Total spin quantum number S:            1.008
 TOTAL ENERGY:                       -3957.403931884

 --------------------------------------------------------------------------------

 End time:                               Wed Jun  2 12:39:16 2021
 Total wall-clock time:                247.089 seconds
==================================================================================
