
================================================================================
          _____________ ________ _______________ ________     _________         
         / ___________// ______ \\_____   _____// ______ \   / ________)        
        / /_________  / /      \ \     | |     / /      \ \ | (_______          
       |  __________|| |        | |    | |    | |        | | \________ \        
        \ \_________ | |        | |    | |     \ \______/ /___________) |       
         \__________||_|        |_|    |_|      \________//____________/        
                                                                                
====================================[ Qcore ]===================================

 Git hash:   15a3e7daff0cda5fa9af010ccd19a80288182ecf
 Git date:   Fri, 16 Apr 2021 15:57:16 +0100
 Compiler:   GNU 9.1.0
 Build type: Release
 Version:    1.1.0

 Start time: Wed Jun  2 12:40:01 2021

 Data directory: /work/zw18965/.local/qcore/share/entos/1.1.0/data
 Number of threads: 24
 Number of threads was determined by: command line argument
  - More threads can be used by running 'qcore -n 32'

 --------------------------------------------------------------------------------
                                   command: dft                                  
 --------------------------------------------------------------------------------
 AO basis set:                           aug-cc-pvtz
 Number of AO basis functions:         143

 Formula:                                SCo
 Nuclear charge:                        43.000000000
 Total charge:                           0.000000000
 Number of electrons:                   43.000000000

 Number of alpha electrons:             23
 Number of beta electrons:              20
 Number of unpaired electrons:           3
 Spin:                                   3
 Multiplicity:                           quartet

 Theory:                                 dft
 Exchange-correlation functional:        0.5 b88 + 0.75 lyp
 Method for Coulomb:                     incore_df
 Method for exact exchange:              pre_transformed_df
 Integral threshold:                     1.00e-12
 DF basis set:                           def2-tzvp-jkfit(spdfghi)
 Number of DF basis functions:         392
 Schwarz screening threshold:            1.00e-10
 Coulomb fitting method:                 Cholesky

 ------------------
  UW12 Correlation 
 ------------------
 Factor for UW12 correlation:            1.000000000
 Opposite spin scale factor:             0.250000000
 Same spin scale factor:                 0.500000000
 Calculate indirect contribution:        true
 Method for three electron term:         df_ri
 Auxiliary RI basis set:                 Def2-TZVP-RI
 Number of RI basis functions:         295
 Gaussians in geminal expansion:        10
 UW12 screening threshold:               1.00e-12
 Method for density-fitting:             w(r)
 Number of core spatial orbitals:       10

 Total number of grid points:        15286
 Method for AO orthogonalization:        symmetric
 Threshold for linear dependence:        1.00e-08
 D3BJ dispersion energy:                -0.001522795

 -------------------------------------
  Running unrestricted open-shell SCF 
 -------------------------------------
 Max number of iterations:             128
 Conv. threshold (gradient):             1.00e-05
 Conv. threshold (energy):               1.00e-06
 Interpolation scheme:                   adiis+cdiis
 Initial guess:                          H0

 ---------------------------------------------------------------
                  energy        change          grad        time
 ---------------------------------------------------------------
   0     -1627.677266473                    1.94e+01        6.60
   1     -1617.668381530      1.00e+01      9.36e+00        2.67
   2     -1507.447273997      1.10e+02      1.77e+01        2.60
   3     -1762.540694512     -2.55e+02      7.36e+00        2.57
   4     -1754.651962340      7.89e+00      6.94e+00        2.51
   5     -1780.118602565     -2.55e+01      1.25e+00        2.49
   6     -1773.997525185      6.12e+00      4.42e+00        2.67
   7     -1780.712093581     -6.71e+00      6.95e-01        2.66
   8     -1778.438505880      2.27e+00      3.64e+00        2.51
   9     -1780.939803203     -2.50e+00      3.58e-01        2.49
  10     -1779.458029059      1.48e+00      2.60e+00        2.48
  11     -1780.984527286     -1.53e+00      2.17e-01        2.56
  12     -1781.012150793     -2.76e-02      1.09e-01        2.56
  13     -1781.010321632      1.83e-03      1.45e-01        2.60
  14     -1781.015649474     -5.33e-03      5.47e-02        2.49
  15     -1781.012305496      3.34e-03      1.24e-01        2.57
  16     -1781.016654770     -4.35e-03      4.93e-03        2.57
  17     -1781.016668330     -1.36e-05      1.38e-03        2.49
  18     -1781.016670733     -2.40e-06      6.39e-04        2.58
  19     -1781.016671474     -7.41e-07      3.62e-04        2.71
  20     -1781.016671907     -4.33e-07      6.17e-04        2.60
  21     -1781.016671793      1.15e-07      4.87e-04        2.60
  22     -1781.016671638      1.54e-07      1.49e-04        2.53
  23     -1781.016671668     -2.98e-08      2.54e-04        2.63
  24     -1781.016671622      4.61e-08      6.19e-05        2.54
  25     -1781.016671619      2.84e-09      1.21e-05        2.66
  26     -1781.016671621     -1.45e-09      9.35e-06        2.45

 SCF converged in 26 iterations.

 Dipole moment (in Debye):              -0.000094      -0.000093      -5.594362

 Quadrupole moment (in Debye-Angstrom):
                  1            2            3
 1       -28.902640    -0.000000     0.000132
 2        -0.000000   -28.902640     0.000132
 3         0.000132     0.000132   -25.980113

 Spin-squared expectation <S^2>:         3.785
 Total spin quantum number S:            1.509
 TOTAL ENERGY:                       -1781.016671619

 --------------------------------------------------------------------------------

 End time:                               Wed Jun  2 12:41:19 2021
 Total wall-clock time:                 77.370 seconds
==================================================================================
