
================================================================================
          _____________ ________ _______________ ________     _________         
         / ___________// ______ \\_____   _____// ______ \   / ________)        
        / /_________  / /      \ \     | |     / /      \ \ | (_______          
       |  __________|| |        | |    | |    | |        | | \________ \        
        \ \_________ | |        | |    | |     \ \______/ /___________) |       
         \__________||_|        |_|    |_|      \________//____________/        
                                                                                
====================================[ Qcore ]===================================

 Git hash:   15a3e7daff0cda5fa9af010ccd19a80288182ecf
 Git date:   Fri, 16 Apr 2021 15:57:16 +0100
 Compiler:   GNU 9.1.0
 Build type: Release
 Version:    1.1.0

 Start time: Wed Jun  2 12:48:20 2021

 Data directory: /work/zw18965/.local/qcore/share/entos/1.1.0/data
 Number of threads: 24
 Number of threads was determined by: command line argument
  - More threads can be used by running 'qcore -n 32'

 --------------------------------------------------------------------------------
                                   command: dft                                  
 --------------------------------------------------------------------------------
 AO basis set:                           aug-cc-pvtz
 Number of AO basis functions:         139

 Formula:                                ONi
 Nuclear charge:                        36.000000000
 Total charge:                           0.000000000
 Number of electrons:                   36.000000000

 Number of alpha electrons:             19
 Number of beta electrons:              17
 Number of unpaired electrons:           2
 Spin:                                   2
 Multiplicity:                           triplet

 Theory:                                 dft
 Exchange-correlation functional:        0.5 b88 + 0.75 lyp
 Method for Coulomb:                     incore_df
 Method for exact exchange:              pre_transformed_df
 Integral threshold:                     1.00e-12
 DF basis set:                           def2-tzvp-jkfit(spdfghi)
 Number of DF basis functions:         341
 Schwarz screening threshold:            1.00e-10
 Coulomb fitting method:                 Cholesky

 ------------------
  UW12 Correlation 
 ------------------
 Factor for UW12 correlation:            1.000000000
 Opposite spin scale factor:             0.250000000
 Same spin scale factor:                 0.500000000
 Calculate indirect contribution:        true
 Method for three electron term:         df_ri
 Auxiliary RI basis set:                 Def2-TZVP-RI
 Number of RI basis functions:         258
 Gaussians in geminal expansion:        10
 UW12 screening threshold:               1.00e-12
 Method for density-fitting:             w(r)
 Number of core spatial orbitals:        6

 Total number of grid points:        14880
 Method for AO orthogonalization:        symmetric
 Threshold for linear dependence:        1.00e-08
 D3BJ dispersion energy:                -0.000570033

 -------------------------------------
  Running unrestricted open-shell SCF 
 -------------------------------------
 Max number of iterations:             128
 Conv. threshold (gradient):             1.00e-05
 Conv. threshold (energy):               1.00e-06
 Interpolation scheme:                   adiis+cdiis
 Initial guess:                          H0

 ---------------------------------------------------------------
                  energy        change          grad        time
 ---------------------------------------------------------------
   0     -1402.663751444                    1.71e+01        5.34
   1     -1404.007530812     -1.34e+00      9.76e+00        1.85
   2     -1499.288377515     -9.53e+01      1.53e+01        1.81
   3     -1576.475372883     -7.72e+01      5.96e+00        1.70
   4     -1570.330144590      6.15e+00      5.48e+00        1.84
   5     -1582.597556716     -1.23e+01      2.27e+00        1.79
   6     -1575.595988687      7.00e+00      3.39e+00        1.82
   7     -1583.179120396     -7.58e+00      1.69e+00        1.80
   8     -1583.483561548     -3.04e-01      1.26e+00        1.72
   9     -1583.593024348     -1.09e-01      9.02e-01        1.75
  10     -1583.740450636     -1.47e-01      5.36e-01        1.69
  11     -1583.767240089     -2.68e-02      3.77e-01        1.73
  12     -1583.796476366     -2.92e-02      1.45e-01        1.76
  13     -1583.767885775      2.86e-02      3.95e-01        1.75
  14     -1583.796820479     -2.89e-02      1.21e-01        1.73
  15     -1583.800938817     -4.12e-03      2.94e-02        1.73
  16     -1583.800396123      5.43e-04      5.35e-02        1.67
  17     -1583.801320344     -9.24e-04      3.15e-03        1.75
  18     -1583.801338251     -1.79e-05      2.24e-03        1.77
  19     -1583.801345640     -7.39e-06      8.25e-04        1.78
  20     -1583.801346292     -6.51e-07      2.00e-04        1.68
  21     -1583.801346311     -1.87e-08      4.50e-05        1.73
  22     -1583.801346311     -2.67e-10      1.17e-05        1.80
  23     -1583.801346310      4.78e-10      9.71e-06        1.74

 SCF converged in 23 iterations.

 Dipole moment (in Debye):              -0.000000      -0.000000      -4.088555

 Quadrupole moment (in Debye-Angstrom):
                  1            2            3
 1       -18.757349    -0.000000     0.000000
 2        -0.000000   -18.757348     0.000000
 3         0.000000     0.000000   -18.574065

 Spin-squared expectation <S^2>:         2.072
 Total spin quantum number S:            1.024
 TOTAL ENERGY:                       -1583.801346311

 --------------------------------------------------------------------------------

 End time:                               Wed Jun  2 12:49:09 2021
 Total wall-clock time:                 48.879 seconds
==================================================================================
