
================================================================================
          _____________ ________ _______________ ________     _________         
         / ___________// ______ \\_____   _____// ______ \   / ________)        
        / /_________  / /      \ \     | |     / /      \ \ | (_______          
       |  __________|| |        | |    | |    | |        | | \________ \        
        \ \_________ | |        | |    | |     \ \______/ /___________) |       
         \__________||_|        |_|    |_|      \________//____________/        
                                                                                
====================================[ Qcore ]===================================

 Git hash:   15a3e7daff0cda5fa9af010ccd19a80288182ecf
 Git date:   Fri, 16 Apr 2021 15:57:16 +0100
 Compiler:   GNU 9.1.0
 Build type: Release
 Version:    1.1.0

 Start time: Wed Jun  2 12:49:09 2021

 Data directory: /work/zw18965/.local/qcore/share/entos/1.1.0/data
 Number of threads: 24
 Number of threads was determined by: command line argument
  - More threads can be used by running 'qcore -n 32'

 --------------------------------------------------------------------------------
                                   command: dft                                  
 --------------------------------------------------------------------------------
 AO basis set:                           aug-cc-pvtz
 Number of AO basis functions:         143

 Formula:                                SNi
 Nuclear charge:                        44.000000000
 Total charge:                           0.000000000
 Number of electrons:                   44.000000000

 Number of alpha electrons:             23
 Number of beta electrons:              21
 Number of unpaired electrons:           2
 Spin:                                   2
 Multiplicity:                           triplet

 Theory:                                 dft
 Exchange-correlation functional:        0.5 b88 + 0.75 lyp
 Method for Coulomb:                     incore_df
 Method for exact exchange:              pre_transformed_df
 Integral threshold:                     1.00e-12
 DF basis set:                           def2-tzvp-jkfit(spdfghi)
 Number of DF basis functions:         392
 Schwarz screening threshold:            1.00e-10
 Coulomb fitting method:                 Cholesky

 ------------------
  UW12 Correlation 
 ------------------
 Factor for UW12 correlation:            1.000000000
 Opposite spin scale factor:             0.250000000
 Same spin scale factor:                 0.500000000
 Calculate indirect contribution:        true
 Method for three electron term:         df_ri
 Auxiliary RI basis set:                 Def2-TZVP-RI
 Number of RI basis functions:         295
 Gaussians in geminal expansion:        10
 UW12 screening threshold:               1.00e-12
 Method for density-fitting:             w(r)
 Number of core spatial orbitals:       10

 Total number of grid points:        15286
 Method for AO orthogonalization:        symmetric
 Threshold for linear dependence:        1.00e-08
 D3BJ dispersion energy:                -0.001581554

 -------------------------------------
  Running unrestricted open-shell SCF 
 -------------------------------------
 Max number of iterations:             128
 Conv. threshold (gradient):             1.00e-05
 Conv. threshold (energy):               1.00e-06
 Interpolation scheme:                   adiis+cdiis
 Initial guess:                          H0

 ---------------------------------------------------------------
                  energy        change          grad        time
 ---------------------------------------------------------------
   0     -1727.143697182                    1.99e+01        6.78
   1     -1719.819194976      7.32e+00      9.49e+00        2.65
   2     -1619.142806621      1.01e+02      1.79e+01        2.79
   3     -1889.546280212     -2.70e+02      7.15e+00        2.66
   4     -1871.261241117      1.83e+01      7.22e+00        2.85
   5     -1905.719799278     -3.45e+01      1.31e+00        2.66
   6     -1900.439279972      5.28e+00      3.11e+00        2.64
   7     -1906.351813386     -5.91e+00      7.22e-01        2.74
   8     -1906.573514251     -2.22e-01      6.47e-01        2.68
   9     -1905.955491183      6.18e-01      2.16e+00        2.56
  10     -1906.632960523     -6.77e-01      4.34e-01        2.73
  11     -1906.679818434     -4.69e-02      9.45e-02        2.64
  12     -1906.676054275      3.76e-03      1.72e-01        2.70
  13     -1906.683393472     -7.34e-03      9.07e-03        2.79
  14     -1906.683444082     -5.06e-05      5.26e-03        2.74
  15     -1906.683473642     -2.96e-05      3.08e-03        2.63
  16     -1906.683489311     -1.57e-05      3.11e-03        2.62
  17     -1906.683486817      2.49e-06      3.07e-03        2.63
  18     -1906.683450967      3.59e-05      2.39e-03        2.71
  19     -1906.683412802      3.82e-05      1.39e-03        2.75
  20     -1906.683410001      2.80e-06      9.14e-04        2.67
  21     -1906.683409720      2.81e-07      5.55e-04        2.65
  22     -1906.683411324     -1.60e-06      5.18e-04        2.68
  23     -1906.683415133     -3.81e-06      4.60e-04        2.58
  24     -1906.683424173     -9.04e-06      2.77e-04        2.69
  25     -1906.683426727     -2.55e-06      3.10e-04        2.75
  26     -1906.683427028     -3.01e-07      1.76e-04        2.71
  27     -1906.683427179     -1.51e-07      1.71e-04        2.66
  28     -1906.683427160      1.89e-08      1.55e-04        2.74
  29     -1906.683427130      2.99e-08      1.20e-04        2.59
  30     -1906.683427127      3.07e-09      9.38e-05        2.80
  31     -1906.683427130     -3.00e-09      9.52e-05        2.73
  32     -1906.683427139     -8.33e-09      1.00e-04        2.62
  33     -1906.683427136      2.35e-09      9.68e-05        2.76
  34     -1906.683427118      1.87e-08      6.98e-05        2.60
  35     -1906.683427107      1.04e-08      2.41e-05        2.73
  36     -1906.683427106      1.40e-09      1.18e-05        2.69
  37     -1906.683427107     -8.76e-10      9.70e-06        2.67

 SCF converged in 37 iterations.

 Dipole moment (in Debye):               0.000001       0.000001      -4.026964

 Quadrupole moment (in Debye-Angstrom):
                  1            2            3
 1       -26.061719     0.305270    -0.000000
 2         0.305270   -28.741778     0.000001
 3        -0.000000     0.000001   -24.701997

 Spin-squared expectation <S^2>:         2.013
 Total spin quantum number S:            1.004
 TOTAL ENERGY:                       -1906.683427107

 --------------------------------------------------------------------------------

 End time:                               Wed Jun  2 12:50:59 2021
 Total wall-clock time:                110.513 seconds
==================================================================================
