
================================================================================
          _____________ ________ _______________ ________     _________         
         / ___________// ______ \\_____   _____// ______ \   / ________)        
        / /_________  / /      \ \     | |     / /      \ \ | (_______          
       |  __________|| |        | |    | |    | |        | | \________ \        
        \ \_________ | |        | |    | |     \ \______/ /___________) |       
         \__________||_|        |_|    |_|      \________//____________/        
                                                                                
====================================[ Qcore ]===================================

 Git hash:   15a3e7daff0cda5fa9af010ccd19a80288182ecf
 Git date:   Fri, 16 Apr 2021 15:57:16 +0100
 Compiler:   GNU 9.1.0
 Build type: Release
 Version:    1.1.0

 Start time: Wed Jun  2 12:55:38 2021

 Data directory: /work/zw18965/.local/qcore/share/entos/1.1.0/data
 Number of threads: 24
 Number of threads was determined by: command line argument
  - More threads can be used by running 'qcore -n 32'

 --------------------------------------------------------------------------------
                                   command: dft                                  
 --------------------------------------------------------------------------------
 AO basis set:                           aug-cc-pvtz
 Number of AO basis functions:         116

 Formula:                                HZn
 Nuclear charge:                        31.000000000
 Total charge:                           0.000000000
 Number of electrons:                   31.000000000

 Number of alpha electrons:             16
 Number of beta electrons:              15
 Number of unpaired electrons:           1
 Spin:                                   1
 Multiplicity:                           doublet

 Theory:                                 dft
 Exchange-correlation functional:        0.5 b88 + 0.75 lyp
 Method for Coulomb:                     incore_df
 Method for exact exchange:              pre_transformed_df
 Integral threshold:                     1.00e-12
 DF basis set:                           def2-tzvp-jkfit(spdfghi)
 Number of DF basis functions:         282
 Schwarz screening threshold:            1.00e-10
 Coulomb fitting method:                 Cholesky

 ------------------
  UW12 Correlation 
 ------------------
 Factor for UW12 correlation:            1.000000000
 Opposite spin scale factor:             0.250000000
 Same spin scale factor:                 0.500000000
 Calculate indirect contribution:        true
 Method for three electron term:         df_ri
 Auxiliary RI basis set:                 Def2-TZVP-RI
 Number of RI basis functions:         200
 Gaussians in geminal expansion:        10
 UW12 screening threshold:               1.00e-12
 Method for density-fitting:             w(r)
 Number of core spatial orbitals:        5

 Total number of grid points:        13826
 Method for AO orthogonalization:        symmetric
 Threshold for linear dependence:        1.00e-08
 D3BJ dispersion energy:                -0.000357943

 -------------------------------------
  Running unrestricted open-shell SCF 
 -------------------------------------
 Max number of iterations:             128
 Conv. threshold (gradient):             1.00e-05
 Conv. threshold (energy):               1.00e-06
 Interpolation scheme:                   adiis+cdiis
 Initial guess:                          H0

 ---------------------------------------------------------------
                  energy        change          grad        time
 ---------------------------------------------------------------
   0     -1642.729557164                    1.21e+01        3.75
   1     -1593.222505585      4.95e+01      1.15e+01        0.83
   2     -1728.547197367     -1.35e+02      1.17e+01        0.79
   3     -1772.814496589     -4.43e+01      5.37e+00        0.80
   4     -1772.985570657     -1.71e-01      4.39e+00        0.78
   5     -1780.297078825     -7.31e+00      1.86e-01        0.78
   6     -1780.296453652      6.25e-04      1.73e-01        0.80
   7     -1780.302457180     -6.00e-03      8.95e-02        0.79
   8     -1780.303495200     -1.04e-03      5.03e-02        0.81
   9     -1780.304221007     -7.26e-04      3.55e-03        0.77
  10     -1780.304233717     -1.27e-05      1.24e-03        0.78
  11     -1780.304235606     -1.89e-06      6.84e-04        0.73
  12     -1780.304235953     -3.48e-07      1.43e-04        0.76
  13     -1780.304235972     -1.87e-08      1.73e-05        0.75
  14     -1780.304235970      1.72e-09      6.09e-06        0.81

 SCF converged in 14 iterations.

 Dipole moment (in Debye):               0.000000       0.000000      -0.537398

 Quadrupole moment (in Debye-Angstrom):
                  1            2            3
 1       -14.962691     0.000000    -0.000000
 2         0.000000   -14.962692    -0.000000
 3        -0.000000    -0.000000   -19.053823

 Spin-squared expectation <S^2>:         0.759
 Total spin quantum number S:            0.504
 TOTAL ENERGY:                       -1780.304235971

 --------------------------------------------------------------------------------

 End time:                               Wed Jun  2 12:55:55 2021
 Total wall-clock time:                 16.855 seconds
==================================================================================
