
================================================================================
          _____________ ________ _______________ ________     _________         
         / ___________// ______ \\_____   _____// ______ \   / ________)        
        / /_________  / /      \ \     | |     / /      \ \ | (_______          
       |  __________|| |        | |    | |    | |        | | \________ \        
        \ \_________ | |        | |    | |     \ \______/ /___________) |       
         \__________||_|        |_|    |_|      \________//____________/        
                                                                                
====================================[ Qcore ]===================================

 Git hash:   15a3e7daff0cda5fa9af010ccd19a80288182ecf
 Git date:   Fri, 16 Apr 2021 15:57:16 +0100
 Compiler:   GNU 9.1.0
 Build type: Release
 Version:    1.1.0

 Start time: Wed Jun  2 12:55:55 2021

 Data directory: /work/zw18965/.local/qcore/share/entos/1.1.0/data
 Number of threads: 24
 Number of threads was determined by: command line argument
  - More threads can be used by running 'qcore -n 32'

 --------------------------------------------------------------------------------
                                   command: dft                                  
 --------------------------------------------------------------------------------
 AO basis set:                           aug-cc-pvtz
 Number of AO basis functions:         139

 Formula:                                FZn
 Nuclear charge:                        39.000000000
 Total charge:                           0.000000000
 Number of electrons:                   39.000000000

 Number of alpha electrons:             20
 Number of beta electrons:              19
 Number of unpaired electrons:           1
 Spin:                                   1
 Multiplicity:                           doublet

 Theory:                                 dft
 Exchange-correlation functional:        0.5 b88 + 0.75 lyp
 Method for Coulomb:                     incore_df
 Method for exact exchange:              pre_transformed_df
 Integral threshold:                     1.00e-12
 DF basis set:                           def2-tzvp-jkfit(spdfghi)
 Number of DF basis functions:         341
 Schwarz screening threshold:            1.00e-10
 Coulomb fitting method:                 Cholesky

 ------------------
  UW12 Correlation 
 ------------------
 Factor for UW12 correlation:            1.000000000
 Opposite spin scale factor:             0.250000000
 Same spin scale factor:                 0.500000000
 Calculate indirect contribution:        true
 Method for three electron term:         df_ri
 Auxiliary RI basis set:                 Def2-TZVP-RI
 Number of RI basis functions:         261
 Gaussians in geminal expansion:        10
 UW12 screening threshold:               1.00e-12
 Method for density-fitting:             w(r)
 Number of core spatial orbitals:        6

 Total number of grid points:        14748
 Method for AO orthogonalization:        symmetric
 Threshold for linear dependence:        1.00e-08
 D3BJ dispersion energy:                -0.000399077

 -------------------------------------
  Running unrestricted open-shell SCF 
 -------------------------------------
 Max number of iterations:             128
 Conv. threshold (gradient):             1.00e-05
 Conv. threshold (energy):               1.00e-06
 Interpolation scheme:                   adiis+cdiis
 Initial guess:                          H0

 ---------------------------------------------------------------
                  energy        change          grad        time
 ---------------------------------------------------------------
   0     -1593.431673513                    2.06e+01        6.51
   1     -1618.159465446     -2.47e+01      1.08e+01        2.26
   2     -1755.642398696     -1.37e+02      2.04e+01        2.17
   3     -1870.528827763     -1.15e+02      5.93e+00        2.10
   4     -1870.757393472     -2.29e-01      5.05e+00        2.21
   5     -1879.168803543     -8.41e+00      1.66e+00        2.14
   6     -1878.694218526      4.75e-01      1.88e+00        2.04
   7     -1879.649948421     -9.56e-01      2.53e-01        2.15
   8     -1879.632981025      1.70e-02      3.81e-01        2.21
   9     -1879.666987391     -3.40e-02      3.23e-02        2.11
  10     -1879.667186400     -1.99e-04      2.87e-02        2.13
  11     -1879.667411096     -2.25e-04      1.94e-03        2.15
  12     -1879.667412819     -1.72e-06      2.98e-04        2.19
  13     -1879.667412861     -4.25e-08      7.01e-05        2.16
  14     -1879.667412861      6.28e-10      1.80e-05        2.07
  15     -1879.667412861     -7.22e-10      5.93e-06        2.10

 SCF converged in 15 iterations.

 Dipole moment (in Debye):              -0.000000      -0.000000      -3.294691

 Quadrupole moment (in Debye-Angstrom):
                  1            2            3
 1       -17.715202     0.000000    -0.000000
 2         0.000000   -17.715202    -0.000000
 3        -0.000000    -0.000000   -23.816457

 Spin-squared expectation <S^2>:         0.752
 Total spin quantum number S:            0.501
 TOTAL ENERGY:                       -1879.667412861

 --------------------------------------------------------------------------------

 End time:                               Wed Jun  2 12:56:38 2021
 Total wall-clock time:                 42.583 seconds
==================================================================================
