
================================================================================
          _____________ ________ _______________ ________     _________         
         / ___________// ______ \\_____   _____// ______ \   / ________)        
        / /_________  / /      \ \     | |     / /      \ \ | (_______          
       |  __________|| |        | |    | |    | |        | | \________ \        
        \ \_________ | |        | |    | |     \ \______/ /___________) |       
         \__________||_|        |_|    |_|      \________//____________/        
                                                                                
====================================[ Qcore ]===================================

 Git hash:   15a3e7daff0cda5fa9af010ccd19a80288182ecf
 Git date:   Fri, 16 Apr 2021 15:57:16 +0100
 Compiler:   GNU 9.1.0
 Build type: Release
 Version:    1.1.0

 Start time: Wed Jun  2 12:57:43 2021

 Data directory: /work/zw18965/.local/qcore/share/entos/1.1.0/data
 Number of threads: 24
 Number of threads was determined by: command line argument
  - More threads can be used by running 'qcore -n 32'

 --------------------------------------------------------------------------------
                                   command: dft                                  
 --------------------------------------------------------------------------------
 AO basis set:                           aug-cc-pvtz
 Number of AO basis functions:         152

 Formula:                                ZnBr
 Nuclear charge:                        65.000000000
 Total charge:                           0.000000000
 Number of electrons:                   65.000000000

 Number of alpha electrons:             33
 Number of beta electrons:              32
 Number of unpaired electrons:           1
 Spin:                                   1
 Multiplicity:                           doublet

 Theory:                                 dft
 Exchange-correlation functional:        0.5 b88 + 0.75 lyp
 Method for Coulomb:                     incore_df
 Method for exact exchange:              pre_transformed_df
 Integral threshold:                     1.00e-12
 DF basis set:                           def2-tzvp-jkfit(spdfghi)
 Number of DF basis functions:         530
 Schwarz screening threshold:            1.00e-10
 Coulomb fitting method:                 Cholesky

 ------------------
  UW12 Correlation 
 ------------------
 Factor for UW12 correlation:            1.000000000
 Opposite spin scale factor:             0.250000000
 Same spin scale factor:                 0.500000000
 Calculate indirect contribution:        true
 Method for three electron term:         df_ri
 Auxiliary RI basis set:                 Def2-TZVP-RI
 Number of RI basis functions:         344
 Gaussians in geminal expansion:        10
 UW12 screening threshold:               1.00e-12
 Method for density-fitting:             w(r)
 Number of core spatial orbitals:       14

 Total number of grid points:        16100
 Method for AO orthogonalization:        symmetric
 Threshold for linear dependence:        1.00e-08
 D3BJ dispersion energy:                -0.001630558

 -------------------------------------
  Running unrestricted open-shell SCF 
 -------------------------------------
 Max number of iterations:             128
 Conv. threshold (gradient):             1.00e-05
 Conv. threshold (energy):               1.00e-06
 Interpolation scheme:                   adiis+cdiis
 Initial guess:                          H0

 ---------------------------------------------------------------
                  energy        change          grad        time
 ---------------------------------------------------------------
   0     -4128.370777045                    2.84e+01       14.71
   1     -4128.306462099      6.43e-02      1.05e+01        8.87
   2     -3575.904430222      5.52e+02      1.64e+01        8.26
   3     -4317.100982641     -7.41e+02      9.14e+00        8.29
   4     -4311.335683350      5.77e+00      7.60e+00        8.58
   5     -4353.100947763     -4.18e+01      1.42e+00        8.51
   6     -4351.829129555      1.27e+00      3.33e+00        8.26
   7     -4354.162352703     -2.33e+00      1.96e-01        8.63
   8     -4354.169463665     -7.11e-03      1.32e-01        8.36
   9     -4354.179970431     -1.05e-02      6.34e-02        8.33
  10     -4354.177214537      2.76e-03      1.09e-01        8.36
  11     -4354.181342468     -4.13e-03      4.26e-03        8.59
  12     -4354.181375469     -3.30e-05      1.32e-03        8.46
  13     -4354.181375220      2.50e-07      6.39e-04        8.95
  14     -4354.181375585     -3.65e-07      1.67e-04        8.70
  15     -4354.181375661     -7.64e-08      5.79e-05        8.70
  16     -4354.181375672     -1.08e-08      9.51e-06        8.61

 SCF converged in 16 iterations.

 Dipole moment (in Debye):               0.000000       0.000000      -2.824931

 Quadrupole moment (in Debye-Angstrom):
                  1            2            3
 1       -32.304415    -0.000000    -0.000000
 2        -0.000000   -32.304415    -0.000000
 3        -0.000000    -0.000000   -32.000426

 Spin-squared expectation <S^2>:         0.753
 Total spin quantum number S:            0.502
 TOTAL ENERGY:                       -4354.181375669

 --------------------------------------------------------------------------------

 End time:                               Wed Jun  2 13:00:26 2021
 Total wall-clock time:                162.234 seconds
==================================================================================
