
================================================================================
          _____________ ________ _______________ ________     _________         
         / ___________// ______ \\_____   _____// ______ \   / ________)        
        / /_________  / /      \ \     | |     / /      \ \ | (_______          
       |  __________|| |        | |    | |    | |        | | \________ \        
        \ \_________ | |        | |    | |     \ \______/ /___________) |       
         \__________||_|        |_|    |_|      \________//____________/        
                                                                                
====================================[ Qcore ]===================================

 Git hash:   15a3e7daff0cda5fa9af010ccd19a80288182ecf
 Git date:   Fri, 16 Apr 2021 15:57:16 +0100
 Compiler:   GNU 9.1.0
 Build type: Release
 Version:    1.1.0

 Start time: Wed Jun  2 13:01:32 2021

 Data directory: /work/zw18965/.local/qcore/share/entos/1.1.0/data
 Number of threads: 24
 Number of threads was determined by: command line argument
  - More threads can be used by running 'qcore -n 32'

 --------------------------------------------------------------------------------
                                   command: dft                                  
 --------------------------------------------------------------------------------
 AO basis set:                           aug-cc-pvtz
 Number of AO basis functions:          93

 Formula:                                Sc
 Nuclear charge:                        21.000000000
 Total charge:                           0.000000000
 Number of electrons:                   21.000000000

 Number of alpha electrons:             11
 Number of beta electrons:              10
 Number of unpaired electrons:           1
 Spin:                                   1
 Multiplicity:                           doublet

 Theory:                                 dft
 Exchange-correlation functional:        0.5 b88 + 0.75 lyp
 Method for Coulomb:                     incore_df
 Method for exact exchange:              pre_transformed_df
 Integral threshold:                     1.00e-12
 DF basis set:                           def2-tzvp-jkfit(spdfghi)
 Number of DF basis functions:         264
 Schwarz screening threshold:            1.00e-10
 Coulomb fitting method:                 Cholesky

 ------------------
  UW12 Correlation 
 ------------------
 Factor for UW12 correlation:            1.000000000
 Opposite spin scale factor:             0.250000000
 Same spin scale factor:                 0.500000000
 Calculate indirect contribution:        true
 Method for three electron term:         df_ri
 Auxiliary RI basis set:                 Def2-TZVP-RI
 Number of RI basis functions:         182
 Gaussians in geminal expansion:        10
 UW12 screening threshold:               1.00e-12
 Method for density-fitting:             w(r)
 Number of core spatial orbitals:        5

 Total number of grid points:         7852
 Method for AO orthogonalization:        symmetric
 Threshold for linear dependence:        1.00e-08
 D3BJ dispersion energy:                 0.000000000

 -------------------------------------
  Running unrestricted open-shell SCF 
 -------------------------------------
 Max number of iterations:             128
 Conv. threshold (gradient):             1.00e-05
 Conv. threshold (energy):               1.00e-06
 Interpolation scheme:                   adiis+cdiis
 Initial guess:                          H0

 ---------------------------------------------------------------
                  energy        change          grad        time
 ---------------------------------------------------------------
   0      -749.250544719                    3.49e+00        2.36
   1      -736.618573230      1.26e+01      4.55e+00        0.31
   2      -755.235243814     -1.86e+01      2.42e+00        0.28
   3      -759.568515995     -4.33e+00      1.35e+00        0.27
   4      -759.445299205      1.23e-01      1.11e+00        0.31
   5      -760.570058572     -1.12e+00      1.67e-01        0.28
   6      -760.581363284     -1.13e-02      7.71e-02        0.27
   7      -760.583877323     -2.51e-03      4.22e-02        0.28
   8      -760.584865012     -9.88e-04      3.27e-03        0.27
   9      -760.584919343     -5.43e-05      2.41e-03        0.27
  10      -760.584992204     -7.29e-05      2.34e-03        0.27
  11      -760.585039624     -4.74e-05      2.17e-03        0.27
  12      -760.585078060     -3.84e-05      1.45e-03        0.28
  13      -760.585088313     -1.03e-05      1.17e-03        0.28
  14      -760.585097501     -9.19e-06      1.09e-03        0.27
  15      -760.585104860     -7.36e-06      9.67e-04        0.27
  16      -760.585146794     -4.19e-05      9.32e-04        0.28
  17      -760.585147839     -1.05e-06      6.80e-04        0.27
  18      -760.585162843     -1.50e-05      3.32e-04        0.30
  19      -760.585164908     -2.06e-06      3.92e-04        0.27
  20      -760.585164969     -6.06e-08      7.41e-05        0.28
  21      -760.585164996     -2.69e-08      6.75e-05        0.27
  22      -760.585164997     -1.22e-09      2.92e-05        0.27
  23      -760.585164998     -7.14e-10      1.03e-05        0.29
  24      -760.585164999     -9.88e-10      1.37e-05        0.28
  25      -760.585164999     -2.30e-10      1.12e-05        0.28
  26      -760.585164999     -1.19e-10      2.97e-06        0.28

 SCF converged in 26 iterations.

 Dipole moment (in Debye):              -0.000000      -0.000000      -0.000000

 Quadrupole moment (in Debye-Angstrom):
                  1            2            3
 1       -22.050029     0.000787    -0.144684
 2         0.000787   -22.219115    -0.000640
 3        -0.144684    -0.000640   -22.094957

 Spin-squared expectation <S^2>:         0.781
 Total spin quantum number S:            0.515
 TOTAL ENERGY:                        -760.585165000

 --------------------------------------------------------------------------------

 End time:                               Wed Jun  2 13:01:42 2021
 Total wall-clock time:                 10.904 seconds
==================================================================================
