
================================================================================
          _____________ ________ _______________ ________     _________         
         / ___________// ______ \\_____   _____// ______ \   / ________)        
        / /_________  / /      \ \     | |     / /      \ \ | (_______          
       |  __________|| |        | |    | |    | |        | | \________ \        
        \ \_________ | |        | |    | |     \ \______/ /___________) |       
         \__________||_|        |_|    |_|      \________//____________/        
                                                                                
====================================[ Qcore ]===================================

 Git hash:   15a3e7daff0cda5fa9af010ccd19a80288182ecf
 Git date:   Fri, 16 Apr 2021 15:57:16 +0100
 Compiler:   GNU 9.1.0
 Build type: Release
 Version:    1.1.0

 Start time: Wed Jun  2 13:01:43 2021

 Data directory: /work/zw18965/.local/qcore/share/entos/1.1.0/data
 Number of threads: 24
 Number of threads was determined by: command line argument
  - More threads can be used by running 'qcore -n 32'

 --------------------------------------------------------------------------------
                                   command: dft                                  
 --------------------------------------------------------------------------------
 AO basis set:                           aug-cc-pvtz
 Number of AO basis functions:          93

 Formula:                                Ti
 Nuclear charge:                        22.000000000
 Total charge:                           0.000000000
 Number of electrons:                   22.000000000

 Number of alpha electrons:             12
 Number of beta electrons:              10
 Number of unpaired electrons:           2
 Spin:                                   2
 Multiplicity:                           triplet

 Theory:                                 dft
 Exchange-correlation functional:        0.5 b88 + 0.75 lyp
 Method for Coulomb:                     incore_df
 Method for exact exchange:              pre_transformed_df
 Integral threshold:                     1.00e-12
 DF basis set:                           def2-tzvp-jkfit(spdfghi)
 Number of DF basis functions:         264
 Schwarz screening threshold:            1.00e-10
 Coulomb fitting method:                 Cholesky

 ------------------
  UW12 Correlation 
 ------------------
 Factor for UW12 correlation:            1.000000000
 Opposite spin scale factor:             0.250000000
 Same spin scale factor:                 0.500000000
 Calculate indirect contribution:        true
 Method for three electron term:         df_ri
 Auxiliary RI basis set:                 Def2-TZVP-RI
 Number of RI basis functions:         182
 Gaussians in geminal expansion:        10
 UW12 screening threshold:               1.00e-12
 Method for density-fitting:             w(r)
 Number of core spatial orbitals:        5

 Total number of grid points:         7792
 Method for AO orthogonalization:        symmetric
 Threshold for linear dependence:        1.00e-08
 D3BJ dispersion energy:                 0.000000000

 -------------------------------------
  Running unrestricted open-shell SCF 
 -------------------------------------
 Max number of iterations:             128
 Conv. threshold (gradient):             1.00e-05
 Conv. threshold (energy):               1.00e-06
 Interpolation scheme:                   adiis+cdiis
 Initial guess:                          H0

 ---------------------------------------------------------------
                  energy        change          grad        time
 ---------------------------------------------------------------
   0      -833.152681129                    3.89e+00        2.50
   1      -823.428257313      9.72e+00      6.26e+00        0.32
   2      -841.618492481     -1.82e+01      2.85e+00        0.31
   3      -848.430572984     -6.81e+00      1.33e+00        0.29
   4      -847.802168360      6.28e-01      1.73e+00        0.30
   5      -849.312876167     -1.51e+00      1.97e-01        0.28
   6      -849.326000393     -1.31e-02      1.22e-01        0.29
   7      -849.329875438     -3.88e-03      9.32e-02        0.29
   8      -849.332890669     -3.02e-03      4.51e-02        0.28
   9      -849.334634075     -1.74e-03      1.79e-02        0.29
  10      -849.336925018     -2.29e-03      1.42e-02        0.28
  11      -849.337012661     -8.76e-05      1.32e-02        0.29
  12      -849.337907028     -8.94e-04      1.18e-02        0.28
  13      -849.337825352      8.17e-05      1.18e-02        0.28
  14      -849.336191329      1.63e-03      1.12e-02        0.28
  15      -849.335531345      6.60e-04      1.27e-02        0.28
  16      -849.335154087      3.77e-04      1.01e-02        0.28
  17      -849.334948950      2.05e-04      9.47e-03        0.28
  18      -849.334966651     -1.77e-05      2.75e-03        0.29
  19      -849.334998856     -3.22e-05      7.99e-03        0.28
  20      -849.334990704      8.15e-06      5.58e-03        0.30
  21      -849.334985421      5.28e-06      9.25e-04        0.28
  22      -849.334987894     -2.47e-06      1.22e-03        0.28
  23      -849.334981953      5.94e-06      1.47e-03        0.28
  24      -849.334973619      8.33e-06      7.81e-04        0.28
  25      -849.334963632      9.99e-06      4.89e-04        0.28
  26      -849.334961913      1.72e-06      4.38e-04        0.28
  27      -849.334962277     -3.64e-07      4.21e-04        0.28
  28      -849.334962429     -1.52e-07      4.16e-04        0.28
  29      -849.334962068      3.61e-07      3.98e-04        0.29
  30      -849.334961793      2.75e-07      3.77e-04        0.29
  31      -849.334960265      1.53e-06      2.83e-04        0.28
  32      -849.334959890      3.75e-07      2.26e-04        0.28
  33      -849.334959756      1.35e-07      1.70e-04        0.28
  34      -849.334959703      5.24e-08      7.72e-05        0.28
  35      -849.334959704     -1.02e-09      5.46e-05        0.29
  36      -849.334959690      1.43e-08      3.47e-05        0.28
  37      -849.334959689      1.09e-09      2.67e-05        0.28
  38      -849.334959688      1.15e-09      2.56e-05        0.28
  39      -849.334959686      1.42e-09      2.30e-05        0.28
  40      -849.334959685      1.02e-09      1.94e-05        0.28
  41      -849.334959685      8.19e-12      1.85e-05        0.28
  42      -849.334959687     -1.44e-09      1.84e-05        0.29
  43      -849.334959687     -1.76e-10      1.84e-05        0.28
  44      -849.334959686      5.31e-10      1.96e-05        0.28
  45      -849.334959686      2.41e-10      1.96e-05        0.29
  46      -849.334959684      1.97e-09      1.84e-05        0.29
  47      -849.334959679      5.05e-09      1.54e-05        0.29
  48      -849.334959678      1.39e-09      1.42e-05        0.28
  49      -849.334959677      9.75e-10      1.23e-05        0.28
  50      -849.334959677     -3.87e-10      1.00e-05        0.28
  51      -849.334959678     -5.51e-10      1.00e-05        0.27
  52      -849.334959678     -5.30e-10      9.55e-06        0.27

 SCF converged in 52 iterations.

 Dipole moment (in Debye):               0.000000      -0.000001      -0.000001

 Quadrupole moment (in Debye-Angstrom):
                  1            2            3
 1       -20.915558    -0.078723    -0.049851
 2        -0.078723   -21.000594    -0.083444
 3        -0.049851    -0.083444   -20.921456

 Spin-squared expectation <S^2>:         2.010
 Total spin quantum number S:            1.003
 TOTAL ENERGY:                        -849.334959678

 --------------------------------------------------------------------------------

 End time:                               Wed Jun  2 13:02:01 2021
 Total wall-clock time:                 18.563 seconds
==================================================================================
