
================================================================================
          _____________ ________ _______________ ________     _________         
         / ___________// ______ \\_____   _____// ______ \   / ________)        
        / /_________  / /      \ \     | |     / /      \ \ | (_______          
       |  __________|| |        | |    | |    | |        | | \________ \        
        \ \_________ | |        | |    | |     \ \______/ /___________) |       
         \__________||_|        |_|    |_|      \________//____________/        
                                                                                
====================================[ Qcore ]===================================

 Git hash:   15a3e7daff0cda5fa9af010ccd19a80288182ecf
 Git date:   Fri, 16 Apr 2021 15:57:16 +0100
 Compiler:   GNU 9.1.0
 Build type: Release
 Version:    1.1.0

 Start time: Wed Jun  2 13:02:21 2021

 Data directory: /work/zw18965/.local/qcore/share/entos/1.1.0/data
 Number of threads: 24
 Number of threads was determined by: command line argument
  - More threads can be used by running 'qcore -n 32'

 --------------------------------------------------------------------------------
                                   command: dft                                  
 --------------------------------------------------------------------------------
 AO basis set:                           aug-cc-pvtz
 Number of AO basis functions:          93

 Formula:                                Mn
 Nuclear charge:                        25.000000000
 Total charge:                           0.000000000
 Number of electrons:                   25.000000000

 Number of alpha electrons:             15
 Number of beta electrons:              10
 Number of unpaired electrons:           5
 Spin:                                   5
 Multiplicity:                           septet

 Theory:                                 dft
 Exchange-correlation functional:        0.5 b88 + 0.75 lyp
 Method for Coulomb:                     incore_df
 Method for exact exchange:              pre_transformed_df
 Integral threshold:                     1.00e-12
 DF basis set:                           def2-tzvp-jkfit(spdfghi)
 Number of DF basis functions:         264
 Schwarz screening threshold:            1.00e-10
 Coulomb fitting method:                 Cholesky

 ------------------
  UW12 Correlation 
 ------------------
 Factor for UW12 correlation:            1.000000000
 Opposite spin scale factor:             0.250000000
 Same spin scale factor:                 0.500000000
 Calculate indirect contribution:        true
 Method for three electron term:         df_ri
 Auxiliary RI basis set:                 Def2-TZVP-RI
 Number of RI basis functions:         182
 Gaussians in geminal expansion:        10
 UW12 screening threshold:               1.00e-12
 Method for density-fitting:             w(r)
 Number of core spatial orbitals:        5

 Total number of grid points:         7936
 Method for AO orthogonalization:        symmetric
 Threshold for linear dependence:        1.00e-08
 D3BJ dispersion energy:                 0.000000000

 -------------------------------------
  Running unrestricted open-shell SCF 
 -------------------------------------
 Max number of iterations:             128
 Conv. threshold (gradient):             1.00e-05
 Conv. threshold (energy):               1.00e-06
 Interpolation scheme:                   adiis+cdiis
 Initial guess:                          H0

 ---------------------------------------------------------------
                  energy        change          grad        time
 ---------------------------------------------------------------
   0     -1101.213550672                    6.35e+00        2.43
   1     -1079.987449596      2.12e+01      8.95e+00        0.38
   2     -1134.390710876     -5.44e+01      4.34e+00        0.36
   3     -1148.139690504     -1.37e+01      2.17e+00        0.41
   4     -1148.692685615     -5.53e-01      2.34e+00        0.40
   5     -1151.028327745     -2.34e+00      3.62e-01        0.37
   6     -1151.029869766     -1.54e-03      2.96e-01        0.37
   7     -1151.096083714     -6.62e-02      1.75e-02        0.36
   8     -1151.096249904     -1.66e-04      8.00e-03        0.39
   9     -1151.096309867     -6.00e-05      1.90e-03        0.38
  10     -1151.096324360     -1.45e-05      1.16e-03        0.37
  11     -1151.096334004     -9.64e-06      2.71e-04        0.36
  12     -1151.096334358     -3.54e-07      3.00e-05        0.37
  13     -1151.096334362     -4.57e-09      3.47e-06        0.36

 SCF converged in 13 iterations.

 Dipole moment (in Debye):              -0.000001      -0.000001      -0.000000

 Quadrupole moment (in Debye-Angstrom):
                  1            2            3
 1       -18.044028     0.000001     0.000004
 2         0.000001   -18.044027     0.000000
 3         0.000004     0.000000   -18.044031

 Spin-squared expectation <S^2>:         8.760
 Total spin quantum number S:            2.502
 TOTAL ENERGY:                       -1151.096334362

 --------------------------------------------------------------------------------

 End time:                               Wed Jun  2 13:02:30 2021
 Total wall-clock time:                  8.647 seconds
==================================================================================
