
================================================================================
          _____________ ________ _______________ ________     _________         
         / ___________// ______ \\_____   _____// ______ \   / ________)        
        / /_________  / /      \ \     | |     / /      \ \ | (_______          
       |  __________|| |        | |    | |    | |        | | \________ \        
        \ \_________ | |        | |    | |     \ \______/ /___________) |       
         \__________||_|        |_|    |_|      \________//____________/        
                                                                                
====================================[ Qcore ]===================================

 Git hash:   15a3e7daff0cda5fa9af010ccd19a80288182ecf
 Git date:   Fri, 16 Apr 2021 15:57:16 +0100
 Compiler:   GNU 9.1.0
 Build type: Release
 Version:    1.1.0

 Start time: Wed Jun  2 14:46:06 2021

 Data directory: /work/zw18965/.local/qcore/share/entos/1.1.0/data
 Number of threads: 24
 Number of threads was determined by: number of physical cores

 --------------------------------------------------------------------------------
                                   command: dft                                  
 --------------------------------------------------------------------------------
 AO basis set:                           aug-cc-pvtz
 Number of AO basis functions:          93

 Formula:                                Fe
 Nuclear charge:                        26.000000000
 Total charge:                           0.000000000
 Number of electrons:                   26.000000000

 Number of alpha electrons:             15
 Number of beta electrons:              11
 Number of unpaired electrons:           4
 Spin:                                   4
 Multiplicity:                           quintet

 Theory:                                 dft
 Exchange-correlation functional:        blyp
 Method for Coulomb:                     incore_df
 Integral threshold:                     1.00e-12
 DF basis set:                           def2-tzvp-jkfit(spdfghi)
 Number of DF basis functions:         264
 Schwarz screening threshold:            1.00e-10
 Coulomb fitting method:                 Cholesky
 Total number of grid points:         7936
 Method for AO orthogonalization:        symmetric
 Threshold for linear dependence:        1.00e-08

 -------------------------------------
  Running unrestricted open-shell SCF 
 -------------------------------------
 Max number of iterations:             128
 Conv. threshold (gradient):             1.00e-05
 Conv. threshold (energy):               1.00e-06
 Interpolation scheme:                   adiis+cdiis
 Initial guess:                          H0

 ---------------------------------------------------------------
                  energy        change          grad        time
 ---------------------------------------------------------------
   0     -1202.686887038                    6.78e+00        0.02
   1     -1180.289422465      2.24e+01      1.02e+01        0.01
   2     -1240.863605443     -6.06e+01      5.45e+00        0.01
   3     -1260.009099302     -1.91e+01      2.88e+00        0.01
   4     -1260.241142743     -2.32e-01      3.16e+00        0.01
   5     -1263.598746683     -3.36e+00      5.76e-01        0.01
   6     -1263.050672379      5.48e-01      1.41e+00        0.01
   7     -1263.648599041     -5.98e-01      4.96e-01        0.01
   8     -1263.699037254     -5.04e-02      4.16e-01        0.01
   9     -1263.716098885     -1.71e-02      3.44e-01        0.01
  10     -1263.713926489      2.17e-03      2.93e-01        0.01
  11     -1263.719902120     -5.98e-03      2.95e-01        0.02
  12     -1263.754460401     -3.46e-02      8.23e-02        0.01
  13     -1263.743298815      1.12e-02      1.87e-01        0.01
  14     -1263.741134186      2.16e-03      2.06e-01        0.01
  15     -1263.727237471      1.39e-02      2.77e-01        0.01
  16     -1263.732927461     -5.69e-03      2.49e-01        0.01
  17     -1263.730505805      2.42e-03      2.63e-01        0.01
  18     -1263.728797109      1.71e-03      2.75e-01        0.01
  19     -1263.742564313     -1.38e-02      2.00e-01        0.01
  20     -1263.747045614     -4.48e-03      1.66e-01        0.02
  21     -1263.733811450      1.32e-02      2.52e-01        0.01
  22     -1263.739885456     -6.07e-03      2.17e-01        0.01
  23     -1263.753861120     -1.40e-02      8.70e-02        0.01
  24     -1263.756222495     -2.36e-03      9.77e-03        0.01
  25     -1263.756158809      6.37e-05      1.70e-02        0.01
  26     -1263.756194530     -3.57e-05      1.20e-02        0.01
  27     -1263.756230546     -3.60e-05      5.94e-03        0.01
  28     -1263.756242779     -1.22e-05      1.16e-03        0.01
  29     -1263.756243100     -3.21e-07      3.39e-04        0.01
  30     -1263.756243123     -2.25e-08      1.47e-04        0.01
  31     -1263.756243131     -7.54e-09      7.40e-05        0.01
  32     -1263.756243137     -6.82e-09      3.55e-05        0.01
  33     -1263.756243139     -1.56e-09      3.07e-05        0.01
  34     -1263.756243152     -1.34e-08      4.04e-05        0.01
  35     -1263.756243323     -1.71e-07      8.36e-05        0.01
  36     -1263.756243345     -2.18e-08      6.61e-05        0.01
  37     -1263.756243340      4.81e-09      4.23e-05        0.01
  38     -1263.756243423     -8.27e-08      5.03e-04        0.01
  39     -1263.756243456     -3.26e-08      4.19e-04        0.01
  40     -1263.756243547     -9.11e-08      2.85e-04        0.01
  41     -1263.756243578     -3.13e-08      3.69e-04        0.01
  42     -1263.756243553      2.47e-08      4.57e-04        0.01
  43     -1263.756243621     -6.72e-08      2.25e-04        0.01
  44     -1263.756243563      5.76e-08      4.42e-04        0.01
  45     -1263.756243641     -7.80e-08      5.81e-05        0.01
  46     -1263.756243607      3.40e-08      2.95e-04        0.02
  47     -1263.756243609     -2.10e-09      2.86e-04        0.01
  48     -1263.756243642     -3.26e-08      7.36e-05        0.01
  49     -1263.756243640      1.69e-09      1.05e-04        0.01
  50     -1263.756243639      1.45e-09      1.46e-04        0.01
  51     -1263.756243653     -1.41e-08      7.83e-06        0.01

 SCF converged in 51 iterations.

 Dipole moment (in Debye):               0.000003       0.000000      -0.000004

 Quadrupole moment (in Debye-Angstrom):
                  1            2            3
 1       -17.710589     0.347030    -0.624525
 2         0.347030   -16.122745     0.149675
 3        -0.624525     0.149675   -16.303079

 Spin-squared expectation <S^2>:         6.008
 Total spin quantum number S:            2.002
 TOTAL ENERGY:                       -1263.756243665
 Saving results in set 'guess'

 --------------------------------------------------------------------------------
                                   command: dft                                  
 --------------------------------------------------------------------------------
 AO basis set:                           aug-cc-pvtz
 Number of AO basis functions:          93

 Formula:                                Fe
 Nuclear charge:                        26.000000000
 Total charge:                           0.000000000
 Number of electrons:                   26.000000000

 Number of alpha electrons:             15
 Number of beta electrons:              11
 Number of unpaired electrons:           4
 Spin:                                   4
 Multiplicity:                           quintet

 Theory:                                 dft
 Exchange-correlation functional:        0.5 b88 + 0.75 lyp
 Method for Coulomb:                     incore_df
 Method for exact exchange:              pre_transformed_df
 Integral threshold:                     1.00e-12
 DF basis set:                           def2-tzvp-jkfit(spdfghi)
 Number of DF basis functions:         264
 Schwarz screening threshold:            1.00e-10
 Coulomb fitting method:                 Cholesky

 ------------------
  UW12 Correlation 
 ------------------
 Factor for UW12 correlation:            1.000000000
 Opposite spin scale factor:             0.250000000
 Same spin scale factor:                 0.500000000
 Calculate indirect contribution:        true
 Method for three electron term:         df_ri
 Auxiliary RI basis set:                 Def2-TZVP-RI
 Number of RI basis functions:         182
 Gaussians in geminal expansion:        10
 UW12 screening threshold:               1.00e-12
 Method for density-fitting:             w(r)
 Number of core spatial orbitals:        5

 Total number of grid points:         7936
 Method for AO orthogonalization:        symmetric
 Threshold for linear dependence:        1.00e-08
 D3BJ dispersion energy:                 0.000000000

 -------------------------------------
  Running unrestricted open-shell SCF 
 -------------------------------------
 Max number of iterations:             128
 Conv. threshold (gradient):             1.00e-05
 Conv. threshold (energy):               1.00e-06
 Interpolation scheme:                   adiis+cdiis

 ---------------------------------------------------------------
                  energy        change          grad        time
 ---------------------------------------------------------------
   0     -1263.809294503                    2.12e-01        2.72
   1     -1263.809725730     -4.31e-04      1.04e-01        0.43
   2     -1263.797164388      1.26e-02      2.47e-01        0.41
   3     -1263.812085496     -1.49e-02      6.56e-02        0.43
   4     -1263.812962093     -8.77e-04      3.28e-02        0.42
   5     -1263.813322756     -3.61e-04      1.08e-02        0.43
   6     -1263.813815561     -4.93e-04      1.07e-02        0.42
   7     -1263.814612553     -7.97e-04      4.14e-03        0.42
   8     -1263.814615521     -2.97e-06      3.50e-03        0.42
   9     -1263.814769330     -1.54e-04      1.19e-02        0.39
  10     -1263.814803268     -3.39e-05      6.45e-03        0.41
  11     -1263.814822230     -1.90e-05      2.68e-03        0.41
  12     -1263.814825615     -3.38e-06      8.43e-05        0.42
  13     -1263.814825645     -3.00e-08      7.94e-05        0.41
  14     -1263.814825659     -1.40e-08      1.59e-04        0.42
  15     -1263.814825728     -6.93e-08      1.39e-04        0.42
  16     -1263.814825820     -9.16e-08      3.13e-05        0.41
  17     -1263.814825831     -1.13e-08      2.52e-05        0.42
  18     -1263.814825830      7.76e-10      1.68e-05        0.40
  19     -1263.814825833     -2.82e-09      1.64e-05        0.41
  20     -1263.814825834     -1.00e-09      1.66e-05        0.42
  21     -1263.814825835     -1.17e-09      1.62e-05        0.43
  22     -1263.814825836     -5.00e-10      1.62e-05        0.41
  23     -1263.814825836     -1.27e-10      1.61e-05        0.43
  24     -1263.814825838     -2.53e-09      1.59e-05        0.45
  25     -1263.814825839     -5.38e-10      1.59e-05        0.42
  26     -1263.814825839     -4.78e-10      1.59e-05        0.41
  27     -1263.814825840     -1.79e-10      1.59e-05        0.42
  28     -1263.814825840     -9.84e-10      1.58e-05        0.42
  29     -1263.814825841     -3.58e-10      1.58e-05        0.39
  30     -1263.814825848     -7.10e-09      1.58e-05        0.40
  31     -1263.814825891     -4.27e-08      1.58e-05        0.41
  32     -1263.814825881      9.56e-09      1.47e-05        0.41
  33     -1263.814825951     -7.02e-08      2.01e-05        0.40
  34     -1263.814825962     -1.06e-08      2.30e-05        0.43
  35     -1263.814825944      1.77e-08      1.62e-05        0.42
  36     -1263.814825949     -4.83e-09      1.56e-05        0.43
  37     -1263.814825949      4.37e-10      1.61e-05        0.42
  38     -1263.814825962     -1.31e-08      1.73e-05        0.41
  39     -1263.814826009     -4.78e-08      2.71e-05        0.42
  40     -1263.814825979      3.06e-08      1.69e-05        0.42
  41     -1263.814826079     -1.00e-07      6.92e-05        0.42
  42     -1263.814826175     -9.61e-08      3.03e-04        0.41
  43     -1263.814826000      1.75e-07      2.62e-05        0.40
  44     -1263.814825994      5.89e-09      1.46e-05        0.38
  45     -1263.814826110     -1.16e-07      2.76e-05        0.42
  46     -1263.814826195     -8.49e-08      7.16e-05        0.40
  47     -1263.814826233     -3.75e-08      2.52e-05        0.42
  48     -1263.814826249     -1.65e-08      2.89e-05        0.40
  49     -1263.814826256     -6.93e-09      2.86e-05        0.43
  50     -1263.814826255      1.15e-09      1.23e-05        0.43
  51     -1263.814826257     -1.97e-09      4.53e-06        0.42

 SCF converged in 51 iterations.

 Dipole moment (in Debye):              -0.000000       0.000000      -0.000000

 Quadrupole moment (in Debye-Angstrom):
                  1            2            3
 1       -17.504413     0.234473    -0.393603
 2         0.234473   -16.571706     0.094059
 3        -0.393603     0.094059   -16.673435

 Spin-squared expectation <S^2>:         6.010
 Total spin quantum number S:            2.002
 TOTAL ENERGY:                       -1263.814826257

 --------------------------------------------------------------------------------

 End time:                               Wed Jun  2 14:46:33 2021
 Total wall-clock time:                 27.192 seconds
==================================================================================
