
================================================================================
          _____________ ________ _______________ ________     _________         
         / ___________// ______ \\_____   _____// ______ \   / ________)        
        / /_________  / /      \ \     | |     / /      \ \ | (_______          
       |  __________|| |        | |    | |    | |        | | \________ \        
        \ \_________ | |        | |    | |     \ \______/ /___________) |       
         \__________||_|        |_|    |_|      \________//____________/        
                                                                                
====================================[ Qcore ]===================================

 Git hash:   15a3e7daff0cda5fa9af010ccd19a80288182ecf
 Git date:   Fri, 16 Apr 2021 15:57:16 +0100
 Compiler:   GNU 9.1.0
 Build type: Release
 Version:    1.1.0

 Start time: Wed Jun  2 11:50:36 2021

 Data directory: /work/zw18965/.local/qcore/share/entos/1.1.0/data
 Number of threads: 24
 Number of threads was determined by: command line argument
  - More threads can be used by running 'qcore -n 32'

 --------------------------------------------------------------------------------
                                   command: dft                                  
 --------------------------------------------------------------------------------
 AO basis set:                           aug-cc-pvtz
 Number of AO basis functions:         152

 Formula:                                ScBr
 Nuclear charge:                        56.000000000
 Total charge:                           0.000000000
 Number of electrons:                   56.000000000

 Number of alpha electrons:             28
 Number of beta electrons:              28
 Number of unpaired electrons:           0
 Spin:                                   0
 Multiplicity:                           singlet

 Theory:                                 dft
 Exchange-correlation functional:        pbe0
 Method for Coulomb:                     incore_df
 Method for exact exchange:              pre_transformed_df
 Integral threshold:                     1.00e-12
 DF basis set:                           def2-tzvp-jkfit(spdfghi)
 Number of DF basis functions:         530
 Schwarz screening threshold:            1.00e-10
 Coulomb fitting method:                 Cholesky
 Total number of grid points:        16016
 Method for AO orthogonalization:        symmetric
 Threshold for linear dependence:        1.00e-08
 D3BJ dispersion energy:                -0.001423111

 -------------------------------------
  Running restricted closed-shell SCF 
 -------------------------------------
 Max number of iterations:             128
 Conv. threshold (gradient):             1.00e-05
 Conv. threshold (energy):               1.00e-06
 Interpolation scheme:                   adiis+cdiis
 Initial guess:                          SAD

 ---------------------------------------------------------------
                  energy        change          grad        time
 ---------------------------------------------------------------
   0     -3334.499806599                    6.71e+00        0.03
   1     -3334.378330905      1.21e-01      6.95e-01        0.03
   2     -3333.457979152      9.20e-01      3.14e+00        0.02
   3     -3334.358019347     -9.00e-01      8.97e-01        0.03
   4     -3334.434228479     -7.62e-02      7.84e-02        0.02
   5     -3334.433294866      9.34e-04      1.39e-01        0.02
   6     -3334.435160680     -1.87e-03      1.51e-02        0.02
   7     -3334.435212778     -5.21e-05      4.70e-03        0.02
   8     -3334.435216498     -3.72e-06      1.30e-03        0.02
   9     -3334.435216737     -2.38e-07      6.57e-04        0.02
  10     -3334.435216796     -5.95e-08      1.10e-04        0.02
  11     -3334.435216798     -1.94e-09      9.41e-06        0.02

 SCF converged in 11 iterations.

 Dipole moment (in Debye):               0.000003       0.000003      -3.019093

 Quadrupole moment (in Debye-Angstrom):
                  1            2            3
 1       -40.208988    -0.000007    -0.000010
 2        -0.000007   -40.208988    -0.000010
 3        -0.000010    -0.000010   -32.544089

 Spin-squared expectation <S^2>:         0.000
 Total spin quantum number S:            0.000
 TOTAL ENERGY:                       -3334.435216798

 --------------------------------------------------------------------------------

 End time:                               Wed Jun  2 11:50:39 2021
 Total wall-clock time:                  3.203 seconds
==================================================================================
