
================================================================================
          _____________ ________ _______________ ________     _________         
         / ___________// ______ \\_____   _____// ______ \   / ________)        
        / /_________  / /      \ \     | |     / /      \ \ | (_______          
       |  __________|| |        | |    | |    | |        | | \________ \        
        \ \_________ | |        | |    | |     \ \______/ /___________) |       
         \__________||_|        |_|    |_|      \________//____________/        
                                                                                
====================================[ Qcore ]===================================

 Git hash:   15a3e7daff0cda5fa9af010ccd19a80288182ecf
 Git date:   Fri, 16 Apr 2021 15:57:16 +0100
 Compiler:   GNU 9.1.0
 Build type: Release
 Version:    1.1.0

 Start time: Wed Jun  2 11:50:42 2021

 Data directory: /work/zw18965/.local/qcore/share/entos/1.1.0/data
 Number of threads: 24
 Number of threads was determined by: command line argument
  - More threads can be used by running 'qcore -n 32'

 --------------------------------------------------------------------------------
                                   command: dft                                  
 --------------------------------------------------------------------------------
 AO basis set:                           aug-cc-pvtz
 Number of AO basis functions:         143

 Formula:                                SSc
 Nuclear charge:                        37.000000000
 Total charge:                           0.000000000
 Number of electrons:                   37.000000000

 Number of alpha electrons:             19
 Number of beta electrons:              18
 Number of unpaired electrons:           1
 Spin:                                   1
 Multiplicity:                           doublet

 Theory:                                 dft
 Exchange-correlation functional:        pbe0
 Method for Coulomb:                     incore_df
 Method for exact exchange:              pre_transformed_df
 Integral threshold:                     1.00e-12
 DF basis set:                           def2-tzvp-jkfit(spdfghi)
 Number of DF basis functions:         392
 Schwarz screening threshold:            1.00e-10
 Coulomb fitting method:                 Cholesky
 Total number of grid points:        15202
 Method for AO orthogonalization:        symmetric
 Threshold for linear dependence:        1.00e-08
 D3BJ dispersion energy:                -0.001446530

 -------------------------------------
  Running unrestricted open-shell SCF 
 -------------------------------------
 Max number of iterations:             128
 Conv. threshold (gradient):             1.00e-05
 Conv. threshold (energy):               1.00e-06
 Interpolation scheme:                   adiis+cdiis
 Initial guess:                          SAD

 ---------------------------------------------------------------
                  energy        change          grad        time
 ---------------------------------------------------------------
   0     -1158.630558375                    2.60e+00        0.03
   1     -1158.430187254      2.00e-01      6.53e-01        0.03
   2     -1153.656852136      4.77e+00      3.55e+00        0.03
   3     -1158.051784797     -4.39e+00      1.29e+00        0.03
   4     -1158.590831560     -5.39e-01      1.24e-01        0.03
   5     -1158.574537550      1.63e-02      2.56e-01        0.03
   6     -1158.597041871     -2.25e-02      5.96e-02        0.03
   7     -1158.595556835      1.49e-03      8.62e-02        0.03
   8     -1158.598356552     -2.80e-03      3.45e-03        0.03
   9     -1158.598366059     -9.51e-06      2.42e-03        0.03
  10     -1158.598370996     -4.94e-06      1.09e-03        0.03
  11     -1158.598371717     -7.21e-07      2.00e-04        0.03
  12     -1158.598371794     -7.67e-08      1.05e-04        0.03
  13     -1158.598371810     -1.63e-08      2.76e-05        0.03
  14     -1158.598371811     -1.21e-09      5.77e-06        0.03

 SCF converged in 14 iterations.

 Dipole moment (in Debye):               0.000000       0.000000      -5.651637

 Quadrupole moment (in Debye-Angstrom):
                  1            2            3
 1       -31.837131    -0.000008    -0.000000
 2        -0.000008   -31.837131    -0.000000
 3        -0.000000    -0.000000   -31.385059

 Spin-squared expectation <S^2>:         0.757
 Total spin quantum number S:            0.503
 TOTAL ENERGY:                       -1158.598371811

 --------------------------------------------------------------------------------

 End time:                               Wed Jun  2 11:50:45 2021
 Total wall-clock time:                  2.743 seconds
==================================================================================
