
================================================================================
          _____________ ________ _______________ ________     _________         
         / ___________// ______ \\_____   _____// ______ \   / ________)        
        / /_________  / /      \ \     | |     / /      \ \ | (_______          
       |  __________|| |        | |    | |    | |        | | \________ \        
        \ \_________ | |        | |    | |     \ \______/ /___________) |       
         \__________||_|        |_|    |_|      \________//____________/        
                                                                                
====================================[ Qcore ]===================================

 Git hash:   15a3e7daff0cda5fa9af010ccd19a80288182ecf
 Git date:   Fri, 16 Apr 2021 15:57:16 +0100
 Compiler:   GNU 9.1.0
 Build type: Release
 Version:    1.1.0

 Start time: Wed Jun  2 11:50:45 2021

 Data directory: /work/zw18965/.local/qcore/share/entos/1.1.0/data
 Number of threads: 24
 Number of threads was determined by: command line argument
  - More threads can be used by running 'qcore -n 32'

 --------------------------------------------------------------------------------
                                   command: dft                                  
 --------------------------------------------------------------------------------
 AO basis set:                           aug-cc-pvtz
 Number of AO basis functions:         116

 Formula:                                HTi
 Nuclear charge:                        23.000000000
 Total charge:                           0.000000000
 Number of electrons:                   23.000000000

 Number of alpha electrons:             13
 Number of beta electrons:              10
 Number of unpaired electrons:           3
 Spin:                                   3
 Multiplicity:                           quartet

 Theory:                                 dft
 Exchange-correlation functional:        pbe0
 Method for Coulomb:                     incore_df
 Method for exact exchange:              pre_transformed_df
 Integral threshold:                     1.00e-12
 DF basis set:                           def2-tzvp-jkfit(spdfghi)
 Number of DF basis functions:         282
 Schwarz screening threshold:            1.00e-10
 Coulomb fitting method:                 Cholesky
 Total number of grid points:        13682
 Method for AO orthogonalization:        symmetric
 Threshold for linear dependence:        1.00e-08
 D3BJ dispersion energy:                -0.000450583

 -------------------------------------
  Running unrestricted open-shell SCF 
 -------------------------------------
 Max number of iterations:             128
 Conv. threshold (gradient):             1.00e-05
 Conv. threshold (energy):               1.00e-06
 Interpolation scheme:                   adiis+cdiis
 Initial guess:                          SAD

 ---------------------------------------------------------------
                  energy        change          grad        time
 ---------------------------------------------------------------
   0      -849.549584177                    1.13e+00        0.02
   1      -849.708132561     -1.59e-01      2.54e-01        0.02
   2      -849.721631932     -1.35e-02      2.22e-01        0.02
   3      -849.740955414     -1.93e-02      7.61e-02        0.02
   4      -849.741579689     -6.24e-04      8.75e-02        0.02
   5      -849.743644950     -2.07e-03      1.19e-02        0.02
   6      -849.743755711     -1.11e-04      4.46e-03        0.02
   7      -849.743778299     -2.26e-05      1.61e-03        0.02
   8      -849.743781478     -3.18e-06      5.08e-04        0.02
   9      -849.743781962     -4.83e-07      1.93e-04        0.02
  10      -849.743782012     -5.00e-08      4.35e-05        0.02
  11      -849.743782012     -9.12e-10      8.75e-06        0.02

 SCF converged in 11 iterations.

 Dipole moment (in Debye):              -0.000000      -0.000000      -2.285215

 Quadrupole moment (in Debye-Angstrom):
                  1            2            3
 1       -18.731270     0.000002     0.000000
 2         0.000002   -18.731270     0.000000
 3         0.000000     0.000000   -25.335487

 Spin-squared expectation <S^2>:         3.758
 Total spin quantum number S:            1.502
 TOTAL ENERGY:                        -849.743782013

 --------------------------------------------------------------------------------

 End time:                               Wed Jun  2 11:50:47 2021
 Total wall-clock time:                  2.249 seconds
==================================================================================
