
================================================================================
          _____________ ________ _______________ ________     _________         
         / ___________// ______ \\_____   _____// ______ \   / ________)        
        / /_________  / /      \ \     | |     / /      \ \ | (_______          
       |  __________|| |        | |    | |    | |        | | \________ \        
        \ \_________ | |        | |    | |     \ \______/ /___________) |       
         \__________||_|        |_|    |_|      \________//____________/        
                                                                                
====================================[ Qcore ]===================================

 Git hash:   15a3e7daff0cda5fa9af010ccd19a80288182ecf
 Git date:   Fri, 16 Apr 2021 15:57:16 +0100
 Compiler:   GNU 9.1.0
 Build type: Release
 Version:    1.1.0

 Start time: Wed Jun  2 11:50:47 2021

 Data directory: /work/zw18965/.local/qcore/share/entos/1.1.0/data
 Number of threads: 24
 Number of threads was determined by: command line argument
  - More threads can be used by running 'qcore -n 32'

 --------------------------------------------------------------------------------
                                   command: dft                                  
 --------------------------------------------------------------------------------
 AO basis set:                           aug-cc-pvtz
 Number of AO basis functions:         139

 Formula:                                FTi
 Nuclear charge:                        31.000000000
 Total charge:                           0.000000000
 Number of electrons:                   31.000000000

 Number of alpha electrons:             17
 Number of beta electrons:              14
 Number of unpaired electrons:           3
 Spin:                                   3
 Multiplicity:                           quartet

 Theory:                                 dft
 Exchange-correlation functional:        pbe0
 Method for Coulomb:                     incore_df
 Method for exact exchange:              pre_transformed_df
 Integral threshold:                     1.00e-12
 DF basis set:                           def2-tzvp-jkfit(spdfghi)
 Number of DF basis functions:         341
 Schwarz screening threshold:            1.00e-10
 Coulomb fitting method:                 Cholesky
 Total number of grid points:        14604
 Method for AO orthogonalization:        symmetric
 Threshold for linear dependence:        1.00e-08
 D3BJ dispersion energy:                -0.000424799

 -------------------------------------
  Running unrestricted open-shell SCF 
 -------------------------------------
 Max number of iterations:             128
 Conv. threshold (gradient):             1.00e-05
 Conv. threshold (energy):               1.00e-06
 Interpolation scheme:                   adiis+cdiis
 Initial guess:                          SAD

 ---------------------------------------------------------------
                  energy        change          grad        time
 ---------------------------------------------------------------
   0      -948.859242242                    2.11e+00        0.03
   1      -948.972676190     -1.13e-01      5.26e-01        0.03
   2      -948.407590528      5.65e-01      1.60e+00        0.02
   3      -949.011106259     -6.04e-01      4.31e-01        0.02
   4      -949.049235359     -3.81e-02      1.40e-01        0.03
   5      -949.047242270      1.99e-03      1.66e-01        0.03
   6      -949.053204268     -5.96e-03      1.47e-02        0.03
   7      -949.053173023      3.12e-05      1.88e-02        0.04
   8      -949.053293393     -1.20e-04      4.91e-04        0.04
   9      -949.053293851     -4.58e-07      2.60e-04        0.02
  10      -949.053293969     -1.18e-07      9.02e-05        0.03
  11      -949.053293985     -1.62e-08      2.35e-05        0.02
  12      -949.053293986     -3.06e-10      5.03e-06        0.03

 SCF converged in 12 iterations.

 Dipole moment (in Debye):               0.000000       0.000000      -3.114368

 Quadrupole moment (in Debye-Angstrom):
                  1            2            3
 1       -22.635287    -0.000000    -0.000000
 2        -0.000000   -22.635287    -0.000000
 3        -0.000000    -0.000000   -23.237512

 Spin-squared expectation <S^2>:         3.755
 Total spin quantum number S:            1.501
 TOTAL ENERGY:                        -949.053293986

 --------------------------------------------------------------------------------

 End time:                               Wed Jun  2 11:50:50 2021
 Total wall-clock time:                  2.500 seconds
==================================================================================
