
================================================================================
          _____________ ________ _______________ ________     _________         
         / ___________// ______ \\_____   _____// ______ \   / ________)        
        / /_________  / /      \ \     | |     / /      \ \ | (_______          
       |  __________|| |        | |    | |    | |        | | \________ \        
        \ \_________ | |        | |    | |     \ \______/ /___________) |       
         \__________||_|        |_|    |_|      \________//____________/        
                                                                                
====================================[ Qcore ]===================================

 Git hash:   15a3e7daff0cda5fa9af010ccd19a80288182ecf
 Git date:   Fri, 16 Apr 2021 15:57:16 +0100
 Compiler:   GNU 9.1.0
 Build type: Release
 Version:    1.1.0

 Start time: Wed Jun  2 11:50:56 2021

 Data directory: /work/zw18965/.local/qcore/share/entos/1.1.0/data
 Number of threads: 24
 Number of threads was determined by: command line argument
  - More threads can be used by running 'qcore -n 32'

 --------------------------------------------------------------------------------
                                   command: dft                                  
 --------------------------------------------------------------------------------
 AO basis set:                           aug-cc-pvtz
 Number of AO basis functions:         139

 Formula:                                OTi
 Nuclear charge:                        30.000000000
 Total charge:                           0.000000000
 Number of electrons:                   30.000000000

 Number of alpha electrons:             16
 Number of beta electrons:              14
 Number of unpaired electrons:           2
 Spin:                                   2
 Multiplicity:                           triplet

 Theory:                                 dft
 Exchange-correlation functional:        pbe0
 Method for Coulomb:                     incore_df
 Method for exact exchange:              pre_transformed_df
 Integral threshold:                     1.00e-12
 DF basis set:                           def2-tzvp-jkfit(spdfghi)
 Number of DF basis functions:         341
 Schwarz screening threshold:            1.00e-10
 Coulomb fitting method:                 Cholesky
 Total number of grid points:        14736
 Method for AO orthogonalization:        symmetric
 Threshold for linear dependence:        1.00e-08
 D3BJ dispersion energy:                -0.000591507

 -------------------------------------
  Running unrestricted open-shell SCF 
 -------------------------------------
 Max number of iterations:             128
 Conv. threshold (gradient):             1.00e-05
 Conv. threshold (energy):               1.00e-06
 Interpolation scheme:                   adiis+cdiis
 Initial guess:                          SAD

 ---------------------------------------------------------------
                  energy        change          grad        time
 ---------------------------------------------------------------
   0      -924.282338465                    2.64e+00        0.03
   1      -924.088128839      1.94e-01      1.06e+00        0.03
   2      -915.481634713      8.61e+00      5.36e+00        0.03
   3      -923.300248783     -7.82e+00      1.86e+00        0.03
   4      -924.407946158     -1.11e+00      3.29e-01        0.03
   5      -924.367920622      4.00e-02      5.02e-01        0.03
   6      -924.431623008     -6.37e-02      9.36e-02        0.03
   7      -924.428776866      2.85e-03      1.35e-01        0.03
   8      -924.433560718     -4.78e-03      5.25e-03        0.05
   9      -924.433584755     -2.40e-05      1.77e-03        0.03
  10      -924.433588133     -3.38e-06      1.05e-03        0.03
  11      -924.433588715     -5.82e-07      4.67e-04        0.03
  12      -924.433588918     -2.03e-07      9.66e-05        0.03
  13      -924.433588925     -7.62e-09      2.98e-05        0.03
  14      -924.433588926     -2.59e-10      2.89e-06        0.03

 SCF converged in 14 iterations.

 Dipole moment (in Debye):               0.000000       0.000000      -3.667993

 Quadrupole moment (in Debye-Angstrom):
                  1            2            3
 1       -22.186125     0.000000    -0.000000
 2         0.000000   -22.186125    -0.000000
 3        -0.000000    -0.000000   -26.088833

 Spin-squared expectation <S^2>:         2.018
 Total spin quantum number S:            1.006
 TOTAL ENERGY:                        -924.433588926

 --------------------------------------------------------------------------------

 End time:                               Wed Jun  2 11:50:59 2021
 Total wall-clock time:                  2.504 seconds
==================================================================================
