
================================================================================
          _____________ ________ _______________ ________     _________         
         / ___________// ______ \\_____   _____// ______ \   / ________)        
        / /_________  / /      \ \     | |     / /      \ \ | (_______          
       |  __________|| |        | |    | |    | |        | | \________ \        
        \ \_________ | |        | |    | |     \ \______/ /___________) |       
         \__________||_|        |_|    |_|      \________//____________/        
                                                                                
====================================[ Qcore ]===================================

 Git hash:   15a3e7daff0cda5fa9af010ccd19a80288182ecf
 Git date:   Fri, 16 Apr 2021 15:57:16 +0100
 Compiler:   GNU 9.1.0
 Build type: Release
 Version:    1.1.0

 Start time: Wed Jun  2 11:51:09 2021

 Data directory: /work/zw18965/.local/qcore/share/entos/1.1.0/data
 Number of threads: 24
 Number of threads was determined by: command line argument
  - More threads can be used by running 'qcore -n 32'

 --------------------------------------------------------------------------------
                                   command: dft                                  
 --------------------------------------------------------------------------------
 AO basis set:                           aug-cc-pvtz
 Number of AO basis functions:         152

 Formula:                                VBr
 Nuclear charge:                        58.000000000
 Total charge:                           0.000000000
 Number of electrons:                   58.000000000

 Number of alpha electrons:             31
 Number of beta electrons:              27
 Number of unpaired electrons:           4
 Spin:                                   4
 Multiplicity:                           quintet

 Theory:                                 dft
 Exchange-correlation functional:        pbe0
 Method for Coulomb:                     incore_df
 Method for exact exchange:              pre_transformed_df
 Integral threshold:                     1.00e-12
 DF basis set:                           def2-tzvp-jkfit(spdfghi)
 Number of DF basis functions:         530
 Schwarz screening threshold:            1.00e-10
 Coulomb fitting method:                 Cholesky
 Total number of grid points:        16016
 Method for AO orthogonalization:        symmetric
 Threshold for linear dependence:        1.00e-08
 D3BJ dispersion energy:                -0.001513715

 -------------------------------------
  Running unrestricted open-shell SCF 
 -------------------------------------
 Max number of iterations:             128
 Conv. threshold (gradient):             1.00e-05
 Conv. threshold (energy):               1.00e-06
 Interpolation scheme:                   adiis+cdiis
 Initial guess:                          SAD

 ---------------------------------------------------------------
                  energy        change          grad        time
 ---------------------------------------------------------------
   0     -3517.463068484                    2.06e+00        0.04
   1     -3517.466877312     -3.81e-03      8.78e-01        0.04
   2     -3509.050720768      8.42e+00      4.97e+00        0.03
   3     -3516.513363623     -7.46e+00      1.90e+00        0.04
   4     -3517.699496802     -1.19e+00      2.53e-01        0.04
   5     -3517.663491445      3.60e-02      3.87e-01        0.04
   6     -3517.716915430     -5.34e-02      8.00e-02        0.04
   7     -3517.715088277      1.83e-03      1.15e-01        0.04
   8     -3517.718860543     -3.77e-03      3.00e-03        0.04
   9     -3517.718864684     -4.14e-06      1.07e-03        0.04
  10     -3517.718865298     -6.14e-07      3.61e-04        0.04
  11     -3517.718865358     -5.96e-08      1.32e-04        0.03
  12     -3517.718865368     -1.03e-08      4.62e-05        0.03
  13     -3517.718865369     -1.30e-09      2.81e-05        0.04
  14     -3517.718865370     -8.94e-10      1.24e-05        0.03
  15     -3517.718865370     -1.75e-10      3.40e-06        0.04

 SCF converged in 15 iterations.

 Dipole moment (in Debye):               0.000034       0.000034      -4.774620

 Quadrupole moment (in Debye-Angstrom):
                  1            2            3
 1       -35.338399    -0.000000    -0.000087
 2        -0.000000   -35.338398    -0.000087
 3        -0.000087    -0.000087   -29.211499

 Spin-squared expectation <S^2>:         6.014
 Total spin quantum number S:            2.003
 TOTAL ENERGY:                       -3517.718865370

 --------------------------------------------------------------------------------

 End time:                               Wed Jun  2 11:51:13 2021
 Total wall-clock time:                  3.571 seconds
==================================================================================
