
================================================================================
          _____________ ________ _______________ ________     _________         
         / ___________// ______ \\_____   _____// ______ \   / ________)        
        / /_________  / /      \ \     | |     / /      \ \ | (_______          
       |  __________|| |        | |    | |    | |        | | \________ \        
        \ \_________ | |        | |    | |     \ \______/ /___________) |       
         \__________||_|        |_|    |_|      \________//____________/        
                                                                                
====================================[ Qcore ]===================================

 Git hash:   15a3e7daff0cda5fa9af010ccd19a80288182ecf
 Git date:   Fri, 16 Apr 2021 15:57:16 +0100
 Compiler:   GNU 9.1.0
 Build type: Release
 Version:    1.1.0

 Start time: Wed Jun  2 11:51:13 2021

 Data directory: /work/zw18965/.local/qcore/share/entos/1.1.0/data
 Number of threads: 24
 Number of threads was determined by: command line argument
  - More threads can be used by running 'qcore -n 32'

 --------------------------------------------------------------------------------
                                   command: dft                                  
 --------------------------------------------------------------------------------
 AO basis set:                           aug-cc-pvtz
 Number of AO basis functions:         139

 Formula:                                OV
 Nuclear charge:                        31.000000000
 Total charge:                           0.000000000
 Number of electrons:                   31.000000000

 Number of alpha electrons:             17
 Number of beta electrons:              14
 Number of unpaired electrons:           3
 Spin:                                   3
 Multiplicity:                           quartet

 Theory:                                 dft
 Exchange-correlation functional:        pbe0
 Method for Coulomb:                     incore_df
 Method for exact exchange:              pre_transformed_df
 Integral threshold:                     1.00e-12
 DF basis set:                           def2-tzvp-jkfit(spdfghi)
 Number of DF basis functions:         341
 Schwarz screening threshold:            1.00e-10
 Coulomb fitting method:                 Cholesky
 Total number of grid points:        14796
 Method for AO orthogonalization:        symmetric
 Threshold for linear dependence:        1.00e-08
 D3BJ dispersion energy:                -0.000624513

 -------------------------------------
  Running unrestricted open-shell SCF 
 -------------------------------------
 Max number of iterations:             128
 Conv. threshold (gradient):             1.00e-05
 Conv. threshold (energy):               1.00e-06
 Interpolation scheme:                   adiis+cdiis
 Initial guess:                          SAD

 ---------------------------------------------------------------
                  energy        change          grad        time
 ---------------------------------------------------------------
   0     -1018.661463487                    2.90e+00        0.03
   1     -1018.302538879      3.59e-01      1.33e+00        0.03
   2     -1004.017994376      1.43e+01      9.86e+00        0.03
   3     -1016.160944835     -1.21e+01      3.05e+00        0.03
   4     -1018.882006441     -2.72e+00      4.69e-01        0.03
   5     -1018.855164471      2.68e-02      5.79e-01        0.03
   6     -1018.958801478     -1.04e-01      6.46e-02        0.03
   7     -1018.946416868      1.24e-02      2.07e-01        0.03
   8     -1018.960019147     -1.36e-02      5.84e-03        0.03
   9     -1018.960103168     -8.40e-05      6.60e-03        0.02
  10     -1018.960128553     -2.54e-05      4.07e-03        0.03
  11     -1018.960134885     -6.33e-06      3.32e-04        0.03
  12     -1018.960135098     -2.13e-07      4.27e-04        0.03
  13     -1018.960135167     -6.91e-08      1.59e-04        0.03
  14     -1018.960135178     -1.05e-08      2.48e-05        0.03
  15     -1018.960135178     -2.46e-10      7.99e-06        0.03

 SCF converged in 15 iterations.

 Dipole moment (in Debye):               0.000000       0.000000      -3.755226

 Quadrupole moment (in Debye-Angstrom):
                  1            2            3
 1       -21.592709     0.000000    -0.000000
 2         0.000000   -21.592709    -0.000000
 3        -0.000000    -0.000000   -23.164782

 Spin-squared expectation <S^2>:         3.817
 Total spin quantum number S:            1.517
 TOTAL ENERGY:                       -1018.960135178

 --------------------------------------------------------------------------------

 End time:                               Wed Jun  2 11:51:16 2021
 Total wall-clock time:                  2.687 seconds
==================================================================================
