
================================================================================
          _____________ ________ _______________ ________     _________         
         / ___________// ______ \\_____   _____// ______ \   / ________)        
        / /_________  / /      \ \     | |     / /      \ \ | (_______          
       |  __________|| |        | |    | |    | |        | | \________ \        
        \ \_________ | |        | |    | |     \ \______/ /___________) |       
         \__________||_|        |_|    |_|      \________//____________/        
                                                                                
====================================[ Qcore ]===================================

 Git hash:   15a3e7daff0cda5fa9af010ccd19a80288182ecf
 Git date:   Fri, 16 Apr 2021 15:57:16 +0100
 Compiler:   GNU 9.1.0
 Build type: Release
 Version:    1.1.0

 Start time: Wed Jun  2 11:51:21 2021

 Data directory: /work/zw18965/.local/qcore/share/entos/1.1.0/data
 Number of threads: 24
 Number of threads was determined by: command line argument
  - More threads can be used by running 'qcore -n 32'

 --------------------------------------------------------------------------------
                                   command: dft                                  
 --------------------------------------------------------------------------------
 AO basis set:                           aug-cc-pvtz
 Number of AO basis functions:         139

 Formula:                                FCr
 Nuclear charge:                        33.000000000
 Total charge:                           0.000000000
 Number of electrons:                   33.000000000

 Number of alpha electrons:             19
 Number of beta electrons:              14
 Number of unpaired electrons:           5
 Spin:                                   5
 Multiplicity:                           septet

 Theory:                                 dft
 Exchange-correlation functional:        pbe0
 Method for Coulomb:                     incore_df
 Method for exact exchange:              pre_transformed_df
 Integral threshold:                     1.00e-12
 DF basis set:                           def2-tzvp-jkfit(spdfghi)
 Number of DF basis functions:         341
 Schwarz screening threshold:            1.00e-10
 Coulomb fitting method:                 Cholesky
 Total number of grid points:        14640
 Method for AO orthogonalization:        symmetric
 Threshold for linear dependence:        1.00e-08
 D3BJ dispersion energy:                -0.000419435

 -------------------------------------
  Running unrestricted open-shell SCF 
 -------------------------------------
 Max number of iterations:             128
 Conv. threshold (gradient):             1.00e-05
 Conv. threshold (energy):               1.00e-06
 Interpolation scheme:                   adiis+cdiis
 Initial guess:                          SAD

 ---------------------------------------------------------------
                  energy        change          grad        time
 ---------------------------------------------------------------
   0     -1143.632948385                    1.48e+00        0.03
   1     -1143.741800824     -1.09e-01      9.08e-01        0.03
   2     -1134.956071230      8.79e+00      4.82e+00        0.03
   3     -1143.395531406     -8.44e+00      1.39e+00        0.03
   4     -1144.088819496     -6.93e-01      1.28e-01        0.03
   5     -1144.071975680      1.68e-02      2.65e-01        0.04
   6     -1144.094568206     -2.26e-02      6.14e-02        0.03
   7     -1144.093344110      1.22e-03      8.43e-02        0.03
   8     -1144.095620761     -2.28e-03      4.12e-03        0.03
   9     -1144.095626297     -5.54e-06      9.19e-04        0.03
  10     -1144.095626541     -2.44e-07      5.44e-04        0.02
  11     -1144.095626664     -1.22e-07      5.95e-05        0.03
  12     -1144.095626666     -2.77e-09      3.07e-05        0.03
  13     -1144.095626667     -7.60e-10      1.76e-05        0.03
  14     -1144.095626667     -2.99e-10      3.96e-06        0.03

 SCF converged in 14 iterations.

 Dipole moment (in Debye):               0.000000       0.000000      -4.162048

 Quadrupole moment (in Debye-Angstrom):
                  1            2            3
 1       -20.021491    -0.000000     0.000000
 2        -0.000000   -20.021491     0.000000
 3         0.000000     0.000000   -21.883866

 Spin-squared expectation <S^2>:         8.762
 Total spin quantum number S:            2.502
 TOTAL ENERGY:                       -1144.095626667

 --------------------------------------------------------------------------------

 End time:                               Wed Jun  2 11:51:23 2021
 Total wall-clock time:                  2.513 seconds
==================================================================================
