
================================================================================
          _____________ ________ _______________ ________     _________         
         / ___________// ______ \\_____   _____// ______ \   / ________)        
        / /_________  / /      \ \     | |     / /      \ \ | (_______          
       |  __________|| |        | |    | |    | |        | | \________ \        
        \ \_________ | |        | |    | |     \ \______/ /___________) |       
         \__________||_|        |_|    |_|      \________//____________/        
                                                                                
====================================[ Qcore ]===================================

 Git hash:   15a3e7daff0cda5fa9af010ccd19a80288182ecf
 Git date:   Fri, 16 Apr 2021 15:57:16 +0100
 Compiler:   GNU 9.1.0
 Build type: Release
 Version:    1.1.0

 Start time: Wed Jun  2 11:51:43 2021

 Data directory: /work/zw18965/.local/qcore/share/entos/1.1.0/data
 Number of threads: 24
 Number of threads was determined by: command line argument
  - More threads can be used by running 'qcore -n 32'

 --------------------------------------------------------------------------------
                                   command: dft                                  
 --------------------------------------------------------------------------------
 AO basis set:                           aug-cc-pvtz
 Number of AO basis functions:         143

 Formula:                                ClMn
 Nuclear charge:                        42.000000000
 Total charge:                           0.000000000
 Number of electrons:                   42.000000000

 Number of alpha electrons:             24
 Number of beta electrons:              18
 Number of unpaired electrons:           6
 Spin:                                   6
 Multiplicity:                           octet

 Theory:                                 dft
 Exchange-correlation functional:        pbe0
 Method for Coulomb:                     incore_df
 Method for exact exchange:              pre_transformed_df
 Integral threshold:                     1.00e-12
 DF basis set:                           def2-tzvp-jkfit(spdfghi)
 Number of DF basis functions:         392
 Schwarz screening threshold:            1.00e-10
 Coulomb fitting method:                 Cholesky
 Total number of grid points:        15430
 Method for AO orthogonalization:        symmetric
 Threshold for linear dependence:        1.00e-08
 D3BJ dispersion energy:                -0.001080649

 -------------------------------------
  Running unrestricted open-shell SCF 
 -------------------------------------
 Max number of iterations:             128
 Conv. threshold (gradient):             1.00e-05
 Conv. threshold (energy):               1.00e-06
 Interpolation scheme:                   adiis+cdiis
 Initial guess:                          SAD

WARNING: atomic SCF not converged for Mn atom. Will fall back to diagonal density


 ---------------------------------------------------------------
                  energy        change          grad        time
 ---------------------------------------------------------------
   0      -527.368569605                    7.28e+00        0.03
   1     -1247.546792358     -7.20e+02      9.07e+00        0.03
   2     -1111.954568844      1.36e+02      1.81e+01        0.03
   3     -1596.667802095     -4.85e+02      5.43e+00        0.03
   4     -1576.959826438      1.97e+01      8.94e+00        0.03
   5     -1609.233157203     -3.23e+01      2.18e+00        0.03
   6     -1601.373490708      7.86e+00      5.52e+00        0.03
   7     -1610.666323014     -9.29e+00      6.80e-01        0.03
   8     -1610.689445406     -2.31e-02      6.59e-01        0.04
   9     -1610.933066536     -2.44e-01      4.30e-02        0.04
  10     -1610.933061020      5.52e-06      4.55e-02        0.04
  11     -1610.933733015     -6.72e-04      3.99e-03        0.04
  12     -1610.933738744     -5.73e-06      2.10e-03        0.03
  13     -1610.933740465     -1.72e-06      5.35e-04        0.03
  14     -1610.933740602     -1.37e-07      1.28e-04        0.03
  15     -1610.933740612     -9.61e-09      2.02e-05        0.03
  16     -1610.933740612     -4.35e-10      6.60e-06        0.04

 SCF converged in 16 iterations.

 Dipole moment (in Debye):               0.000000       0.000000      -2.827542

 Quadrupole moment (in Debye-Angstrom):
                  1            2            3
 1       -28.128812     0.000000     0.000000
 2         0.000000   -28.128812     0.000000
 3         0.000000     0.000000   -33.722027

 Spin-squared expectation <S^2>:        12.004
 Total spin quantum number S:            3.001
 TOTAL ENERGY:                       -1610.933740612

 --------------------------------------------------------------------------------

 End time:                               Wed Jun  2 11:51:47 2021
 Total wall-clock time:                  4.071 seconds
==================================================================================
