
================================================================================
          _____________ ________ _______________ ________     _________         
         / ___________// ______ \\_____   _____// ______ \   / ________)        
        / /_________  / /      \ \     | |     / /      \ \ | (_______          
       |  __________|| |        | |    | |    | |        | | \________ \        
        \ \_________ | |        | |    | |     \ \______/ /___________) |       
         \__________||_|        |_|    |_|      \________//____________/        
                                                                                
====================================[ Qcore ]===================================

 Git hash:   15a3e7daff0cda5fa9af010ccd19a80288182ecf
 Git date:   Fri, 16 Apr 2021 15:57:16 +0100
 Compiler:   GNU 9.1.0
 Build type: Release
 Version:    1.1.0

 Start time: Wed Jun  2 11:51:52 2021

 Data directory: /work/zw18965/.local/qcore/share/entos/1.1.0/data
 Number of threads: 24
 Number of threads was determined by: command line argument
  - More threads can be used by running 'qcore -n 32'

 --------------------------------------------------------------------------------
                                   command: dft                                  
 --------------------------------------------------------------------------------
 AO basis set:                           aug-cc-pvtz
 Number of AO basis functions:         139

 Formula:                                OMn
 Nuclear charge:                        33.000000000
 Total charge:                           0.000000000
 Number of electrons:                   33.000000000

 Number of alpha electrons:             19
 Number of beta electrons:              14
 Number of unpaired electrons:           5
 Spin:                                   5
 Multiplicity:                           septet

 Theory:                                 dft
 Exchange-correlation functional:        pbe0
 Method for Coulomb:                     incore_df
 Method for exact exchange:              pre_transformed_df
 Integral threshold:                     1.00e-12
 DF basis set:                           def2-tzvp-jkfit(spdfghi)
 Number of DF basis functions:         341
 Schwarz screening threshold:            1.00e-10
 Coulomb fitting method:                 Cholesky
 Total number of grid points:        14880
 Method for AO orthogonalization:        symmetric
 Threshold for linear dependence:        1.00e-08
 D3BJ dispersion energy:                -0.000514207

 -------------------------------------
  Running unrestricted open-shell SCF 
 -------------------------------------
 Max number of iterations:             128
 Conv. threshold (gradient):             1.00e-05
 Conv. threshold (energy):               1.00e-06
 Interpolation scheme:                   adiis+cdiis
 Initial guess:                          SAD

WARNING: atomic SCF not converged for Mn atom. Will fall back to diagonal density


 ---------------------------------------------------------------
                  energy        change          grad        time
 ---------------------------------------------------------------
   0      -142.567164157                    8.17e+00        0.03
   1     -1071.840109546     -9.29e+02      8.67e+00        0.03
   2     -1093.517681707     -2.17e+01      1.18e+01        0.03
   3     -1211.200660721     -1.18e+02      4.43e+00        0.03
   4     -1216.023558519     -4.82e+00      5.79e+00        0.03
   5     -1224.093098394     -8.07e+00      2.59e+00        0.03
   6     -1215.724125850      8.37e+00      3.79e+00        0.03
   7     -1224.907120016     -9.18e+00      1.97e+00        0.03
   8     -1225.275091079     -3.68e-01      1.60e+00        0.03
   9     -1225.875870787     -6.01e-01      4.35e-01        0.04
  10     -1225.741454197      1.34e-01      8.99e-01        0.03
  11     -1225.842305550     -1.01e-01      6.43e-01        0.04
  12     -1225.930519353     -8.82e-02      2.95e-01        0.04
  13     -1225.918652483      1.19e-02      3.38e-01        0.04
  14     -1225.948302643     -2.97e-02      1.07e-01        0.04
  15     -1225.943117035      5.19e-03      2.03e-01        0.04
  16     -1225.950770464     -7.65e-03      5.36e-02        0.04
  17     -1225.949506627      1.26e-03      7.46e-02        0.04
  18     -1225.951442295     -1.94e-03      2.37e-03        0.03
  19     -1225.951444511     -2.22e-06      4.58e-04        0.03
  20     -1225.951444573     -6.18e-08      1.01e-04        0.03
  21     -1225.951444580     -7.84e-09      5.17e-05        0.03
  22     -1225.951444583     -2.24e-09      1.56e-05        0.03
  23     -1225.951444583     -2.11e-10      3.21e-06        0.03

 SCF converged in 23 iterations.

 Dipole moment (in Debye):               0.000000       0.000000      -5.065770

 Quadrupole moment (in Debye-Angstrom):
                  1            2            3
 1       -20.079549    -0.000000    -0.000000
 2        -0.000000   -20.079549    -0.000000
 3        -0.000000    -0.000000   -22.845860

 Spin-squared expectation <S^2>:         8.859
 Total spin quantum number S:            2.518
 TOTAL ENERGY:                       -1225.951444583

 --------------------------------------------------------------------------------

 End time:                               Wed Jun  2 11:51:56 2021
 Total wall-clock time:                  4.220 seconds
==================================================================================
