
================================================================================
          _____________ ________ _______________ ________     _________         
         / ___________// ______ \\_____   _____// ______ \   / ________)        
        / /_________  / /      \ \     | |     / /      \ \ | (_______          
       |  __________|| |        | |    | |    | |        | | \________ \        
        \ \_________ | |        | |    | |     \ \______/ /___________) |       
         \__________||_|        |_|    |_|      \________//____________/        
                                                                                
====================================[ Qcore ]===================================

 Git hash:   15a3e7daff0cda5fa9af010ccd19a80288182ecf
 Git date:   Fri, 16 Apr 2021 15:57:16 +0100
 Compiler:   GNU 9.1.0
 Build type: Release
 Version:    1.1.0

 Start time: Wed Jun  2 11:51:56 2021

 Data directory: /work/zw18965/.local/qcore/share/entos/1.1.0/data
 Number of threads: 24
 Number of threads was determined by: command line argument
  - More threads can be used by running 'qcore -n 32'

 --------------------------------------------------------------------------------
                                   command: dft                                  
 --------------------------------------------------------------------------------
 AO basis set:                           aug-cc-pvtz
 Number of AO basis functions:         143

 Formula:                                SMn
 Nuclear charge:                        41.000000000
 Total charge:                           0.000000000
 Number of electrons:                   41.000000000

 Number of alpha electrons:             23
 Number of beta electrons:              18
 Number of unpaired electrons:           5
 Spin:                                   5
 Multiplicity:                           septet

 Theory:                                 dft
 Exchange-correlation functional:        pbe0
 Method for Coulomb:                     incore_df
 Method for exact exchange:              pre_transformed_df
 Integral threshold:                     1.00e-12
 DF basis set:                           def2-tzvp-jkfit(spdfghi)
 Number of DF basis functions:         392
 Schwarz screening threshold:            1.00e-10
 Coulomb fitting method:                 Cholesky
 Total number of grid points:        15286
 Method for AO orthogonalization:        symmetric
 Threshold for linear dependence:        1.00e-08
 D3BJ dispersion energy:                -0.001224349

 -------------------------------------
  Running unrestricted open-shell SCF 
 -------------------------------------
 Max number of iterations:             128
 Conv. threshold (gradient):             1.00e-05
 Conv. threshold (energy):               1.00e-06
 Interpolation scheme:                   adiis+cdiis
 Initial guess:                          SAD

WARNING: atomic SCF not converged for Mn atom. Will fall back to diagonal density


 ---------------------------------------------------------------
                  energy        change          grad        time
 ---------------------------------------------------------------
   0      -467.958803304                    8.19e+00        0.03
   1     -1189.956008875     -7.22e+02      1.00e+01        0.03
   2     -1075.103446722      1.15e+02      2.00e+01        0.03
   3     -1537.040085826     -4.62e+02      4.71e+00        0.03
   4     -1517.262170160      1.98e+01      9.67e+00        0.03
   5     -1548.210050532     -3.09e+01      9.41e-01        0.03
   6     -1546.069110136      2.14e+00      1.69e+00        0.03
   7     -1548.789299116     -2.72e+00      5.99e-01        0.04
   8     -1547.929032193      8.60e-01      2.02e+00        0.04
   9     -1548.842182120     -9.13e-01      3.15e-01        0.04
  10     -1548.880811456     -3.86e-02      1.08e-01        0.04
  11     -1548.873042321      7.77e-03      1.74e-01        0.04
  12     -1548.885317181     -1.23e-02      9.95e-02        0.04
  13     -1548.882271332      3.05e-03      1.46e-01        0.04
  14     -1548.888482707     -6.21e-03      4.62e-03        0.04
  15     -1548.888504538     -2.18e-05      1.12e-03        0.03
  16     -1548.888506109     -1.57e-06      1.43e-04        0.03
  17     -1548.888506121     -1.19e-08      2.77e-05        0.03
  18     -1548.888506121     -7.19e-10      7.12e-06        0.03

 SCF converged in 18 iterations.

 Dipole moment (in Debye):              -0.000000      -0.000000      -6.175566

 Quadrupole moment (in Debye-Angstrom):
                  1            2            3
 1       -29.298961     0.000001     0.000000
 2         0.000001   -29.298961     0.000000
 3         0.000000     0.000000   -25.895862

 Spin-squared expectation <S^2>:         8.861
 Total spin quantum number S:            2.519
 TOTAL ENERGY:                       -1548.888506121

 --------------------------------------------------------------------------------

 End time:                               Wed Jun  2 11:52:01 2021
 Total wall-clock time:                  4.250 seconds
==================================================================================
