
================================================================================
          _____________ ________ _______________ ________     _________         
         / ___________// ______ \\_____   _____// ______ \   / ________)        
        / /_________  / /      \ \     | |     / /      \ \ | (_______          
       |  __________|| |        | |    | |    | |        | | \________ \        
        \ \_________ | |        | |    | |     \ \______/ /___________) |       
         \__________||_|        |_|    |_|      \________//____________/        
                                                                                
====================================[ Qcore ]===================================

 Git hash:   15a3e7daff0cda5fa9af010ccd19a80288182ecf
 Git date:   Fri, 16 Apr 2021 15:57:16 +0100
 Compiler:   GNU 9.1.0
 Build type: Release
 Version:    1.1.0

 Start time: Wed Jun  2 11:52:03 2021

 Data directory: /work/zw18965/.local/qcore/share/entos/1.1.0/data
 Number of threads: 24
 Number of threads was determined by: command line argument
  - More threads can be used by running 'qcore -n 32'

 --------------------------------------------------------------------------------
                                   command: dft                                  
 --------------------------------------------------------------------------------
 AO basis set:                           aug-cc-pvtz
 Number of AO basis functions:         139

 Formula:                                FFe
 Nuclear charge:                        35.000000000
 Total charge:                           0.000000000
 Number of electrons:                   35.000000000

 Number of alpha electrons:             20
 Number of beta electrons:              15
 Number of unpaired electrons:           5
 Spin:                                   5
 Multiplicity:                           septet

 Theory:                                 dft
 Exchange-correlation functional:        pbe0
 Method for Coulomb:                     incore_df
 Method for exact exchange:              pre_transformed_df
 Integral threshold:                     1.00e-12
 DF basis set:                           def2-tzvp-jkfit(spdfghi)
 Number of DF basis functions:         341
 Schwarz screening threshold:            1.00e-10
 Coulomb fitting method:                 Cholesky
 Total number of grid points:        14748
 Method for AO orthogonalization:        symmetric
 Threshold for linear dependence:        1.00e-08
 D3BJ dispersion energy:                -0.000356802

 -------------------------------------
  Running unrestricted open-shell SCF 
 -------------------------------------
 Max number of iterations:             128
 Conv. threshold (gradient):             1.00e-05
 Conv. threshold (energy):               1.00e-06
 Interpolation scheme:                   adiis+cdiis
 Initial guess:                          SAD

 ---------------------------------------------------------------
                  energy        change          grad        time
 ---------------------------------------------------------------
   0     -1362.897231981                    2.08e+00        0.03
   1     -1363.237169056     -3.40e-01      5.16e-01        0.03
   2     -1362.456296209      7.81e-01      1.68e+00        0.03
   3     -1363.257357135     -8.01e-01      4.82e-01        0.03
   4     -1363.312640526     -5.53e-02      1.22e-01        0.03
   5     -1363.307293534      5.35e-03      1.91e-01        0.03
   6     -1363.315851942     -8.56e-03      3.33e-02        0.03
   7     -1363.315340183      5.12e-04      5.92e-02        0.03
   8     -1363.316103006     -7.63e-04      5.21e-04        0.03
   9     -1363.316103176     -1.70e-07      1.75e-04        0.03
  10     -1363.316103190     -1.40e-08      3.60e-05        0.03
  11     -1363.316103191     -6.01e-10      5.95e-06        0.02

 SCF converged in 11 iterations.

 Dipole moment (in Debye):               0.000000       0.000000      -2.153537

 Quadrupole moment (in Debye-Angstrom):
                  1            2            3
 1       -19.291640    -0.000001     0.000000
 2        -0.000001   -19.291640     0.000000
 3         0.000000     0.000000   -26.200486

 Spin-squared expectation <S^2>:         8.753
 Total spin quantum number S:            2.501
 TOTAL ENERGY:                       -1363.316103191

 --------------------------------------------------------------------------------

 End time:                               Wed Jun  2 11:52:06 2021
 Total wall-clock time:                  2.451 seconds
==================================================================================
