
================================================================================
          _____________ ________ _______________ ________     _________         
         / ___________// ______ \\_____   _____// ______ \   / ________)        
        / /_________  / /      \ \     | |     / /      \ \ | (_______          
       |  __________|| |        | |    | |    | |        | | \________ \        
        \ \_________ | |        | |    | |     \ \______/ /___________) |       
         \__________||_|        |_|    |_|      \________//____________/        
                                                                                
====================================[ Qcore ]===================================

 Git hash:   15a3e7daff0cda5fa9af010ccd19a80288182ecf
 Git date:   Fri, 16 Apr 2021 15:57:16 +0100
 Compiler:   GNU 9.1.0
 Build type: Release
 Version:    1.1.0

 Start time: Wed Jun  2 11:52:08 2021

 Data directory: /work/zw18965/.local/qcore/share/entos/1.1.0/data
 Number of threads: 24
 Number of threads was determined by: command line argument
  - More threads can be used by running 'qcore -n 32'

 --------------------------------------------------------------------------------
                                   command: dft                                  
 --------------------------------------------------------------------------------
 AO basis set:                           aug-cc-pvtz
 Number of AO basis functions:         152

 Formula:                                FeBr
 Nuclear charge:                        61.000000000
 Total charge:                           0.000000000
 Number of electrons:                   61.000000000

 Number of alpha electrons:             33
 Number of beta electrons:              28
 Number of unpaired electrons:           5
 Spin:                                   5
 Multiplicity:                           septet

 Theory:                                 dft
 Exchange-correlation functional:        pbe0
 Method for Coulomb:                     incore_df
 Method for exact exchange:              pre_transformed_df
 Integral threshold:                     1.00e-12
 DF basis set:                           def2-tzvp-jkfit(spdfghi)
 Number of DF basis functions:         530
 Schwarz screening threshold:            1.00e-10
 Coulomb fitting method:                 Cholesky
 Total number of grid points:        16100
 Method for AO orthogonalization:        symmetric
 Threshold for linear dependence:        1.00e-08
 D3BJ dispersion energy:                -0.001156001

 -------------------------------------
  Running unrestricted open-shell SCF 
 -------------------------------------
 Max number of iterations:             128
 Conv. threshold (gradient):             1.00e-05
 Conv. threshold (energy):               1.00e-06
 Interpolation scheme:                   adiis+cdiis
 Initial guess:                          SAD

 ---------------------------------------------------------------
                  energy        change          grad        time
 ---------------------------------------------------------------
   0     -3837.159052883                    2.98e+00        0.04
   1     -3837.394804726     -2.36e-01      2.50e-01        0.04
   2     -3837.368566518      2.62e-02      4.57e-01        0.04
   3     -3837.440975894     -7.24e-02      9.41e-02        0.03
   4     -3837.433208830      7.77e-03      1.86e-01        0.04
   5     -3837.446322508     -1.31e-02      7.62e-03        0.03
   6     -3837.446358322     -3.58e-05      3.01e-03        0.03
   7     -3837.446363873     -5.55e-06      7.78e-04        0.03
   8     -3837.446364288     -4.15e-07      2.47e-04        0.03
   9     -3837.446364336     -4.79e-08      9.10e-05        0.04
  10     -3837.446364341     -5.61e-09      3.38e-05        0.04
  11     -3837.446364342     -8.51e-10      6.11e-06        0.04

 SCF converged in 11 iterations.

 Dipole moment (in Debye):               0.000000       0.000000      -2.246354

 Quadrupole moment (in Debye-Angstrom):
                  1            2            3
 1       -33.846053    -0.000003    -0.000000
 2        -0.000003   -33.846053    -0.000000
 3        -0.000000    -0.000000   -35.858780

 Spin-squared expectation <S^2>:         8.755
 Total spin quantum number S:            2.501
 TOTAL ENERGY:                       -3837.446364342

 --------------------------------------------------------------------------------

 End time:                               Wed Jun  2 11:52:11 2021
 Total wall-clock time:                  3.348 seconds
==================================================================================
