
================================================================================
          _____________ ________ _______________ ________     _________         
         / ___________// ______ \\_____   _____// ______ \   / ________)        
        / /_________  / /      \ \     | |     / /      \ \ | (_______          
       |  __________|| |        | |    | |    | |        | | \________ \        
        \ \_________ | |        | |    | |     \ \______/ /___________) |       
         \__________||_|        |_|    |_|      \________//____________/        
                                                                                
====================================[ Qcore ]===================================

 Git hash:   15a3e7daff0cda5fa9af010ccd19a80288182ecf
 Git date:   Fri, 16 Apr 2021 15:57:16 +0100
 Compiler:   GNU 9.1.0
 Build type: Release
 Version:    1.1.0

 Start time: Wed Jun  2 11:52:14 2021

 Data directory: /work/zw18965/.local/qcore/share/entos/1.1.0/data
 Number of threads: 24
 Number of threads was determined by: command line argument
  - More threads can be used by running 'qcore -n 32'

 --------------------------------------------------------------------------------
                                   command: dft                                  
 --------------------------------------------------------------------------------
 AO basis set:                           aug-cc-pvtz
 Number of AO basis functions:         143

 Formula:                                SFe
 Nuclear charge:                        42.000000000
 Total charge:                           0.000000000
 Number of electrons:                   42.000000000

 Number of alpha electrons:             23
 Number of beta electrons:              19
 Number of unpaired electrons:           4
 Spin:                                   4
 Multiplicity:                           quintet

 Theory:                                 dft
 Exchange-correlation functional:        pbe0
 Method for Coulomb:                     incore_df
 Method for exact exchange:              pre_transformed_df
 Integral threshold:                     1.00e-12
 DF basis set:                           def2-tzvp-jkfit(spdfghi)
 Number of DF basis functions:         392
 Schwarz screening threshold:            1.00e-10
 Coulomb fitting method:                 Cholesky
 Total number of grid points:        15286
 Method for AO orthogonalization:        symmetric
 Threshold for linear dependence:        1.00e-08
 D3BJ dispersion energy:                -0.001154454

 -------------------------------------
  Running unrestricted open-shell SCF 
 -------------------------------------
 Max number of iterations:             128
 Conv. threshold (gradient):             1.00e-05
 Conv. threshold (energy):               1.00e-06
 Interpolation scheme:                   adiis+cdiis
 Initial guess:                          SAD

 ---------------------------------------------------------------
                  energy        change          grad        time
 ---------------------------------------------------------------
   0     -1661.376428355                    3.17e+00        0.03
   1     -1661.429804422     -5.34e-02      6.44e-01        0.03
   2     -1657.189224032      4.24e+00      4.53e+00        0.03
   3     -1661.157538535     -3.97e+00      1.43e+00        0.03
   4     -1661.560393813     -4.03e-01      2.06e-01        0.04
   5     -1661.527850802      3.25e-02      3.65e-01        0.03
   6     -1661.567867913     -4.00e-02      1.29e-01        0.03
   7     -1661.544923494      2.29e-02      2.66e-01        0.03
   8     -1661.572722984     -2.78e-02      5.38e-02        0.03
   9     -1661.572984501     -2.62e-04      5.31e-02        0.04
  10     -1661.574294648     -1.31e-03      3.74e-03        0.03
  11     -1661.574309319     -1.47e-05      1.07e-03        0.03
  12     -1661.574311124     -1.80e-06      4.08e-04        0.03
  13     -1661.574311303     -1.79e-07      1.94e-04        0.03
  14     -1661.574311323     -2.02e-08      5.77e-05        0.04
  15     -1661.574311324     -1.42e-09      1.51e-05        0.03
  16     -1661.574311324     -1.56e-10      4.13e-06        0.03

 SCF converged in 16 iterations.

 Dipole moment (in Debye):               0.000000       0.000000      -5.947856

 Quadrupole moment (in Debye-Angstrom):
                  1            2            3
 1       -28.542330    -0.000009    -0.000000
 2        -0.000009   -28.542330    -0.000000
 3        -0.000000    -0.000000   -24.796563

 Spin-squared expectation <S^2>:         6.059
 Total spin quantum number S:            2.012
 TOTAL ENERGY:                       -1661.574311325

 --------------------------------------------------------------------------------

 End time:                               Wed Jun  2 11:52:17 2021
 Total wall-clock time:                  2.822 seconds
==================================================================================
