
================================================================================
          _____________ ________ _______________ ________     _________         
         / ___________// ______ \\_____   _____// ______ \   / ________)        
        / /_________  / /      \ \     | |     / /      \ \ | (_______          
       |  __________|| |        | |    | |    | |        | | \________ \        
        \ \_________ | |        | |    | |     \ \______/ /___________) |       
         \__________||_|        |_|    |_|      \________//____________/        
                                                                                
====================================[ Qcore ]===================================

 Git hash:   15a3e7daff0cda5fa9af010ccd19a80288182ecf
 Git date:   Fri, 16 Apr 2021 15:57:16 +0100
 Compiler:   GNU 9.1.0
 Build type: Release
 Version:    1.1.0

 Start time: Wed Jun  2 11:52:34 2021

 Data directory: /work/zw18965/.local/qcore/share/entos/1.1.0/data
 Number of threads: 24
 Number of threads was determined by: command line argument
  - More threads can be used by running 'qcore -n 32'

 --------------------------------------------------------------------------------
                                   command: dft                                  
 --------------------------------------------------------------------------------
 AO basis set:                           aug-cc-pvtz
 Number of AO basis functions:         143

 Formula:                                SCo
 Nuclear charge:                        43.000000000
 Total charge:                           0.000000000
 Number of electrons:                   43.000000000

 Number of alpha electrons:             23
 Number of beta electrons:              20
 Number of unpaired electrons:           3
 Spin:                                   3
 Multiplicity:                           quartet

 Theory:                                 dft
 Exchange-correlation functional:        pbe0
 Method for Coulomb:                     incore_df
 Method for exact exchange:              pre_transformed_df
 Integral threshold:                     1.00e-12
 DF basis set:                           def2-tzvp-jkfit(spdfghi)
 Number of DF basis functions:         392
 Schwarz screening threshold:            1.00e-10
 Coulomb fitting method:                 Cholesky
 Total number of grid points:        15286
 Method for AO orthogonalization:        symmetric
 Threshold for linear dependence:        1.00e-08
 D3BJ dispersion energy:                -0.001173527

 -------------------------------------
  Running unrestricted open-shell SCF 
 -------------------------------------
 Max number of iterations:             128
 Conv. threshold (gradient):             1.00e-05
 Conv. threshold (energy):               1.00e-06
 Interpolation scheme:                   adiis+cdiis
 Initial guess:                          SAD

 ---------------------------------------------------------------
                  energy        change          grad        time
 ---------------------------------------------------------------
   0     -1780.535559229                    3.46e+00        0.03
   1     -1780.406347408      1.29e-01      1.10e+00        0.03
   2     -1776.196232457      4.21e+00      3.64e+00        0.03
   3     -1779.780425547     -3.58e+00      2.07e+00        0.03
   4     -1780.577922924     -7.97e-01      2.96e-01        0.03
   5     -1780.548141207      2.98e-02      4.57e-01        0.03
   6     -1780.600108295     -5.20e-02      5.31e-02        0.03
   7     -1780.598818346      1.29e-03      7.22e-02        0.03
   8     -1780.601416528     -2.60e-03      2.46e-02        0.03
   9     -1780.601618753     -2.02e-04      4.11e-03        0.03
  10     -1780.601626930     -8.18e-06      7.80e-04        0.03
  11     -1780.601628017     -1.09e-06      8.48e-04        0.03
  12     -1780.601628353     -3.36e-07      2.41e-04        0.04
  13     -1780.601628413     -6.04e-08      9.01e-05        0.04
  14     -1780.601628421     -7.85e-09      3.80e-05        0.03
  15     -1780.601628422     -9.82e-10      1.25e-05        0.03
  16     -1780.601628422     -1.39e-10      8.10e-06        0.03

 SCF converged in 16 iterations.

 Dipole moment (in Debye):               0.000000       0.000000      -5.501401

 Quadrupole moment (in Debye-Angstrom):
                  1            2            3
 1       -27.718778     0.000173     0.000000
 2         0.000173   -27.718778     0.000000
 3         0.000000     0.000000   -23.880375

 Spin-squared expectation <S^2>:         3.777
 Total spin quantum number S:            1.507
 TOTAL ENERGY:                       -1780.601628422

 --------------------------------------------------------------------------------

 End time:                               Wed Jun  2 11:52:36 2021
 Total wall-clock time:                  2.907 seconds
==================================================================================
