
================================================================================
          _____________ ________ _______________ ________     _________         
         / ___________// ______ \\_____   _____// ______ \   / ________)        
        / /_________  / /      \ \     | |     / /      \ \ | (_______          
       |  __________|| |        | |    | |    | |        | | \________ \        
        \ \_________ | |        | |    | |     \ \______/ /___________) |       
         \__________||_|        |_|    |_|      \________//____________/        
                                                                                
====================================[ Qcore ]===================================

 Git hash:   15a3e7daff0cda5fa9af010ccd19a80288182ecf
 Git date:   Fri, 16 Apr 2021 15:57:16 +0100
 Compiler:   GNU 9.1.0
 Build type: Release
 Version:    1.1.0

 Start time: Wed Jun  2 11:52:39 2021

 Data directory: /work/zw18965/.local/qcore/share/entos/1.1.0/data
 Number of threads: 24
 Number of threads was determined by: command line argument
  - More threads can be used by running 'qcore -n 32'

 --------------------------------------------------------------------------------
                                   command: dft                                  
 --------------------------------------------------------------------------------
 AO basis set:                           aug-cc-pvtz
 Number of AO basis functions:         139

 Formula:                                FNi
 Nuclear charge:                        37.000000000
 Total charge:                           0.000000000
 Number of electrons:                   37.000000000

 Number of alpha electrons:             19
 Number of beta electrons:              18
 Number of unpaired electrons:           1
 Spin:                                   1
 Multiplicity:                           doublet

 Theory:                                 dft
 Exchange-correlation functional:        pbe0
 Method for Coulomb:                     incore_df
 Method for exact exchange:              pre_transformed_df
 Integral threshold:                     1.00e-12
 DF basis set:                           def2-tzvp-jkfit(spdfghi)
 Number of DF basis functions:         341
 Schwarz screening threshold:            1.00e-10
 Coulomb fitting method:                 Cholesky
 Total number of grid points:        14748
 Method for AO orthogonalization:        symmetric
 Threshold for linear dependence:        1.00e-08
 D3BJ dispersion energy:                -0.000376549

 -------------------------------------
  Running unrestricted open-shell SCF 
 -------------------------------------
 Max number of iterations:             128
 Conv. threshold (gradient):             1.00e-05
 Conv. threshold (energy):               1.00e-06
 Interpolation scheme:                   adiis+cdiis
 Initial guess:                          SAD

 ---------------------------------------------------------------
                  energy        change          grad        time
 ---------------------------------------------------------------
   0     -1607.732316724                    1.61e+00        0.03
   1     -1607.804289334     -7.20e-02      6.20e-01        0.03
   2     -1605.946280231      1.86e+00      2.82e+00        0.03
   3     -1607.760156967     -1.81e+00      8.19e-01        0.03
   4     -1607.901492216     -1.41e-01      6.08e-02        0.02
   5     -1607.899102421      2.39e-03      1.04e-01        0.03
   6     -1607.902169446     -3.07e-03      9.48e-03        0.03
   7     -1607.902197208     -2.78e-05      3.06e-03        0.03
   8     -1607.902200287     -3.08e-06      6.82e-04        0.03
   9     -1607.902200805     -5.18e-07      2.61e-04        0.03
  10     -1607.902200869     -6.46e-08      1.09e-04        0.03
  11     -1607.902200877     -8.09e-09      3.42e-05        0.02
  12     -1607.902200878     -9.20e-10      1.21e-05        0.03
  13     -1607.902200878     -1.31e-10      5.56e-06        0.03

 SCF converged in 13 iterations.

 Dipole moment (in Debye):              -0.000000      -0.000000      -5.106451

 Quadrupole moment (in Debye-Angstrom):
                  1            2            3
 1       -17.029988     0.000375    -0.000000
 2         0.000375   -17.029988    -0.000000
 3        -0.000000    -0.000000   -19.874343

 Spin-squared expectation <S^2>:         0.753
 Total spin quantum number S:            0.502
 TOTAL ENERGY:                       -1607.902200878

 --------------------------------------------------------------------------------

 End time:                               Wed Jun  2 11:52:41 2021
 Total wall-clock time:                  2.516 seconds
==================================================================================
