
================================================================================
          _____________ ________ _______________ ________     _________         
         / ___________// ______ \\_____   _____// ______ \   / ________)        
        / /_________  / /      \ \     | |     / /      \ \ | (_______          
       |  __________|| |        | |    | |    | |        | | \________ \        
        \ \_________ | |        | |    | |     \ \______/ /___________) |       
         \__________||_|        |_|    |_|      \________//____________/        
                                                                                
====================================[ Qcore ]===================================

 Git hash:   15a3e7daff0cda5fa9af010ccd19a80288182ecf
 Git date:   Fri, 16 Apr 2021 15:57:16 +0100
 Compiler:   GNU 9.1.0
 Build type: Release
 Version:    1.1.0

 Start time: Wed Jun  2 11:52:44 2021

 Data directory: /work/zw18965/.local/qcore/share/entos/1.1.0/data
 Number of threads: 24
 Number of threads was determined by: command line argument
  - More threads can be used by running 'qcore -n 32'

 --------------------------------------------------------------------------------
                                   command: dft                                  
 --------------------------------------------------------------------------------
 AO basis set:                           aug-cc-pvtz
 Number of AO basis functions:         152

 Formula:                                NiBr
 Nuclear charge:                        63.000000000
 Total charge:                           0.000000000
 Number of electrons:                   63.000000000

 Number of alpha electrons:             32
 Number of beta electrons:              31
 Number of unpaired electrons:           1
 Spin:                                   1
 Multiplicity:                           doublet

 Theory:                                 dft
 Exchange-correlation functional:        pbe0
 Method for Coulomb:                     incore_df
 Method for exact exchange:              pre_transformed_df
 Integral threshold:                     1.00e-12
 DF basis set:                           def2-tzvp-jkfit(spdfghi)
 Number of DF basis functions:         530
 Schwarz screening threshold:            1.00e-10
 Coulomb fitting method:                 Cholesky
 Total number of grid points:        16100
 Method for AO orthogonalization:        symmetric
 Threshold for linear dependence:        1.00e-08
 D3BJ dispersion energy:                -0.001233820

 -------------------------------------
  Running unrestricted open-shell SCF 
 -------------------------------------
 Max number of iterations:             128
 Conv. threshold (gradient):             1.00e-05
 Conv. threshold (energy):               1.00e-06
 Interpolation scheme:                   adiis+cdiis
 Initial guess:                          SAD

 ---------------------------------------------------------------
                  energy        change          grad        time
 ---------------------------------------------------------------
   0     -4082.041547498                    2.62e+00        0.04
   1     -4082.022966120      1.86e-02      3.47e-01        0.04
   2     -4081.989659430      3.33e-02      4.05e-01        0.03
   3     -4082.052238571     -6.26e-02      1.44e-01        0.03
   4     -4082.031015570      2.12e-02      2.92e-01        0.03
   5     -4082.055574063     -2.46e-02      7.05e-02        0.03
   6     -4082.056707512     -1.13e-03      5.12e-02        0.04
   7     -4082.057364708     -6.57e-04      2.79e-03        0.04
   8     -4082.057368056     -3.35e-06      9.50e-04        0.03
   9     -4082.057368706     -6.50e-07      3.08e-04        0.03
  10     -4082.057368771     -6.54e-08      8.64e-05        0.03
  11     -4082.057368777     -5.39e-09      2.23e-05        0.03
  12     -4082.057368777     -4.00e-10      6.75e-06        0.03

 SCF converged in 12 iterations.

 Dipole moment (in Debye):              -0.000000      -0.000000      -5.130174

 Quadrupole moment (in Debye-Angstrom):
                  1            2            3
 1       -31.912722     0.000000     0.000000
 2         0.000000   -31.912722     0.000000
 3         0.000000     0.000000   -25.313010

 Spin-squared expectation <S^2>:         0.754
 Total spin quantum number S:            0.502
 TOTAL ENERGY:                       -4082.057368777

 --------------------------------------------------------------------------------

 End time:                               Wed Jun  2 11:52:48 2021
 Total wall-clock time:                  3.344 seconds
==================================================================================
