
================================================================================
          _____________ ________ _______________ ________     _________         
         / ___________// ______ \\_____   _____// ______ \   / ________)        
        / /_________  / /      \ \     | |     / /      \ \ | (_______          
       |  __________|| |        | |    | |    | |        | | \________ \        
        \ \_________ | |        | |    | |     \ \______/ /___________) |       
         \__________||_|        |_|    |_|      \________//____________/        
                                                                                
====================================[ Qcore ]===================================

 Git hash:   15a3e7daff0cda5fa9af010ccd19a80288182ecf
 Git date:   Fri, 16 Apr 2021 15:57:16 +0100
 Compiler:   GNU 9.1.0
 Build type: Release
 Version:    1.1.0

 Start time: Wed Jun  2 11:52:56 2021

 Data directory: /work/zw18965/.local/qcore/share/entos/1.1.0/data
 Number of threads: 24
 Number of threads was determined by: command line argument
  - More threads can be used by running 'qcore -n 32'

 --------------------------------------------------------------------------------
                                   command: dft                                  
 --------------------------------------------------------------------------------
 AO basis set:                           aug-cc-pvtz
 Number of AO basis functions:         139

 Formula:                                FCu
 Nuclear charge:                        38.000000000
 Total charge:                           0.000000000
 Number of electrons:                   38.000000000

 Number of alpha electrons:             19
 Number of beta electrons:              19
 Number of unpaired electrons:           0
 Spin:                                   0
 Multiplicity:                           singlet

 Theory:                                 dft
 Exchange-correlation functional:        pbe0
 Method for Coulomb:                     incore_df
 Method for exact exchange:              pre_transformed_df
 Integral threshold:                     1.00e-12
 DF basis set:                           def2-tzvp-jkfit(spdfghi)
 Number of DF basis functions:         341
 Schwarz screening threshold:            1.00e-10
 Coulomb fitting method:                 Cholesky
 Total number of grid points:        14748
 Method for AO orthogonalization:        symmetric
 Threshold for linear dependence:        1.00e-08
 D3BJ dispersion energy:                -0.000329497

 -------------------------------------
  Running restricted closed-shell SCF 
 -------------------------------------
 Max number of iterations:             128
 Conv. threshold (gradient):             1.00e-05
 Conv. threshold (energy):               1.00e-06
 Interpolation scheme:                   adiis+cdiis
 Initial guess:                          SAD

 ---------------------------------------------------------------
                  energy        change          grad        time
 ---------------------------------------------------------------
   0     -1740.044423776                    3.50e+00        0.02
   1     -1739.997722164      4.67e-02      1.27e+00        0.02
   2     -1738.502389973      1.50e+00      4.77e+00        0.02
   3     -1739.983731204     -1.48e+00      1.49e+00        0.01
   4     -1740.105421774     -1.22e-01      1.43e-01        0.02
   5     -1740.097900845      7.52e-03      3.76e-01        0.01
   6     -1740.106175164     -8.27e-03      1.07e-01        0.02
   7     -1740.106795297     -6.20e-04      4.04e-02        0.02
   8     -1740.106834880     -3.96e-05      3.75e-02        0.02
   9     -1740.106920993     -8.61e-05      1.12e-03        0.02
  10     -1740.106921304     -3.11e-07      2.29e-04        0.02
  11     -1740.106921312     -7.50e-09      4.81e-05        0.02
  12     -1740.106921312     -3.27e-10      5.12e-06        0.02

 SCF converged in 12 iterations.

 Dipole moment (in Debye):              -0.000000      -0.000000      -5.210252

 Quadrupole moment (in Debye-Angstrom):
                  1            2            3
 1       -17.035337     0.000000    -0.000000
 2         0.000000   -17.035337    -0.000000
 3        -0.000000    -0.000000   -19.310298

 Spin-squared expectation <S^2>:         0.000
 Total spin quantum number S:            0.000
 TOTAL ENERGY:                       -1740.106921312

 --------------------------------------------------------------------------------

 End time:                               Wed Jun  2 11:52:58 2021
 Total wall-clock time:                  2.254 seconds
==================================================================================
