
================================================================================
          _____________ ________ _______________ ________     _________         
         / ___________// ______ \\_____   _____// ______ \   / ________)        
        / /_________  / /      \ \     | |     / /      \ \ | (_______          
       |  __________|| |        | |    | |    | |        | | \________ \        
        \ \_________ | |        | |    | |     \ \______/ /___________) |       
         \__________||_|        |_|    |_|      \________//____________/        
                                                                                
====================================[ Qcore ]===================================

 Git hash:   15a3e7daff0cda5fa9af010ccd19a80288182ecf
 Git date:   Fri, 16 Apr 2021 15:57:16 +0100
 Compiler:   GNU 9.1.0
 Build type: Release
 Version:    1.1.0

 Start time: Wed Jun  2 11:53:28 2021

 Data directory: /work/zw18965/.local/qcore/share/entos/1.1.0/data
 Number of threads: 24
 Number of threads was determined by: command line argument
  - More threads can be used by running 'qcore -n 32'

 --------------------------------------------------------------------------------
                                   command: dft                                  
 --------------------------------------------------------------------------------
 AO basis set:                           aug-cc-pvtz
 Number of AO basis functions:          93

 Formula:                                Ti
 Nuclear charge:                        22.000000000
 Total charge:                           0.000000000
 Number of electrons:                   22.000000000

 Number of alpha electrons:             12
 Number of beta electrons:              10
 Number of unpaired electrons:           2
 Spin:                                   2
 Multiplicity:                           triplet

 Theory:                                 dft
 Exchange-correlation functional:        pbe0
 Method for Coulomb:                     incore_df
 Method for exact exchange:              pre_transformed_df
 Integral threshold:                     1.00e-12
 DF basis set:                           def2-tzvp-jkfit(spdfghi)
 Number of DF basis functions:         264
 Schwarz screening threshold:            1.00e-10
 Coulomb fitting method:                 Cholesky
 Total number of grid points:         7792
 Method for AO orthogonalization:        symmetric
 Threshold for linear dependence:        1.00e-08
 D3BJ dispersion energy:                 0.000000000

 -------------------------------------
  Running unrestricted open-shell SCF 
 -------------------------------------
 Max number of iterations:             128
 Conv. threshold (gradient):             1.00e-05
 Conv. threshold (energy):               1.00e-06
 Interpolation scheme:                   adiis+cdiis
 Initial guess:                          SAD

 ---------------------------------------------------------------
                  energy        change          grad        time
 ---------------------------------------------------------------
   0      -849.000578950                    4.89e-03        0.01
   1      -849.141179313     -1.41e-01      1.23e-01        0.01
   2      -849.149958176     -8.78e-03      6.40e-02        0.01
   3      -849.150998254     -1.04e-03      4.71e-02        0.01
   4      -849.152966415     -1.97e-03      3.25e-03        0.01
   5      -849.153013478     -4.71e-05      1.92e-03        0.01
   6      -849.153064181     -5.07e-05      1.34e-03        0.01
   7      -849.153122325     -5.81e-05      5.90e-04        0.01
   8      -849.153122519     -1.94e-07      6.28e-04        0.02
   9      -849.153123350     -8.31e-07      1.23e-04        0.02
  10      -849.153123441     -9.15e-08      5.06e-05        0.01
  11      -849.153123446     -4.84e-09      3.19e-06        0.01

 SCF converged in 11 iterations.

 Dipole moment (in Debye):               0.000009       0.000000       0.000000

 Quadrupole moment (in Debye-Angstrom):
                  1            2            3
 1       -21.290941    -0.000000    -0.000000
 2        -0.000000   -21.356042    -0.000000
 3        -0.000000    -0.000000   -21.290941

 Spin-squared expectation <S^2>:         2.046
 Total spin quantum number S:            1.015
 TOTAL ENERGY:                        -849.153123446

 --------------------------------------------------------------------------------

 End time:                               Wed Jun  2 11:53:30 2021
 Total wall-clock time:                  1.827 seconds
==================================================================================
