
================================================================================
          _____________ ________ _______________ ________     _________         
         / ___________// ______ \\_____   _____// ______ \   / ________)        
        / /_________  / /      \ \     | |     / /      \ \ | (_______          
       |  __________|| |        | |    | |    | |        | | \________ \        
        \ \_________ | |        | |    | |     \ \______/ /___________) |       
         \__________||_|        |_|    |_|      \________//____________/        
                                                                                
====================================[ Qcore ]===================================

 Git hash:   15a3e7daff0cda5fa9af010ccd19a80288182ecf
 Git date:   Fri, 16 Apr 2021 15:57:16 +0100
 Compiler:   GNU 9.1.0
 Build type: Release
 Version:    1.1.0

 Start time: Wed Jun  2 11:53:40 2021

 Data directory: /work/zw18965/.local/qcore/share/entos/1.1.0/data
 Number of threads: 24
 Number of threads was determined by: command line argument
  - More threads can be used by running 'qcore -n 32'

 --------------------------------------------------------------------------------
                                   command: dft                                  
 --------------------------------------------------------------------------------
 AO basis set:                           aug-cc-pvtz
 Number of AO basis functions:          93

 Formula:                                Co
 Nuclear charge:                        27.000000000
 Total charge:                           0.000000000
 Number of electrons:                   27.000000000

 Number of alpha electrons:             15
 Number of beta electrons:              12
 Number of unpaired electrons:           3
 Spin:                                   3
 Multiplicity:                           quartet

 Theory:                                 dft
 Exchange-correlation functional:        pbe0
 Method for Coulomb:                     incore_df
 Method for exact exchange:              pre_transformed_df
 Integral threshold:                     1.00e-12
 DF basis set:                           def2-tzvp-jkfit(spdfghi)
 Number of DF basis functions:         264
 Schwarz screening threshold:            1.00e-10
 Coulomb fitting method:                 Cholesky
 Total number of grid points:         7936
 Method for AO orthogonalization:        symmetric
 Threshold for linear dependence:        1.00e-08
 D3BJ dispersion energy:                 0.000000000

 -------------------------------------
  Running unrestricted open-shell SCF 
 -------------------------------------
 Max number of iterations:             128
 Conv. threshold (gradient):             1.00e-05
 Conv. threshold (energy):               1.00e-06
 Interpolation scheme:                   adiis+cdiis
 Initial guess:                          SAD

 ---------------------------------------------------------------
                  energy        change          grad        time
 ---------------------------------------------------------------
   0     -1382.270798964                    1.21e-02        0.01
   1     -1382.465519067     -1.95e-01      2.86e-01        0.01
   2     -1382.473713833     -8.19e-03      1.41e-01        0.01
   3     -1382.453929375      1.98e-02      2.83e-01        0.01
   4     -1382.477791678     -2.39e-02      8.22e-02        0.01
   5     -1382.478252407     -4.61e-04      1.10e-01        0.01
   6     -1382.481159612     -2.91e-03      3.36e-02        0.01
   7     -1382.476509668      4.65e-03      1.44e-02        0.01
   8     -1382.476434889      7.48e-05      4.29e-03        0.01
   9     -1382.476450590     -1.57e-05      3.00e-03        0.01
  10     -1382.476462455     -1.19e-05      2.58e-03        0.01
  11     -1382.476437718      2.47e-05      1.18e-03        0.01
  12     -1382.476435703      2.02e-06      5.32e-04        0.01
  13     -1382.476435992     -2.89e-07      5.15e-04        0.01
  14     -1382.476435185      8.07e-07      3.92e-04        0.01
  15     -1382.476435183      1.56e-09      5.13e-05        0.01
  16     -1382.476435184     -7.33e-10      1.40e-05        0.01
  17     -1382.476435184     -5.35e-10      1.20e-05        0.01
  18     -1382.476435184      6.91e-11      1.19e-05        0.01
  19     -1382.476435184     -5.57e-11      1.18e-05        0.01
  20     -1382.476435184     -1.65e-10      1.18e-05        0.01
  21     -1382.476435180      4.21e-09      8.27e-06        0.01

 SCF converged in 21 iterations.

 Dipole moment (in Debye):               0.000002       0.000002       0.000002

 Quadrupole moment (in Debye-Angstrom):
                  1            2            3
 1       -15.100836    -0.434625    -0.438298
 2        -0.434625   -15.092932    -0.434317
 3        -0.438298    -0.434317   -15.100214

 Spin-squared expectation <S^2>:         3.752
 Total spin quantum number S:            1.500
 TOTAL ENERGY:                       -1382.476435177

 --------------------------------------------------------------------------------

 End time:                               Wed Jun  2 11:53:42 2021
 Total wall-clock time:                  2.136 seconds
==================================================================================
