
================================================================================
          _____________ ________ _______________ ________     _________         
         / ___________// ______ \\_____   _____// ______ \   / ________)        
        / /_________  / /      \ \     | |     / /      \ \ | (_______          
       |  __________|| |        | |    | |    | |        | | \________ \        
        \ \_________ | |        | |    | |     \ \______/ /___________) |       
         \__________||_|        |_|    |_|      \________//____________/        
                                                                                
====================================[ Qcore ]===================================

 Git hash:   15a3e7daff0cda5fa9af010ccd19a80288182ecf
 Git date:   Fri, 16 Apr 2021 15:57:16 +0100
 Compiler:   GNU 9.1.0
 Build type: Release
 Version:    1.1.0

 Start time: Wed Jun  2 11:52:06 2021

 Data directory: /work/zw18965/.local/qcore/share/entos/1.1.0/data
 Number of threads: 24
 Number of threads was determined by: command line argument

 --------------------------------------------------------------------------------
                                   command: dft                                  
 --------------------------------------------------------------------------------
 AO basis set:                           aug-cc-pvtz
 Number of AO basis functions:         139

 Formula:                                FTi
 Nuclear charge:                        31.000000000
 Total charge:                           0.000000000
 Number of electrons:                   31.000000000

 Number of alpha electrons:             17
 Number of beta electrons:              14
 Number of unpaired electrons:           3
 Spin:                                   3
 Multiplicity:                           quartet

 Theory:                                 dft
 Exchange-correlation functional:        0.35 b88 + 0.58 lyp
 Method for Coulomb:                     incore_df
 Method for exact exchange:              pre_transformed_df
 Integral threshold:                     1.00e-12
 DF basis set:                           def2-tzvp-jkfit(spdfghi)
 Number of DF basis functions:         341
 Schwarz screening threshold:            1.00e-10
 Coulomb fitting method:                 Cholesky
 Total number of grid points:        14604
 Method for AO orthogonalization:        symmetric
 Threshold for linear dependence:        1.00e-08
 D3BJ dispersion energy:                -0.002208219

 -------------------------------------
  Running unrestricted open-shell SCF 
 -------------------------------------
 Max number of iterations:             128
 Conv. threshold (gradient):             1.00e-05
 Conv. threshold (energy):               1.00e-06
 Interpolation scheme:                   adiis+cdiis
 Initial guess:                          H0

 ---------------------------------------------------------------
                  energy        change          grad        time
 ---------------------------------------------------------------
   0      -888.299854187                    6.74e+00        0.04
   1      -881.680975093      6.62e+00      7.54e+00        0.03
   2      -889.166231396     -7.49e+00      6.50e+00        0.03
   3      -946.585118409     -5.74e+01      2.80e+00        0.03
   4      -929.537492611      1.70e+01      5.69e+00        0.03
   5      -948.497117232     -1.90e+01      1.05e+00        0.03
   6      -948.521959164     -2.48e-02      9.88e-01        0.04
   7      -948.711037124     -1.89e-01      1.02e-01        0.03
   8      -948.712186997     -1.15e-03      8.85e-02        0.03
   9      -948.713272969     -1.09e-03      5.66e-02        0.04
  10      -948.714060608     -7.88e-04      7.99e-03        0.03
  11      -948.714164959     -1.04e-04      4.50e-03        0.03
  12      -948.714188502     -2.35e-05      1.30e-03        0.03
  13      -948.714192071     -3.57e-06      9.06e-04        0.03
  14      -948.714192944     -8.72e-07      6.12e-04        0.03
  15      -948.714193573     -6.29e-07      1.97e-04        0.03
  16      -948.714193640     -6.72e-08      7.19e-05        0.03
  17      -948.714193652     -1.20e-08      2.32e-05        0.03
  18      -948.714193653     -7.04e-10      8.53e-06        0.03

 SCF converged in 18 iterations.


 --------------------------------
  Double Hybrid MP2 Contribution 
 --------------------------------
 Method:                                 pre_transformed_df
 Density-fitting basis set:              def2-tzvp-ri
 Opposite-spin scale factor:             0.520000000
 Same-spin scale factor:                 0.000000000

 Unrestricted MP2 calculation:           
 Core spatial orbitals:                  6
 Correlated alpha orbitals:             11
 Correlated beta orbitals:               8
 Virtual alpha orbitals:               122
 Virtual beta orbitals:                125

 Reference Energy:                    -948.714193653
 Opposite spin contribution:            -0.238574282
 Same spin contribution:                -0.000000000
 Total scaled MP2 contribution:         -0.238574282

 Dipole moment (in Debye):              -0.000001      -0.000000      -2.411107

 Quadrupole moment (in Debye-Angstrom):
                  1            2            3
 1       -21.608194    -0.000000     0.000001
 2        -0.000000   -21.608196     0.000000
 3         0.000001     0.000000   -29.158382

 Spin-squared expectation <S^2>:         3.753
 Total spin quantum number S:            1.501
 TOTAL ENERGY:                        -948.952767935

 --------------------------------------------------------------------------------

 End time:                               Wed Jun  2 11:52:10 2021
 Total wall-clock time:                  3.272 seconds
==================================================================================
