
================================================================================
          _____________ ________ _______________ ________     _________         
         / ___________// ______ \\_____   _____// ______ \   / ________)        
        / /_________  / /      \ \     | |     / /      \ \ | (_______          
       |  __________|| |        | |    | |    | |        | | \________ \        
        \ \_________ | |        | |    | |     \ \______/ /___________) |       
         \__________||_|        |_|    |_|      \________//____________/        
                                                                                
====================================[ Qcore ]===================================

 Git hash:   15a3e7daff0cda5fa9af010ccd19a80288182ecf
 Git date:   Fri, 16 Apr 2021 15:57:16 +0100
 Compiler:   GNU 9.1.0
 Build type: Release
 Version:    1.1.0

 Start time: Wed Jun  2 11:52:10 2021

 Data directory: /work/zw18965/.local/qcore/share/entos/1.1.0/data
 Number of threads: 24
 Number of threads was determined by: command line argument

 --------------------------------------------------------------------------------
                                   command: dft                                  
 --------------------------------------------------------------------------------
 AO basis set:                           aug-cc-pvtz
 Number of AO basis functions:         143

 Formula:                                ClTi
 Nuclear charge:                        39.000000000
 Total charge:                           0.000000000
 Number of electrons:                   39.000000000

 Number of alpha electrons:             21
 Number of beta electrons:              18
 Number of unpaired electrons:           3
 Spin:                                   3
 Multiplicity:                           quartet

 Theory:                                 dft
 Exchange-correlation functional:        0.35 b88 + 0.58 lyp
 Method for Coulomb:                     incore_df
 Method for exact exchange:              pre_transformed_df
 Integral threshold:                     1.00e-12
 DF basis set:                           def2-tzvp-jkfit(spdfghi)
 Number of DF basis functions:         392
 Schwarz screening threshold:            1.00e-10
 Coulomb fitting method:                 Cholesky
 Total number of grid points:        15286
 Method for AO orthogonalization:        symmetric
 Threshold for linear dependence:        1.00e-08
 D3BJ dispersion energy:                -0.007802182

 -------------------------------------
  Running unrestricted open-shell SCF 
 -------------------------------------
 Max number of iterations:             128
 Conv. threshold (gradient):             1.00e-05
 Conv. threshold (energy):               1.00e-06
 Interpolation scheme:                   adiis+cdiis
 Initial guess:                          H0

 ---------------------------------------------------------------
                  energy        change          grad        time
 ---------------------------------------------------------------
   0     -1247.541782713                    6.77e+00        0.06
   1     -1242.631546254      4.91e+00      6.07e+00        0.03
   2     -1236.361042270      6.27e+00      6.61e+00        0.03
   3     -1305.932659177     -6.96e+01      2.35e+00        0.03
   4     -1304.225885200      1.71e+00      2.80e+00        0.04
   5     -1308.403275908     -4.18e+00      1.12e+00        0.04
   6     -1307.051740890      1.35e+00      1.66e+00        0.04
   7     -1308.922127805     -1.87e+00      3.66e-01        0.04
   8     -1308.936097592     -1.40e-02      3.81e-01        0.04
   9     -1308.971830939     -3.57e-02      9.57e-02        0.04
  10     -1308.975465953     -3.64e-03      1.21e-01        0.04
  11     -1308.980778775     -5.31e-03      5.56e-02        0.04
  12     -1308.983786297     -3.01e-03      3.21e-02        0.04
  13     -1308.985610737     -1.82e-03      1.30e-02        0.03
  14     -1308.985943008     -3.32e-04      6.09e-03        0.03
  15     -1308.986012622     -6.96e-05      4.73e-03        0.03
  16     -1308.986026170     -1.35e-05      2.80e-03        0.03
  17     -1308.986039727     -1.36e-05      8.28e-04        0.03
  18     -1308.986040748     -1.02e-06      2.10e-04        0.04
  19     -1308.986040800     -5.18e-08      3.75e-05        0.05
  20     -1308.986040801     -1.58e-09      1.82e-05        0.03
  21     -1308.986040802     -3.37e-10      1.11e-05        0.03
  22     -1308.986040802     -1.02e-10      8.88e-06        0.04

 SCF converged in 22 iterations.


 --------------------------------
  Double Hybrid MP2 Contribution 
 --------------------------------
 Method:                                 pre_transformed_df
 Density-fitting basis set:              def2-tzvp-ri
 Opposite-spin scale factor:             0.520000000
 Same-spin scale factor:                 0.000000000

 Unrestricted MP2 calculation:           
 Core spatial orbitals:                 10
 Correlated alpha orbitals:             11
 Correlated beta orbitals:               8
 Virtual alpha orbitals:               122
 Virtual beta orbitals:                125

 Reference Energy:                   -1308.986040802
 Opposite spin contribution:            -0.208728542
 Same spin contribution:                -0.000000000
 Total scaled MP2 contribution:         -0.208728542

 Dipole moment (in Debye):               0.000001       0.000000      -3.701444

 Quadrupole moment (in Debye-Angstrom):
                  1            2            3
 1       -30.717814    -0.007012    -0.000003
 2        -0.007012   -30.280554     0.000000
 3        -0.000003     0.000000   -33.017625

 Spin-squared expectation <S^2>:         3.754
 Total spin quantum number S:            1.501
 TOTAL ENERGY:                       -1309.194769344

 --------------------------------------------------------------------------------

 End time:                               Wed Jun  2 11:52:13 2021
 Total wall-clock time:                  3.349 seconds
==================================================================================
