
================================================================================
          _____________ ________ _______________ ________     _________         
         / ___________// ______ \\_____   _____// ______ \   / ________)        
        / /_________  / /      \ \     | |     / /      \ \ | (_______          
       |  __________|| |        | |    | |    | |        | | \________ \        
        \ \_________ | |        | |    | |     \ \______/ /___________) |       
         \__________||_|        |_|    |_|      \________//____________/        
                                                                                
====================================[ Qcore ]===================================

 Git hash:   15a3e7daff0cda5fa9af010ccd19a80288182ecf
 Git date:   Fri, 16 Apr 2021 15:57:16 +0100
 Compiler:   GNU 9.1.0
 Build type: Release
 Version:    1.1.0

 Start time: Wed Jun  2 11:52:13 2021

 Data directory: /work/zw18965/.local/qcore/share/entos/1.1.0/data
 Number of threads: 24
 Number of threads was determined by: command line argument

 --------------------------------------------------------------------------------
                                   command: dft                                  
 --------------------------------------------------------------------------------
 AO basis set:                           aug-cc-pvtz
 Number of AO basis functions:         152

 Formula:                                TiBr
 Nuclear charge:                        57.000000000
 Total charge:                           0.000000000
 Number of electrons:                   57.000000000

 Number of alpha electrons:             30
 Number of beta electrons:              27
 Number of unpaired electrons:           3
 Spin:                                   3
 Multiplicity:                           quartet

 Theory:                                 dft
 Exchange-correlation functional:        0.35 b88 + 0.58 lyp
 Method for Coulomb:                     incore_df
 Method for exact exchange:              pre_transformed_df
 Integral threshold:                     1.00e-12
 DF basis set:                           def2-tzvp-jkfit(spdfghi)
 Number of DF basis functions:         530
 Schwarz screening threshold:            1.00e-10
 Coulomb fitting method:                 Cholesky
 Total number of grid points:        15956
 Method for AO orthogonalization:        symmetric
 Threshold for linear dependence:        1.00e-08
 D3BJ dispersion energy:                -0.009579042

 -------------------------------------
  Running unrestricted open-shell SCF 
 -------------------------------------
 Max number of iterations:             128
 Conv. threshold (gradient):             1.00e-05
 Conv. threshold (energy):               1.00e-06
 Interpolation scheme:                   adiis+cdiis
 Initial guess:                          H0

 ---------------------------------------------------------------
                  energy        change          grad        time
 ---------------------------------------------------------------
   0     -3377.678103618                    8.38e+00        0.06
   1     -3248.655263782      1.29e+02      9.94e+00        0.04
   2     -3341.091026108     -9.24e+01      5.88e+00        0.04
   3     -3364.491295653     -2.34e+01      7.65e+00        0.04
   4     -3416.400275967     -5.19e+01      4.55e+00        0.04
   5     -3409.709426426      6.69e+00      5.53e+00        0.04
   6     -3422.097323811     -1.24e+01      8.75e-01        0.04
   7     -3422.201902111     -1.05e-01      6.87e-01        0.04
   8     -3422.471935820     -2.70e-01      1.47e-01        0.04
   9     -3422.480294171     -8.36e-03      9.58e-02        0.05
  10     -3422.484507780     -4.21e-03      7.77e-02        0.05
  11     -3422.488494200     -3.99e-03      5.05e-02        0.04
  12     -3422.491186035     -2.69e-03      5.17e-02        0.04
  13     -3422.491456333     -2.70e-04      5.26e-02        0.04
  14     -3422.490777474      6.79e-04      5.15e-02        0.04
  15     -3422.485298436      5.48e-03      4.05e-02        0.04
  16     -3422.485060092      2.38e-04      3.94e-02        0.04
  17     -3422.486111230     -1.05e-03      3.68e-02        0.04
  18     -3422.488852442     -2.74e-03      3.41e-02        0.04
  19     -3422.490927679     -2.08e-03      3.10e-02        0.04
  20     -3422.491947271     -1.02e-03      2.48e-02        0.04
  21     -3422.494496826     -2.55e-03      3.52e-02        0.04
  22     -3422.494580178     -8.34e-05      2.10e-02        0.04
  23     -3422.494904479     -3.24e-04      1.18e-02        0.04
  24     -3422.494969865     -6.54e-05      1.04e-02        0.04
  25     -3422.495008129     -3.83e-05      7.79e-03        0.04
  26     -3422.495016573     -8.44e-06      7.21e-03        0.05
  27     -3422.495032023     -1.55e-05      7.03e-03        0.04
  28     -3422.495037592     -5.57e-06      5.14e-03        0.04
  29     -3422.495020015      1.76e-05      4.95e-03        0.04
  30     -3422.495002676      1.73e-05      2.81e-03        0.04
  31     -3422.494994375      8.30e-06      1.02e-03        0.04
  32     -3422.494993010      1.37e-06      3.59e-04        0.04
  33     -3422.494993323     -3.13e-07      1.30e-04        0.04
  34     -3422.494993334     -1.13e-08      4.54e-05        0.03
  35     -3422.494993335     -9.60e-10      3.30e-05        0.04
  36     -3422.494993336     -1.06e-09      3.55e-05        0.04
  37     -3422.494993337     -3.56e-10      3.44e-05        0.04
  38     -3422.494993336      9.68e-10      3.06e-05        0.04
  39     -3422.494993333      2.52e-09      1.16e-05        0.04
  40     -3422.494993333      2.50e-10      7.49e-06        0.04

 SCF converged in 40 iterations.


 --------------------------------
  Double Hybrid MP2 Contribution 
 --------------------------------
 Method:                                 pre_transformed_df
 Density-fitting basis set:              def2-tzvp-ri
 Opposite-spin scale factor:             0.520000000
 Same-spin scale factor:                 0.000000000

 Unrestricted MP2 calculation:           
 Core spatial orbitals:                 14
 Correlated alpha orbitals:             16
 Correlated beta orbitals:              13
 Virtual alpha orbitals:               122
 Virtual beta orbitals:                125

 Reference Energy:                   -3422.494993333
 Opposite spin contribution:            -0.220121832
 Same spin contribution:                -0.000000000
 Total scaled MP2 contribution:         -0.220121832

 Dipole moment (in Debye):               0.000003       0.000084      -5.045262

 Quadrupole moment (in Debye-Angstrom):
                  1            2            3
 1       -32.640929    -0.012309    -0.000011
 2        -0.012309   -34.348584    -0.000238
 3        -0.000011    -0.000238   -34.974641

 Spin-squared expectation <S^2>:         3.754
 Total spin quantum number S:            1.501
 TOTAL ENERGY:                       -3422.715115165

 --------------------------------------------------------------------------------

 End time:                               Wed Jun  2 11:52:19 2021
 Total wall-clock time:                  5.553 seconds
==================================================================================
