
================================================================================
          _____________ ________ _______________ ________     _________         
         / ___________// ______ \\_____   _____// ______ \   / ________)        
        / /_________  / /      \ \     | |     / /      \ \ | (_______          
       |  __________|| |        | |    | |    | |        | | \________ \        
        \ \_________ | |        | |    | |     \ \______/ /___________) |       
         \__________||_|        |_|    |_|      \________//____________/        
                                                                                
====================================[ Qcore ]===================================

 Git hash:   15a3e7daff0cda5fa9af010ccd19a80288182ecf
 Git date:   Fri, 16 Apr 2021 15:57:16 +0100
 Compiler:   GNU 9.1.0
 Build type: Release
 Version:    1.1.0

 Start time: Wed Jun  2 11:52:29 2021

 Data directory: /work/zw18965/.local/qcore/share/entos/1.1.0/data
 Number of threads: 24
 Number of threads was determined by: command line argument

 --------------------------------------------------------------------------------
                                   command: dft                                  
 --------------------------------------------------------------------------------
 AO basis set:                           aug-cc-pvtz
 Number of AO basis functions:         139

 Formula:                                FV
 Nuclear charge:                        32.000000000
 Total charge:                           0.000000000
 Number of electrons:                   32.000000000

 Number of alpha electrons:             18
 Number of beta electrons:              14
 Number of unpaired electrons:           4
 Spin:                                   4
 Multiplicity:                           quintet

 Theory:                                 dft
 Exchange-correlation functional:        0.35 b88 + 0.58 lyp
 Method for Coulomb:                     incore_df
 Method for exact exchange:              pre_transformed_df
 Integral threshold:                     1.00e-12
 DF basis set:                           def2-tzvp-jkfit(spdfghi)
 Number of DF basis functions:         341
 Schwarz screening threshold:            1.00e-10
 Coulomb fitting method:                 Cholesky
 Total number of grid points:        14664
 Method for AO orthogonalization:        symmetric
 Threshold for linear dependence:        1.00e-08
 D3BJ dispersion energy:                -0.002244526

 -------------------------------------
  Running unrestricted open-shell SCF 
 -------------------------------------
 Max number of iterations:             128
 Conv. threshold (gradient):             1.00e-05
 Conv. threshold (energy):               1.00e-06
 Interpolation scheme:                   adiis+cdiis
 Initial guess:                          H0

 ---------------------------------------------------------------
                  energy        change          grad        time
 ---------------------------------------------------------------
   0      -958.776039150                    1.74e+01        0.04
   1      -953.861052048      4.91e+00      8.82e+00        0.03
   2      -977.568333775     -2.37e+01      7.15e+00        0.03
   3     -1039.668859306     -6.21e+01      3.68e+00        0.03
   4     -1025.313468594      1.44e+01      6.22e+00        0.03
   5     -1042.948474231     -1.76e+01      9.95e-01        0.03
   6     -1042.763309973      1.85e-01      1.07e+00        0.04
   7     -1043.224861349     -4.62e-01      1.37e-01        0.04
   8     -1043.234685350     -9.82e-03      1.29e-01        0.03
   9     -1043.240837901     -6.15e-03      1.16e-01        0.04
  10     -1043.245190532     -4.35e-03      1.28e-01        0.04
  11     -1043.247500255     -2.31e-03      1.36e-01        0.04
  12     -1043.252028922     -4.53e-03      7.07e-02        0.04
  13     -1043.253205588     -1.18e-03      7.45e-02        0.04
  14     -1043.256434121     -3.23e-03      6.88e-03        0.03
  15     -1043.256417805      1.63e-05      7.19e-03        0.03
  16     -1043.256467166     -4.94e-05      1.03e-03        0.03
  17     -1043.256468206     -1.04e-06      5.66e-04        0.03
  18     -1043.256468548     -3.42e-07      3.56e-04        0.03
  19     -1043.256468694     -1.47e-07      1.82e-04        0.03
  20     -1043.256468742     -4.82e-08      4.35e-05        0.03
  21     -1043.256468746     -3.80e-09      7.92e-06        0.03

 SCF converged in 21 iterations.


 --------------------------------
  Double Hybrid MP2 Contribution 
 --------------------------------
 Method:                                 pre_transformed_df
 Density-fitting basis set:              def2-tzvp-ri
 Opposite-spin scale factor:             0.520000000
 Same-spin scale factor:                 0.000000000

 Unrestricted MP2 calculation:           
 Core spatial orbitals:                  6
 Correlated alpha orbitals:             12
 Correlated beta orbitals:               8
 Virtual alpha orbitals:               121
 Virtual beta orbitals:                125

 Reference Energy:                   -1043.256468746
 Opposite spin contribution:            -0.254001899
 Same spin contribution:                -0.000000000
 Total scaled MP2 contribution:         -0.254001899

 Dipole moment (in Debye):               0.000001       0.000000      -3.253217

 Quadrupole moment (in Debye-Angstrom):
                  1            2            3
 1       -20.842036    -0.000001    -0.000001
 2        -0.000001   -20.841984    -0.000000
 3        -0.000001    -0.000000   -27.184239

 Spin-squared expectation <S^2>:         6.004
 Total spin quantum number S:            2.001
 TOTAL ENERGY:                       -1043.510470645

 --------------------------------------------------------------------------------

 End time:                               Wed Jun  2 11:52:32 2021
 Total wall-clock time:                  3.217 seconds
==================================================================================
