
================================================================================
          _____________ ________ _______________ ________     _________         
         / ___________// ______ \\_____   _____// ______ \   / ________)        
        / /_________  / /      \ \     | |     / /      \ \ | (_______          
       |  __________|| |        | |    | |    | |        | | \________ \        
        \ \_________ | |        | |    | |     \ \______/ /___________) |       
         \__________||_|        |_|    |_|      \________//____________/        
                                                                                
====================================[ Qcore ]===================================

 Git hash:   15a3e7daff0cda5fa9af010ccd19a80288182ecf
 Git date:   Fri, 16 Apr 2021 15:57:16 +0100
 Compiler:   GNU 9.1.0
 Build type: Release
 Version:    1.1.0

 Start time: Wed Jun  2 11:52:32 2021

 Data directory: /work/zw18965/.local/qcore/share/entos/1.1.0/data
 Number of threads: 24
 Number of threads was determined by: command line argument

 --------------------------------------------------------------------------------
                                   command: dft                                  
 --------------------------------------------------------------------------------
 AO basis set:                           aug-cc-pvtz
 Number of AO basis functions:         143

 Formula:                                ClV
 Nuclear charge:                        40.000000000
 Total charge:                           0.000000000
 Number of electrons:                   40.000000000

 Number of alpha electrons:             22
 Number of beta electrons:              18
 Number of unpaired electrons:           4
 Spin:                                   4
 Multiplicity:                           quintet

 Theory:                                 dft
 Exchange-correlation functional:        0.35 b88 + 0.58 lyp
 Method for Coulomb:                     incore_df
 Method for exact exchange:              pre_transformed_df
 Integral threshold:                     1.00e-12
 DF basis set:                           def2-tzvp-jkfit(spdfghi)
 Number of DF basis functions:         392
 Schwarz screening threshold:            1.00e-10
 Coulomb fitting method:                 Cholesky
 Total number of grid points:        15346
 Method for AO orthogonalization:        symmetric
 Threshold for linear dependence:        1.00e-08
 D3BJ dispersion energy:                -0.008152433

 -------------------------------------
  Running unrestricted open-shell SCF 
 -------------------------------------
 Max number of iterations:             128
 Conv. threshold (gradient):             1.00e-05
 Conv. threshold (energy):               1.00e-06
 Interpolation scheme:                   adiis+cdiis
 Initial guess:                          H0

 ---------------------------------------------------------------
                  energy        change          grad        time
 ---------------------------------------------------------------
   0     -1337.404643574                    9.00e+00        0.06
   1     -1329.818698681      7.59e+00      6.31e+00        0.04
   2     -1324.826119271      4.99e+00      7.29e+00        0.03
   3     -1401.284957407     -7.65e+01      2.13e+00        0.05
   4     -1402.617936544     -1.33e+00      1.30e+00        0.03
   5     -1403.356892394     -7.39e-01      5.19e-01        0.03
   6     -1403.440241993     -8.33e-02      3.27e-01        0.04
   7     -1403.491458736     -5.12e-02      1.96e-01        0.04
   8     -1403.494019496     -2.56e-03      1.51e-01        0.04
   9     -1403.502768672     -8.75e-03      4.94e-02        0.04
  10     -1403.503333349     -5.65e-04      2.69e-02        0.04
  11     -1403.504381921     -1.05e-03      1.74e-02        0.04
  12     -1403.504884544     -5.03e-04      6.86e-03        0.03
  13     -1403.504955776     -7.12e-05      2.42e-03        0.03
  14     -1403.504966741     -1.10e-05      3.71e-04        0.03
  15     -1403.504966961     -2.20e-07      2.05e-04        0.03
  16     -1403.504967005     -4.44e-08      5.90e-05        0.04
  17     -1403.504967009     -3.82e-09      3.18e-05        0.04
  18     -1403.504967010     -6.98e-10      2.45e-05        0.03
  19     -1403.504967010     -4.60e-10      1.87e-05        0.03
  20     -1403.504967010     -3.53e-10      1.21e-05        0.03
  21     -1403.504967011     -2.29e-10      5.60e-06        0.03

 SCF converged in 21 iterations.


 --------------------------------
  Double Hybrid MP2 Contribution 
 --------------------------------
 Method:                                 pre_transformed_df
 Density-fitting basis set:              def2-tzvp-ri
 Opposite-spin scale factor:             0.520000000
 Same-spin scale factor:                 0.000000000

 Unrestricted MP2 calculation:           
 Core spatial orbitals:                 10
 Correlated alpha orbitals:             12
 Correlated beta orbitals:               8
 Virtual alpha orbitals:               121
 Virtual beta orbitals:                125

 Reference Energy:                   -1403.504967011
 Opposite spin contribution:            -0.224936512
 Same spin contribution:                -0.000000000
 Total scaled MP2 contribution:         -0.224936512

 Dipole moment (in Debye):              -0.000000      -0.000000      -4.068383

 Quadrupole moment (in Debye-Angstrom):
                  1            2            3
 1       -29.615211     0.000001     0.000001
 2         0.000001   -29.615203     0.000000
 3         0.000001     0.000000   -31.856464

 Spin-squared expectation <S^2>:         6.006
 Total spin quantum number S:            2.001
 TOTAL ENERGY:                       -1403.729903523

 --------------------------------------------------------------------------------

 End time:                               Wed Jun  2 11:52:36 2021
 Total wall-clock time:                  3.583 seconds
==================================================================================
