
================================================================================
          _____________ ________ _______________ ________     _________         
         / ___________// ______ \\_____   _____// ______ \   / ________)        
        / /_________  / /      \ \     | |     / /      \ \ | (_______          
       |  __________|| |        | |    | |    | |        | | \________ \        
        \ \_________ | |        | |    | |     \ \______/ /___________) |       
         \__________||_|        |_|    |_|      \________//____________/        
                                                                                
====================================[ Qcore ]===================================

 Git hash:   15a3e7daff0cda5fa9af010ccd19a80288182ecf
 Git date:   Fri, 16 Apr 2021 15:57:16 +0100
 Compiler:   GNU 9.1.0
 Build type: Release
 Version:    1.1.0

 Start time: Wed Jun  2 13:33:41 2021

 Data directory: /work/zw18965/.local/qcore/share/entos/1.1.0/data
 Number of threads: 24
 Number of threads was determined by: number of physical cores

 --------------------------------------------------------------------------------
                                   command: dft                                  
 --------------------------------------------------------------------------------
 AO basis set:                           aug-cc-pvtz
 Number of AO basis functions:         152

 Formula:                                VBr
 Nuclear charge:                        58.000000000
 Total charge:                           0.000000000
 Number of electrons:                   58.000000000

 Number of alpha electrons:             31
 Number of beta electrons:              27
 Number of unpaired electrons:           4
 Spin:                                   4
 Multiplicity:                           quintet

 Theory:                                 dft
 Exchange-correlation functional:        blyp
 Method for Coulomb:                     incore_df
 Integral threshold:                     1.00e-12
 DF basis set:                           def2-tzvp-jkfit(spdfghi)
 Number of DF basis functions:         530
 Schwarz screening threshold:            1.00e-10
 Coulomb fitting method:                 Cholesky
 Total number of grid points:        16016
 Method for AO orthogonalization:        symmetric
 Threshold for linear dependence:        1.00e-08

 -------------------------------------
  Running unrestricted open-shell SCF 
 -------------------------------------
 Max number of iterations:             128
 Conv. threshold (gradient):             1.00e-05
 Conv. threshold (energy):               1.00e-06
 Interpolation scheme:                   adiis+cdiis
 Initial guess:                          H0

 ---------------------------------------------------------------
                  energy        change          grad        time
 ---------------------------------------------------------------
   0     -3456.486703819                    9.31e+00        0.04
   1     -3435.617344860      2.09e+01      9.72e+00        0.04
   2     -3445.204304992     -9.59e+00      8.07e+00        0.04
   3     -3499.313152318     -5.41e+01      7.73e+00        0.04
   4     -3501.250788284     -1.94e+00      3.65e+00        0.05
   5     -3505.192679661     -3.94e+00      6.32e+00        0.04
   6     -3512.997794972     -7.81e+00      2.20e+00        0.04
   7     -3517.760143763     -4.76e+00      9.29e-01        0.04
   8     -3517.617098129      1.43e-01      1.59e+00        0.04
   9     -3517.823087299     -2.06e-01      1.47e+00        0.04
  10     -3517.903910428     -8.08e-02      1.15e+00        0.04
  11     -3518.270393462     -3.66e-01      2.14e-01        0.04
  12     -3518.217422192      5.30e-02      4.98e-01        0.04
  13     -3518.276821965     -5.94e-02      1.07e-01        0.04
  14     -3518.273509661      3.31e-03      1.59e-01        0.04
  15     -3518.278747444     -5.24e-03      2.04e-02        0.04
  16     -3518.278324473      4.23e-04      4.68e-02        0.04
  17     -3518.278958065     -6.34e-04      6.02e-04        0.04
  18     -3518.278958138     -7.30e-08      4.65e-04        0.04
  19     -3518.278958187     -4.89e-08      3.84e-05        0.03
  20     -3518.278958187     -7.46e-10      1.88e-05        0.03
  21     -3518.278958187     -8.14e-11      1.27e-05        0.03
  22     -3518.278958187     -5.50e-11      4.61e-06        0.03

 SCF converged in 22 iterations.

 Dipole moment (in Debye):              -0.000000       0.000001      -3.898921

 Quadrupole moment (in Debye-Angstrom):
                  1            2            3
 1       -34.898887     0.321995    -0.000002
 2         0.321995   -37.076704    -0.000003
 3        -0.000002    -0.000003   -29.063636

 Spin-squared expectation <S^2>:         6.015
 Total spin quantum number S:            2.003
 TOTAL ENERGY:                       -3518.278958187
 Saving results in set 'guess'

 --------------------------------------------------------------------------------
                                   command: dft                                  
 --------------------------------------------------------------------------------
 AO basis set:                           aug-cc-pvtz
 Number of AO basis functions:         152

 Formula:                                VBr
 Nuclear charge:                        58.000000000
 Total charge:                           0.000000000
 Number of electrons:                   58.000000000

 Number of alpha electrons:             31
 Number of beta electrons:              27
 Number of unpaired electrons:           4
 Spin:                                   4
 Multiplicity:                           quintet

 Theory:                                 dft
 Exchange-correlation functional:        0.35 b88 + 0.58 lyp
 Method for Coulomb:                     incore_df
 Method for exact exchange:              pre_transformed_df
 Integral threshold:                     1.00e-12
 DF basis set:                           def2-tzvp-jkfit(spdfghi)
 Number of DF basis functions:         530
 Schwarz screening threshold:            1.00e-10
 Coulomb fitting method:                 Cholesky
 Total number of grid points:        16016
 Method for AO orthogonalization:        symmetric
 Threshold for linear dependence:        1.00e-08
 D3BJ dispersion energy:                -0.010234214

 -------------------------------------
  Running unrestricted open-shell SCF 
 -------------------------------------
 Max number of iterations:             128
 Conv. threshold (gradient):             1.00e-05
 Conv. threshold (energy):               1.00e-06
 Interpolation scheme:                   adiis+cdiis

 ---------------------------------------------------------------
                  energy        change          grad        time
 ---------------------------------------------------------------
   0     -3517.014598652                    3.18e-01        0.06
   1     -3517.040341783     -2.57e-02      8.32e-02        0.04
   2     -3517.042310983     -1.97e-03      7.21e-02        0.04
   3     -3517.044003525     -1.69e-03      3.21e-02        0.04
   4     -3517.044378356     -3.75e-04      2.30e-02        0.04
   5     -3517.044795642     -4.17e-04      2.32e-02        0.04
   6     -3517.045276438     -4.81e-04      2.13e-02        0.04
   7     -3517.046642211     -1.37e-03      1.51e-02        0.03
   8     -3517.047200077     -5.58e-04      1.21e-02        0.03
   9     -3517.047514477     -3.14e-04      7.73e-03        0.04
  10     -3517.047575568     -6.11e-05      1.23e-02        0.04
  11     -3517.047620969     -4.54e-05      3.96e-03        0.04
  12     -3517.047640700     -1.97e-05      3.19e-03        0.04
  13     -3517.047649686     -8.99e-06      5.16e-03        0.04
  14     -3517.047661328     -1.16e-05      8.55e-04        0.04
  15     -3517.047661975     -6.47e-07      1.62e-04        0.04
  16     -3517.047662013     -3.76e-08      1.43e-04        0.04
  17     -3517.047662020     -7.12e-09      6.49e-05        0.04
  18     -3517.047662024     -3.98e-09      1.41e-05        0.04
  19     -3517.047662024     -7.46e-11      6.26e-06        0.04

 SCF converged in 19 iterations.


 --------------------------------
  Double Hybrid MP2 Contribution 
 --------------------------------
 Method:                                 pre_transformed_df
 Density-fitting basis set:              def2-tzvp-ri
 Opposite-spin scale factor:             0.520000000
 Same-spin scale factor:                 0.000000000

 Unrestricted MP2 calculation:           
 Core spatial orbitals:                 14
 Correlated alpha orbitals:             17
 Correlated beta orbitals:              13
 Virtual alpha orbitals:               121
 Virtual beta orbitals:                125

 Reference Energy:                   -3517.047662024
 Opposite spin contribution:            -0.234949977
 Same spin contribution:                -0.000000000
 Total scaled MP2 contribution:         -0.234949977

 Dipole moment (in Debye):               0.000022       0.000004      -3.703467

 Quadrupole moment (in Debye-Angstrom):
                  1            2            3
 1       -35.040242     0.215511    -0.000058
 2         0.215511   -36.498631    -0.000010
 3        -0.000058    -0.000010   -34.798361

 Spin-squared expectation <S^2>:         6.006
 Total spin quantum number S:            2.001
 TOTAL ENERGY:                       -3517.282612001

 --------------------------------------------------------------------------------

 End time:                               Wed Jun  2 13:33:47 2021
 Total wall-clock time:                  6.025 seconds
==================================================================================
