
================================================================================
          _____________ ________ _______________ ________     _________         
         / ___________// ______ \\_____   _____// ______ \   / ________)        
        / /_________  / /      \ \     | |     / /      \ \ | (_______          
       |  __________|| |        | |    | |    | |        | | \________ \        
        \ \_________ | |        | |    | |     \ \______/ /___________) |       
         \__________||_|        |_|    |_|      \________//____________/        
                                                                                
====================================[ Qcore ]===================================

 Git hash:   15a3e7daff0cda5fa9af010ccd19a80288182ecf
 Git date:   Fri, 16 Apr 2021 15:57:16 +0100
 Compiler:   GNU 9.1.0
 Build type: Release
 Version:    1.1.0

 Start time: Wed Jun  2 11:52:43 2021

 Data directory: /work/zw18965/.local/qcore/share/entos/1.1.0/data
 Number of threads: 24
 Number of threads was determined by: command line argument

 --------------------------------------------------------------------------------
                                   command: dft                                  
 --------------------------------------------------------------------------------
 AO basis set:                           aug-cc-pvtz
 Number of AO basis functions:         139

 Formula:                                OV
 Nuclear charge:                        31.000000000
 Total charge:                           0.000000000
 Number of electrons:                   31.000000000

 Number of alpha electrons:             17
 Number of beta electrons:              14
 Number of unpaired electrons:           3
 Spin:                                   3
 Multiplicity:                           quartet

 Theory:                                 dft
 Exchange-correlation functional:        0.35 b88 + 0.58 lyp
 Method for Coulomb:                     incore_df
 Method for exact exchange:              pre_transformed_df
 Integral threshold:                     1.00e-12
 DF basis set:                           def2-tzvp-jkfit(spdfghi)
 Number of DF basis functions:         341
 Schwarz screening threshold:            1.00e-10
 Coulomb fitting method:                 Cholesky
 Total number of grid points:        14796
 Method for AO orthogonalization:        symmetric
 Threshold for linear dependence:        1.00e-08
 D3BJ dispersion energy:                -0.003494505

 -------------------------------------
  Running unrestricted open-shell SCF 
 -------------------------------------
 Max number of iterations:             128
 Conv. threshold (gradient):             1.00e-05
 Conv. threshold (energy):               1.00e-06
 Interpolation scheme:                   adiis+cdiis
 Initial guess:                          H0

 ---------------------------------------------------------------
                  energy        change          grad        time
 ---------------------------------------------------------------
   0      -939.741463591                    1.85e+01        0.04
   1      -937.222691944      2.52e+00      9.24e+00        0.03
   2      -964.954886196     -2.77e+01      8.87e+00        0.04
   3     -1015.092036535     -5.01e+01      3.84e+00        0.03
   4     -1003.135535341      1.20e+01      9.26e+00        0.03
   5     -1018.430943183     -1.53e+01      5.79e-01        0.03
   6     -1018.488435504     -5.75e-02      4.75e-01        0.03
   7     -1018.534282321     -4.58e-02      2.25e-01        0.03
   8     -1018.531441514      2.84e-03      2.97e-01        0.04
   9     -1018.549837725     -1.84e-02      9.45e-02        0.04
  10     -1018.547792333      2.05e-03      1.60e-01        0.04
  11     -1018.553059290     -5.27e-03      1.43e-02        0.03
  12     -1018.553574576     -5.15e-04      9.06e-03        0.03
  13     -1018.553744516     -1.70e-04      5.28e-03        0.03
  14     -1018.553814962     -7.04e-05      2.66e-03        0.03
  15     -1018.553832316     -1.74e-05      1.56e-03        0.03
  16     -1018.553837722     -5.41e-06      9.27e-04        0.03
  17     -1018.553839258     -1.54e-06      5.75e-04        0.03
  18     -1018.553839773     -5.16e-07      3.96e-04        0.03
  19     -1018.553840099     -3.26e-07      2.02e-04        0.04
  20     -1018.553840225     -1.25e-07      1.09e-04        0.04
  21     -1018.553840253     -2.84e-08      8.44e-05        0.03
  22     -1018.553840266     -1.30e-08      7.75e-05        0.04
  23     -1018.553840279     -1.31e-08      6.57e-05        0.03
  24     -1018.553840290     -1.09e-08      5.36e-05        0.03
  25     -1018.553840295     -5.53e-09      5.25e-05        0.03
  26     -1018.553840300     -4.20e-09      5.11e-05        0.03
  27     -1018.553840305     -5.53e-09      4.98e-05        0.03
  28     -1018.553840316     -1.11e-08      5.07e-05        0.03
  29     -1018.553840372     -5.58e-08      5.01e-05        0.03
  30     -1018.553840523     -1.51e-07      5.00e-05        0.03
  31     -1018.553840554     -3.08e-08      5.39e-05        0.03
  32     -1018.553840554     -6.76e-11      5.41e-05        0.03
  33     -1018.553840559     -5.53e-09      5.22e-05        0.03
  34     -1018.553840580     -2.09e-08      5.18e-05        0.03
  35     -1018.553840593     -1.31e-08      5.11e-05        0.04
  36     -1018.553840610     -1.67e-08      5.00e-05        0.04
  37     -1018.553840625     -1.51e-08      4.91e-05        0.03
  38     -1018.553840659     -3.40e-08      4.50e-05        0.03
  39     -1018.553840755     -9.62e-08      3.24e-05        0.03
  40     -1018.553840788     -3.26e-08      2.32e-05        0.03
  41     -1018.553840790     -1.86e-09      2.39e-05        0.03
  42     -1018.553840790     -5.07e-10      2.36e-05        0.03
  43     -1018.553840790      6.17e-11      2.07e-05        0.03
  44     -1018.553840790      1.70e-10      2.05e-05        0.03
  45     -1018.553840790     -1.40e-10      2.09e-05        0.03
  46     -1018.553840791     -3.72e-10      2.02e-05        0.03
  47     -1018.553840791     -5.74e-10      1.94e-05        0.03
  48     -1018.553840793     -1.72e-09      1.94e-05        0.03
  49     -1018.553840794     -1.09e-09      2.02e-05        0.03
  50     -1018.553840795     -7.20e-10      2.07e-05        0.03
  51     -1018.553840795      1.09e-10      2.08e-05        0.03
  52     -1018.553840795     -2.67e-11      2.08e-05        0.03
  53     -1018.553840794      2.82e-10      2.11e-05        0.03
  54     -1018.553840795     -3.48e-10      2.01e-05        0.03
  55     -1018.553840796     -9.05e-10      1.89e-05        0.03
  56     -1018.553840800     -4.32e-09      1.20e-05        0.03
  57     -1018.553840802     -1.68e-09      9.05e-06        0.03

 SCF converged in 57 iterations.


 --------------------------------
  Double Hybrid MP2 Contribution 
 --------------------------------
 Method:                                 pre_transformed_df
 Density-fitting basis set:              def2-tzvp-ri
 Opposite-spin scale factor:             0.520000000
 Same-spin scale factor:                 0.000000000

 Unrestricted MP2 calculation:           
 Core spatial orbitals:                  6
 Correlated alpha orbitals:             11
 Correlated beta orbitals:               8
 Virtual alpha orbitals:               122
 Virtual beta orbitals:                125

 Reference Energy:                   -1018.553840803
 Opposite spin contribution:            -0.289293857
 Same spin contribution:                -0.000000000
 Total scaled MP2 contribution:         -0.289293857

 Dipole moment (in Debye):              -0.000001       0.000001      -4.280875

 Quadrupole moment (in Debye-Angstrom):
                  1            2            3
 1       -21.349457    -0.183676     0.000000
 2        -0.183676   -21.467170    -0.000001
 3         0.000000    -0.000001   -25.908761

 Spin-squared expectation <S^2>:         3.847
 Total spin quantum number S:            1.524
 TOTAL ENERGY:                       -1018.843134660

 --------------------------------------------------------------------------------

 End time:                               Wed Jun  2 11:52:47 2021
 Total wall-clock time:                  4.365 seconds
==================================================================================
