
================================================================================
          _____________ ________ _______________ ________     _________         
         / ___________// ______ \\_____   _____// ______ \   / ________)        
        / /_________  / /      \ \     | |     / /      \ \ | (_______          
       |  __________|| |        | |    | |    | |        | | \________ \        
        \ \_________ | |        | |    | |     \ \______/ /___________) |       
         \__________||_|        |_|    |_|      \________//____________/        
                                                                                
====================================[ Qcore ]===================================

 Git hash:   15a3e7daff0cda5fa9af010ccd19a80288182ecf
 Git date:   Fri, 16 Apr 2021 15:57:16 +0100
 Compiler:   GNU 9.1.0
 Build type: Release
 Version:    1.1.0

 Start time: Wed Jun  2 11:52:54 2021

 Data directory: /work/zw18965/.local/qcore/share/entos/1.1.0/data
 Number of threads: 24
 Number of threads was determined by: command line argument

 --------------------------------------------------------------------------------
                                   command: dft                                  
 --------------------------------------------------------------------------------
 AO basis set:                           aug-cc-pvtz
 Number of AO basis functions:         139

 Formula:                                FCr
 Nuclear charge:                        33.000000000
 Total charge:                           0.000000000
 Number of electrons:                   33.000000000

 Number of alpha electrons:             19
 Number of beta electrons:              14
 Number of unpaired electrons:           5
 Spin:                                   5
 Multiplicity:                           septet

 Theory:                                 dft
 Exchange-correlation functional:        0.35 b88 + 0.58 lyp
 Method for Coulomb:                     incore_df
 Method for exact exchange:              pre_transformed_df
 Integral threshold:                     1.00e-12
 DF basis set:                           def2-tzvp-jkfit(spdfghi)
 Number of DF basis functions:         341
 Schwarz screening threshold:            1.00e-10
 Coulomb fitting method:                 Cholesky
 Total number of grid points:        14640
 Method for AO orthogonalization:        symmetric
 Threshold for linear dependence:        1.00e-08
 D3BJ dispersion energy:                -0.001978609

 -------------------------------------
  Running unrestricted open-shell SCF 
 -------------------------------------
 Max number of iterations:             128
 Conv. threshold (gradient):             1.00e-05
 Conv. threshold (energy):               1.00e-06
 Interpolation scheme:                   adiis+cdiis
 Initial guess:                          H0

 ---------------------------------------------------------------
                  energy        change          grad        time
 ---------------------------------------------------------------
   0     -1025.168389273                    1.33e+01        0.04
   1     -1028.683510443     -3.52e+00      1.01e+01        0.04
   2     -1071.955506208     -4.33e+01      1.15e+01        0.04
   3     -1137.261027268     -6.53e+01      4.62e+00        0.03
   4     -1131.910621967      5.35e+00      4.30e+00        0.03
   5     -1143.414984007     -1.15e+01      1.07e+00        0.04
   6     -1143.174418652      2.41e-01      1.51e+00        0.03
   7     -1143.710666227     -5.36e-01      1.25e-01        0.04
   8     -1143.713930936     -3.26e-03      1.39e-01        0.04
   9     -1143.718460142     -4.53e-03      6.61e-02        0.04
  10     -1143.720138207     -1.68e-03      9.47e-02        0.04
  11     -1143.724365529     -4.23e-03      3.55e-02        0.03
  12     -1143.727595134     -3.23e-03      2.92e-02        0.03
  13     -1143.729466318     -1.87e-03      1.16e-02        0.03
  14     -1143.729822673     -3.56e-04      8.63e-03        0.03
  15     -1143.729851529     -2.89e-05      1.59e-03        0.03
  16     -1143.729858988     -7.46e-06      3.31e-04        0.03
  17     -1143.729859071     -8.29e-08      7.77e-05        0.03
  18     -1143.729859076     -4.23e-09      2.30e-05        0.03
  19     -1143.729859076     -3.26e-10      8.70e-06        0.03

 SCF converged in 19 iterations.


 --------------------------------
  Double Hybrid MP2 Contribution 
 --------------------------------
 Method:                                 pre_transformed_df
 Density-fitting basis set:              def2-tzvp-ri
 Opposite-spin scale factor:             0.520000000
 Same-spin scale factor:                 0.000000000

 Unrestricted MP2 calculation:           
 Core spatial orbitals:                  6
 Correlated alpha orbitals:             13
 Correlated beta orbitals:               8
 Virtual alpha orbitals:               120
 Virtual beta orbitals:                125

 Reference Energy:                   -1143.729859076
 Opposite spin contribution:            -0.268446940
 Same spin contribution:                -0.000000000
 Total scaled MP2 contribution:         -0.268446940

 Dipole moment (in Debye):               0.000000       0.000000      -3.875198

 Quadrupole moment (in Debye-Angstrom):
                  1            2            3
 1       -20.179860    -0.000000    -0.000000
 2        -0.000000   -20.179867    -0.000000
 3        -0.000000    -0.000000   -24.173537

 Spin-squared expectation <S^2>:         8.757
 Total spin quantum number S:            2.501
 TOTAL ENERGY:                       -1143.998306016

 --------------------------------------------------------------------------------

 End time:                               Wed Jun  2 11:52:57 2021
 Total wall-clock time:                  3.208 seconds
==================================================================================
