
================================================================================
          _____________ ________ _______________ ________     _________         
         / ___________// ______ \\_____   _____// ______ \   / ________)        
        / /_________  / /      \ \     | |     / /      \ \ | (_______          
       |  __________|| |        | |    | |    | |        | | \________ \        
        \ \_________ | |        | |    | |     \ \______/ /___________) |       
         \__________||_|        |_|    |_|      \________//____________/        
                                                                                
====================================[ Qcore ]===================================

 Git hash:   15a3e7daff0cda5fa9af010ccd19a80288182ecf
 Git date:   Fri, 16 Apr 2021 15:57:16 +0100
 Compiler:   GNU 9.1.0
 Build type: Release
 Version:    1.1.0

 Start time: Wed Jun  2 11:52:57 2021

 Data directory: /work/zw18965/.local/qcore/share/entos/1.1.0/data
 Number of threads: 24
 Number of threads was determined by: command line argument

 --------------------------------------------------------------------------------
                                   command: dft                                  
 --------------------------------------------------------------------------------
 AO basis set:                           aug-cc-pvtz
 Number of AO basis functions:         143

 Formula:                                ClCr
 Nuclear charge:                        41.000000000
 Total charge:                           0.000000000
 Number of electrons:                   41.000000000

 Number of alpha electrons:             23
 Number of beta electrons:              18
 Number of unpaired electrons:           5
 Spin:                                   5
 Multiplicity:                           septet

 Theory:                                 dft
 Exchange-correlation functional:        0.35 b88 + 0.58 lyp
 Method for Coulomb:                     incore_df
 Method for exact exchange:              pre_transformed_df
 Integral threshold:                     1.00e-12
 DF basis set:                           def2-tzvp-jkfit(spdfghi)
 Number of DF basis functions:         392
 Schwarz screening threshold:            1.00e-10
 Coulomb fitting method:                 Cholesky
 Total number of grid points:        15322
 Method for AO orthogonalization:        symmetric
 Threshold for linear dependence:        1.00e-08
 D3BJ dispersion energy:                -0.007070498

 -------------------------------------
  Running unrestricted open-shell SCF 
 -------------------------------------
 Max number of iterations:             128
 Conv. threshold (gradient):             1.00e-05
 Conv. threshold (energy):               1.00e-06
 Interpolation scheme:                   adiis+cdiis
 Initial guess:                          H0

 ---------------------------------------------------------------
                  energy        change          grad        time
 ---------------------------------------------------------------
   0     -1402.072918763                    1.31e+01        0.06
   1     -1402.789294538     -7.16e-01      7.39e+00        0.03
   2     -1294.436492948      1.08e+02      1.41e+01        0.03
   3     -1481.460701264     -1.87e+02      5.87e+00        0.04
   4     -1495.907694193     -1.44e+01      3.80e+00        0.04
   5     -1503.308530858     -7.40e+00      1.13e+00        0.04
   6     -1503.387893054     -7.94e-02      1.37e+00        0.04
   7     -1503.962115412     -5.74e-01      2.08e-01        0.04
   8     -1503.960054480      2.06e-03      2.58e-01        0.04
   9     -1503.980638292     -2.06e-02      3.58e-02        0.04
  10     -1503.981021656     -3.83e-04      2.53e-02        0.04
  11     -1503.981325556     -3.04e-04      7.29e-03        0.04
  12     -1503.981380876     -5.53e-05      5.78e-03        0.03
  13     -1503.981427742     -4.69e-05      5.12e-03        0.03
  14     -1503.981490079     -6.23e-05      3.43e-03        0.03
  15     -1503.981525907     -3.58e-05      1.02e-03        0.03
  16     -1503.981528772     -2.86e-06      5.29e-04        0.03
  17     -1503.981529026     -2.54e-07      3.77e-04        0.04
  18     -1503.981529131     -1.05e-07      2.87e-04        0.03
  19     -1503.981529263     -1.31e-07      1.50e-04        0.04
  20     -1503.981529298     -3.55e-08      3.38e-05        0.03
  21     -1503.981529300     -1.54e-09      1.02e-05        0.03
  22     -1503.981529300     -1.69e-10      2.36e-06        0.03

 SCF converged in 22 iterations.


 --------------------------------
  Double Hybrid MP2 Contribution 
 --------------------------------
 Method:                                 pre_transformed_df
 Density-fitting basis set:              def2-tzvp-ri
 Opposite-spin scale factor:             0.520000000
 Same-spin scale factor:                 0.000000000

 Unrestricted MP2 calculation:           
 Core spatial orbitals:                 10
 Correlated alpha orbitals:             13
 Correlated beta orbitals:               8
 Virtual alpha orbitals:               120
 Virtual beta orbitals:                125

 Reference Energy:                   -1503.981529300
 Opposite spin contribution:            -0.240691502
 Same spin contribution:                -0.000000000
 Total scaled MP2 contribution:         -0.240691502

 Dipole moment (in Debye):               0.000000       0.000000      -6.165718

 Quadrupole moment (in Debye-Angstrom):
                  1            2            3
 1       -27.796340    -0.000000    -0.000000
 2        -0.000000   -27.796341    -0.000000
 3        -0.000000    -0.000000   -25.284137

 Spin-squared expectation <S^2>:         8.767
 Total spin quantum number S:            2.503
 TOTAL ENERGY:                       -1504.222220801

 --------------------------------------------------------------------------------

 End time:                               Wed Jun  2 11:53:00 2021
 Total wall-clock time:                  3.419 seconds
==================================================================================
