
================================================================================
          _____________ ________ _______________ ________     _________         
         / ___________// ______ \\_____   _____// ______ \   / ________)        
        / /_________  / /      \ \     | |     / /      \ \ | (_______          
       |  __________|| |        | |    | |    | |        | | \________ \        
        \ \_________ | |        | |    | |     \ \______/ /___________) |       
         \__________||_|        |_|    |_|      \________//____________/        
                                                                                
====================================[ Qcore ]===================================

 Git hash:   15a3e7daff0cda5fa9af010ccd19a80288182ecf
 Git date:   Fri, 16 Apr 2021 15:57:16 +0100
 Compiler:   GNU 9.1.0
 Build type: Release
 Version:    1.1.0

 Start time: Wed Jun  2 11:53:01 2021

 Data directory: /work/zw18965/.local/qcore/share/entos/1.1.0/data
 Number of threads: 24
 Number of threads was determined by: command line argument

 --------------------------------------------------------------------------------
                                   command: dft                                  
 --------------------------------------------------------------------------------
 AO basis set:                           aug-cc-pvtz
 Number of AO basis functions:         152

 Formula:                                CrBr
 Nuclear charge:                        59.000000000
 Total charge:                           0.000000000
 Number of electrons:                   59.000000000

 Number of alpha electrons:             32
 Number of beta electrons:              27
 Number of unpaired electrons:           5
 Spin:                                   5
 Multiplicity:                           septet

 Theory:                                 dft
 Exchange-correlation functional:        0.35 b88 + 0.58 lyp
 Method for Coulomb:                     incore_df
 Method for exact exchange:              pre_transformed_df
 Integral threshold:                     1.00e-12
 DF basis set:                           def2-tzvp-jkfit(spdfghi)
 Number of DF basis functions:         530
 Schwarz screening threshold:            1.00e-10
 Coulomb fitting method:                 Cholesky
 Total number of grid points:        15992
 Method for AO orthogonalization:        symmetric
 Threshold for linear dependence:        1.00e-08
 D3BJ dispersion energy:                -0.008883718

 -------------------------------------
  Running unrestricted open-shell SCF 
 -------------------------------------
 Max number of iterations:             128
 Conv. threshold (gradient):             1.00e-05
 Conv. threshold (energy):               1.00e-06
 Interpolation scheme:                   adiis+cdiis
 Initial guess:                          H0

 ---------------------------------------------------------------
                  energy        change          grad        time
 ---------------------------------------------------------------
   0     -3544.788457390                    1.37e+01        0.06
   1     -3532.204940529      1.26e+01      6.66e+00        0.04
   2     -3542.116203830     -9.91e+00      1.11e+01        0.04
   3     -3603.192385791     -6.11e+01      5.62e+00        0.03
   4     -3601.536352705      1.66e+00      4.11e+00        0.04
   5     -3617.187969756     -1.57e+01      7.75e-01        0.05
   6     -3617.391673531     -2.04e-01      5.63e-01        0.04
   7     -3617.487103092     -9.54e-02      2.91e-01        0.04
   8     -3617.513764214     -2.67e-02      1.86e-01        0.04
   9     -3617.525594076     -1.18e-02      1.10e-01        0.05
  10     -3617.529114190     -3.52e-03      8.98e-02        0.05
  11     -3617.530861765     -1.75e-03      3.59e-02        0.05
  12     -3617.531542008     -6.80e-04      1.09e-02        0.04
  13     -3617.531686335     -1.44e-04      7.13e-03        0.03
  14     -3617.531792806     -1.06e-04      3.28e-03        0.04
  15     -3617.531815864     -2.31e-05      9.33e-04        0.04
  16     -3617.531817800     -1.94e-06      3.30e-04        0.05
  17     -3617.531817840     -3.99e-08      9.67e-05        0.05
  18     -3617.531817844     -3.76e-09      5.54e-05        0.04
  19     -3617.531817845     -1.15e-09      3.88e-05        0.04
  20     -3617.531817845     -7.03e-10      2.63e-05        0.04
  21     -3617.531817846     -5.52e-10      6.90e-06        0.04

 SCF converged in 21 iterations.


 --------------------------------
  Double Hybrid MP2 Contribution 
 --------------------------------
 Method:                                 pre_transformed_df
 Density-fitting basis set:              def2-tzvp-ri
 Opposite-spin scale factor:             0.520000000
 Same-spin scale factor:                 0.000000000

 Unrestricted MP2 calculation:           
 Core spatial orbitals:                 14
 Correlated alpha orbitals:             18
 Correlated beta orbitals:              13
 Virtual alpha orbitals:               120
 Virtual beta orbitals:                125

 Reference Energy:                   -3617.531817846
 Opposite spin contribution:            -0.249806523
 Same spin contribution:                -0.000000000
 Total scaled MP2 contribution:         -0.249806523

 Dipole moment (in Debye):              -0.000000      -0.000000      -6.546887

 Quadrupole moment (in Debye-Angstrom):
                  1            2            3
 1       -33.661694    -0.000000     0.000000
 2        -0.000000   -33.661682     0.000000
 3         0.000000     0.000000   -24.959874

 Spin-squared expectation <S^2>:         8.768
 Total spin quantum number S:            2.503
 TOTAL ENERGY:                       -3617.781624369

 --------------------------------------------------------------------------------

 End time:                               Wed Jun  2 11:53:06 2021
 Total wall-clock time:                  5.031 seconds
==================================================================================
