
================================================================================
          _____________ ________ _______________ ________     _________         
         / ___________// ______ \\_____   _____// ______ \   / ________)        
        / /_________  / /      \ \     | |     / /      \ \ | (_______          
       |  __________|| |        | |    | |    | |        | | \________ \        
        \ \_________ | |        | |    | |     \ \______/ /___________) |       
         \__________||_|        |_|    |_|      \________//____________/        
                                                                                
====================================[ Qcore ]===================================

 Git hash:   15a3e7daff0cda5fa9af010ccd19a80288182ecf
 Git date:   Fri, 16 Apr 2021 15:57:16 +0100
 Compiler:   GNU 9.1.0
 Build type: Release
 Version:    1.1.0

 Start time: Wed Jun  2 11:53:06 2021

 Data directory: /work/zw18965/.local/qcore/share/entos/1.1.0/data
 Number of threads: 24
 Number of threads was determined by: command line argument

 --------------------------------------------------------------------------------
                                   command: dft                                  
 --------------------------------------------------------------------------------
 AO basis set:                           aug-cc-pvtz
 Number of AO basis functions:         139

 Formula:                                OCr
 Nuclear charge:                        32.000000000
 Total charge:                           0.000000000
 Number of electrons:                   32.000000000

 Number of alpha electrons:             18
 Number of beta electrons:              14
 Number of unpaired electrons:           4
 Spin:                                   4
 Multiplicity:                           quintet

 Theory:                                 dft
 Exchange-correlation functional:        0.35 b88 + 0.58 lyp
 Method for Coulomb:                     incore_df
 Method for exact exchange:              pre_transformed_df
 Integral threshold:                     1.00e-12
 DF basis set:                           def2-tzvp-jkfit(spdfghi)
 Number of DF basis functions:         341
 Schwarz screening threshold:            1.00e-10
 Coulomb fitting method:                 Cholesky
 Total number of grid points:        14772
 Method for AO orthogonalization:        symmetric
 Threshold for linear dependence:        1.00e-08
 D3BJ dispersion energy:                -0.003015502

 -------------------------------------
  Running unrestricted open-shell SCF 
 -------------------------------------
 Max number of iterations:             128
 Conv. threshold (gradient):             1.00e-05
 Conv. threshold (energy):               1.00e-06
 Interpolation scheme:                   adiis+cdiis
 Initial guess:                          H0

 ---------------------------------------------------------------
                  energy        change          grad        time
 ---------------------------------------------------------------
   0     -1019.675385055                    1.61e+01        0.04
   1     -1021.784205234     -2.11e+00      9.20e+00        0.03
   2     -1060.347000809     -3.86e+01      1.00e+01        0.04
   3     -1114.739468528     -5.44e+01      4.28e+00        0.03
   4     -1101.613407432      1.31e+01      1.07e+01        0.03
   5     -1118.788528329     -1.72e+01      7.16e-01        0.03
   6     -1118.806416234     -1.79e-02      7.36e-01        0.03
   7     -1118.942777982     -1.36e-01      3.49e-01        0.03
   8     -1118.889861321      5.29e-02      5.23e-01        0.04
   9     -1118.965009388     -7.51e-02      1.17e-01        0.04
  10     -1118.962012718      3.00e-03      2.07e-01        0.04
  11     -1118.969349290     -7.34e-03      3.73e-02        0.04
  12     -1118.970170336     -8.21e-04      3.43e-02        0.04
  13     -1118.972369766     -2.20e-03      1.70e-02        0.03
  14     -1118.973165054     -7.95e-04      9.35e-03        0.03
  15     -1118.973249843     -8.48e-05      4.23e-03        0.03
  16     -1118.973269879     -2.00e-05      9.01e-04        0.03
  17     -1118.973271124     -1.24e-06      7.39e-04        0.03
  18     -1118.973271311     -1.87e-07      2.45e-04        0.04
  19     -1118.973271427     -1.16e-07      2.64e-04        0.03
  20     -1118.973271515     -8.80e-08      2.33e-04        0.03
  21     -1118.973271575     -6.03e-08      2.26e-04        0.03
  22     -1118.973271674     -9.90e-08      2.20e-04        0.03
  23     -1118.973272184     -5.10e-07      1.93e-04        0.03
  24     -1118.973273089     -9.05e-07      1.32e-04        0.03
  25     -1118.973273374     -2.85e-07      8.88e-05        0.03
  26     -1118.973273634     -2.60e-07      8.78e-05        0.03
  27     -1118.973273635     -1.54e-09      4.10e-05        0.03
  28     -1118.973273638     -2.36e-09      2.32e-05        0.03
  29     -1118.973273638     -2.83e-10      1.66e-05        0.03
  30     -1118.973273638      8.75e-11      1.63e-05        0.03
  31     -1118.973273637      4.62e-10      1.40e-05        0.03
  32     -1118.973273637      2.18e-10      1.12e-05        0.03
  33     -1118.973273637     -5.23e-11      9.70e-06        0.03

 SCF converged in 33 iterations.


 --------------------------------
  Double Hybrid MP2 Contribution 
 --------------------------------
 Method:                                 pre_transformed_df
 Density-fitting basis set:              def2-tzvp-ri
 Opposite-spin scale factor:             0.520000000
 Same-spin scale factor:                 0.000000000

 Unrestricted MP2 calculation:           
 Core spatial orbitals:                  6
 Correlated alpha orbitals:             12
 Correlated beta orbitals:               8
 Virtual alpha orbitals:               121
 Virtual beta orbitals:                125

 Reference Energy:                   -1118.973273637
 Opposite spin contribution:            -0.285627287
 Same spin contribution:                -0.000000000
 Total scaled MP2 contribution:         -0.285627287

 Dipole moment (in Debye):              -0.000000      -0.000000      -4.315497

 Quadrupole moment (in Debye-Angstrom):
                  1            2            3
 1       -20.776312     0.000069     0.000000
 2         0.000069   -20.776526     0.000000
 3         0.000000     0.000000   -25.682397

 Spin-squared expectation <S^2>:         6.283
 Total spin quantum number S:            2.056
 TOTAL ENERGY:                       -1119.258900924

 --------------------------------------------------------------------------------

 End time:                               Wed Jun  2 11:53:09 2021
 Total wall-clock time:                  3.828 seconds
==================================================================================
