
================================================================================
          _____________ ________ _______________ ________     _________         
         / ___________// ______ \\_____   _____// ______ \   / ________)        
        / /_________  / /      \ \     | |     / /      \ \ | (_______          
       |  __________|| |        | |    | |    | |        | | \________ \        
        \ \_________ | |        | |    | |     \ \______/ /___________) |       
         \__________||_|        |_|    |_|      \________//____________/        
                                                                                
====================================[ Qcore ]===================================

 Git hash:   15a3e7daff0cda5fa9af010ccd19a80288182ecf
 Git date:   Fri, 16 Apr 2021 15:57:16 +0100
 Compiler:   GNU 9.1.0
 Build type: Release
 Version:    1.1.0

 Start time: Wed Jun  2 11:53:25 2021

 Data directory: /work/zw18965/.local/qcore/share/entos/1.1.0/data
 Number of threads: 24
 Number of threads was determined by: command line argument

 --------------------------------------------------------------------------------
                                   command: dft                                  
 --------------------------------------------------------------------------------
 AO basis set:                           aug-cc-pvtz
 Number of AO basis functions:         152

 Formula:                                MnBr
 Nuclear charge:                        60.000000000
 Total charge:                           0.000000000
 Number of electrons:                   60.000000000

 Number of alpha electrons:             33
 Number of beta electrons:              27
 Number of unpaired electrons:           6
 Spin:                                   6
 Multiplicity:                           octet

 Theory:                                 dft
 Exchange-correlation functional:        0.35 b88 + 0.58 lyp
 Method for Coulomb:                     incore_df
 Method for exact exchange:              pre_transformed_df
 Integral threshold:                     1.00e-12
 DF basis set:                           def2-tzvp-jkfit(spdfghi)
 Number of DF basis functions:         530
 Schwarz screening threshold:            1.00e-10
 Coulomb fitting method:                 Cholesky
 Total number of grid points:        16100
 Method for AO orthogonalization:        symmetric
 Threshold for linear dependence:        1.00e-08
 D3BJ dispersion energy:                -0.007846087

 -------------------------------------
  Running unrestricted open-shell SCF 
 -------------------------------------
 Max number of iterations:             128
 Conv. threshold (gradient):             1.00e-05
 Conv. threshold (energy):               1.00e-06
 Interpolation scheme:                   adiis+cdiis
 Initial guess:                          H0

 ---------------------------------------------------------------
                  energy        change          grad        time
 ---------------------------------------------------------------
   0     -3647.944895256                    1.09e+01        0.06
   1     -3625.630012318      2.23e+01      6.61e+00        0.04
   2     -3485.222852742      1.40e+02      1.19e+01        0.04
   3     -3709.874984082     -2.25e+02      4.82e+00        0.04
   4     -3711.868447123     -1.99e+00      4.65e+00        0.04
   5     -3720.253206200     -8.38e+00      2.44e+00        0.04
   6     -3722.948860411     -2.70e+00      2.25e+00        0.04
   7     -3723.997210603     -1.05e+00      3.48e-01        0.04
   8     -3724.050599689     -5.34e-02      2.00e-01        0.05
   9     -3724.065574354     -1.50e-02      1.22e-01        0.05
  10     -3724.071122051     -5.55e-03      7.09e-02        0.05
  11     -3724.073032369     -1.91e-03      3.77e-02        0.05
  12     -3724.073776085     -7.44e-04      1.23e-03        0.04
  13     -3724.073778590     -2.51e-06      8.55e-04        0.04
  14     -3724.073779021     -4.30e-07      2.10e-04        0.04
  15     -3724.073779057     -3.67e-08      5.11e-05        0.04
  16     -3724.073779061     -3.74e-09      1.49e-05        0.04
  17     -3724.073779062     -3.62e-10      2.70e-06        0.04

 SCF converged in 17 iterations.


 --------------------------------
  Double Hybrid MP2 Contribution 
 --------------------------------
 Method:                                 pre_transformed_df
 Density-fitting basis set:              def2-tzvp-ri
 Opposite-spin scale factor:             0.520000000
 Same-spin scale factor:                 0.000000000

 Unrestricted MP2 calculation:           
 Core spatial orbitals:                 14
 Correlated alpha orbitals:             19
 Correlated beta orbitals:              13
 Virtual alpha orbitals:               119
 Virtual beta orbitals:                125

 Reference Energy:                   -3724.073779062
 Opposite spin contribution:            -0.252087139
 Same spin contribution:                -0.000000000
 Total scaled MP2 contribution:         -0.252087139

 Dipole moment (in Debye):               0.000000       0.000000      -3.239441

 Quadrupole moment (in Debye-Angstrom):
                  1            2            3
 1       -34.359756     0.000000    -0.000000
 2         0.000000   -34.359756    -0.000000
 3        -0.000000    -0.000000   -37.478541

 Spin-squared expectation <S^2>:        12.004
 Total spin quantum number S:            3.001
 TOTAL ENERGY:                       -3724.325866201

 --------------------------------------------------------------------------------

 End time:                               Wed Jun  2 11:53:30 2021
 Total wall-clock time:                  4.717 seconds
==================================================================================
