
================================================================================
          _____________ ________ _______________ ________     _________         
         / ___________// ______ \\_____   _____// ______ \   / ________)        
        / /_________  / /      \ \     | |     / /      \ \ | (_______          
       |  __________|| |        | |    | |    | |        | | \________ \        
        \ \_________ | |        | |    | |     \ \______/ /___________) |       
         \__________||_|        |_|    |_|      \________//____________/        
                                                                                
====================================[ Qcore ]===================================

 Git hash:   15a3e7daff0cda5fa9af010ccd19a80288182ecf
 Git date:   Fri, 16 Apr 2021 15:57:16 +0100
 Compiler:   GNU 9.1.0
 Build type: Release
 Version:    1.1.0

 Start time: Wed Jun  2 11:53:30 2021

 Data directory: /work/zw18965/.local/qcore/share/entos/1.1.0/data
 Number of threads: 24
 Number of threads was determined by: command line argument

 --------------------------------------------------------------------------------
                                   command: dft                                  
 --------------------------------------------------------------------------------
 AO basis set:                           aug-cc-pvtz
 Number of AO basis functions:         139

 Formula:                                OMn
 Nuclear charge:                        33.000000000
 Total charge:                           0.000000000
 Number of electrons:                   33.000000000

 Number of alpha electrons:             19
 Number of beta electrons:              14
 Number of unpaired electrons:           5
 Spin:                                   5
 Multiplicity:                           septet

 Theory:                                 dft
 Exchange-correlation functional:        0.35 b88 + 0.58 lyp
 Method for Coulomb:                     incore_df
 Method for exact exchange:              pre_transformed_df
 Integral threshold:                     1.00e-12
 DF basis set:                           def2-tzvp-jkfit(spdfghi)
 Number of DF basis functions:         341
 Schwarz screening threshold:            1.00e-10
 Coulomb fitting method:                 Cholesky
 Total number of grid points:        14880
 Method for AO orthogonalization:        symmetric
 Threshold for linear dependence:        1.00e-08
 D3BJ dispersion energy:                -0.002759345

 -------------------------------------
  Running unrestricted open-shell SCF 
 -------------------------------------
 Max number of iterations:             128
 Conv. threshold (gradient):             1.00e-05
 Conv. threshold (energy):               1.00e-06
 Interpolation scheme:                   adiis+cdiis
 Initial guess:                          H0

 ---------------------------------------------------------------
                  energy        change          grad        time
 ---------------------------------------------------------------
   0     -1108.048597453                    2.05e+01        0.04
   1     -1112.059797971     -4.01e+00      9.24e+00        0.04
   2     -1162.560195673     -5.05e+01      1.24e+01        0.03
   3     -1220.824772557     -5.83e+01      4.44e+00        0.04
   4     -1206.338055122      1.45e+01      5.66e+00        0.03
   5     -1225.271022930     -1.89e+01      8.69e-01        0.03
   6     -1225.241688766      2.93e-02      8.74e-01        0.03
   7     -1225.527964467     -2.86e-01      1.43e-01        0.03
   8     -1225.530479291     -2.51e-03      2.07e-01        0.03
   9     -1225.537042819     -6.56e-03      1.09e-01        0.04
  10     -1225.540086586     -3.04e-03      1.55e-01        0.04
  11     -1225.542712198     -2.63e-03      1.08e-01        0.04
  12     -1225.545096636     -2.38e-03      1.13e-01        0.04
  13     -1225.545974319     -8.78e-04      1.03e-01        0.04
  14     -1225.548010055     -2.04e-03      8.90e-02        0.04
  15     -1225.548782023     -7.72e-04      7.98e-02        0.04
  16     -1225.552909675     -4.13e-03      1.91e-02        0.03
  17     -1225.553092592     -1.83e-04      5.00e-03        0.03
  18     -1225.553144903     -5.23e-05      2.01e-03        0.04
  19     -1225.553150135     -5.23e-06      7.51e-04        0.04
  20     -1225.553151115     -9.80e-07      1.01e-04        0.03
  21     -1225.553151123     -8.05e-09      2.73e-05        0.03
  22     -1225.553151123     -1.42e-10      8.51e-06        0.03

 SCF converged in 22 iterations.


 --------------------------------
  Double Hybrid MP2 Contribution 
 --------------------------------
 Method:                                 pre_transformed_df
 Density-fitting basis set:              def2-tzvp-ri
 Opposite-spin scale factor:             0.520000000
 Same-spin scale factor:                 0.000000000

 Unrestricted MP2 calculation:           
 Core spatial orbitals:                  6
 Correlated alpha orbitals:             13
 Correlated beta orbitals:               8
 Virtual alpha orbitals:               120
 Virtual beta orbitals:                125

 Reference Energy:                   -1225.553151123
 Opposite spin contribution:            -0.278431190
 Same spin contribution:                -0.000000000
 Total scaled MP2 contribution:         -0.278431190

 Dipole moment (in Debye):              -0.000000      -0.000000      -3.898565

 Quadrupole moment (in Debye-Angstrom):
                  1            2            3
 1       -20.223604    -0.000000    -0.000000
 2        -0.000000   -20.223603    -0.000000
 3        -0.000000    -0.000000   -24.508796

 Spin-squared expectation <S^2>:         9.249
 Total spin quantum number S:            2.582
 TOTAL ENERGY:                       -1225.831582313

 --------------------------------------------------------------------------------

 End time:                               Wed Jun  2 11:53:33 2021
 Total wall-clock time:                  3.470 seconds
==================================================================================
