
================================================================================
          _____________ ________ _______________ ________     _________         
         / ___________// ______ \\_____   _____// ______ \   / ________)        
        / /_________  / /      \ \     | |     / /      \ \ | (_______          
       |  __________|| |        | |    | |    | |        | | \________ \        
        \ \_________ | |        | |    | |     \ \______/ /___________) |       
         \__________||_|        |_|    |_|      \________//____________/        
                                                                                
====================================[ Qcore ]===================================

 Git hash:   15a3e7daff0cda5fa9af010ccd19a80288182ecf
 Git date:   Fri, 16 Apr 2021 15:57:16 +0100
 Compiler:   GNU 9.1.0
 Build type: Release
 Version:    1.1.0

 Start time: Wed Jun  2 13:41:26 2021

 Data directory: /work/zw18965/.local/qcore/share/entos/1.1.0/data
 Number of threads: 24
 Number of threads was determined by: number of physical cores

 --------------------------------------------------------------------------------
                                   command: dft                                  
 --------------------------------------------------------------------------------
 AO basis set:                           aug-cc-pvtz
 Number of AO basis functions:         116

 Formula:                                HFe
 Nuclear charge:                        27.000000000
 Total charge:                           0.000000000
 Number of electrons:                   27.000000000

 Number of alpha electrons:             15
 Number of beta electrons:              12
 Number of unpaired electrons:           3
 Spin:                                   3
 Multiplicity:                           quartet

 Theory:                                 dft
 Exchange-correlation functional:        0.5 b88 + 0.58 lyp
 Method for Coulomb:                     incore_df
 Method for exact exchange:              pre_transformed_df
 Integral threshold:                     1.00e-12
 DF basis set:                           def2-tzvp-jkfit(spdfghi)
 Number of DF basis functions:         282
 Schwarz screening threshold:            1.00e-10
 Coulomb fitting method:                 Cholesky
 Total number of grid points:        13826
 Method for AO orthogonalization:        symmetric
 Threshold for linear dependence:        1.00e-08

 -------------------------------------
  Running unrestricted open-shell SCF 
 -------------------------------------
 Max number of iterations:             128
 Conv. threshold (gradient):             1.00e-05
 Conv. threshold (energy):               1.00e-06
 Interpolation scheme:                   adiis+cdiis
 Initial guess:                          H0

 ---------------------------------------------------------------
                  energy        change          grad        time
 ---------------------------------------------------------------
   0     -1206.017152189                    8.37e+00        0.03
   1     -1170.077788681      3.59e+01      1.13e+01        0.02
   2     -1243.986338487     -7.39e+01      6.64e+00        0.02
   3     -1267.245117516     -2.33e+01      3.43e+00        0.02
   4     -1267.330466678     -8.53e-02      3.25e+00        0.02
   5     -1271.912897021     -4.58e+00      4.49e-01        0.02
   6     -1271.902647887      1.02e-02      4.64e-01        0.02
   7     -1271.956553973     -5.39e-02      9.76e-02        0.02
   8     -1271.958584976     -2.03e-03      7.20e-02        0.03
   9     -1271.960447735     -1.86e-03      4.61e-02        0.02
  10     -1271.961464918     -1.02e-03      2.21e-02        0.03
  11     -1271.962067903     -6.03e-04      1.47e-02        0.02
  12     -1271.962409460     -3.42e-04      1.55e-02        0.02
  13     -1271.963146863     -7.37e-04      1.13e-02        0.02
  14     -1271.963540664     -3.94e-04      1.26e-02        0.02
  15     -1271.964653080     -1.11e-03      1.35e-02        0.02
  16     -1271.964631068      2.20e-05      1.58e-02        0.02
  17     -1271.965146381     -5.15e-04      1.49e-02        0.02
  18     -1271.965886386     -7.40e-04      1.27e-02        0.02
  19     -1271.966380635     -4.94e-04      1.52e-02        0.02
  20     -1271.965485545      8.95e-04      1.01e-02        0.02
  21     -1271.965107650      3.78e-04      9.68e-03        0.03
  22     -1271.965875542     -7.68e-04      8.99e-03        0.02
  23     -1271.967288864     -1.41e-03      9.54e-03        0.02
  24     -1271.967305096     -1.62e-05      2.32e-02        0.02
  25     -1271.967407864     -1.03e-04      3.67e-03        0.02
  26     -1271.966763039      6.45e-04      4.41e-02        0.02
  27     -1271.966940379     -1.77e-04      3.79e-02        0.03
  28     -1271.967391097     -4.51e-04      1.33e-02        0.03
  29     -1271.967442698     -5.16e-05      4.86e-03        0.02
  30     -1271.967449731     -7.03e-06      2.86e-03        0.02
  31     -1271.967453850     -4.12e-06      1.19e-04        0.02
  32     -1271.967453854     -4.31e-09      5.59e-05        0.02
  33     -1271.967453857     -2.63e-09      1.03e-05        0.02
  34     -1271.967453857     -2.69e-10      1.01e-06        0.02

 SCF converged in 34 iterations.

 Dipole moment (in Debye):              -0.000003      -0.000003      -1.716283

 Quadrupole moment (in Debye-Angstrom):
                  1            2            3
 1       -16.371151     0.000003     0.000006
 2         0.000003   -16.371151     0.000006
 3         0.000006     0.000006   -19.690353

 Spin-squared expectation <S^2>:         4.514
 Total spin quantum number S:            1.683
 TOTAL ENERGY:                       -1271.967453857
 Saving results in set 'guess'

 --------------------------------------------------------------------------------
                                   command: dft                                  
 --------------------------------------------------------------------------------
 AO basis set:                           aug-cc-pvtz
 Number of AO basis functions:         116

 Formula:                                HFe
 Nuclear charge:                        27.000000000
 Total charge:                           0.000000000
 Number of electrons:                   27.000000000

 Number of alpha electrons:             15
 Number of beta electrons:              12
 Number of unpaired electrons:           3
 Spin:                                   3
 Multiplicity:                           quartet

 Theory:                                 dft
 Exchange-correlation functional:        0.35 b88 + 0.58 lyp
 Method for Coulomb:                     incore_df
 Method for exact exchange:              pre_transformed_df
 Integral threshold:                     1.00e-12
 DF basis set:                           def2-tzvp-jkfit(spdfghi)
 Number of DF basis functions:         282
 Schwarz screening threshold:            1.00e-10
 Coulomb fitting method:                 Cholesky
 Total number of grid points:        13826
 Method for AO orthogonalization:        symmetric
 Threshold for linear dependence:        1.00e-08
 D3BJ dispersion energy:                -0.001394646

 -------------------------------------
  Running unrestricted open-shell SCF 
 -------------------------------------
 Max number of iterations:             128
 Conv. threshold (gradient):             1.00e-05
 Conv. threshold (energy):               1.00e-06
 Interpolation scheme:                   adiis+cdiis
 Initializing maximum overlap method (MOM)

 ---------------------------------------------------------------
                  energy        change          grad        time
 ---------------------------------------------------------------
   0     -1263.692342087                    2.95e-01        0.03
   1     -1263.708859354     -1.65e-02      1.13e-01        0.02
   2     -1263.712199616     -3.34e-03      5.67e-02        0.02
   3     -1263.713015087     -8.15e-04      2.38e-02        0.02
   4     -1263.713369951     -3.55e-04      1.47e-02        0.02
   5     -1263.713504652     -1.35e-04      1.31e-02        0.02
   6     -1263.713636392     -1.32e-04      1.11e-02        0.02
   7     -1263.713733811     -9.74e-05      9.12e-03        0.02
   8     -1263.713813373     -7.96e-05      6.56e-03        0.02
   9     -1263.713863523     -5.02e-05      4.21e-03        0.02
  10     -1263.713890739     -2.72e-05      2.77e-03        0.02
  11     -1263.713909839     -1.91e-05      1.47e-03        0.02
  12     -1263.713914953     -5.11e-06      7.11e-04        0.02
  13     -1263.713916132     -1.18e-06      3.91e-04        0.02
  14     -1263.713916439     -3.07e-07      2.46e-04        0.02
  15     -1263.713916503     -6.38e-08      1.51e-04        0.02
  16     -1263.713916520     -1.65e-08      9.17e-05        0.03
  17     -1263.713916528     -8.40e-09      4.71e-05        0.02
  18     -1263.713916530     -2.26e-09      2.42e-05        0.02
  19     -1263.713916531     -4.50e-10      1.17e-05        0.02
  20     -1263.713916531     -1.76e-10      9.86e-06        0.02

 SCF converged in 20 iterations.


 --------------------------------
  Double Hybrid MP2 Contribution 
 --------------------------------
 Method:                                 pre_transformed_df
 Density-fitting basis set:              def2-tzvp-ri
 Opposite-spin scale factor:             0.520000000
 Same-spin scale factor:                 0.000000000

 Unrestricted MP2 calculation:           
 Core spatial orbitals:                  5
 Correlated alpha orbitals:             10
 Correlated beta orbitals:               7
 Virtual alpha orbitals:               101
 Virtual beta orbitals:                104

 Reference Energy:                   -1263.713916531
 Opposite spin contribution:            -0.218854629
 Same spin contribution:                -0.000000000
 Total scaled MP2 contribution:         -0.218854629

 Dipole moment (in Debye):              -0.000000      -0.000000      -1.055192

 Quadrupole moment (in Debye-Angstrom):
                  1            2            3
 1       -17.403807    -0.000000     0.000001
 2        -0.000000   -17.403807     0.000001
 3         0.000001     0.000001   -21.310730

 Spin-squared expectation <S^2>:         4.590
 Total spin quantum number S:            1.700
 TOTAL ENERGY:                       -1263.932771161

 --------------------------------------------------------------------------------

 End time:                               Wed Jun  2 13:41:31 2021
 Total wall-clock time:                  4.505 seconds
==================================================================================
