
================================================================================
          _____________ ________ _______________ ________     _________         
         / ___________// ______ \\_____   _____// ______ \   / ________)        
        / /_________  / /      \ \     | |     / /      \ \ | (_______          
       |  __________|| |        | |    | |    | |        | | \________ \        
        \ \_________ | |        | |    | |     \ \______/ /___________) |       
         \__________||_|        |_|    |_|      \________//____________/        
                                                                                
====================================[ Qcore ]===================================

 Git hash:   15a3e7daff0cda5fa9af010ccd19a80288182ecf
 Git date:   Fri, 16 Apr 2021 15:57:16 +0100
 Compiler:   GNU 9.1.0
 Build type: Release
 Version:    1.1.0

 Start time: Wed Jun  2 11:53:47 2021

 Data directory: /work/zw18965/.local/qcore/share/entos/1.1.0/data
 Number of threads: 24
 Number of threads was determined by: command line argument

 --------------------------------------------------------------------------------
                                   command: dft                                  
 --------------------------------------------------------------------------------
 AO basis set:                           aug-cc-pvtz
 Number of AO basis functions:         152

 Formula:                                FeBr
 Nuclear charge:                        61.000000000
 Total charge:                           0.000000000
 Number of electrons:                   61.000000000

 Number of alpha electrons:             33
 Number of beta electrons:              28
 Number of unpaired electrons:           5
 Spin:                                   5
 Multiplicity:                           septet

 Theory:                                 dft
 Exchange-correlation functional:        0.35 b88 + 0.58 lyp
 Method for Coulomb:                     incore_df
 Method for exact exchange:              pre_transformed_df
 Integral threshold:                     1.00e-12
 DF basis set:                           def2-tzvp-jkfit(spdfghi)
 Number of DF basis functions:         530
 Schwarz screening threshold:            1.00e-10
 Coulomb fitting method:                 Cholesky
 Total number of grid points:        16100
 Method for AO orthogonalization:        symmetric
 Threshold for linear dependence:        1.00e-08
 D3BJ dispersion energy:                -0.007399751

 -------------------------------------
  Running unrestricted open-shell SCF 
 -------------------------------------
 Max number of iterations:             128
 Conv. threshold (gradient):             1.00e-05
 Conv. threshold (energy):               1.00e-06
 Interpolation scheme:                   adiis+cdiis
 Initial guess:                          H0

 ---------------------------------------------------------------
                  energy        change          grad        time
 ---------------------------------------------------------------
   0     -3753.125104998                    9.59e+00        0.06
   1     -3720.427413605      3.27e+01      7.03e+00        0.04
   2     -3552.074327697      1.68e+02      1.16e+01        0.03
   3     -3819.821717172     -2.68e+02      5.90e+00        0.04
   4     -3821.433987093     -1.61e+00      5.30e+00        0.04
   5     -3832.616777184     -1.12e+01      2.45e+00        0.04
   6     -3835.019918570     -2.40e+00      2.90e+00        0.04
   7     -3836.622310668     -1.60e+00      4.58e-01        0.04
   8     -3836.660657651     -3.83e-02      4.02e-01        0.04
   9     -3836.687086841     -2.64e-02      2.34e-01        0.04
  10     -3836.699803742     -1.27e-02      1.36e-01        0.05
  11     -3836.702142475     -2.34e-03      7.85e-02        0.05
  12     -3836.703865894     -1.72e-03      4.17e-02        0.05
  13     -3836.704317089     -4.51e-04      1.19e-02        0.04
  14     -3836.704444953     -1.28e-04      1.21e-02        0.04
  15     -3836.704490827     -4.59e-05      1.23e-02        0.04
  16     -3836.704055828      4.35e-04      1.17e-02        0.04
  17     -3836.703304309      7.52e-04      1.35e-02        0.04
  18     -3836.703001223      3.03e-04      2.21e-02        0.04
  19     -3836.701381510      1.62e-03      5.25e-02        0.04
  20     -3836.701478928     -9.74e-05      4.91e-02        0.04
  21     -3836.701493988     -1.51e-05      4.35e-02        0.04
  22     -3836.701374179      1.20e-04      2.95e-02        0.04
  23     -3836.701397803     -2.36e-05      1.49e-02        0.04
  24     -3836.701359287      3.85e-05      1.39e-02        0.04
  25     -3836.701384540     -2.53e-05      7.96e-04        0.04
  26     -3836.701381873      2.67e-06      3.37e-03        0.04
  27     -3836.701383454     -1.58e-06      3.69e-04        0.04
  28     -3836.701383473     -1.92e-08      9.08e-05        0.04
  29     -3836.701383474     -1.22e-09      2.81e-05        0.04
  30     -3836.701383474     -1.22e-10      3.73e-06        0.04

 SCF converged in 30 iterations.


 --------------------------------
  Double Hybrid MP2 Contribution 
 --------------------------------
 Method:                                 pre_transformed_df
 Density-fitting basis set:              def2-tzvp-ri
 Opposite-spin scale factor:             0.520000000
 Same-spin scale factor:                 0.000000000

 Unrestricted MP2 calculation:           
 Core spatial orbitals:                 14
 Correlated alpha orbitals:             19
 Correlated beta orbitals:              14
 Virtual alpha orbitals:               119
 Virtual beta orbitals:                124

 Reference Energy:                   -3836.701383474
 Opposite spin contribution:            -0.291866295
 Same spin contribution:                -0.000000000
 Total scaled MP2 contribution:         -0.291866295

 Dipole moment (in Debye):               0.000001       0.000001      -2.933150

 Quadrupole moment (in Debye-Angstrom):
                  1            2            3
 1       -34.254049     0.000012    -0.000002
 2         0.000012   -34.254049    -0.000002
 3        -0.000002    -0.000002   -36.446766

 Spin-squared expectation <S^2>:         8.757
 Total spin quantum number S:            2.501
 TOTAL ENERGY:                       -3836.993249769

 --------------------------------------------------------------------------------

 End time:                               Wed Jun  2 11:53:53 2021
 Total wall-clock time:                  5.387 seconds
==================================================================================
