
================================================================================
          _____________ ________ _______________ ________     _________         
         / ___________// ______ \\_____   _____// ______ \   / ________)        
        / /_________  / /      \ \     | |     / /      \ \ | (_______          
       |  __________|| |        | |    | |    | |        | | \________ \        
        \ \_________ | |        | |    | |     \ \______/ /___________) |       
         \__________||_|        |_|    |_|      \________//____________/        
                                                                                
====================================[ Qcore ]===================================

 Git hash:   15a3e7daff0cda5fa9af010ccd19a80288182ecf
 Git date:   Fri, 16 Apr 2021 15:57:16 +0100
 Compiler:   GNU 9.1.0
 Build type: Release
 Version:    1.1.0

 Start time: Wed Jun  2 11:53:53 2021

 Data directory: /work/zw18965/.local/qcore/share/entos/1.1.0/data
 Number of threads: 24
 Number of threads was determined by: command line argument

 --------------------------------------------------------------------------------
                                   command: dft                                  
 --------------------------------------------------------------------------------
 AO basis set:                           aug-cc-pvtz
 Number of AO basis functions:         139

 Formula:                                OFe
 Nuclear charge:                        34.000000000
 Total charge:                           0.000000000
 Number of electrons:                   34.000000000

 Number of alpha electrons:             19
 Number of beta electrons:              15
 Number of unpaired electrons:           4
 Spin:                                   4
 Multiplicity:                           quintet

 Theory:                                 dft
 Exchange-correlation functional:        0.35 b88 + 0.58 lyp
 Method for Coulomb:                     incore_df
 Method for exact exchange:              pre_transformed_df
 Integral threshold:                     1.00e-12
 DF basis set:                           def2-tzvp-jkfit(spdfghi)
 Number of DF basis functions:         341
 Schwarz screening threshold:            1.00e-10
 Coulomb fitting method:                 Cholesky
 Total number of grid points:        14880
 Method for AO orthogonalization:        symmetric
 Threshold for linear dependence:        1.00e-08
 D3BJ dispersion energy:                -0.002540319

 -------------------------------------
  Running unrestricted open-shell SCF 
 -------------------------------------
 Max number of iterations:             128
 Conv. threshold (gradient):             1.00e-05
 Conv. threshold (energy):               1.00e-06
 Interpolation scheme:                   adiis+cdiis
 Initial guess:                          H0

 ---------------------------------------------------------------
                  energy        change          grad        time
 ---------------------------------------------------------------
   0     -1204.986296929                    1.98e+01        0.04
   1     -1205.202539684     -2.16e-01      9.50e+00        0.03
   2     -1266.007190415     -6.08e+01      1.42e+01        0.03
   3     -1332.081841794     -6.61e+01      4.89e+00        0.03
   4     -1320.153115980      1.19e+01      6.86e+00        0.03
   5     -1337.711744199     -1.76e+01      1.31e+00        0.04
   6     -1335.392836379      2.32e+00      2.28e+00        0.03
   7     -1338.049413449     -2.66e+00      5.93e-01        0.03
   8     -1338.104828633     -5.54e-02      4.35e-01        0.03
   9     -1338.160594026     -5.58e-02      1.36e-01        0.04
  10     -1338.154951331      5.64e-03      2.39e-01        0.04
  11     -1338.166421680     -1.15e-02      5.86e-02        0.04
  12     -1338.166950619     -5.29e-04      5.89e-02        0.04
  13     -1338.168542637     -1.59e-03      1.70e-02        0.03
  14     -1338.168972961     -4.30e-04      8.34e-03        0.03
  15     -1338.169075752     -1.03e-04      2.97e-03        0.03
  16     -1338.169086550     -1.08e-05      1.54e-03        0.03
  17     -1338.169089510     -2.96e-06      1.58e-03        0.03
  18     -1338.169090117     -6.08e-07      1.61e-03        0.03
  19     -1338.169082767      7.35e-06      1.11e-03        0.03
  20     -1338.169079679      3.09e-06      3.16e-04        0.03
  21     -1338.169079628      5.11e-08      4.14e-05        0.04
  22     -1338.169079632     -4.00e-09      8.90e-06        0.03

 SCF converged in 22 iterations.


 --------------------------------
  Double Hybrid MP2 Contribution 
 --------------------------------
 Method:                                 pre_transformed_df
 Density-fitting basis set:              def2-tzvp-ri
 Opposite-spin scale factor:             0.520000000
 Same-spin scale factor:                 0.000000000

 Unrestricted MP2 calculation:           
 Core spatial orbitals:                  6
 Correlated alpha orbitals:             13
 Correlated beta orbitals:               9
 Virtual alpha orbitals:               120
 Virtual beta orbitals:                124

 Reference Energy:                   -1338.169079631
 Opposite spin contribution:            -0.355497940
 Same spin contribution:                -0.000000000
 Total scaled MP2 contribution:         -0.355497940

 Dipole moment (in Debye):              -0.000000      -0.000000      -5.619330

 Quadrupole moment (in Debye-Angstrom):
                  1            2            3
 1       -20.611816    -0.000002     0.000000
 2        -0.000002   -20.611816     0.000000
 3         0.000000     0.000000   -22.249753

 Spin-squared expectation <S^2>:         6.141
 Total spin quantum number S:            2.028
 TOTAL ENERGY:                       -1338.524577572

 --------------------------------------------------------------------------------

 End time:                               Wed Jun  2 11:53:56 2021
 Total wall-clock time:                  3.413 seconds
==================================================================================
