
================================================================================
          _____________ ________ _______________ ________     _________         
         / ___________// ______ \\_____   _____// ______ \   / ________)        
        / /_________  / /      \ \     | |     / /      \ \ | (_______          
       |  __________|| |        | |    | |    | |        | | \________ \        
        \ \_________ | |        | |    | |     \ \______/ /___________) |       
         \__________||_|        |_|    |_|      \________//____________/        
                                                                                
====================================[ Qcore ]===================================

 Git hash:   15a3e7daff0cda5fa9af010ccd19a80288182ecf
 Git date:   Fri, 16 Apr 2021 15:57:16 +0100
 Compiler:   GNU 9.1.0
 Build type: Release
 Version:    1.1.0

 Start time: Wed Jun  2 11:54:05 2021

 Data directory: /work/zw18965/.local/qcore/share/entos/1.1.0/data
 Number of threads: 24
 Number of threads was determined by: command line argument

 --------------------------------------------------------------------------------
                                   command: dft                                  
 --------------------------------------------------------------------------------
 AO basis set:                           aug-cc-pvtz
 Number of AO basis functions:         139

 Formula:                                FCo
 Nuclear charge:                        36.000000000
 Total charge:                           0.000000000
 Number of electrons:                   36.000000000

 Number of alpha electrons:             19
 Number of beta electrons:              17
 Number of unpaired electrons:           2
 Spin:                                   2
 Multiplicity:                           triplet

 Theory:                                 dft
 Exchange-correlation functional:        0.35 b88 + 0.58 lyp
 Method for Coulomb:                     incore_df
 Method for exact exchange:              pre_transformed_df
 Integral threshold:                     1.00e-12
 DF basis set:                           def2-tzvp-jkfit(spdfghi)
 Number of DF basis functions:         341
 Schwarz screening threshold:            1.00e-10
 Coulomb fitting method:                 Cholesky
 Total number of grid points:        14748
 Method for AO orthogonalization:        symmetric
 Threshold for linear dependence:        1.00e-08
 D3BJ dispersion energy:                -0.001692913

 -------------------------------------
  Running unrestricted open-shell SCF 
 -------------------------------------
 Max number of iterations:             128
 Conv. threshold (gradient):             1.00e-05
 Conv. threshold (energy):               1.00e-06
 Interpolation scheme:                   adiis+cdiis
 Initial guess:                          H0

 ---------------------------------------------------------------
                  energy        change          grad        time
 ---------------------------------------------------------------
   0     -1300.632639515                    1.60e+01        0.04
   1     -1303.490300850     -2.86e+00      1.07e+01        0.03
   2     -1389.187451847     -8.57e+01      1.44e+01        0.03
   3     -1468.801552064     -7.96e+01      6.29e+00        0.03
   4     -1470.385379482     -1.58e+00      4.44e+00        0.03
   5     -1481.570745643     -1.12e+01      9.71e-01        0.04
   6     -1481.424634973      1.46e-01      1.34e+00        0.03
   7     -1481.823074559     -3.98e-01      1.20e-01        0.03
   8     -1481.827903022     -4.83e-03      1.18e-01        0.03
   9     -1481.830385769     -2.48e-03      9.37e-02        0.04
  10     -1481.831639997     -1.25e-03      1.90e-01        0.04
  11     -1481.836880582     -5.24e-03      7.93e-02        0.03
  12     -1481.826989911      9.89e-03      6.36e-02        0.03
  13     -1481.824554198      2.44e-03      5.12e-02        0.03
  14     -1481.824634460     -8.03e-05      3.78e-02        0.03
  15     -1481.825894450     -1.26e-03      2.34e-02        0.03
  16     -1481.826247224     -3.53e-04      1.99e-02        0.03
  17     -1481.826511820     -2.65e-04      1.88e-02        0.03
  18     -1481.826048418      4.63e-04      1.65e-02        0.03
  19     -1481.825328415      7.20e-04      8.81e-03        0.03
  20     -1481.825258033      7.04e-05      4.23e-03        0.03
  21     -1481.825243459      1.46e-05      2.27e-03        0.03
  22     -1481.825243039      4.19e-07      6.63e-04        0.04
  23     -1481.825243057     -1.71e-08      2.05e-04        0.03
  24     -1481.825243066     -9.53e-09      1.23e-04        0.03
  25     -1481.825243068     -1.81e-09      5.26e-05        0.03
  26     -1481.825243069     -8.44e-10      4.89e-05        0.03
  27     -1481.825243069      1.55e-11      4.68e-05        0.03
  28     -1481.825243068      9.64e-10      1.31e-05        0.03
  29     -1481.825243067      2.56e-10      9.06e-06        0.03

 SCF converged in 29 iterations.


 --------------------------------
  Double Hybrid MP2 Contribution 
 --------------------------------
 Method:                                 pre_transformed_df
 Density-fitting basis set:              def2-tzvp-ri
 Opposite-spin scale factor:             0.520000000
 Same-spin scale factor:                 0.000000000

 Unrestricted MP2 calculation:           
 Core spatial orbitals:                  6
 Correlated alpha orbitals:             13
 Correlated beta orbitals:              11
 Virtual alpha orbitals:               120
 Virtual beta orbitals:                122

 Reference Energy:                   -1481.825243067
 Opposite spin contribution:            -0.399596761
 Same spin contribution:                -0.000000000
 Total scaled MP2 contribution:         -0.399596761

 Dipole moment (in Debye):              -0.000000       0.000001      -5.185960

 Quadrupole moment (in Debye-Angstrom):
                  1            2            3
 1       -18.237903     0.000012     0.000000
 2         0.000012   -18.237815    -0.000000
 3         0.000000    -0.000000   -20.962902

 Spin-squared expectation <S^2>:         2.140
 Total spin quantum number S:            1.046
 TOTAL ENERGY:                       -1482.224839829

 --------------------------------------------------------------------------------

 End time:                               Wed Jun  2 11:54:08 2021
 Total wall-clock time:                  3.513 seconds
==================================================================================
