
================================================================================
          _____________ ________ _______________ ________     _________         
         / ___________// ______ \\_____   _____// ______ \   / ________)        
        / /_________  / /      \ \     | |     / /      \ \ | (_______          
       |  __________|| |        | |    | |    | |        | | \________ \        
        \ \_________ | |        | |    | |     \ \______/ /___________) |       
         \__________||_|        |_|    |_|      \________//____________/        
                                                                                
====================================[ Qcore ]===================================

 Git hash:   15a3e7daff0cda5fa9af010ccd19a80288182ecf
 Git date:   Fri, 16 Apr 2021 15:57:16 +0100
 Compiler:   GNU 9.1.0
 Build type: Release
 Version:    1.1.0

 Start time: Wed Jun  2 11:54:14 2021

 Data directory: /work/zw18965/.local/qcore/share/entos/1.1.0/data
 Number of threads: 24
 Number of threads was determined by: command line argument

 --------------------------------------------------------------------------------
                                   command: dft                                  
 --------------------------------------------------------------------------------
 AO basis set:                           aug-cc-pvtz
 Number of AO basis functions:         152

 Formula:                                CoBr
 Nuclear charge:                        62.000000000
 Total charge:                           0.000000000
 Number of electrons:                   62.000000000

 Number of alpha electrons:             32
 Number of beta electrons:              30
 Number of unpaired electrons:           2
 Spin:                                   2
 Multiplicity:                           triplet

 Theory:                                 dft
 Exchange-correlation functional:        0.35 b88 + 0.58 lyp
 Method for Coulomb:                     incore_df
 Method for exact exchange:              pre_transformed_df
 Integral threshold:                     1.00e-12
 DF basis set:                           def2-tzvp-jkfit(spdfghi)
 Number of DF basis functions:         530
 Schwarz screening threshold:            1.00e-10
 Coulomb fitting method:                 Cholesky
 Total number of grid points:        16100
 Method for AO orthogonalization:        symmetric
 Threshold for linear dependence:        1.00e-08
 D3BJ dispersion energy:                -0.007912757

 -------------------------------------
  Running unrestricted open-shell SCF 
 -------------------------------------
 Max number of iterations:             128
 Conv. threshold (gradient):             1.00e-05
 Conv. threshold (energy):               1.00e-06
 Interpolation scheme:                   adiis+cdiis
 Initial guess:                          H0

 ---------------------------------------------------------------
                  energy        change          grad        time
 ---------------------------------------------------------------
   0     -3870.541003820                    1.03e+01        0.06
   1     -3813.281068887      5.73e+01      7.58e+00        0.04
   2     -3877.865445180     -6.46e+01      9.60e+00        0.04
   3     -3921.197968268     -4.33e+01      8.60e+00        0.04
   4     -3939.088390134     -1.79e+01      3.71e+00        0.04
   5     -3954.490958773     -1.54e+01      2.27e+00        0.04
   6     -3935.020097398      1.95e+01      5.61e+00        0.04
   7     -3955.020873694     -2.00e+01      1.47e+00        0.04
   8     -3955.597563417     -5.77e-01      5.30e-01        0.04
   9     -3955.547688479      4.99e-02      6.96e-01        0.05
  10     -3955.677836555     -1.30e-01      9.14e-02        0.04
  11     -3955.679870965     -2.03e-03      1.26e-01        0.05
  12     -3955.683939921     -4.07e-03      6.10e-02        0.04
  13     -3955.687079430     -3.14e-03      5.83e-02        0.04
  14     -3955.691980504     -4.90e-03      5.26e-02        0.04
  15     -3955.698591931     -6.61e-03      4.55e-02        0.04
  16     -3955.698265002      3.27e-04      4.75e-02        0.04
  17     -3955.703603290     -5.34e-03      1.06e-01        0.04
  18     -3955.703474227      1.29e-04      1.08e-01        0.04
  19     -3955.703480710     -6.48e-06      1.08e-01        0.04
  20     -3955.703670568     -1.90e-04      1.04e-01        0.04
  21     -3955.704300099     -6.30e-04      8.08e-02        0.04
  22     -3955.705123877     -8.24e-04      3.45e-02        0.04
  23     -3955.705351819     -2.28e-04      8.06e-03        0.04
  24     -3955.705395882     -4.41e-05      6.54e-03        0.04
  25     -3955.705430810     -3.49e-05      3.69e-03        0.04
  26     -3955.705452351     -2.15e-05      2.66e-03        0.04
  27     -3955.705467683     -1.53e-05      1.02e-03        0.04
  28     -3955.705468782     -1.10e-06      4.20e-04        0.04
  29     -3955.705468968     -1.86e-07      1.15e-04        0.04
  30     -3955.705468984     -1.56e-08      4.56e-05        0.04
  31     -3955.705468987     -2.86e-09      2.62e-05        0.04
  32     -3955.705468988     -9.60e-10      1.29e-05        0.04
  33     -3955.705468988     -3.51e-10      5.98e-06        0.04

 SCF converged in 33 iterations.


 --------------------------------
  Double Hybrid MP2 Contribution 
 --------------------------------
 Method:                                 pre_transformed_df
 Density-fitting basis set:              def2-tzvp-ri
 Opposite-spin scale factor:             0.520000000
 Same-spin scale factor:                 0.000000000

 Unrestricted MP2 calculation:           
 Core spatial orbitals:                 14
 Correlated alpha orbitals:             18
 Correlated beta orbitals:              16
 Virtual alpha orbitals:               120
 Virtual beta orbitals:                122

 Reference Energy:                   -3955.705468988
 Opposite spin contribution:            -0.374017162
 Same spin contribution:                -0.000000000
 Total scaled MP2 contribution:         -0.374017162

 Dipole moment (in Debye):               0.000001       0.000001      -5.900458

 Quadrupole moment (in Debye-Angstrom):
                  1            2            3
 1       -32.440215     0.270920    -0.000001
 2         0.270920   -32.440263    -0.000001
 3        -0.000001    -0.000001   -24.976097

 Spin-squared expectation <S^2>:         2.023
 Total spin quantum number S:            1.008
 TOTAL ENERGY:                       -3956.079486150

 --------------------------------------------------------------------------------

 End time:                               Wed Jun  2 11:54:19 2021
 Total wall-clock time:                  5.329 seconds
==================================================================================
