
================================================================================
          _____________ ________ _______________ ________     _________         
         / ___________// ______ \\_____   _____// ______ \   / ________)        
        / /_________  / /      \ \     | |     / /      \ \ | (_______          
       |  __________|| |        | |    | |    | |        | | \________ \        
        \ \_________ | |        | |    | |     \ \______/ /___________) |       
         \__________||_|        |_|    |_|      \________//____________/        
                                                                                
====================================[ Qcore ]===================================

 Git hash:   15a3e7daff0cda5fa9af010ccd19a80288182ecf
 Git date:   Fri, 16 Apr 2021 15:57:16 +0100
 Compiler:   GNU 9.1.0
 Build type: Release
 Version:    1.1.0

 Start time: Wed Jun  2 11:54:23 2021

 Data directory: /work/zw18965/.local/qcore/share/entos/1.1.0/data
 Number of threads: 24
 Number of threads was determined by: command line argument

 --------------------------------------------------------------------------------
                                   command: dft                                  
 --------------------------------------------------------------------------------
 AO basis set:                           aug-cc-pvtz
 Number of AO basis functions:         143

 Formula:                                SCo
 Nuclear charge:                        43.000000000
 Total charge:                           0.000000000
 Number of electrons:                   43.000000000

 Number of alpha electrons:             23
 Number of beta electrons:              20
 Number of unpaired electrons:           3
 Spin:                                   3
 Multiplicity:                           quartet

 Theory:                                 dft
 Exchange-correlation functional:        0.35 b88 + 0.58 lyp
 Method for Coulomb:                     incore_df
 Method for exact exchange:              pre_transformed_df
 Integral threshold:                     1.00e-12
 DF basis set:                           def2-tzvp-jkfit(spdfghi)
 Number of DF basis functions:         392
 Schwarz screening threshold:            1.00e-10
 Coulomb fitting method:                 Cholesky
 Total number of grid points:        15286
 Method for AO orthogonalization:        symmetric
 Threshold for linear dependence:        1.00e-08
 D3BJ dispersion energy:                -0.007844107

 -------------------------------------
  Running unrestricted open-shell SCF 
 -------------------------------------
 Max number of iterations:             128
 Conv. threshold (gradient):             1.00e-05
 Conv. threshold (energy):               1.00e-06
 Interpolation scheme:                   adiis+cdiis
 Initial guess:                          H0

 ---------------------------------------------------------------
                  energy        change          grad        time
 ---------------------------------------------------------------
   0     -1626.508604702                    1.94e+01        0.05
   1     -1620.511599664      6.00e+00      8.87e+00        0.04
   2     -1507.404435812      1.13e+02      1.78e+01        0.03
   3     -1761.173988291     -2.54e+02      7.13e+00        0.04
   4     -1754.730601883      6.44e+00      6.59e+00        0.03
   5     -1779.398207819     -2.47e+01      1.08e+00        0.03
   6     -1775.630245192      3.77e+00      3.52e+00        0.03
   7     -1779.981948027     -4.35e+00      3.79e-01        0.03
   8     -1779.989061863     -7.11e-03      4.06e-01        0.04
   9     -1780.074103210     -8.50e-02      9.41e-02        0.04
  10     -1780.074209271     -1.06e-04      1.01e-01        0.04
  11     -1780.077289740     -3.08e-03      2.95e-02        0.04
  12     -1780.078123730     -8.34e-04      1.91e-02        0.03
  13     -1780.078520361     -3.97e-04      1.02e-02        0.03
  14     -1780.078717345     -1.97e-04      5.42e-03        0.03
  15     -1780.078797518     -8.02e-05      2.42e-03        0.03
  16     -1780.078818125     -2.06e-05      6.05e-04        0.04
  17     -1780.078818968     -8.43e-07      3.49e-04        0.04
  18     -1780.078819103     -1.35e-07      3.48e-04        0.03
  19     -1780.078819120     -1.70e-08      3.62e-04        0.03
  20     -1780.078818926      1.94e-07      3.02e-04        0.03
  21     -1780.078818590      3.36e-07      9.35e-05        0.03
  22     -1780.078818589      9.60e-10      8.24e-05        0.03
  23     -1780.078818595     -5.51e-09      7.09e-05        0.03
  24     -1780.078818599     -4.12e-09      6.60e-05        0.03
  25     -1780.078818602     -3.12e-09      6.42e-05        0.03
  26     -1780.078818604     -2.35e-09      6.18e-05        0.03
  27     -1780.078818606     -1.89e-09      6.09e-05        0.03
  28     -1780.078818603      2.61e-09      6.11e-05        0.03
  29     -1780.078818590      1.33e-08      5.74e-05        0.04
  30     -1780.078818564      2.63e-08      3.92e-05        0.03
  31     -1780.078818557      6.99e-09      1.45e-05        0.03
  32     -1780.078818557      2.34e-10      1.03e-05        0.03
  33     -1780.078818557     -1.46e-10      7.76e-06        0.04

 SCF converged in 33 iterations.


 --------------------------------
  Double Hybrid MP2 Contribution 
 --------------------------------
 Method:                                 pre_transformed_df
 Density-fitting basis set:              def2-tzvp-ri
 Opposite-spin scale factor:             0.520000000
 Same-spin scale factor:                 0.000000000

 Unrestricted MP2 calculation:           
 Core spatial orbitals:                 10
 Correlated alpha orbitals:             13
 Correlated beta orbitals:              10
 Virtual alpha orbitals:               120
 Virtual beta orbitals:                123

 Reference Energy:                   -1780.078818557
 Opposite spin contribution:            -0.322189449
 Same spin contribution:                -0.000000000
 Total scaled MP2 contribution:         -0.322189449

 Dipole moment (in Debye):               0.000200       0.000200      -6.301753

 Quadrupole moment (in Debye-Angstrom):
                  1            2            3
 1       -29.470188     0.000000    -0.000103
 2         0.000000   -29.470188    -0.000103
 3        -0.000103    -0.000103   -26.676443

 Spin-squared expectation <S^2>:         3.954
 Total spin quantum number S:            1.550
 TOTAL ENERGY:                       -1780.401008006

 --------------------------------------------------------------------------------

 End time:                               Wed Jun  2 11:54:27 2021
 Total wall-clock time:                  3.792 seconds
==================================================================================
