
================================================================================
          _____________ ________ _______________ ________     _________         
         / ___________// ______ \\_____   _____// ______ \   / ________)        
        / /_________  / /      \ \     | |     / /      \ \ | (_______          
       |  __________|| |        | |    | |    | |        | | \________ \        
        \ \_________ | |        | |    | |     \ \______/ /___________) |       
         \__________||_|        |_|    |_|      \________//____________/        
                                                                                
====================================[ Qcore ]===================================

 Git hash:   15a3e7daff0cda5fa9af010ccd19a80288182ecf
 Git date:   Fri, 16 Apr 2021 15:57:16 +0100
 Compiler:   GNU 9.1.0
 Build type: Release
 Version:    1.1.0

 Start time: Wed Jun  2 11:54:27 2021

 Data directory: /work/zw18965/.local/qcore/share/entos/1.1.0/data
 Number of threads: 24
 Number of threads was determined by: command line argument

 --------------------------------------------------------------------------------
                                   command: dft                                  
 --------------------------------------------------------------------------------
 AO basis set:                           aug-cc-pvtz
 Number of AO basis functions:         116

 Formula:                                HNi
 Nuclear charge:                        29.000000000
 Total charge:                           0.000000000
 Number of electrons:                   29.000000000

 Number of alpha electrons:             15
 Number of beta electrons:              14
 Number of unpaired electrons:           1
 Spin:                                   1
 Multiplicity:                           doublet

 Theory:                                 dft
 Exchange-correlation functional:        0.35 b88 + 0.58 lyp
 Method for Coulomb:                     incore_df
 Method for exact exchange:              pre_transformed_df
 Integral threshold:                     1.00e-12
 DF basis set:                           def2-tzvp-jkfit(spdfghi)
 Number of DF basis functions:         282
 Schwarz screening threshold:            1.00e-10
 Coulomb fitting method:                 Cholesky
 Total number of grid points:        13826
 Method for AO orthogonalization:        symmetric
 Threshold for linear dependence:        1.00e-08
 D3BJ dispersion energy:                -0.001504222

 -------------------------------------
  Running unrestricted open-shell SCF 
 -------------------------------------
 Max number of iterations:             128
 Conv. threshold (gradient):             1.00e-05
 Conv. threshold (energy):               1.00e-06
 Interpolation scheme:                   adiis+cdiis
 Initial guess:                          H0

 ---------------------------------------------------------------
                  energy        change          grad        time
 ---------------------------------------------------------------
   0     -1425.941731245                    1.01e+01        0.03
   1     -1369.838338547      5.61e+01      1.12e+01        0.02
   2     -1466.002488536     -9.62e+01      8.35e+00        0.02
   3     -1502.264383840     -3.63e+01      4.56e+00        0.03
   4     -1500.976742537      1.29e+00      3.97e+00        0.02
   5     -1508.203150997     -7.23e+00      4.43e-01        0.02
   6     -1508.149214810      5.39e-02      6.06e-01        0.02
   7     -1508.247354219     -9.81e-02      7.81e-02        0.02
   8     -1508.246293126      1.06e-03      1.59e-01        0.02
   9     -1508.250501949     -4.21e-03      2.59e-02        0.02
  10     -1508.250912199     -4.10e-04      1.91e-02        0.02
  11     -1508.251214146     -3.02e-04      9.99e-03        0.02
  12     -1508.251308527     -9.44e-05      7.19e-03        0.02
  13     -1508.251417676     -1.09e-04      5.65e-03        0.02
  14     -1508.251513685     -9.60e-05      2.09e-03        0.02
  15     -1508.251525478     -1.18e-05      8.63e-04        0.02
  16     -1508.251526664     -1.19e-06      3.93e-04        0.02
  17     -1508.251526929     -2.65e-07      2.43e-04        0.02
  18     -1508.251527035     -1.05e-07      1.32e-04        0.02
  19     -1508.251527053     -1.84e-08      8.24e-05        0.02
  20     -1508.251527058     -4.66e-09      9.06e-06        0.02

 SCF converged in 20 iterations.


 --------------------------------
  Double Hybrid MP2 Contribution 
 --------------------------------
 Method:                                 pre_transformed_df
 Density-fitting basis set:              def2-tzvp-ri
 Opposite-spin scale factor:             0.520000000
 Same-spin scale factor:                 0.000000000

 Unrestricted MP2 calculation:           
 Core spatial orbitals:                  5
 Correlated alpha orbitals:             10
 Correlated beta orbitals:               9
 Virtual alpha orbitals:               101
 Virtual beta orbitals:                102

 Reference Energy:                   -1508.251527058
 Opposite spin contribution:            -0.335925499
 Same spin contribution:                -0.000000000
 Total scaled MP2 contribution:         -0.335925499

 Dipole moment (in Debye):               0.000000       0.000000      -3.279197

 Quadrupole moment (in Debye-Angstrom):
                  1            2            3
 1       -15.026601     0.000000     0.000000
 2         0.000000   -15.026601     0.000000
 3         0.000000     0.000000   -16.354707

 Spin-squared expectation <S^2>:         0.798
 Total spin quantum number S:            0.524
 TOTAL ENERGY:                       -1508.587452556

 --------------------------------------------------------------------------------

 End time:                               Wed Jun  2 11:54:30 2021
 Total wall-clock time:                  2.960 seconds
==================================================================================
