
================================================================================
          _____________ ________ _______________ ________     _________         
         / ___________// ______ \\_____   _____// ______ \   / ________)        
        / /_________  / /      \ \     | |     / /      \ \ | (_______          
       |  __________|| |        | |    | |    | |        | | \________ \        
        \ \_________ | |        | |    | |     \ \______/ /___________) |       
         \__________||_|        |_|    |_|      \________//____________/        
                                                                                
====================================[ Qcore ]===================================

 Git hash:   15a3e7daff0cda5fa9af010ccd19a80288182ecf
 Git date:   Fri, 16 Apr 2021 15:57:16 +0100
 Compiler:   GNU 9.1.0
 Build type: Release
 Version:    1.1.0

 Start time: Wed Jun  2 11:54:35 2021

 Data directory: /work/zw18965/.local/qcore/share/entos/1.1.0/data
 Number of threads: 24
 Number of threads was determined by: command line argument

 --------------------------------------------------------------------------------
                                   command: dft                                  
 --------------------------------------------------------------------------------
 AO basis set:                           aug-cc-pvtz
 Number of AO basis functions:         143

 Formula:                                ClNi
 Nuclear charge:                        45.000000000
 Total charge:                           0.000000000
 Number of electrons:                   45.000000000

 Number of alpha electrons:             23
 Number of beta electrons:              22
 Number of unpaired electrons:           1
 Spin:                                   1
 Multiplicity:                           doublet

 Theory:                                 dft
 Exchange-correlation functional:        0.35 b88 + 0.58 lyp
 Method for Coulomb:                     incore_df
 Method for exact exchange:              pre_transformed_df
 Integral threshold:                     1.00e-12
 DF basis set:                           def2-tzvp-jkfit(spdfghi)
 Number of DF basis functions:         392
 Schwarz screening threshold:            1.00e-10
 Coulomb fitting method:                 Cholesky
 Total number of grid points:        15430
 Method for AO orthogonalization:        symmetric
 Threshold for linear dependence:        1.00e-08
 D3BJ dispersion energy:                -0.006291262

 -------------------------------------
  Running unrestricted open-shell SCF 
 -------------------------------------
 Max number of iterations:             128
 Conv. threshold (gradient):             1.00e-05
 Conv. threshold (energy):               1.00e-06
 Interpolation scheme:                   adiis+cdiis
 Initial guess:                          H0

 ---------------------------------------------------------------
                  energy        change          grad        time
 ---------------------------------------------------------------
   0     -1762.529350482                    1.84e+01        0.05
   1     -1766.064735936     -3.54e+00      9.68e+00        0.03
   2     -1639.020411729      1.27e+02      1.76e+01        0.04
   3     -1944.274955636     -3.05e+02      8.47e+00        0.03
   4     -1931.941223015      1.23e+01      6.79e+00        0.03
   5     -1966.724157738     -3.48e+01      1.14e+00        0.04
   6     -1962.345050344      4.38e+00      4.38e+00        0.03
   7     -1967.515396530     -5.17e+00      5.23e-01        0.03
   8     -1967.573904111     -5.85e-02      4.57e-01        0.04
   9     -1967.652200636     -7.83e-02      2.65e-01        0.04
  10     -1967.627838084      2.44e-02      4.35e-01        0.04
  11     -1967.668499077     -4.07e-02      8.80e-02        0.04
  12     -1967.667290845      1.21e-03      1.05e-01        0.04
  13     -1967.670036405     -2.75e-03      9.04e-03        0.03
  14     -1967.670096127     -5.97e-05      7.04e-03        0.03
  15     -1967.670160517     -6.44e-05      4.45e-03        0.03
  16     -1967.670196265     -3.57e-05      3.28e-03        0.03
  17     -1967.670224153     -2.79e-05      2.02e-03        0.03
  18     -1967.670232442     -8.29e-06      1.95e-03        0.04
  19     -1967.670235193     -2.75e-06      1.92e-03        0.03
  20     -1967.670238838     -3.64e-06      1.92e-03        0.03
  21     -1967.670260444     -2.16e-05      1.88e-03        0.03
  22     -1967.670298744     -3.83e-05      1.84e-03        0.03
  23     -1967.670297983      7.61e-07      1.81e-03        0.03
  24     -1967.670422075     -1.24e-04      2.08e-02        0.03
  25     -1967.670430324     -8.25e-06      9.22e-03        0.03
  26     -1967.670432781     -2.46e-06      8.93e-03        0.03
  27     -1967.670436047     -3.27e-06      2.90e-03        0.03
  28     -1967.670439496     -3.45e-06      2.22e-02        0.03
  29     -1967.670407626      3.19e-05      2.65e-02        0.03
  30     -1967.670416670     -9.04e-06      2.54e-02        0.03
  31     -1967.670342760      7.39e-05      3.39e-02        0.03
  32     -1967.670488113     -1.45e-04      1.15e-02        0.03
  33     -1967.670511611     -2.35e-05      6.01e-03        0.04
  34     -1967.670523244     -1.16e-05      2.30e-03        0.05
  35     -1967.670526966     -3.72e-06      1.68e-03        0.03
  36     -1967.670528022     -1.06e-06      1.43e-04        0.03
  37     -1967.670528022     -7.62e-11      2.47e-04        0.03
  38     -1967.670528033     -1.08e-08      1.10e-05        0.03
  39     -1967.670528034     -8.18e-10      3.74e-05        0.03
  40     -1967.670528034     -2.28e-10      7.80e-06        0.03

 SCF converged in 40 iterations.


 --------------------------------
  Double Hybrid MP2 Contribution 
 --------------------------------
 Method:                                 pre_transformed_df
 Density-fitting basis set:              def2-tzvp-ri
 Opposite-spin scale factor:             0.520000000
 Same-spin scale factor:                 0.000000000

 Unrestricted MP2 calculation:           
 Core spatial orbitals:                 10
 Correlated alpha orbitals:             13
 Correlated beta orbitals:              12
 Virtual alpha orbitals:               120
 Virtual beta orbitals:                121

 Reference Energy:                   -1967.670528034
 Opposite spin contribution:            -0.405579366
 Same spin contribution:                -0.000000000
 Total scaled MP2 contribution:         -0.405579366

 Dipole moment (in Debye):              -0.000000      -0.000000      -5.834130

 Quadrupole moment (in Debye-Angstrom):
                  1            2            3
 1       -25.909963    -0.000282    -0.000001
 2        -0.000282   -25.909963    -0.000001
 3        -0.000001    -0.000001   -24.578601

 Spin-squared expectation <S^2>:         0.789
 Total spin quantum number S:            0.519
 TOTAL ENERGY:                       -1968.076107401

 --------------------------------------------------------------------------------

 End time:                               Wed Jun  2 11:54:39 2021
 Total wall-clock time:                  4.116 seconds
==================================================================================
