
================================================================================
          _____________ ________ _______________ ________     _________         
         / ___________// ______ \\_____   _____// ______ \   / ________)        
        / /_________  / /      \ \     | |     / /      \ \ | (_______          
       |  __________|| |        | |    | |    | |        | | \________ \        
        \ \_________ | |        | |    | |     \ \______/ /___________) |       
         \__________||_|        |_|    |_|      \________//____________/        
                                                                                
====================================[ Qcore ]===================================

 Git hash:   15a3e7daff0cda5fa9af010ccd19a80288182ecf
 Git date:   Fri, 16 Apr 2021 15:57:16 +0100
 Compiler:   GNU 9.1.0
 Build type: Release
 Version:    1.1.0

 Start time: Wed Jun  2 11:54:58 2021

 Data directory: /work/zw18965/.local/qcore/share/entos/1.1.0/data
 Number of threads: 24
 Number of threads was determined by: command line argument

 --------------------------------------------------------------------------------
                                   command: dft                                  
 --------------------------------------------------------------------------------
 AO basis set:                           aug-cc-pvtz
 Number of AO basis functions:         139

 Formula:                                FCu
 Nuclear charge:                        38.000000000
 Total charge:                           0.000000000
 Number of electrons:                   38.000000000

 Number of alpha electrons:             19
 Number of beta electrons:              19
 Number of unpaired electrons:           0
 Spin:                                   0
 Multiplicity:                           singlet

 Theory:                                 dft
 Exchange-correlation functional:        0.35 b88 + 0.58 lyp
 Method for Coulomb:                     incore_df
 Method for exact exchange:              pre_transformed_df
 Integral threshold:                     1.00e-12
 DF basis set:                           def2-tzvp-jkfit(spdfghi)
 Number of DF basis functions:         341
 Schwarz screening threshold:            1.00e-10
 Coulomb fitting method:                 Cholesky
 Total number of grid points:        14748
 Method for AO orthogonalization:        symmetric
 Threshold for linear dependence:        1.00e-08
 D3BJ dispersion energy:                -0.001498937

 -------------------------------------
  Running restricted closed-shell SCF 
 -------------------------------------
 Max number of iterations:             128
 Conv. threshold (gradient):             1.00e-05
 Conv. threshold (energy):               1.00e-06
 Interpolation scheme:                   adiis+cdiis
 Initial guess:                          H0

 ---------------------------------------------------------------
                  energy        change          grad        time
 ---------------------------------------------------------------
   0     -1491.704034270                    3.65e+01        0.03
   1     -1509.722113985     -1.80e+01      2.17e+01        0.02
   2     -1628.377160251     -1.19e+02      3.61e+01        0.02
   3     -1731.696979023     -1.03e+02      1.16e+01        0.02
   4     -1728.591868535      3.11e+00      1.09e+01        0.02
   5     -1739.229192544     -1.06e+01      2.22e+00        0.02
   6     -1738.628086789      6.01e-01      3.27e+00        0.02
   7     -1739.551512433     -9.23e-01      6.53e-01        0.03
   8     -1739.546251446      5.26e-03      5.70e-01        0.03
   9     -1739.570972304     -2.47e-02      1.37e-01        0.02
  10     -1739.569927564      1.04e-03      1.75e-01        0.02
  11     -1739.572116915     -2.19e-03      2.58e-02        0.02
  12     -1739.572241917     -1.25e-04      2.90e-02        0.02
  13     -1739.572370095     -1.28e-04      2.45e-03        0.02
  14     -1739.572371450     -1.35e-06      7.48e-04        0.02
  15     -1739.572371523     -7.36e-08      1.64e-04        0.02
  16     -1739.572371527     -3.11e-09      2.68e-05        0.02
  17     -1739.572371527     -1.40e-10      8.29e-06        0.01

 SCF converged in 17 iterations.


 --------------------------------
  Double Hybrid MP2 Contribution 
 --------------------------------
 Method:                                 pre_transformed_df
 Density-fitting basis set:              def2-tzvp-ri
 Opposite-spin scale factor:             0.520000000
 Same-spin scale factor:                 0.000000000

 Restricted MP2 calculation:             
 Core orbitals:                          6
 Correlated orbitals:                   13
 Virtual orbitals:                     120

 Reference Energy:                   -1739.572371527
 Opposite spin contribution:            -0.475956105
 Same spin contribution:                -0.000000000
 Total scaled MP2 contribution:         -0.475956105

 Dipole moment (in Debye):              -0.000000      -0.000000      -5.870721

 Quadrupole moment (in Debye-Angstrom):
                  1            2            3
 1       -16.258165     0.000000    -0.000000
 2         0.000000   -16.258165    -0.000000
 3        -0.000000    -0.000000   -19.872468

 Spin-squared expectation <S^2>:         0.000
 Total spin quantum number S:            0.000
 TOTAL ENERGY:                       -1740.048327631

 --------------------------------------------------------------------------------

 End time:                               Wed Jun  2 11:55:01 2021
 Total wall-clock time:                  3.096 seconds
==================================================================================
