
================================================================================
          _____________ ________ _______________ ________     _________         
         / ___________// ______ \\_____   _____// ______ \   / ________)        
        / /_________  / /      \ \     | |     / /      \ \ | (_______          
       |  __________|| |        | |    | |    | |        | | \________ \        
        \ \_________ | |        | |    | |     \ \______/ /___________) |       
         \__________||_|        |_|    |_|      \________//____________/        
                                                                                
====================================[ Qcore ]===================================

 Git hash:   15a3e7daff0cda5fa9af010ccd19a80288182ecf
 Git date:   Fri, 16 Apr 2021 15:57:16 +0100
 Compiler:   GNU 9.1.0
 Build type: Release
 Version:    1.1.0

 Start time: Wed Jun  2 11:55:09 2021

 Data directory: /work/zw18965/.local/qcore/share/entos/1.1.0/data
 Number of threads: 24
 Number of threads was determined by: command line argument

 --------------------------------------------------------------------------------
                                   command: dft                                  
 --------------------------------------------------------------------------------
 AO basis set:                           aug-cc-pvtz
 Number of AO basis functions:         139

 Formula:                                OCu
 Nuclear charge:                        37.000000000
 Total charge:                           0.000000000
 Number of electrons:                   37.000000000

 Number of alpha electrons:             19
 Number of beta electrons:              18
 Number of unpaired electrons:           1
 Spin:                                   1
 Multiplicity:                           doublet

 Theory:                                 dft
 Exchange-correlation functional:        0.35 b88 + 0.58 lyp
 Method for Coulomb:                     incore_df
 Method for exact exchange:              pre_transformed_df
 Integral threshold:                     1.00e-12
 DF basis set:                           def2-tzvp-jkfit(spdfghi)
 Number of DF basis functions:         341
 Schwarz screening threshold:            1.00e-10
 Coulomb fitting method:                 Cholesky
 Total number of grid points:        14880
 Method for AO orthogonalization:        symmetric
 Threshold for linear dependence:        1.00e-08
 D3BJ dispersion energy:                -0.002196042

 -------------------------------------
  Running unrestricted open-shell SCF 
 -------------------------------------
 Max number of iterations:             128
 Conv. threshold (gradient):             1.00e-05
 Conv. threshold (energy):               1.00e-06
 Interpolation scheme:                   adiis+cdiis
 Initial guess:                          H0

 ---------------------------------------------------------------
                  energy        change          grad        time
 ---------------------------------------------------------------
   0     -1496.005412015                    1.73e+01        0.03
   1     -1506.257044606     -1.03e+01      1.00e+01        0.03
   2     -1620.641414244     -1.14e+02      1.83e+01        0.03
   3     -1707.971806318     -8.73e+01      6.35e+00        0.03
   4     -1706.701107138      1.27e+00      5.09e+00        0.03
   5     -1713.707032283     -7.01e+00      2.05e+00        0.03
   6     -1709.420374605      4.29e+00      2.61e+00        0.03
   7     -1714.381137064     -4.96e+00      1.42e+00        0.04
   8     -1714.675939684     -2.95e-01      9.79e-01        0.03
   9     -1714.800779628     -1.25e-01      4.21e-01        0.03
  10     -1714.844637148     -4.39e-02      2.95e-01        0.04
  11     -1714.862121683     -1.75e-02      2.20e-01        0.04
  12     -1714.868460493     -6.34e-03      1.59e-01        0.04
  13     -1714.872115959     -3.66e-03      1.59e-01        0.04
  14     -1714.874087364     -1.97e-03      1.07e-01        0.04
  15     -1714.876056260     -1.97e-03      7.16e-02        0.04
  16     -1714.876615059     -5.59e-04      4.03e-02        0.04
  17     -1714.877118409     -5.03e-04      1.52e-03        0.03
  18     -1714.877119742     -1.33e-06      8.17e-04        0.03
  19     -1714.877120020     -2.77e-07      5.87e-04        0.04
  20     -1714.877120181     -1.61e-07      2.53e-04        0.04
  21     -1714.877120233     -5.23e-08      1.54e-04        0.03
  22     -1714.877120264     -3.09e-08      1.11e-04        0.03
  23     -1714.877120282     -1.81e-08      5.35e-05        0.03
  24     -1714.877120286     -3.54e-09      2.03e-05        0.03
  25     -1714.877120286     -5.18e-10      1.14e-05        0.03
  26     -1714.877120287     -9.55e-11      3.53e-06        0.03

 SCF converged in 26 iterations.


 --------------------------------
  Double Hybrid MP2 Contribution 
 --------------------------------
 Method:                                 pre_transformed_df
 Density-fitting basis set:              def2-tzvp-ri
 Opposite-spin scale factor:             0.520000000
 Same-spin scale factor:                 0.000000000

 Unrestricted MP2 calculation:           
 Core spatial orbitals:                  6
 Correlated alpha orbitals:             13
 Correlated beta orbitals:              12
 Virtual alpha orbitals:               120
 Virtual beta orbitals:                121

 Reference Energy:                   -1714.877120287
 Opposite spin contribution:            -0.454306233
 Same spin contribution:                -0.000000000
 Total scaled MP2 contribution:         -0.454306233

 Dipole moment (in Debye):              -0.000000      -0.000000      -5.290890

 Quadrupole moment (in Debye-Angstrom):
                  1            2            3
 1       -17.233617    -0.793888    -0.000000
 2        -0.793888   -17.233865    -0.000000
 3        -0.000000    -0.000000   -20.370137

 Spin-squared expectation <S^2>:         0.770
 Total spin quantum number S:            0.510
 TOTAL ENERGY:                       -1715.331426519

 --------------------------------------------------------------------------------

 End time:                               Wed Jun  2 11:55:13 2021
 Total wall-clock time:                  3.467 seconds
==================================================================================
