
================================================================================
          _____________ ________ _______________ ________     _________         
         / ___________// ______ \\_____   _____// ______ \   / ________)        
        / /_________  / /      \ \     | |     / /      \ \ | (_______          
       |  __________|| |        | |    | |    | |        | | \________ \        
        \ \_________ | |        | |    | |     \ \______/ /___________) |       
         \__________||_|        |_|    |_|      \________//____________/        
                                                                                
====================================[ Qcore ]===================================

 Git hash:   15a3e7daff0cda5fa9af010ccd19a80288182ecf
 Git date:   Fri, 16 Apr 2021 15:57:16 +0100
 Compiler:   GNU 9.1.0
 Build type: Release
 Version:    1.1.0

 Start time: Wed Jun  2 11:55:21 2021

 Data directory: /work/zw18965/.local/qcore/share/entos/1.1.0/data
 Number of threads: 24
 Number of threads was determined by: command line argument

 --------------------------------------------------------------------------------
                                   command: dft                                  
 --------------------------------------------------------------------------------
 AO basis set:                           aug-cc-pvtz
 Number of AO basis functions:         139

 Formula:                                FZn
 Nuclear charge:                        39.000000000
 Total charge:                           0.000000000
 Number of electrons:                   39.000000000

 Number of alpha electrons:             20
 Number of beta electrons:              19
 Number of unpaired electrons:           1
 Spin:                                   1
 Multiplicity:                           doublet

 Theory:                                 dft
 Exchange-correlation functional:        0.35 b88 + 0.58 lyp
 Method for Coulomb:                     incore_df
 Method for exact exchange:              pre_transformed_df
 Integral threshold:                     1.00e-12
 DF basis set:                           def2-tzvp-jkfit(spdfghi)
 Number of DF basis functions:         341
 Schwarz screening threshold:            1.00e-10
 Coulomb fitting method:                 Cholesky
 Total number of grid points:        14748
 Method for AO orthogonalization:        symmetric
 Threshold for linear dependence:        1.00e-08
 D3BJ dispersion energy:                -0.001641324

 -------------------------------------
  Running unrestricted open-shell SCF 
 -------------------------------------
 Max number of iterations:             128
 Conv. threshold (gradient):             1.00e-05
 Conv. threshold (energy):               1.00e-06
 Interpolation scheme:                   adiis+cdiis
 Initial guess:                          H0

 ---------------------------------------------------------------
                  energy        change          grad        time
 ---------------------------------------------------------------
   0     -1591.199058339                    2.06e+01        0.03
   1     -1618.765302487     -2.76e+01      1.07e+01        0.03
   2     -1755.264740039     -1.36e+02      2.05e+01        0.03
   3     -1871.692654017     -1.16e+02      6.06e+00        0.04
   4     -1872.849176933     -1.16e+00      4.49e+00        0.03
   5     -1878.060834674     -5.21e+00      1.38e+00        0.03
   6     -1877.811524700      2.49e-01      1.35e+00        0.03
   7     -1878.436752334     -6.25e-01      1.79e-01        0.03
   8     -1878.436570975      1.81e-04      2.64e-01        0.04
   9     -1878.451713252     -1.51e-02      6.48e-02        0.04
  10     -1878.452512668     -7.99e-04      8.12e-02        0.04
  11     -1878.454718282     -2.21e-03      1.17e-02        0.03
  12     -1878.454745986     -2.77e-05      3.38e-03        0.03
  13     -1878.454749918     -3.93e-06      5.89e-04        0.03
  14     -1878.454750240     -3.22e-07      2.22e-04        0.03
  15     -1878.454750265     -2.53e-08      5.62e-05        0.03
  16     -1878.454750267     -1.28e-09      1.33e-05        0.03
  17     -1878.454750267     -8.03e-11      4.50e-06        0.03

 SCF converged in 17 iterations.


 --------------------------------
  Double Hybrid MP2 Contribution 
 --------------------------------
 Method:                                 pre_transformed_df
 Density-fitting basis set:              def2-tzvp-ri
 Opposite-spin scale factor:             0.520000000
 Same-spin scale factor:                 0.000000000

 Unrestricted MP2 calculation:           
 Core spatial orbitals:                  6
 Correlated alpha orbitals:             14
 Correlated beta orbitals:              13
 Virtual alpha orbitals:               119
 Virtual beta orbitals:                120

 Reference Energy:                   -1878.454750267
 Opposite spin contribution:            -0.453622372
 Same spin contribution:                -0.000000000
 Total scaled MP2 contribution:         -0.453622372

 Dipole moment (in Debye):              -0.000000      -0.000000      -3.366148

 Quadrupole moment (in Debye-Angstrom):
                  1            2            3
 1       -17.629585     0.000000    -0.000000
 2         0.000000   -17.629585    -0.000000
 3        -0.000000    -0.000000   -25.128233

 Spin-squared expectation <S^2>:         0.753
 Total spin quantum number S:            0.501
 TOTAL ENERGY:                       -1878.908372639

 --------------------------------------------------------------------------------

 End time:                               Wed Jun  2 11:55:24 2021
 Total wall-clock time:                  3.426 seconds
==================================================================================
