
================================================================================
          _____________ ________ _______________ ________     _________         
         / ___________// ______ \\_____   _____// ______ \   / ________)        
        / /_________  / /      \ \     | |     / /      \ \ | (_______          
       |  __________|| |        | |    | |    | |        | | \________ \        
        \ \_________ | |        | |    | |     \ \______/ /___________) |       
         \__________||_|        |_|    |_|      \________//____________/        
                                                                                
====================================[ Qcore ]===================================

 Git hash:   15a3e7daff0cda5fa9af010ccd19a80288182ecf
 Git date:   Fri, 16 Apr 2021 15:57:16 +0100
 Compiler:   GNU 9.1.0
 Build type: Release
 Version:    1.1.0

 Start time: Wed Jun  2 11:55:24 2021

 Data directory: /work/zw18965/.local/qcore/share/entos/1.1.0/data
 Number of threads: 24
 Number of threads was determined by: command line argument

 --------------------------------------------------------------------------------
                                   command: dft                                  
 --------------------------------------------------------------------------------
 AO basis set:                           aug-cc-pvtz
 Number of AO basis functions:         143

 Formula:                                ClZn
 Nuclear charge:                        47.000000000
 Total charge:                           0.000000000
 Number of electrons:                   47.000000000

 Number of alpha electrons:             24
 Number of beta electrons:              23
 Number of unpaired electrons:           1
 Spin:                                   1
 Multiplicity:                           doublet

 Theory:                                 dft
 Exchange-correlation functional:        0.35 b88 + 0.58 lyp
 Method for Coulomb:                     incore_df
 Method for exact exchange:              pre_transformed_df
 Integral threshold:                     1.00e-12
 DF basis set:                           def2-tzvp-jkfit(spdfghi)
 Number of DF basis functions:         392
 Schwarz screening threshold:            1.00e-10
 Coulomb fitting method:                 Cholesky
 Total number of grid points:        15430
 Method for AO orthogonalization:        symmetric
 Threshold for linear dependence:        1.00e-08
 D3BJ dispersion energy:                -0.005829626

 -------------------------------------
  Running unrestricted open-shell SCF 
 -------------------------------------
 Max number of iterations:             128
 Conv. threshold (gradient):             1.00e-05
 Conv. threshold (energy):               1.00e-06
 Interpolation scheme:                   adiis+cdiis
 Initial guess:                          H0

 ---------------------------------------------------------------
                  energy        change          grad        time
 ---------------------------------------------------------------
   0     -1956.830717751                    2.18e+01        0.06
   1     -1978.491422861     -2.17e+01      1.07e+01        0.03
   2     -1867.240973161      1.11e+02      2.37e+01        0.03
   3     -2217.829624124     -3.51e+02      7.93e+00        0.03
   4     -2174.423643220      4.34e+01      6.90e+00        0.03
   5     -2238.134541199     -6.37e+01      1.00e+00        0.03
   6     -2238.118595305      1.59e-02      9.01e-01        0.03
   7     -2238.703067342     -5.84e-01      2.26e-01        0.03
   8     -2238.694011642      9.06e-03      2.83e-01        0.03
   9     -2238.717439502     -2.34e-02      2.70e-02        0.04
  10     -2238.717558467     -1.19e-04      2.48e-02        0.04
  11     -2238.717754085     -1.96e-04      1.67e-03        0.03
  12     -2238.717757098     -3.01e-06      5.93e-04        0.03
  13     -2238.717757347     -2.48e-07      1.84e-04        0.03
  14     -2238.717757361     -1.45e-08      3.85e-05        0.03
  15     -2238.717757363     -1.70e-09      1.12e-05        0.03
  16     -2238.717757363     -1.49e-10      3.36e-06        0.03

 SCF converged in 16 iterations.


 --------------------------------
  Double Hybrid MP2 Contribution 
 --------------------------------
 Method:                                 pre_transformed_df
 Density-fitting basis set:              def2-tzvp-ri
 Opposite-spin scale factor:             0.520000000
 Same-spin scale factor:                 0.000000000

 Unrestricted MP2 calculation:           
 Core spatial orbitals:                 10
 Correlated alpha orbitals:             14
 Correlated beta orbitals:              13
 Virtual alpha orbitals:               119
 Virtual beta orbitals:                120

 Reference Energy:                   -2238.717757363
 Opposite spin contribution:            -0.423331014
 Same spin contribution:                -0.000000000
 Total scaled MP2 contribution:         -0.423331014

 Dipole moment (in Debye):              -0.000000      -0.000000      -3.128229

 Quadrupole moment (in Debye-Angstrom):
                  1            2            3
 1       -26.510006    -0.000000     0.000000
 2        -0.000000   -26.510006     0.000000
 3         0.000000     0.000000   -30.864253

 Spin-squared expectation <S^2>:         0.753
 Total spin quantum number S:            0.502
 TOTAL ENERGY:                       -2239.141088377

 --------------------------------------------------------------------------------

 End time:                               Wed Jun  2 11:55:28 2021
 Total wall-clock time:                  3.611 seconds
==================================================================================
