
================================================================================
          _____________ ________ _______________ ________     _________         
         / ___________// ______ \\_____   _____// ______ \   / ________)        
        / /_________  / /      \ \     | |     / /      \ \ | (_______          
       |  __________|| |        | |    | |    | |        | | \________ \        
        \ \_________ | |        | |    | |     \ \______/ /___________) |       
         \__________||_|        |_|    |_|      \________//____________/        
                                                                                
====================================[ Qcore ]===================================

 Git hash:   15a3e7daff0cda5fa9af010ccd19a80288182ecf
 Git date:   Fri, 16 Apr 2021 15:57:16 +0100
 Compiler:   GNU 9.1.0
 Build type: Release
 Version:    1.1.0

 Start time: Wed Jun  2 11:55:28 2021

 Data directory: /work/zw18965/.local/qcore/share/entos/1.1.0/data
 Number of threads: 24
 Number of threads was determined by: command line argument

 --------------------------------------------------------------------------------
                                   command: dft                                  
 --------------------------------------------------------------------------------
 AO basis set:                           aug-cc-pvtz
 Number of AO basis functions:         152

 Formula:                                ZnBr
 Nuclear charge:                        65.000000000
 Total charge:                           0.000000000
 Number of electrons:                   65.000000000

 Number of alpha electrons:             33
 Number of beta electrons:              32
 Number of unpaired electrons:           1
 Spin:                                   1
 Multiplicity:                           doublet

 Theory:                                 dft
 Exchange-correlation functional:        0.35 b88 + 0.58 lyp
 Method for Coulomb:                     incore_df
 Method for exact exchange:              pre_transformed_df
 Integral threshold:                     1.00e-12
 DF basis set:                           def2-tzvp-jkfit(spdfghi)
 Number of DF basis functions:         530
 Schwarz screening threshold:            1.00e-10
 Coulomb fitting method:                 Cholesky
 Total number of grid points:        16100
 Method for AO orthogonalization:        symmetric
 Threshold for linear dependence:        1.00e-08
 D3BJ dispersion energy:                -0.007350165

 -------------------------------------
  Running unrestricted open-shell SCF 
 -------------------------------------
 Max number of iterations:             128
 Conv. threshold (gradient):             1.00e-05
 Conv. threshold (energy):               1.00e-06
 Interpolation scheme:                   adiis+cdiis
 Initial guess:                          H0

 ---------------------------------------------------------------
                  energy        change          grad        time
 ---------------------------------------------------------------
   0     -4125.548095658                    2.85e+01        0.06
   1     -4127.331965100     -1.78e+00      1.06e+01        0.04
   2     -3576.236031522      5.51e+02      1.66e+01        0.04
   3     -4314.622772739     -7.38e+02      9.28e+00        0.04
   4     -4308.669843981      5.95e+00      7.49e+00        0.04
   5     -4351.244156733     -4.26e+01      1.61e+00        0.04
   6     -4349.871432567      1.37e+00      3.59e+00        0.04
   7     -4352.240810545     -2.37e+00      2.20e-01        0.04
   8     -4352.247126381     -6.32e-03      2.11e-01        0.04
   9     -4352.264806143     -1.77e-02      9.97e-02        0.05
  10     -4352.264333419      4.73e-04      1.03e-01        0.05
  11     -4352.268118767     -3.79e-03      6.98e-03        0.04
  12     -4352.268191912     -7.31e-05      3.15e-03        0.04
  13     -4352.268201371     -9.46e-06      1.20e-03        0.04
  14     -4352.268202925     -1.55e-06      4.16e-04        0.04
  15     -4352.268203093     -1.67e-07      1.05e-04        0.04
  16     -4352.268203103     -1.01e-08      2.10e-05        0.04
  17     -4352.268203103     -6.68e-10      6.64e-06        0.04

 SCF converged in 17 iterations.


 --------------------------------
  Double Hybrid MP2 Contribution 
 --------------------------------
 Method:                                 pre_transformed_df
 Density-fitting basis set:              def2-tzvp-ri
 Opposite-spin scale factor:             0.520000000
 Same-spin scale factor:                 0.000000000

 Unrestricted MP2 calculation:           
 Core spatial orbitals:                 14
 Correlated alpha orbitals:             19
 Correlated beta orbitals:              18
 Virtual alpha orbitals:               119
 Virtual beta orbitals:                120

 Reference Energy:                   -4352.268203103
 Opposite spin contribution:            -0.433213190
 Same spin contribution:                -0.000000000
 Total scaled MP2 contribution:         -0.433213190

 Dipole moment (in Debye):               0.000000       0.000000      -3.004324

 Quadrupole moment (in Debye-Angstrom):
                  1            2            3
 1       -32.679964     0.000000    -0.000000
 2         0.000000   -32.679964    -0.000000
 3        -0.000000    -0.000000   -33.730273

 Spin-squared expectation <S^2>:         0.754
 Total spin quantum number S:            0.502
 TOTAL ENERGY:                       -4352.701416293

 --------------------------------------------------------------------------------

 End time:                               Wed Jun  2 11:55:33 2021
 Total wall-clock time:                  5.102 seconds
==================================================================================
