
================================================================================
          _____________ ________ _______________ ________     _________         
         / ___________// ______ \\_____   _____// ______ \   / ________)        
        / /_________  / /      \ \     | |     / /      \ \ | (_______          
       |  __________|| |        | |    | |    | |        | | \________ \        
        \ \_________ | |        | |    | |     \ \______/ /___________) |       
         \__________||_|        |_|    |_|      \________//____________/        
                                                                                
====================================[ Qcore ]===================================

 Git hash:   15a3e7daff0cda5fa9af010ccd19a80288182ecf
 Git date:   Fri, 16 Apr 2021 15:57:16 +0100
 Compiler:   GNU 9.1.0
 Build type: Release
 Version:    1.1.0

 Start time: Wed Jun  2 11:55:58 2021

 Data directory: /work/zw18965/.local/qcore/share/entos/1.1.0/data
 Number of threads: 24
 Number of threads was determined by: command line argument

 --------------------------------------------------------------------------------
                                   command: dft                                  
 --------------------------------------------------------------------------------
 AO basis set:                           aug-cc-pvtz
 Number of AO basis functions:          93

 Formula:                                Cu
 Nuclear charge:                        29.000000000
 Total charge:                           0.000000000
 Number of electrons:                   29.000000000

 Number of alpha electrons:             15
 Number of beta electrons:              14
 Number of unpaired electrons:           1
 Spin:                                   1
 Multiplicity:                           doublet

 Theory:                                 dft
 Exchange-correlation functional:        0.35 b88 + 0.58 lyp
 Method for Coulomb:                     incore_df
 Method for exact exchange:              pre_transformed_df
 Integral threshold:                     1.00e-12
 DF basis set:                           def2-tzvp-jkfit(spdfghi)
 Number of DF basis functions:         264
 Schwarz screening threshold:            1.00e-10
 Coulomb fitting method:                 Cholesky
 Total number of grid points:         7936
 Method for AO orthogonalization:        symmetric
 Threshold for linear dependence:        1.00e-08
 D3BJ dispersion energy:                 0.000000000

 -------------------------------------
  Running unrestricted open-shell SCF 
 -------------------------------------
 Max number of iterations:             128
 Conv. threshold (gradient):             1.00e-05
 Conv. threshold (energy):               1.00e-06
 Interpolation scheme:                   adiis+cdiis
 Initial guess:                          H0

 ---------------------------------------------------------------
                  energy        change          grad        time
 ---------------------------------------------------------------
   0     -1548.989014755                    9.47e+00        0.02
   1     -1497.914527726      5.11e+01      1.38e+01        0.01
   2     -1598.664290418     -1.01e+02      6.14e+00        0.01
   3     -1635.558793753     -3.69e+01      2.52e+00        0.01
   4     -1634.229037652      1.33e+00      3.01e+00        0.01
   5     -1639.838369858     -5.61e+00      1.45e-01        0.01
   6     -1639.814740079      2.36e-02      2.43e-01        0.01
   7     -1639.853389599     -3.86e-02      3.34e-02        0.01
   8     -1639.852067740      1.32e-03      5.92e-02        0.01
   9     -1639.854381177     -2.31e-03      1.53e-03        0.01
  10     -1639.854384319     -3.14e-06      2.03e-04        0.01
  11     -1639.854384399     -7.98e-08      1.61e-04        0.01
  12     -1639.854384432     -3.34e-08      6.25e-05        0.01
  13     -1639.854384439     -6.98e-09      1.56e-05        0.01
  14     -1639.854384440     -6.70e-10      2.21e-06        0.01

 SCF converged in 14 iterations.


 --------------------------------
  Double Hybrid MP2 Contribution 
 --------------------------------
 Method:                                 pre_transformed_df
 Density-fitting basis set:              def2-tzvp-ri
 Opposite-spin scale factor:             0.520000000
 Same-spin scale factor:                 0.000000000

 Unrestricted MP2 calculation:           
 Core spatial orbitals:                  5
 Correlated alpha orbitals:             10
 Correlated beta orbitals:               9
 Virtual alpha orbitals:                78
 Virtual beta orbitals:                 79

 Reference Energy:                   -1639.854384440
 Opposite spin contribution:            -0.349919680
 Same spin contribution:                -0.000000000
 Total scaled MP2 contribution:         -0.349919680

 Dipole moment (in Debye):               0.000000       0.000000       0.000000

 Quadrupole moment (in Debye-Angstrom):
                  1            2            3
 1       -14.117425    -0.000000     0.000000
 2        -0.000000   -14.117425    -0.000000
 3         0.000000    -0.000000   -14.117426

 Spin-squared expectation <S^2>:         0.751
 Total spin quantum number S:            0.501
 TOTAL ENERGY:                       -1640.204304120

 --------------------------------------------------------------------------------

 End time:                               Wed Jun  2 11:56:00 2021
 Total wall-clock time:                  1.891 seconds
==================================================================================
