
================================================================================
          _____________ ________ _______________ ________     _________         
         / ___________// ______ \\_____   _____// ______ \   / ________)        
        / /_________  / /      \ \     | |     / /      \ \ | (_______          
       |  __________|| |        | |    | |    | |        | | \________ \        
        \ \_________ | |        | |    | |     \ \______/ /___________) |       
         \__________||_|        |_|    |_|      \________//____________/        
                                                                                
====================================[ Qcore ]===================================

 Git hash:   15a3e7daff0cda5fa9af010ccd19a80288182ecf
 Git date:   Fri, 16 Apr 2021 15:57:16 +0100
 Compiler:   GNU 9.1.0
 Build type: Release
 Version:    1.1.0

 Start time: Wed Jun  2 11:56:05 2021

 Data directory: /work/zw18965/.local/qcore/share/entos/1.1.0/data
 Number of threads: 24
 Number of threads was determined by: command line argument

 --------------------------------------------------------------------------------
                                   command: dft                                  
 --------------------------------------------------------------------------------
 AO basis set:                           aug-cc-pvtz
 Number of AO basis functions:          50

 Formula:                                S
 Nuclear charge:                        16.000000000
 Total charge:                           0.000000000
 Number of electrons:                   16.000000000

 Number of alpha electrons:              9
 Number of beta electrons:               7
 Number of unpaired electrons:           2
 Spin:                                   2
 Multiplicity:                           triplet

 Theory:                                 dft
 Exchange-correlation functional:        0.35 b88 + 0.58 lyp
 Method for Coulomb:                     incore_df
 Method for exact exchange:              pre_transformed_df
 Integral threshold:                     1.00e-12
 DF basis set:                           def2-tzvp-jkfit(spdfghi)
 Number of DF basis functions:         128
 Schwarz screening threshold:            1.00e-10
 Coulomb fitting method:                 Cholesky
 Total number of grid points:         7350
 Method for AO orthogonalization:        symmetric
 Threshold for linear dependence:        1.00e-08
 D3BJ dispersion energy:                 0.000000000

 -------------------------------------
  Running unrestricted open-shell SCF 
 -------------------------------------
 Max number of iterations:             128
 Conv. threshold (gradient):             1.00e-05
 Conv. threshold (energy):               1.00e-06
 Interpolation scheme:                   adiis+cdiis
 Initial guess:                          SAD

 ---------------------------------------------------------------
                  energy        change          grad        time
 ---------------------------------------------------------------
   0      -397.648818536                    1.31e-02        0.01
   1      -397.857923850     -2.09e-01      8.42e-02        0.01
   2      -397.865997364     -8.07e-03      4.21e-02        0.01
   3      -397.866712438     -7.15e-04      9.91e-03        0.01
   4      -397.866799922     -8.75e-05      1.76e-03        0.01
   5      -397.866803050     -3.13e-06      2.18e-04        0.01
   6      -397.866803108     -5.81e-08      3.73e-05        0.01
   7      -397.866803109     -1.52e-09      7.15e-06        0.01

 SCF converged in 7 iterations.


 --------------------------------
  Double Hybrid MP2 Contribution 
 --------------------------------
 Method:                                 pre_transformed_df
 Density-fitting basis set:              def2-tzvp-ri
 Opposite-spin scale factor:             0.520000000
 Same-spin scale factor:                 0.000000000

 Unrestricted MP2 calculation:           
 Core spatial orbitals:                  5
 Correlated alpha orbitals:              4
 Correlated beta orbitals:               2
 Virtual alpha orbitals:                41
 Virtual beta orbitals:                 43

 Reference Energy:                    -397.866803109
 Opposite spin contribution:            -0.055202428
 Same spin contribution:                -0.000000000
 Total scaled MP2 contribution:         -0.055202428

 Dipole moment (in Debye):               0.000000      -0.000000       0.000000

 Quadrupole moment (in Debye-Angstrom):
                  1            2            3
 1       -12.140764    -0.000000    -0.000000
 2        -0.000000   -15.006638    -0.000000
 3        -0.000000    -0.000000   -12.140764

 Spin-squared expectation <S^2>:         2.008
 Total spin quantum number S:            1.003
 TOTAL ENERGY:                        -397.922005538

 --------------------------------------------------------------------------------

 End time:                               Wed Jun  2 11:56:06 2021
 Total wall-clock time:                  0.431 seconds
==================================================================================
