
================================================================================
          _____________ ________ _______________ ________     _________         
         / ___________// ______ \\_____   _____// ______ \   / ________)        
        / /_________  / /      \ \     | |     / /      \ \ | (_______          
       |  __________|| |        | |    | |    | |        | | \________ \        
        \ \_________ | |        | |    | |     \ \______/ /___________) |       
         \__________||_|        |_|    |_|      \________//____________/        
                                                                                
====================================[ Qcore ]===================================

 Git hash:   15a3e7daff0cda5fa9af010ccd19a80288182ecf
 Git date:   Fri, 16 Apr 2021 15:57:16 +0100
 Compiler:   GNU 9.1.0
 Build type: Release
 Version:    1.1.0

 Start time: Wed Jun  2 11:53:25 2021

 Data directory: /work/zw18965/.local/qcore/share/entos/1.1.0/data
 Number of threads: 24
 Number of threads was determined by: command line argument
  - More threads can be used by running 'qcore -n 32'

 --------------------------------------------------------------------------------
                                   command: dft                                  
 --------------------------------------------------------------------------------
 AO basis set:                           aug-cc-pvtz
 Number of AO basis functions:         143

 Formula:                                ClTi
 Nuclear charge:                        39.000000000
 Total charge:                           0.000000000
 Number of electrons:                   39.000000000

 Number of alpha electrons:             21
 Number of beta electrons:              18
 Number of unpaired electrons:           3
 Spin:                                   3
 Multiplicity:                           quartet

 Theory:                                 dft
 Exchange-correlation functional:        wb97x

 Using range separated hybrid functional
 Range separation parameter:             0.300000000
 Short range exact exchange:             0.263800000
 Total long range exact exchange:        1.000000000

 Method for Coulomb:                     incore_df
 Method for exact exchange:              pre_transformed_df
 Integral threshold:                     1.00e-12
 DF basis set:                           def2-tzvp-jkfit(spdfghi)
 Number of DF basis functions:         392
 Schwarz screening threshold:            1.00e-10
 Coulomb fitting method:                 Cholesky

 ------------------
  UW12 Correlation 
 ------------------
 Factor for UW12 correlation:            1.000000000
 Same spin scale factor:                 0.000000000
 Calculate indirect contribution:        false
 Method for three electron term:         df_ri
 Auxiliary RI basis set:                 Def2-TZVP-RI
 Number of RI basis functions:         295
 Gaussians in geminal expansion:         4
 UW12 screening threshold:               1.00e-12
 Method for density-fitting:             w(r)
 Number of core spatial orbitals:       10

 Total number of grid points:        15286
 Method for AO orthogonalization:        symmetric
 Threshold for linear dependence:        1.00e-08
 D3BJ dispersion energy:                -0.004108054

 -------------------------------------
  Running unrestricted open-shell SCF 
 -------------------------------------
 Max number of iterations:             128
 Conv. threshold (gradient):             1.00e-05
 Conv. threshold (energy):               1.00e-06
 Interpolation scheme:                   adiis+cdiis
 Initial guess:                          H0

 ---------------------------------------------------------------
                  energy        change          grad        time
 ---------------------------------------------------------------
   0     -1248.273307625                    6.75e+00        4.22
   1     -1243.114690267      5.16e+00      6.06e+00        0.42
   2     -1217.470350911      2.56e+01      6.53e+00        0.41
   3     -1301.530723221     -8.41e+01      3.43e+00        0.39
   4     -1304.923679536     -3.39e+00      2.73e+00        0.39
   5     -1309.563171855     -4.64e+00      4.66e-01        0.39
   6     -1309.576344718     -1.32e-02      4.38e-01        0.39
   7     -1309.658746633     -8.24e-02      7.75e-02        0.40
   8     -1309.661414875     -2.67e-03      1.00e-01        0.39
   9     -1309.664964074     -3.55e-03      9.50e-03        0.39
  10     -1309.665099356     -1.35e-04      3.04e-03        0.38
  11     -1309.665113089     -1.37e-05      1.85e-03        0.39
  12     -1309.665114798     -1.71e-06      1.17e-03        0.39
  13     -1309.665115851     -1.05e-06      6.98e-04        0.38
  14     -1309.665116592     -7.41e-07      5.94e-04        0.39
  15     -1309.665117151     -5.59e-07      3.80e-04        0.39
  16     -1309.665117625     -4.74e-07      3.41e-04        0.39
  17     -1309.665117769     -1.44e-07      3.22e-04        0.39
  18     -1309.665117829     -6.02e-08      3.21e-04        0.38
  19     -1309.665117736      9.31e-08      3.20e-04        0.39
  20     -1309.665116532      1.20e-06      3.01e-04        0.39
  21     -1309.665112077      4.45e-06      4.10e-04        0.39
  22     -1309.665110942      1.13e-06      7.20e-04        0.38
  23     -1309.665109341      1.60e-06      9.81e-04        0.38
  24     -1309.665109273      6.86e-08      9.70e-04        0.38
  25     -1309.665109395     -1.22e-07      9.06e-04        0.38
  26     -1309.665109106      2.89e-07      1.02e-03        0.39
  27     -1309.665109035      7.07e-08      9.72e-04        0.38
  28     -1309.665108881      1.54e-07      8.66e-04        0.38
  29     -1309.665108842      3.91e-08      9.12e-04        0.40
  30     -1309.665109033     -1.91e-07      6.81e-04        0.39
  31     -1309.665109259     -2.26e-07      1.29e-04        0.38
  32     -1309.665108958      3.01e-07      1.89e-04        0.39
  33     -1309.665108874      8.45e-08      2.32e-05        0.38
  34     -1309.665108869      4.69e-09      1.70e-05        0.38
  35     -1309.665108868      1.04e-09      1.62e-05        0.38
  36     -1309.665108868     -3.55e-11      1.50e-05        0.38
  37     -1309.665108867      5.15e-10      1.41e-05        0.39
  38     -1309.665108867      4.77e-10      4.94e-06        0.38

 SCF converged in 38 iterations.

 Dipole moment (in Debye):              -0.000000       0.000001      -4.654663

 Quadrupole moment (in Debye-Angstrom):
                  1            2            3
 1       -30.809553     0.000010     0.000001
 2         0.000010   -30.809378    -0.000001
 3         0.000001    -0.000001   -26.785082

 Spin-squared expectation <S^2>:         3.753
 Total spin quantum number S:            1.501
 TOTAL ENERGY:                       -1309.665108867

 --------------------------------------------------------------------------------

 End time:                               Wed Jun  2 11:53:46 2021
 Total wall-clock time:                 21.396 seconds
==================================================================================
