
================================================================================
          _____________ ________ _______________ ________     _________         
         / ___________// ______ \\_____   _____// ______ \   / ________)        
        / /_________  / /      \ \     | |     / /      \ \ | (_______          
       |  __________|| |        | |    | |    | |        | | \________ \        
        \ \_________ | |        | |    | |     \ \______/ /___________) |       
         \__________||_|        |_|    |_|      \________//____________/        
                                                                                
====================================[ Qcore ]===================================

 Git hash:   15a3e7daff0cda5fa9af010ccd19a80288182ecf
 Git date:   Fri, 16 Apr 2021 15:57:16 +0100
 Compiler:   GNU 9.1.0
 Build type: Release
 Version:    1.1.0

 Start time: Wed Jun  2 11:55:37 2021

 Data directory: /work/zw18965/.local/qcore/share/entos/1.1.0/data
 Number of threads: 24
 Number of threads was determined by: command line argument
  - More threads can be used by running 'qcore -n 32'

 --------------------------------------------------------------------------------
                                   command: dft                                  
 --------------------------------------------------------------------------------
 AO basis set:                           aug-cc-pvtz
 Number of AO basis functions:         139

 Formula:                                OTi
 Nuclear charge:                        30.000000000
 Total charge:                           0.000000000
 Number of electrons:                   30.000000000

 Number of alpha electrons:             16
 Number of beta electrons:              14
 Number of unpaired electrons:           2
 Spin:                                   2
 Multiplicity:                           triplet

 Theory:                                 dft
 Exchange-correlation functional:        wb97x

 Using range separated hybrid functional
 Range separation parameter:             0.300000000
 Short range exact exchange:             0.263800000
 Total long range exact exchange:        1.000000000

 Method for Coulomb:                     incore_df
 Method for exact exchange:              pre_transformed_df
 Integral threshold:                     1.00e-12
 DF basis set:                           def2-tzvp-jkfit(spdfghi)
 Number of DF basis functions:         341
 Schwarz screening threshold:            1.00e-10
 Coulomb fitting method:                 Cholesky

 ------------------
  UW12 Correlation 
 ------------------
 Factor for UW12 correlation:            1.000000000
 Same spin scale factor:                 0.000000000
 Calculate indirect contribution:        false
 Method for three electron term:         df_ri
 Auxiliary RI basis set:                 Def2-TZVP-RI
 Number of RI basis functions:         258
 Gaussians in geminal expansion:         4
 UW12 screening threshold:               1.00e-12
 Method for density-fitting:             w(r)
 Number of core spatial orbitals:        6

 Total number of grid points:        14736
 Method for AO orthogonalization:        symmetric
 Threshold for linear dependence:        1.00e-08
 D3BJ dispersion energy:                -0.001875000

 -------------------------------------
  Running unrestricted open-shell SCF 
 -------------------------------------
 Max number of iterations:             128
 Conv. threshold (gradient):             1.00e-05
 Conv. threshold (energy):               1.00e-06
 Interpolation scheme:                   adiis+cdiis
 Initial guess:                          H0

 ---------------------------------------------------------------
                  energy        change          grad        time
 ---------------------------------------------------------------
   0      -863.549413597                    9.43e+00        3.60
   1      -856.742117324      6.81e+00      8.70e+00        0.31
   2      -874.995297887     -1.83e+01      7.17e+00        0.28
   3      -922.073851616     -4.71e+01      3.08e+00        0.26
   4      -914.304906636      7.77e+00      5.34e+00        0.26
   5      -923.938839935     -9.63e+00      2.05e+00        0.26
   6      -919.958594147      3.98e+00      2.92e+00        0.28
   7      -924.514191992     -4.56e+00      9.79e-01        0.27
   8      -924.536565996     -2.24e-02      8.68e-01        0.26
   9      -924.668123243     -1.32e-01      2.32e-01        0.27
  10      -924.656074848      1.20e-02      2.91e-01        0.27
  11      -924.682596019     -2.65e-02      3.94e-02        0.27
  12      -924.683869241     -1.27e-03      4.83e-02        0.28
  13      -924.685953912     -2.08e-03      2.29e-02        0.27
  14      -924.686710422     -7.57e-04      1.38e-02        0.27
  15      -924.686959086     -2.49e-04      7.67e-03        0.26
  16      -924.687051228     -9.21e-05      3.60e-03        0.27
  17      -924.687083969     -3.27e-05      1.72e-03        0.27
  18      -924.687087740     -3.77e-06      3.86e-04        0.27
  19      -924.687087915     -1.75e-07      1.42e-04        0.27
  20      -924.687087942     -2.69e-08      5.77e-05        0.26
  21      -924.687087946     -4.09e-09      2.58e-05        0.26
  22      -924.687087947     -9.90e-10      4.95e-06        0.27

 SCF converged in 22 iterations.

 Dipole moment (in Debye):               0.000000       0.000000      -3.615069

 Quadrupole moment (in Debye-Angstrom):
                  1            2            3
 1       -22.254802    -0.000000    -0.000000
 2        -0.000000   -22.254819    -0.000000
 3        -0.000000    -0.000000   -26.526440

 Spin-squared expectation <S^2>:         2.005
 Total spin quantum number S:            1.002
 TOTAL ENERGY:                        -924.687087947

 --------------------------------------------------------------------------------

 End time:                               Wed Jun  2 11:55:49 2021
 Total wall-clock time:                 11.838 seconds
==================================================================================
