
================================================================================
          _____________ ________ _______________ ________     _________         
         / ___________// ______ \\_____   _____// ______ \   / ________)        
        / /_________  / /      \ \     | |     / /      \ \ | (_______          
       |  __________|| |        | |    | |    | |        | | \________ \        
        \ \_________ | |        | |    | |     \ \______/ /___________) |       
         \__________||_|        |_|    |_|      \________//____________/        
                                                                                
====================================[ Qcore ]===================================

 Git hash:   15a3e7daff0cda5fa9af010ccd19a80288182ecf
 Git date:   Fri, 16 Apr 2021 15:57:16 +0100
 Compiler:   GNU 9.1.0
 Build type: Release
 Version:    1.1.0

 Start time: Wed Jun  2 11:56:05 2021

 Data directory: /work/zw18965/.local/qcore/share/entos/1.1.0/data
 Number of threads: 24
 Number of threads was determined by: command line argument
  - More threads can be used by running 'qcore -n 32'

 --------------------------------------------------------------------------------
                                   command: dft                                  
 --------------------------------------------------------------------------------
 AO basis set:                           aug-cc-pvtz
 Number of AO basis functions:         116

 Formula:                                HV
 Nuclear charge:                        24.000000000
 Total charge:                           0.000000000
 Number of electrons:                   24.000000000

 Number of alpha electrons:             14
 Number of beta electrons:              10
 Number of unpaired electrons:           4
 Spin:                                   4
 Multiplicity:                           quintet

 Theory:                                 dft
 Exchange-correlation functional:        wb97x

 Using range separated hybrid functional
 Range separation parameter:             0.300000000
 Short range exact exchange:             0.263800000
 Total long range exact exchange:        1.000000000

 Method for Coulomb:                     incore_df
 Method for exact exchange:              pre_transformed_df
 Integral threshold:                     1.00e-12
 DF basis set:                           def2-tzvp-jkfit(spdfghi)
 Number of DF basis functions:         282
 Schwarz screening threshold:            1.00e-10
 Coulomb fitting method:                 Cholesky

 ------------------
  UW12 Correlation 
 ------------------
 Factor for UW12 correlation:            1.000000000
 Same spin scale factor:                 0.000000000
 Calculate indirect contribution:        false
 Method for three electron term:         df_ri
 Auxiliary RI basis set:                 Def2-TZVP-RI
 Number of RI basis functions:         197
 Gaussians in geminal expansion:         4
 UW12 screening threshold:               1.00e-12
 Method for density-fitting:             w(r)
 Number of core spatial orbitals:        5

 Total number of grid points:        13742
 Method for AO orthogonalization:        symmetric
 Threshold for linear dependence:        1.00e-08
 D3BJ dispersion energy:                -0.001176151

 -------------------------------------
  Running unrestricted open-shell SCF 
 -------------------------------------
 Max number of iterations:             128
 Conv. threshold (gradient):             1.00e-05
 Conv. threshold (energy):               1.00e-06
 Interpolation scheme:                   adiis+cdiis
 Initial guess:                          H0

 ---------------------------------------------------------------
                  energy        change          grad        time
 ---------------------------------------------------------------
   0      -906.141988031                    7.90e+00        2.72
   1      -885.704694975      2.04e+01      5.11e+00        0.19
   2      -926.899163696     -4.12e+01      4.97e+00        0.18
   3      -941.922917105     -1.50e+01      2.68e+00        0.16
   4      -940.676087969      1.25e+00      2.92e+00        0.16
   5      -944.468687894     -3.79e+00      2.52e-01        0.16
   6      -944.475875694     -7.19e-03      3.00e-01        0.16
   7      -944.498236015     -2.24e-02      1.34e-01        0.16
   8      -944.501219435     -2.98e-03      1.36e-01        0.16
   9      -944.506082033     -4.86e-03      6.85e-02        0.17
  10      -944.507047958     -9.66e-04      6.37e-02        0.16
  11      -944.508777151     -1.73e-03      3.49e-03        0.16
  12      -944.508786252     -9.10e-06      1.41e-03        0.16
  13      -944.508788663     -2.41e-06      9.04e-04        0.17
  14      -944.508790030     -1.37e-06      6.47e-04        0.16
  15      -944.508790757     -7.28e-07      3.31e-04        0.16
  16      -944.508790992     -2.35e-07      9.71e-05        0.17
  17      -944.508791020     -2.80e-08      3.28e-05        0.16
  18      -944.508791022     -1.97e-09      4.96e-06        0.17

 SCF converged in 18 iterations.

 Dipole moment (in Debye):               0.000000       0.000000      -2.760792

 Quadrupole moment (in Debye-Angstrom):
                  1            2            3
 1       -17.902703    -0.000000    -0.000000
 2        -0.000000   -17.902703    -0.000000
 3        -0.000000    -0.000000   -22.272218

 Spin-squared expectation <S^2>:         6.010
 Total spin quantum number S:            2.002
 TOTAL ENERGY:                        -944.508791022

 --------------------------------------------------------------------------------

 End time:                               Wed Jun  2 11:56:12 2021
 Total wall-clock time:                  7.609 seconds
==================================================================================
