
================================================================================
          _____________ ________ _______________ ________     _________         
         / ___________// ______ \\_____   _____// ______ \   / ________)        
        / /_________  / /      \ \     | |     / /      \ \ | (_______          
       |  __________|| |        | |    | |    | |        | | \________ \        
        \ \_________ | |        | |    | |     \ \______/ /___________) |       
         \__________||_|        |_|    |_|      \________//____________/        
                                                                                
====================================[ Qcore ]===================================

 Git hash:   15a3e7daff0cda5fa9af010ccd19a80288182ecf
 Git date:   Fri, 16 Apr 2021 15:57:16 +0100
 Compiler:   GNU 9.1.0
 Build type: Release
 Version:    1.1.0

 Start time: Wed Jun  2 11:56:25 2021

 Data directory: /work/zw18965/.local/qcore/share/entos/1.1.0/data
 Number of threads: 24
 Number of threads was determined by: command line argument
  - More threads can be used by running 'qcore -n 32'

 --------------------------------------------------------------------------------
                                   command: dft                                  
 --------------------------------------------------------------------------------
 AO basis set:                           aug-cc-pvtz
 Number of AO basis functions:         143

 Formula:                                ClV
 Nuclear charge:                        40.000000000
 Total charge:                           0.000000000
 Number of electrons:                   40.000000000

 Number of alpha electrons:             22
 Number of beta electrons:              18
 Number of unpaired electrons:           4
 Spin:                                   4
 Multiplicity:                           quintet

 Theory:                                 dft
 Exchange-correlation functional:        wb97x

 Using range separated hybrid functional
 Range separation parameter:             0.300000000
 Short range exact exchange:             0.263800000
 Total long range exact exchange:        1.000000000

 Method for Coulomb:                     incore_df
 Method for exact exchange:              pre_transformed_df
 Integral threshold:                     1.00e-12
 DF basis set:                           def2-tzvp-jkfit(spdfghi)
 Number of DF basis functions:         392
 Schwarz screening threshold:            1.00e-10
 Coulomb fitting method:                 Cholesky

 ------------------
  UW12 Correlation 
 ------------------
 Factor for UW12 correlation:            1.000000000
 Same spin scale factor:                 0.000000000
 Calculate indirect contribution:        false
 Method for three electron term:         df_ri
 Auxiliary RI basis set:                 Def2-TZVP-RI
 Number of RI basis functions:         295
 Gaussians in geminal expansion:         4
 UW12 screening threshold:               1.00e-12
 Method for density-fitting:             w(r)
 Number of core spatial orbitals:       10

 Total number of grid points:        15346
 Method for AO orthogonalization:        symmetric
 Threshold for linear dependence:        1.00e-08
 D3BJ dispersion energy:                -0.004333406

 -------------------------------------
  Running unrestricted open-shell SCF 
 -------------------------------------
 Max number of iterations:             128
 Conv. threshold (gradient):             1.00e-05
 Conv. threshold (energy):               1.00e-06
 Interpolation scheme:                   adiis+cdiis
 Initial guess:                          H0

 ---------------------------------------------------------------
                  energy        change          grad        time
 ---------------------------------------------------------------
   0     -1338.160816397                    8.80e+00        4.28
   1     -1330.808958461      7.35e+00      6.34e+00        0.43
   2     -1324.214883260      6.59e+00      7.31e+00        0.42
   3     -1401.850840217     -7.76e+01      2.34e+00        0.42
   4     -1403.203253708     -1.35e+00      1.32e+00        0.41
   5     -1404.058778046     -8.56e-01      6.28e-01        0.41
   6     -1404.110311118     -5.15e-02      5.30e-01        0.41
   7     -1404.210542694     -1.00e-01      1.97e-01        0.41
   8     -1404.206759064      3.78e-03      2.05e-01        0.40
   9     -1404.222460868     -1.57e-02      1.69e-02        0.40
  10     -1404.222583313     -1.22e-04      1.93e-02        0.41
  11     -1404.222734828     -1.52e-04      5.83e-03        0.40
  12     -1404.222773877     -3.90e-05      3.70e-03        0.39
  13     -1404.222803839     -3.00e-05      1.55e-03        0.40
  14     -1404.222810463     -6.62e-06      7.23e-04        0.41
  15     -1404.222810969     -5.06e-07      1.01e-04        0.41
  16     -1404.222810986     -1.64e-08      4.23e-05        0.40
  17     -1404.222810988     -2.49e-09      3.20e-05        0.39
  18     -1404.222810990     -1.85e-09      3.08e-05        0.39
  19     -1404.222810992     -1.95e-09      3.02e-05        0.39
  20     -1404.222810994     -2.05e-09      2.95e-05        0.40
  21     -1404.222810998     -3.87e-09      2.84e-05        0.40
  22     -1404.222811008     -1.03e-08      2.55e-05        0.40
  23     -1404.222811017     -8.34e-09      2.38e-05        0.39
  24     -1404.222811021     -4.18e-09      2.37e-05        0.40
  25     -1404.222811023     -2.30e-09      2.38e-05        0.40
  26     -1404.222811025     -1.78e-09      2.39e-05        0.39
  27     -1404.222811033     -7.68e-09      2.39e-05        0.40
  28     -1404.222811061     -2.85e-08      2.38e-05        0.39
  29     -1404.222811183     -1.22e-07      2.41e-05        0.39
  30     -1404.222811184     -1.10e-09      2.41e-05        0.39
  31     -1404.222811177      7.23e-09      2.42e-05        0.40
  32     -1404.222811192     -1.48e-08      2.49e-05        0.40
  33     -1404.222811175      1.69e-08      2.37e-05        0.39
  34     -1404.222811184     -8.88e-09      2.43e-05        0.39
  35     -1404.222811185     -1.54e-09      2.43e-05        0.39
  36     -1404.222811247     -6.15e-08      2.38e-05        0.39
  37     -1404.222811197      5.00e-08      2.47e-05        0.38
  38     -1404.222811157      3.97e-08      2.39e-05        0.38
  39     -1404.222811270     -1.13e-07      2.47e-05        0.39
  40     -1404.222811488     -2.19e-07      2.78e-05        0.39
  41     -1404.222811495     -6.90e-09      2.46e-05        0.39
  42     -1404.222813209     -1.71e-06      1.29e-03        0.39
  43     -1404.222813176      3.29e-08      8.17e-04        0.38
  44     -1404.222810690      2.49e-06      3.31e-03        0.39
  45     -1404.222804893      5.80e-06      5.23e-03        0.38
  46     -1404.222804627      2.66e-07      5.29e-03        0.39
  47     -1404.222800340      4.29e-06      6.25e-03        0.39
  48     -1404.222813476     -1.31e-05      7.59e-04        0.40
  49     -1404.222813617     -1.41e-07      6.31e-04        0.39
  50     -1404.222814225     -6.08e-07      3.54e-04        0.39
  51     -1404.222814393     -1.68e-07      6.85e-04        0.39
  52     -1404.222814517     -1.24e-07      3.31e-05        0.39
  53     -1404.222814684     -1.68e-07      1.54e-04        0.40
  54     -1404.222814724     -3.95e-08      3.42e-05        0.39
  55     -1404.222814750     -2.56e-08      7.60e-05        0.39
  56     -1404.222814759     -9.00e-09      6.73e-05        0.38
  57     -1404.222814760     -1.54e-09      3.70e-05        0.39
  58     -1404.222814761     -9.12e-10      2.98e-05        0.39
  59     -1404.222814761     -3.87e-10      1.79e-05        0.40
  60     -1404.222814761     -1.11e-10      1.54e-05        0.39
  61     -1404.222814762     -1.00e-10      1.51e-05        0.39
  62     -1404.222814762     -1.82e-11      3.26e-06        0.39

 SCF converged in 62 iterations.

 Dipole moment (in Debye):               0.000002       0.000003      -4.513145

 Quadrupole moment (in Debye-Angstrom):
                  1            2            3
 1       -29.438131     0.000008    -0.000005
 2         0.000008   -29.438133    -0.000006
 3        -0.000005    -0.000006   -29.087737

 Spin-squared expectation <S^2>:         6.004
 Total spin quantum number S:            2.001
 TOTAL ENERGY:                       -1404.222814761

 --------------------------------------------------------------------------------

 End time:                               Wed Jun  2 11:56:56 2021
 Total wall-clock time:                 31.426 seconds
==================================================================================
