
================================================================================
          _____________ ________ _______________ ________     _________         
         / ___________// ______ \\_____   _____// ______ \   / ________)        
        / /_________  / /      \ \     | |     / /      \ \ | (_______          
       |  __________|| |        | |    | |    | |        | | \________ \        
        \ \_________ | |        | |    | |     \ \______/ /___________) |       
         \__________||_|        |_|    |_|      \________//____________/        
                                                                                
====================================[ Qcore ]===================================

 Git hash:   15a3e7daff0cda5fa9af010ccd19a80288182ecf
 Git date:   Fri, 16 Apr 2021 15:57:16 +0100
 Compiler:   GNU 9.1.0
 Build type: Release
 Version:    1.1.0

 Start time: Wed Jun  2 14:13:28 2021

 Data directory: /work/zw18965/.local/qcore/share/entos/1.1.0/data
 Number of threads: 24
 Number of threads was determined by: number of physical cores

 --------------------------------------------------------------------------------
                                   command: dft                                  
 --------------------------------------------------------------------------------
 AO basis set:                           aug-cc-pvtz
 Number of AO basis functions:         152

 Formula:                                VBr
 Nuclear charge:                        58.000000000
 Total charge:                           0.000000000
 Number of electrons:                   58.000000000

 Number of alpha electrons:             31
 Number of beta electrons:              27
 Number of unpaired electrons:           4
 Spin:                                   4
 Multiplicity:                           quintet

 Theory:                                 dft
 Exchange-correlation functional:        wb97x

 Using range separated hybrid functional
 Range separation parameter:             0.300000000
 Short range exact exchange:             0.263800000
 Total long range exact exchange:        1.000000000

 Method for Coulomb:                     incore_df
 Method for exact exchange:              pre_transformed_df
 Integral threshold:                     1.00e-12
 DF basis set:                           def2-tzvp-jkfit(spdfghi)
 Number of DF basis functions:         530
 Schwarz screening threshold:            1.00e-10
 Coulomb fitting method:                 Cholesky

 ------------------
  UW12 Correlation 
 ------------------
 Factor for UW12 correlation:            1.000000000
 Same spin scale factor:                 0.000000000
 Calculate indirect contribution:        false
 Method for three electron term:         df_ri
 Auxiliary RI basis set:                 Def2-TZVP-RI
 Number of RI basis functions:         341
 Gaussians in geminal expansion:         4
 UW12 screening threshold:               1.00e-14
 Method for density-fitting:             w(r)
 Number of core spatial orbitals:       14

 Total number of grid points:        16016
 Method for AO orthogonalization:        symmetric
 Threshold for linear dependence:        1.00e-08
 D3BJ dispersion energy:                -0.005103366

 -------------------------------------
  Running unrestricted open-shell SCF 
 -------------------------------------
 Max number of iterations:             128
 Conv. threshold (gradient):             1.00e-05
 Conv. threshold (energy):               1.00e-06
 Interpolation scheme:                   adiis+cdiis
 Initial guess:                          H0

 ---------------------------------------------------------------
                  energy        change          grad        time
 ---------------------------------------------------------------
   0     -3456.385926807                    9.27e+00        6.72
   1     -3443.995994329      1.24e+01      6.13e+00        0.93
   2     -3446.650620994     -2.65e+00      8.33e+00        0.94
   3     -3505.107558386     -5.85e+01      6.08e+00        0.92
   4     -3502.578472918      2.53e+00      3.74e+00        0.90
   5     -3517.887397826     -1.53e+01      8.68e-01        0.90
   6     -3518.130018844     -2.43e-01      4.37e-01        0.90
   7     -3518.186238472     -5.62e-02      4.06e-01        0.90
   8     -3518.229406131     -4.32e-02      2.07e-01        0.91
   9     -3518.235622062     -6.22e-03      2.19e-01        0.91
  10     -3518.246103392     -1.05e-02      5.93e-02        0.91
  11     -3518.247439111     -1.34e-03      1.01e-01        0.89
  12     -3518.251322514     -3.88e-03      2.67e-02        0.85
  13     -3518.252666779     -1.34e-03      1.62e-02        0.85
  14     -3518.253207760     -5.41e-04      5.17e-03        0.86
  15     -3518.253279748     -7.20e-05      2.09e-03        0.85
  16     -3518.253285340     -5.59e-06      5.03e-04        0.84
  17     -3518.253285511     -1.71e-07      1.70e-04        0.85
  18     -3518.253285539     -2.81e-08      1.05e-04        0.85
  19     -3518.253285545     -5.93e-09      7.99e-05        0.85
  20     -3518.253285547     -2.20e-09      5.92e-05        0.86
  21     -3518.253285554     -6.97e-09      4.31e-05        0.84
  22     -3518.253285556     -1.77e-09      3.47e-05        0.85
  23     -3518.253285558     -2.64e-09      3.20e-05        0.84
  24     -3518.253285561     -2.81e-09      2.99e-05        0.89
  25     -3518.253285564     -3.11e-09      2.81e-05        0.85
  26     -3518.253285569     -5.04e-09      2.58e-05        0.84
  27     -3518.253285577     -7.89e-09      2.26e-05        0.84
  28     -3518.253285583     -5.44e-09      2.12e-05        0.85
  29     -3518.253285586     -3.43e-09      2.11e-05        0.83
  30     -3518.253285589     -3.06e-09      2.12e-05        0.85
  31     -3518.253285595     -6.41e-09      2.12e-05        0.84
  32     -3518.253285637     -4.12e-08      2.12e-05        0.84
  33     -3518.253285794     -1.58e-07      2.37e-05        0.84
  34     -3518.253285800     -5.66e-09      2.45e-05        0.84
  35     -3518.253285878     -7.76e-08      2.85e-05        0.85
  36     -3518.253285881     -3.55e-09      3.06e-05        0.83
  37     -3518.253285859      2.23e-08      2.34e-05        0.84
  38     -3518.253286819     -9.60e-07      3.06e-04        0.84
  39     -3518.253287054     -2.35e-07      5.88e-04        0.84
  40     -3518.253287042      1.18e-08      6.07e-04        0.84
  41     -3518.253286942      9.95e-08      4.25e-04        0.84
  42     -3518.253286682      2.60e-07      1.67e-04        0.84
  43     -3518.253286759     -7.60e-08      1.56e-04        0.85
  44     -3518.253286766     -7.87e-09      1.63e-04        0.84
  45     -3518.253286470      2.96e-07      4.82e-05        0.84
  46     -3518.253287311     -8.41e-07      5.95e-04        0.84
  47     -3518.253287505     -1.94e-07      6.37e-04        0.84
  48     -3518.253287312      1.93e-07      1.58e-04        0.85
  49     -3518.253287713     -4.01e-07      7.75e-04        0.85
  50     -3518.253287659      5.35e-08      1.01e-03        0.83
  51     -3518.253287558      1.02e-07      1.16e-03        0.84
  52     -3518.253287563     -5.00e-09      1.15e-03        0.84
  53     -3518.253287834     -2.71e-07      5.44e-04        0.84
  54     -3518.253287796      3.84e-08      6.27e-04        0.85
  55     -3518.253287800     -4.51e-09      5.95e-04        0.84
  56     -3518.253287862     -6.12e-08      1.43e-04        0.85
  57     -3518.253287924     -6.27e-08      1.40e-04        0.85
  58     -3518.253287976     -5.18e-08      8.10e-06        0.84

 SCF converged in 58 iterations.

 Dipole moment (in Debye):              -0.000000       0.000000      -4.841034

 Quadrupole moment (in Debye-Angstrom):
                  1            2            3
 1       -35.454733     0.000009     0.000000
 2         0.000009   -35.454724     0.000000
 3         0.000000     0.000000   -29.785141

 Spin-squared expectation <S^2>:         6.005
 Total spin quantum number S:            2.001
 TOTAL ENERGY:                       -3518.253288061

 --------------------------------------------------------------------------------

 End time:                               Wed Jun  2 14:14:29 2021
 Total wall-clock time:                 60.826 seconds
==================================================================================
