
================================================================================
          _____________ ________ _______________ ________     _________         
         / ___________// ______ \\_____   _____// ______ \   / ________)        
        / /_________  / /      \ \     | |     / /      \ \ | (_______          
       |  __________|| |        | |    | |    | |        | | \________ \        
        \ \_________ | |        | |    | |     \ \______/ /___________) |       
         \__________||_|        |_|    |_|      \________//____________/        
                                                                                
====================================[ Qcore ]===================================

 Git hash:   15a3e7daff0cda5fa9af010ccd19a80288182ecf
 Git date:   Fri, 16 Apr 2021 15:57:16 +0100
 Compiler:   GNU 9.1.0
 Build type: Release
 Version:    1.1.0

 Start time: Wed Jun  2 14:14:29 2021

 Data directory: /work/zw18965/.local/qcore/share/entos/1.1.0/data
 Number of threads: 24
 Number of threads was determined by: number of physical cores

 --------------------------------------------------------------------------------
                                   command: dft                                  
 --------------------------------------------------------------------------------
 AO basis set:                           aug-cc-pvtz
 Number of AO basis functions:         152

 Formula:                                CrBr
 Nuclear charge:                        59.000000000
 Total charge:                           0.000000000
 Number of electrons:                   59.000000000

 Number of alpha electrons:             32
 Number of beta electrons:              27
 Number of unpaired electrons:           5
 Spin:                                   5
 Multiplicity:                           septet

 Theory:                                 dft
 Exchange-correlation functional:        wb97x

 Using range separated hybrid functional
 Range separation parameter:             0.300000000
 Short range exact exchange:             0.263800000
 Total long range exact exchange:        1.000000000

 Method for Coulomb:                     incore_df
 Method for exact exchange:              pre_transformed_df
 Integral threshold:                     1.00e-12
 DF basis set:                           def2-tzvp-jkfit(spdfghi)
 Number of DF basis functions:         530
 Schwarz screening threshold:            1.00e-10
 Coulomb fitting method:                 Cholesky

 ------------------
  UW12 Correlation 
 ------------------
 Factor for UW12 correlation:            1.000000000
 Same spin scale factor:                 0.000000000
 Calculate indirect contribution:        false
 Method for three electron term:         df_ri
 Auxiliary RI basis set:                 Def2-TZVP-RI
 Number of RI basis functions:         341
 Gaussians in geminal expansion:         4
 UW12 screening threshold:               1.00e-14
 Method for density-fitting:             w(r)
 Number of core spatial orbitals:       14

 Total number of grid points:        15992
 Method for AO orthogonalization:        symmetric
 Threshold for linear dependence:        1.00e-08
 D3BJ dispersion energy:                -0.004611163

 -------------------------------------
  Running unrestricted open-shell SCF 
 -------------------------------------
 Max number of iterations:             128
 Conv. threshold (gradient):             1.00e-05
 Conv. threshold (energy):               1.00e-06
 Interpolation scheme:                   adiis+cdiis
 Initial guess:                          H0

 ---------------------------------------------------------------
                  energy        change          grad        time
 ---------------------------------------------------------------
   0     -3546.244906036                    1.37e+01        6.18
   1     -3531.004597432      1.52e+01      6.70e+00        0.91
   2     -3541.721245979     -1.07e+01      1.12e+01        0.90
   3     -3602.272111262     -6.06e+01      6.31e+00        0.88
   4     -3602.715328183     -4.43e-01      3.82e+00        0.89
   5     -3618.338297786     -1.56e+01      9.79e-01        0.87
   6     -3618.563598672     -2.25e-01      6.17e-01        0.88
   7     -3618.701055681     -1.37e-01      4.47e-01        0.88
   8     -3618.727805698     -2.68e-02      3.26e-01        0.88
   9     -3618.761420440     -3.36e-02      1.30e-01        0.89
  10     -3618.760375637      1.04e-03      1.33e-01        0.88
  11     -3618.766451750     -6.08e-03      3.14e-02        0.89
  12     -3618.766877177     -4.25e-04      2.30e-02        0.89
  13     -3618.767537756     -6.61e-04      1.18e-02        0.88
  14     -3618.767773535     -2.36e-04      5.16e-03        0.89
  15     -3618.767832567     -5.90e-05      2.09e-03        0.89
  16     -3618.767842993     -1.04e-05      6.62e-04        0.88
  17     -3618.767843242     -2.49e-07      1.86e-04        0.89
  18     -3618.767843264     -2.23e-08      4.56e-05        0.87
  19     -3618.767843264      5.26e-10      1.07e-05        0.88
  20     -3618.767843263      2.94e-10      3.41e-06        0.89

 SCF converged in 20 iterations.

 Dipole moment (in Debye):              -0.000000      -0.000000      -5.892919

 Quadrupole moment (in Debye-Angstrom):
                  1            2            3
 1       -34.134976     0.000000     0.000000
 2         0.000000   -34.135011     0.000000
 3         0.000000     0.000000   -25.543512

 Spin-squared expectation <S^2>:         8.759
 Total spin quantum number S:            2.501
 TOTAL ENERGY:                       -3618.767843263

 --------------------------------------------------------------------------------

 End time:                               Wed Jun  2 14:14:57 2021
 Total wall-clock time:                 27.783 seconds
==================================================================================
