
================================================================================
          _____________ ________ _______________ ________     _________         
         / ___________// ______ \\_____   _____// ______ \   / ________)        
        / /_________  / /      \ \     | |     / /      \ \ | (_______          
       |  __________|| |        | |    | |    | |        | | \________ \        
        \ \_________ | |        | |    | |     \ \______/ /___________) |       
         \__________||_|        |_|    |_|      \________//____________/        
                                                                                
====================================[ Qcore ]===================================

 Git hash:   15a3e7daff0cda5fa9af010ccd19a80288182ecf
 Git date:   Fri, 16 Apr 2021 15:57:16 +0100
 Compiler:   GNU 9.1.0
 Build type: Release
 Version:    1.1.0

 Start time: Wed Jun  2 12:05:43 2021

 Data directory: /work/zw18965/.local/qcore/share/entos/1.1.0/data
 Number of threads: 24
 Number of threads was determined by: command line argument
  - More threads can be used by running 'qcore -n 32'

 --------------------------------------------------------------------------------
                                   command: dft                                  
 --------------------------------------------------------------------------------
 AO basis set:                           aug-cc-pvtz
 Number of AO basis functions:         143

 Formula:                                ClFe
 Nuclear charge:                        43.000000000
 Total charge:                           0.000000000
 Number of electrons:                   43.000000000

 Number of alpha electrons:             24
 Number of beta electrons:              19
 Number of unpaired electrons:           5
 Spin:                                   5
 Multiplicity:                           septet

 Theory:                                 dft
 Exchange-correlation functional:        wb97x

 Using range separated hybrid functional
 Range separation parameter:             0.300000000
 Short range exact exchange:             0.263800000
 Total long range exact exchange:        1.000000000

 Method for Coulomb:                     incore_df
 Method for exact exchange:              pre_transformed_df
 Integral threshold:                     1.00e-12
 DF basis set:                           def2-tzvp-jkfit(spdfghi)
 Number of DF basis functions:         392
 Schwarz screening threshold:            1.00e-10
 Coulomb fitting method:                 Cholesky

 ------------------
  UW12 Correlation 
 ------------------
 Factor for UW12 correlation:            1.000000000
 Same spin scale factor:                 0.000000000
 Calculate indirect contribution:        false
 Method for three electron term:         df_ri
 Auxiliary RI basis set:                 Def2-TZVP-RI
 Number of RI basis functions:         295
 Gaussians in geminal expansion:         4
 UW12 screening threshold:               1.00e-12
 Method for density-fitting:             w(r)
 Number of core spatial orbitals:       10

 Total number of grid points:        15430
 Method for AO orthogonalization:        symmetric
 Threshold for linear dependence:        1.00e-08
 D3BJ dispersion energy:                -0.003217787

 -------------------------------------
  Running unrestricted open-shell SCF 
 -------------------------------------
 Max number of iterations:             128
 Conv. threshold (gradient):             1.00e-05
 Conv. threshold (energy):               1.00e-06
 Interpolation scheme:                   adiis+cdiis
 Initial guess:                          H0

 ---------------------------------------------------------------
                  energy        change          grad        time
 ---------------------------------------------------------------
   0     -1570.560931819                    1.63e+01        4.17
   1     -1580.180577754     -9.62e+00      8.31e+00        0.45
   2     -1424.095885395      1.56e+02      1.71e+01        0.44
   3     -1695.657855871     -2.72e+02      7.22e+00        0.44
   4     -1706.068528687     -1.04e+01      6.04e+00        0.43
   5     -1723.299690080     -1.72e+01      1.08e+00        0.44
   6     -1723.300199394     -5.09e-04      1.04e+00        0.42
   7     -1723.952564401     -6.52e-01      1.52e-01        0.43
   8     -1723.960908093     -8.34e-03      1.20e-01        0.43
   9     -1723.961588928     -6.81e-04      1.20e-01        0.43
  10     -1723.965670552     -4.08e-03      3.34e-02        0.45
  11     -1723.965657380      1.32e-05      3.57e-02        0.43
  12     -1723.966079931     -4.23e-04      2.91e-03        0.43
  13     -1723.966086218     -6.29e-06      9.09e-04        0.43
  14     -1723.966086840     -6.22e-07      3.82e-04        0.43
  15     -1723.966086948     -1.08e-07      1.09e-04        0.43
  16     -1723.966086962     -1.40e-08      4.31e-05        0.43
  17     -1723.966086965     -2.53e-09      1.43e-05        0.42
  18     -1723.966086965     -1.66e-10      7.16e-06        0.42

 SCF converged in 18 iterations.

 Dipole moment (in Debye):               0.000000       0.000000      -2.679399

 Quadrupole moment (in Debye-Angstrom):
                  1            2            3
 1       -27.847938     0.284539    -0.000000
 2         0.284539   -27.863693    -0.000000
 3        -0.000000    -0.000000   -33.502444

 Spin-squared expectation <S^2>:         8.755
 Total spin quantum number S:            2.501
 TOTAL ENERGY:                       -1723.966086966

 --------------------------------------------------------------------------------

 End time:                               Wed Jun  2 12:05:57 2021
 Total wall-clock time:                 14.551 seconds
==================================================================================
