
================================================================================
          _____________ ________ _______________ ________     _________         
         / ___________// ______ \\_____   _____// ______ \   / ________)        
        / /_________  / /      \ \     | |     / /      \ \ | (_______          
       |  __________|| |        | |    | |    | |        | | \________ \        
        \ \_________ | |        | |    | |     \ \______/ /___________) |       
         \__________||_|        |_|    |_|      \________//____________/        
                                                                                
====================================[ Qcore ]===================================

 Git hash:   15a3e7daff0cda5fa9af010ccd19a80288182ecf
 Git date:   Fri, 16 Apr 2021 15:57:16 +0100
 Compiler:   GNU 9.1.0
 Build type: Release
 Version:    1.1.0

 Start time: Wed Jun  2 12:08:10 2021

 Data directory: /work/zw18965/.local/qcore/share/entos/1.1.0/data
 Number of threads: 24
 Number of threads was determined by: command line argument
  - More threads can be used by running 'qcore -n 32'

 --------------------------------------------------------------------------------
                                   command: dft                                  
 --------------------------------------------------------------------------------
 AO basis set:                           aug-cc-pvtz
 Number of AO basis functions:         143

 Formula:                                SFe
 Nuclear charge:                        42.000000000
 Total charge:                           0.000000000
 Number of electrons:                   42.000000000

 Number of alpha electrons:             23
 Number of beta electrons:              19
 Number of unpaired electrons:           4
 Spin:                                   4
 Multiplicity:                           quintet

 Theory:                                 dft
 Exchange-correlation functional:        wb97x

 Using range separated hybrid functional
 Range separation parameter:             0.300000000
 Short range exact exchange:             0.263800000
 Total long range exact exchange:        1.000000000

 Method for Coulomb:                     incore_df
 Method for exact exchange:              pre_transformed_df
 Integral threshold:                     1.00e-12
 DF basis set:                           def2-tzvp-jkfit(spdfghi)
 Number of DF basis functions:         392
 Schwarz screening threshold:            1.00e-10
 Coulomb fitting method:                 Cholesky

 ------------------
  UW12 Correlation 
 ------------------
 Factor for UW12 correlation:            1.000000000
 Same spin scale factor:                 0.000000000
 Calculate indirect contribution:        false
 Method for three electron term:         df_ri
 Auxiliary RI basis set:                 Def2-TZVP-RI
 Number of RI basis functions:         295
 Gaussians in geminal expansion:         4
 UW12 screening threshold:               1.00e-12
 Method for density-fitting:             w(r)
 Number of core spatial orbitals:       10

 Total number of grid points:        15286
 Method for AO orthogonalization:        symmetric
 Threshold for linear dependence:        1.00e-08
 D3BJ dispersion energy:                -0.004064258

 -------------------------------------
  Running unrestricted open-shell SCF 
 -------------------------------------
 Max number of iterations:             128
 Conv. threshold (gradient):             1.00e-05
 Conv. threshold (energy):               1.00e-06
 Interpolation scheme:                   adiis+cdiis
 Initial guess:                          H0

 ---------------------------------------------------------------
                  energy        change          grad        time
 ---------------------------------------------------------------
   0     -1529.630841655                    1.96e+01        4.29
   1     -1530.638296612     -1.01e+00      8.08e+00        0.46
   2     -1402.890970301      1.28e+02      1.67e+01        0.45
   3     -1639.088750725     -2.36e+02      6.89e+00        0.43
   4     -1645.194895389     -6.11e+00      5.89e+00        0.45
   5     -1661.444831202     -1.62e+01      9.55e-01        0.44
   6     -1659.765722011      1.68e+00      3.15e+00        0.44
   7     -1661.888882517     -2.12e+00      2.98e-01        0.45
   8     -1661.897498973     -8.62e-03      2.88e-01        0.44
   9     -1661.912032008     -1.45e-02      2.96e-01        0.44
  10     -1661.909611799      2.42e-03      2.59e-01        0.45
  11     -1661.929213934     -1.96e-02      4.13e-02        0.44
  12     -1661.929794282     -5.80e-04      4.56e-02        0.45
  13     -1661.930591944     -7.98e-04      1.01e-02        0.45
  14     -1661.930679836     -8.79e-05      2.88e-03        0.44
  15     -1661.930686167     -6.33e-06      8.33e-04        0.44
  16     -1661.930686890     -7.23e-07      3.65e-04        0.44
  17     -1661.930687209     -3.19e-07      2.12e-04        0.44
  18     -1661.930687297     -8.80e-08      1.07e-04        0.43
  19     -1661.930687321     -2.41e-08      4.85e-05        0.44
  20     -1661.930687327     -6.18e-09      3.84e-05        0.44
  21     -1661.930687330     -3.55e-09      3.56e-05        0.45
  22     -1661.930687336     -5.45e-09      3.55e-05        0.43
  23     -1661.930687341     -5.30e-09      3.51e-05        0.43
  24     -1661.930687345     -3.45e-09      3.51e-05        0.43
  25     -1661.930687350     -5.38e-09      3.50e-05        0.43
  26     -1661.930687355     -5.12e-09      3.50e-05        0.43
  27     -1661.930687359     -3.92e-09      3.50e-05        0.43
  28     -1661.930687361     -2.19e-09      3.50e-05        0.43
  29     -1661.930687363     -2.08e-09      3.50e-05        0.43
  30     -1661.930687367     -3.80e-09      3.50e-05        0.43
  31     -1661.930687370     -2.54e-09      3.50e-05        0.44
  32     -1661.930687374     -3.81e-09      3.50e-05        0.44
  33     -1661.930687376     -2.83e-09      3.50e-05        0.43
  34     -1661.930687436     -5.96e-08      3.50e-05        0.43
  35     -1661.930687475     -3.87e-08      3.50e-05        0.42
  36     -1661.930687486     -1.15e-08      3.49e-05        0.43
  37     -1661.930688292     -8.06e-07      6.65e-05        0.43
  38     -1661.930688011      2.81e-07      4.52e-05        0.43
  39     -1661.930686827      1.18e-06      5.22e-05        0.43
  40     -1661.930689758     -2.93e-06      3.13e-03        0.43
  41     -1661.930690147     -3.89e-07      7.25e-04        0.44
  42     -1661.930688847      1.30e-06      3.73e-03        0.43
  43     -1661.930690727     -1.88e-06      1.77e-03        0.42
  44     -1661.930687946      2.78e-06      3.84e-05        0.43
  45     -1661.930685266      2.68e-06      3.75e-04        0.42
  46     -1661.930686785     -1.52e-06      5.00e-05        0.42
  47     -1661.930688396     -1.61e-06      7.39e-05        0.43
  48     -1661.930689548     -1.15e-06      3.78e-04        0.43
  49     -1661.930689723     -1.75e-07      4.53e-04        0.42
  50     -1661.930686336      3.39e-06      5.68e-05        0.44
  51     -1661.930689532     -3.20e-06      3.65e-04        0.44
  52     -1661.930690436     -9.04e-07      9.13e-04        0.43
  53     -1661.930681044      9.39e-06      6.57e-03        0.43
  54     -1661.930690774     -9.73e-06      1.64e-03        0.43
  55     -1661.930690642      1.32e-07      1.12e-03        0.42
  56     -1661.930686183      4.46e-06      6.41e-05        0.42
  57     -1661.930677377      8.81e-06      4.29e-03        0.43
  58     -1661.930669194      8.18e-06      6.97e-03        0.43
  59     -1661.930682850     -1.37e-05      1.48e-03        0.44
  60     -1661.930682461      3.89e-07      1.71e-03        0.42
  61     -1661.930681931      5.31e-07      2.02e-03        0.44
  62     -1661.930679884      2.05e-06      3.12e-03        0.43
  63     -1661.930690735     -1.09e-05      1.35e-03        0.43
  64     -1661.930689821      9.14e-07      3.84e-04        0.43
  65     -1661.930690076     -2.55e-07      2.87e-03        0.44
  66     -1661.930689350      7.26e-07      3.41e-03        0.43
  67     -1661.930688588      7.62e-07      2.62e-04        0.43
  68     -1661.930689510     -9.22e-07      6.06e-04        0.43
  69     -1661.930684629      4.88e-06      5.15e-03        0.43
  70     -1661.930691587     -6.96e-06      9.57e-04        0.43
  71     -1661.930675141      1.64e-05      7.43e-03        0.44
  72     -1661.930690669     -1.55e-05      1.87e-03        0.43
  73     -1661.930691758     -1.09e-06      3.00e-04        0.42
  74     -1661.930691774     -1.57e-08      1.03e-04        0.44
  75     -1661.930691739      3.50e-08      1.77e-04        0.43
  76     -1661.930691776     -3.67e-08      1.12e-05        0.43
  77     -1661.930691774      2.09e-09      7.05e-05        0.43
  78     -1661.930691777     -3.45e-09      3.35e-06        0.43

 SCF converged in 78 iterations.

 Dipole moment (in Debye):              -0.000001      -0.000002      -6.136487

 Quadrupole moment (in Debye-Angstrom):
                  1            2            3
 1       -28.641198    -0.000001     0.000001
 2        -0.000001   -28.641202     0.000002
 3         0.000001     0.000002   -24.703875

 Spin-squared expectation <S^2>:         6.031
 Total spin quantum number S:            2.006
 TOTAL ENERGY:                       -1661.930691777

 --------------------------------------------------------------------------------

 End time:                               Wed Jun  2 12:08:51 2021
 Total wall-clock time:                 40.836 seconds
==================================================================================
