
================================================================================
          _____________ ________ _______________ ________     _________         
         / ___________// ______ \\_____   _____// ______ \   / ________)        
        / /_________  / /      \ \     | |     / /      \ \ | (_______          
       |  __________|| |        | |    | |    | |        | | \________ \        
        \ \_________ | |        | |    | |     \ \______/ /___________) |       
         \__________||_|        |_|    |_|      \________//____________/        
                                                                                
====================================[ Qcore ]===================================

 Git hash:   15a3e7daff0cda5fa9af010ccd19a80288182ecf
 Git date:   Fri, 16 Apr 2021 15:57:16 +0100
 Compiler:   GNU 9.1.0
 Build type: Release
 Version:    1.1.0

 Start time: Wed Jun  2 14:41:13 2021

 Data directory: /work/zw18965/.local/qcore/share/entos/1.1.0/data
 Number of threads: 24
 Number of threads was determined by: number of physical cores

 --------------------------------------------------------------------------------
                                   command: dft                                  
 --------------------------------------------------------------------------------
 AO basis set:                           aug-cc-pvtz
 Number of AO basis functions:         116

 Formula:                                HCo
 Nuclear charge:                        28.000000000
 Total charge:                           0.000000000
 Number of electrons:                   28.000000000

 Number of alpha electrons:             15
 Number of beta electrons:              13
 Number of unpaired electrons:           2
 Spin:                                   2
 Multiplicity:                           triplet

 Theory:                                 dft
 Exchange-correlation functional:        wb97x

 Using range separated hybrid functional
 Range separation parameter:             0.300000000
 Short range exact exchange:             0.157706000
 Total long range exact exchange:        1.000000000

 Method for Coulomb:                     incore_df
 Method for exact exchange:              pre_transformed_df
 Integral threshold:                     1.00e-12
 DF basis set:                           def2-tzvp-jkfit(spdfghi)
 Number of DF basis functions:         282
 Schwarz screening threshold:            1.00e-10
 Coulomb fitting method:                 Cholesky
 Total number of grid points:        13826
 Method for AO orthogonalization:        symmetric
 Threshold for linear dependence:        1.00e-08

 -------------------------------------
  Running unrestricted open-shell SCF 
 -------------------------------------
 Max number of iterations:             128
 Conv. threshold (gradient):             1.00e-05
 Conv. threshold (energy):               1.00e-06
 Interpolation scheme:                   adiis+cdiis
 Initial guess:                          SAD

 ---------------------------------------------------------------
                  energy        change          grad        time
 ---------------------------------------------------------------
   0     -1382.966190368                    2.01e+00        0.03
   1     -1383.270602468     -3.04e-01      7.76e-01        0.02
   2     -1382.922624619      3.48e-01      1.59e+00        0.02
   3     -1383.342039139     -4.19e-01      3.34e-01        0.02
   4     -1383.343039333     -1.00e-03      3.84e-01        0.02
   5     -1383.365477989     -2.24e-02      3.56e-02        0.02
   6     -1383.365849161     -3.71e-04      4.82e-02        0.03
   7     -1383.366452592     -6.03e-04      1.30e-02        0.02
   8     -1383.366656141     -2.04e-04      1.06e-02        0.02
   9     -1383.366838357     -1.82e-04      7.53e-03        0.03
  10     -1383.366944384     -1.06e-04      5.39e-03        0.02
  11     -1383.367013376     -6.90e-05      4.51e-03        0.02
  12     -1383.367044499     -3.11e-05      4.16e-03        0.02
  13     -1383.367085583     -4.11e-05      3.61e-03        0.02
  14     -1383.367135572     -5.00e-05      3.08e-03        0.02
  15     -1383.367236176     -1.01e-04      3.36e-03        0.02
  16     -1383.367282730     -4.66e-05      2.90e-03        0.02
  17     -1383.367376628     -9.39e-05      5.10e-03        0.02
  18     -1383.367448003     -7.14e-05      3.57e-03        0.03
  19     -1383.367486653     -3.86e-05      3.28e-03        0.02
  20     -1383.367496099     -9.45e-06      9.81e-04        0.02
  21     -1383.367506879     -1.08e-05      8.08e-03        0.02
  22     -1383.367510823     -3.94e-06      6.35e-03        0.02
  23     -1383.367514122     -3.30e-06      4.33e-03        0.02
  24     -1383.367515943     -1.82e-06      2.69e-03        0.02
  25     -1383.367516755     -8.13e-07      1.46e-03        0.02
  26     -1383.367517048     -2.93e-07      6.75e-04        0.02
  27     -1383.367517136     -8.81e-08      8.97e-05        0.02
  28     -1383.367517139     -2.86e-09      1.00e-04        0.02
  29     -1383.367517143     -3.66e-09      1.51e-05        0.02
  30     -1383.367517143     -3.25e-10      7.01e-06        0.02

 SCF converged in 30 iterations.

 Dipole moment (in Debye):               0.000008      -0.000013      -3.140531

 Quadrupole moment (in Debye-Angstrom):
                  1            2            3
 1       -15.908777    -0.265835    -0.000017
 2        -0.265835   -15.908823     0.000049
 3        -0.000017     0.000049   -16.299321

 Spin-squared expectation <S^2>:         2.030
 Total spin quantum number S:            1.010
 TOTAL ENERGY:                       -1383.367517143
 Saving results in set 'guess'

 --------------------------------------------------------------------------------
                                   command: dft                                  
 --------------------------------------------------------------------------------
 AO basis set:                           aug-cc-pvtz
 Number of AO basis functions:         116

 Formula:                                HCo
 Nuclear charge:                        28.000000000
 Total charge:                           0.000000000
 Number of electrons:                   28.000000000

 Number of alpha electrons:             15
 Number of beta electrons:              13
 Number of unpaired electrons:           2
 Spin:                                   2
 Multiplicity:                           triplet

 Theory:                                 dft
 Exchange-correlation functional:        wb97x

 Using range separated hybrid functional
 Range separation parameter:             0.300000000
 Short range exact exchange:             0.263800000
 Total long range exact exchange:        1.000000000

 Method for Coulomb:                     incore_df
 Method for exact exchange:              pre_transformed_df
 Integral threshold:                     1.00e-12
 DF basis set:                           def2-tzvp-jkfit(spdfghi)
 Number of DF basis functions:         282
 Schwarz screening threshold:            1.00e-10
 Coulomb fitting method:                 Cholesky

 ------------------
  UW12 Correlation 
 ------------------
 Factor for UW12 correlation:            1.000000000
 Same spin scale factor:                 0.000000000
 Calculate indirect contribution:        false
 Method for three electron term:         df_ri
 Auxiliary RI basis set:                 Def2-TZVP-RI
 Number of RI basis functions:         197
 Gaussians in geminal expansion:         4
 UW12 screening threshold:               1.00e-16
 Method for density-fitting:             w(r)
 Number of core spatial orbitals:        5

 Total number of grid points:        13826
 Method for AO orthogonalization:        symmetric
 Threshold for linear dependence:        1.00e-07
 D3BJ dispersion energy:                -0.000861809

 -------------------------------------
  Running unrestricted open-shell SCF 
 -------------------------------------
 Max number of iterations:             128
 Conv. threshold (gradient):             1.00e-05
 Conv. threshold (energy):               1.00e-06
 Interpolation scheme:                   adiis+cdiis
 Initializing maximum overlap method (MOM)

 ---------------------------------------------------------------
                  energy        change          grad        time
 ---------------------------------------------------------------
   0     -1383.366941760                    4.20e-02        3.38
   1     -1383.367124022     -1.82e-04      1.43e-02        0.25
   2     -1383.367176133     -5.21e-05      9.88e-03        0.22
   3     -1383.367202223     -2.61e-05      7.46e-03        0.21
   4     -1383.367235435     -3.32e-05      5.54e-03        0.19
   5     -1383.367259089     -2.37e-05      3.83e-03        0.20
   6     -1383.367271706     -1.26e-05      3.19e-03        0.19
   7     -1383.367278217     -6.51e-06      2.53e-03        0.20
   8     -1383.367282786     -4.57e-06      2.16e-03        0.19
   9     -1383.367285781     -3.00e-06      1.83e-03        0.20
  10     -1383.367289584     -3.80e-06      1.40e-03        0.20
  11     -1383.367292137     -2.55e-06      1.08e-03        0.19
  12     -1383.367293547     -1.41e-06      7.98e-04        0.19
  13     -1383.367294518     -9.71e-07      6.00e-04        0.21
  14     -1383.367294917     -3.99e-07      4.92e-04        0.20
  15     -1383.367295191     -2.74e-07      3.98e-04        0.18
  16     -1383.367295351     -1.60e-07      3.26e-04        0.17
  17     -1383.367295472     -1.20e-07      2.56e-04        0.17
  18     -1383.367295583     -1.12e-07      1.91e-04        0.19
  19     -1383.367295637     -5.34e-08      1.52e-04        0.20
  20     -1383.367295660     -2.30e-08      1.19e-04        0.20
  21     -1383.367295674     -1.46e-08      8.61e-05        0.21
  22     -1383.367295680     -5.16e-09      6.10e-05        0.20
  23     -1383.367295682     -2.58e-09      4.64e-05        0.19
  24     -1383.367295685     -2.42e-09      3.94e-05        0.19
  25     -1383.367295686     -1.34e-09      3.32e-05        0.19
  26     -1383.367295686     -3.87e-10      2.90e-05        0.21
  27     -1383.367295688     -2.07e-09      2.29e-05        0.20
  28     -1383.367295691     -2.60e-09      1.75e-05        0.19
  29     -1383.367295691      2.76e-10      1.15e-05        0.18
  30     -1383.367295690      5.64e-10      6.67e-06        0.20

 SCF converged in 30 iterations.

 Dipole moment (in Debye):               0.000011      -0.000016      -3.011546

 Quadrupole moment (in Debye-Angstrom):
                  1            2            3
 1       -15.991883    -0.323037    -0.000035
 2        -0.323037   -15.991943     0.000061
 3        -0.000035     0.000061   -16.311935

 Spin-squared expectation <S^2>:         2.033
 Total spin quantum number S:            1.011
 TOTAL ENERGY:                       -1383.367295691

 --------------------------------------------------------------------------------

 End time:                               Wed Jun  2 14:41:30 2021
 Total wall-clock time:                 16.449 seconds
==================================================================================
