
================================================================================
          _____________ ________ _______________ ________     _________         
         / ___________// ______ \\_____   _____// ______ \   / ________)        
        / /_________  / /      \ \     | |     / /      \ \ | (_______          
       |  __________|| |        | |    | |    | |        | | \________ \        
        \ \_________ | |        | |    | |     \ \______/ /___________) |       
         \__________||_|        |_|    |_|      \________//____________/        
                                                                                
====================================[ Qcore ]===================================

 Git hash:   15a3e7daff0cda5fa9af010ccd19a80288182ecf
 Git date:   Fri, 16 Apr 2021 15:57:16 +0100
 Compiler:   GNU 9.1.0
 Build type: Release
 Version:    1.1.0

 Start time: Wed Jun  2 14:16:29 2021

 Data directory: /work/zw18965/.local/qcore/share/entos/1.1.0/data
 Number of threads: 24
 Number of threads was determined by: number of physical cores

 --------------------------------------------------------------------------------
                                   command: dft                                  
 --------------------------------------------------------------------------------
 AO basis set:                           aug-cc-pvtz
 Number of AO basis functions:         152

 Formula:                                CoBr
 Nuclear charge:                        62.000000000
 Total charge:                           0.000000000
 Number of electrons:                   62.000000000

 Number of alpha electrons:             32
 Number of beta electrons:              30
 Number of unpaired electrons:           2
 Spin:                                   2
 Multiplicity:                           triplet

 Theory:                                 dft
 Exchange-correlation functional:        wb97x

 Using range separated hybrid functional
 Range separation parameter:             0.300000000
 Short range exact exchange:             0.263800000
 Total long range exact exchange:        1.000000000

 Method for Coulomb:                     incore_df
 Method for exact exchange:              pre_transformed_df
 Integral threshold:                     1.00e-12
 DF basis set:                           def2-tzvp-jkfit(spdfghi)
 Number of DF basis functions:         530
 Schwarz screening threshold:            1.00e-10
 Coulomb fitting method:                 Cholesky

 ------------------
  UW12 Correlation 
 ------------------
 Factor for UW12 correlation:            1.000000000
 Same spin scale factor:                 0.000000000
 Calculate indirect contribution:        false
 Method for three electron term:         df_ri
 Auxiliary RI basis set:                 Def2-TZVP-RI
 Number of RI basis functions:         341
 Gaussians in geminal expansion:         4
 UW12 screening threshold:               1.00e-14
 Method for density-fitting:             w(r)
 Number of core spatial orbitals:       14

 Total number of grid points:        16100
 Method for AO orthogonalization:        symmetric
 Threshold for linear dependence:        1.00e-08
 D3BJ dispersion energy:                -0.004050868

 -------------------------------------
  Running unrestricted open-shell SCF 
 -------------------------------------
 Max number of iterations:             128
 Conv. threshold (gradient):             1.00e-05
 Conv. threshold (energy):               1.00e-06
 Interpolation scheme:                   adiis+cdiis
 Initial guess:                          H0

 ---------------------------------------------------------------
                  energy        change          grad        time
 ---------------------------------------------------------------
   0     -3871.958095259                    1.03e+01        6.28
   1     -3806.820813528      6.51e+01      1.19e+01        0.95
   2     -3876.709722409     -6.99e+01      1.08e+01        0.96
   3     -3916.491518771     -3.98e+01      8.93e+00        0.96
   4     -3940.290101935     -2.38e+01      3.20e+00        0.93
   5     -3953.784710133     -1.35e+01      4.14e+00        0.93
   6     -3931.982966128      2.18e+01      6.02e+00        0.94
   7     -3956.182247450     -2.42e+01      1.98e+00        0.97
   8     -3956.636276069     -4.54e-01      1.72e+00        0.95
   9     -3956.938537297     -3.02e-01      7.86e-01        0.96
  10     -3957.024432019     -8.59e-02      4.50e-01        0.95
  11     -3957.048530743     -2.41e-02      2.71e-01        0.96
  12     -3957.059549648     -1.10e-02      2.06e-01        0.98
  13     -3957.066099580     -6.55e-03      1.35e-01        0.97
  14     -3957.068922198     -2.82e-03      1.44e-01        0.96
  15     -3957.072070003     -3.15e-03      9.35e-02        0.98
  16     -3957.073855450     -1.79e-03      1.30e-01        0.97
  17     -3957.083030254     -9.17e-03      4.65e-02        0.95
  18     -3957.083790880     -7.61e-04      4.87e-02        0.97
  19     -3957.093912678     -1.01e-02      5.60e-02        0.96
  20     -3957.094159309     -2.47e-04      4.43e-02        0.96
  21     -3957.095571140     -1.41e-03      4.40e-02        0.95
  22     -3957.095848094     -2.77e-04      3.66e-02        0.96
  23     -3957.096408892     -5.61e-04      1.46e-02        0.95
  24     -3957.096584500     -1.76e-04      5.45e-03        0.95
  25     -3957.096622504     -3.80e-05      3.92e-03        0.94
  26     -3957.096643696     -2.12e-05      2.90e-03        0.95
  27     -3957.096661023     -1.73e-05      1.88e-03        0.95
  28     -3957.096666357     -5.33e-06      8.03e-04        0.91
  29     -3957.096667758     -1.40e-06      4.72e-04        0.93
  30     -3957.096668003     -2.45e-07      1.65e-04        0.94
  31     -3957.096668042     -3.94e-08      6.05e-05        0.93
  32     -3957.096668039      3.47e-09      3.37e-05        0.94
  33     -3957.096668036      2.19e-09      2.76e-05        0.98
  34     -3957.096668041     -4.14e-09      1.70e-05        0.98
  35     -3957.096668041     -1.16e-10      6.93e-06        0.96

 SCF converged in 35 iterations.

 Dipole moment (in Debye):              -0.000000      -0.000000      -5.123488

 Quadrupole moment (in Debye-Angstrom):
                  1            2            3
 1       -33.041435     0.280681     0.000000
 2         0.280681   -33.052875     0.000000
 3         0.000000     0.000000   -25.137511

 Spin-squared expectation <S^2>:         2.033
 Total spin quantum number S:            1.011
 TOTAL ENERGY:                       -3957.096668041

 --------------------------------------------------------------------------------

 End time:                               Wed Jun  2 14:17:13 2021
 Total wall-clock time:                 44.292 seconds
==================================================================================
