
================================================================================
          _____________ ________ _______________ ________     _________         
         / ___________// ______ \\_____   _____// ______ \   / ________)        
        / /_________  / /      \ \     | |     / /      \ \ | (_______          
       |  __________|| |        | |    | |    | |        | | \________ \        
        \ \_________ | |        | |    | |     \ \______/ /___________) |       
         \__________||_|        |_|    |_|      \________//____________/        
                                                                                
====================================[ Qcore ]===================================

 Git hash:   15a3e7daff0cda5fa9af010ccd19a80288182ecf
 Git date:   Fri, 16 Apr 2021 15:57:16 +0100
 Compiler:   GNU 9.1.0
 Build type: Release
 Version:    1.1.0

 Start time: Wed Jun  2 12:11:57 2021

 Data directory: /work/zw18965/.local/qcore/share/entos/1.1.0/data
 Number of threads: 24
 Number of threads was determined by: command line argument
  - More threads can be used by running 'qcore -n 32'

 --------------------------------------------------------------------------------
                                   command: dft                                  
 --------------------------------------------------------------------------------
 AO basis set:                           aug-cc-pvtz
 Number of AO basis functions:         139

 Formula:                                OCo
 Nuclear charge:                        35.000000000
 Total charge:                           0.000000000
 Number of electrons:                   35.000000000

 Number of alpha electrons:             19
 Number of beta electrons:              16
 Number of unpaired electrons:           3
 Spin:                                   3
 Multiplicity:                           quartet

 Theory:                                 dft
 Exchange-correlation functional:        wb97x

 Using range separated hybrid functional
 Range separation parameter:             0.300000000
 Short range exact exchange:             0.263800000
 Total long range exact exchange:        1.000000000

 Method for Coulomb:                     incore_df
 Method for exact exchange:              pre_transformed_df
 Integral threshold:                     1.00e-12
 DF basis set:                           def2-tzvp-jkfit(spdfghi)
 Number of DF basis functions:         341
 Schwarz screening threshold:            1.00e-10
 Coulomb fitting method:                 Cholesky

 ------------------
  UW12 Correlation 
 ------------------
 Factor for UW12 correlation:            1.000000000
 Same spin scale factor:                 0.000000000
 Calculate indirect contribution:        false
 Method for three electron term:         df_ri
 Auxiliary RI basis set:                 Def2-TZVP-RI
 Number of RI basis functions:         258
 Gaussians in geminal expansion:         4
 UW12 screening threshold:               1.00e-12
 Method for density-fitting:             w(r)
 Number of core spatial orbitals:        6

 Total number of grid points:        14880
 Method for AO orthogonalization:        symmetric
 Threshold for linear dependence:        1.00e-08
 D3BJ dispersion energy:                -0.001430019

 -------------------------------------
  Running unrestricted open-shell SCF 
 -------------------------------------
 Max number of iterations:             128
 Conv. threshold (gradient):             1.00e-05
 Conv. threshold (energy):               1.00e-06
 Interpolation scheme:                   adiis+cdiis
 Initial guess:                          H0

 ---------------------------------------------------------------
                  energy        change          grad        time
 ---------------------------------------------------------------
   0     -1302.748441882                    1.76e+01        3.54
   1     -1303.505813110     -7.57e-01      9.54e+00        0.33
   2     -1378.789564840     -7.53e+01      1.50e+01        0.31
   3     -1451.284556119     -7.25e+01      5.37e+00        0.30
   4     -1443.872857452      7.41e+00      5.90e+00        0.29
   5     -1457.203321060     -1.33e+01      1.94e+00        0.29
   6     -1450.160372192      7.04e+00      3.95e+00        0.29
   7     -1457.513901063     -7.35e+00      1.54e+00        0.30
   8     -1457.945889939     -4.32e-01      3.71e-01        0.30
   9     -1457.902230101      4.37e-02      6.20e-01        0.30
  10     -1457.979491051     -7.73e-02      1.07e-01        0.31
  11     -1457.973270160      6.22e-03      2.16e-01        0.30
  12     -1457.982917988     -9.65e-03      5.58e-02        0.30
  13     -1457.981249127      1.67e-03      1.23e-01        0.31
  14     -1457.984188317     -2.94e-03      1.36e-02        0.29
  15     -1457.984462572     -2.74e-04      8.39e-03        0.29
  16     -1457.984586593     -1.24e-04      4.47e-03        0.29
  17     -1457.984669468     -8.29e-05      4.45e-03        0.29
  18     -1457.984692244     -2.28e-05      9.03e-04        0.29
  19     -1457.984695327     -3.08e-06      6.05e-04        0.30
  20     -1457.984695555     -2.27e-07      9.29e-05        0.30
  21     -1457.984695562     -6.98e-09      5.38e-05        0.30
  22     -1457.984695564     -2.49e-09      2.33e-05        0.29
  23     -1457.984695563      1.17e-09      7.31e-06        0.29

 SCF converged in 23 iterations.

 Dipole moment (in Debye):               0.000000       0.000000      -4.948652

 Quadrupole moment (in Debye-Angstrom):
                  1            2            3
 1       -19.793936    -0.000000    -0.000000
 2        -0.000000   -19.793936    -0.000000
 3        -0.000000    -0.000000   -20.191415

 Spin-squared expectation <S^2>:         3.803
 Total spin quantum number S:            1.513
 TOTAL ENERGY:                       -1457.984695564

 --------------------------------------------------------------------------------

 End time:                               Wed Jun  2 12:12:10 2021
 Total wall-clock time:                 12.689 seconds
==================================================================================
