
================================================================================
          _____________ ________ _______________ ________     _________         
         / ___________// ______ \\_____   _____// ______ \   / ________)        
        / /_________  / /      \ \     | |     / /      \ \ | (_______          
       |  __________|| |        | |    | |    | |        | | \________ \        
        \ \_________ | |        | |    | |     \ \______/ /___________) |       
         \__________||_|        |_|    |_|      \________//____________/        
                                                                                
====================================[ Qcore ]===================================

 Git hash:   15a3e7daff0cda5fa9af010ccd19a80288182ecf
 Git date:   Fri, 16 Apr 2021 15:57:16 +0100
 Compiler:   GNU 9.1.0
 Build type: Release
 Version:    1.1.0

 Start time: Wed Jun  2 12:12:51 2021

 Data directory: /work/zw18965/.local/qcore/share/entos/1.1.0/data
 Number of threads: 24
 Number of threads was determined by: command line argument
  - More threads can be used by running 'qcore -n 32'

 --------------------------------------------------------------------------------
                                   command: dft                                  
 --------------------------------------------------------------------------------
 AO basis set:                           aug-cc-pvtz
 Number of AO basis functions:         143

 Formula:                                ClNi
 Nuclear charge:                        45.000000000
 Total charge:                           0.000000000
 Number of electrons:                   45.000000000

 Number of alpha electrons:             23
 Number of beta electrons:              22
 Number of unpaired electrons:           1
 Spin:                                   1
 Multiplicity:                           doublet

 Theory:                                 dft
 Exchange-correlation functional:        wb97x

 Using range separated hybrid functional
 Range separation parameter:             0.300000000
 Short range exact exchange:             0.263800000
 Total long range exact exchange:        1.000000000

 Method for Coulomb:                     incore_df
 Method for exact exchange:              pre_transformed_df
 Integral threshold:                     1.00e-12
 DF basis set:                           def2-tzvp-jkfit(spdfghi)
 Number of DF basis functions:         392
 Schwarz screening threshold:            1.00e-10
 Coulomb fitting method:                 Cholesky

 ------------------
  UW12 Correlation 
 ------------------
 Factor for UW12 correlation:            1.000000000
 Same spin scale factor:                 0.000000000
 Calculate indirect contribution:        false
 Method for three electron term:         df_ri
 Auxiliary RI basis set:                 Def2-TZVP-RI
 Number of RI basis functions:         295
 Gaussians in geminal expansion:         4
 UW12 screening threshold:               1.00e-12
 Method for density-fitting:             w(r)
 Number of core spatial orbitals:       10

 Total number of grid points:        15430
 Method for AO orthogonalization:        symmetric
 Threshold for linear dependence:        1.00e-08
 D3BJ dispersion energy:                -0.003445836

 -------------------------------------
  Running unrestricted open-shell SCF 
 -------------------------------------
 Max number of iterations:             128
 Conv. threshold (gradient):             1.00e-05
 Conv. threshold (energy):               1.00e-06
 Interpolation scheme:                   adiis+cdiis
 Initial guess:                          H0

 ---------------------------------------------------------------
                  energy        change          grad        time
 ---------------------------------------------------------------
   0     -1763.720804533                    1.84e+01        4.37
   1     -1779.134208112     -1.54e+01      8.91e+00        0.46
   2     -1640.480443947      1.39e+02      1.76e+01        0.45
   3     -1943.651124503     -3.03e+02      8.63e+00        0.46
   4     -1936.124719606      7.53e+00      7.02e+00        0.45
   5     -1967.561211160     -3.14e+01      1.28e+00        0.46
   6     -1966.130015534      1.43e+00      2.87e+00        0.46
   7     -1968.606187307     -2.48e+00      2.19e-01        0.46
   8     -1968.619176246     -1.30e-02      1.39e-01        0.46
   9     -1968.621945247     -2.77e-03      9.75e-02        0.44
  10     -1968.624148035     -2.20e-03      7.78e-02        0.45
  11     -1968.625786406     -1.64e-03      2.19e-02        0.45
  12     -1968.626109903     -3.23e-04      1.33e-02        0.46
  13     -1968.626322922     -2.13e-04      9.16e-03        0.45
  14     -1968.626469188     -1.46e-04      6.61e-03        0.44
  15     -1968.626546093     -7.69e-05      3.94e-03        0.44
  16     -1968.626586556     -4.05e-05      2.92e-03        0.44
  17     -1968.626614002     -2.74e-05      2.73e-03        0.44
  18     -1968.626628684     -1.47e-05      2.71e-03        0.44
  19     -1968.626647493     -1.88e-05      2.63e-03        0.46
  20     -1968.626691728     -4.42e-05      2.48e-03        0.45
  21     -1968.626737755     -4.60e-05      2.37e-03        0.45
  22     -1968.626809331     -7.16e-05      2.11e-03        0.45
  23     -1968.626797695      1.16e-05      1.99e-03        0.45
  24     -1968.626911530     -1.14e-04      2.34e-02        0.45
  25     -1968.626929458     -1.79e-05      2.02e-02        0.46
  26     -1968.626946105     -1.66e-05      1.90e-02        0.45
  27     -1968.626974762     -2.87e-05      1.57e-02        0.45
  28     -1968.627002662     -2.79e-05      1.09e-02        0.44
  29     -1968.627027842     -2.52e-05      1.99e-03        0.46
  30     -1968.627029463     -1.62e-06      4.65e-04        0.47
  31     -1968.627029601     -1.38e-07      2.33e-04        0.46
  32     -1968.627029622     -2.14e-08      3.19e-04        0.44
  33     -1968.627029662     -4.04e-08      1.63e-04        0.46
  34     -1968.627029680     -1.71e-08      1.02e-04        0.45
  35     -1968.627029683     -3.61e-09      7.70e-05        0.45
  36     -1968.627029684     -6.16e-10      1.32e-05        0.46
  37     -1968.627029685     -1.23e-09      1.23e-05        0.45
  38     -1968.627029685     -2.97e-10      1.13e-05        0.46
  39     -1968.627029686     -3.37e-10      1.03e-05        0.44
  40     -1968.627029687     -1.08e-09      9.77e-06        0.45

 SCF converged in 40 iterations.

 Dipole moment (in Debye):              -0.000000      -0.000000      -5.176068

 Quadrupole moment (in Debye-Angstrom):
                  1            2            3
 1       -26.550306     0.000031     0.000000
 2         0.000031   -26.550293     0.000000
 3         0.000000     0.000000   -24.355797

 Spin-squared expectation <S^2>:         0.775
 Total spin quantum number S:            0.512
 TOTAL ENERGY:                       -1968.627029687

 --------------------------------------------------------------------------------

 End time:                               Wed Jun  2 12:13:17 2021
 Total wall-clock time:                 25.081 seconds
==================================================================================
