
================================================================================
          _____________ ________ _______________ ________     _________         
         / ___________// ______ \\_____   _____// ______ \   / ________)        
        / /_________  / /      \ \     | |     / /      \ \ | (_______          
       |  __________|| |        | |    | |    | |        | | \________ \        
        \ \_________ | |        | |    | |     \ \______/ /___________) |       
         \__________||_|        |_|    |_|      \________//____________/        
                                                                                
====================================[ Qcore ]===================================

 Git hash:   15a3e7daff0cda5fa9af010ccd19a80288182ecf
 Git date:   Fri, 16 Apr 2021 15:57:16 +0100
 Compiler:   GNU 9.1.0
 Build type: Release
 Version:    1.1.0

 Start time: Wed Jun  2 12:17:28 2021

 Data directory: /work/zw18965/.local/qcore/share/entos/1.1.0/data
 Number of threads: 24
 Number of threads was determined by: command line argument
  - More threads can be used by running 'qcore -n 32'

 --------------------------------------------------------------------------------
                                   command: dft                                  
 --------------------------------------------------------------------------------
 AO basis set:                           aug-cc-pvtz
 Number of AO basis functions:         139

 Formula:                                OCu
 Nuclear charge:                        37.000000000
 Total charge:                           0.000000000
 Number of electrons:                   37.000000000

 Number of alpha electrons:             19
 Number of beta electrons:              18
 Number of unpaired electrons:           1
 Spin:                                   1
 Multiplicity:                           doublet

 Theory:                                 dft
 Exchange-correlation functional:        wb97x

 Using range separated hybrid functional
 Range separation parameter:             0.300000000
 Short range exact exchange:             0.263800000
 Total long range exact exchange:        1.000000000

 Method for Coulomb:                     incore_df
 Method for exact exchange:              pre_transformed_df
 Integral threshold:                     1.00e-12
 DF basis set:                           def2-tzvp-jkfit(spdfghi)
 Number of DF basis functions:         341
 Schwarz screening threshold:            1.00e-10
 Coulomb fitting method:                 Cholesky

 ------------------
  UW12 Correlation 
 ------------------
 Factor for UW12 correlation:            1.000000000
 Same spin scale factor:                 0.000000000
 Calculate indirect contribution:        false
 Method for three electron term:         df_ri
 Auxiliary RI basis set:                 Def2-TZVP-RI
 Number of RI basis functions:         258
 Gaussians in geminal expansion:         4
 UW12 screening threshold:               1.00e-12
 Method for density-fitting:             w(r)
 Number of core spatial orbitals:        6

 Total number of grid points:        14880
 Method for AO orthogonalization:        symmetric
 Threshold for linear dependence:        1.00e-08
 D3BJ dispersion energy:                -0.001269959

 -------------------------------------
  Running unrestricted open-shell SCF 
 -------------------------------------
 Max number of iterations:             128
 Conv. threshold (gradient):             1.00e-05
 Conv. threshold (energy):               1.00e-06
 Interpolation scheme:                   adiis+cdiis
 Initial guess:                          H0

 ---------------------------------------------------------------
                  energy        change          grad        time
 ---------------------------------------------------------------
   0     -1497.285614557                    1.73e+01        3.74
   1     -1508.749138649     -1.15e+01      1.00e+01        0.37
   2     -1620.347742394     -1.12e+02      1.84e+01        0.34
   3     -1708.676727829     -8.83e+01      5.96e+00        0.31
   4     -1707.683509414      9.93e-01      4.91e+00        0.31
   5     -1714.380355810     -6.70e+00      3.03e+00        0.31
   6     -1712.954795588      1.43e+00      2.69e+00        0.32
   7     -1715.499044209     -2.54e+00      9.29e-01        0.33
   8     -1715.411445449      8.76e-02      9.45e-01        0.32
   9     -1715.662828673     -2.51e-01      6.28e-01        0.33
  10     -1715.501728789      1.61e-01      9.20e-01        0.33
  11     -1715.708619067     -2.07e-01      3.03e-01        0.33
  12     -1715.719997533     -1.14e-02      2.52e-01        0.32
  13     -1715.729436396     -9.44e-03      8.51e-02        0.32
  14     -1715.729672303     -2.36e-04      1.22e-01        0.32
  15     -1715.733776837     -4.10e-03      1.13e-02        0.31
  16     -1715.733839472     -6.26e-05      5.01e-03        0.31
  17     -1715.733850442     -1.10e-05      1.86e-03        0.30
  18     -1715.733852708     -2.27e-06      1.54e-03        0.30
  19     -1715.733853801     -1.09e-06      6.50e-04        0.30
  20     -1715.733854091     -2.90e-07      3.45e-04        0.32
  21     -1715.733854193     -1.02e-07      1.75e-04        0.31
  22     -1715.733854246     -5.32e-08      8.79e-05        0.31
  23     -1715.733854255     -8.73e-09      1.65e-05        0.32
  24     -1715.733854255     -2.86e-10      6.37e-06        0.31

 SCF converged in 24 iterations.

 Dipole moment (in Debye):               0.000000       0.000000      -4.790556

 Quadrupole moment (in Debye-Angstrom):
                  1            2            3
 1       -18.188814    -0.779932    -0.000000
 2        -0.779932   -18.204914    -0.000000
 3        -0.000000    -0.000000   -20.005537

 Spin-squared expectation <S^2>:         0.760
 Total spin quantum number S:            0.505
 TOTAL ENERGY:                       -1715.733854256

 --------------------------------------------------------------------------------

 End time:                               Wed Jun  2 12:17:42 2021
 Total wall-clock time:                 13.665 seconds
==================================================================================
