
================================================================================
          _____________ ________ _______________ ________     _________         
         / ___________// ______ \\_____   _____// ______ \   / ________)        
        / /_________  / /      \ \     | |     / /      \ \ | (_______          
       |  __________|| |        | |    | |    | |        | | \________ \        
        \ \_________ | |        | |    | |     \ \______/ /___________) |       
         \__________||_|        |_|    |_|      \________//____________/        
                                                                                
====================================[ Qcore ]===================================

 Git hash:   15a3e7daff0cda5fa9af010ccd19a80288182ecf
 Git date:   Fri, 16 Apr 2021 15:57:16 +0100
 Compiler:   GNU 9.1.0
 Build type: Release
 Version:    1.1.0

 Start time: Wed Jun  2 12:19:12 2021

 Data directory: /work/zw18965/.local/qcore/share/entos/1.1.0/data
 Number of threads: 24
 Number of threads was determined by: command line argument
  - More threads can be used by running 'qcore -n 32'

 --------------------------------------------------------------------------------
                                   command: dft                                  
 --------------------------------------------------------------------------------
 AO basis set:                           aug-cc-pvtz
 Number of AO basis functions:         143

 Formula:                                SZn
 Nuclear charge:                        46.000000000
 Total charge:                           0.000000000
 Number of electrons:                   46.000000000

 Number of alpha electrons:             23
 Number of beta electrons:              23
 Number of unpaired electrons:           0
 Spin:                                   0
 Multiplicity:                           singlet

 Theory:                                 dft
 Exchange-correlation functional:        wb97x

 Using range separated hybrid functional
 Range separation parameter:             0.300000000
 Short range exact exchange:             0.263800000
 Total long range exact exchange:        1.000000000

 Method for Coulomb:                     incore_df
 Method for exact exchange:              pre_transformed_df
 Integral threshold:                     1.00e-12
 DF basis set:                           def2-tzvp-jkfit(spdfghi)
 Number of DF basis functions:         392
 Schwarz screening threshold:            1.00e-10
 Coulomb fitting method:                 Cholesky

 ------------------
  UW12 Correlation 
 ------------------
 Factor for UW12 correlation:            1.000000000
 Same spin scale factor:                 0.000000000
 Calculate indirect contribution:        false
 Method for three electron term:         df_ri
 Auxiliary RI basis set:                 Def2-TZVP-RI
 Number of RI basis functions:         298
 Gaussians in geminal expansion:         4
 UW12 screening threshold:               1.00e-12
 Method for density-fitting:             w(r)
 Number of core spatial orbitals:       10

 Total number of grid points:        15286
 Method for AO orthogonalization:        symmetric
 Threshold for linear dependence:        1.00e-08
 D3BJ dispersion energy:                -0.004046265

 -------------------------------------
  Running restricted closed-shell SCF 
 -------------------------------------
 Max number of iterations:             128
 Conv. threshold (gradient):             1.00e-05
 Conv. threshold (energy):               1.00e-06
 Interpolation scheme:                   adiis+cdiis
 Initial guess:                          H0

 ---------------------------------------------------------------
                  energy        change          grad        time
 ---------------------------------------------------------------
   0     -1926.016850002                    4.48e+01        4.24
   1     -1946.296805079     -2.03e+01      2.19e+01        0.23
   2     -1849.501979445      9.68e+01      4.77e+01        0.22
   3     -2160.553683998     -3.11e+02      1.30e+01        0.22
   4     -2120.913148910      3.96e+01      1.63e+01        0.23
   5     -2176.800408201     -5.59e+01      2.44e+00        0.22
   6     -2174.526986782      2.27e+00      3.57e+00        0.22
   7     -2177.566827979     -3.04e+00      6.82e-01        0.22
   8     -2177.580748106     -1.39e-02      6.56e-01        0.22
   9     -2177.626486769     -4.57e-02      1.49e-01        0.22
  10     -2177.626945620     -4.59e-04      1.40e-01        0.22
  11     -2177.629742711     -2.80e-03      3.71e-02        0.23
  12     -2177.629713271      2.94e-05      6.32e-02        0.22
  13     -2177.630079789     -3.67e-04      4.82e-03        0.22
  14     -2177.630095120     -1.53e-05      1.88e-03        0.23
  15     -2177.630095848     -7.28e-07      1.58e-04        0.22
  16     -2177.630095858     -9.99e-09      7.00e-05        0.22
  17     -2177.630095857      5.21e-10      1.51e-05        0.23
  18     -2177.630095857      6.94e-10      4.88e-06        0.23

 SCF converged in 18 iterations.

 Dipole moment (in Debye):              -0.000000      -0.000000      -5.751784

 Quadrupole moment (in Debye-Angstrom):
                  1            2            3
 1       -28.797869    -0.000000     0.000000
 2        -0.000000   -28.797869     0.000000
 3         0.000000     0.000000   -24.317038

 Spin-squared expectation <S^2>:         0.000
 Total spin quantum number S:            0.000
 TOTAL ENERGY:                       -2177.630095858

 --------------------------------------------------------------------------------

 End time:                               Wed Jun  2 12:19:23 2021
 Total wall-clock time:                 10.809 seconds
==================================================================================
