
================================================================================
          _____________ ________ _______________ ________     _________         
         / ___________// ______ \\_____   _____// ______ \   / ________)        
        / /_________  / /      \ \     | |     / /      \ \ | (_______          
       |  __________|| |        | |    | |    | |        | | \________ \        
        \ \_________ | |        | |    | |     \ \______/ /___________) |       
         \__________||_|        |_|    |_|      \________//____________/        
                                                                                
====================================[ Qcore ]===================================

 Git hash:   15a3e7daff0cda5fa9af010ccd19a80288182ecf
 Git date:   Fri, 16 Apr 2021 15:57:16 +0100
 Compiler:   GNU 9.1.0
 Build type: Release
 Version:    1.1.0

 Start time: Wed Jun  2 12:19:23 2021

 Data directory: /work/zw18965/.local/qcore/share/entos/1.1.0/data
 Number of threads: 24
 Number of threads was determined by: command line argument
  - More threads can be used by running 'qcore -n 32'

 --------------------------------------------------------------------------------
                                   command: dft                                  
 --------------------------------------------------------------------------------
 AO basis set:                           aug-cc-pvtz
 Number of AO basis functions:          93

 Formula:                                Sc
 Nuclear charge:                        21.000000000
 Total charge:                           0.000000000
 Number of electrons:                   21.000000000

 Number of alpha electrons:             11
 Number of beta electrons:              10
 Number of unpaired electrons:           1
 Spin:                                   1
 Multiplicity:                           doublet

 Theory:                                 dft
 Exchange-correlation functional:        wb97x

 Using range separated hybrid functional
 Range separation parameter:             0.300000000
 Short range exact exchange:             0.263800000
 Total long range exact exchange:        1.000000000

 Method for Coulomb:                     incore_df
 Method for exact exchange:              pre_transformed_df
 Integral threshold:                     1.00e-12
 DF basis set:                           def2-tzvp-jkfit(spdfghi)
 Number of DF basis functions:         264
 Schwarz screening threshold:            1.00e-10
 Coulomb fitting method:                 Cholesky

 ------------------
  UW12 Correlation 
 ------------------
 Factor for UW12 correlation:            1.000000000
 Same spin scale factor:                 0.000000000
 Calculate indirect contribution:        false
 Method for three electron term:         df_ri
 Auxiliary RI basis set:                 Def2-TZVP-RI
 Number of RI basis functions:         182
 Gaussians in geminal expansion:         4
 UW12 screening threshold:               1.00e-12
 Method for density-fitting:             w(r)
 Number of core spatial orbitals:        5

 Total number of grid points:         7852
 Method for AO orthogonalization:        symmetric
 Threshold for linear dependence:        1.00e-08
 D3BJ dispersion energy:                 0.000000000

 -------------------------------------
  Running unrestricted open-shell SCF 
 -------------------------------------
 Max number of iterations:             128
 Conv. threshold (gradient):             1.00e-05
 Conv. threshold (energy):               1.00e-06
 Interpolation scheme:                   adiis+cdiis
 Initial guess:                          H0

 ---------------------------------------------------------------
                  energy        change          grad        time
 ---------------------------------------------------------------
   0      -749.260407074                    3.50e+00        2.19
   1      -734.294530131      1.50e+01      4.20e+00        0.12
   2      -755.152406817     -2.09e+01      2.30e+00        0.12
   3      -759.592420348     -4.44e+00      1.36e+00        0.12
   4      -759.356430247      2.36e-01      1.21e+00        0.12
   5      -760.610662402     -1.25e+00      1.37e-01        0.12
   6      -760.622223858     -1.16e-02      4.98e-02        0.12
   7      -760.623871505     -1.65e-03      2.17e-02        0.12
   8      -760.624229589     -3.58e-04      6.20e-03        0.12
   9      -760.624331841     -1.02e-04      4.07e-03        0.12
  10      -760.624395994     -6.42e-05      2.75e-03        0.12
  11      -760.624454115     -5.81e-05      1.19e-03        0.12
  12      -760.624462590     -8.48e-06      9.90e-04        0.12
  13      -760.624469375     -6.79e-06      6.13e-04        0.11
  14      -760.624472916     -3.54e-06      1.32e-04        0.12
  15      -760.624473017     -1.01e-07      6.54e-05        0.10
  16      -760.624473041     -2.47e-08      5.51e-05        0.11
  17      -760.624473065     -2.40e-08      4.89e-05        0.11
  18      -760.624473075     -9.65e-09      4.78e-05        0.11
  19      -760.624473082     -7.37e-09      4.67e-05        0.10
  20      -760.624473099     -1.65e-08      4.45e-05        0.10
  21      -760.624473139     -4.01e-08      3.85e-05        0.10
  22      -760.624473176     -3.73e-08      3.30e-05        0.11
  23      -760.624473208     -3.21e-08      2.28e-05        0.11
  24      -760.624473225     -1.63e-08      1.16e-05        0.11
  25      -760.624473227     -2.22e-09      7.88e-06        0.10

 SCF converged in 25 iterations.

 Dipole moment (in Debye):              -0.000000       0.000000       0.000001

 Quadrupole moment (in Debye-Angstrom):
                  1            2            3
 1       -22.521831     0.000538    -0.084697
 2         0.000538   -22.547477    -0.002640
 3        -0.084697    -0.002640   -22.269525

 Spin-squared expectation <S^2>:         0.757
 Total spin quantum number S:            0.504
 TOTAL ENERGY:                        -760.624473228

 --------------------------------------------------------------------------------

 End time:                               Wed Jun  2 12:19:30 2021
 Total wall-clock time:                  6.533 seconds
==================================================================================
