
================================================================================
          _____________ ________ _______________ ________     _________         
         / ___________// ______ \\_____   _____// ______ \   / ________)        
        / /_________  / /      \ \     | |     / /      \ \ | (_______          
       |  __________|| |        | |    | |    | |        | | \________ \        
        \ \_________ | |        | |    | |     \ \______/ /___________) |       
         \__________||_|        |_|    |_|      \________//____________/        
                                                                                
====================================[ Qcore ]===================================

 Git hash:   15a3e7daff0cda5fa9af010ccd19a80288182ecf
 Git date:   Fri, 16 Apr 2021 15:57:16 +0100
 Compiler:   GNU 9.1.0
 Build type: Release
 Version:    1.1.0

 Start time: Wed Jun  2 12:20:04 2021

 Data directory: /work/zw18965/.local/qcore/share/entos/1.1.0/data
 Number of threads: 24
 Number of threads was determined by: command line argument
  - More threads can be used by running 'qcore -n 32'

 --------------------------------------------------------------------------------
                                   command: dft                                  
 --------------------------------------------------------------------------------
 AO basis set:                           aug-cc-pvtz
 Number of AO basis functions:          93

 Formula:                                Cr
 Nuclear charge:                        24.000000000
 Total charge:                           0.000000000
 Number of electrons:                   24.000000000

 Number of alpha electrons:             15
 Number of beta electrons:               9
 Number of unpaired electrons:           6
 Spin:                                   6
 Multiplicity:                           octet

 Theory:                                 dft
 Exchange-correlation functional:        wb97x

 Using range separated hybrid functional
 Range separation parameter:             0.300000000
 Short range exact exchange:             0.263800000
 Total long range exact exchange:        1.000000000

 Method for Coulomb:                     incore_df
 Method for exact exchange:              pre_transformed_df
 Integral threshold:                     1.00e-12
 DF basis set:                           def2-tzvp-jkfit(spdfghi)
 Number of DF basis functions:         264
 Schwarz screening threshold:            1.00e-10
 Coulomb fitting method:                 Cholesky

 ------------------
  UW12 Correlation 
 ------------------
 Factor for UW12 correlation:            1.000000000
 Same spin scale factor:                 0.000000000
 Calculate indirect contribution:        false
 Method for three electron term:         df_ri
 Auxiliary RI basis set:                 Def2-TZVP-RI
 Number of RI basis functions:         182
 Gaussians in geminal expansion:         4
 UW12 screening threshold:               1.00e-12
 Method for density-fitting:             w(r)
 Number of core spatial orbitals:        5

 Total number of grid points:         7828
 Method for AO orthogonalization:        symmetric
 Threshold for linear dependence:        1.00e-08
 D3BJ dispersion energy:                 0.000000000

 -------------------------------------
  Running unrestricted open-shell SCF 
 -------------------------------------
 Max number of iterations:             128
 Conv. threshold (gradient):             1.00e-05
 Conv. threshold (energy):               1.00e-06
 Interpolation scheme:                   adiis+cdiis
 Initial guess:                          H0

 ---------------------------------------------------------------
                  energy        change          grad        time
 ---------------------------------------------------------------
   0     -1003.933803244                    8.99e+00        2.18
   1      -984.450787970      1.95e+01      7.96e+00        0.13
   2     -1030.625940993     -4.62e+01      5.03e+00        0.14
   3     -1042.491662182     -1.19e+01      1.84e+00        0.13
   4     -1042.646310234     -1.55e-01      1.65e+00        0.12
   5     -1044.429491110     -1.78e+00      7.20e-02        0.12
   6     -1044.433439861     -3.95e-03      2.16e-02        0.11
   7     -1044.434002348     -5.62e-04      1.17e-02        0.12
   8     -1044.434166203     -1.64e-04      1.73e-03        0.11
   9     -1044.434174879     -8.68e-06      1.80e-04        0.12
  10     -1044.434174973     -9.46e-08      2.87e-05        0.12
  11     -1044.434174975     -1.92e-09      3.74e-06        0.12

 SCF converged in 11 iterations.

 Dipole moment (in Debye):              -0.000000       0.000000       0.000000

 Quadrupole moment (in Debye-Angstrom):
                  1            2            3
 1       -16.738466     0.000000    -0.000000
 2         0.000000   -16.738466     0.000000
 3        -0.000000     0.000000   -16.738466

 Spin-squared expectation <S^2>:        12.000
 Total spin quantum number S:            3.000
 TOTAL ENERGY:                       -1044.434174975

 --------------------------------------------------------------------------------

 End time:                               Wed Jun  2 12:20:09 2021
 Total wall-clock time:                  5.059 seconds
==================================================================================
