
================================================================================
          _____________ ________ _______________ ________     _________         
         / ___________// ______ \\_____   _____// ______ \   / ________)        
        / /_________  / /      \ \     | |     / /      \ \ | (_______          
       |  __________|| |        | |    | |    | |        | | \________ \        
        \ \_________ | |        | |    | |     \ \______/ /___________) |       
         \__________||_|        |_|    |_|      \________//____________/        
                                                                                
====================================[ Qcore ]===================================

 Git hash:   15a3e7daff0cda5fa9af010ccd19a80288182ecf
 Git date:   Fri, 16 Apr 2021 15:57:16 +0100
 Compiler:   GNU 9.1.0
 Build type: Release
 Version:    1.1.0

 Start time: Wed Jun  2 12:20:09 2021

 Data directory: /work/zw18965/.local/qcore/share/entos/1.1.0/data
 Number of threads: 24
 Number of threads was determined by: command line argument
  - More threads can be used by running 'qcore -n 32'

 --------------------------------------------------------------------------------
                                   command: dft                                  
 --------------------------------------------------------------------------------
 AO basis set:                           aug-cc-pvtz
 Number of AO basis functions:          93

 Formula:                                Mn
 Nuclear charge:                        25.000000000
 Total charge:                           0.000000000
 Number of electrons:                   25.000000000

 Number of alpha electrons:             15
 Number of beta electrons:              10
 Number of unpaired electrons:           5
 Spin:                                   5
 Multiplicity:                           septet

 Theory:                                 dft
 Exchange-correlation functional:        wb97x

 Using range separated hybrid functional
 Range separation parameter:             0.300000000
 Short range exact exchange:             0.263800000
 Total long range exact exchange:        1.000000000

 Method for Coulomb:                     incore_df
 Method for exact exchange:              pre_transformed_df
 Integral threshold:                     1.00e-12
 DF basis set:                           def2-tzvp-jkfit(spdfghi)
 Number of DF basis functions:         264
 Schwarz screening threshold:            1.00e-10
 Coulomb fitting method:                 Cholesky

 ------------------
  UW12 Correlation 
 ------------------
 Factor for UW12 correlation:            1.000000000
 Same spin scale factor:                 0.000000000
 Calculate indirect contribution:        false
 Method for three electron term:         df_ri
 Auxiliary RI basis set:                 Def2-TZVP-RI
 Number of RI basis functions:         182
 Gaussians in geminal expansion:         4
 UW12 screening threshold:               1.00e-12
 Method for density-fitting:             w(r)
 Number of core spatial orbitals:        5

 Total number of grid points:         7936
 Method for AO orthogonalization:        symmetric
 Threshold for linear dependence:        1.00e-08
 D3BJ dispersion energy:                 0.000000000

 -------------------------------------
  Running unrestricted open-shell SCF 
 -------------------------------------
 Max number of iterations:             128
 Conv. threshold (gradient):             1.00e-05
 Conv. threshold (energy):               1.00e-06
 Interpolation scheme:                   adiis+cdiis
 Initial guess:                          H0

 ---------------------------------------------------------------
                  energy        change          grad        time
 ---------------------------------------------------------------
   0     -1101.048290933                    6.34e+00        2.16
   1     -1076.402507615      2.46e+01      8.78e+00        0.12
   2     -1133.686963780     -5.73e+01      4.37e+00        0.11
   3     -1148.090282328     -1.44e+01      2.17e+00        0.11
   4     -1148.438811042     -3.49e-01      2.44e+00        0.10
   5     -1150.947414588     -2.51e+00      3.20e-01        0.10
   6     -1150.964559423     -1.71e-02      2.33e-01        0.10
   7     -1151.000006913     -3.54e-02      4.75e-02        0.11
   8     -1151.000525065     -5.18e-04      3.68e-02        0.11
   9     -1151.001494339     -9.69e-04      1.68e-03        0.10
  10     -1151.001500150     -5.81e-06      9.30e-04        0.11
  11     -1151.001501654     -1.50e-06      5.89e-04        0.10
  12     -1151.001503165     -1.51e-06      2.88e-04        0.10
  13     -1151.001503498     -3.33e-07      2.68e-05        0.10
  14     -1151.001503499     -1.51e-09      2.47e-06        0.10

 SCF converged in 14 iterations.

 Dipole moment (in Debye):               0.000000       0.000000       0.000000

 Quadrupole moment (in Debye-Angstrom):
                  1            2            3
 1       -18.309344     0.000001    -0.000002
 2         0.000001   -18.309345    -0.000001
 3        -0.000002    -0.000001   -18.309341

 Spin-squared expectation <S^2>:         8.756
 Total spin quantum number S:            2.501
 TOTAL ENERGY:                       -1151.001503499

 --------------------------------------------------------------------------------

 End time:                               Wed Jun  2 12:20:14 2021
 Total wall-clock time:                  5.164 seconds
==================================================================================
