
================================================================================
          _____________ ________ _______________ ________     _________         
         / ___________// ______ \\_____   _____// ______ \   / ________)        
        / /_________  / /      \ \     | |     / /      \ \ | (_______          
       |  __________|| |        | |    | |    | |        | | \________ \        
        \ \_________ | |        | |    | |     \ \______/ /___________) |       
         \__________||_|        |_|    |_|      \________//____________/        
                                                                                
====================================[ Qcore ]===================================

 Git hash:   15a3e7daff0cda5fa9af010ccd19a80288182ecf
 Git date:   Fri, 16 Apr 2021 15:57:16 +0100
 Compiler:   GNU 9.1.0
 Build type: Release
 Version:    1.1.0

 Start time: Wed Jun  2 12:21:08 2021

 Data directory: /work/zw18965/.local/qcore/share/entos/1.1.0/data
 Number of threads: 24
 Number of threads was determined by: command line argument
  - More threads can be used by running 'qcore -n 32'

 --------------------------------------------------------------------------------
                                   command: dft                                  
 --------------------------------------------------------------------------------
 AO basis set:                           aug-cc-pvtz
 Number of AO basis functions:          93

 Formula:                                Cu
 Nuclear charge:                        29.000000000
 Total charge:                           0.000000000
 Number of electrons:                   29.000000000

 Number of alpha electrons:             15
 Number of beta electrons:              14
 Number of unpaired electrons:           1
 Spin:                                   1
 Multiplicity:                           doublet

 Theory:                                 dft
 Exchange-correlation functional:        wb97x

 Using range separated hybrid functional
 Range separation parameter:             0.300000000
 Short range exact exchange:             0.263800000
 Total long range exact exchange:        1.000000000

 Method for Coulomb:                     incore_df
 Method for exact exchange:              pre_transformed_df
 Integral threshold:                     1.00e-12
 DF basis set:                           def2-tzvp-jkfit(spdfghi)
 Number of DF basis functions:         264
 Schwarz screening threshold:            1.00e-10
 Coulomb fitting method:                 Cholesky

 ------------------
  UW12 Correlation 
 ------------------
 Factor for UW12 correlation:            1.000000000
 Same spin scale factor:                 0.000000000
 Calculate indirect contribution:        false
 Method for three electron term:         df_ri
 Auxiliary RI basis set:                 Def2-TZVP-RI
 Number of RI basis functions:         182
 Gaussians in geminal expansion:         4
 UW12 screening threshold:               1.00e-12
 Method for density-fitting:             w(r)
 Number of core spatial orbitals:        5

 Total number of grid points:         7936
 Method for AO orthogonalization:        symmetric
 Threshold for linear dependence:        1.00e-08
 D3BJ dispersion energy:                 0.000000000

 -------------------------------------
  Running unrestricted open-shell SCF 
 -------------------------------------
 Max number of iterations:             128
 Conv. threshold (gradient):             1.00e-05
 Conv. threshold (energy):               1.00e-06
 Interpolation scheme:                   adiis+cdiis
 Initial guess:                          H0

 ---------------------------------------------------------------
                  energy        change          grad        time
 ---------------------------------------------------------------
   0     -1549.709148259                    9.46e+00        2.22
   1     -1495.212000329      5.45e+01      1.35e+01        0.15
   2     -1597.707475955     -1.02e+02      6.30e+00        0.13
   3     -1635.946435137     -3.82e+01      2.71e+00        0.14
   4     -1633.441560876      2.50e+00      3.38e+00        0.13
   5     -1640.516534025     -7.07e+00      2.60e-01        0.14
   6     -1640.339658870      1.77e-01      5.82e-01        0.13
   7     -1640.544142954     -2.04e-01      1.53e-01        0.13
   8     -1640.555437620     -1.13e-02      7.37e-02        0.13
   9     -1640.557904899     -2.47e-03      4.12e-02        0.14
  10     -1640.559000870     -1.10e-03      5.35e-04        0.13
  11     -1640.559001439     -5.69e-07      1.26e-04        0.13
  12     -1640.559001456     -1.70e-08      5.65e-05        0.13
  13     -1640.559001465     -8.37e-09      3.83e-05        0.14
  14     -1640.559001473     -8.40e-09      1.26e-05        0.14
  15     -1640.559001474     -4.58e-10      1.26e-06        0.13

 SCF converged in 15 iterations.

 Dipole moment (in Debye):              -0.000000      -0.000000      -0.000000

 Quadrupole moment (in Debye-Angstrom):
                  1            2            3
 1       -14.055667     0.000000     0.000000
 2         0.000000   -14.055666    -0.000000
 3         0.000000    -0.000000   -14.055667

 Spin-squared expectation <S^2>:         0.750
 Total spin quantum number S:            0.500
 TOTAL ENERGY:                       -1640.559001473

 --------------------------------------------------------------------------------

 End time:                               Wed Jun  2 12:21:14 2021
 Total wall-clock time:                  5.797 seconds
==================================================================================
