
================================================================================
          _____________ ________ _______________ ________     _________         
         / ___________// ______ \\_____   _____// ______ \   / ________)        
        / /_________  / /      \ \     | |     / /      \ \ | (_______          
       |  __________|| |        | |    | |    | |        | | \________ \        
        \ \_________ | |        | |    | |     \ \______/ /___________) |       
         \__________||_|        |_|    |_|      \________//____________/        
                                                                                
====================================[ Qcore ]===================================

 Git hash:   15a3e7daff0cda5fa9af010ccd19a80288182ecf
 Git date:   Fri, 16 Apr 2021 15:57:16 +0100
 Compiler:   GNU 9.1.0
 Build type: Release
 Version:    1.1.0

 Start time: Wed Jun  2 11:48:41 2021

 Data directory: /work/zw18965/.local/qcore/share/entos/1.1.0/data
 Number of threads: 24
 Number of threads was determined by: command line argument
  - More threads can be used by running 'qcore -n 32'

 --------------------------------------------------------------------------------
                                   command: dft                                  
 --------------------------------------------------------------------------------
 AO basis set:                           aug-cc-pvtz
 Number of AO basis functions:         116

 Formula:                                HTi
 Nuclear charge:                        23.000000000
 Total charge:                           0.000000000
 Number of electrons:                   23.000000000

 Number of alpha electrons:             13
 Number of beta electrons:              10
 Number of unpaired electrons:           3
 Spin:                                   3
 Multiplicity:                           quartet

 Theory:                                 dft
 Exchange-correlation functional:        blyp
 Method for Coulomb:                     incore_df
 Integral threshold:                     1.00e-12
 DF basis set:                           def2-tzvp-jkfit(spdfghi)
 Number of DF basis functions:         282
 Schwarz screening threshold:            1.00e-10
 Coulomb fitting method:                 Cholesky
 Total number of grid points:        13682
 Method for AO orthogonalization:        symmetric
 Threshold for linear dependence:        1.00e-08
 D3BJ dispersion energy:                -0.001205845

 -------------------------------------
  Running unrestricted open-shell SCF 
 -------------------------------------
 Max number of iterations:             128
 Conv. threshold (gradient):             1.00e-05
 Conv. threshold (energy):               1.00e-06
 Interpolation scheme:                   adiis+cdiis
 Initial guess:                          SAD

 ---------------------------------------------------------------
                  energy        change          grad        time
 ---------------------------------------------------------------
   0      -849.889048569                    1.15e+00        0.02
   1      -849.886781390      2.27e-03      4.68e-01        0.02
   2      -848.997223364      8.90e-01      9.49e-01        0.02
   3      -849.897244192     -9.00e-01      4.10e-01        0.02
   4      -849.953265662     -5.60e-02      2.26e-01        0.02
   5      -849.797694497      1.56e-01      5.63e-01        0.02
   6      -849.958975476     -1.61e-01      2.39e-01        0.02
   7      -849.949133287      9.84e-03      2.72e-01        0.02
   8      -849.981210591     -3.21e-02      7.12e-02        0.02
   9      -849.982201280     -9.91e-04      1.15e-01        0.02
  10      -849.984413516     -2.21e-03      4.43e-02        0.02
  11      -849.984891598     -4.78e-04      4.37e-02        0.02
  12      -849.985000236     -1.09e-04      3.56e-02        0.02
  13      -849.985104350     -1.04e-04      2.56e-02        0.02
  14      -849.985159123     -5.48e-05      1.65e-02        0.02
  15      -849.985200551     -4.14e-05      6.24e-03        0.02
  16      -849.985221471     -2.09e-05      2.78e-03        0.02
  17      -849.985236946     -1.55e-05      1.74e-03        0.02
  18      -849.985213502      2.34e-05      1.61e-03        0.02
  19      -849.985192060      2.14e-05      1.17e-03        0.02
  20      -849.985189317      2.74e-06      4.24e-04        0.02
  21      -849.985189307      1.03e-08      3.50e-04        0.02
  22      -849.985189334     -2.66e-08      2.15e-05        0.02
  23      -849.985189333      3.56e-11      7.52e-06        0.02

 SCF converged in 23 iterations.

 Dipole moment (in Debye):               0.000026       0.000026      -2.590454

 Quadrupole moment (in Debye-Angstrom):
                  1            2            3
 1       -19.266113     0.084884    -0.000037
 2         0.084884   -19.266115    -0.000037
 3        -0.000037    -0.000037   -22.843687

 Spin-squared expectation <S^2>:         3.759
 Total spin quantum number S:            1.502
 TOTAL ENERGY:                        -849.985189334

 --------------------------------------------------------------------------------

 End time:                               Wed Jun  2 11:48:44 2021
 Total wall-clock time:                  3.281 seconds
==================================================================================
