
================================================================================
          _____________ ________ _______________ ________     _________         
         / ___________// ______ \\_____   _____// ______ \   / ________)        
        / /_________  / /      \ \     | |     / /      \ \ | (_______          
       |  __________|| |        | |    | |    | |        | | \________ \        
        \ \_________ | |        | |    | |     \ \______/ /___________) |       
         \__________||_|        |_|    |_|      \________//____________/        
                                                                                
====================================[ Qcore ]===================================

 Git hash:   15a3e7daff0cda5fa9af010ccd19a80288182ecf
 Git date:   Fri, 16 Apr 2021 15:57:16 +0100
 Compiler:   GNU 9.1.0
 Build type: Release
 Version:    1.1.0

 Start time: Wed Jun  2 11:48:58 2021

 Data directory: /work/zw18965/.local/qcore/share/entos/1.1.0/data
 Number of threads: 24
 Number of threads was determined by: command line argument
  - More threads can be used by running 'qcore -n 32'

 --------------------------------------------------------------------------------
                                   command: dft                                  
 --------------------------------------------------------------------------------
 AO basis set:                           aug-cc-pvtz
 Number of AO basis functions:         139

 Formula:                                OTi
 Nuclear charge:                        30.000000000
 Total charge:                           0.000000000
 Number of electrons:                   30.000000000

 Number of alpha electrons:             16
 Number of beta electrons:              14
 Number of unpaired electrons:           2
 Spin:                                   2
 Multiplicity:                           triplet

 Theory:                                 dft
 Exchange-correlation functional:        blyp
 Method for Coulomb:                     incore_df
 Integral threshold:                     1.00e-12
 DF basis set:                           def2-tzvp-jkfit(spdfghi)
 Number of DF basis functions:         341
 Schwarz screening threshold:            1.00e-10
 Coulomb fitting method:                 Cholesky
 Total number of grid points:        14736
 Method for AO orthogonalization:        symmetric
 Threshold for linear dependence:        1.00e-08
 D3BJ dispersion energy:                -0.001580851

 -------------------------------------
  Running unrestricted open-shell SCF 
 -------------------------------------
 Max number of iterations:             128
 Conv. threshold (gradient):             1.00e-05
 Conv. threshold (energy):               1.00e-06
 Interpolation scheme:                   adiis+cdiis
 Initial guess:                          SAD

 ---------------------------------------------------------------
                  energy        change          grad        time
 ---------------------------------------------------------------
   0      -924.727625714                    2.67e+00        0.03
   1      -924.383764702      3.44e-01      1.02e+00        0.03
   2      -916.597585871      7.79e+00      3.42e+00        0.02
   3      -923.976957022     -7.38e+00      1.82e+00        0.02
   4      -924.694041079     -7.17e-01      3.90e-01        0.02
   5      -922.274242909      2.42e+00      2.67e+00        0.02
   6      -924.391798187     -2.12e+00      8.27e-01        0.03
   7      -924.732157460     -3.40e-01      2.72e-01        0.03
   8      -924.708798131      2.34e-02      4.31e-01        0.03
   9      -924.750510008     -4.17e-02      1.15e-01        0.03
  10      -924.752109665     -1.60e-03      1.16e-01        0.03
  11      -924.753700616     -1.59e-03      8.52e-02        0.03
  12      -924.753721691     -2.11e-05      7.99e-02        0.03
  13      -924.755744498     -2.02e-03      5.96e-04        0.02
  14      -924.755744588     -9.00e-08      2.55e-04        0.02
  15      -924.755744605     -1.76e-08      2.34e-05        0.03
  16      -924.755744606     -3.30e-10      1.65e-05        0.02
  17      -924.755744606     -9.21e-11      4.30e-06        0.05

 SCF converged in 17 iterations.

 Dipole moment (in Debye):               0.000000       0.000000      -3.435315

 Quadrupole moment (in Debye-Angstrom):
                  1            2            3
 1       -22.523846     0.000000    -0.000001
 2         0.000000   -22.523846    -0.000001
 3        -0.000001    -0.000001   -25.489071

 Spin-squared expectation <S^2>:         2.008
 Total spin quantum number S:            1.003
 TOTAL ENERGY:                        -924.755744606

 --------------------------------------------------------------------------------

 End time:                               Wed Jun  2 11:49:02 2021
 Total wall-clock time:                  3.512 seconds
==================================================================================
