
================================================================================
          _____________ ________ _______________ ________     _________         
         / ___________// ______ \\_____   _____// ______ \   / ________)        
        / /_________  / /      \ \     | |     / /      \ \ | (_______          
       |  __________|| |        | |    | |    | |        | | \________ \        
        \ \_________ | |        | |    | |     \ \______/ /___________) |       
         \__________||_|        |_|    |_|      \________//____________/        
                                                                                
====================================[ Qcore ]===================================

 Git hash:   15a3e7daff0cda5fa9af010ccd19a80288182ecf
 Git date:   Fri, 16 Apr 2021 15:57:16 +0100
 Compiler:   GNU 9.1.0
 Build type: Release
 Version:    1.1.0

 Start time: Wed Jun  2 11:49:06 2021

 Data directory: /work/zw18965/.local/qcore/share/entos/1.1.0/data
 Number of threads: 24
 Number of threads was determined by: command line argument
  - More threads can be used by running 'qcore -n 32'

 --------------------------------------------------------------------------------
                                   command: dft                                  
 --------------------------------------------------------------------------------
 AO basis set:                           aug-cc-pvtz
 Number of AO basis functions:         116

 Formula:                                HV
 Nuclear charge:                        24.000000000
 Total charge:                           0.000000000
 Number of electrons:                   24.000000000

 Number of alpha electrons:             14
 Number of beta electrons:              10
 Number of unpaired electrons:           4
 Spin:                                   4
 Multiplicity:                           quintet

 Theory:                                 dft
 Exchange-correlation functional:        blyp
 Method for Coulomb:                     incore_df
 Integral threshold:                     1.00e-12
 DF basis set:                           def2-tzvp-jkfit(spdfghi)
 Number of DF basis functions:         282
 Schwarz screening threshold:            1.00e-10
 Coulomb fitting method:                 Cholesky
 Total number of grid points:        13742
 Method for AO orthogonalization:        symmetric
 Threshold for linear dependence:        1.00e-08
 D3BJ dispersion energy:                -0.001180835

 -------------------------------------
  Running unrestricted open-shell SCF 
 -------------------------------------
 Max number of iterations:             128
 Conv. threshold (gradient):             1.00e-05
 Conv. threshold (energy):               1.00e-06
 Interpolation scheme:                   adiis+cdiis
 Initial guess:                          SAD

 ---------------------------------------------------------------
                  energy        change          grad        time
 ---------------------------------------------------------------
   0      -944.415511570                    1.35e+00        0.02
   1      -944.502455643     -8.69e-02      3.48e-01        0.02
   2      -944.286335432      2.16e-01      8.04e-01        0.02
   3      -944.541027870     -2.55e-01      1.62e-01        0.02
   4      -944.543109544     -2.08e-03      1.71e-01        0.02
   5      -944.545839007     -2.73e-03      1.65e-01        0.02
   6      -944.550207547     -4.37e-03      1.07e-01        0.02
   7      -944.552239819     -2.03e-03      3.46e-02        0.02
   8      -944.552312966     -7.31e-05      2.85e-02        0.02
   9      -944.552658819     -3.46e-04      4.37e-04        0.02
  10      -944.552658877     -5.79e-08      6.55e-05        0.02
  11      -944.552658878     -1.51e-09      1.47e-05        0.02
  12      -944.552658878     -5.75e-11      4.08e-06        0.02

 SCF converged in 12 iterations.

 Dipole moment (in Debye):               0.000000       0.000000      -2.415729

 Quadrupole moment (in Debye-Angstrom):
                  1            2            3
 1       -18.143260     0.000000     0.000000
 2         0.000000   -18.143260     0.000000
 3         0.000000     0.000000   -21.611509

 Spin-squared expectation <S^2>:         6.015
 Total spin quantum number S:            2.003
 TOTAL ENERGY:                        -944.552658878

 --------------------------------------------------------------------------------

 End time:                               Wed Jun  2 11:49:09 2021
 Total wall-clock time:                  3.049 seconds
==================================================================================
