
================================================================================
          _____________ ________ _______________ ________     _________         
         / ___________// ______ \\_____   _____// ______ \   / ________)        
        / /_________  / /      \ \     | |     / /      \ \ | (_______          
       |  __________|| |        | |    | |    | |        | | \________ \        
        \ \_________ | |        | |    | |     \ \______/ /___________) |       
         \__________||_|        |_|    |_|      \________//____________/        
                                                                                
====================================[ Qcore ]===================================

 Git hash:   15a3e7daff0cda5fa9af010ccd19a80288182ecf
 Git date:   Fri, 16 Apr 2021 15:57:16 +0100
 Compiler:   GNU 9.1.0
 Build type: Release
 Version:    1.1.0

 Start time: Wed Jun  2 11:49:09 2021

 Data directory: /work/zw18965/.local/qcore/share/entos/1.1.0/data
 Number of threads: 24
 Number of threads was determined by: command line argument
  - More threads can be used by running 'qcore -n 32'

 --------------------------------------------------------------------------------
                                   command: dft                                  
 --------------------------------------------------------------------------------
 AO basis set:                           aug-cc-pvtz
 Number of AO basis functions:         139

 Formula:                                FV
 Nuclear charge:                        32.000000000
 Total charge:                           0.000000000
 Number of electrons:                   32.000000000

 Number of alpha electrons:             18
 Number of beta electrons:              14
 Number of unpaired electrons:           4
 Spin:                                   4
 Multiplicity:                           quintet

 Theory:                                 dft
 Exchange-correlation functional:        blyp
 Method for Coulomb:                     incore_df
 Integral threshold:                     1.00e-12
 DF basis set:                           def2-tzvp-jkfit(spdfghi)
 Number of DF basis functions:         341
 Schwarz screening threshold:            1.00e-10
 Coulomb fitting method:                 Cholesky
 Total number of grid points:        14664
 Method for AO orthogonalization:        symmetric
 Threshold for linear dependence:        1.00e-08
 D3BJ dispersion energy:                -0.001197250

 -------------------------------------
  Running unrestricted open-shell SCF 
 -------------------------------------
 Max number of iterations:             128
 Conv. threshold (gradient):             1.00e-05
 Conv. threshold (energy):               1.00e-06
 Interpolation scheme:                   adiis+cdiis
 Initial guess:                          SAD

 ---------------------------------------------------------------
                  energy        change          grad        time
 ---------------------------------------------------------------
   0     -1043.800408551                    1.77e+00        0.03
   1     -1043.817390250     -1.70e-02      6.23e-01        0.03
   2     -1035.590618708      8.23e+00      4.73e+00        0.03
   3     -1043.205706846     -7.62e+00      2.05e+00        0.03
   4     -1043.896055377     -6.90e-01      3.93e-01        0.03
   5     -1043.902475281     -6.42e-03      2.56e-01        0.03
   6     -1043.878973802      2.35e-02      3.83e-01        0.03
   7     -1043.927671736     -4.87e-02      4.71e-02        0.03
   8     -1043.918961254      8.71e-03      1.84e-01        0.03
   9     -1043.928285335     -9.32e-03      1.27e-02        0.03
  10     -1043.928319083     -3.37e-05      3.68e-03        0.02
  11     -1043.928322630     -3.55e-06      1.87e-04        0.03
  12     -1043.928322639     -9.22e-09      9.28e-05        0.02
  13     -1043.928322642     -2.83e-09      9.39e-06        0.03

 SCF converged in 13 iterations.

 Dipole moment (in Debye):               0.000000       0.000000      -3.217963

 Quadrupole moment (in Debye-Angstrom):
                  1            2            3
 1       -21.754805     0.872148    -0.000001
 2         0.872148   -21.754862    -0.000001
 3        -0.000001    -0.000001   -22.893282

 Spin-squared expectation <S^2>:         6.007
 Total spin quantum number S:            2.001
 TOTAL ENERGY:                       -1043.928322642

 --------------------------------------------------------------------------------

 End time:                               Wed Jun  2 11:49:12 2021
 Total wall-clock time:                  3.349 seconds
==================================================================================
