
================================================================================
          _____________ ________ _______________ ________     _________         
         / ___________// ______ \\_____   _____// ______ \   / ________)        
        / /_________  / /      \ \     | |     / /      \ \ | (_______          
       |  __________|| |        | |    | |    | |        | | \________ \        
        \ \_________ | |        | |    | |     \ \______/ /___________) |       
         \__________||_|        |_|    |_|      \________//____________/        
                                                                                
====================================[ Qcore ]===================================

 Git hash:   15a3e7daff0cda5fa9af010ccd19a80288182ecf
 Git date:   Fri, 16 Apr 2021 15:57:16 +0100
 Compiler:   GNU 9.1.0
 Build type: Release
 Version:    1.1.0

 Start time: Wed Jun  2 11:49:25 2021

 Data directory: /work/zw18965/.local/qcore/share/entos/1.1.0/data
 Number of threads: 24
 Number of threads was determined by: command line argument
  - More threads can be used by running 'qcore -n 32'

 --------------------------------------------------------------------------------
                                   command: dft                                  
 --------------------------------------------------------------------------------
 AO basis set:                           aug-cc-pvtz
 Number of AO basis functions:         143

 Formula:                                SV
 Nuclear charge:                        39.000000000
 Total charge:                           0.000000000
 Number of electrons:                   39.000000000

 Number of alpha electrons:             21
 Number of beta electrons:              18
 Number of unpaired electrons:           3
 Spin:                                   3
 Multiplicity:                           quartet

 Theory:                                 dft
 Exchange-correlation functional:        blyp
 Method for Coulomb:                     incore_df
 Integral threshold:                     1.00e-12
 DF basis set:                           def2-tzvp-jkfit(spdfghi)
 Number of DF basis functions:         392
 Schwarz screening threshold:            1.00e-10
 Coulomb fitting method:                 Cholesky
 Total number of grid points:        15202
 Method for AO orthogonalization:        symmetric
 Threshold for linear dependence:        1.00e-08
 D3BJ dispersion energy:                -0.004021374

 -------------------------------------
  Running unrestricted open-shell SCF 
 -------------------------------------
 Max number of iterations:             128
 Conv. threshold (gradient):             1.00e-05
 Conv. threshold (energy):               1.00e-06
 Interpolation scheme:                   adiis+cdiis
 Initial guess:                          SAD

 ---------------------------------------------------------------
                  energy        change          grad        time
 ---------------------------------------------------------------
   0     -1342.294113760                    2.83e+00        0.03
   1     -1342.104844496      1.89e-01      7.87e-01        0.03
   2     -1334.820321576      7.28e+00      4.28e+00        0.06
   3     -1341.083908617     -6.26e+00      2.01e+00        0.03
   4     -1342.223195561     -1.14e+00      3.38e-01        0.03
   5     -1342.241389781     -1.82e-02      2.21e-01        0.03
   6     -1342.241338679      5.11e-05      2.28e-01        0.03
   7     -1342.240554711      7.84e-04      2.57e-01        0.03
   8     -1342.256647545     -1.61e-02      4.63e-02        0.03
   9     -1342.255238529      1.41e-03      8.39e-02        0.04
  10     -1342.257441854     -2.20e-03      8.08e-04        0.03
  11     -1342.257442135     -2.81e-07      2.71e-04        0.03
  12     -1342.257442176     -4.16e-08      2.35e-05        0.03
  13     -1342.257442177     -6.82e-10      8.57e-06        0.03

 SCF converged in 13 iterations.

 Dipole moment (in Debye):              -0.000000      -0.000000      -4.564908

 Quadrupole moment (in Debye-Angstrom):
                  1            2            3
 1       -30.398768    -0.000000     0.000000
 2        -0.000000   -30.398768     0.000000
 3         0.000000     0.000000   -25.900234

 Spin-squared expectation <S^2>:         3.852
 Total spin quantum number S:            1.525
 TOTAL ENERGY:                       -1342.257442177

 --------------------------------------------------------------------------------

 End time:                               Wed Jun  2 11:49:29 2021
 Total wall-clock time:                  3.900 seconds
==================================================================================
