
================================================================================
          _____________ ________ _______________ ________     _________         
         / ___________// ______ \\_____   _____// ______ \   / ________)        
        / /_________  / /      \ \     | |     / /      \ \ | (_______          
       |  __________|| |        | |    | |    | |        | | \________ \        
        \ \_________ | |        | |    | |     \ \______/ /___________) |       
         \__________||_|        |_|    |_|      \________//____________/        
                                                                                
====================================[ Qcore ]===================================

 Git hash:   15a3e7daff0cda5fa9af010ccd19a80288182ecf
 Git date:   Fri, 16 Apr 2021 15:57:16 +0100
 Compiler:   GNU 9.1.0
 Build type: Release
 Version:    1.1.0

 Start time: Wed Jun  2 11:49:29 2021

 Data directory: /work/zw18965/.local/qcore/share/entos/1.1.0/data
 Number of threads: 24
 Number of threads was determined by: command line argument
  - More threads can be used by running 'qcore -n 32'

 --------------------------------------------------------------------------------
                                   command: dft                                  
 --------------------------------------------------------------------------------
 AO basis set:                           aug-cc-pvtz
 Number of AO basis functions:         116

 Formula:                                HCr
 Nuclear charge:                        25.000000000
 Total charge:                           0.000000000
 Number of electrons:                   25.000000000

 Number of alpha electrons:             15
 Number of beta electrons:              10
 Number of unpaired electrons:           5
 Spin:                                   5
 Multiplicity:                           septet

 Theory:                                 dft
 Exchange-correlation functional:        blyp
 Method for Coulomb:                     incore_df
 Integral threshold:                     1.00e-12
 DF basis set:                           def2-tzvp-jkfit(spdfghi)
 Number of DF basis functions:         282
 Schwarz screening threshold:            1.00e-10
 Coulomb fitting method:                 Cholesky
 Total number of grid points:        13718
 Method for AO orthogonalization:        symmetric
 Threshold for linear dependence:        1.00e-08
 D3BJ dispersion energy:                -0.001125129

 -------------------------------------
  Running unrestricted open-shell SCF 
 -------------------------------------
 Max number of iterations:             128
 Conv. threshold (gradient):             1.00e-05
 Conv. threshold (energy):               1.00e-06
 Interpolation scheme:                   adiis+cdiis
 Initial guess:                          SAD

 ---------------------------------------------------------------
                  energy        change          grad        time
 ---------------------------------------------------------------
   0     -1044.874222157                    1.47e+00        0.03
   1     -1044.890925610     -1.67e-02      8.10e-01        0.02
   2     -1043.385776236      1.51e+00      2.10e+00        0.02
   3     -1044.895308910     -1.51e+00      9.10e-01        0.02
   4     -1045.079096664     -1.84e-01      6.94e-02        0.02
   5     -1045.070999458      8.10e-03      1.91e-01        0.02
   6     -1045.080075813     -9.08e-03      9.39e-03        0.02
   7     -1045.080089925     -1.41e-05      8.58e-03        0.02
   8     -1045.080109633     -1.97e-05      1.72e-03        0.02
   9     -1045.080110315     -6.83e-07      3.24e-04        0.02
  10     -1045.080110350     -3.45e-08      2.44e-05        0.01
  11     -1045.080110350     -1.31e-10      8.15e-06        0.02

 SCF converged in 11 iterations.

 Dipole moment (in Debye):               0.000000       0.000000      -2.684859

 Quadrupole moment (in Debye-Angstrom):
                  1            2            3
 1       -17.363124     0.000000     0.000000
 2         0.000000   -17.363124     0.000000
 3         0.000000     0.000000   -19.295785

 Spin-squared expectation <S^2>:         8.782
 Total spin quantum number S:            2.505
 TOTAL ENERGY:                       -1045.080110350

 --------------------------------------------------------------------------------

 End time:                               Wed Jun  2 11:49:32 2021
 Total wall-clock time:                  2.990 seconds
==================================================================================
