
================================================================================
          _____________ ________ _______________ ________     _________         
         / ___________// ______ \\_____   _____// ______ \   / ________)        
        / /_________  / /      \ \     | |     / /      \ \ | (_______          
       |  __________|| |        | |    | |    | |        | | \________ \        
        \ \_________ | |        | |    | |     \ \______/ /___________) |       
         \__________||_|        |_|    |_|      \________//____________/        
                                                                                
====================================[ Qcore ]===================================

 Git hash:   15a3e7daff0cda5fa9af010ccd19a80288182ecf
 Git date:   Fri, 16 Apr 2021 15:57:16 +0100
 Compiler:   GNU 9.1.0
 Build type: Release
 Version:    1.1.0

 Start time: Wed Jun  2 11:49:36 2021

 Data directory: /work/zw18965/.local/qcore/share/entos/1.1.0/data
 Number of threads: 24
 Number of threads was determined by: command line argument
  - More threads can be used by running 'qcore -n 32'

 --------------------------------------------------------------------------------
                                   command: dft                                  
 --------------------------------------------------------------------------------
 AO basis set:                           aug-cc-pvtz
 Number of AO basis functions:         143

 Formula:                                ClCr
 Nuclear charge:                        41.000000000
 Total charge:                           0.000000000
 Number of electrons:                   41.000000000

 Number of alpha electrons:             23
 Number of beta electrons:              18
 Number of unpaired electrons:           5
 Spin:                                   5
 Multiplicity:                           septet

 Theory:                                 dft
 Exchange-correlation functional:        blyp
 Method for Coulomb:                     incore_df
 Integral threshold:                     1.00e-12
 DF basis set:                           def2-tzvp-jkfit(spdfghi)
 Number of DF basis functions:         392
 Schwarz screening threshold:            1.00e-10
 Coulomb fitting method:                 Cholesky
 Total number of grid points:        15322
 Method for AO orthogonalization:        symmetric
 Threshold for linear dependence:        1.00e-08
 D3BJ dispersion energy:                -0.003275963

 -------------------------------------
  Running unrestricted open-shell SCF 
 -------------------------------------
 Max number of iterations:             128
 Conv. threshold (gradient):             1.00e-05
 Conv. threshold (energy):               1.00e-06
 Interpolation scheme:                   adiis+cdiis
 Initial guess:                          SAD

 ---------------------------------------------------------------
                  energy        change          grad        time
 ---------------------------------------------------------------
   0     -1504.671707261                    1.89e+00        0.03
   1     -1504.570079249      1.02e-01      7.83e-01        0.03
   2     -1496.450854569      8.12e+00      4.00e+00        0.03
   3     -1503.679810079     -7.23e+00      1.99e+00        0.02
   4     -1504.749210156     -1.07e+00      4.15e-01        0.02
   5     -1504.750816969     -1.61e-03      4.03e-01        0.03
   6     -1504.789643156     -3.88e-02      8.56e-02        0.03
   7     -1504.782159070      7.48e-03      1.41e-01        0.03
   8     -1504.792968561     -1.08e-02      8.27e-03        0.03
   9     -1504.792992821     -2.43e-05      1.09e-03        0.03
  10     -1504.792993338     -5.17e-07      4.89e-04        0.03
  11     -1504.792993413     -7.43e-08      3.74e-05        0.03
  12     -1504.792993413     -3.06e-10      3.61e-05        0.02
  13     -1504.792993413     -5.26e-10      3.41e-06        0.03

 SCF converged in 13 iterations.

 Dipole moment (in Debye):               0.000000       0.000000      -4.525985

 Quadrupole moment (in Debye-Angstrom):
                  1            2            3
 1       -28.812696    -0.000000    -0.000000
 2        -0.000000   -28.812696    -0.000000
 3        -0.000000    -0.000000   -26.137993

 Spin-squared expectation <S^2>:         8.764
 Total spin quantum number S:            2.502
 TOTAL ENERGY:                       -1504.792993413

 --------------------------------------------------------------------------------

 End time:                               Wed Jun  2 11:49:40 2021
 Total wall-clock time:                  3.812 seconds
==================================================================================
