
================================================================================
          _____________ ________ _______________ ________     _________         
         / ___________// ______ \\_____   _____// ______ \   / ________)        
        / /_________  / /      \ \     | |     / /      \ \ | (_______          
       |  __________|| |        | |    | |    | |        | | \________ \        
        \ \_________ | |        | |    | |     \ \______/ /___________) |       
         \__________||_|        |_|    |_|      \________//____________/        
                                                                                
====================================[ Qcore ]===================================

 Git hash:   15a3e7daff0cda5fa9af010ccd19a80288182ecf
 Git date:   Fri, 16 Apr 2021 15:57:16 +0100
 Compiler:   GNU 9.1.0
 Build type: Release
 Version:    1.1.0

 Start time: Wed Jun  2 11:49:45 2021

 Data directory: /work/zw18965/.local/qcore/share/entos/1.1.0/data
 Number of threads: 24
 Number of threads was determined by: command line argument
  - More threads can be used by running 'qcore -n 32'

 --------------------------------------------------------------------------------
                                   command: dft                                  
 --------------------------------------------------------------------------------
 AO basis set:                           aug-cc-pvtz
 Number of AO basis functions:         139

 Formula:                                OCr
 Nuclear charge:                        32.000000000
 Total charge:                           0.000000000
 Number of electrons:                   32.000000000

 Number of alpha electrons:             18
 Number of beta electrons:              14
 Number of unpaired electrons:           4
 Spin:                                   4
 Multiplicity:                           quintet

 Theory:                                 dft
 Exchange-correlation functional:        blyp
 Method for Coulomb:                     incore_df
 Integral threshold:                     1.00e-12
 DF basis set:                           def2-tzvp-jkfit(spdfghi)
 Number of DF basis functions:         341
 Schwarz screening threshold:            1.00e-10
 Coulomb fitting method:                 Cholesky
 Total number of grid points:        14772
 Method for AO orthogonalization:        symmetric
 Threshold for linear dependence:        1.00e-08
 D3BJ dispersion energy:                -0.001554629

 -------------------------------------
  Running unrestricted open-shell SCF 
 -------------------------------------
 Max number of iterations:             128
 Conv. threshold (gradient):             1.00e-05
 Conv. threshold (energy):               1.00e-06
 Interpolation scheme:                   adiis+cdiis
 Initial guess:                          SAD

 ---------------------------------------------------------------
                  energy        change          grad        time
 ---------------------------------------------------------------
   0     -1119.681296647                    2.90e+00        0.03
   1     -1118.967990329      7.13e-01      1.64e+00        0.03
   2     -1101.481946444      1.75e+01      7.87e+00        0.02
   3     -1115.255672512     -1.38e+01      3.97e+00        0.03
   4     -1119.553826496     -4.30e+00      9.95e-01        0.02
   5     -1119.673015051     -1.19e-01      6.97e-01        0.03
   6     -1119.749930854     -7.69e-02      2.39e-01        0.03
   7     -1119.722299455      2.76e-02      4.84e-01        0.03
   8     -1119.764508534     -4.22e-02      1.66e-01        0.03
   9     -1119.737944635      2.66e-02      3.97e-01        0.03
  10     -1119.767047157     -2.91e-02      1.01e-01        0.03
  11     -1119.762053631      4.99e-03      1.94e-01        0.03
  12     -1119.769524296     -7.47e-03      2.02e-02        0.03
  13     -1119.767153148      2.37e-03      1.11e-01        0.04
  14     -1119.769625825     -2.47e-03      1.11e-03        0.03
  15     -1119.769626209     -3.84e-07      3.80e-04        0.03
  16     -1119.769626260     -5.14e-08      7.78e-05        0.03
  17     -1119.769626262     -1.65e-09      1.80e-05        0.02
  18     -1119.769626262     -4.98e-11      5.65e-06        0.02

 SCF converged in 18 iterations.

 Dipole moment (in Debye):               0.000000       0.000000      -3.621375

 Quadrupole moment (in Debye-Angstrom):
                  1            2            3
 1       -21.253695     0.892933    -0.000000
 2         0.892933   -21.253353    -0.000000
 3        -0.000000    -0.000000   -22.795621

 Spin-squared expectation <S^2>:         6.069
 Total spin quantum number S:            2.014
 TOTAL ENERGY:                       -1119.769626262

 --------------------------------------------------------------------------------

 End time:                               Wed Jun  2 11:49:49 2021
 Total wall-clock time:                  3.555 seconds
==================================================================================
