
================================================================================
          _____________ ________ _______________ ________     _________         
         / ___________// ______ \\_____   _____// ______ \   / ________)        
        / /_________  / /      \ \     | |     / /      \ \ | (_______          
       |  __________|| |        | |    | |    | |        | | \________ \        
        \ \_________ | |        | |    | |     \ \______/ /___________) |       
         \__________||_|        |_|    |_|      \________//____________/        
                                                                                
====================================[ Qcore ]===================================

 Git hash:   15a3e7daff0cda5fa9af010ccd19a80288182ecf
 Git date:   Fri, 16 Apr 2021 15:57:16 +0100
 Compiler:   GNU 9.1.0
 Build type: Release
 Version:    1.1.0

 Start time: Wed Jun  2 11:49:53 2021

 Data directory: /work/zw18965/.local/qcore/share/entos/1.1.0/data
 Number of threads: 24
 Number of threads was determined by: command line argument
  - More threads can be used by running 'qcore -n 32'

 --------------------------------------------------------------------------------
                                   command: dft                                  
 --------------------------------------------------------------------------------
 AO basis set:                           aug-cc-pvtz
 Number of AO basis functions:         116

 Formula:                                HMn
 Nuclear charge:                        26.000000000
 Total charge:                           0.000000000
 Number of electrons:                   26.000000000

 Number of alpha electrons:             16
 Number of beta electrons:              10
 Number of unpaired electrons:           6
 Spin:                                   6
 Multiplicity:                           octet

 Theory:                                 dft
 Exchange-correlation functional:        blyp
 Method for Coulomb:                     incore_df
 Integral threshold:                     1.00e-12
 DF basis set:                           def2-tzvp-jkfit(spdfghi)
 Number of DF basis functions:         282
 Schwarz screening threshold:            1.00e-10
 Coulomb fitting method:                 Cholesky
 Total number of grid points:        13826
 Method for AO orthogonalization:        symmetric
 Threshold for linear dependence:        1.00e-08
 D3BJ dispersion energy:                -0.001233699

 -------------------------------------
  Running unrestricted open-shell SCF 
 -------------------------------------
 Max number of iterations:             128
 Conv. threshold (gradient):             1.00e-05
 Conv. threshold (energy):               1.00e-06
 Interpolation scheme:                   adiis+cdiis
 Initial guess:                          SAD

 ---------------------------------------------------------------
                  energy        change          grad        time
 ---------------------------------------------------------------
   0     -1151.400397241                    1.28e+00        0.02
   1     -1151.575401240     -1.75e-01      2.96e-01        0.02
   2     -1151.454984321      1.20e-01      9.47e-01        0.02
   3     -1151.598232323     -1.43e-01      1.16e-01        0.02
   4     -1151.597533039      6.99e-04      1.21e-01        0.02
   5     -1151.603201964     -5.67e-03      3.22e-02        0.02
   6     -1151.601608201      1.59e-03      8.02e-02        0.02
   7     -1151.603558740     -1.95e-03      1.64e-03        0.02
   8     -1151.603559563     -8.23e-07      4.49e-04        0.02
   9     -1151.603559618     -5.46e-08      7.18e-05        0.01
  10     -1151.603559619     -1.28e-09      3.68e-05        0.02
  11     -1151.603559620     -5.45e-10      3.24e-06        0.02

 SCF converged in 11 iterations.

 Dipole moment (in Debye):              -0.000000      -0.000000      -0.931168

 Quadrupole moment (in Debye-Angstrom):
                  1            2            3
 1       -16.909405    -0.000000     0.000001
 2        -0.000000   -16.909405     0.000001
 3         0.000001     0.000001   -25.098094

 Spin-squared expectation <S^2>:        12.003
 Total spin quantum number S:            3.000
 TOTAL ENERGY:                       -1151.603559620

 --------------------------------------------------------------------------------

 End time:                               Wed Jun  2 11:49:56 2021
 Total wall-clock time:                  2.976 seconds
==================================================================================
