
================================================================================
          _____________ ________ _______________ ________     _________         
         / ___________// ______ \\_____   _____// ______ \   / ________)        
        / /_________  / /      \ \     | |     / /      \ \ | (_______          
       |  __________|| |        | |    | |    | |        | | \________ \        
        \ \_________ | |        | |    | |     \ \______/ /___________) |       
         \__________||_|        |_|    |_|      \________//____________/        
                                                                                
====================================[ Qcore ]===================================

 Git hash:   15a3e7daff0cda5fa9af010ccd19a80288182ecf
 Git date:   Fri, 16 Apr 2021 15:57:16 +0100
 Compiler:   GNU 9.1.0
 Build type: Release
 Version:    1.1.0

 Start time: Wed Jun  2 11:50:40 2021

 Data directory: /work/zw18965/.local/qcore/share/entos/1.1.0/data
 Number of threads: 24
 Number of threads was determined by: command line argument
  - More threads can be used by running 'qcore -n 32'

 --------------------------------------------------------------------------------
                                   command: dft                                  
 --------------------------------------------------------------------------------
 AO basis set:                           aug-cc-pvtz
 Number of AO basis functions:         116

 Formula:                                HCo
 Nuclear charge:                        28.000000000
 Total charge:                           0.000000000
 Number of electrons:                   28.000000000

 Number of alpha electrons:             15
 Number of beta electrons:              13
 Number of unpaired electrons:           2
 Spin:                                   2
 Multiplicity:                           triplet

 Theory:                                 dft
 Exchange-correlation functional:        blyp
 Method for Coulomb:                     incore_df
 Integral threshold:                     1.00e-12
 DF basis set:                           def2-tzvp-jkfit(spdfghi)
 Number of DF basis functions:         282
 Schwarz screening threshold:            1.00e-10
 Coulomb fitting method:                 Cholesky
 Total number of grid points:        13826
 Method for AO orthogonalization:        symmetric
 Threshold for linear dependence:        1.00e-08
 D3BJ dispersion energy:                -0.000906302

 -------------------------------------
  Running unrestricted open-shell SCF 
 -------------------------------------
 Max number of iterations:             128
 Conv. threshold (gradient):             1.00e-05
 Conv. threshold (energy):               1.00e-06
 Interpolation scheme:                   adiis+cdiis
 Initial guess:                          SAD

 ---------------------------------------------------------------
                  energy        change          grad        time
 ---------------------------------------------------------------
   0     -1383.361910337                    2.00e+00        0.03
   1     -1383.310179840      5.17e-02      7.28e-01        0.02
   2     -1381.811723698      1.50e+00      2.18e+00        0.02
   3     -1383.251721133     -1.44e+00      8.03e-01        0.02
   4     -1383.418745161     -1.67e-01      2.04e-01        0.02
   5     -1383.166940892      2.52e-01      1.27e+00        0.02
   6     -1383.428879490     -2.62e-01      2.06e-01        0.02
   7     -1383.275335432      1.54e-01      8.40e-01        0.02
   8     -1383.430366299     -1.55e-01      1.51e-01        0.02
   9     -1383.435728726     -5.36e-03      6.25e-02        0.02
  10     -1383.432466993      3.26e-03      1.41e-01        0.02
  11     -1383.436645820     -4.18e-03      1.13e-02        0.02
  12     -1383.436657455     -1.16e-05      7.00e-03        0.02
  13     -1383.436672675     -1.52e-05      2.60e-03        0.02
  14     -1383.436674271     -1.60e-06      1.96e-04        0.02
  15     -1383.436674281     -9.18e-09      7.43e-05        0.02
  16     -1383.436674282     -1.62e-09      2.26e-05        0.02
  17     -1383.436674282     -1.05e-10      7.56e-06        0.02

 SCF converged in 17 iterations.

 Dipole moment (in Debye):               0.000005       0.000005      -2.296397

 Quadrupole moment (in Debye-Angstrom):
                  1            2            3
 1       -15.428741    -0.000003    -0.000018
 2        -0.000003   -15.428741    -0.000018
 3        -0.000018    -0.000018   -16.756213

 Spin-squared expectation <S^2>:         2.015
 Total spin quantum number S:            1.005
 TOTAL ENERGY:                       -1383.436674282

 --------------------------------------------------------------------------------

 End time:                               Wed Jun  2 11:50:44 2021
 Total wall-clock time:                  3.300 seconds
==================================================================================
