
================================================================================
          _____________ ________ _______________ ________     _________         
         / ___________// ______ \\_____   _____// ______ \   / ________)        
        / /_________  / /      \ \     | |     / /      \ \ | (_______          
       |  __________|| |        | |    | |    | |        | | \________ \        
        \ \_________ | |        | |    | |     \ \______/ /___________) |       
         \__________||_|        |_|    |_|      \________//____________/        
                                                                                
====================================[ Qcore ]===================================

 Git hash:   15a3e7daff0cda5fa9af010ccd19a80288182ecf
 Git date:   Fri, 16 Apr 2021 15:57:16 +0100
 Compiler:   GNU 9.1.0
 Build type: Release
 Version:    1.1.0

 Start time: Wed Jun  2 11:50:52 2021

 Data directory: /work/zw18965/.local/qcore/share/entos/1.1.0/data
 Number of threads: 24
 Number of threads was determined by: command line argument
  - More threads can be used by running 'qcore -n 32'

 --------------------------------------------------------------------------------
                                   command: dft                                  
 --------------------------------------------------------------------------------
 AO basis set:                           aug-cc-pvtz
 Number of AO basis functions:         152

 Formula:                                CoBr
 Nuclear charge:                        62.000000000
 Total charge:                           0.000000000
 Number of electrons:                   62.000000000

 Number of alpha electrons:             32
 Number of beta electrons:              30
 Number of unpaired electrons:           2
 Spin:                                   2
 Multiplicity:                           triplet

 Theory:                                 dft
 Exchange-correlation functional:        blyp
 Method for Coulomb:                     incore_df
 Integral threshold:                     1.00e-12
 DF basis set:                           def2-tzvp-jkfit(spdfghi)
 Number of DF basis functions:         530
 Schwarz screening threshold:            1.00e-10
 Coulomb fitting method:                 Cholesky
 Total number of grid points:        16100
 Method for AO orthogonalization:        symmetric
 Threshold for linear dependence:        1.00e-08
 D3BJ dispersion energy:                -0.003101657

 -------------------------------------
  Running unrestricted open-shell SCF 
 -------------------------------------
 Max number of iterations:             128
 Conv. threshold (gradient):             1.00e-05
 Conv. threshold (energy):               1.00e-06
 Interpolation scheme:                   adiis+cdiis
 Initial guess:                          SAD

 ---------------------------------------------------------------
                  energy        change          grad        time
 ---------------------------------------------------------------
   0     -3957.205705754                    2.60e+00        0.03
   1     -3957.063183010      1.43e-01      6.83e-01        0.04
   2     -3953.396339943      3.67e+00      2.77e+00        0.03
   3     -3956.504376633     -3.11e+00      1.59e+00        0.03
   4     -3957.081049372     -5.77e-01      2.93e-01        0.03
   5     -3957.102178122     -2.11e-02      3.43e-01        0.04
   6     -3957.131983970     -2.98e-02      1.97e-01        0.04
   7     -3957.127986352      4.00e-03      2.29e-01        0.04
   8     -3957.138509325     -1.05e-02      6.01e-02        0.04
   9     -3957.139918140     -1.41e-03      4.30e-02        0.04
  10     -3957.142450930     -2.53e-03      2.27e-02        0.04
  11     -3957.140759903      1.69e-03      7.86e-03        0.03
  12     -3957.140741011      1.89e-05      8.29e-03        0.03
  13     -3957.140756452     -1.54e-05      2.14e-03        0.03
  14     -3957.140757344     -8.92e-07      7.92e-04        0.03
  15     -3957.140757622     -2.78e-07      2.16e-04        0.03
  16     -3957.140757597      2.46e-08      2.03e-04        0.04
  17     -3957.140757615     -1.78e-08      5.50e-05        0.03
  18     -3957.140757665     -4.95e-08      1.33e-04        0.03
  19     -3957.140757609      5.57e-08      7.54e-05        0.03
  20     -3957.140757608      5.46e-10      1.52e-05        0.03
  21     -3957.140757608     -3.18e-12      3.05e-06        0.03

 SCF converged in 21 iterations.

 Dipole moment (in Debye):              -0.000008      -0.000010      -3.924395

 Quadrupole moment (in Debye-Angstrom):
                  1            2            3
 1       -33.741519    -0.000003     0.000005
 2        -0.000003   -33.741519     0.000005
 3         0.000005     0.000005   -24.820711

 Spin-squared expectation <S^2>:         2.020
 Total spin quantum number S:            1.007
 TOTAL ENERGY:                       -3957.140757608

 --------------------------------------------------------------------------------

 End time:                               Wed Jun  2 11:50:57 2021
 Total wall-clock time:                  5.844 seconds
==================================================================================
