
================================================================================
          _____________ ________ _______________ ________     _________         
         / ___________// ______ \\_____   _____// ______ \   / ________)        
        / /_________  / /      \ \     | |     / /      \ \ | (_______          
       |  __________|| |        | |    | |    | |        | | \________ \        
        \ \_________ | |        | |    | |     \ \______/ /___________) |       
         \__________||_|        |_|    |_|      \________//____________/        
                                                                                
====================================[ Qcore ]===================================

 Git hash:   15a3e7daff0cda5fa9af010ccd19a80288182ecf
 Git date:   Fri, 16 Apr 2021 15:57:16 +0100
 Compiler:   GNU 9.1.0
 Build type: Release
 Version:    1.1.0

 Start time: Wed Jun  2 11:50:58 2021

 Data directory: /work/zw18965/.local/qcore/share/entos/1.1.0/data
 Number of threads: 24
 Number of threads was determined by: command line argument
  - More threads can be used by running 'qcore -n 32'

 --------------------------------------------------------------------------------
                                   command: dft                                  
 --------------------------------------------------------------------------------
 AO basis set:                           aug-cc-pvtz
 Number of AO basis functions:         139

 Formula:                                OCo
 Nuclear charge:                        35.000000000
 Total charge:                           0.000000000
 Number of electrons:                   35.000000000

 Number of alpha electrons:             19
 Number of beta electrons:              16
 Number of unpaired electrons:           3
 Spin:                                   3
 Multiplicity:                           quartet

 Theory:                                 dft
 Exchange-correlation functional:        blyp
 Method for Coulomb:                     incore_df
 Integral threshold:                     1.00e-12
 DF basis set:                           def2-tzvp-jkfit(spdfghi)
 Number of DF basis functions:         341
 Schwarz screening threshold:            1.00e-10
 Coulomb fitting method:                 Cholesky
 Total number of grid points:        14880
 Method for AO orthogonalization:        symmetric
 Threshold for linear dependence:        1.00e-08
 D3BJ dispersion energy:                -0.001316524

 -------------------------------------
  Running unrestricted open-shell SCF 
 -------------------------------------
 Max number of iterations:             128
 Conv. threshold (gradient):             1.00e-05
 Conv. threshold (energy):               1.00e-06
 Interpolation scheme:                   adiis+cdiis
 Initial guess:                          SAD

 ---------------------------------------------------------------
                  energy        change          grad        time
 ---------------------------------------------------------------
   0     -1458.111922008                    2.91e+00        0.03
   1     -1457.161432429      9.50e-01      2.07e+00        0.02
   2     -1441.656385543      1.55e+01      5.28e+00        0.02
   3     -1453.943384177     -1.23e+01      3.61e+00        0.02
   4     -1457.716999069     -3.77e+00      1.20e+00        0.02
   5     -1458.016677016     -3.00e-01      5.64e-01        0.02
   6     -1458.031387210     -1.47e-02      5.20e-01        0.03
   7     -1458.041582138     -1.02e-02      3.96e-01        0.03
   8     -1458.095130098     -5.35e-02      1.64e-01        0.03
   9     -1458.048649228      4.65e-02      4.17e-01        0.03
  10     -1458.101257935     -5.26e-02      4.05e-02        0.03
  11     -1458.094628446      6.63e-03      1.78e-01        0.03
  12     -1458.101574578     -6.95e-03      3.29e-02        0.03
  13     -1458.101805248     -2.31e-04      1.27e-02        0.03
  14     -1458.101841553     -3.63e-05      2.87e-03        0.02
  15     -1458.101844508     -2.96e-06      6.90e-04        0.02
  16     -1458.101844630     -1.22e-07      3.61e-04        0.02
  17     -1458.101844660     -2.98e-08      1.04e-04        0.03
  18     -1458.101844662     -2.67e-09      5.34e-05        0.03
  19     -1458.101844663     -6.24e-10      2.61e-05        0.02
  20     -1458.101844663     -2.00e-10      2.61e-05        0.02
  21     -1458.101844663      1.55e-10      2.25e-05        0.03
  22     -1458.101844663      3.24e-10      2.18e-06        0.02

 SCF converged in 22 iterations.

 Dipole moment (in Debye):              -0.000000      -0.000000      -3.799922

 Quadrupole moment (in Debye-Angstrom):
                  1            2            3
 1       -20.200879    -0.000001     0.000000
 2        -0.000001   -20.200879     0.000000
 3         0.000000     0.000000   -20.240514

 Spin-squared expectation <S^2>:         3.788
 Total spin quantum number S:            1.510
 TOTAL ENERGY:                       -1458.101844663

 --------------------------------------------------------------------------------

 End time:                               Wed Jun  2 11:51:01 2021
 Total wall-clock time:                  3.772 seconds
==================================================================================
