
================================================================================
          _____________ ________ _______________ ________     _________         
         / ___________// ______ \\_____   _____// ______ \   / ________)        
        / /_________  / /      \ \     | |     / /      \ \ | (_______          
       |  __________|| |        | |    | |    | |        | | \________ \        
        \ \_________ | |        | |    | |     \ \______/ /___________) |       
         \__________||_|        |_|    |_|      \________//____________/        
                                                                                
====================================[ Qcore ]===================================

 Git hash:   15a3e7daff0cda5fa9af010ccd19a80288182ecf
 Git date:   Fri, 16 Apr 2021 15:57:16 +0100
 Compiler:   GNU 9.1.0
 Build type: Release
 Version:    1.1.0

 Start time: Wed Jun  2 11:51:09 2021

 Data directory: /work/zw18965/.local/qcore/share/entos/1.1.0/data
 Number of threads: 24
 Number of threads was determined by: command line argument
  - More threads can be used by running 'qcore -n 32'

 --------------------------------------------------------------------------------
                                   command: dft                                  
 --------------------------------------------------------------------------------
 AO basis set:                           aug-cc-pvtz
 Number of AO basis functions:         139

 Formula:                                FNi
 Nuclear charge:                        37.000000000
 Total charge:                           0.000000000
 Number of electrons:                   37.000000000

 Number of alpha electrons:             19
 Number of beta electrons:              18
 Number of unpaired electrons:           1
 Spin:                                   1
 Multiplicity:                           doublet

 Theory:                                 dft
 Exchange-correlation functional:        blyp
 Method for Coulomb:                     incore_df
 Integral threshold:                     1.00e-12
 DF basis set:                           def2-tzvp-jkfit(spdfghi)
 Number of DF basis functions:         341
 Schwarz screening threshold:            1.00e-10
 Coulomb fitting method:                 Cholesky
 Total number of grid points:        14748
 Method for AO orthogonalization:        symmetric
 Threshold for linear dependence:        1.00e-08
 D3BJ dispersion energy:                -0.001007778

 -------------------------------------
  Running unrestricted open-shell SCF 
 -------------------------------------
 Max number of iterations:             128
 Conv. threshold (gradient):             1.00e-05
 Conv. threshold (energy):               1.00e-06
 Interpolation scheme:                   adiis+cdiis
 Initial guess:                          SAD

 ---------------------------------------------------------------
                  energy        change          grad        time
 ---------------------------------------------------------------
   0     -1608.307443124                    1.88e+00        0.03
   1     -1608.188879931      1.19e-01      5.36e-01        0.02
   2     -1598.158712609      1.00e+01      5.82e+00        0.02
   3     -1606.482981064     -8.32e+00      2.91e+00        0.02
   4     -1606.255489366      2.27e-01      2.96e+00        0.02
   5     -1608.138466267     -1.88e+00      6.89e-01        0.02
   6     -1608.278837880     -1.40e-01      4.51e-01        0.03
   7     -1608.161012565      1.18e-01      8.55e-01        0.03
   8     -1608.327471240     -1.66e-01      1.46e-01        0.03
   9     -1608.245840023      8.16e-02      5.91e-01        0.03
  10     -1608.326693692     -8.09e-02      1.86e-01        0.03
  11     -1608.289144961      3.75e-02      4.61e-01        0.04
  12     -1608.334952504     -4.58e-02      7.13e-02        0.03
  13     -1608.335906685     -9.54e-04      3.95e-02        0.03
  14     -1608.336263557     -3.57e-04      1.26e-02        0.03
  15     -1608.336300928     -3.74e-05      4.51e-03        0.03
  16     -1608.336303818     -2.89e-06      3.26e-03        0.02
  17     -1608.336305540     -1.72e-06      4.39e-04        0.02
  18     -1608.336305560     -1.96e-08      5.73e-04        0.03
  19     -1608.336305576     -1.63e-08      3.46e-04        0.02
  20     -1608.336305603     -2.67e-08      2.03e-05        0.02
  21     -1608.336305603     -8.94e-11      1.09e-05        0.02
  22     -1608.336305603     -2.11e-11      4.23e-06        0.02

 SCF converged in 22 iterations.

 Dipole moment (in Debye):               0.000001       0.000001      -4.296218

 Quadrupole moment (in Debye-Angstrom):
                  1            2            3
 1       -17.908679     0.000011    -0.000002
 2         0.000011   -17.908611    -0.000002
 3        -0.000002    -0.000002   -19.847184

 Spin-squared expectation <S^2>:         0.752
 Total spin quantum number S:            0.501
 TOTAL ENERGY:                       -1608.336305603

 --------------------------------------------------------------------------------

 End time:                               Wed Jun  2 11:51:12 2021
 Total wall-clock time:                  3.786 seconds
==================================================================================
