
================================================================================
          _____________ ________ _______________ ________     _________         
         / ___________// ______ \\_____   _____// ______ \   / ________)        
        / /_________  / /      \ \     | |     / /      \ \ | (_______          
       |  __________|| |        | |    | |    | |        | | \________ \        
        \ \_________ | |        | |    | |     \ \______/ /___________) |       
         \__________||_|        |_|    |_|      \________//____________/        
                                                                                
====================================[ Qcore ]===================================

 Git hash:   15a3e7daff0cda5fa9af010ccd19a80288182ecf
 Git date:   Fri, 16 Apr 2021 15:57:16 +0100
 Compiler:   GNU 9.1.0
 Build type: Release
 Version:    1.1.0

 Start time: Wed Jun  2 11:51:18 2021

 Data directory: /work/zw18965/.local/qcore/share/entos/1.1.0/data
 Number of threads: 24
 Number of threads was determined by: command line argument
  - More threads can be used by running 'qcore -n 32'

 --------------------------------------------------------------------------------
                                   command: dft                                  
 --------------------------------------------------------------------------------
 AO basis set:                           aug-cc-pvtz
 Number of AO basis functions:         152

 Formula:                                NiBr
 Nuclear charge:                        63.000000000
 Total charge:                           0.000000000
 Number of electrons:                   63.000000000

 Number of alpha electrons:             32
 Number of beta electrons:              31
 Number of unpaired electrons:           1
 Spin:                                   1
 Multiplicity:                           doublet

 Theory:                                 dft
 Exchange-correlation functional:        blyp
 Method for Coulomb:                     incore_df
 Integral threshold:                     1.00e-12
 DF basis set:                           def2-tzvp-jkfit(spdfghi)
 Number of DF basis functions:         530
 Schwarz screening threshold:            1.00e-10
 Coulomb fitting method:                 Cholesky
 Total number of grid points:        16100
 Method for AO orthogonalization:        symmetric
 Threshold for linear dependence:        1.00e-08
 D3BJ dispersion energy:                -0.003254923

 -------------------------------------
  Running unrestricted open-shell SCF 
 -------------------------------------
 Max number of iterations:             128
 Conv. threshold (gradient):             1.00e-05
 Conv. threshold (energy):               1.00e-06
 Interpolation scheme:                   adiis+cdiis
 Initial guess:                          SAD

 ---------------------------------------------------------------
                  energy        change          grad        time
 ---------------------------------------------------------------
   0     -4082.820431815                    2.99e+00        0.03
   1     -4082.594354749      2.26e-01      9.20e-01        0.03
   2     -4056.844186389      2.58e+01      4.77e+00        0.03
   3     -4080.058106595     -2.32e+01      3.60e+00        0.03
   4     -4082.446595742     -2.39e+00      1.37e+00        0.04
   5     -4082.704918913     -2.58e-01      3.08e-01        0.04
   6     -4082.694660844      1.03e-02      2.43e-01        0.03
   7     -4082.705067990     -1.04e-02      3.27e-01        0.04
   8     -4082.714523805     -9.46e-03      2.51e-01        0.04
   9     -4082.717551704     -3.03e-03      1.78e-01        0.04
  10     -4082.721711113     -4.16e-03      7.31e-02        0.04
  11     -4082.721018012      6.93e-04      1.15e-01        0.04
  12     -4082.723850647     -2.83e-03      1.29e-02        0.03
  13     -4082.723879384     -2.87e-05      1.78e-03        0.03
  14     -4082.723880376     -9.92e-07      9.54e-04        0.03
  15     -4082.723880483     -1.07e-07      6.43e-04        0.03
  16     -4082.723880509     -2.62e-08      2.87e-04        0.04
  17     -4082.723880529     -2.01e-08      5.84e-05        0.04
  18     -4082.723880530     -1.12e-09      1.90e-05        0.03
  19     -4082.723880530     -4.09e-11      1.51e-05        0.03
  20     -4082.723880530      1.82e-12      1.75e-05        0.03
  21     -4082.723880530     -7.28e-12      1.98e-05        0.03
  22     -4082.723880530      5.46e-12      1.14e-05        0.03
  23     -4082.723880530      2.73e-12      2.80e-06        0.03

 SCF converged in 23 iterations.

 Dipole moment (in Debye):              -0.000001      -0.000001      -3.621414

 Quadrupole moment (in Debye-Angstrom):
                  1            2            3
 1       -33.043890     0.727831     0.000002
 2         0.727831   -33.043896     0.000002
 3         0.000002     0.000002   -25.736543

 Spin-squared expectation <S^2>:         0.769
 Total spin quantum number S:            0.509
 TOTAL ENERGY:                       -4082.723880530

 --------------------------------------------------------------------------------

 End time:                               Wed Jun  2 11:51:23 2021
 Total wall-clock time:                  5.681 seconds
==================================================================================
