
================================================================================
          _____________ ________ _______________ ________     _________         
         / ___________// ______ \\_____   _____// ______ \   / ________)        
        / /_________  / /      \ \     | |     / /      \ \ | (_______          
       |  __________|| |        | |    | |    | |        | | \________ \        
        \ \_________ | |        | |    | |     \ \______/ /___________) |       
         \__________||_|        |_|    |_|      \________//____________/        
                                                                                
====================================[ Qcore ]===================================

 Git hash:   15a3e7daff0cda5fa9af010ccd19a80288182ecf
 Git date:   Fri, 16 Apr 2021 15:57:16 +0100
 Compiler:   GNU 9.1.0
 Build type: Release
 Version:    1.1.0

 Start time: Wed Jun  2 11:51:34 2021

 Data directory: /work/zw18965/.local/qcore/share/entos/1.1.0/data
 Number of threads: 24
 Number of threads was determined by: command line argument
  - More threads can be used by running 'qcore -n 32'

 --------------------------------------------------------------------------------
                                   command: dft                                  
 --------------------------------------------------------------------------------
 AO basis set:                           aug-cc-pvtz
 Number of AO basis functions:         139

 Formula:                                FCu
 Nuclear charge:                        38.000000000
 Total charge:                           0.000000000
 Number of electrons:                   38.000000000

 Number of alpha electrons:             19
 Number of beta electrons:              19
 Number of unpaired electrons:           0
 Spin:                                   0
 Multiplicity:                           singlet

 Theory:                                 dft
 Exchange-correlation functional:        blyp
 Method for Coulomb:                     incore_df
 Integral threshold:                     1.00e-12
 DF basis set:                           def2-tzvp-jkfit(spdfghi)
 Number of DF basis functions:         341
 Schwarz screening threshold:            1.00e-10
 Coulomb fitting method:                 Cholesky
 Total number of grid points:        14748
 Method for AO orthogonalization:        symmetric
 Threshold for linear dependence:        1.00e-08
 D3BJ dispersion energy:                -0.000881803

 -------------------------------------
  Running restricted closed-shell SCF 
 -------------------------------------
 Max number of iterations:             128
 Conv. threshold (gradient):             1.00e-05
 Conv. threshold (energy):               1.00e-06
 Interpolation scheme:                   adiis+cdiis
 Initial guess:                          SAD

 ---------------------------------------------------------------
                  energy        change          grad        time
 ---------------------------------------------------------------
   0     -1740.557394139                    3.63e+00        0.03
   1     -1740.407977169      1.49e-01      1.46e+00        0.02
   2     -1733.439103344      6.97e+00      6.89e+00        0.02
   3     -1739.766812436     -6.33e+00      3.59e+00        0.02
   4     -1740.516766422     -7.50e-01      8.43e-01        0.01
   5     -1740.540256327     -2.35e-02      5.21e-01        0.02
   6     -1740.549618541     -9.36e-03      2.03e-01        0.02
   7     -1740.525429397      2.42e-02      6.92e-01        0.02
   8     -1740.551444747     -2.60e-02      1.88e-01        0.02
   9     -1740.553433635     -1.99e-03      1.28e-01        0.02
  10     -1740.553152373      2.81e-04      1.42e-01        0.02
  11     -1740.554235527     -1.08e-03      5.32e-02        0.02
  12     -1740.553844412      3.91e-04      7.15e-02        0.02
  13     -1740.554439951     -5.96e-04      7.21e-05        0.02
  14     -1740.554439951     -3.39e-10      1.48e-05        0.02
  15     -1740.554439951     -1.23e-11      1.24e-06        0.02

 SCF converged in 15 iterations.

 Dipole moment (in Debye):              -0.000000      -0.000000      -4.500313

 Quadrupole moment (in Debye-Angstrom):
                  1            2            3
 1       -17.917521     0.000000    -0.000000
 2         0.000000   -17.917521    -0.000000
 3        -0.000000    -0.000000   -19.242857

 Spin-squared expectation <S^2>:         0.000
 Total spin quantum number S:            0.000
 TOTAL ENERGY:                       -1740.554439951

 --------------------------------------------------------------------------------

 End time:                               Wed Jun  2 11:51:38 2021
 Total wall-clock time:                  3.289 seconds
==================================================================================
