
================================================================================
          _____________ ________ _______________ ________     _________         
         / ___________// ______ \\_____   _____// ______ \   / ________)        
        / /_________  / /      \ \     | |     / /      \ \ | (_______          
       |  __________|| |        | |    | |    | |        | | \________ \        
        \ \_________ | |        | |    | |     \ \______/ /___________) |       
         \__________||_|        |_|    |_|      \________//____________/        
                                                                                
====================================[ Qcore ]===================================

 Git hash:   15a3e7daff0cda5fa9af010ccd19a80288182ecf
 Git date:   Fri, 16 Apr 2021 15:57:16 +0100
 Compiler:   GNU 9.1.0
 Build type: Release
 Version:    1.1.0

 Start time: Wed Jun  2 11:51:46 2021

 Data directory: /work/zw18965/.local/qcore/share/entos/1.1.0/data
 Number of threads: 24
 Number of threads was determined by: command line argument
  - More threads can be used by running 'qcore -n 32'

 --------------------------------------------------------------------------------
                                   command: dft                                  
 --------------------------------------------------------------------------------
 AO basis set:                           aug-cc-pvtz
 Number of AO basis functions:         139

 Formula:                                OCu
 Nuclear charge:                        37.000000000
 Total charge:                           0.000000000
 Number of electrons:                   37.000000000

 Number of alpha electrons:             19
 Number of beta electrons:              18
 Number of unpaired electrons:           1
 Spin:                                   1
 Multiplicity:                           doublet

 Theory:                                 dft
 Exchange-correlation functional:        blyp
 Method for Coulomb:                     incore_df
 Integral threshold:                     1.00e-12
 DF basis set:                           def2-tzvp-jkfit(spdfghi)
 Number of DF basis functions:         341
 Schwarz screening threshold:            1.00e-10
 Coulomb fitting method:                 Cholesky
 Total number of grid points:        14880
 Method for AO orthogonalization:        symmetric
 Threshold for linear dependence:        1.00e-08
 D3BJ dispersion energy:                -0.001207508

 -------------------------------------
  Running unrestricted open-shell SCF 
 -------------------------------------
 Max number of iterations:             128
 Conv. threshold (gradient):             1.00e-05
 Conv. threshold (energy):               1.00e-06
 Interpolation scheme:                   adiis+cdiis
 Initial guess:                          SAD

 ---------------------------------------------------------------
                  energy        change          grad        time
 ---------------------------------------------------------------
   0     -1715.885281564                    2.43e+00        0.02
   1     -1714.901877281      9.83e-01      1.90e+00        0.02
   2     -1703.853382185      1.10e+01      4.46e+00        0.02
   3     -1714.212596964     -1.04e+01      1.99e+00        0.02
   4     -1715.770270606     -1.56e+00      5.54e-01        0.02
   5     -1715.734416959      3.59e-02      6.90e-01        0.03
   6     -1715.818892187     -8.45e-02      3.56e-01        0.02
   7     -1715.816288930      2.60e-03      3.40e-01        0.03
   8     -1715.838557311     -2.23e-02      1.25e-01        0.03
   9     -1715.822750884      1.58e-02      2.86e-01        0.03
  10     -1715.841351154     -1.86e-02      7.29e-02        0.03
  11     -1715.842417538     -1.07e-03      4.01e-02        0.03
  12     -1715.842718365     -3.01e-04      3.34e-03        0.03
  13     -1715.842721226     -2.86e-06      7.63e-04        0.03
  14     -1715.842721363     -1.37e-07      1.45e-04        0.02
  15     -1715.842721368     -4.96e-09      4.98e-05        0.02
  16     -1715.842721368     -5.55e-10      1.58e-05        0.02
  17     -1715.842721368     -4.80e-11      3.13e-06        0.02

 SCF converged in 17 iterations.

 Dipole moment (in Debye):              -0.000000      -0.000000      -4.166823

 Quadrupole moment (in Debye-Angstrom):
                  1            2            3
 1       -18.812847     0.766508    -0.000000
 2         0.766508   -18.812848    -0.000000
 3        -0.000000    -0.000000   -20.007114

 Spin-squared expectation <S^2>:         0.761
 Total spin quantum number S:            0.505
 TOTAL ENERGY:                       -1715.842721368

 --------------------------------------------------------------------------------

 End time:                               Wed Jun  2 11:51:50 2021
 Total wall-clock time:                  3.512 seconds
==================================================================================
