
================================================================================
          _____________ ________ _______________ ________     _________         
         / ___________// ______ \\_____   _____// ______ \   / ________)        
        / /_________  / /      \ \     | |     / /      \ \ | (_______          
       |  __________|| |        | |    | |    | |        | | \________ \        
        \ \_________ | |        | |    | |     \ \______/ /___________) |       
         \__________||_|        |_|    |_|      \________//____________/        
                                                                                
====================================[ Qcore ]===================================

 Git hash:   15a3e7daff0cda5fa9af010ccd19a80288182ecf
 Git date:   Fri, 16 Apr 2021 15:57:16 +0100
 Compiler:   GNU 9.1.0
 Build type: Release
 Version:    1.1.0

 Start time: Wed Jun  2 11:51:50 2021

 Data directory: /work/zw18965/.local/qcore/share/entos/1.1.0/data
 Number of threads: 24
 Number of threads was determined by: command line argument
  - More threads can be used by running 'qcore -n 32'

 --------------------------------------------------------------------------------
                                   command: dft                                  
 --------------------------------------------------------------------------------
 AO basis set:                           aug-cc-pvtz
 Number of AO basis functions:         143

 Formula:                                SCu
 Nuclear charge:                        45.000000000
 Total charge:                           0.000000000
 Number of electrons:                   45.000000000

 Number of alpha electrons:             23
 Number of beta electrons:              22
 Number of unpaired electrons:           1
 Spin:                                   1
 Multiplicity:                           doublet

 Theory:                                 dft
 Exchange-correlation functional:        blyp
 Method for Coulomb:                     incore_df
 Integral threshold:                     1.00e-12
 DF basis set:                           def2-tzvp-jkfit(spdfghi)
 Number of DF basis functions:         392
 Schwarz screening threshold:            1.00e-10
 Coulomb fitting method:                 Cholesky
 Total number of grid points:        15286
 Method for AO orthogonalization:        symmetric
 Threshold for linear dependence:        1.00e-08
 D3BJ dispersion energy:                -0.002871607

 -------------------------------------
  Running unrestricted open-shell SCF 
 -------------------------------------
 Max number of iterations:             128
 Conv. threshold (gradient):             1.00e-05
 Conv. threshold (energy):               1.00e-06
 Interpolation scheme:                   adiis+cdiis
 Initial guess:                          SAD

 ---------------------------------------------------------------
                  energy        change          grad        time
 ---------------------------------------------------------------
   0     -2038.986658898                    3.20e+00        0.03
   1     -2038.306800463      6.80e-01      1.70e+00        0.03
   2     -2031.518065587      6.79e+00      2.95e+00        0.03
   3     -2037.955152607     -6.44e+00      1.54e+00        0.02
   4     -2038.777983195     -8.23e-01      4.51e-01        0.03
   5     -2038.725901085      5.21e-02      6.66e-01        0.03
   6     -2038.847790961     -1.22e-01      3.73e-01        0.03
   7     -2038.810382125      3.74e-02      5.10e-01        0.03
   8     -2038.858858035     -4.85e-02      1.50e-01        0.03
   9     -2038.863877318     -5.02e-03      1.67e-01        0.03
  10     -2038.868450171     -4.57e-03      1.02e-01        0.03
  11     -2038.867033732      1.42e-03      1.22e-01        0.03
  12     -2038.869804118     -2.77e-03      3.59e-02        0.04
  13     -2038.870022923     -2.19e-04      2.25e-02        0.04
  14     -2038.870296584     -2.74e-04      4.40e-04        0.03
  15     -2038.870296631     -4.69e-08      4.38e-05        0.03
  16     -2038.870296632     -9.03e-10      7.10e-06        0.03

 SCF converged in 16 iterations.

 Dipole moment (in Debye):               0.000000       0.000000      -3.581129

 Quadrupole moment (in Debye-Angstrom):
                  1            2            3
 1       -27.462470    -1.382566     0.000001
 2        -1.382566   -27.462471     0.000001
 3         0.000001     0.000001   -24.669817

 Spin-squared expectation <S^2>:         0.754
 Total spin quantum number S:            0.502
 TOTAL ENERGY:                       -2038.870296632

 --------------------------------------------------------------------------------

 End time:                               Wed Jun  2 11:51:54 2021
 Total wall-clock time:                  3.902 seconds
==================================================================================
