
================================================================================
          _____________ ________ _______________ ________     _________         
         / ___________// ______ \\_____   _____// ______ \   / ________)        
        / /_________  / /      \ \     | |     / /      \ \ | (_______          
       |  __________|| |        | |    | |    | |        | | \________ \        
        \ \_________ | |        | |    | |     \ \______/ /___________) |       
         \__________||_|        |_|    |_|      \________//____________/        
                                                                                
====================================[ Qcore ]===================================

 Git hash:   15a3e7daff0cda5fa9af010ccd19a80288182ecf
 Git date:   Fri, 16 Apr 2021 15:57:16 +0100
 Compiler:   GNU 9.1.0
 Build type: Release
 Version:    1.1.0

 Start time: Wed Jun  2 11:49:44 2021

 Data directory: /work/zw18965/.local/qcore/share/entos/1.1.0/data
 Number of threads: 24
 Number of threads was determined by: command line argument

 --------------------------------------------------------------------------------
                                   command: dft                                  
 --------------------------------------------------------------------------------
 AO basis set:                           aug-cc-pvtz
 Number of AO basis functions:         116

 Formula:                                HSc
 Nuclear charge:                        22.000000000
 Total charge:                           0.000000000
 Number of electrons:                   22.000000000

 Number of alpha electrons:             11
 Number of beta electrons:              11
 Number of unpaired electrons:           0
 Spin:                                   0
 Multiplicity:                           singlet

 Theory:                                 dft
 Exchange-correlation functional:        0.49 b88 + 0.4 lyp
 Method for Coulomb:                     incore_df
 Method for exact exchange:              pre_transformed_df
 Integral threshold:                     1.00e-12
 DF basis set:                           def2-tzvp-jkfit(spdfghi)
 Number of DF basis functions:         282
 Schwarz screening threshold:            1.00e-10
 Coulomb fitting method:                 Cholesky

 ------------------
  UW12 Correlation 
 ------------------
 Factor for UW12 correlation:            1.000000000
 Opposite spin scale factor:             0.520000000
 Same spin scale factor:                 0.000000000
 Calculate indirect contribution:        false
 Method for three electron term:         df_ri
 Auxiliary RI basis set:                 Def2-TZVP-RI
 Number of RI basis functions:         197
 Gaussians in geminal expansion:        10
 UW12 screening threshold:               1.00e-12
 Method for density-fitting:             w(r)
 Number of core spatial orbitals:        5

 Total number of grid points:        13742
 Method for AO orthogonalization:        symmetric
 Threshold for linear dependence:        1.00e-08
 D3BJ dispersion energy:                -0.001401466

 -------------------------------------
  Running restricted closed-shell SCF 
 -------------------------------------
 Max number of iterations:             128
 Conv. threshold (gradient):             1.00e-05
 Conv. threshold (energy):               1.00e-06
 Interpolation scheme:                   adiis+cdiis
 Initial guess:                          H0

 ---------------------------------------------------------------
                  energy        change          grad        time
 ---------------------------------------------------------------
   0      -744.971858124                    1.01e+01        3.18
   1      -727.845464602      1.71e+01      2.26e+01        0.09
   2      -751.843784762     -2.40e+01      6.79e+00        0.08
   3      -759.737529061     -7.89e+00      3.66e+00        0.07
   4      -758.495663260      1.24e+00      4.44e+00        0.07
   5      -760.854465125     -2.36e+00      3.50e-01        0.07
   6      -760.860369264     -5.90e-03      3.05e-01        0.07
   7      -760.866725908     -6.36e-03      1.17e-01        0.07
   8      -760.867323491     -5.98e-04      9.09e-02        0.07
   9      -760.868032035     -7.09e-04      1.84e-02        0.07
  10      -760.868063443     -3.14e-05      8.64e-04        0.07
  11      -760.868063582     -1.39e-07      2.29e-04        0.07
  12      -760.868063614     -3.20e-08      1.65e-04        0.08
  13      -760.868063638     -2.41e-08      9.82e-05        0.08
  14      -760.868063651     -1.22e-08      2.42e-05        0.07
  15      -760.868063651     -2.03e-11      6.76e-06        0.07

 SCF converged in 15 iterations.

 Dipole moment (in Debye):              -0.000001      -0.000001      -2.068331

 Quadrupole moment (in Debye-Angstrom):
                  1            2            3
 1       -22.720534    -0.000001     0.000000
 2        -0.000001   -22.720540     0.000000
 3         0.000000     0.000000   -23.907380

 Spin-squared expectation <S^2>:         0.000
 Total spin quantum number S:            0.000
 TOTAL ENERGY:                        -760.868063650

 --------------------------------------------------------------------------------

 End time:                               Wed Jun  2 11:49:50 2021
 Total wall-clock time:                  5.620 seconds
==================================================================================
