
================================================================================
          _____________ ________ _______________ ________     _________         
         / ___________// ______ \\_____   _____// ______ \   / ________)        
        / /_________  / /      \ \     | |     / /      \ \ | (_______          
       |  __________|| |        | |    | |    | |        | | \________ \        
        \ \_________ | |        | |    | |     \ \______/ /___________) |       
         \__________||_|        |_|    |_|      \________//____________/        
                                                                                
====================================[ Qcore ]===================================

 Git hash:   15a3e7daff0cda5fa9af010ccd19a80288182ecf
 Git date:   Fri, 16 Apr 2021 15:57:16 +0100
 Compiler:   GNU 9.1.0
 Build type: Release
 Version:    1.1.0

 Start time: Wed Jun  2 11:49:50 2021

 Data directory: /work/zw18965/.local/qcore/share/entos/1.1.0/data
 Number of threads: 24
 Number of threads was determined by: command line argument

 --------------------------------------------------------------------------------
                                   command: dft                                  
 --------------------------------------------------------------------------------
 AO basis set:                           aug-cc-pvtz
 Number of AO basis functions:         139

 Formula:                                FSc
 Nuclear charge:                        30.000000000
 Total charge:                           0.000000000
 Number of electrons:                   30.000000000

 Number of alpha electrons:             15
 Number of beta electrons:              15
 Number of unpaired electrons:           0
 Spin:                                   0
 Multiplicity:                           singlet

 Theory:                                 dft
 Exchange-correlation functional:        0.49 b88 + 0.4 lyp
 Method for Coulomb:                     incore_df
 Method for exact exchange:              pre_transformed_df
 Integral threshold:                     1.00e-12
 DF basis set:                           def2-tzvp-jkfit(spdfghi)
 Number of DF basis functions:         341
 Schwarz screening threshold:            1.00e-10
 Coulomb fitting method:                 Cholesky

 ------------------
  UW12 Correlation 
 ------------------
 Factor for UW12 correlation:            1.000000000
 Opposite spin scale factor:             0.520000000
 Same spin scale factor:                 0.000000000
 Calculate indirect contribution:        false
 Method for three electron term:         df_ri
 Auxiliary RI basis set:                 Def2-TZVP-RI
 Number of RI basis functions:         258
 Gaussians in geminal expansion:        10
 UW12 screening threshold:               1.00e-12
 Method for density-fitting:             w(r)
 Number of core spatial orbitals:        6

 Total number of grid points:        14664
 Method for AO orthogonalization:        symmetric
 Threshold for linear dependence:        1.00e-08
 D3BJ dispersion energy:                -0.001648253

 -------------------------------------
  Running restricted closed-shell SCF 
 -------------------------------------
 Max number of iterations:             128
 Conv. threshold (gradient):             1.00e-05
 Conv. threshold (energy):               1.00e-06
 Interpolation scheme:                   adiis+cdiis
 Initial guess:                          H0

 ---------------------------------------------------------------
                  energy        change          grad        time
 ---------------------------------------------------------------
   0      -794.176584696                    1.27e+01        4.02
   1      -787.253136936      6.92e+00      1.82e+01        0.17
   2      -804.773165775     -1.75e+01      1.14e+01        0.15
   3      -857.335670540     -5.26e+01      6.71e+00        0.15
   4      -849.389080873      7.95e+00      1.00e+01        0.15
   5      -859.656806196     -1.03e+01      1.87e+00        0.15
   6      -859.288182517      3.69e-01      3.12e+00        0.14
   7      -860.074439843     -7.86e-01      8.83e-01        0.14
   8      -860.112527927     -3.81e-02      8.95e-01        0.14
   9      -860.166214761     -5.37e-02      6.82e-01        0.14
  10      -860.175944064     -9.73e-03      5.37e-01        0.14
  11      -860.189901575     -1.40e-02      1.07e-01        0.14
  12      -860.189285037      6.17e-04      1.56e-01        0.14
  13      -860.190546532     -1.26e-03      1.34e-02        0.14
  14      -860.190555019     -8.49e-06      1.49e-02        0.14
  15      -860.190571703     -1.67e-05      4.93e-04        0.14
  16      -860.190571796     -9.36e-08      1.03e-04        0.14
  17      -860.190571800     -4.03e-09      3.98e-05        0.14
  18      -860.190571802     -1.04e-09      2.17e-06        0.14

 SCF converged in 18 iterations.

 Dipole moment (in Debye):              -0.000001      -0.000001      -2.211897

 Quadrupole moment (in Debye-Angstrom):
                  1            2            3
 1       -25.965605    -0.000019     0.000002
 2        -0.000019   -25.965605     0.000002
 3         0.000002     0.000002   -26.489295

 Spin-squared expectation <S^2>:         0.000
 Total spin quantum number S:            0.000
 TOTAL ENERGY:                        -860.190571801

 --------------------------------------------------------------------------------

 End time:                               Wed Jun  2 11:49:59 2021
 Total wall-clock time:                  8.535 seconds
==================================================================================
