
================================================================================
          _____________ ________ _______________ ________     _________         
         / ___________// ______ \\_____   _____// ______ \   / ________)        
        / /_________  / /      \ \     | |     / /      \ \ | (_______          
       |  __________|| |        | |    | |    | |        | | \________ \        
        \ \_________ | |        | |    | |     \ \______/ /___________) |       
         \__________||_|        |_|    |_|      \________//____________/        
                                                                                
====================================[ Qcore ]===================================

 Git hash:   15a3e7daff0cda5fa9af010ccd19a80288182ecf
 Git date:   Fri, 16 Apr 2021 15:57:16 +0100
 Compiler:   GNU 9.1.0
 Build type: Release
 Version:    1.1.0

 Start time: Wed Jun  2 11:49:59 2021

 Data directory: /work/zw18965/.local/qcore/share/entos/1.1.0/data
 Number of threads: 24
 Number of threads was determined by: command line argument

 --------------------------------------------------------------------------------
                                   command: dft                                  
 --------------------------------------------------------------------------------
 AO basis set:                           aug-cc-pvtz
 Number of AO basis functions:         143

 Formula:                                ClSc
 Nuclear charge:                        38.000000000
 Total charge:                           0.000000000
 Number of electrons:                   38.000000000

 Number of alpha electrons:             19
 Number of beta electrons:              19
 Number of unpaired electrons:           0
 Spin:                                   0
 Multiplicity:                           singlet

 Theory:                                 dft
 Exchange-correlation functional:        0.49 b88 + 0.4 lyp
 Method for Coulomb:                     incore_df
 Method for exact exchange:              pre_transformed_df
 Integral threshold:                     1.00e-12
 DF basis set:                           def2-tzvp-jkfit(spdfghi)
 Number of DF basis functions:         392
 Schwarz screening threshold:            1.00e-10
 Coulomb fitting method:                 Cholesky

 ------------------
  UW12 Correlation 
 ------------------
 Factor for UW12 correlation:            1.000000000
 Opposite spin scale factor:             0.520000000
 Same spin scale factor:                 0.000000000
 Calculate indirect contribution:        false
 Method for three electron term:         df_ri
 Auxiliary RI basis set:                 Def2-TZVP-RI
 Number of RI basis functions:         295
 Gaussians in geminal expansion:        10
 UW12 screening threshold:               1.00e-12
 Method for density-fitting:             w(r)
 Number of core spatial orbitals:       10

 Total number of grid points:        15346
 Method for AO orthogonalization:        symmetric
 Threshold for linear dependence:        1.00e-08
 D3BJ dispersion energy:                -0.006233059

 -------------------------------------
  Running restricted closed-shell SCF 
 -------------------------------------
 Max number of iterations:             128
 Conv. threshold (gradient):             1.00e-05
 Conv. threshold (energy):               1.00e-06
 Interpolation scheme:                   adiis+cdiis
 Initial guess:                          H0

 ---------------------------------------------------------------
                  energy        change          grad        time
 ---------------------------------------------------------------
   0     -1157.445060263                    1.24e+01        4.42
   1     -1147.622668602      9.82e+00      1.09e+01        0.22
   2     -1046.074207806      1.02e+02      1.72e+01        0.21
   3     -1193.948365475     -1.48e+02      1.05e+01        0.20
   4     -1216.575448314     -2.26e+01      8.02e+00        0.20
   5     -1219.555068732     -2.98e+00      1.86e+00        0.19
   6     -1219.693413175     -1.38e-01      1.77e+00        0.20
   7     -1220.118074049     -4.25e-01      9.59e-01        0.20
   8     -1220.053027846      6.50e-02      1.15e+00        0.19
   9     -1220.215180260     -1.62e-01      5.75e-01        0.20
  10     -1220.190509274      2.47e-02      1.03e+00        0.20
  11     -1220.288966863     -9.85e-02      1.94e-01        0.20
  12     -1220.289661547     -6.95e-04      1.70e-01        0.20
  13     -1220.293428918     -3.77e-03      5.89e-02        0.20
  14     -1220.293456299     -2.74e-05      5.80e-02        0.19
  15     -1220.293922560     -4.66e-04      1.01e-02        0.20
  16     -1220.293963706     -4.11e-05      3.95e-03        0.19
  17     -1220.293975457     -1.18e-05      2.90e-03        0.21
  18     -1220.293983438     -7.98e-06      1.66e-03        0.21
  19     -1220.293987216     -3.78e-06      3.58e-04        0.20
  20     -1220.293987413     -1.97e-07      1.07e-04        0.20
  21     -1220.293987414     -1.01e-09      7.83e-06        0.20

 SCF converged in 21 iterations.

 Dipole moment (in Debye):              -0.000001      -0.000001      -3.243030

 Quadrupole moment (in Debye-Angstrom):
                  1            2            3
 1       -34.018081    -0.000021     0.000000
 2        -0.000021   -34.018081     0.000001
 3         0.000000     0.000001   -30.139221

 Spin-squared expectation <S^2>:         0.000
 Total spin quantum number S:            0.000
 TOTAL ENERGY:                       -1220.293987413

 --------------------------------------------------------------------------------

 End time:                               Wed Jun  2 11:50:09 2021
 Total wall-clock time:                 10.584 seconds
==================================================================================
