
================================================================================
          _____________ ________ _______________ ________     _________         
         / ___________// ______ \\_____   _____// ______ \   / ________)        
        / /_________  / /      \ \     | |     / /      \ \ | (_______          
       |  __________|| |        | |    | |    | |        | | \________ \        
        \ \_________ | |        | |    | |     \ \______/ /___________) |       
         \__________||_|        |_|    |_|      \________//____________/        
                                                                                
====================================[ Qcore ]===================================

 Git hash:   15a3e7daff0cda5fa9af010ccd19a80288182ecf
 Git date:   Fri, 16 Apr 2021 15:57:16 +0100
 Compiler:   GNU 9.1.0
 Build type: Release
 Version:    1.1.0

 Start time: Wed Jun  2 11:50:09 2021

 Data directory: /work/zw18965/.local/qcore/share/entos/1.1.0/data
 Number of threads: 24
 Number of threads was determined by: command line argument

 --------------------------------------------------------------------------------
                                   command: dft                                  
 --------------------------------------------------------------------------------
 AO basis set:                           aug-cc-pvtz
 Number of AO basis functions:         152

 Formula:                                ScBr
 Nuclear charge:                        56.000000000
 Total charge:                           0.000000000
 Number of electrons:                   56.000000000

 Number of alpha electrons:             28
 Number of beta electrons:              28
 Number of unpaired electrons:           0
 Spin:                                   0
 Multiplicity:                           singlet

 Theory:                                 dft
 Exchange-correlation functional:        0.49 b88 + 0.4 lyp
 Method for Coulomb:                     incore_df
 Method for exact exchange:              pre_transformed_df
 Integral threshold:                     1.00e-12
 DF basis set:                           def2-tzvp-jkfit(spdfghi)
 Number of DF basis functions:         530
 Schwarz screening threshold:            1.00e-10
 Coulomb fitting method:                 Cholesky

 ------------------
  UW12 Correlation 
 ------------------
 Factor for UW12 correlation:            1.000000000
 Opposite spin scale factor:             0.520000000
 Same spin scale factor:                 0.000000000
 Calculate indirect contribution:        false
 Method for three electron term:         df_ri
 Auxiliary RI basis set:                 Def2-TZVP-RI
 Number of RI basis functions:         341
 Gaussians in geminal expansion:        10
 UW12 screening threshold:               1.00e-12
 Method for density-fitting:             w(r)
 Number of core spatial orbitals:       14

 Total number of grid points:        16016
 Method for AO orthogonalization:        symmetric
 Threshold for linear dependence:        1.00e-08
 D3BJ dispersion energy:                -0.008019731

 -------------------------------------
  Running restricted closed-shell SCF 
 -------------------------------------
 Max number of iterations:             128
 Conv. threshold (gradient):             1.00e-05
 Conv. threshold (energy):               1.00e-06
 Interpolation scheme:                   adiis+cdiis
 Initial guess:                          H0

 ---------------------------------------------------------------
                  energy        change          grad        time
 ---------------------------------------------------------------
   0     -3296.073544475                    1.27e+01        5.82
   1     -3169.783669763      1.26e+02      1.97e+01        0.40
   2     -3241.016520940     -7.12e+01      1.07e+01        0.39
   3     -3292.676387124     -5.17e+01      1.10e+01        0.40
   4     -3305.649134426     -1.30e+01      1.43e+01        0.41
   5     -3330.391047339     -2.47e+01      5.33e+00        0.39
   6     -3325.657233138      4.73e+00      5.65e+00        0.41
   7     -3329.252324371     -3.60e+00      8.26e+00        0.41
   8     -3333.397408524     -4.15e+00      1.65e+00        0.39
   9     -3333.728744464     -3.31e-01      1.39e+00        0.40
  10     -3334.034925096     -3.06e-01      6.13e-01        0.40
  11     -3333.984078637      5.08e-02      1.04e+00        0.39
  12     -3334.090524628     -1.06e-01      1.16e-01        0.39
  13     -3334.094480100     -3.96e-03      1.25e-01        0.41
  14     -3334.097237136     -2.76e-03      9.70e-02        0.40
  15     -3334.099730864     -2.49e-03      1.30e-01        0.39
  16     -3334.101156233     -1.43e-03      6.28e-02        0.41
  17     -3334.105207330     -4.05e-03      4.48e-02        0.41
  18     -3334.109146450     -3.94e-03      7.27e-02        0.43
  19     -3334.109303811     -1.57e-04      2.73e-02        0.41
  20     -3334.109647550     -3.44e-04      2.14e-02        0.41
  21     -3334.109831190     -1.84e-04      1.50e-02        0.42
  22     -3334.109853490     -2.23e-05      9.35e-03        0.41
  23     -3334.109857073     -3.58e-06      1.19e-02        0.42
  24     -3334.109871341     -1.43e-05      1.13e-03        0.39
  25     -3334.109871367     -2.58e-08      1.12e-03        0.40
  26     -3334.109871534     -1.67e-07      2.04e-04        0.39
  27     -3334.109871520      1.40e-08      1.11e-05        0.40
  28     -3334.109871526     -5.76e-09      3.03e-06        0.39

 SCF converged in 28 iterations.

 Dipole moment (in Debye):              -0.000000      -0.000000      -3.442971

 Quadrupole moment (in Debye-Angstrom):
                  1            2            3
 1       -39.828869    -0.000006     0.000000
 2        -0.000006   -39.828869     0.000000
 3         0.000000     0.000000   -32.008191

 Spin-squared expectation <S^2>:         0.000
 Total spin quantum number S:            0.000
 TOTAL ENERGY:                       -3334.109871525

 --------------------------------------------------------------------------------

 End time:                               Wed Jun  2 11:50:29 2021
 Total wall-clock time:                 19.619 seconds
==================================================================================
