
================================================================================
          _____________ ________ _______________ ________     _________         
         / ___________// ______ \\_____   _____// ______ \   / ________)        
        / /_________  / /      \ \     | |     / /      \ \ | (_______          
       |  __________|| |        | |    | |    | |        | | \________ \        
        \ \_________ | |        | |    | |     \ \______/ /___________) |       
         \__________||_|        |_|    |_|      \________//____________/        
                                                                                
====================================[ Qcore ]===================================

 Git hash:   15a3e7daff0cda5fa9af010ccd19a80288182ecf
 Git date:   Fri, 16 Apr 2021 15:57:16 +0100
 Compiler:   GNU 9.1.0
 Build type: Release
 Version:    1.1.0

 Start time: Wed Jun  2 11:50:29 2021

 Data directory: /work/zw18965/.local/qcore/share/entos/1.1.0/data
 Number of threads: 24
 Number of threads was determined by: command line argument

 --------------------------------------------------------------------------------
                                   command: dft                                  
 --------------------------------------------------------------------------------
 AO basis set:                           aug-cc-pvtz
 Number of AO basis functions:         139

 Formula:                                OSc
 Nuclear charge:                        29.000000000
 Total charge:                           0.000000000
 Number of electrons:                   29.000000000

 Number of alpha electrons:             15
 Number of beta electrons:              14
 Number of unpaired electrons:           1
 Spin:                                   1
 Multiplicity:                           doublet

 Theory:                                 dft
 Exchange-correlation functional:        0.49 b88 + 0.4 lyp
 Method for Coulomb:                     incore_df
 Method for exact exchange:              pre_transformed_df
 Integral threshold:                     1.00e-12
 DF basis set:                           def2-tzvp-jkfit(spdfghi)
 Number of DF basis functions:         341
 Schwarz screening threshold:            1.00e-10
 Coulomb fitting method:                 Cholesky

 ------------------
  UW12 Correlation 
 ------------------
 Factor for UW12 correlation:            1.000000000
 Opposite spin scale factor:             0.520000000
 Same spin scale factor:                 0.000000000
 Calculate indirect contribution:        false
 Method for three electron term:         df_ri
 Auxiliary RI basis set:                 Def2-TZVP-RI
 Number of RI basis functions:         258
 Gaussians in geminal expansion:        10
 UW12 screening threshold:               1.00e-12
 Method for density-fitting:             w(r)
 Number of core spatial orbitals:        6

 Total number of grid points:        14796
 Method for AO orthogonalization:        symmetric
 Threshold for linear dependence:        1.00e-08
 D3BJ dispersion energy:                -0.002514366

 -------------------------------------
  Running unrestricted open-shell SCF 
 -------------------------------------
 Max number of iterations:             128
 Conv. threshold (gradient):             1.00e-05
 Conv. threshold (energy):               1.00e-06
 Interpolation scheme:                   adiis+cdiis
 Initial guess:                          H0

 ---------------------------------------------------------------
                  energy        change          grad        time
 ---------------------------------------------------------------
   0      -782.935357994                    6.89e+00        4.17
   1      -774.678501589      8.26e+00      8.19e+00        0.34
   2      -793.280835889     -1.86e+01      6.20e+00        0.32
   3      -833.139924633     -3.99e+01      2.92e+00        0.31
   4      -830.985543504      2.15e+00      3.33e+00        0.29
   5      -834.630854695     -3.65e+00      2.05e+00        0.29
   6      -832.502530507      2.13e+00      2.33e+00        0.27
   7      -835.351544418     -2.85e+00      9.05e-01        0.27
   8      -835.445880269     -9.43e-02      6.10e-01        0.26
   9      -835.552433530     -1.07e-01      1.35e-01        0.27
  10      -835.533018321      1.94e-02      3.11e-01        0.27
  11      -835.556419771     -2.34e-02      7.99e-02        0.27
  12      -835.557280730     -8.61e-04      5.83e-02        0.27
  13      -835.558282182     -1.00e-03      3.09e-03        0.26
  14      -835.558292245     -1.01e-05      8.96e-04        0.26
  15      -835.558292767     -5.21e-07      1.70e-04        0.26
  16      -835.558292794     -2.72e-08      3.75e-05        0.26
  17      -835.558292795     -1.65e-09      8.32e-06        0.26

 SCF converged in 17 iterations.

 Dipole moment (in Debye):              -0.000000      -0.000000      -3.927698

 Quadrupole moment (in Debye-Angstrom):
                  1            2            3
 1       -22.476769    -0.000000    -0.000000
 2        -0.000000   -22.476769    -0.000000
 3        -0.000000    -0.000000   -29.352000

 Spin-squared expectation <S^2>:         0.751
 Total spin quantum number S:            0.500
 TOTAL ENERGY:                        -835.558292795

 --------------------------------------------------------------------------------

 End time:                               Wed Jun  2 11:50:40 2021
 Total wall-clock time:                 10.757 seconds
==================================================================================
