
================================================================================
          _____________ ________ _______________ ________     _________         
         / ___________// ______ \\_____   _____// ______ \   / ________)        
        / /_________  / /      \ \     | |     / /      \ \ | (_______          
       |  __________|| |        | |    | |    | |        | | \________ \        
        \ \_________ | |        | |    | |     \ \______/ /___________) |       
         \__________||_|        |_|    |_|      \________//____________/        
                                                                                
====================================[ Qcore ]===================================

 Git hash:   15a3e7daff0cda5fa9af010ccd19a80288182ecf
 Git date:   Fri, 16 Apr 2021 15:57:16 +0100
 Compiler:   GNU 9.1.0
 Build type: Release
 Version:    1.1.0

 Start time: Wed Jun  2 11:50:40 2021

 Data directory: /work/zw18965/.local/qcore/share/entos/1.1.0/data
 Number of threads: 24
 Number of threads was determined by: command line argument

 --------------------------------------------------------------------------------
                                   command: dft                                  
 --------------------------------------------------------------------------------
 AO basis set:                           aug-cc-pvtz
 Number of AO basis functions:         143

 Formula:                                SSc
 Nuclear charge:                        37.000000000
 Total charge:                           0.000000000
 Number of electrons:                   37.000000000

 Number of alpha electrons:             19
 Number of beta electrons:              18
 Number of unpaired electrons:           1
 Spin:                                   1
 Multiplicity:                           doublet

 Theory:                                 dft
 Exchange-correlation functional:        0.49 b88 + 0.4 lyp
 Method for Coulomb:                     incore_df
 Method for exact exchange:              pre_transformed_df
 Integral threshold:                     1.00e-12
 DF basis set:                           def2-tzvp-jkfit(spdfghi)
 Number of DF basis functions:         392
 Schwarz screening threshold:            1.00e-10
 Coulomb fitting method:                 Cholesky

 ------------------
  UW12 Correlation 
 ------------------
 Factor for UW12 correlation:            1.000000000
 Opposite spin scale factor:             0.520000000
 Same spin scale factor:                 0.000000000
 Calculate indirect contribution:        false
 Method for three electron term:         df_ri
 Auxiliary RI basis set:                 Def2-TZVP-RI
 Number of RI basis functions:         295
 Gaussians in geminal expansion:        10
 UW12 screening threshold:               1.00e-12
 Method for density-fitting:             w(r)
 Number of core spatial orbitals:       10

 Total number of grid points:        15202
 Method for AO orthogonalization:        symmetric
 Threshold for linear dependence:        1.00e-08
 D3BJ dispersion energy:                -0.008089478

 -------------------------------------
  Running unrestricted open-shell SCF 
 -------------------------------------
 Max number of iterations:             128
 Conv. threshold (gradient):             1.00e-05
 Conv. threshold (energy):               1.00e-06
 Interpolation scheme:                   adiis+cdiis
 Initial guess:                          H0

 ---------------------------------------------------------------
                  energy        change          grad        time
 ---------------------------------------------------------------
   0     -1106.367752425                    5.98e+00        4.55
   1     -1096.912971891      9.45e+00      6.53e+00        0.43
   2     -1009.892676955      8.70e+01      8.71e+00        0.42
   3     -1138.540486654     -1.29e+02      6.01e+00        0.41
   4     -1155.624061914     -1.71e+01      3.56e+00        0.39
   5     -1157.811592173     -2.19e+00      8.94e-01        0.40
   6     -1157.826728165     -1.51e-02      8.86e-01        0.39
   7     -1158.255946989     -4.29e-01      1.57e-01        0.40
   8     -1158.273204681     -1.73e-02      1.08e-01        0.40
   9     -1158.270282802      2.92e-03      1.38e-01        0.39
  10     -1158.278744115     -8.46e-03      7.15e-02        0.40
  11     -1158.277949196      7.95e-04      7.09e-02        0.39
  12     -1158.280503732     -2.55e-03      1.13e-02        0.38
  13     -1158.280665265     -1.62e-04      5.45e-03        0.40
  14     -1158.280721839     -5.66e-05      2.16e-03        0.39
  15     -1158.280731810     -9.97e-06      1.57e-03        0.38
  16     -1158.280735163     -3.35e-06      1.19e-03        0.40
  17     -1158.280738933     -3.77e-06      5.00e-04        0.38
  18     -1158.280739743     -8.10e-07      1.48e-04        0.40
  19     -1158.280739800     -5.69e-08      4.43e-05        0.38
  20     -1158.280739806     -5.79e-09      1.54e-05        0.39
  21     -1158.280739806     -2.82e-11      7.27e-06        0.40

 SCF converged in 21 iterations.

 Dipole moment (in Debye):              -0.000009      -0.000009      -5.701237

 Quadrupole moment (in Debye-Angstrom):
                  1            2            3
 1       -31.830650    -0.000021     0.000000
 2        -0.000021   -31.830660     0.000000
 3         0.000000     0.000000   -31.593287

 Spin-squared expectation <S^2>:         0.753
 Total spin quantum number S:            0.502
 TOTAL ENERGY:                       -1158.280739807

 --------------------------------------------------------------------------------

 End time:                               Wed Jun  2 11:50:55 2021
 Total wall-clock time:                 14.997 seconds
==================================================================================
