
================================================================================
          _____________ ________ _______________ ________     _________         
         / ___________// ______ \\_____   _____// ______ \   / ________)        
        / /_________  / /      \ \     | |     / /      \ \ | (_______          
       |  __________|| |        | |    | |    | |        | | \________ \        
        \ \_________ | |        | |    | |     \ \______/ /___________) |       
         \__________||_|        |_|    |_|      \________//____________/        
                                                                                
====================================[ Qcore ]===================================

 Git hash:   15a3e7daff0cda5fa9af010ccd19a80288182ecf
 Git date:   Fri, 16 Apr 2021 15:57:16 +0100
 Compiler:   GNU 9.1.0
 Build type: Release
 Version:    1.1.0

 Start time: Wed Jun  2 11:51:16 2021

 Data directory: /work/zw18965/.local/qcore/share/entos/1.1.0/data
 Number of threads: 24
 Number of threads was determined by: command line argument

 --------------------------------------------------------------------------------
                                   command: dft                                  
 --------------------------------------------------------------------------------
 AO basis set:                           aug-cc-pvtz
 Number of AO basis functions:         143

 Formula:                                ClTi
 Nuclear charge:                        39.000000000
 Total charge:                           0.000000000
 Number of electrons:                   39.000000000

 Number of alpha electrons:             21
 Number of beta electrons:              18
 Number of unpaired electrons:           3
 Spin:                                   3
 Multiplicity:                           quartet

 Theory:                                 dft
 Exchange-correlation functional:        0.49 b88 + 0.4 lyp
 Method for Coulomb:                     incore_df
 Method for exact exchange:              pre_transformed_df
 Integral threshold:                     1.00e-12
 DF basis set:                           def2-tzvp-jkfit(spdfghi)
 Number of DF basis functions:         392
 Schwarz screening threshold:            1.00e-10
 Coulomb fitting method:                 Cholesky

 ------------------
  UW12 Correlation 
 ------------------
 Factor for UW12 correlation:            1.000000000
 Opposite spin scale factor:             0.520000000
 Same spin scale factor:                 0.000000000
 Calculate indirect contribution:        false
 Method for three electron term:         df_ri
 Auxiliary RI basis set:                 Def2-TZVP-RI
 Number of RI basis functions:         295
 Gaussians in geminal expansion:        10
 UW12 screening threshold:               1.00e-12
 Method for density-fitting:             w(r)
 Number of core spatial orbitals:       10

 Total number of grid points:        15286
 Method for AO orthogonalization:        symmetric
 Threshold for linear dependence:        1.00e-08
 D3BJ dispersion energy:                -0.005931304

 -------------------------------------
  Running unrestricted open-shell SCF 
 -------------------------------------
 Max number of iterations:             128
 Conv. threshold (gradient):             1.00e-05
 Conv. threshold (energy):               1.00e-06
 Interpolation scheme:                   adiis+cdiis
 Initial guess:                          H0

 ---------------------------------------------------------------
                  energy        change          grad        time
 ---------------------------------------------------------------
   0     -1247.782533196                    6.72e+00        4.65
   1     -1242.485788023      5.30e+00      6.02e+00        0.46
   2     -1217.632647585      2.49e+01      6.51e+00        0.43
   3     -1300.817225702     -8.32e+01      3.48e+00        0.43
   4     -1304.134810770     -3.32e+00      2.64e+00        0.42
   5     -1308.967862616     -4.83e+00      2.97e-01        0.40
   6     -1308.971797014     -3.93e-03      3.32e-01        0.40
   7     -1309.015460487     -4.37e-02      8.51e-02        0.40
   8     -1309.013924022      1.54e-03      1.33e-01        0.40
   9     -1309.020109379     -6.19e-03      4.68e-03        0.39
  10     -1309.020144537     -3.52e-05      2.08e-03        0.39
  11     -1309.020149536     -5.00e-06      1.66e-03        0.39
  12     -1309.020152582     -3.05e-06      1.23e-03        0.40
  13     -1309.020155336     -2.75e-06      6.81e-04        0.39
  14     -1309.020156614     -1.28e-06      3.33e-04        0.40
  15     -1309.020156861     -2.47e-07      6.78e-05        0.39
  16     -1309.020156869     -8.25e-09      4.23e-05        0.39
  17     -1309.020156870     -1.24e-09      3.82e-05        0.39
  18     -1309.020156871     -8.97e-10      3.80e-05        0.39
  19     -1309.020156873     -2.03e-09      3.82e-05        0.39
  20     -1309.020156823      5.00e-08      3.50e-05        0.39
  21     -1309.020156687      1.37e-07      4.29e-05        0.39
  22     -1309.020156683      3.12e-09      4.98e-05        0.39
  23     -1309.020156669      1.43e-08      3.94e-05        0.39
  24     -1309.020156657      1.19e-08      2.42e-05        0.39
  25     -1309.020156656      1.00e-09      1.58e-05        0.39
  26     -1309.020156657     -2.73e-10      1.65e-05        0.39
  27     -1309.020156657     -6.01e-10      1.38e-05        0.39
  28     -1309.020156658     -4.10e-10      1.47e-05        0.39
  29     -1309.020156657      9.50e-10      3.19e-05        0.38
  30     -1309.020156652      4.66e-09      8.76e-06        0.39

 SCF converged in 30 iterations.

 Dipole moment (in Debye):               0.000002       0.000002      -4.474984

 Quadrupole moment (in Debye-Angstrom):
                  1            2            3
 1       -30.540638     0.005845    -0.000004
 2         0.005845   -30.838744    -0.000006
 3        -0.000004    -0.000006   -26.995591

 Spin-squared expectation <S^2>:         3.753
 Total spin quantum number S:            1.501
 TOTAL ENERGY:                       -1309.020156651

 --------------------------------------------------------------------------------

 End time:                               Wed Jun  2 11:51:35 2021
 Total wall-clock time:                 18.854 seconds
==================================================================================
