
================================================================================
          _____________ ________ _______________ ________     _________         
         / ___________// ______ \\_____   _____// ______ \   / ________)        
        / /_________  / /      \ \     | |     / /      \ \ | (_______          
       |  __________|| |        | |    | |    | |        | | \________ \        
        \ \_________ | |        | |    | |     \ \______/ /___________) |       
         \__________||_|        |_|    |_|      \________//____________/        
                                                                                
====================================[ Qcore ]===================================

 Git hash:   15a3e7daff0cda5fa9af010ccd19a80288182ecf
 Git date:   Fri, 16 Apr 2021 15:57:16 +0100
 Compiler:   GNU 9.1.0
 Build type: Release
 Version:    1.1.0

 Start time: Wed Jun  2 11:52:06 2021

 Data directory: /work/zw18965/.local/qcore/share/entos/1.1.0/data
 Number of threads: 24
 Number of threads was determined by: command line argument

 --------------------------------------------------------------------------------
                                   command: dft                                  
 --------------------------------------------------------------------------------
 AO basis set:                           aug-cc-pvtz
 Number of AO basis functions:         139

 Formula:                                OTi
 Nuclear charge:                        30.000000000
 Total charge:                           0.000000000
 Number of electrons:                   30.000000000

 Number of alpha electrons:             16
 Number of beta electrons:              14
 Number of unpaired electrons:           2
 Spin:                                   2
 Multiplicity:                           triplet

 Theory:                                 dft
 Exchange-correlation functional:        0.49 b88 + 0.4 lyp
 Method for Coulomb:                     incore_df
 Method for exact exchange:              pre_transformed_df
 Integral threshold:                     1.00e-12
 DF basis set:                           def2-tzvp-jkfit(spdfghi)
 Number of DF basis functions:         341
 Schwarz screening threshold:            1.00e-10
 Coulomb fitting method:                 Cholesky

 ------------------
  UW12 Correlation 
 ------------------
 Factor for UW12 correlation:            1.000000000
 Opposite spin scale factor:             0.520000000
 Same spin scale factor:                 0.000000000
 Calculate indirect contribution:        false
 Method for three electron term:         df_ri
 Auxiliary RI basis set:                 Def2-TZVP-RI
 Number of RI basis functions:         258
 Gaussians in geminal expansion:        10
 UW12 screening threshold:               1.00e-12
 Method for density-fitting:             w(r)
 Number of core spatial orbitals:        6

 Total number of grid points:        14736
 Method for AO orthogonalization:        symmetric
 Threshold for linear dependence:        1.00e-08
 D3BJ dispersion energy:                -0.002403764

 -------------------------------------
  Running unrestricted open-shell SCF 
 -------------------------------------
 Max number of iterations:             128
 Conv. threshold (gradient):             1.00e-05
 Conv. threshold (energy):               1.00e-06
 Interpolation scheme:                   adiis+cdiis
 Initial guess:                          H0

 ---------------------------------------------------------------
                  energy        change          grad        time
 ---------------------------------------------------------------
   0      -863.281494114                    9.41e+00        4.20
   1      -856.287667493      6.99e+00      8.60e+00        0.33
   2      -875.408456131     -1.91e+01      7.14e+00        0.30
   3      -921.682342320     -4.63e+01      3.28e+00        0.28
   4      -910.350204809      1.13e+01      5.78e+00        0.29
   5      -923.830051187     -1.35e+01      1.10e+00        0.29
   6      -921.897030362      1.93e+00      2.18e+00        0.29
   7      -924.181261085     -2.28e+00      3.99e-01        0.28
   8      -924.191164655     -9.90e-03      2.93e-01        0.28
   9      -924.236760177     -4.56e-02      5.66e-02        0.29
  10      -924.236976143     -2.16e-04      7.37e-02        0.29
  11      -924.238669378     -1.69e-03      3.43e-02        0.27
  12      -924.238857159     -1.88e-04      3.53e-02        0.28
  13      -924.238644455      2.13e-04      3.36e-02        0.27
  14      -924.237330493      1.31e-03      1.10e-02        0.27
  15      -924.237250689      7.98e-05      1.86e-03        0.27
  16      -924.237255326     -4.64e-06      9.35e-04        0.28
  17      -924.237255719     -3.94e-07      3.87e-04        0.28
  18      -924.237255812     -9.24e-08      6.90e-05        0.27
  19      -924.237255813     -1.13e-09      1.38e-05        0.28
  20      -924.237255813      3.98e-12      9.32e-06        0.28

 SCF converged in 20 iterations.

 Dipole moment (in Debye):               0.000000       0.000000      -6.908390

 Quadrupole moment (in Debye-Angstrom):
                  1            2            3
 1       -19.583994    -0.000326    -0.000000
 2        -0.000326   -19.584012    -0.000000
 3        -0.000000    -0.000000   -21.741959

 Spin-squared expectation <S^2>:         2.005
 Total spin quantum number S:            1.002
 TOTAL ENERGY:                        -924.237255813

 --------------------------------------------------------------------------------

 End time:                               Wed Jun  2 11:52:17 2021
 Total wall-clock time:                 11.864 seconds
==================================================================================
