
================================================================================
          _____________ ________ _______________ ________     _________         
         / ___________// ______ \\_____   _____// ______ \   / ________)        
        / /_________  / /      \ \     | |     / /      \ \ | (_______          
       |  __________|| |        | |    | |    | |        | | \________ \        
        \ \_________ | |        | |    | |     \ \______/ /___________) |       
         \__________||_|        |_|    |_|      \________//____________/        
                                                                                
====================================[ Qcore ]===================================

 Git hash:   15a3e7daff0cda5fa9af010ccd19a80288182ecf
 Git date:   Fri, 16 Apr 2021 15:57:16 +0100
 Compiler:   GNU 9.1.0
 Build type: Release
 Version:    1.1.0

 Start time: Wed Jun  2 11:52:32 2021

 Data directory: /work/zw18965/.local/qcore/share/entos/1.1.0/data
 Number of threads: 24
 Number of threads was determined by: command line argument

 --------------------------------------------------------------------------------
                                   command: dft                                  
 --------------------------------------------------------------------------------
 AO basis set:                           aug-cc-pvtz
 Number of AO basis functions:         116

 Formula:                                HV
 Nuclear charge:                        24.000000000
 Total charge:                           0.000000000
 Number of electrons:                   24.000000000

 Number of alpha electrons:             14
 Number of beta electrons:              10
 Number of unpaired electrons:           4
 Spin:                                   4
 Multiplicity:                           quintet

 Theory:                                 dft
 Exchange-correlation functional:        0.49 b88 + 0.4 lyp
 Method for Coulomb:                     incore_df
 Method for exact exchange:              pre_transformed_df
 Integral threshold:                     1.00e-12
 DF basis set:                           def2-tzvp-jkfit(spdfghi)
 Number of DF basis functions:         282
 Schwarz screening threshold:            1.00e-10
 Coulomb fitting method:                 Cholesky

 ------------------
  UW12 Correlation 
 ------------------
 Factor for UW12 correlation:            1.000000000
 Opposite spin scale factor:             0.520000000
 Same spin scale factor:                 0.000000000
 Calculate indirect contribution:        false
 Method for three electron term:         df_ri
 Auxiliary RI basis set:                 Def2-TZVP-RI
 Number of RI basis functions:         197
 Gaussians in geminal expansion:        10
 UW12 screening threshold:               1.00e-12
 Method for density-fitting:             w(r)
 Number of core spatial orbitals:        5

 Total number of grid points:        13742
 Method for AO orthogonalization:        symmetric
 Threshold for linear dependence:        1.00e-08
 D3BJ dispersion energy:                -0.001426252

 -------------------------------------
  Running unrestricted open-shell SCF 
 -------------------------------------
 Max number of iterations:             128
 Conv. threshold (gradient):             1.00e-05
 Conv. threshold (energy):               1.00e-06
 Interpolation scheme:                   adiis+cdiis
 Initial guess:                          H0

 ---------------------------------------------------------------
                  energy        change          grad        time
 ---------------------------------------------------------------
   0      -905.851469023                    7.94e+00        3.18
   1      -887.119683281      1.87e+01      7.43e+00        0.18
   2      -927.144121392     -4.00e+01      4.86e+00        0.19
   3      -941.646410874     -1.45e+01      2.70e+00        0.16
   4      -940.403620473      1.24e+00      2.73e+00        0.17
   5      -944.124376399     -3.72e+00      2.89e-01        0.17
   6      -944.109258643      1.51e-02      4.59e-01        0.16
   7      -944.160785136     -5.15e-02      3.80e-02        0.17
   8      -944.162237381     -1.45e-03      3.11e-02        0.17
   9      -944.162988880     -7.51e-04      1.51e-02        0.16
  10      -944.163194120     -2.05e-04      7.20e-03        0.16
  11      -944.163304295     -1.10e-04      4.97e-03        0.16
  12      -944.163352547     -4.83e-05      2.58e-03        0.16
  13      -944.163366361     -1.38e-05      3.26e-04        0.16
  14      -944.163366470     -1.09e-07      6.85e-05        0.17
  15      -944.163366475     -4.51e-09      2.18e-05        0.16
  16      -944.163366476     -1.31e-09      9.29e-06        0.16

 SCF converged in 16 iterations.

 Dipole moment (in Debye):               0.000000       0.000000      -2.626906

 Quadrupole moment (in Debye-Angstrom):
                  1            2            3
 1       -17.796905    -0.000000    -0.000000
 2        -0.000000   -17.796905    -0.000000
 3        -0.000000    -0.000000   -22.142500

 Spin-squared expectation <S^2>:         6.010
 Total spin quantum number S:            2.002
 TOTAL ENERGY:                        -944.163366476

 --------------------------------------------------------------------------------

 End time:                               Wed Jun  2 11:52:39 2021
 Total wall-clock time:                  7.332 seconds
==================================================================================
