
================================================================================
          _____________ ________ _______________ ________     _________         
         / ___________// ______ \\_____   _____// ______ \   / ________)        
        / /_________  / /      \ \     | |     / /      \ \ | (_______          
       |  __________|| |        | |    | |    | |        | | \________ \        
        \ \_________ | |        | |    | |     \ \______/ /___________) |       
         \__________||_|        |_|    |_|      \________//____________/        
                                                                                
====================================[ Qcore ]===================================

 Git hash:   15a3e7daff0cda5fa9af010ccd19a80288182ecf
 Git date:   Fri, 16 Apr 2021 15:57:16 +0100
 Compiler:   GNU 9.1.0
 Build type: Release
 Version:    1.1.0

 Start time: Wed Jun  2 11:52:39 2021

 Data directory: /work/zw18965/.local/qcore/share/entos/1.1.0/data
 Number of threads: 24
 Number of threads was determined by: command line argument

 --------------------------------------------------------------------------------
                                   command: dft                                  
 --------------------------------------------------------------------------------
 AO basis set:                           aug-cc-pvtz
 Number of AO basis functions:         139

 Formula:                                FV
 Nuclear charge:                        32.000000000
 Total charge:                           0.000000000
 Number of electrons:                   32.000000000

 Number of alpha electrons:             18
 Number of beta electrons:              14
 Number of unpaired electrons:           4
 Spin:                                   4
 Multiplicity:                           quintet

 Theory:                                 dft
 Exchange-correlation functional:        0.49 b88 + 0.4 lyp
 Method for Coulomb:                     incore_df
 Method for exact exchange:              pre_transformed_df
 Integral threshold:                     1.00e-12
 DF basis set:                           def2-tzvp-jkfit(spdfghi)
 Number of DF basis functions:         341
 Schwarz screening threshold:            1.00e-10
 Coulomb fitting method:                 Cholesky

 ------------------
  UW12 Correlation 
 ------------------
 Factor for UW12 correlation:            1.000000000
 Opposite spin scale factor:             0.520000000
 Same spin scale factor:                 0.000000000
 Calculate indirect contribution:        false
 Method for three electron term:         df_ri
 Auxiliary RI basis set:                 Def2-TZVP-RI
 Number of RI basis functions:         258
 Gaussians in geminal expansion:        10
 UW12 screening threshold:               1.00e-12
 Method for density-fitting:             w(r)
 Number of core spatial orbitals:        6

 Total number of grid points:        14664
 Method for AO orthogonalization:        symmetric
 Threshold for linear dependence:        1.00e-08
 D3BJ dispersion energy:                -0.001615227

 -------------------------------------
  Running unrestricted open-shell SCF 
 -------------------------------------
 Max number of iterations:             128
 Conv. threshold (gradient):             1.00e-05
 Conv. threshold (energy):               1.00e-06
 Interpolation scheme:                   adiis+cdiis
 Initial guess:                          H0

 ---------------------------------------------------------------
                  energy        change          grad        time
 ---------------------------------------------------------------
   0      -959.249529412                    1.72e+01        4.05
   1      -953.734460244      5.52e+00      8.86e+00        0.35
   2      -977.495137754     -2.38e+01      7.11e+00        0.32
   3     -1039.557492146     -6.21e+01      3.81e+00        0.33
   4     -1027.074197791      1.25e+01      5.90e+00        0.33
   5     -1043.071157324     -1.60e+01      1.07e+00        0.32
   6     -1042.205616863      8.66e-01      1.33e+00        0.32
   7     -1043.404247662     -1.20e+00      3.63e-01        0.32
   8     -1043.394684235      9.56e-03      4.53e-01        0.31
   9     -1043.449216897     -5.45e-02      9.48e-02        0.32
  10     -1043.452756393     -3.54e-03      5.04e-02        0.32
  11     -1043.455207632     -2.45e-03      3.38e-02        0.31
  12     -1043.457625974     -2.42e-03      8.66e-03        0.32
  13     -1043.457695920     -6.99e-05      4.55e-03        0.31
  14     -1043.457732877     -3.70e-05      2.70e-03        0.31
  15     -1043.457742995     -1.01e-05      1.99e-03        0.31
  16     -1043.457751291     -8.30e-06      9.91e-04        0.31
  17     -1043.457753938     -2.65e-06      1.81e-04        0.31
  18     -1043.457754014     -7.66e-08      4.70e-05        0.31
  19     -1043.457754016     -1.52e-09      1.89e-05        0.31
  20     -1043.457754016     -4.44e-10      3.86e-06        0.31

 SCF converged in 20 iterations.

 Dipole moment (in Debye):               0.000000       0.000000      -3.325300

 Quadrupole moment (in Debye-Angstrom):
                  1            2            3
 1       -20.898420    -0.000000    -0.000000
 2        -0.000000   -20.898404    -0.000000
 3        -0.000000    -0.000000   -25.514319

 Spin-squared expectation <S^2>:         6.002
 Total spin quantum number S:            2.000
 TOTAL ENERGY:                       -1043.457754016

 --------------------------------------------------------------------------------

 End time:                               Wed Jun  2 11:52:52 2021
 Total wall-clock time:                 12.393 seconds
==================================================================================
