
================================================================================
          _____________ ________ _______________ ________     _________         
         / ___________// ______ \\_____   _____// ______ \   / ________)        
        / /_________  / /      \ \     | |     / /      \ \ | (_______          
       |  __________|| |        | |    | |    | |        | | \________ \        
        \ \_________ | |        | |    | |     \ \______/ /___________) |       
         \__________||_|        |_|    |_|      \________//____________/        
                                                                                
====================================[ Qcore ]===================================

 Git hash:   15a3e7daff0cda5fa9af010ccd19a80288182ecf
 Git date:   Fri, 16 Apr 2021 15:57:16 +0100
 Compiler:   GNU 9.1.0
 Build type: Release
 Version:    1.1.0

 Start time: Wed Jun  2 13:05:55 2021

 Data directory: /work/zw18965/.local/qcore/share/entos/1.1.0/data
 Number of threads: 24
 Number of threads was determined by: number of physical cores

 --------------------------------------------------------------------------------
                                   command: dft                                  
 --------------------------------------------------------------------------------
 AO basis set:                           aug-cc-pvtz
 Number of AO basis functions:         143

 Formula:                                ClV
 Nuclear charge:                        40.000000000
 Total charge:                           0.000000000
 Number of electrons:                   40.000000000

 Number of alpha electrons:             22
 Number of beta electrons:              18
 Number of unpaired electrons:           4
 Spin:                                   4
 Multiplicity:                           quintet

 Theory:                                 dft
 Exchange-correlation functional:        blyp
 Method for Coulomb:                     incore_df
 Integral threshold:                     1.00e-12
 DF basis set:                           def2-tzvp-jkfit(spdfghi)
 Number of DF basis functions:         392
 Schwarz screening threshold:            1.00e-10
 Coulomb fitting method:                 Cholesky
 Total number of grid points:        15346
 Method for AO orthogonalization:        symmetric
 Threshold for linear dependence:        1.00e-08

 -------------------------------------
  Running unrestricted open-shell SCF 
 -------------------------------------
 Max number of iterations:             128
 Conv. threshold (gradient):             1.00e-05
 Conv. threshold (energy):               1.00e-06
 Interpolation scheme:                   adiis+cdiis
 Initial guess:                          H0

 ---------------------------------------------------------------
                  energy        change          grad        time
 ---------------------------------------------------------------
   0     -1338.184094067                    8.67e+00        0.03
   1     -1328.448527948      9.74e+00      6.47e+00        0.03
   2     -1304.460818120      2.40e+01      7.54e+00        0.03
   3     -1397.476057047     -9.30e+01      3.51e+00        0.03
   4     -1395.965807421      1.51e+00      3.08e+00        0.03
   5     -1404.215514240     -8.25e+00      4.72e-01        0.03
   6     -1404.113836417      1.02e-01      8.83e-01        0.03
   7     -1404.232751389     -1.19e-01      3.43e-01        0.03
   8     -1404.216889568      1.59e-02      4.64e-01        0.03
   9     -1404.267893449     -5.10e-02      8.45e-02        0.04
  10     -1404.256759193      1.11e-02      2.30e-01        0.04
  11     -1404.269237473     -1.25e-02      1.80e-02        0.03
  12     -1404.269310894     -7.34e-05      5.19e-03        0.03
  13     -1404.269315887     -4.99e-06      1.44e-03        0.03
  14     -1404.269316382     -4.95e-07      7.37e-04        0.03
  15     -1404.269316506     -1.24e-07      1.09e-04        0.03
  16     -1404.269316511     -5.36e-09      4.23e-05        0.03
  17     -1404.269316514     -2.70e-09      3.01e-05        0.03
  18     -1404.269316517     -2.44e-09      2.83e-05        0.03
  19     -1404.269316535     -1.81e-08      2.95e-05        0.03
  20     -1404.269316489      4.54e-08      3.10e-05        0.03
  21     -1404.269316855     -3.66e-07      4.31e-04        0.03
  22     -1404.269316861     -5.20e-09      5.91e-04        0.03
  23     -1404.269316721      1.39e-07      1.01e-03        0.03
  24     -1404.269316288      4.33e-07      1.62e-03        0.03
  25     -1404.269316395     -1.07e-07      1.50e-03        0.03
  26     -1404.269316554     -1.58e-07      1.31e-03        0.03
  27     -1404.269316954     -4.00e-07      4.30e-04        0.04
  28     -1404.269316683      2.71e-07      1.14e-03        0.03
  29     -1404.269317036     -3.53e-07      3.30e-04        0.03
  30     -1404.269317069     -3.33e-08      1.82e-05        0.03
  31     -1404.269317070     -8.82e-10      4.29e-05        0.02
  32     -1404.269317070     -2.92e-10      3.83e-05        0.02
  33     -1404.269317071     -4.08e-10      1.12e-05        0.03
  34     -1404.269317071     -5.55e-11      4.80e-07        0.02

 SCF converged in 34 iterations.

 Dipole moment (in Debye):              -0.000000      -0.000001      -3.841230

 Quadrupole moment (in Debye-Angstrom):
                  1            2            3
 1       -30.999484     0.251931     0.000000
 2         0.251931   -28.916868    -0.000001
 3         0.000000    -0.000001   -27.216866

 Spin-squared expectation <S^2>:         6.011
 Total spin quantum number S:            2.002
 TOTAL ENERGY:                       -1404.269317071
 Saving results in set 'guess'

 --------------------------------------------------------------------------------
                                   command: dft                                  
 --------------------------------------------------------------------------------
 AO basis set:                           aug-cc-pvtz
 Number of AO basis functions:         143

 Formula:                                ClV
 Nuclear charge:                        40.000000000
 Total charge:                           0.000000000
 Number of electrons:                   40.000000000

 Number of alpha electrons:             22
 Number of beta electrons:              18
 Number of unpaired electrons:           4
 Spin:                                   4
 Multiplicity:                           quintet

 Theory:                                 dft
 Exchange-correlation functional:        0.49 b88 + 0.4 lyp
 Method for Coulomb:                     incore_df
 Method for exact exchange:              pre_transformed_df
 Integral threshold:                     1.00e-12
 DF basis set:                           def2-tzvp-jkfit(spdfghi)
 Number of DF basis functions:         392
 Schwarz screening threshold:            1.00e-10
 Coulomb fitting method:                 Cholesky

 ------------------
  UW12 Correlation 
 ------------------
 Factor for UW12 correlation:            1.000000000
 Opposite spin scale factor:             0.520000000
 Same spin scale factor:                 0.000000000
 Calculate indirect contribution:        false
 Method for three electron term:         df_ri
 Auxiliary RI basis set:                 Def2-TZVP-RI
 Number of RI basis functions:         295
 Gaussians in geminal expansion:        10
 UW12 screening threshold:               1.00e-12
 Method for density-fitting:             w(r)
 Number of core spatial orbitals:       10

 Total number of grid points:        15346
 Method for AO orthogonalization:        symmetric
 Threshold for linear dependence:        1.00e-08
 D3BJ dispersion energy:                -0.006174078

 -------------------------------------
  Running unrestricted open-shell SCF 
 -------------------------------------
 Max number of iterations:             128
 Conv. threshold (gradient):             1.00e-05
 Conv. threshold (energy):               1.00e-06
 Interpolation scheme:                   adiis+cdiis

 ---------------------------------------------------------------
                  energy        change          grad        time
 ---------------------------------------------------------------
   0     -1403.562646048                    2.40e-01        5.03
   1     -1403.572336358     -9.69e-03      3.40e-02        0.46
   2     -1403.572967382     -6.31e-04      2.92e-02        0.44
   3     -1403.573217026     -2.50e-04      1.66e-02        0.44
   4     -1403.573331434     -1.14e-04      1.08e-02        0.41
   5     -1403.573433616     -1.02e-04      1.00e-02        0.41
   6     -1403.573542080     -1.08e-04      7.29e-03        0.40
   7     -1403.573649050     -1.07e-04      2.84e-03        0.40
   8     -1403.573662174     -1.31e-05      1.60e-03        0.42
   9     -1403.573665074     -2.90e-06      9.44e-04        0.42
  10     -1403.573666016     -9.41e-07      6.23e-04        0.41
  11     -1403.573666646     -6.30e-07      3.04e-04        0.42
  12     -1403.573666800     -1.55e-07      5.44e-05        0.42
  13     -1403.573666805     -4.66e-09      1.46e-05        0.42
  14     -1403.573666806     -6.10e-10      6.19e-06        0.42

 SCF converged in 14 iterations.

 Dipole moment (in Debye):               0.000001       0.000006      -4.319835

 Quadrupole moment (in Debye-Angstrom):
                  1            2            3
 1       -30.377218     0.235362    -0.000002
 2         0.235362   -28.429279    -0.000011
 3        -0.000002    -0.000011   -28.035826

 Spin-squared expectation <S^2>:         6.004
 Total spin quantum number S:            2.001
 TOTAL ENERGY:                       -1403.573666806

 --------------------------------------------------------------------------------

 End time:                               Wed Jun  2 13:06:10 2021
 Total wall-clock time:                 15.780 seconds
==================================================================================
