
================================================================================
          _____________ ________ _______________ ________     _________         
         / ___________// ______ \\_____   _____// ______ \   / ________)        
        / /_________  / /      \ \     | |     / /      \ \ | (_______          
       |  __________|| |        | |    | |    | |        | | \________ \        
        \ \_________ | |        | |    | |     \ \______/ /___________) |       
         \__________||_|        |_|    |_|      \________//____________/        
                                                                                
====================================[ Qcore ]===================================

 Git hash:   15a3e7daff0cda5fa9af010ccd19a80288182ecf
 Git date:   Fri, 16 Apr 2021 15:57:16 +0100
 Compiler:   GNU 9.1.0
 Build type: Release
 Version:    1.1.0

 Start time: Wed Jun  2 11:53:49 2021

 Data directory: /work/zw18965/.local/qcore/share/entos/1.1.0/data
 Number of threads: 24
 Number of threads was determined by: command line argument

 --------------------------------------------------------------------------------
                                   command: dft                                  
 --------------------------------------------------------------------------------
 AO basis set:                           aug-cc-pvtz
 Number of AO basis functions:         152

 Formula:                                VBr
 Nuclear charge:                        58.000000000
 Total charge:                           0.000000000
 Number of electrons:                   58.000000000

 Number of alpha electrons:             31
 Number of beta electrons:              27
 Number of unpaired electrons:           4
 Spin:                                   4
 Multiplicity:                           quintet

 Theory:                                 dft
 Exchange-correlation functional:        0.49 b88 + 0.4 lyp
 Method for Coulomb:                     incore_df
 Method for exact exchange:              pre_transformed_df
 Integral threshold:                     1.00e-12
 DF basis set:                           def2-tzvp-jkfit(spdfghi)
 Number of DF basis functions:         530
 Schwarz screening threshold:            1.00e-10
 Coulomb fitting method:                 Cholesky

 ------------------
  UW12 Correlation 
 ------------------
 Factor for UW12 correlation:            1.000000000
 Opposite spin scale factor:             0.520000000
 Same spin scale factor:                 0.000000000
 Calculate indirect contribution:        false
 Method for three electron term:         df_ri
 Auxiliary RI basis set:                 Def2-TZVP-RI
 Number of RI basis functions:         341
 Gaussians in geminal expansion:        10
 UW12 screening threshold:               1.00e-12
 Method for density-fitting:             w(r)
 Number of core spatial orbitals:       14

 Total number of grid points:        16016
 Method for AO orthogonalization:        symmetric
 Threshold for linear dependence:        1.00e-08
 D3BJ dispersion energy:                -0.007968678

 -------------------------------------
  Running unrestricted open-shell SCF 
 -------------------------------------
 Max number of iterations:             128
 Conv. threshold (gradient):             1.00e-05
 Conv. threshold (energy):               1.00e-06
 Interpolation scheme:                   adiis+cdiis
 Initial guess:                          H0

 ---------------------------------------------------------------
                  energy        change          grad        time
 ---------------------------------------------------------------
   0     -3455.658545915                    9.26e+00        6.84
   1     -3444.112924208      1.15e+01      5.97e+00        0.92
   2     -3446.739754412     -2.63e+00      7.96e+00        0.87
   3     -3504.591630415     -5.79e+01      5.96e+00        0.85
   4     -3501.863890489      2.73e+00      3.40e+00        0.86
   5     -3516.992075634     -1.51e+01      1.04e+00        0.85
   6     -3517.116656111     -1.25e-01      7.90e-01        0.85
   7     -3517.345152785     -2.28e-01      4.17e-01        0.84
   8     -3517.314196502      3.10e-02      4.83e-01        0.84
   9     -3517.388402541     -7.42e-02      5.65e-02        0.87
  10     -3517.390079654     -1.68e-03      7.24e-02        0.87
  11     -3517.392019114     -1.94e-03      2.96e-02        0.85
  12     -3517.393935308     -1.92e-03      1.87e-02        0.85
  13     -3517.394632591     -6.97e-04      9.70e-03        0.84
  14     -3517.394928439     -2.96e-04      6.34e-03        0.84
  15     -3517.394985891     -5.75e-05      5.08e-03        0.84
  16     -3517.395016909     -3.10e-05      4.31e-03        0.84
  17     -3517.395071932     -5.50e-05      2.38e-03        0.85
  18     -3517.395091588     -1.97e-05      7.53e-04        0.83
  19     -3517.395093367     -1.78e-06      1.57e-04        0.84
  20     -3517.395093363      3.58e-09      1.31e-04        0.85
  21     -3517.395093410     -4.64e-08      6.54e-05        0.85
  22     -3517.395093390      2.00e-08      7.01e-06        0.84

 SCF converged in 22 iterations.

 Dipole moment (in Debye):              -0.000001      -0.000000      -4.639991

 Quadrupole moment (in Debye-Angstrom):
                  1            2            3
 1       -35.286632    -0.000002     0.000002
 2        -0.000002   -35.286612     0.000000
 3         0.000002     0.000000   -30.190149

 Spin-squared expectation <S^2>:         6.005
 Total spin quantum number S:            2.001
 TOTAL ENERGY:                       -3517.395093399

 --------------------------------------------------------------------------------

 End time:                               Wed Jun  2 11:54:17 2021
 Total wall-clock time:                 28.536 seconds
==================================================================================
