
================================================================================
          _____________ ________ _______________ ________     _________         
         / ___________// ______ \\_____   _____// ______ \   / ________)        
        / /_________  / /      \ \     | |     / /      \ \ | (_______          
       |  __________|| |        | |    | |    | |        | | \________ \        
        \ \_________ | |        | |    | |     \ \______/ /___________) |       
         \__________||_|        |_|    |_|      \________//____________/        
                                                                                
====================================[ Qcore ]===================================

 Git hash:   15a3e7daff0cda5fa9af010ccd19a80288182ecf
 Git date:   Fri, 16 Apr 2021 15:57:16 +0100
 Compiler:   GNU 9.1.0
 Build type: Release
 Version:    1.1.0

 Start time: Wed Jun  2 11:54:46 2021

 Data directory: /work/zw18965/.local/qcore/share/entos/1.1.0/data
 Number of threads: 24
 Number of threads was determined by: command line argument

 --------------------------------------------------------------------------------
                                   command: dft                                  
 --------------------------------------------------------------------------------
 AO basis set:                           aug-cc-pvtz
 Number of AO basis functions:         116

 Formula:                                HCr
 Nuclear charge:                        25.000000000
 Total charge:                           0.000000000
 Number of electrons:                   25.000000000

 Number of alpha electrons:             15
 Number of beta electrons:              10
 Number of unpaired electrons:           5
 Spin:                                   5
 Multiplicity:                           septet

 Theory:                                 dft
 Exchange-correlation functional:        0.49 b88 + 0.4 lyp
 Method for Coulomb:                     incore_df
 Method for exact exchange:              pre_transformed_df
 Integral threshold:                     1.00e-12
 DF basis set:                           def2-tzvp-jkfit(spdfghi)
 Number of DF basis functions:         282
 Schwarz screening threshold:            1.00e-10
 Coulomb fitting method:                 Cholesky

 ------------------
  UW12 Correlation 
 ------------------
 Factor for UW12 correlation:            1.000000000
 Opposite spin scale factor:             0.520000000
 Same spin scale factor:                 0.000000000
 Calculate indirect contribution:        false
 Method for three electron term:         df_ri
 Auxiliary RI basis set:                 Def2-TZVP-RI
 Number of RI basis functions:         197
 Gaussians in geminal expansion:        10
 UW12 screening threshold:               1.00e-12
 Method for density-fitting:             w(r)
 Number of core spatial orbitals:        5

 Total number of grid points:        13718
 Method for AO orthogonalization:        symmetric
 Threshold for linear dependence:        1.00e-08
 D3BJ dispersion energy:                -0.001279351

 -------------------------------------
  Running unrestricted open-shell SCF 
 -------------------------------------
 Max number of iterations:             128
 Conv. threshold (gradient):             1.00e-05
 Conv. threshold (energy):               1.00e-06
 Interpolation scheme:                   adiis+cdiis
 Initial guess:                          H0

 ---------------------------------------------------------------
                  energy        change          grad        time
 ---------------------------------------------------------------
   0      -995.918422203                    1.22e+01        3.02
   1      -976.438469120      1.95e+01      1.33e+01        0.19
   2     -1025.316858172     -4.89e+01      7.39e+00        0.18
   3     -1041.778951372     -1.65e+01      2.93e+00        0.15
   4     -1041.091988036      6.87e-01      2.71e+00        0.16
   5     -1044.658842891     -3.57e+00      2.47e-01        0.16
   6     -1044.655248634      3.59e-03      3.10e-01        0.16
   7     -1044.677445755     -2.22e-02      6.10e-02        0.16
   8     -1044.676848824      5.97e-04      8.52e-02        0.16
   9     -1044.679048039     -2.20e-03      8.26e-03        0.15
  10     -1044.679119642     -7.16e-05      3.13e-03        0.15
  11     -1044.679137175     -1.75e-05      2.29e-03        0.16
  12     -1044.679144632     -7.46e-06      1.36e-03        0.15
  13     -1044.679148346     -3.71e-06      3.77e-04        0.16
  14     -1044.679148631     -2.86e-07      4.81e-05        0.16
  15     -1044.679148634     -2.79e-09      1.73e-05        0.15
  16     -1044.679148635     -3.62e-10      6.16e-06        0.15

 SCF converged in 16 iterations.

 Dipole moment (in Debye):               0.000000       0.000000      -3.330512

 Quadrupole moment (in Debye-Angstrom):
                  1            2            3
 1       -16.696846     0.000000     0.000000
 2         0.000000   -16.696846     0.000000
 3         0.000000     0.000000   -19.202628

 Spin-squared expectation <S^2>:         8.783
 Total spin quantum number S:            2.506
 TOTAL ENERGY:                       -1044.679148635

 --------------------------------------------------------------------------------

 End time:                               Wed Jun  2 11:54:54 2021
 Total wall-clock time:                  7.210 seconds
==================================================================================
