
================================================================================
          _____________ ________ _______________ ________     _________         
         / ___________// ______ \\_____   _____// ______ \   / ________)        
        / /_________  / /      \ \     | |     / /      \ \ | (_______          
       |  __________|| |        | |    | |    | |        | | \________ \        
        \ \_________ | |        | |    | |     \ \______/ /___________) |       
         \__________||_|        |_|    |_|      \________//____________/        
                                                                                
====================================[ Qcore ]===================================

 Git hash:   15a3e7daff0cda5fa9af010ccd19a80288182ecf
 Git date:   Fri, 16 Apr 2021 15:57:16 +0100
 Compiler:   GNU 9.1.0
 Build type: Release
 Version:    1.1.0

 Start time: Wed Jun  2 11:55:06 2021

 Data directory: /work/zw18965/.local/qcore/share/entos/1.1.0/data
 Number of threads: 24
 Number of threads was determined by: command line argument

 --------------------------------------------------------------------------------
                                   command: dft                                  
 --------------------------------------------------------------------------------
 AO basis set:                           aug-cc-pvtz
 Number of AO basis functions:         143

 Formula:                                ClCr
 Nuclear charge:                        41.000000000
 Total charge:                           0.000000000
 Number of electrons:                   41.000000000

 Number of alpha electrons:             23
 Number of beta electrons:              18
 Number of unpaired electrons:           5
 Spin:                                   5
 Multiplicity:                           septet

 Theory:                                 dft
 Exchange-correlation functional:        0.49 b88 + 0.4 lyp
 Method for Coulomb:                     incore_df
 Method for exact exchange:              pre_transformed_df
 Integral threshold:                     1.00e-12
 DF basis set:                           def2-tzvp-jkfit(spdfghi)
 Number of DF basis functions:         392
 Schwarz screening threshold:            1.00e-10
 Coulomb fitting method:                 Cholesky

 ------------------
  UW12 Correlation 
 ------------------
 Factor for UW12 correlation:            1.000000000
 Opposite spin scale factor:             0.520000000
 Same spin scale factor:                 0.000000000
 Calculate indirect contribution:        false
 Method for three electron term:         df_ri
 Auxiliary RI basis set:                 Def2-TZVP-RI
 Number of RI basis functions:         295
 Gaussians in geminal expansion:        10
 UW12 screening threshold:               1.00e-12
 Method for density-fitting:             w(r)
 Number of core spatial orbitals:       10

 Total number of grid points:        15322
 Method for AO orthogonalization:        symmetric
 Threshold for linear dependence:        1.00e-08
 D3BJ dispersion energy:                -0.005341799

 -------------------------------------
  Running unrestricted open-shell SCF 
 -------------------------------------
 Max number of iterations:             128
 Conv. threshold (gradient):             1.00e-05
 Conv. threshold (energy):               1.00e-06
 Interpolation scheme:                   adiis+cdiis
 Initial guess:                          H0

 ---------------------------------------------------------------
                  energy        change          grad        time
 ---------------------------------------------------------------
   0     -1402.618536874                    1.30e+01        4.70
   1     -1402.875621567     -2.57e-01      7.38e+00        0.48
   2     -1294.223003078      1.09e+02      1.40e+01        0.46
   3     -1481.639528585     -1.87e+02      5.50e+00        0.46
   4     -1496.036008484     -1.44e+01      3.83e+00        0.45
   5     -1503.405308443     -7.37e+00      1.18e+00        0.43
   6     -1503.280335165      1.25e-01      1.57e+00        0.45
   7     -1504.077290812     -7.97e-01      1.38e-01        0.44
   8     -1504.075481010      1.81e-03      1.89e-01        0.45
   9     -1504.085335220     -9.85e-03      4.16e-02        0.44
  10     -1504.085205267      1.30e-04      4.83e-02        0.45
  11     -1504.085987945     -7.83e-04      7.47e-03        0.42
  12     -1504.086020137     -3.22e-05      4.22e-03        0.41
  13     -1504.086050219     -3.01e-05      2.99e-03        0.41
  14     -1504.086069459     -1.92e-05      1.54e-03        0.40
  15     -1504.086074793     -5.33e-06      3.09e-04        0.41
  16     -1504.086074962     -1.69e-07      9.22e-05        0.40
  17     -1504.086074966     -4.30e-09      2.08e-05        0.41
  18     -1504.086074967     -5.74e-10      9.30e-06        0.41

 SCF converged in 18 iterations.

 Dipole moment (in Debye):               0.000000       0.000000      -5.598558

 Quadrupole moment (in Debye-Angstrom):
                  1            2            3
 1       -27.909977     0.000022    -0.000000
 2         0.000022   -27.910084    -0.000000
 3        -0.000000    -0.000000   -25.224190

 Spin-squared expectation <S^2>:         8.761
 Total spin quantum number S:            2.502
 TOTAL ENERGY:                       -1504.086074967

 --------------------------------------------------------------------------------

 End time:                               Wed Jun  2 11:55:21 2021
 Total wall-clock time:                 14.747 seconds
==================================================================================
