
================================================================================
          _____________ ________ _______________ ________     _________         
         / ___________// ______ \\_____   _____// ______ \   / ________)        
        / /_________  / /      \ \     | |     / /      \ \ | (_______          
       |  __________|| |        | |    | |    | |        | | \________ \        
        \ \_________ | |        | |    | |     \ \______/ /___________) |       
         \__________||_|        |_|    |_|      \________//____________/        
                                                                                
====================================[ Qcore ]===================================

 Git hash:   15a3e7daff0cda5fa9af010ccd19a80288182ecf
 Git date:   Fri, 16 Apr 2021 15:57:16 +0100
 Compiler:   GNU 9.1.0
 Build type: Release
 Version:    1.1.0

 Start time: Wed Jun  2 13:07:25 2021

 Data directory: /work/zw18965/.local/qcore/share/entos/1.1.0/data
 Number of threads: 24
 Number of threads was determined by: number of physical cores

 --------------------------------------------------------------------------------
                                   command: dft                                  
 --------------------------------------------------------------------------------
 AO basis set:                           aug-cc-pvtz
 Number of AO basis functions:         139

 Formula:                                OCr
 Nuclear charge:                        32.000000000
 Total charge:                           0.000000000
 Number of electrons:                   32.000000000

 Number of alpha electrons:             18
 Number of beta electrons:              14
 Number of unpaired electrons:           4
 Spin:                                   4
 Multiplicity:                           quintet

 Theory:                                 dft
 Exchange-correlation functional:        blyp
 Method for Coulomb:                     incore_df
 Integral threshold:                     1.00e-12
 DF basis set:                           def2-tzvp-jkfit(spdfghi)
 Number of DF basis functions:         341
 Schwarz screening threshold:            1.00e-10
 Coulomb fitting method:                 Cholesky
 Total number of grid points:        14772
 Method for AO orthogonalization:        symmetric
 Threshold for linear dependence:        1.00e-08

 -------------------------------------
  Running unrestricted open-shell SCF 
 -------------------------------------
 Max number of iterations:             128
 Conv. threshold (gradient):             1.00e-05
 Conv. threshold (energy):               1.00e-06
 Interpolation scheme:                   adiis+cdiis
 Initial guess:                          H0

 ---------------------------------------------------------------
                  energy        change          grad        time
 ---------------------------------------------------------------
   0     -1020.669267905                    1.60e+01        0.03
   1     -1019.286432555      1.38e+00      9.43e+00        0.03
   2     -1058.858214380     -3.96e+01      1.05e+01        0.03
   3     -1114.525907145     -5.57e+01      4.58e+00        0.03
   4     -1109.148116575      5.38e+00      6.48e+00        0.02
   5     -1116.700612689     -7.55e+00      3.25e+00        0.03
   6     -1113.195494994      3.51e+00      3.71e+00        0.03
   7     -1119.497579253     -6.30e+00      7.53e-01        0.03
   8     -1112.946421590      6.55e+00      3.87e+00        0.03
   9     -1119.249648897     -6.30e+00      1.39e+00        0.03
  10     -1119.727219142     -4.78e-01      3.95e-01        0.03
  11     -1119.126865014      6.00e-01      1.49e+00        0.03
  12     -1119.658836822     -5.32e-01      6.95e-01        0.04
  13     -1119.757583136     -9.87e-02      2.26e-01        0.04
  14     -1119.734958380      2.26e-02      3.94e-01        0.04
  15     -1119.760046991     -2.51e-02      1.80e-01        0.04
  16     -1119.764823041     -4.78e-03      9.45e-02        0.04
  17     -1119.767859882     -3.04e-03      3.36e-02        0.04
  18     -1119.768070408     -2.11e-04      1.68e-03        0.03
  19     -1119.768071500     -1.09e-06      9.53e-04        0.03
  20     -1119.768071698     -1.97e-07      4.62e-04        0.03
  21     -1119.768071751     -5.33e-08      3.20e-05        0.03
  22     -1119.768071751     -4.21e-10      1.82e-05        0.03
  23     -1119.768071752     -2.82e-10      1.22e-05        0.03
  24     -1119.768071752     -7.03e-10      1.51e-05        0.03
  25     -1119.768071750      2.74e-09      2.12e-05        0.03
  26     -1119.768071756     -6.28e-09      2.16e-05        0.03
  27     -1119.768071773     -1.66e-08      2.46e-05        0.02
  28     -1119.768071771      1.52e-09      2.48e-05        0.03
  29     -1119.768071764      6.67e-09      2.13e-05        0.03
  30     -1119.768071779     -1.45e-08      2.46e-05        0.03
  31     -1119.768071773      6.16e-09      2.77e-05        0.03
  32     -1119.768071792     -1.90e-08      2.06e-05        0.02
  33     -1119.768071796     -4.74e-09      1.97e-05        0.02
  34     -1119.768071803     -6.93e-09      3.56e-05        0.03
  35     -1119.768071776      2.74e-08      5.62e-04        0.02
  36     -1119.768071748      2.82e-08      1.67e-04        0.02
  37     -1119.768071843     -9.56e-08      2.29e-05        0.02
  38     -1119.768071862     -1.83e-08      1.02e-04        0.03
  39     -1119.768071863     -1.52e-09      2.02e-04        0.02
  40     -1119.768071868     -4.42e-09      1.97e-04        0.02
  41     -1119.768071879     -1.17e-08      9.81e-05        0.02
  42     -1119.768071885     -5.29e-09      2.86e-05        0.03
  43     -1119.768071884      9.56e-10      8.12e-05        0.03
  44     -1119.768071884     -5.30e-10      7.07e-05        0.02
  45     -1119.768071885     -3.68e-10      6.21e-05        0.03
  46     -1119.768071885     -3.00e-10      5.48e-05        0.02
  47     -1119.768071885     -2.35e-10      4.76e-05        0.02
  48     -1119.768071886     -6.46e-10      1.18e-05        0.02
  49     -1119.768071886     -1.46e-10      2.03e-06        0.03

 SCF converged in 49 iterations.

 Dipole moment (in Debye):              -0.000000      -0.000000      -3.621378

 Quadrupole moment (in Debye-Angstrom):
                  1            2            3
 1       -21.661924    -0.794082     0.000000
 2        -0.794082   -20.845140     0.000000
 3         0.000000     0.000000   -22.795694

 Spin-squared expectation <S^2>:         6.069
 Total spin quantum number S:            2.014
 TOTAL ENERGY:                       -1119.768071886
 Saving results in set 'guess'

 --------------------------------------------------------------------------------
                                   command: dft                                  
 --------------------------------------------------------------------------------
 AO basis set:                           aug-cc-pvtz
 Number of AO basis functions:         139

 Formula:                                OCr
 Nuclear charge:                        32.000000000
 Total charge:                           0.000000000
 Number of electrons:                   32.000000000

 Number of alpha electrons:             18
 Number of beta electrons:              14
 Number of unpaired electrons:           4
 Spin:                                   4
 Multiplicity:                           quintet

 Theory:                                 dft
 Exchange-correlation functional:        0.49 b88 + 0.4 lyp
 Method for Coulomb:                     incore_df
 Method for exact exchange:              pre_transformed_df
 Integral threshold:                     1.00e-12
 DF basis set:                           def2-tzvp-jkfit(spdfghi)
 Number of DF basis functions:         341
 Schwarz screening threshold:            1.00e-10
 Coulomb fitting method:                 Cholesky

 ------------------
  UW12 Correlation 
 ------------------
 Factor for UW12 correlation:            1.000000000
 Opposite spin scale factor:             0.520000000
 Same spin scale factor:                 0.000000000
 Calculate indirect contribution:        false
 Method for three electron term:         df_ri
 Auxiliary RI basis set:                 Def2-TZVP-RI
 Number of RI basis functions:         258
 Gaussians in geminal expansion:        10
 UW12 screening threshold:               1.00e-12
 Method for density-fitting:             w(r)
 Number of core spatial orbitals:        6

 Total number of grid points:        14772
 Method for AO orthogonalization:        symmetric
 Threshold for linear dependence:        1.00e-08
 D3BJ dispersion energy:                -0.002140095

 -------------------------------------
  Running unrestricted open-shell SCF 
 -------------------------------------
 Max number of iterations:             128
 Conv. threshold (gradient):             1.00e-05
 Conv. threshold (energy):               1.00e-06
 Interpolation scheme:                   adiis+cdiis

 ---------------------------------------------------------------
                  energy        change          grad        time
 ---------------------------------------------------------------
   0     -1119.268846893                    3.20e-01        4.21
   1     -1119.274910833     -6.06e-03      5.49e-02        0.34
   2     -1119.270589931      4.32e-03      1.51e-01        0.34
   3     -1119.275701073     -5.11e-03      2.35e-02        0.32
   4     -1119.275794236     -9.32e-05      8.44e-03        0.31
   5     -1119.275835351     -4.11e-05      4.39e-03        0.31
   6     -1119.275853074     -1.77e-05      2.57e-03        0.32
   7     -1119.275862625     -9.55e-06      1.15e-03        0.31
   8     -1119.275864931     -2.31e-06      3.34e-04        0.30
   9     -1119.275865232     -3.01e-07      2.04e-04        0.31
  10     -1119.275865298     -6.54e-08      9.26e-05        0.30
  11     -1119.275865309     -1.16e-08      5.50e-05        0.29
  12     -1119.275865311     -1.38e-09      1.50e-05        0.30
  13     -1119.275865311     -1.64e-10      9.45e-06        0.30

 SCF converged in 13 iterations.

 Dipole moment (in Debye):              -0.000000       0.000000      -4.140735

 Quadrupole moment (in Debye-Angstrom):
                  1            2            3
 1       -21.046787    -0.642525     0.000000
 2        -0.642525   -20.385817    -0.000000
 3         0.000000    -0.000000   -22.658696

 Spin-squared expectation <S^2>:         6.055
 Total spin quantum number S:            2.011
 TOTAL ENERGY:                       -1119.275865311

 --------------------------------------------------------------------------------

 End time:                               Wed Jun  2 13:07:38 2021
 Total wall-clock time:                 13.137 seconds
==================================================================================
