
================================================================================
          _____________ ________ _______________ ________     _________         
         / ___________// ______ \\_____   _____// ______ \   / ________)        
        / /_________  / /      \ \     | |     / /      \ \ | (_______          
       |  __________|| |        | |    | |    | |        | | \________ \        
        \ \_________ | |        | |    | |     \ \______/ /___________) |       
         \__________||_|        |_|    |_|      \________//____________/        
                                                                                
====================================[ Qcore ]===================================

 Git hash:   15a3e7daff0cda5fa9af010ccd19a80288182ecf
 Git date:   Fri, 16 Apr 2021 15:57:16 +0100
 Compiler:   GNU 9.1.0
 Build type: Release
 Version:    1.1.0

 Start time: Wed Jun  2 11:56:27 2021

 Data directory: /work/zw18965/.local/qcore/share/entos/1.1.0/data
 Number of threads: 24
 Number of threads was determined by: command line argument

 --------------------------------------------------------------------------------
                                   command: dft                                  
 --------------------------------------------------------------------------------
 AO basis set:                           aug-cc-pvtz
 Number of AO basis functions:         143

 Formula:                                SCr
 Nuclear charge:                        40.000000000
 Total charge:                           0.000000000
 Number of electrons:                   40.000000000

 Number of alpha electrons:             22
 Number of beta electrons:              18
 Number of unpaired electrons:           4
 Spin:                                   4
 Multiplicity:                           quintet

 Theory:                                 dft
 Exchange-correlation functional:        0.49 b88 + 0.4 lyp
 Method for Coulomb:                     incore_df
 Method for exact exchange:              pre_transformed_df
 Integral threshold:                     1.00e-12
 DF basis set:                           def2-tzvp-jkfit(spdfghi)
 Number of DF basis functions:         392
 Schwarz screening threshold:            1.00e-10
 Coulomb fitting method:                 Cholesky

 ------------------
  UW12 Correlation 
 ------------------
 Factor for UW12 correlation:            1.000000000
 Opposite spin scale factor:             0.520000000
 Same spin scale factor:                 0.000000000
 Calculate indirect contribution:        false
 Method for three electron term:         df_ri
 Auxiliary RI basis set:                 Def2-TZVP-RI
 Number of RI basis functions:         295
 Gaussians in geminal expansion:        10
 UW12 screening threshold:               1.00e-12
 Method for density-fitting:             w(r)
 Number of core spatial orbitals:       10

 Total number of grid points:        15178
 Method for AO orthogonalization:        symmetric
 Threshold for linear dependence:        1.00e-08
 D3BJ dispersion energy:                -0.006877502

 -------------------------------------
  Running unrestricted open-shell SCF 
 -------------------------------------
 Max number of iterations:             128
 Conv. threshold (gradient):             1.00e-05
 Conv. threshold (energy):               1.00e-06
 Interpolation scheme:                   adiis+cdiis
 Initial guess:                          H0

 ---------------------------------------------------------------
                  energy        change          grad        time
 ---------------------------------------------------------------
   0     -1343.288443427                    1.51e+01        4.67
   1     -1340.816354141      2.47e+00      7.31e+00        0.47
   2     -1202.576033102      1.38e+02      1.47e+01        0.46
   3     -1420.995892566     -2.18e+02      6.77e+00        0.45
   4     -1433.144549450     -1.21e+01      4.94e+00        0.44
   5     -1441.586882161     -8.44e+00      9.56e-01        0.45
   6     -1440.644454706      9.42e-01      2.30e+00        0.44
   7     -1441.990785109     -1.35e+00      2.33e-01        0.43
   8     -1441.974936857      1.58e-02      3.49e-01        0.43
   9     -1442.010810013     -3.59e-02      1.77e-01        0.43
  10     -1442.002112541      8.70e-03      2.81e-01        0.43
  11     -1442.023186012     -2.11e-02      4.21e-02        0.41
  12     -1442.021189754      2.00e-03      1.00e-01        0.41
  13     -1442.024451206     -3.26e-03      1.01e-02        0.41
  14     -1442.024783654     -3.32e-04      9.57e-03        0.39
  15     -1442.025091700     -3.08e-04      9.92e-03        0.40
  16     -1442.025378826     -2.87e-04      4.25e-03        0.40
  17     -1442.025467135     -8.83e-05      3.35e-03        0.40
  18     -1442.025471345     -4.21e-06      1.27e-03        0.40
  19     -1442.025473135     -1.79e-06      5.90e-04        0.40
  20     -1442.025473263     -1.28e-07      2.17e-04        0.40
  21     -1442.025473281     -1.78e-08      5.40e-05        0.40
  22     -1442.025473287     -6.26e-09      1.83e-05        0.39
  23     -1442.025473287      1.00e-11      6.56e-06        0.39

 SCF converged in 23 iterations.

 Dipole moment (in Debye):              -0.000000      -0.000001      -5.674657

 Quadrupole moment (in Debye-Angstrom):
                  1            2            3
 1       -27.771518     0.144199     0.000001
 2         0.144199   -30.236255     0.000001
 3         0.000001     0.000001   -25.579588

 Spin-squared expectation <S^2>:         6.339
 Total spin quantum number S:            2.067
 TOTAL ENERGY:                       -1442.025473287

 --------------------------------------------------------------------------------

 End time:                               Wed Jun  2 11:56:44 2021
 Total wall-clock time:                 16.249 seconds
==================================================================================
