
================================================================================
          _____________ ________ _______________ ________     _________         
         / ___________// ______ \\_____   _____// ______ \   / ________)        
        / /_________  / /      \ \     | |     / /      \ \ | (_______          
       |  __________|| |        | |    | |    | |        | | \________ \        
        \ \_________ | |        | |    | |     \ \______/ /___________) |       
         \__________||_|        |_|    |_|      \________//____________/        
                                                                                
====================================[ Qcore ]===================================

 Git hash:   15a3e7daff0cda5fa9af010ccd19a80288182ecf
 Git date:   Fri, 16 Apr 2021 15:57:16 +0100
 Compiler:   GNU 9.1.0
 Build type: Release
 Version:    1.1.0

 Start time: Wed Jun  2 11:57:53 2021

 Data directory: /work/zw18965/.local/qcore/share/entos/1.1.0/data
 Number of threads: 24
 Number of threads was determined by: command line argument

 --------------------------------------------------------------------------------
                                   command: dft                                  
 --------------------------------------------------------------------------------
 AO basis set:                           aug-cc-pvtz
 Number of AO basis functions:         143

 Formula:                                SMn
 Nuclear charge:                        41.000000000
 Total charge:                           0.000000000
 Number of electrons:                   41.000000000

 Number of alpha electrons:             23
 Number of beta electrons:              18
 Number of unpaired electrons:           5
 Spin:                                   5
 Multiplicity:                           septet

 Theory:                                 dft
 Exchange-correlation functional:        0.49 b88 + 0.4 lyp
 Method for Coulomb:                     incore_df
 Method for exact exchange:              pre_transformed_df
 Integral threshold:                     1.00e-12
 DF basis set:                           def2-tzvp-jkfit(spdfghi)
 Number of DF basis functions:         392
 Schwarz screening threshold:            1.00e-10
 Coulomb fitting method:                 Cholesky

 ------------------
  UW12 Correlation 
 ------------------
 Factor for UW12 correlation:            1.000000000
 Opposite spin scale factor:             0.520000000
 Same spin scale factor:                 0.000000000
 Calculate indirect contribution:        false
 Method for three electron term:         df_ri
 Auxiliary RI basis set:                 Def2-TZVP-RI
 Number of RI basis functions:         295
 Gaussians in geminal expansion:        10
 UW12 screening threshold:               1.00e-12
 Method for density-fitting:             w(r)
 Number of core spatial orbitals:       10

 Total number of grid points:        15286
 Method for AO orthogonalization:        symmetric
 Threshold for linear dependence:        1.00e-08
 D3BJ dispersion energy:                -0.006265652

 -------------------------------------
  Running unrestricted open-shell SCF 
 -------------------------------------
 Max number of iterations:             128
 Conv. threshold (gradient):             1.00e-05
 Conv. threshold (energy):               1.00e-06
 Interpolation scheme:                   adiis+cdiis
 Initial guess:                          H0

 ---------------------------------------------------------------
                  energy        change          grad        time
 ---------------------------------------------------------------
   0     -1432.447711528                    1.93e+01        4.64
   1     -1431.472198509      9.76e-01      7.85e+00        0.47
   2     -1300.456548117      1.31e+02      1.51e+01        0.46
   3     -1528.521558628     -2.28e+02      6.83e+00        0.44
   4     -1535.873228914     -7.35e+00      5.23e+00        0.43
   5     -1548.157240534     -1.23e+01      8.92e-01        0.43
   6     -1547.207116609      9.50e-01      2.26e+00        0.42
   7     -1548.552307387     -1.35e+00      2.68e-01        0.43
   8     -1548.530430628      2.19e-02      3.90e-01        0.43
   9     -1548.581918302     -5.15e-02      1.52e-01        0.43
  10     -1548.555135581      2.68e-02      3.94e-01        0.43
  11     -1548.591053937     -3.59e-02      9.64e-02        0.44
  12     -1548.589554088      1.50e-03      9.85e-02        0.44
  13     -1548.593615041     -4.06e-03      6.84e-03        0.43
  14     -1548.593700638     -8.56e-05      1.60e-03        0.43
  15     -1548.593703499     -2.86e-06      4.89e-04        0.44
  16     -1548.593703811     -3.12e-07      2.48e-04        0.43
  17     -1548.593703875     -6.45e-08      9.40e-05        0.43
  18     -1548.593703891     -1.59e-08      5.10e-05        0.43
  19     -1548.593703894     -2.94e-09      2.50e-05        0.43
  20     -1548.593703894      2.88e-10      6.95e-06        0.44

 SCF converged in 20 iterations.

 Dipole moment (in Debye):               0.000000       0.000000      -6.143736

 Quadrupole moment (in Debye-Angstrom):
                  1            2            3
 1       -29.103197     0.000000     0.000000
 2         0.000000   -29.103197     0.000000
 3         0.000000     0.000000   -25.822016

 Spin-squared expectation <S^2>:         8.820
 Total spin quantum number S:            2.512
 TOTAL ENERGY:                       -1548.593703894

 --------------------------------------------------------------------------------

 End time:                               Wed Jun  2 11:58:09 2021
 Total wall-clock time:                 15.538 seconds
==================================================================================
