
================================================================================
          _____________ ________ _______________ ________     _________         
         / ___________// ______ \\_____   _____// ______ \   / ________)        
        / /_________  / /      \ \     | |     / /      \ \ | (_______          
       |  __________|| |        | |    | |    | |        | | \________ \        
        \ \_________ | |        | |    | |     \ \______/ /___________) |       
         \__________||_|        |_|    |_|      \________//____________/        
                                                                                
====================================[ Qcore ]===================================

 Git hash:   15a3e7daff0cda5fa9af010ccd19a80288182ecf
 Git date:   Fri, 16 Apr 2021 15:57:16 +0100
 Compiler:   GNU 9.1.0
 Build type: Release
 Version:    1.1.0

 Start time: Wed Jun  2 11:58:09 2021

 Data directory: /work/zw18965/.local/qcore/share/entos/1.1.0/data
 Number of threads: 24
 Number of threads was determined by: command line argument

 --------------------------------------------------------------------------------
                                   command: dft                                  
 --------------------------------------------------------------------------------
 AO basis set:                           aug-cc-pvtz
 Number of AO basis functions:         116

 Formula:                                HFe
 Nuclear charge:                        27.000000000
 Total charge:                           0.000000000
 Number of electrons:                   27.000000000

 Number of alpha electrons:             15
 Number of beta electrons:              12
 Number of unpaired electrons:           3
 Spin:                                   3
 Multiplicity:                           quartet

 Theory:                                 dft
 Exchange-correlation functional:        0.49 b88 + 0.4 lyp
 Method for Coulomb:                     incore_df
 Method for exact exchange:              pre_transformed_df
 Integral threshold:                     1.00e-12
 DF basis set:                           def2-tzvp-jkfit(spdfghi)
 Number of DF basis functions:         282
 Schwarz screening threshold:            1.00e-10
 Coulomb fitting method:                 Cholesky

 ------------------
  UW12 Correlation 
 ------------------
 Factor for UW12 correlation:            1.000000000
 Opposite spin scale factor:             0.520000000
 Same spin scale factor:                 0.000000000
 Calculate indirect contribution:        false
 Method for three electron term:         df_ri
 Auxiliary RI basis set:                 Def2-TZVP-RI
 Number of RI basis functions:         197
 Gaussians in geminal expansion:        10
 UW12 screening threshold:               1.00e-12
 Method for density-fitting:             w(r)
 Number of core spatial orbitals:        5

 Total number of grid points:        13826
 Method for AO orthogonalization:        symmetric
 Threshold for linear dependence:        1.00e-08
 D3BJ dispersion energy:                -0.000986463

 -------------------------------------
  Running unrestricted open-shell SCF 
 -------------------------------------
 Max number of iterations:             128
 Conv. threshold (gradient):             1.00e-05
 Conv. threshold (energy):               1.00e-06
 Interpolation scheme:                   adiis+cdiis
 Initial guess:                          H0

 ---------------------------------------------------------------
                  energy        change          grad        time
 ---------------------------------------------------------------
   0     -1196.334955263                    8.47e+00        3.35
   1     -1162.567656524      3.38e+01      7.84e+00        0.20
   2     -1234.750752564     -7.22e+01      6.81e+00        0.20
   3     -1259.057599760     -2.43e+01      3.60e+00        0.18
   4     -1258.940093323      1.18e-01      3.36e+00        0.17
   5     -1263.863013431     -4.92e+00      6.77e-01        0.17
   6     -1263.687844711      1.75e-01      1.03e+00        0.17
   7     -1263.941479577     -2.54e-01      2.51e-01        0.17
   8     -1263.933608918      7.87e-03      3.31e-01        0.17
   9     -1263.954640640     -2.10e-02      4.93e-02        0.17
  10     -1263.955131173     -4.91e-04      4.43e-02        0.18
  11     -1263.955765381     -6.34e-04      1.56e-02        0.18
  12     -1263.956265820     -5.00e-04      8.68e-03        0.16
  13     -1263.956381964     -1.16e-04      4.56e-03        0.16
  14     -1263.956458035     -7.61e-05      1.45e-03        0.17
  15     -1263.956462436     -4.40e-06      2.85e-04        0.17
  16     -1263.956462530     -9.43e-08      1.02e-04        0.17
  17     -1263.956462535     -5.12e-09      1.64e-05        0.16
  18     -1263.956462535      3.33e-10      5.55e-06        0.17

 SCF converged in 18 iterations.

 Dipole moment (in Debye):               0.000007       0.000007      -2.850143

 Quadrupole moment (in Debye-Angstrom):
                  1            2            3
 1       -16.912495    -0.000007    -0.000025
 2        -0.000007   -16.912495    -0.000025
 3        -0.000025    -0.000025   -16.674961

 Spin-squared expectation <S^2>:         3.889
 Total spin quantum number S:            1.534
 TOTAL ENERGY:                       -1263.956462535

 --------------------------------------------------------------------------------

 End time:                               Wed Jun  2 11:58:17 2021
 Total wall-clock time:                  8.265 seconds
==================================================================================
