
================================================================================
          _____________ ________ _______________ ________     _________         
         / ___________// ______ \\_____   _____// ______ \   / ________)        
        / /_________  / /      \ \     | |     / /      \ \ | (_______          
       |  __________|| |        | |    | |    | |        | | \________ \        
        \ \_________ | |        | |    | |     \ \______/ /___________) |       
         \__________||_|        |_|    |_|      \________//____________/        
                                                                                
====================================[ Qcore ]===================================

 Git hash:   15a3e7daff0cda5fa9af010ccd19a80288182ecf
 Git date:   Fri, 16 Apr 2021 15:57:16 +0100
 Compiler:   GNU 9.1.0
 Build type: Release
 Version:    1.1.0

 Start time: Wed Jun  2 11:58:29 2021

 Data directory: /work/zw18965/.local/qcore/share/entos/1.1.0/data
 Number of threads: 24
 Number of threads was determined by: command line argument

 --------------------------------------------------------------------------------
                                   command: dft                                  
 --------------------------------------------------------------------------------
 AO basis set:                           aug-cc-pvtz
 Number of AO basis functions:         143

 Formula:                                ClFe
 Nuclear charge:                        43.000000000
 Total charge:                           0.000000000
 Number of electrons:                   43.000000000

 Number of alpha electrons:             24
 Number of beta electrons:              19
 Number of unpaired electrons:           5
 Spin:                                   5
 Multiplicity:                           septet

 Theory:                                 dft
 Exchange-correlation functional:        0.49 b88 + 0.4 lyp
 Method for Coulomb:                     incore_df
 Method for exact exchange:              pre_transformed_df
 Integral threshold:                     1.00e-12
 DF basis set:                           def2-tzvp-jkfit(spdfghi)
 Number of DF basis functions:         392
 Schwarz screening threshold:            1.00e-10
 Coulomb fitting method:                 Cholesky

 ------------------
  UW12 Correlation 
 ------------------
 Factor for UW12 correlation:            1.000000000
 Opposite spin scale factor:             0.520000000
 Same spin scale factor:                 0.000000000
 Calculate indirect contribution:        false
 Method for three electron term:         df_ri
 Auxiliary RI basis set:                 Def2-TZVP-RI
 Number of RI basis functions:         295
 Gaussians in geminal expansion:        10
 UW12 screening threshold:               1.00e-12
 Method for density-fitting:             w(r)
 Number of core spatial orbitals:       10

 Total number of grid points:        15430
 Method for AO orthogonalization:        symmetric
 Threshold for linear dependence:        1.00e-08
 D3BJ dispersion energy:                -0.004448175

 -------------------------------------
  Running unrestricted open-shell SCF 
 -------------------------------------
 Max number of iterations:             128
 Conv. threshold (gradient):             1.00e-05
 Conv. threshold (energy):               1.00e-06
 Interpolation scheme:                   adiis+cdiis
 Initial guess:                          H0

 ---------------------------------------------------------------
                  energy        change          grad        time
 ---------------------------------------------------------------
   0     -1570.161177883                    1.63e+01        5.08
   1     -1571.545595615     -1.38e+00      8.88e+00        0.49
   2     -1423.432497087      1.48e+02      1.75e+01        0.47
   3     -1697.029860870     -2.74e+02      7.68e+00        0.47
   4     -1704.208554781     -7.18e+00      6.05e+00        0.48
   5     -1722.582014327     -1.84e+01      1.27e+00        0.47
   6     -1720.527957418      2.05e+00      2.32e+00        0.47
   7     -1723.265188079     -2.74e+00      3.46e-01        0.46
   8     -1723.272607456     -7.42e-03      4.41e-01        0.44
   9     -1723.326837858     -5.42e-02      1.25e-01        0.46
  10     -1723.322134820      4.70e-03      1.90e-01        0.46
  11     -1723.330832447     -8.70e-03      2.65e-02        0.46
  12     -1723.330654758      1.78e-04      3.80e-02        0.46
  13     -1723.331043318     -3.89e-04      1.17e-03        0.45
  14     -1723.331044938     -1.62e-06      6.75e-04        0.46
  15     -1723.331045205     -2.67e-07      2.63e-04        0.46
  16     -1723.331045242     -3.70e-08      8.23e-05        0.46
  17     -1723.331045249     -7.19e-09      3.67e-05        0.45
  18     -1723.331045250     -1.20e-09      2.70e-05        0.45
  19     -1723.331045253     -2.36e-09      2.61e-05        0.45
  20     -1723.331045254     -1.44e-09      2.57e-05        0.44
  21     -1723.331045254      4.32e-10      2.57e-05        0.44
  22     -1723.331045254      6.39e-11      2.57e-05        0.46
  23     -1723.331045255     -1.14e-09      2.57e-05        0.45
  24     -1723.331045254      7.99e-10      2.57e-05        0.45
  25     -1723.331045254      2.39e-10      2.57e-05        0.45
  26     -1723.331045253      1.84e-10      2.57e-05        0.46
  27     -1723.331045249      4.95e-09      2.56e-05        0.44
  28     -1723.331045249     -2.53e-10      2.59e-05        0.46
  29     -1723.331045186      6.25e-08      2.63e-05        0.45
  30     -1723.331045073      1.13e-07      2.57e-05        0.45
  31     -1723.331044966      1.07e-07      3.75e-05        0.45
  32     -1723.331044167      7.99e-07      5.52e-04        0.46
  33     -1723.331044373     -2.06e-07      3.36e-04        0.45
  34     -1723.331044445     -7.14e-08      2.69e-04        0.45
  35     -1723.331044446     -9.50e-10      2.61e-04        0.45
  36     -1723.331044333      1.13e-07      2.23e-04        0.45
  37     -1723.331044101      2.31e-07      4.52e-04        0.45
  38     -1723.331044164     -6.33e-08      1.93e-04        0.45
  39     -1723.331044161      3.07e-09      1.32e-04        0.46
  40     -1723.331044163     -1.20e-09      6.74e-05        0.45
  41     -1723.331044162      5.52e-10      1.05e-05        0.45
  42     -1723.331044161      1.39e-09      2.26e-05        0.46
  43     -1723.331044161     -6.51e-10      3.99e-06        0.45

 SCF converged in 43 iterations.

 Dipole moment (in Debye):               0.000001       0.000001      -2.701404

 Quadrupole moment (in Debye-Angstrom):
                  1            2            3
 1       -27.688890     0.279612    -0.000001
 2         0.279612   -27.691190    -0.000001
 3        -0.000001    -0.000001   -33.165059

 Spin-squared expectation <S^2>:         8.756
 Total spin quantum number S:            2.501
 TOTAL ENERGY:                       -1723.331044161

 --------------------------------------------------------------------------------

 End time:                               Wed Jun  2 11:58:56 2021
 Total wall-clock time:                 26.855 seconds
==================================================================================
