
================================================================================
          _____________ ________ _______________ ________     _________         
         / ___________// ______ \\_____   _____// ______ \   / ________)        
        / /_________  / /      \ \     | |     / /      \ \ | (_______          
       |  __________|| |        | |    | |    | |        | | \________ \        
        \ \_________ | |        | |    | |     \ \______/ /___________) |       
         \__________||_|        |_|    |_|      \________//____________/        
                                                                                
====================================[ Qcore ]===================================

 Git hash:   15a3e7daff0cda5fa9af010ccd19a80288182ecf
 Git date:   Fri, 16 Apr 2021 15:57:16 +0100
 Compiler:   GNU 9.1.0
 Build type: Release
 Version:    1.1.0

 Start time: Wed Jun  2 11:58:56 2021

 Data directory: /work/zw18965/.local/qcore/share/entos/1.1.0/data
 Number of threads: 24
 Number of threads was determined by: command line argument

 --------------------------------------------------------------------------------
                                   command: dft                                  
 --------------------------------------------------------------------------------
 AO basis set:                           aug-cc-pvtz
 Number of AO basis functions:         152

 Formula:                                FeBr
 Nuclear charge:                        61.000000000
 Total charge:                           0.000000000
 Number of electrons:                   61.000000000

 Number of alpha electrons:             33
 Number of beta electrons:              28
 Number of unpaired electrons:           5
 Spin:                                   5
 Multiplicity:                           septet

 Theory:                                 dft
 Exchange-correlation functional:        0.49 b88 + 0.4 lyp
 Method for Coulomb:                     incore_df
 Method for exact exchange:              pre_transformed_df
 Integral threshold:                     1.00e-12
 DF basis set:                           def2-tzvp-jkfit(spdfghi)
 Number of DF basis functions:         530
 Schwarz screening threshold:            1.00e-10
 Coulomb fitting method:                 Cholesky

 ------------------
  UW12 Correlation 
 ------------------
 Factor for UW12 correlation:            1.000000000
 Opposite spin scale factor:             0.520000000
 Same spin scale factor:                 0.000000000
 Calculate indirect contribution:        false
 Method for three electron term:         df_ri
 Auxiliary RI basis set:                 Def2-TZVP-RI
 Number of RI basis functions:         341
 Gaussians in geminal expansion:        10
 UW12 screening threshold:               1.00e-12
 Method for density-fitting:             w(r)
 Number of core spatial orbitals:       14

 Total number of grid points:        16100
 Method for AO orthogonalization:        symmetric
 Threshold for linear dependence:        1.00e-08
 D3BJ dispersion energy:                -0.005721371

 -------------------------------------
  Running unrestricted open-shell SCF 
 -------------------------------------
 Max number of iterations:             128
 Conv. threshold (gradient):             1.00e-05
 Conv. threshold (energy):               1.00e-06
 Interpolation scheme:                   adiis+cdiis
 Initial guess:                          H0

 ---------------------------------------------------------------
                  energy        change          grad        time
 ---------------------------------------------------------------
   0     -3753.735792799                    9.56e+00        6.53
   1     -3719.779787072      3.40e+01      6.93e+00        0.92
   2     -3552.725082813      1.67e+02      1.16e+01        0.91
   3     -3819.728076727     -2.67e+02      5.49e+00        0.91
   4     -3822.436676868     -2.71e+00      5.31e+00        0.90
   5     -3832.790637771     -1.04e+01      2.55e+00        0.92
   6     -3835.078872221     -2.29e+00      3.25e+00        0.92
   7     -3836.937340387     -1.86e+00      9.11e-01        0.90
   8     -3836.752790059      1.85e-01      1.34e+00        0.90
   9     -3837.140149354     -3.87e-01      1.27e-01        0.90
  10     -3837.146780004     -6.63e-03      1.23e-01        0.89
  11     -3837.150611365     -3.83e-03      9.09e-02        0.90
  12     -3837.152535769     -1.92e-03      9.25e-02        0.91
  13     -3837.154871392     -2.34e-03      1.69e-02        0.91
  14     -3837.155370980     -5.00e-04      1.75e-02        0.90
  15     -3837.155655099     -2.84e-04      1.68e-02        0.88
  16     -3837.155481092      1.74e-04      1.70e-02        0.90
  17     -3837.154350200      1.13e-03      1.65e-02        0.91
  18     -3837.153497072      8.53e-04      1.75e-02        0.89
  19     -3837.149544112      3.95e-03      7.89e-02        0.90
  20     -3837.151595990     -2.05e-03      3.89e-02        0.89
  21     -3837.152235031     -6.39e-04      2.90e-02        0.89
  22     -3837.151652075      5.83e-04      3.53e-02        0.88
  23     -3837.152820597     -1.17e-03      2.03e-02        0.89
  24     -3837.146981208      5.84e-03      1.12e-01        0.89
  25     -3837.147112778     -1.32e-04      1.09e-01        0.90
  26     -3837.147147254     -3.45e-05      1.09e-01        0.91
  27     -3837.149395725     -2.25e-03      4.49e-02        0.89
  28     -3837.149733482     -3.38e-04      1.15e-02        0.89
  29     -3837.149739443     -5.96e-06      3.53e-03        0.89
  30     -3837.149741432     -1.99e-06      5.03e-04        0.89
  31     -3837.149741146      2.86e-07      1.14e-03        0.89
  32     -3837.149741595     -4.49e-07      2.52e-04        0.91
  33     -3837.149741507      8.78e-08      1.04e-04        0.89
  34     -3837.149741540     -3.25e-08      7.15e-06        0.90

 SCF converged in 34 iterations.

 Dipole moment (in Debye):               0.000000       0.000000      -2.483149

 Quadrupole moment (in Debye-Angstrom):
                  1            2            3
 1       -34.047332     0.000079    -0.000000
 2         0.000079   -34.047357    -0.000000
 3        -0.000000    -0.000000   -35.524902

 Spin-squared expectation <S^2>:         8.758
 Total spin quantum number S:            2.501
 TOTAL ENERGY:                       -3837.149741533

 --------------------------------------------------------------------------------

 End time:                               Wed Jun  2 11:59:36 2021
 Total wall-clock time:                 40.099 seconds
==================================================================================
