
================================================================================
          _____________ ________ _______________ ________     _________         
         / ___________// ______ \\_____   _____// ______ \   / ________)        
        / /_________  / /      \ \     | |     / /      \ \ | (_______          
       |  __________|| |        | |    | |    | |        | | \________ \        
        \ \_________ | |        | |    | |     \ \______/ /___________) |       
         \__________||_|        |_|    |_|      \________//____________/        
                                                                                
====================================[ Qcore ]===================================

 Git hash:   15a3e7daff0cda5fa9af010ccd19a80288182ecf
 Git date:   Fri, 16 Apr 2021 15:57:16 +0100
 Compiler:   GNU 9.1.0
 Build type: Release
 Version:    1.1.0

 Start time: Wed Jun  2 11:59:36 2021

 Data directory: /work/zw18965/.local/qcore/share/entos/1.1.0/data
 Number of threads: 24
 Number of threads was determined by: command line argument

 --------------------------------------------------------------------------------
                                   command: dft                                  
 --------------------------------------------------------------------------------
 AO basis set:                           aug-cc-pvtz
 Number of AO basis functions:         139

 Formula:                                OFe
 Nuclear charge:                        34.000000000
 Total charge:                           0.000000000
 Number of electrons:                   34.000000000

 Number of alpha electrons:             19
 Number of beta electrons:              15
 Number of unpaired electrons:           4
 Spin:                                   4
 Multiplicity:                           quintet

 Theory:                                 dft
 Exchange-correlation functional:        0.49 b88 + 0.4 lyp
 Method for Coulomb:                     incore_df
 Method for exact exchange:              pre_transformed_df
 Integral threshold:                     1.00e-12
 DF basis set:                           def2-tzvp-jkfit(spdfghi)
 Number of DF basis functions:         341
 Schwarz screening threshold:            1.00e-10
 Coulomb fitting method:                 Cholesky

 ------------------
  UW12 Correlation 
 ------------------
 Factor for UW12 correlation:            1.000000000
 Opposite spin scale factor:             0.520000000
 Same spin scale factor:                 0.000000000
 Calculate indirect contribution:        false
 Method for three electron term:         df_ri
 Auxiliary RI basis set:                 Def2-TZVP-RI
 Number of RI basis functions:         258
 Gaussians in geminal expansion:        10
 UW12 screening threshold:               1.00e-12
 Method for density-fitting:             w(r)
 Number of core spatial orbitals:        6

 Total number of grid points:        14880
 Method for AO orthogonalization:        symmetric
 Threshold for linear dependence:        1.00e-08
 D3BJ dispersion energy:                -0.001802216

 -------------------------------------
  Running unrestricted open-shell SCF 
 -------------------------------------
 Max number of iterations:             128
 Conv. threshold (gradient):             1.00e-05
 Conv. threshold (energy):               1.00e-06
 Interpolation scheme:                   adiis+cdiis
 Initial guess:                          H0

 ---------------------------------------------------------------
                  energy        change          grad        time
 ---------------------------------------------------------------
   0     -1205.624460986                    1.98e+01        4.16
   1     -1205.660655709     -3.62e-02      9.52e+00        0.35
   2     -1265.875417732     -6.02e+01      1.42e+01        0.34
   3     -1332.343523314     -6.65e+01      4.90e+00        0.33
   4     -1322.193463421      1.02e+01      6.40e+00        0.31
   5     -1337.667365919     -1.55e+01      1.98e+00        0.31
   6     -1331.050405018      6.62e+00      4.04e+00        0.29
   7     -1338.154572149     -7.10e+00      1.34e+00        0.30
   8     -1338.439703481     -2.85e-01      4.32e-01        0.30
   9     -1338.452195349     -1.25e-02      4.83e-01        0.30
  10     -1338.482291587     -3.01e-02      3.18e-01        0.30
  11     -1338.471996008      1.03e-02      3.75e-01        0.31
  12     -1338.502955848     -3.10e-02      9.07e-02        0.31
  13     -1338.499806088      3.15e-03      1.61e-01        0.31
  14     -1338.504493582     -4.69e-03      6.81e-03        0.31
  15     -1338.504552232     -5.86e-05      1.92e-03        0.29
  16     -1338.504560059     -7.83e-06      9.10e-04        0.30
  17     -1338.504560818     -7.58e-07      1.67e-04        0.29
  18     -1338.504560871     -5.37e-08      9.75e-05        0.29
  19     -1338.504560884     -1.27e-08      5.05e-05        0.30
  20     -1338.504560887     -2.87e-09      2.31e-05        0.29
  21     -1338.504560887     -3.42e-10      8.83e-06        0.30

 SCF converged in 21 iterations.

 Dipole moment (in Debye):               0.000000      -0.000001      -4.995920

 Quadrupole moment (in Debye-Angstrom):
                  1            2            3
 1       -19.469226     0.638960    -0.000001
 2         0.638960   -19.490264     0.000001
 3        -0.000001     0.000001   -22.505088

 Spin-squared expectation <S^2>:         6.049
 Total spin quantum number S:            2.010
 TOTAL ENERGY:                       -1338.504560888

 --------------------------------------------------------------------------------

 End time:                               Wed Jun  2 11:59:49 2021
 Total wall-clock time:                 12.722 seconds
==================================================================================
