
================================================================================
          _____________ ________ _______________ ________     _________         
         / ___________// ______ \\_____   _____// ______ \   / ________)        
        / /_________  / /      \ \     | |     / /      \ \ | (_______          
       |  __________|| |        | |    | |    | |        | | \________ \        
        \ \_________ | |        | |    | |     \ \______/ /___________) |       
         \__________||_|        |_|    |_|      \________//____________/        
                                                                                
====================================[ Qcore ]===================================

 Git hash:   15a3e7daff0cda5fa9af010ccd19a80288182ecf
 Git date:   Fri, 16 Apr 2021 15:57:16 +0100
 Compiler:   GNU 9.1.0
 Build type: Release
 Version:    1.1.0

 Start time: Wed Jun  2 11:59:49 2021

 Data directory: /work/zw18965/.local/qcore/share/entos/1.1.0/data
 Number of threads: 24
 Number of threads was determined by: command line argument

 --------------------------------------------------------------------------------
                                   command: dft                                  
 --------------------------------------------------------------------------------
 AO basis set:                           aug-cc-pvtz
 Number of AO basis functions:         143

 Formula:                                SFe
 Nuclear charge:                        42.000000000
 Total charge:                           0.000000000
 Number of electrons:                   42.000000000

 Number of alpha electrons:             23
 Number of beta electrons:              19
 Number of unpaired electrons:           4
 Spin:                                   4
 Multiplicity:                           quintet

 Theory:                                 dft
 Exchange-correlation functional:        0.49 b88 + 0.4 lyp
 Method for Coulomb:                     incore_df
 Method for exact exchange:              pre_transformed_df
 Integral threshold:                     1.00e-12
 DF basis set:                           def2-tzvp-jkfit(spdfghi)
 Number of DF basis functions:         392
 Schwarz screening threshold:            1.00e-10
 Coulomb fitting method:                 Cholesky

 ------------------
  UW12 Correlation 
 ------------------
 Factor for UW12 correlation:            1.000000000
 Opposite spin scale factor:             0.520000000
 Same spin scale factor:                 0.000000000
 Calculate indirect contribution:        false
 Method for three electron term:         df_ri
 Auxiliary RI basis set:                 Def2-TZVP-RI
 Number of RI basis functions:         295
 Gaussians in geminal expansion:        10
 UW12 screening threshold:               1.00e-12
 Method for density-fitting:             w(r)
 Number of core spatial orbitals:       10

 Total number of grid points:        15286
 Method for AO orthogonalization:        symmetric
 Threshold for linear dependence:        1.00e-08
 D3BJ dispersion energy:                -0.005759767

 -------------------------------------
  Running unrestricted open-shell SCF 
 -------------------------------------
 Max number of iterations:             128
 Conv. threshold (gradient):             1.00e-05
 Conv. threshold (energy):               1.00e-06
 Interpolation scheme:                   adiis+cdiis
 Initial guess:                          H0

 ---------------------------------------------------------------
                  energy        change          grad        time
 ---------------------------------------------------------------
   0     -1528.955799429                    1.96e+01        4.75
   1     -1524.664798404      4.29e+00      8.26e+00        0.45
   2     -1401.649996190      1.23e+02      1.67e+01        0.44
   3     -1640.023085333     -2.38e+02      7.17e+00        0.44
   4     -1643.534477275     -3.51e+00      5.99e+00        0.44
   5     -1660.729518930     -1.72e+01      9.58e-01        0.43
   6     -1657.900424898      2.83e+00      2.79e+00        0.43
   7     -1661.165460240     -3.27e+00      6.10e-01        0.42
   8     -1661.035908927      1.30e-01      1.18e+00        0.44
   9     -1661.243621802     -2.08e-01      4.04e-01        0.44
  10     -1661.184714789      5.89e-02      7.41e-01        0.44
  11     -1661.287056244     -1.02e-01      7.79e-02        0.45
  12     -1661.286272546      7.84e-04      1.05e-01        0.45
  13     -1661.290268184     -4.00e-03      1.71e-02        0.44
  14     -1661.290555573     -2.87e-04      7.01e-03        0.44
  15     -1661.290645065     -8.95e-05      7.01e-03        0.45
  16     -1661.290673347     -2.83e-05      2.38e-03        0.45
  17     -1661.290681802     -8.45e-06      1.18e-03        0.45
  18     -1661.290683880     -2.08e-06      1.76e-04        0.45
  19     -1661.290683936     -5.66e-08      5.62e-05        0.45
  20     -1661.290683942     -5.77e-09      2.37e-05        0.44
  21     -1661.290683943     -8.20e-10      9.12e-06        0.45

 SCF converged in 21 iterations.

 Dipole moment (in Debye):              -0.000009      -0.000009      -5.543383

 Quadrupole moment (in Debye-Angstrom):
                  1            2            3
 1       -28.436905    -1.032361     0.000011
 2        -1.032361   -28.575788     0.000010
 3         0.000011     0.000010   -26.404971

 Spin-squared expectation <S^2>:         6.046
 Total spin quantum number S:            2.009
 TOTAL ENERGY:                       -1661.290683944

 --------------------------------------------------------------------------------

 End time:                               Wed Jun  2 12:00:05 2021
 Total wall-clock time:                 16.156 seconds
==================================================================================
