
================================================================================
          _____________ ________ _______________ ________     _________         
         / ___________// ______ \\_____   _____// ______ \   / ________)        
        / /_________  / /      \ \     | |     / /      \ \ | (_______          
       |  __________|| |        | |    | |    | |        | | \________ \        
        \ \_________ | |        | |    | |     \ \______/ /___________) |       
         \__________||_|        |_|    |_|      \________//____________/        
                                                                                
====================================[ Qcore ]===================================

 Git hash:   15a3e7daff0cda5fa9af010ccd19a80288182ecf
 Git date:   Fri, 16 Apr 2021 15:57:16 +0100
 Compiler:   GNU 9.1.0
 Build type: Release
 Version:    1.1.0

 Start time: Wed Jun  2 12:00:45 2021

 Data directory: /work/zw18965/.local/qcore/share/entos/1.1.0/data
 Number of threads: 24
 Number of threads was determined by: command line argument

 --------------------------------------------------------------------------------
                                   command: dft                                  
 --------------------------------------------------------------------------------
 AO basis set:                           aug-cc-pvtz
 Number of AO basis functions:         143

 Formula:                                ClCo
 Nuclear charge:                        44.000000000
 Total charge:                           0.000000000
 Number of electrons:                   44.000000000

 Number of alpha electrons:             23
 Number of beta electrons:              21
 Number of unpaired electrons:           2
 Spin:                                   2
 Multiplicity:                           triplet

 Theory:                                 dft
 Exchange-correlation functional:        0.49 b88 + 0.4 lyp
 Method for Coulomb:                     incore_df
 Method for exact exchange:              pre_transformed_df
 Integral threshold:                     1.00e-12
 DF basis set:                           def2-tzvp-jkfit(spdfghi)
 Number of DF basis functions:         392
 Schwarz screening threshold:            1.00e-10
 Coulomb fitting method:                 Cholesky

 ------------------
  UW12 Correlation 
 ------------------
 Factor for UW12 correlation:            1.000000000
 Opposite spin scale factor:             0.520000000
 Same spin scale factor:                 0.000000000
 Calculate indirect contribution:        false
 Method for three electron term:         df_ri
 Auxiliary RI basis set:                 Def2-TZVP-RI
 Number of RI basis functions:         295
 Gaussians in geminal expansion:        10
 UW12 screening threshold:               1.00e-12
 Method for density-fitting:             w(r)
 Number of core spatial orbitals:       10

 Total number of grid points:        15430
 Method for AO orthogonalization:        symmetric
 Threshold for linear dependence:        1.00e-08
 D3BJ dispersion energy:                -0.004550734

 -------------------------------------
  Running unrestricted open-shell SCF 
 -------------------------------------
 Max number of iterations:             128
 Conv. threshold (gradient):             1.00e-05
 Conv. threshold (energy):               1.00e-06
 Interpolation scheme:                   adiis+cdiis
 Initial guess:                          H0

 ---------------------------------------------------------------
                  energy        change          grad        time
 ---------------------------------------------------------------
   0     -1666.168844243                    1.78e+01        4.70
   1     -1668.543396359     -2.37e+00      9.49e+00        0.49
   2     -1528.126497536      1.40e+02      1.74e+01        0.48
   3     -1817.711672841     -2.90e+02      8.70e+00        0.48
   4     -1816.224235579      1.49e+00      6.39e+00        0.49
   5     -1841.403917264     -2.52e+01      1.13e+00        0.48
   6     -1837.879082792      3.52e+00      2.82e+00        0.48
   7     -1842.217461078     -4.34e+00      7.58e-01        0.48
   8     -1841.994308363      2.23e-01      1.27e+00        0.47
   9     -1842.392281877     -3.98e-01      1.75e-01        0.48
  10     -1842.374693658      1.76e-02      3.31e-01        0.49
  11     -1842.403462170     -2.88e-02      7.07e-02        0.48
  12     -1842.403251973      2.10e-04      8.29e-02        0.49
  13     -1842.405488725     -2.24e-03      2.03e-02        0.48
  14     -1842.406261110     -7.72e-04      1.57e-02        0.47
  15     -1842.406824108     -5.63e-04      1.11e-02        0.47
  16     -1842.407117181     -2.93e-04      1.24e-02        0.47
  17     -1842.407029627      8.76e-05      1.12e-02        0.48
  18     -1842.406763492      2.66e-04      6.36e-03        0.48
  19     -1842.406726170      3.73e-05      3.11e-03        0.48
  20     -1842.406725340      8.30e-07      1.51e-03        0.46
  21     -1842.406725534     -1.94e-07      1.40e-04        0.45
  22     -1842.406725538     -4.08e-09      4.37e-05        0.45
  23     -1842.406725540     -1.67e-09      4.00e-05        0.46
  24     -1842.406725541     -9.89e-10      5.06e-06        0.46

 SCF converged in 24 iterations.

 Dipole moment (in Debye):              -0.000000      -0.000000      -4.547006

 Quadrupole moment (in Debye-Angstrom):
                  1            2            3
 1       -27.304016     0.000022     0.000001
 2         0.000022   -27.304030     0.000000
 3         0.000001     0.000000   -25.779369

 Spin-squared expectation <S^2>:         2.262
 Total spin quantum number S:            1.085
 TOTAL ENERGY:                       -1842.406725541

 --------------------------------------------------------------------------------

 End time:                               Wed Jun  2 12:01:03 2021
 Total wall-clock time:                 18.331 seconds
==================================================================================
