
================================================================================
          _____________ ________ _______________ ________     _________         
         / ___________// ______ \\_____   _____// ______ \   / ________)        
        / /_________  / /      \ \     | |     / /      \ \ | (_______          
       |  __________|| |        | |    | |    | |        | | \________ \        
        \ \_________ | |        | |    | |     \ \______/ /___________) |       
         \__________||_|        |_|    |_|      \________//____________/        
                                                                                
====================================[ Qcore ]===================================

 Git hash:   15a3e7daff0cda5fa9af010ccd19a80288182ecf
 Git date:   Fri, 16 Apr 2021 15:57:16 +0100
 Compiler:   GNU 9.1.0
 Build type: Release
 Version:    1.1.0

 Start time: Wed Jun  2 12:01:04 2021

 Data directory: /work/zw18965/.local/qcore/share/entos/1.1.0/data
 Number of threads: 24
 Number of threads was determined by: command line argument

 --------------------------------------------------------------------------------
                                   command: dft                                  
 --------------------------------------------------------------------------------
 AO basis set:                           aug-cc-pvtz
 Number of AO basis functions:         152

 Formula:                                CoBr
 Nuclear charge:                        62.000000000
 Total charge:                           0.000000000
 Number of electrons:                   62.000000000

 Number of alpha electrons:             32
 Number of beta electrons:              30
 Number of unpaired electrons:           2
 Spin:                                   2
 Multiplicity:                           triplet

 Theory:                                 dft
 Exchange-correlation functional:        0.49 b88 + 0.4 lyp
 Method for Coulomb:                     incore_df
 Method for exact exchange:              pre_transformed_df
 Integral threshold:                     1.00e-12
 DF basis set:                           def2-tzvp-jkfit(spdfghi)
 Number of DF basis functions:         530
 Schwarz screening threshold:            1.00e-10
 Coulomb fitting method:                 Cholesky

 ------------------
  UW12 Correlation 
 ------------------
 Factor for UW12 correlation:            1.000000000
 Opposite spin scale factor:             0.520000000
 Same spin scale factor:                 0.000000000
 Calculate indirect contribution:        false
 Method for three electron term:         df_ri
 Auxiliary RI basis set:                 Def2-TZVP-RI
 Number of RI basis functions:         341
 Gaussians in geminal expansion:        10
 UW12 screening threshold:               1.00e-12
 Method for density-fitting:             w(r)
 Number of core spatial orbitals:       14

 Total number of grid points:        16100
 Method for AO orthogonalization:        symmetric
 Threshold for linear dependence:        1.00e-08
 D3BJ dispersion energy:                -0.005987147

 -------------------------------------
  Running unrestricted open-shell SCF 
 -------------------------------------
 Max number of iterations:             128
 Conv. threshold (gradient):             1.00e-05
 Conv. threshold (energy):               1.00e-06
 Interpolation scheme:                   adiis+cdiis
 Initial guess:                          H0

 ---------------------------------------------------------------
                  energy        change          grad        time
 ---------------------------------------------------------------
   0     -3871.303389876                    1.03e+01        6.34
   1     -3809.859071405      6.14e+01      1.00e+01        0.97
   2     -3877.532143095     -6.77e+01      9.91e+00        0.96
   3     -3917.797007695     -4.03e+01      9.04e+00        0.96
   4     -3939.595169116     -2.18e+01      3.23e+00        0.96
   5     -3953.295676303     -1.37e+01      4.04e+00        0.97
   6     -3931.929834337      2.14e+01      5.96e+00        0.90
   7     -3955.169703040     -2.32e+01      2.33e+00        0.89
   8     -3955.910235396     -7.41e-01      1.50e+00        0.90
   9     -3956.027210395     -1.17e-01      1.09e+00        0.90
  10     -3956.224030507     -1.97e-01      2.03e-01        0.90
  11     -3956.209861814      1.42e-02      3.58e-01        0.91
  12     -3956.240155331     -3.03e-02      1.02e-01        0.92
  13     -3956.242590579     -2.44e-03      1.37e-01        0.91
  14     -3956.236436329      6.15e-03      2.75e-01        0.90
  15     -3956.251120045     -1.47e-02      5.41e-02        0.90
  16     -3956.254174397     -3.05e-03      7.10e-02        0.89
  17     -3956.262525061     -8.35e-03      3.75e-02        0.90
  18     -3956.265845874     -3.32e-03      3.01e-02        0.89
  19     -3956.268354713     -2.51e-03      5.34e-02        0.91
  20     -3956.268664835     -3.10e-04      2.29e-02        0.89
  21     -3956.268822310     -1.57e-04      6.27e-03        0.89
  22     -3956.268852658     -3.03e-05      4.53e-03        0.89
  23     -3956.268859066     -6.41e-06      3.43e-03        0.89
  24     -3956.268863790     -4.72e-06      1.25e-03        0.90
  25     -3956.268864923     -1.13e-06      6.06e-04        0.89
  26     -3956.268865837     -9.13e-07      3.64e-04        0.89
  27     -3956.268865903     -6.65e-08      1.15e-04        0.91
  28     -3956.268866001     -9.76e-08      7.74e-05        0.89
  29     -3956.268865975      2.59e-08      1.55e-05        0.90
  30     -3956.268865985     -9.92e-09      4.05e-06        0.89

 SCF converged in 30 iterations.

 Dipole moment (in Debye):              -0.000000      -0.000000      -5.094068

 Quadrupole moment (in Debye-Angstrom):
                  1            2            3
 1       -32.615982    -0.297354     0.000001
 2        -0.297354   -32.613440     0.000001
 3         0.000001     0.000001   -25.024457

 Spin-squared expectation <S^2>:         2.025
 Total spin quantum number S:            1.008
 TOTAL ENERGY:                       -3956.268865984

 --------------------------------------------------------------------------------

 End time:                               Wed Jun  2 12:01:40 2021
 Total wall-clock time:                 36.775 seconds
==================================================================================
