
================================================================================
          _____________ ________ _______________ ________     _________         
         / ___________// ______ \\_____   _____// ______ \   / ________)        
        / /_________  / /      \ \     | |     / /      \ \ | (_______          
       |  __________|| |        | |    | |    | |        | | \________ \        
        \ \_________ | |        | |    | |     \ \______/ /___________) |       
         \__________||_|        |_|    |_|      \________//____________/        
                                                                                
====================================[ Qcore ]===================================

 Git hash:   15a3e7daff0cda5fa9af010ccd19a80288182ecf
 Git date:   Fri, 16 Apr 2021 15:57:16 +0100
 Compiler:   GNU 9.1.0
 Build type: Release
 Version:    1.1.0

 Start time: Wed Jun  2 12:01:54 2021

 Data directory: /work/zw18965/.local/qcore/share/entos/1.1.0/data
 Number of threads: 24
 Number of threads was determined by: command line argument

 --------------------------------------------------------------------------------
                                   command: dft                                  
 --------------------------------------------------------------------------------
 AO basis set:                           aug-cc-pvtz
 Number of AO basis functions:         143

 Formula:                                SCo
 Nuclear charge:                        43.000000000
 Total charge:                           0.000000000
 Number of electrons:                   43.000000000

 Number of alpha electrons:             23
 Number of beta electrons:              20
 Number of unpaired electrons:           3
 Spin:                                   3
 Multiplicity:                           quartet

 Theory:                                 dft
 Exchange-correlation functional:        0.49 b88 + 0.4 lyp
 Method for Coulomb:                     incore_df
 Method for exact exchange:              pre_transformed_df
 Integral threshold:                     1.00e-12
 DF basis set:                           def2-tzvp-jkfit(spdfghi)
 Number of DF basis functions:         392
 Schwarz screening threshold:            1.00e-10
 Coulomb fitting method:                 Cholesky

 ------------------
  UW12 Correlation 
 ------------------
 Factor for UW12 correlation:            1.000000000
 Opposite spin scale factor:             0.520000000
 Same spin scale factor:                 0.000000000
 Calculate indirect contribution:        false
 Method for three electron term:         df_ri
 Auxiliary RI basis set:                 Def2-TZVP-RI
 Number of RI basis functions:         295
 Gaussians in geminal expansion:        10
 UW12 screening threshold:               1.00e-12
 Method for density-fitting:             w(r)
 Number of core spatial orbitals:       10

 Total number of grid points:        15286
 Method for AO orthogonalization:        symmetric
 Threshold for linear dependence:        1.00e-08
 D3BJ dispersion energy:                -0.005742287

 -------------------------------------
  Running unrestricted open-shell SCF 
 -------------------------------------
 Max number of iterations:             128
 Conv. threshold (gradient):             1.00e-05
 Conv. threshold (energy):               1.00e-06
 Interpolation scheme:                   adiis+cdiis
 Initial guess:                          H0

 ---------------------------------------------------------------
                  energy        change          grad        time
 ---------------------------------------------------------------
   0     -1626.892310210                    1.94e+01        4.66
   1     -1622.963781396      3.93e+00      8.49e+00        0.48
   2     -1507.788216151      1.15e+02      1.78e+01        0.47
   3     -1761.003487886     -2.53e+02      7.28e+00        0.47
   4     -1755.470386440      5.53e+00      6.69e+00        0.49
   5     -1779.579253491     -2.41e+01      1.12e+00        0.47
   6     -1773.224711178      6.35e+00      4.53e+00        0.46
   7     -1779.982755206     -6.76e+00      6.81e-01        0.48
   8     -1778.208221045      1.77e+00      3.18e+00        0.49
   9     -1780.280731378     -2.07e+00      2.86e-01        0.47
  10     -1780.245903456      3.48e-02      4.39e-01        0.48
  11     -1780.321722786     -7.58e-02      1.57e-01        0.47
  12     -1780.306131275      1.56e-02      2.87e-01        0.49
  13     -1780.327650738     -2.15e-02      5.96e-02        0.51
  14     -1780.327915019     -2.64e-04      4.92e-02        0.49
  15     -1780.328731673     -8.17e-04      3.54e-03        0.48
  16     -1780.328742434     -1.08e-05      2.54e-03        0.47
  17     -1780.328746653     -4.22e-06      4.88e-04        0.47
  18     -1780.328747028     -3.75e-07      4.70e-04        0.47
  19     -1780.328747221     -1.93e-07      6.07e-04        0.47
  20     -1780.328747027      1.93e-07      4.52e-04        0.48
  21     -1780.328746894      1.33e-07      1.76e-04        0.48
  22     -1780.328746975     -8.04e-08      2.50e-04        0.47
  23     -1780.328746948      2.64e-08      2.19e-04        0.48
  24     -1780.328746878      7.05e-08      6.76e-05        0.47
  25     -1780.328746874      3.86e-09      1.69e-05        0.47
  26     -1780.328746876     -2.06e-09      9.08e-06        0.47

 SCF converged in 26 iterations.

 Dipole moment (in Debye):               0.000133       0.000133      -5.791965

 Quadrupole moment (in Debye-Angstrom):
                  1            2            3
 1       -29.048409     0.000000    -0.000176
 2         0.000000   -29.048409    -0.000175
 3        -0.000176    -0.000175   -26.209615

 Spin-squared expectation <S^2>:         3.788
 Total spin quantum number S:            1.510
 TOTAL ENERGY:                       -1780.328746875

 --------------------------------------------------------------------------------

 End time:                               Wed Jun  2 12:02:13 2021
 Total wall-clock time:                 19.267 seconds
==================================================================================
