
================================================================================
          _____________ ________ _______________ ________     _________         
         / ___________// ______ \\_____   _____// ______ \   / ________)        
        / /_________  / /      \ \     | |     / /      \ \ | (_______          
       |  __________|| |        | |    | |    | |        | | \________ \        
        \ \_________ | |        | |    | |     \ \______/ /___________) |       
         \__________||_|        |_|    |_|      \________//____________/        
                                                                                
====================================[ Qcore ]===================================

 Git hash:   15a3e7daff0cda5fa9af010ccd19a80288182ecf
 Git date:   Fri, 16 Apr 2021 15:57:16 +0100
 Compiler:   GNU 9.1.0
 Build type: Release
 Version:    1.1.0

 Start time: Wed Jun  2 12:02:22 2021

 Data directory: /work/zw18965/.local/qcore/share/entos/1.1.0/data
 Number of threads: 24
 Number of threads was determined by: command line argument

 --------------------------------------------------------------------------------
                                   command: dft                                  
 --------------------------------------------------------------------------------
 AO basis set:                           aug-cc-pvtz
 Number of AO basis functions:         139

 Formula:                                FNi
 Nuclear charge:                        37.000000000
 Total charge:                           0.000000000
 Number of electrons:                   37.000000000

 Number of alpha electrons:             19
 Number of beta electrons:              18
 Number of unpaired electrons:           1
 Spin:                                   1
 Multiplicity:                           doublet

 Theory:                                 dft
 Exchange-correlation functional:        0.49 b88 + 0.4 lyp
 Method for Coulomb:                     incore_df
 Method for exact exchange:              pre_transformed_df
 Integral threshold:                     1.00e-12
 DF basis set:                           def2-tzvp-jkfit(spdfghi)
 Number of DF basis functions:         341
 Schwarz screening threshold:            1.00e-10
 Coulomb fitting method:                 Cholesky

 ------------------
  UW12 Correlation 
 ------------------
 Factor for UW12 correlation:            1.000000000
 Opposite spin scale factor:             0.520000000
 Same spin scale factor:                 0.000000000
 Calculate indirect contribution:        false
 Method for three electron term:         df_ri
 Auxiliary RI basis set:                 Def2-TZVP-RI
 Number of RI basis functions:         258
 Gaussians in geminal expansion:        10
 UW12 screening threshold:               1.00e-12
 Method for density-fitting:             w(r)
 Number of core spatial orbitals:        6

 Total number of grid points:        14748
 Method for AO orthogonalization:        symmetric
 Threshold for linear dependence:        1.00e-08
 D3BJ dispersion energy:                -0.001237136

 -------------------------------------
  Running unrestricted open-shell SCF 
 -------------------------------------
 Max number of iterations:             128
 Conv. threshold (gradient):             1.00e-05
 Conv. threshold (energy):               1.00e-06
 Interpolation scheme:                   adiis+cdiis
 Initial guess:                          H0

 ---------------------------------------------------------------
                  energy        change          grad        time
 ---------------------------------------------------------------
   0     -1398.739514766                    1.63e+01        4.14
   1     -1404.797272818     -6.06e+00      1.08e+01        0.36
   2     -1507.512365222     -1.03e+02      1.47e+01        0.34
   3     -1596.746942209     -8.92e+01      6.44e+00        0.33
   4     -1596.679228922      6.77e-02      4.57e+00        0.32
   5     -1607.721392939     -1.10e+01      9.02e-01        0.32
   6     -1607.556697757      1.65e-01      1.28e+00        0.32
   7     -1607.869712800     -3.13e-01      2.96e-01        0.35
   8     -1607.833955785      3.58e-02      4.90e-01        0.35
   9     -1607.882489394     -4.85e-02      1.03e-01        0.34
  10     -1607.878194871      4.29e-03      1.66e-01        0.35
  11     -1607.884100512     -5.91e-03      3.50e-02        0.35
  12     -1607.883589316      5.11e-04      6.17e-02        0.36
  13     -1607.884464989     -8.76e-04      5.92e-03        0.34
  14     -1607.884554344     -8.94e-05      4.64e-03        0.33
  15     -1607.884620554     -6.62e-05      2.07e-03        0.35
  16     -1607.884629214     -8.66e-06      9.48e-04        0.33
  17     -1607.884629897     -6.83e-07      5.04e-04        0.35
  18     -1607.884630005     -1.08e-07      1.59e-04        0.34
  19     -1607.884630022     -1.67e-08      3.97e-05        0.33
  20     -1607.884630023     -1.45e-09      2.26e-05        0.34
  21     -1607.884630024     -6.66e-10      1.46e-05        0.33
  22     -1607.884630024      8.41e-12      7.41e-06        0.33

 SCF converged in 22 iterations.

 Dipole moment (in Debye):              -0.000000      -0.000000      -5.163888

 Quadrupole moment (in Debye-Angstrom):
                  1            2            3
 1       -17.569498    -0.553689    -0.000000
 2        -0.553689   -17.573466    -0.000000
 3        -0.000000    -0.000000   -19.172225

 Spin-squared expectation <S^2>:         0.791
 Total spin quantum number S:            0.520
 TOTAL ENERGY:                       -1607.884630024

 --------------------------------------------------------------------------------

 End time:                               Wed Jun  2 12:02:36 2021
 Total wall-clock time:                 13.710 seconds
==================================================================================
