
================================================================================
          _____________ ________ _______________ ________     _________         
         / ___________// ______ \\_____   _____// ______ \   / ________)        
        / /_________  / /      \ \     | |     / /      \ \ | (_______          
       |  __________|| |        | |    | |    | |        | | \________ \        
        \ \_________ | |        | |    | |     \ \______/ /___________) |       
         \__________||_|        |_|    |_|      \________//____________/        
                                                                                
====================================[ Qcore ]===================================

 Git hash:   15a3e7daff0cda5fa9af010ccd19a80288182ecf
 Git date:   Fri, 16 Apr 2021 15:57:16 +0100
 Compiler:   GNU 9.1.0
 Build type: Release
 Version:    1.1.0

 Start time: Wed Jun  2 13:09:50 2021

 Data directory: /work/zw18965/.local/qcore/share/entos/1.1.0/data
 Number of threads: 24
 Number of threads was determined by: number of physical cores

 --------------------------------------------------------------------------------
                                   command: dft                                  
 --------------------------------------------------------------------------------
 AO basis set:                           aug-cc-pvtz
 Number of AO basis functions:         143

 Formula:                                ClNi
 Nuclear charge:                        45.000000000
 Total charge:                           0.000000000
 Number of electrons:                   45.000000000

 Number of alpha electrons:             23
 Number of beta electrons:              22
 Number of unpaired electrons:           1
 Spin:                                   1
 Multiplicity:                           doublet

 Theory:                                 dft
 Exchange-correlation functional:        blyp
 Method for Coulomb:                     incore_df
 Integral threshold:                     1.00e-12
 DF basis set:                           def2-tzvp-jkfit(spdfghi)
 Number of DF basis functions:         392
 Schwarz screening threshold:            1.00e-10
 Coulomb fitting method:                 Cholesky
 Total number of grid points:        15430
 Method for AO orthogonalization:        symmetric
 Threshold for linear dependence:        1.00e-08

 -------------------------------------
  Running unrestricted open-shell SCF 
 -------------------------------------
 Max number of iterations:             128
 Conv. threshold (gradient):             1.00e-05
 Conv. threshold (energy):               1.00e-06
 Interpolation scheme:                   adiis+cdiis
 Initial guess:                          H0

 ---------------------------------------------------------------
                  energy        change          grad        time
 ---------------------------------------------------------------
   0     -1763.810879332                    1.84e+01        0.03
   1     -1757.507750733      6.30e+00      9.87e+00        0.03
   2     -1635.347718371      1.22e+02      1.73e+01        0.03
   3     -1945.120097409     -3.10e+02      7.82e+00        0.03
   4     -1932.307353361      1.28e+01      6.71e+00        0.03
   5     -1967.098959731     -3.48e+01      1.52e+00        0.03
   6     -1953.371996261      1.37e+01      5.45e+00        0.03
   7     -1967.898580980     -1.45e+01      1.35e+00        0.03
   8     -1968.573673564     -6.75e-01      6.16e-01        0.03
   9     -1968.063044969      5.11e-01      2.03e+00        0.04
  10     -1967.999887523      6.32e-02      1.52e+00        0.04
  11     -1968.679752248     -6.80e-01      2.31e-01        0.04
  12     -1968.602775684      7.70e-02      7.15e-01        0.04
  13     -1968.686746515     -8.40e-02      2.16e-01        0.04
  14     -1968.675509751      1.12e-02      4.52e-01        0.04
  15     -1968.700715334     -2.52e-02      1.54e-01        0.04
  16     -1968.690254761      1.05e-02      2.66e-01        0.04
  17     -1968.695273735     -5.02e-03      1.58e-01        0.04
  18     -1968.701944280     -6.67e-03      1.43e-01        0.04
  19     -1968.704171136     -2.23e-03      7.67e-02        0.05
  20     -1968.704208169     -3.70e-05      8.52e-02        0.04
  21     -1968.705253758     -1.05e-03      2.86e-02        0.03
  22     -1968.705412610     -1.59e-04      6.69e-03        0.03
  23     -1968.705422383     -9.77e-06      2.29e-03        0.02
  24     -1968.705423401     -1.02e-06      2.73e-04        0.02
  25     -1968.705423409     -7.53e-09      2.17e-04        0.03
  26     -1968.705423414     -5.00e-09      1.08e-04        0.03
  27     -1968.705423416     -2.17e-09      1.71e-05        0.02
  28     -1968.705423416     -1.14e-10      7.49e-06        0.03

 SCF converged in 28 iterations.

 Dipole moment (in Debye):              -0.000002       0.000002      -4.018004

 Quadrupole moment (in Debye-Angstrom):
                  1            2            3
 1       -27.010566    -0.679230     0.000002
 2        -0.679230   -27.011887    -0.000002
 3         0.000002    -0.000002   -23.455324

 Spin-squared expectation <S^2>:         0.775
 Total spin quantum number S:            0.512
 TOTAL ENERGY:                       -1968.705423416
 Saving results in set 'guess'

 --------------------------------------------------------------------------------
                                   command: dft                                  
 --------------------------------------------------------------------------------
 AO basis set:                           aug-cc-pvtz
 Number of AO basis functions:         143

 Formula:                                ClNi
 Nuclear charge:                        45.000000000
 Total charge:                           0.000000000
 Number of electrons:                   45.000000000

 Number of alpha electrons:             23
 Number of beta electrons:              22
 Number of unpaired electrons:           1
 Spin:                                   1
 Multiplicity:                           doublet

 Theory:                                 dft
 Exchange-correlation functional:        0.49 b88 + 0.4 lyp
 Method for Coulomb:                     incore_df
 Method for exact exchange:              pre_transformed_df
 Integral threshold:                     1.00e-12
 DF basis set:                           def2-tzvp-jkfit(spdfghi)
 Number of DF basis functions:         392
 Schwarz screening threshold:            1.00e-10
 Coulomb fitting method:                 Cholesky

 ------------------
  UW12 Correlation 
 ------------------
 Factor for UW12 correlation:            1.000000000
 Opposite spin scale factor:             0.520000000
 Same spin scale factor:                 0.000000000
 Calculate indirect contribution:        false
 Method for three electron term:         df_ri
 Auxiliary RI basis set:                 Def2-TZVP-RI
 Number of RI basis functions:         295
 Gaussians in geminal expansion:        10
 UW12 screening threshold:               1.00e-12
 Method for density-fitting:             w(r)
 Number of core spatial orbitals:       10

 Total number of grid points:        15430
 Method for AO orthogonalization:        symmetric
 Threshold for linear dependence:        1.00e-08
 D3BJ dispersion energy:                -0.004675297

 -------------------------------------
  Running unrestricted open-shell SCF 
 -------------------------------------
 Max number of iterations:             128
 Conv. threshold (gradient):             1.00e-05
 Conv. threshold (energy):               1.00e-06
 Interpolation scheme:                   adiis+cdiis

 ---------------------------------------------------------------
                  energy        change          grad        time
 ---------------------------------------------------------------
   0     -1968.014380161                    2.82e-01        4.62
   1     -1968.022397616     -8.02e-03      1.41e-01        0.51
   2     -1968.004908439      1.75e-02      3.09e-01        0.49
   3     -1968.025395039     -2.05e-02      7.77e-02        0.50
   4     -1968.025563668     -1.69e-04      8.01e-02        0.49
   5     -1968.026957074     -1.39e-03      9.30e-03        0.50
   6     -1968.027019625     -6.26e-05      3.46e-03        0.48
   7     -1968.027031782     -1.22e-05      1.78e-03        0.47
   8     -1968.027035383     -3.60e-06      1.24e-03        0.46
   9     -1968.027037045     -1.66e-06      7.21e-04        0.44
  10     -1968.027037960     -9.15e-07      2.51e-04        0.45
  11     -1968.027038076     -1.16e-07      1.33e-04        0.44
  12     -1968.027038098     -2.19e-08      6.59e-05        0.44
  13     -1968.027038104     -5.99e-09      1.80e-05        0.45
  14     -1968.027038105     -9.85e-10      7.48e-06        0.48

 SCF converged in 14 iterations.

 Dipole moment (in Debye):               0.000001      -0.000000      -5.193562

 Quadrupole moment (in Debye-Angstrom):
                  1            2            3
 1       -26.156515    -0.513673    -0.000002
 2        -0.513673   -26.157512     0.000002
 3        -0.000002     0.000002   -23.396436

 Spin-squared expectation <S^2>:         0.761
 Total spin quantum number S:            0.506
 TOTAL ENERGY:                       -1968.027038104

 --------------------------------------------------------------------------------

 End time:                               Wed Jun  2 13:10:05 2021
 Total wall-clock time:                 15.917 seconds
==================================================================================
