
================================================================================
          _____________ ________ _______________ ________     _________         
         / ___________// ______ \\_____   _____// ______ \   / ________)        
        / /_________  / /      \ \     | |     / /      \ \ | (_______          
       |  __________|| |        | |    | |    | |        | | \________ \        
        \ \_________ | |        | |    | |     \ \______/ /___________) |       
         \__________||_|        |_|    |_|      \________//____________/        
                                                                                
====================================[ Qcore ]===================================

 Git hash:   15a3e7daff0cda5fa9af010ccd19a80288182ecf
 Git date:   Fri, 16 Apr 2021 15:57:16 +0100
 Compiler:   GNU 9.1.0
 Build type: Release
 Version:    1.1.0

 Start time: Wed Jun  2 12:05:46 2021

 Data directory: /work/zw18965/.local/qcore/share/entos/1.1.0/data
 Number of threads: 24
 Number of threads was determined by: command line argument

 --------------------------------------------------------------------------------
                                   command: dft                                  
 --------------------------------------------------------------------------------
 AO basis set:                           aug-cc-pvtz
 Number of AO basis functions:         143

 Formula:                                ClCu
 Nuclear charge:                        46.000000000
 Total charge:                           0.000000000
 Number of electrons:                   46.000000000

 Number of alpha electrons:             23
 Number of beta electrons:              23
 Number of unpaired electrons:           0
 Spin:                                   0
 Multiplicity:                           singlet

 Theory:                                 dft
 Exchange-correlation functional:        0.49 b88 + 0.4 lyp
 Method for Coulomb:                     incore_df
 Method for exact exchange:              pre_transformed_df
 Integral threshold:                     1.00e-12
 DF basis set:                           def2-tzvp-jkfit(spdfghi)
 Number of DF basis functions:         392
 Schwarz screening threshold:            1.00e-10
 Coulomb fitting method:                 Cholesky

 ------------------
  UW12 Correlation 
 ------------------
 Factor for UW12 correlation:            1.000000000
 Opposite spin scale factor:             0.520000000
 Same spin scale factor:                 0.000000000
 Calculate indirect contribution:        false
 Method for three electron term:         df_ri
 Auxiliary RI basis set:                 Def2-TZVP-RI
 Number of RI basis functions:         295
 Gaussians in geminal expansion:        10
 UW12 screening threshold:               1.00e-12
 Method for density-fitting:             w(r)
 Number of core spatial orbitals:       10

 Total number of grid points:        15430
 Method for AO orthogonalization:        symmetric
 Threshold for linear dependence:        1.00e-08
 D3BJ dispersion energy:                -0.004066198

 -------------------------------------
  Running restricted closed-shell SCF 
 -------------------------------------
 Max number of iterations:             128
 Conv. threshold (gradient):             1.00e-05
 Conv. threshold (energy):               1.00e-06
 Interpolation scheme:                   adiis+cdiis
 Initial guess:                          H0

 ---------------------------------------------------------------
                  energy        change          grad        time
 ---------------------------------------------------------------
   0     -1858.239539160                    4.11e+01        4.26
   1     -1875.223024984     -1.70e+01      1.97e+01        0.24
   2     -1748.333427577      1.27e+02      4.31e+01        0.24
   3     -2076.894047595     -3.29e+02      1.74e+01        0.24
   4     -2052.780801899      2.41e+01      1.42e+01        0.24
   5     -2099.206609827     -4.64e+01      2.19e+00        0.24
   6     -2064.791404584      3.44e+01      1.24e+01        0.25
   7     -2098.595993915     -3.38e+01      3.31e+00        0.24
   8     -2100.222645732     -1.63e+00      9.10e-01        0.24
   9     -2100.105555372      1.17e-01      1.53e+00        0.24
  10     -2100.262741732     -1.57e-01      3.34e-01        0.24
  11     -2100.259058067      3.68e-03      4.07e-01        0.23
  12     -2100.269612624     -1.06e-02      2.85e-02        0.24
  13     -2100.269633297     -2.07e-05      2.93e-02        0.24
  14     -2100.269724979     -9.17e-05      2.75e-03        0.23
  15     -2100.269726294     -1.32e-06      9.62e-04        0.23
  16     -2100.269726557     -2.62e-07      3.47e-04        0.23
  17     -2100.269726586     -2.87e-08      7.42e-05        0.23
  18     -2100.269726587     -1.45e-09      7.29e-06        0.24

 SCF converged in 18 iterations.

 Dipole moment (in Debye):              -0.000000      -0.000000      -5.161621

 Quadrupole moment (in Debye-Angstrom):
                  1            2            3
 1       -25.660065     0.000000     0.000000
 2         0.000000   -25.660065     0.000000
 3         0.000000     0.000000   -23.683532

 Spin-squared expectation <S^2>:         0.000
 Total spin quantum number S:            0.000
 TOTAL ENERGY:                       -2100.269726586

 --------------------------------------------------------------------------------

 End time:                               Wed Jun  2 12:05:57 2021
 Total wall-clock time:                 10.427 seconds
==================================================================================
