
================================================================================
          _____________ ________ _______________ ________     _________         
         / ___________// ______ \\_____   _____// ______ \   / ________)        
        / /_________  / /      \ \     | |     / /      \ \ | (_______          
       |  __________|| |        | |    | |    | |        | | \________ \        
        \ \_________ | |        | |    | |     \ \______/ /___________) |       
         \__________||_|        |_|    |_|      \________//____________/        
                                                                                
====================================[ Qcore ]===================================

 Git hash:   15a3e7daff0cda5fa9af010ccd19a80288182ecf
 Git date:   Fri, 16 Apr 2021 15:57:16 +0100
 Compiler:   GNU 9.1.0
 Build type: Release
 Version:    1.1.0

 Start time: Wed Jun  2 12:06:44 2021

 Data directory: /work/zw18965/.local/qcore/share/entos/1.1.0/data
 Number of threads: 24
 Number of threads was determined by: command line argument

 --------------------------------------------------------------------------------
                                   command: dft                                  
 --------------------------------------------------------------------------------
 AO basis set:                           aug-cc-pvtz
 Number of AO basis functions:         116

 Formula:                                HZn
 Nuclear charge:                        31.000000000
 Total charge:                           0.000000000
 Number of electrons:                   31.000000000

 Number of alpha electrons:             16
 Number of beta electrons:              15
 Number of unpaired electrons:           1
 Spin:                                   1
 Multiplicity:                           doublet

 Theory:                                 dft
 Exchange-correlation functional:        0.49 b88 + 0.4 lyp
 Method for Coulomb:                     incore_df
 Method for exact exchange:              pre_transformed_df
 Integral threshold:                     1.00e-12
 DF basis set:                           def2-tzvp-jkfit(spdfghi)
 Number of DF basis functions:         282
 Schwarz screening threshold:            1.00e-10
 Coulomb fitting method:                 Cholesky

 ------------------
  UW12 Correlation 
 ------------------
 Factor for UW12 correlation:            1.000000000
 Opposite spin scale factor:             0.520000000
 Same spin scale factor:                 0.000000000
 Calculate indirect contribution:        false
 Method for three electron term:         df_ri
 Auxiliary RI basis set:                 Def2-TZVP-RI
 Number of RI basis functions:         200
 Gaussians in geminal expansion:        10
 UW12 screening threshold:               1.00e-12
 Method for density-fitting:             w(r)
 Number of core spatial orbitals:        5

 Total number of grid points:        13826
 Method for AO orthogonalization:        symmetric
 Threshold for linear dependence:        1.00e-08
 D3BJ dispersion energy:                -0.001008529

 -------------------------------------
  Running unrestricted open-shell SCF 
 -------------------------------------
 Max number of iterations:             128
 Conv. threshold (gradient):             1.00e-05
 Conv. threshold (energy):               1.00e-06
 Interpolation scheme:                   adiis+cdiis
 Initial guess:                          H0

 ---------------------------------------------------------------
                  energy        change          grad        time
 ---------------------------------------------------------------
   0     -1642.042179736                    1.21e+01        3.53
   1     -1592.391965256      4.97e+01      1.07e+01        0.24
   2     -1727.770709768     -1.35e+02      1.14e+01        0.19
   3     -1772.571418243     -4.48e+01      5.24e+00        0.17
   4     -1772.340589960      2.31e-01      4.43e+00        0.18
   5     -1779.740739115     -7.40e+00      1.46e-01        0.17
   6     -1779.746345938     -5.61e-03      5.05e-02        0.18
   7     -1779.746984799     -6.39e-04      2.43e-02        0.18
   8     -1779.747128906     -1.44e-04      7.66e-03        0.17
   9     -1779.747176464     -4.76e-05      2.85e-03        0.18
  10     -1779.747185920     -9.46e-06      1.30e-03        0.17
  11     -1779.747187707     -1.79e-06      4.18e-04        0.17
  12     -1779.747187825     -1.18e-07      1.05e-04        0.17
  13     -1779.747187823      1.94e-09      1.74e-05        0.17
  14     -1779.747187824     -1.73e-09      2.55e-06        0.17

 SCF converged in 14 iterations.

 Dipole moment (in Debye):               0.000000       0.000000      -0.585035

 Quadrupole moment (in Debye-Angstrom):
                  1            2            3
 1       -15.018230     0.000000    -0.000000
 2         0.000000   -15.018230    -0.000000
 3        -0.000000    -0.000000   -19.541100

 Spin-squared expectation <S^2>:         0.759
 Total spin quantum number S:            0.504
 TOTAL ENERGY:                       -1779.747187824

 --------------------------------------------------------------------------------

 End time:                               Wed Jun  2 12:06:51 2021
 Total wall-clock time:                  7.909 seconds
==================================================================================
