
================================================================================
          _____________ ________ _______________ ________     _________         
         / ___________// ______ \\_____   _____// ______ \   / ________)        
        / /_________  / /      \ \     | |     / /      \ \ | (_______          
       |  __________|| |        | |    | |    | |        | | \________ \        
        \ \_________ | |        | |    | |     \ \______/ /___________) |       
         \__________||_|        |_|    |_|      \________//____________/        
                                                                                
====================================[ Qcore ]===================================

 Git hash:   15a3e7daff0cda5fa9af010ccd19a80288182ecf
 Git date:   Fri, 16 Apr 2021 15:57:16 +0100
 Compiler:   GNU 9.1.0
 Build type: Release
 Version:    1.1.0

 Start time: Wed Jun  2 12:07:04 2021

 Data directory: /work/zw18965/.local/qcore/share/entos/1.1.0/data
 Number of threads: 24
 Number of threads was determined by: command line argument

 --------------------------------------------------------------------------------
                                   command: dft                                  
 --------------------------------------------------------------------------------
 AO basis set:                           aug-cc-pvtz
 Number of AO basis functions:         143

 Formula:                                ClZn
 Nuclear charge:                        47.000000000
 Total charge:                           0.000000000
 Number of electrons:                   47.000000000

 Number of alpha electrons:             24
 Number of beta electrons:              23
 Number of unpaired electrons:           1
 Spin:                                   1
 Multiplicity:                           doublet

 Theory:                                 dft
 Exchange-correlation functional:        0.49 b88 + 0.4 lyp
 Method for Coulomb:                     incore_df
 Method for exact exchange:              pre_transformed_df
 Integral threshold:                     1.00e-12
 DF basis set:                           def2-tzvp-jkfit(spdfghi)
 Number of DF basis functions:         392
 Schwarz screening threshold:            1.00e-10
 Coulomb fitting method:                 Cholesky

 ------------------
  UW12 Correlation 
 ------------------
 Factor for UW12 correlation:            1.000000000
 Opposite spin scale factor:             0.520000000
 Same spin scale factor:                 0.000000000
 Calculate indirect contribution:        false
 Method for three electron term:         df_ri
 Auxiliary RI basis set:                 Def2-TZVP-RI
 Number of RI basis functions:         298
 Gaussians in geminal expansion:        10
 UW12 screening threshold:               1.00e-12
 Method for density-fitting:             w(r)
 Number of core spatial orbitals:       10

 Total number of grid points:        15430
 Method for AO orthogonalization:        symmetric
 Threshold for linear dependence:        1.00e-08
 D3BJ dispersion energy:                -0.004381296

 -------------------------------------
  Running unrestricted open-shell SCF 
 -------------------------------------
 Max number of iterations:             128
 Conv. threshold (gradient):             1.00e-05
 Conv. threshold (energy):               1.00e-06
 Interpolation scheme:                   adiis+cdiis
 Initial guess:                          H0

 ---------------------------------------------------------------
                  energy        change          grad        time
 ---------------------------------------------------------------
   0     -1957.767015594                    2.17e+01        5.06
   1     -1981.925162499     -2.42e+01      1.06e+01        0.51
   2     -1867.463829730      1.14e+02      2.37e+01        0.53
   3     -2217.866825762     -3.50e+02      7.94e+00        0.51
   4     -2175.606554694      4.23e+01      6.95e+00        0.50
   5     -2238.505960231     -6.29e+01      1.03e+00        0.51
   6     -2237.905733797      6.00e-01      1.23e+00        0.51
   7     -2239.127827184     -1.22e+00      1.50e-01        0.51
   8     -2239.133268932     -5.44e-03      1.18e-01        0.51
   9     -2239.136910367     -3.64e-03      4.54e-02        0.51
  10     -2239.137450107     -5.40e-04      2.99e-02        0.50
  11     -2239.138020612     -5.71e-04      5.04e-03        0.48
  12     -2239.138030473     -9.86e-06      1.18e-03        0.48
  13     -2239.138031116     -6.43e-07      2.39e-04        0.47
  14     -2239.138031173     -5.77e-08      1.34e-04        0.47
  15     -2239.138031181     -7.52e-09      2.52e-05        0.48
  16     -2239.138031182     -1.26e-09      6.73e-06        0.49

 SCF converged in 16 iterations.

 Dipole moment (in Debye):              -0.000000      -0.000000      -2.961721

 Quadrupole moment (in Debye-Angstrom):
                  1            2            3
 1       -26.494217    -0.000000     0.000000
 2        -0.000000   -26.494217     0.000000
 3         0.000000     0.000000   -29.786561

 Spin-squared expectation <S^2>:         0.753
 Total spin quantum number S:            0.501
 TOTAL ENERGY:                       -2239.138031182

 --------------------------------------------------------------------------------

 End time:                               Wed Jun  2 12:07:20 2021
 Total wall-clock time:                 15.306 seconds
==================================================================================
