
================================================================================
          _____________ ________ _______________ ________     _________         
         / ___________// ______ \\_____   _____// ______ \   / ________)        
        / /_________  / /      \ \     | |     / /      \ \ | (_______          
       |  __________|| |        | |    | |    | |        | | \________ \        
        \ \_________ | |        | |    | |     \ \______/ /___________) |       
         \__________||_|        |_|    |_|      \________//____________/        
                                                                                
====================================[ Qcore ]===================================

 Git hash:   15a3e7daff0cda5fa9af010ccd19a80288182ecf
 Git date:   Fri, 16 Apr 2021 15:57:16 +0100
 Compiler:   GNU 9.1.0
 Build type: Release
 Version:    1.1.0

 Start time: Wed Jun  2 12:07:20 2021

 Data directory: /work/zw18965/.local/qcore/share/entos/1.1.0/data
 Number of threads: 24
 Number of threads was determined by: command line argument

 --------------------------------------------------------------------------------
                                   command: dft                                  
 --------------------------------------------------------------------------------
 AO basis set:                           aug-cc-pvtz
 Number of AO basis functions:         152

 Formula:                                ZnBr
 Nuclear charge:                        65.000000000
 Total charge:                           0.000000000
 Number of electrons:                   65.000000000

 Number of alpha electrons:             33
 Number of beta electrons:              32
 Number of unpaired electrons:           1
 Spin:                                   1
 Multiplicity:                           doublet

 Theory:                                 dft
 Exchange-correlation functional:        0.49 b88 + 0.4 lyp
 Method for Coulomb:                     incore_df
 Method for exact exchange:              pre_transformed_df
 Integral threshold:                     1.00e-12
 DF basis set:                           def2-tzvp-jkfit(spdfghi)
 Number of DF basis functions:         530
 Schwarz screening threshold:            1.00e-10
 Coulomb fitting method:                 Cholesky

 ------------------
  UW12 Correlation 
 ------------------
 Factor for UW12 correlation:            1.000000000
 Opposite spin scale factor:             0.520000000
 Same spin scale factor:                 0.000000000
 Calculate indirect contribution:        false
 Method for three electron term:         df_ri
 Auxiliary RI basis set:                 Def2-TZVP-RI
 Number of RI basis functions:         344
 Gaussians in geminal expansion:        10
 UW12 screening threshold:               1.00e-12
 Method for density-fitting:             w(r)
 Number of core spatial orbitals:       14

 Total number of grid points:        16100
 Method for AO orthogonalization:        symmetric
 Threshold for linear dependence:        1.00e-08
 D3BJ dispersion energy:                -0.005664283

 -------------------------------------
  Running unrestricted open-shell SCF 
 -------------------------------------
 Max number of iterations:             128
 Conv. threshold (gradient):             1.00e-05
 Conv. threshold (energy):               1.00e-06
 Interpolation scheme:                   adiis+cdiis
 Initial guess:                          H0

 ---------------------------------------------------------------
                  energy        change          grad        time
 ---------------------------------------------------------------
   0     -4126.938698627                    2.84e+01        6.90
   1     -4127.524779193     -5.86e-01      1.05e+01        0.96
   2     -3575.610220234      5.52e+02      1.65e+01        0.97
   3     -4315.324498805     -7.40e+02      9.18e+00        0.94
   4     -4309.739814749      5.58e+00      7.64e+00        0.93
   5     -4351.903800852     -4.22e+01      1.45e+00        0.93
   6     -4350.975301887      9.28e-01      2.94e+00        0.93
   7     -4352.948147213     -1.97e+00      1.65e-01        0.94
   8     -4352.954882196     -6.73e-03      1.06e-01        0.94
   9     -4352.959145146     -4.26e-03      5.44e-02        0.93
  10     -4352.959257536     -1.12e-04      6.64e-02        0.93
  11     -4352.960837991     -1.58e-03      3.39e-03        0.92
  12     -4352.960854520     -1.65e-05      9.83e-04        0.92
  13     -4352.960855583     -1.06e-06      4.76e-04        0.93
  14     -4352.960855411      1.73e-07      1.36e-04        0.96
  15     -4352.960855486     -7.51e-08      3.58e-05        0.99
  16     -4352.960855480      5.56e-09      7.22e-06        0.97

 SCF converged in 16 iterations.

 Dipole moment (in Debye):               0.000000       0.000000      -2.816654

 Quadrupole moment (in Debye-Angstrom):
                  1            2            3
 1       -32.475838    -0.000000    -0.000000
 2        -0.000000   -32.475838    -0.000000
 3        -0.000000    -0.000000   -32.586482

 Spin-squared expectation <S^2>:         0.753
 Total spin quantum number S:            0.502
 TOTAL ENERGY:                       -4352.960855487

 --------------------------------------------------------------------------------

 End time:                               Wed Jun  2 12:07:45 2021
 Total wall-clock time:                 25.491 seconds
==================================================================================
