
================================================================================
          _____________ ________ _______________ ________     _________         
         / ___________// ______ \\_____   _____// ______ \   / ________)        
        / /_________  / /      \ \     | |     / /      \ \ | (_______          
       |  __________|| |        | |    | |    | |        | | \________ \        
        \ \_________ | |        | |    | |     \ \______/ /___________) |       
         \__________||_|        |_|    |_|      \________//____________/        
                                                                                
====================================[ Qcore ]===================================

 Git hash:   15a3e7daff0cda5fa9af010ccd19a80288182ecf
 Git date:   Fri, 16 Apr 2021 15:57:16 +0100
 Compiler:   GNU 9.1.0
 Build type: Release
 Version:    1.1.0

 Start time: Wed Jun  2 12:07:55 2021

 Data directory: /work/zw18965/.local/qcore/share/entos/1.1.0/data
 Number of threads: 24
 Number of threads was determined by: command line argument

 --------------------------------------------------------------------------------
                                   command: dft                                  
 --------------------------------------------------------------------------------
 AO basis set:                           aug-cc-pvtz
 Number of AO basis functions:         143

 Formula:                                SZn
 Nuclear charge:                        46.000000000
 Total charge:                           0.000000000
 Number of electrons:                   46.000000000

 Number of alpha electrons:             23
 Number of beta electrons:              23
 Number of unpaired electrons:           0
 Spin:                                   0
 Multiplicity:                           singlet

 Theory:                                 dft
 Exchange-correlation functional:        0.49 b88 + 0.4 lyp
 Method for Coulomb:                     incore_df
 Method for exact exchange:              pre_transformed_df
 Integral threshold:                     1.00e-12
 DF basis set:                           def2-tzvp-jkfit(spdfghi)
 Number of DF basis functions:         392
 Schwarz screening threshold:            1.00e-10
 Coulomb fitting method:                 Cholesky

 ------------------
  UW12 Correlation 
 ------------------
 Factor for UW12 correlation:            1.000000000
 Opposite spin scale factor:             0.520000000
 Same spin scale factor:                 0.000000000
 Calculate indirect contribution:        false
 Method for three electron term:         df_ri
 Auxiliary RI basis set:                 Def2-TZVP-RI
 Number of RI basis functions:         298
 Gaussians in geminal expansion:        10
 UW12 screening threshold:               1.00e-12
 Method for density-fitting:             w(r)
 Number of core spatial orbitals:       10

 Total number of grid points:        15286
 Method for AO orthogonalization:        symmetric
 Threshold for linear dependence:        1.00e-08
 D3BJ dispersion energy:                -0.005563389

 -------------------------------------
  Running restricted closed-shell SCF 
 -------------------------------------
 Max number of iterations:             128
 Conv. threshold (gradient):             1.00e-05
 Conv. threshold (energy):               1.00e-06
 Interpolation scheme:                   adiis+cdiis
 Initial guess:                          H0

 ---------------------------------------------------------------
                  energy        change          grad        time
 ---------------------------------------------------------------
   0     -1925.242484336                    4.48e+01        4.58
   1     -1938.706596083     -1.35e+01      2.15e+01        0.23
   2     -1848.602814213      9.01e+01      4.80e+01        0.24
   3     -2160.289773905     -3.12e+02      1.46e+01        0.23
   4     -2119.267912492      4.10e+01      1.55e+01        0.23
   5     -2176.010813900     -5.67e+01      2.81e+00        0.22
   6     -2172.215656637      3.80e+00      4.37e+00        0.22
   7     -2176.950923899     -4.74e+00      8.58e-01        0.22
   8     -2176.886355465      6.46e-02      1.15e+00        0.23
   9     -2177.072391367     -1.86e-01      1.36e-01        0.23
  10     -2177.073490041     -1.10e-03      7.83e-02        0.22
  11     -2177.073376986      1.13e-04      9.43e-02        0.23
  12     -2177.074240449     -8.63e-04      1.03e-02        0.23
  13     -2177.074263756     -2.33e-05      1.95e-03        0.23
  14     -2177.074265757     -2.00e-06      1.26e-03        0.23
  15     -2177.074265957     -2.00e-07      8.30e-05        0.22
  16     -2177.074265959     -2.60e-09      2.10e-05        0.23
  17     -2177.074265961     -1.21e-09      5.15e-06        0.23

 SCF converged in 17 iterations.

 Dipole moment (in Debye):               0.000000       0.000000      -5.471665

 Quadrupole moment (in Debye-Angstrom):
                  1            2            3
 1       -28.644024     0.000000     0.000000
 2         0.000000   -28.644024     0.000000
 3         0.000000     0.000000   -24.318228

 Spin-squared expectation <S^2>:         0.000
 Total spin quantum number S:            0.000
 TOTAL ENERGY:                       -2177.074265960

 --------------------------------------------------------------------------------

 End time:                               Wed Jun  2 12:08:05 2021
 Total wall-clock time:                 10.366 seconds
==================================================================================
