
================================================================================
          _____________ ________ _______________ ________     _________         
         / ___________// ______ \\_____   _____// ______ \   / ________)        
        / /_________  / /      \ \     | |     / /      \ \ | (_______          
       |  __________|| |        | |    | |    | |        | | \________ \        
        \ \_________ | |        | |    | |     \ \______/ /___________) |       
         \__________||_|        |_|    |_|      \________//____________/        
                                                                                
====================================[ Qcore ]===================================

 Git hash:   15a3e7daff0cda5fa9af010ccd19a80288182ecf
 Git date:   Fri, 16 Apr 2021 15:57:16 +0100
 Compiler:   GNU 9.1.0
 Build type: Release
 Version:    1.1.0

 Start time: Wed Jun  2 12:08:38 2021

 Data directory: /work/zw18965/.local/qcore/share/entos/1.1.0/data
 Number of threads: 24
 Number of threads was determined by: command line argument

 --------------------------------------------------------------------------------
                                   command: dft                                  
 --------------------------------------------------------------------------------
 AO basis set:                           aug-cc-pvtz
 Number of AO basis functions:          93

 Formula:                                Mn
 Nuclear charge:                        25.000000000
 Total charge:                           0.000000000
 Number of electrons:                   25.000000000

 Number of alpha electrons:             15
 Number of beta electrons:              10
 Number of unpaired electrons:           5
 Spin:                                   5
 Multiplicity:                           septet

 Theory:                                 dft
 Exchange-correlation functional:        0.49 b88 + 0.4 lyp
 Method for Coulomb:                     incore_df
 Method for exact exchange:              pre_transformed_df
 Integral threshold:                     1.00e-12
 DF basis set:                           def2-tzvp-jkfit(spdfghi)
 Number of DF basis functions:         264
 Schwarz screening threshold:            1.00e-10
 Coulomb fitting method:                 Cholesky

 ------------------
  UW12 Correlation 
 ------------------
 Factor for UW12 correlation:            1.000000000
 Opposite spin scale factor:             0.520000000
 Same spin scale factor:                 0.000000000
 Calculate indirect contribution:        false
 Method for three electron term:         df_ri
 Auxiliary RI basis set:                 Def2-TZVP-RI
 Number of RI basis functions:         182
 Gaussians in geminal expansion:        10
 UW12 screening threshold:               1.00e-12
 Method for density-fitting:             w(r)
 Number of core spatial orbitals:        5

 Total number of grid points:         7936
 Method for AO orthogonalization:        symmetric
 Threshold for linear dependence:        1.00e-08
 D3BJ dispersion energy:                 0.000000000

 -------------------------------------
  Running unrestricted open-shell SCF 
 -------------------------------------
 Max number of iterations:             128
 Conv. threshold (gradient):             1.00e-05
 Conv. threshold (energy):               1.00e-06
 Interpolation scheme:                   adiis+cdiis
 Initial guess:                          H0

 ---------------------------------------------------------------
                  energy        change          grad        time
 ---------------------------------------------------------------
   0     -1100.758857314                    6.37e+00        2.30
   1     -1078.484025511      2.23e+01      8.73e+00        0.13
   2     -1133.901528246     -5.54e+01      4.44e+00        0.12
   3     -1147.737216959     -1.38e+01      2.18e+00        0.13
   4     -1148.265900015     -5.29e-01      2.41e+00        0.11
   5     -1150.594745855     -2.33e+00      3.62e-01        0.11
   6     -1150.606179985     -1.14e-02      2.79e-01        0.13
   7     -1150.663055476     -5.69e-02      3.17e-02        0.11
   8     -1150.663343237     -2.88e-04      2.22e-02        0.11
   9     -1150.663692928     -3.50e-04      2.65e-03        0.11
  10     -1150.663715055     -2.21e-05      1.90e-03        0.11
  11     -1150.663741813     -2.68e-05      7.80e-04        0.11
  12     -1150.663746463     -4.65e-06      1.07e-04        0.11
  13     -1150.663746478     -1.54e-08      2.33e-05        0.11
  14     -1150.663746479     -6.98e-10      2.54e-06        0.11

 SCF converged in 14 iterations.

 Dipole moment (in Debye):               0.000000       0.000001       0.000000

 Quadrupole moment (in Debye-Angstrom):
                  1            2            3
 1       -18.252673     0.000005     0.000005
 2         0.000005   -18.252686     0.000003
 3         0.000005     0.000003   -18.252677

 Spin-squared expectation <S^2>:         8.758
 Total spin quantum number S:            2.501
 TOTAL ENERGY:                       -1150.663746479

 --------------------------------------------------------------------------------

 End time:                               Wed Jun  2 12:08:43 2021
 Total wall-clock time:                  4.974 seconds
==================================================================================
