
================================================================================
          _____________ ________ _______________ ________     _________         
         / ___________// ______ \\_____   _____// ______ \   / ________)        
        / /_________  / /      \ \     | |     / /      \ \ | (_______          
       |  __________|| |        | |    | |    | |        | | \________ \        
        \ \_________ | |        | |    | |     \ \______/ /___________) |       
         \__________||_|        |_|    |_|      \________//____________/        
                                                                                
====================================[ Qcore ]===================================

 Git hash:   15a3e7daff0cda5fa9af010ccd19a80288182ecf
 Git date:   Fri, 16 Apr 2021 15:57:16 +0100
 Compiler:   GNU 9.1.0
 Build type: Release
 Version:    1.1.0

 Start time: Wed Jun  2 11:50:29 2021

 Data directory: /work/zw18965/.local/qcore/share/entos/1.1.0/data
 Number of threads: 24
 Number of threads was determined by: command line argument
  - More threads can be used by running 'qcore -n 32'

 --------------------------------------------------------------------------------
                                   command: dft                                  
 --------------------------------------------------------------------------------
 AO basis set:                           aug-cc-pvtz
 Number of AO basis functions:         116

 Formula:                                HSc
 Nuclear charge:                        22.000000000
 Total charge:                           0.000000000
 Number of electrons:                   22.000000000

 Number of alpha electrons:             11
 Number of beta electrons:              11
 Number of unpaired electrons:           0
 Spin:                                   0
 Multiplicity:                           singlet

 Theory:                                 dft
 Exchange-correlation functional:        pbe0
 Method for Coulomb:                     incore_df
 Method for exact exchange:              pre_transformed_df
 Integral threshold:                     1.00e-12
 DF basis set:                           def2-tzvp-jkfit(spdfghi)
 Number of DF basis functions:         282
 Schwarz screening threshold:            1.00e-10
 Coulomb fitting method:                 Cholesky
 Total number of grid points:        13742
 Method for AO orthogonalization:        symmetric
 Threshold for linear dependence:        1.00e-08
 D3BJ dispersion energy:                -0.000412299

 -------------------------------------
  Running restricted closed-shell SCF 
 -------------------------------------
 Max number of iterations:             128
 Conv. threshold (gradient):             1.00e-05
 Conv. threshold (energy):               1.00e-06
 Interpolation scheme:                   adiis+cdiis
 Initial guess:                          SAD

 ---------------------------------------------------------------
                  energy        change          grad        time
 ---------------------------------------------------------------
   0      -760.912692299                    2.21e+00        0.02
   1      -760.970644437     -5.80e-02      6.92e-01        0.01
   2      -760.917389911      5.33e-02      1.15e+00        0.01
   3      -761.013233904     -9.58e-02      1.12e-01        0.01
   4      -761.012624283      6.10e-04      1.62e-01        0.01
   5      -761.014521518     -1.90e-03      1.29e-02        0.01
   6      -761.014534516     -1.30e-05      8.55e-03        0.01
   7      -761.014544581     -1.01e-05      1.68e-03        0.02
   8      -761.014544983     -4.01e-07      2.80e-04        0.01
   9      -761.014544996     -1.37e-08      5.87e-05        0.01
  10      -761.014544997     -5.31e-10      7.18e-06        0.01

 SCF converged in 10 iterations.

 Dipole moment (in Debye):               0.000001       0.000001      -1.844356

 Quadrupole moment (in Debye-Angstrom):
                  1            2            3
 1       -23.004412    -0.000004    -0.000012
 2        -0.000004   -23.004412    -0.000012
 3        -0.000012    -0.000012   -23.897735

 Spin-squared expectation <S^2>:         0.000
 Total spin quantum number S:            0.000
 TOTAL ENERGY:                        -761.014544997

 --------------------------------------------------------------------------------

 End time:                               Wed Jun  2 11:50:31 2021
 Total wall-clock time:                  2.123 seconds
==================================================================================
