
================================================================================
          _____________ ________ _______________ ________     _________         
         / ___________// ______ \\_____   _____// ______ \   / ________)        
        / /_________  / /      \ \     | |     / /      \ \ | (_______          
       |  __________|| |        | |    | |    | |        | | \________ \        
        \ \_________ | |        | |    | |     \ \______/ /___________) |       
         \__________||_|        |_|    |_|      \________//____________/        
                                                                                
====================================[ Qcore ]===================================

 Git hash:   15a3e7daff0cda5fa9af010ccd19a80288182ecf
 Git date:   Fri, 16 Apr 2021 15:57:16 +0100
 Compiler:   GNU 9.1.0
 Build type: Release
 Version:    1.1.0

 Start time: Wed Jun  2 11:50:33 2021

 Data directory: /work/zw18965/.local/qcore/share/entos/1.1.0/data
 Number of threads: 24
 Number of threads was determined by: command line argument
  - More threads can be used by running 'qcore -n 32'

 --------------------------------------------------------------------------------
                                   command: dft                                  
 --------------------------------------------------------------------------------
 AO basis set:                           aug-cc-pvtz
 Number of AO basis functions:         143

 Formula:                                ClSc
 Nuclear charge:                        38.000000000
 Total charge:                           0.000000000
 Number of electrons:                   38.000000000

 Number of alpha electrons:             19
 Number of beta electrons:              19
 Number of unpaired electrons:           0
 Spin:                                   0
 Multiplicity:                           singlet

 Theory:                                 dft
 Exchange-correlation functional:        pbe0
 Method for Coulomb:                     incore_df
 Method for exact exchange:              pre_transformed_df
 Integral threshold:                     1.00e-12
 DF basis set:                           def2-tzvp-jkfit(spdfghi)
 Number of DF basis functions:         392
 Schwarz screening threshold:            1.00e-10
 Coulomb fitting method:                 Cholesky
 Total number of grid points:        15346
 Method for AO orthogonalization:        symmetric
 Threshold for linear dependence:        1.00e-08
 D3BJ dispersion energy:                -0.001251073

 -------------------------------------
  Running restricted closed-shell SCF 
 -------------------------------------
 Max number of iterations:             128
 Conv. threshold (gradient):             1.00e-05
 Conv. threshold (energy):               1.00e-06
 Interpolation scheme:                   adiis+cdiis
 Initial guess:                          SAD

 ---------------------------------------------------------------
                  energy        change          grad        time
 ---------------------------------------------------------------
   0     -1220.621028920                    4.72e+00        0.02
   1     -1220.539477698      8.16e-02      7.35e-01        0.02
   2     -1219.738417841      8.01e-01      2.96e+00        0.02
   3     -1220.541633651     -8.03e-01      7.79e-01        0.02
   4     -1220.600869928     -5.92e-02      1.17e-01        0.02
   5     -1220.596787665      4.08e-03      2.32e-01        0.02
   6     -1220.602284758     -5.50e-03      4.50e-02        0.02
   7     -1220.602154819      1.30e-04      6.05e-02        0.02
   8     -1220.602540095     -3.85e-04      2.06e-03        0.02
   9     -1220.602540601     -5.06e-07      6.07e-04        0.02
  10     -1220.602540658     -5.69e-08      9.44e-05        0.02
  11     -1220.602540660     -2.01e-09      1.72e-05        0.02
  12     -1220.602540660     -5.75e-11      2.91e-06        0.02

 SCF converged in 12 iterations.

 Dipole moment (in Debye):               0.000002       0.000002      -2.902265

 Quadrupole moment (in Debye-Angstrom):
                  1            2            3
 1       -34.261201    -0.000006    -0.000006
 2        -0.000006   -34.261201    -0.000006
 3        -0.000006    -0.000006   -30.281918

 Spin-squared expectation <S^2>:         0.000
 Total spin quantum number S:            0.000
 TOTAL ENERGY:                       -1220.602540660

 --------------------------------------------------------------------------------

 End time:                               Wed Jun  2 11:50:36 2021
 Total wall-clock time:                  2.542 seconds
==================================================================================
