
================================================================================
          _____________ ________ _______________ ________     _________         
         / ___________// ______ \\_____   _____// ______ \   / ________)        
        / /_________  / /      \ \     | |     / /      \ \ | (_______          
       |  __________|| |        | |    | |    | |        | | \________ \        
        \ \_________ | |        | |    | |     \ \______/ /___________) |       
         \__________||_|        |_|    |_|      \________//____________/        
                                                                                
====================================[ Qcore ]===================================

 Git hash:   15a3e7daff0cda5fa9af010ccd19a80288182ecf
 Git date:   Fri, 16 Apr 2021 15:57:16 +0100
 Compiler:   GNU 9.1.0
 Build type: Release
 Version:    1.1.0

 Start time: Wed Jun  2 11:50:39 2021

 Data directory: /work/zw18965/.local/qcore/share/entos/1.1.0/data
 Number of threads: 24
 Number of threads was determined by: command line argument
  - More threads can be used by running 'qcore -n 32'

 --------------------------------------------------------------------------------
                                   command: dft                                  
 --------------------------------------------------------------------------------
 AO basis set:                           aug-cc-pvtz
 Number of AO basis functions:         139

 Formula:                                OSc
 Nuclear charge:                        29.000000000
 Total charge:                           0.000000000
 Number of electrons:                   29.000000000

 Number of alpha electrons:             15
 Number of beta electrons:              14
 Number of unpaired electrons:           1
 Spin:                                   1
 Multiplicity:                           doublet

 Theory:                                 dft
 Exchange-correlation functional:        pbe0
 Method for Coulomb:                     incore_df
 Method for exact exchange:              pre_transformed_df
 Integral threshold:                     1.00e-12
 DF basis set:                           def2-tzvp-jkfit(spdfghi)
 Number of DF basis functions:         341
 Schwarz screening threshold:            1.00e-10
 Coulomb fitting method:                 Cholesky
 Total number of grid points:        14796
 Method for AO orthogonalization:        symmetric
 Threshold for linear dependence:        1.00e-08
 D3BJ dispersion energy:                -0.000597396

 -------------------------------------
  Running unrestricted open-shell SCF 
 -------------------------------------
 Max number of iterations:             128
 Conv. threshold (gradient):             1.00e-05
 Conv. threshold (energy):               1.00e-06
 Interpolation scheme:                   adiis+cdiis
 Initial guess:                          SAD

 ---------------------------------------------------------------
                  energy        change          grad        time
 ---------------------------------------------------------------
   0      -835.592702424                    2.27e+00        0.03
   1      -835.306185410      2.87e-01      1.13e+00        0.03
   2      -826.348370235      8.96e+00      5.00e+00        0.03
   3      -834.666489131     -8.32e+00      1.91e+00        0.03
   4      -835.690459096     -1.02e+00      2.60e-01        0.03
   5      -835.621442348      6.90e-02      5.68e-01        0.03
   6      -835.698843748     -7.74e-02      1.63e-01        0.03
   7      -835.704137625     -5.29e-03      6.68e-02        0.03
   8      -835.704731943     -5.94e-04      4.85e-02        0.04
   9      -835.705546324     -8.14e-04      2.20e-03        0.03
  10      -835.705551262     -4.94e-06      7.88e-04        0.03
  11      -835.705551493     -2.31e-07      2.98e-04        0.03
  12      -835.705551518     -2.56e-08      3.77e-05        0.03
  13      -835.705551520     -2.22e-09      1.90e-05        0.03
  14      -835.705551521     -5.64e-10      5.84e-06        0.03

 SCF converged in 14 iterations.

 Dipole moment (in Debye):               0.000000       0.000000      -3.838480

 Quadrupole moment (in Debye-Angstrom):
                  1            2            3
 1       -22.520866    -0.000001    -0.000000
 2        -0.000001   -22.520866    -0.000000
 3        -0.000000    -0.000000   -29.503470

 Spin-squared expectation <S^2>:         0.752
 Total spin quantum number S:            0.501
 TOTAL ENERGY:                        -835.705551521

 --------------------------------------------------------------------------------

 End time:                               Wed Jun  2 11:50:42 2021
 Total wall-clock time:                  2.566 seconds
==================================================================================
