
================================================================================
          _____________ ________ _______________ ________     _________         
         / ___________// ______ \\_____   _____// ______ \   / ________)        
        / /_________  / /      \ \     | |     / /      \ \ | (_______          
       |  __________|| |        | |    | |    | |        | | \________ \        
        \ \_________ | |        | |    | |     \ \______/ /___________) |       
         \__________||_|        |_|    |_|      \________//____________/        
                                                                                
====================================[ Qcore ]===================================

 Git hash:   15a3e7daff0cda5fa9af010ccd19a80288182ecf
 Git date:   Fri, 16 Apr 2021 15:57:16 +0100
 Compiler:   GNU 9.1.0
 Build type: Release
 Version:    1.1.0

 Start time: Wed Jun  2 11:50:50 2021

 Data directory: /work/zw18965/.local/qcore/share/entos/1.1.0/data
 Number of threads: 24
 Number of threads was determined by: command line argument
  - More threads can be used by running 'qcore -n 32'

 --------------------------------------------------------------------------------
                                   command: dft                                  
 --------------------------------------------------------------------------------
 AO basis set:                           aug-cc-pvtz
 Number of AO basis functions:         143

 Formula:                                ClTi
 Nuclear charge:                        39.000000000
 Total charge:                           0.000000000
 Number of electrons:                   39.000000000

 Number of alpha electrons:             21
 Number of beta electrons:              18
 Number of unpaired electrons:           3
 Spin:                                   3
 Multiplicity:                           quartet

 Theory:                                 dft
 Exchange-correlation functional:        pbe0
 Method for Coulomb:                     incore_df
 Method for exact exchange:              pre_transformed_df
 Integral threshold:                     1.00e-12
 DF basis set:                           def2-tzvp-jkfit(spdfghi)
 Number of DF basis functions:         392
 Schwarz screening threshold:            1.00e-10
 Coulomb fitting method:                 Cholesky
 Total number of grid points:        15286
 Method for AO orthogonalization:        symmetric
 Threshold for linear dependence:        1.00e-08
 D3BJ dispersion energy:                -0.001245241

 -------------------------------------
  Running unrestricted open-shell SCF 
 -------------------------------------
 Max number of iterations:             128
 Conv. threshold (gradient):             1.00e-05
 Conv. threshold (energy):               1.00e-06
 Interpolation scheme:                   adiis+cdiis
 Initial guess:                          SAD

 ---------------------------------------------------------------
                  energy        change          grad        time
 ---------------------------------------------------------------
   0     -1309.250471310                    2.32e+00        0.03
   1     -1309.306738621     -5.63e-02      2.34e-01        0.04
   2     -1309.295619630      1.11e-02      2.87e-01        0.03
   3     -1309.330174670     -3.46e-02      8.66e-02        0.03
   4     -1309.323333631      6.84e-03      1.59e-01        0.03
   5     -1309.332867510     -9.53e-03      5.66e-03        0.03
   6     -1309.332901697     -3.42e-05      2.59e-03        0.03
   7     -1309.332910726     -9.03e-06      1.90e-03        0.03
   8     -1309.332918699     -7.97e-06      7.42e-04        0.03
   9     -1309.332920017     -1.32e-06      3.14e-04        0.03
  10     -1309.332920202     -1.85e-07      7.00e-05        0.03
  11     -1309.332920211     -9.09e-09      9.67e-06        0.03

 SCF converged in 11 iterations.

 Dipole moment (in Debye):               0.000000       0.000000      -4.639847

 Quadrupole moment (in Debye-Angstrom):
                  1            2            3
 1       -30.812033     0.000000    -0.000000
 2         0.000000   -30.812033    -0.000000
 3        -0.000000    -0.000000   -25.725445

 Spin-squared expectation <S^2>:         3.758
 Total spin quantum number S:            1.502
 TOTAL ENERGY:                       -1309.332920211

 --------------------------------------------------------------------------------

 End time:                               Wed Jun  2 11:50:52 2021
 Total wall-clock time:                  2.655 seconds
==================================================================================
