
================================================================================
          _____________ ________ _______________ ________     _________         
         / ___________// ______ \\_____   _____// ______ \   / ________)        
        / /_________  / /      \ \     | |     / /      \ \ | (_______          
       |  __________|| |        | |    | |    | |        | | \________ \        
        \ \_________ | |        | |    | |     \ \______/ /___________) |       
         \__________||_|        |_|    |_|      \________//____________/        
                                                                                
====================================[ Qcore ]===================================

 Git hash:   15a3e7daff0cda5fa9af010ccd19a80288182ecf
 Git date:   Fri, 16 Apr 2021 15:57:16 +0100
 Compiler:   GNU 9.1.0
 Build type: Release
 Version:    1.1.0

 Start time: Wed Jun  2 11:50:52 2021

 Data directory: /work/zw18965/.local/qcore/share/entos/1.1.0/data
 Number of threads: 24
 Number of threads was determined by: command line argument
  - More threads can be used by running 'qcore -n 32'

 --------------------------------------------------------------------------------
                                   command: dft                                  
 --------------------------------------------------------------------------------
 AO basis set:                           aug-cc-pvtz
 Number of AO basis functions:         152

 Formula:                                TiBr
 Nuclear charge:                        57.000000000
 Total charge:                           0.000000000
 Number of electrons:                   57.000000000

 Number of alpha electrons:             30
 Number of beta electrons:              27
 Number of unpaired electrons:           3
 Spin:                                   3
 Multiplicity:                           quartet

 Theory:                                 dft
 Exchange-correlation functional:        pbe0
 Method for Coulomb:                     incore_df
 Method for exact exchange:              pre_transformed_df
 Integral threshold:                     1.00e-12
 DF basis set:                           def2-tzvp-jkfit(spdfghi)
 Number of DF basis functions:         530
 Schwarz screening threshold:            1.00e-10
 Coulomb fitting method:                 Cholesky
 Total number of grid points:        15956
 Method for AO orthogonalization:        symmetric
 Threshold for linear dependence:        1.00e-08
 D3BJ dispersion energy:                -0.001421025

 -------------------------------------
  Running unrestricted open-shell SCF 
 -------------------------------------
 Max number of iterations:             128
 Conv. threshold (gradient):             1.00e-05
 Conv. threshold (energy):               1.00e-06
 Interpolation scheme:                   adiis+cdiis
 Initial guess:                          SAD

 ---------------------------------------------------------------
                  energy        change          grad        time
 ---------------------------------------------------------------
   0     -3423.110717412                    3.16e+00        0.04
   1     -3423.145187330     -3.45e-02      2.09e-01        0.05
   2     -3423.142820825      2.37e-03      2.28e-01        0.04
   3     -3423.162416155     -1.96e-02      1.11e-01        0.04
   4     -3423.159495189      2.92e-03      1.38e-01        0.04
   5     -3423.166381120     -6.89e-03      1.40e-02        0.04
   6     -3423.166241877      1.39e-04      3.13e-02        0.04
   7     -3423.166559530     -3.18e-04      2.78e-03        0.03
   8     -3423.166581346     -2.18e-05      9.36e-04        0.03
   9     -3423.166583515     -2.17e-06      3.31e-04        0.04
  10     -3423.166583704     -1.89e-07      6.07e-05        0.04
  11     -3423.166583710     -5.54e-09      1.81e-05        0.04
  12     -3423.166583710     -2.05e-10      7.89e-06        0.04

 SCF converged in 12 iterations.

 Dipole moment (in Debye):               0.000000       0.000000      -5.089419

 Quadrupole moment (in Debye-Angstrom):
                  1            2            3
 1       -36.784805    -0.000000    -0.000000
 2        -0.000000   -36.784805    -0.000001
 3        -0.000000    -0.000001   -25.902858

 Spin-squared expectation <S^2>:         3.759
 Total spin quantum number S:            1.502
 TOTAL ENERGY:                       -3423.166583710

 --------------------------------------------------------------------------------

 End time:                               Wed Jun  2 11:50:56 2021
 Total wall-clock time:                  3.448 seconds
==================================================================================
