
================================================================================
          _____________ ________ _______________ ________     _________         
         / ___________// ______ \\_____   _____// ______ \   / ________)        
        / /_________  / /      \ \     | |     / /      \ \ | (_______          
       |  __________|| |        | |    | |    | |        | | \________ \        
        \ \_________ | |        | |    | |     \ \______/ /___________) |       
         \__________||_|        |_|    |_|      \________//____________/        
                                                                                
====================================[ Qcore ]===================================

 Git hash:   15a3e7daff0cda5fa9af010ccd19a80288182ecf
 Git date:   Fri, 16 Apr 2021 15:57:16 +0100
 Compiler:   GNU 9.1.0
 Build type: Release
 Version:    1.1.0

 Start time: Wed Jun  2 11:51:01 2021

 Data directory: /work/zw18965/.local/qcore/share/entos/1.1.0/data
 Number of threads: 24
 Number of threads was determined by: command line argument
  - More threads can be used by running 'qcore -n 32'

 --------------------------------------------------------------------------------
                                   command: dft                                  
 --------------------------------------------------------------------------------
 AO basis set:                           aug-cc-pvtz
 Number of AO basis functions:         116

 Formula:                                HV
 Nuclear charge:                        24.000000000
 Total charge:                           0.000000000
 Number of electrons:                   24.000000000

 Number of alpha electrons:             14
 Number of beta electrons:              10
 Number of unpaired electrons:           4
 Spin:                                   4
 Multiplicity:                           quintet

 Theory:                                 dft
 Exchange-correlation functional:        pbe0
 Method for Coulomb:                     incore_df
 Method for exact exchange:              pre_transformed_df
 Integral threshold:                     1.00e-12
 DF basis set:                           def2-tzvp-jkfit(spdfghi)
 Number of DF basis functions:         282
 Schwarz screening threshold:            1.00e-10
 Coulomb fitting method:                 Cholesky
 Total number of grid points:        13742
 Method for AO orthogonalization:        symmetric
 Threshold for linear dependence:        1.00e-08
 D3BJ dispersion energy:                -0.000441166

 -------------------------------------
  Running unrestricted open-shell SCF 
 -------------------------------------
 Max number of iterations:             128
 Conv. threshold (gradient):             1.00e-05
 Conv. threshold (energy):               1.00e-06
 Interpolation scheme:                   adiis+cdiis
 Initial guess:                          SAD

 ---------------------------------------------------------------
                  energy        change          grad        time
 ---------------------------------------------------------------
   0      -943.945554471                    1.34e+00        0.02
   1      -944.075708016     -1.30e-01      8.21e-01        0.02
   2      -942.289495699      1.79e+00      2.75e+00        0.02
   3      -944.199139364     -1.91e+00      6.82e-01        0.02
   4      -944.299658997     -1.01e-01      1.99e-01        0.02
   5      -944.294110054      5.55e-03      2.52e-01        0.02
   6      -944.310965878     -1.69e-02      2.28e-02        0.02
   7      -944.310957082      8.80e-06      2.85e-02        0.02
   8      -944.311155641     -1.99e-04      1.82e-03        0.02
   9      -944.311157613     -1.97e-06      4.70e-04        0.02
  10      -944.311157815     -2.02e-07      1.74e-04        0.02
  11      -944.311157867     -5.19e-08      5.86e-05        0.02
  12      -944.311157871     -4.30e-09      2.15e-05        0.02
  13      -944.311157872     -5.52e-10      5.34e-06        0.02

 SCF converged in 13 iterations.

 Dipole moment (in Debye):              -0.000000      -0.000000      -2.741113

 Quadrupole moment (in Debye-Angstrom):
                  1            2            3
 1       -17.852216    -0.000001    -0.000000
 2        -0.000001   -17.852216    -0.000000
 3        -0.000000    -0.000000   -21.676356

 Spin-squared expectation <S^2>:         6.028
 Total spin quantum number S:            2.006
 TOTAL ENERGY:                        -944.311157872

 --------------------------------------------------------------------------------

 End time:                               Wed Jun  2 11:51:04 2021
 Total wall-clock time:                  2.221 seconds
==================================================================================
