
================================================================================
          _____________ ________ _______________ ________     _________         
         / ___________// ______ \\_____   _____// ______ \   / ________)        
        / /_________  / /      \ \     | |     / /      \ \ | (_______          
       |  __________|| |        | |    | |    | |        | | \________ \        
        \ \_________ | |        | |    | |     \ \______/ /___________) |       
         \__________||_|        |_|    |_|      \________//____________/        
                                                                                
====================================[ Qcore ]===================================

 Git hash:   15a3e7daff0cda5fa9af010ccd19a80288182ecf
 Git date:   Fri, 16 Apr 2021 15:57:16 +0100
 Compiler:   GNU 9.1.0
 Build type: Release
 Version:    1.1.0

 Start time: Wed Jun  2 11:51:04 2021

 Data directory: /work/zw18965/.local/qcore/share/entos/1.1.0/data
 Number of threads: 24
 Number of threads was determined by: command line argument
  - More threads can be used by running 'qcore -n 32'

 --------------------------------------------------------------------------------
                                   command: dft                                  
 --------------------------------------------------------------------------------
 AO basis set:                           aug-cc-pvtz
 Number of AO basis functions:         139

 Formula:                                FV
 Nuclear charge:                        32.000000000
 Total charge:                           0.000000000
 Number of electrons:                   32.000000000

 Number of alpha electrons:             18
 Number of beta electrons:              14
 Number of unpaired electrons:           4
 Spin:                                   4
 Multiplicity:                           quintet

 Theory:                                 dft
 Exchange-correlation functional:        pbe0
 Method for Coulomb:                     incore_df
 Method for exact exchange:              pre_transformed_df
 Integral threshold:                     1.00e-12
 DF basis set:                           def2-tzvp-jkfit(spdfghi)
 Number of DF basis functions:         341
 Schwarz screening threshold:            1.00e-10
 Coulomb fitting method:                 Cholesky
 Total number of grid points:        14664
 Method for AO orthogonalization:        symmetric
 Threshold for linear dependence:        1.00e-08
 D3BJ dispersion energy:                -0.000447569

 -------------------------------------
  Running unrestricted open-shell SCF 
 -------------------------------------
 Max number of iterations:             128
 Conv. threshold (gradient):             1.00e-05
 Conv. threshold (energy):               1.00e-06
 Interpolation scheme:                   adiis+cdiis
 Initial guess:                          SAD

 ---------------------------------------------------------------
                  energy        change          grad        time
 ---------------------------------------------------------------
   0     -1043.186855140                    1.33e+00        0.03
   1     -1043.291849818     -1.05e-01      9.18e-01        0.04
   2     -1032.518052509      1.08e+01      5.53e+00        0.04
   3     -1042.794713275     -1.03e+01      1.77e+00        0.03
   4     -1043.580316126     -7.86e-01      1.80e-01        0.03
   5     -1043.553348366      2.70e-02      3.37e-01        0.03
   6     -1043.590454279     -3.71e-02      7.85e-02        0.03
   7     -1043.589414901      1.04e-03      9.89e-02        0.03
   8     -1043.592670727     -3.26e-03      1.55e-02        0.03
   9     -1043.592911253     -2.41e-04      8.45e-03        0.03
  10     -1043.592998522     -8.73e-05      2.78e-03        0.03
  11     -1043.593007920     -9.40e-06      1.32e-03        0.03
  12     -1043.593008670     -7.50e-07      3.10e-04        0.03
  13     -1043.593008757     -8.65e-08      1.62e-04        0.03
  14     -1043.593008783     -2.63e-08      7.69e-05        0.03
  15     -1043.593008788     -5.68e-09      9.01e-06        0.03

 SCF converged in 15 iterations.

 Dipole moment (in Debye):               0.000000       0.000000      -3.590972

 Quadrupole moment (in Debye-Angstrom):
                  1            2            3
 1       -21.231517     0.779304    -0.000000
 2         0.779304   -21.232965    -0.000000
 3        -0.000000    -0.000000   -23.200771

 Spin-squared expectation <S^2>:         6.008
 Total spin quantum number S:            2.002
 TOTAL ENERGY:                       -1043.593008789

 --------------------------------------------------------------------------------

 End time:                               Wed Jun  2 11:51:06 2021
 Total wall-clock time:                  2.659 seconds
==================================================================================
