
================================================================================
          _____________ ________ _______________ ________     _________         
         / ___________// ______ \\_____   _____// ______ \   / ________)        
        / /_________  / /      \ \     | |     / /      \ \ | (_______          
       |  __________|| |        | |    | |    | |        | | \________ \        
        \ \_________ | |        | |    | |     \ \______/ /___________) |       
         \__________||_|        |_|    |_|      \________//____________/        
                                                                                
====================================[ Qcore ]===================================

 Git hash:   15a3e7daff0cda5fa9af010ccd19a80288182ecf
 Git date:   Fri, 16 Apr 2021 15:57:16 +0100
 Compiler:   GNU 9.1.0
 Build type: Release
 Version:    1.1.0

 Start time: Wed Jun  2 11:51:24 2021

 Data directory: /work/zw18965/.local/qcore/share/entos/1.1.0/data
 Number of threads: 24
 Number of threads was determined by: command line argument
  - More threads can be used by running 'qcore -n 32'

 --------------------------------------------------------------------------------
                                   command: dft                                  
 --------------------------------------------------------------------------------
 AO basis set:                           aug-cc-pvtz
 Number of AO basis functions:         143

 Formula:                                ClCr
 Nuclear charge:                        41.000000000
 Total charge:                           0.000000000
 Number of electrons:                   41.000000000

 Number of alpha electrons:             23
 Number of beta electrons:              18
 Number of unpaired electrons:           5
 Spin:                                   5
 Multiplicity:                           septet

 Theory:                                 dft
 Exchange-correlation functional:        pbe0
 Method for Coulomb:                     incore_df
 Method for exact exchange:              pre_transformed_df
 Integral threshold:                     1.00e-12
 DF basis set:                           def2-tzvp-jkfit(spdfghi)
 Number of DF basis functions:         392
 Schwarz screening threshold:            1.00e-10
 Coulomb fitting method:                 Cholesky
 Total number of grid points:        15322
 Method for AO orthogonalization:        symmetric
 Threshold for linear dependence:        1.00e-08
 D3BJ dispersion energy:                -0.001235047

 -------------------------------------
  Running unrestricted open-shell SCF 
 -------------------------------------
 Max number of iterations:             128
 Conv. threshold (gradient):             1.00e-05
 Conv. threshold (energy):               1.00e-06
 Interpolation scheme:                   adiis+cdiis
 Initial guess:                          SAD

 ---------------------------------------------------------------
                  energy        change          grad        time
 ---------------------------------------------------------------
   0     -1504.018523156                    1.84e+00        0.03
   1     -1504.063229847     -4.47e-02      9.48e-01        0.04
   2     -1497.296692919      6.77e+00      4.29e+00        0.03
   3     -1503.924472775     -6.63e+00      1.13e+00        0.03
   4     -1504.391710688     -4.67e-01      7.66e-02        0.03
   5     -1504.392519126     -8.08e-04      1.07e-01        0.03
   6     -1504.394503426     -1.98e-03      2.56e-02        0.03
   7     -1504.394683696     -1.80e-04      1.04e-02        0.03
   8     -1504.394742965     -5.93e-05      7.21e-03        0.03
   9     -1504.394775207     -3.22e-05      3.80e-03        0.03
  10     -1504.394794189     -1.90e-05      9.89e-04        0.03
  11     -1504.394795034     -8.45e-07      2.59e-04        0.03
  12     -1504.394795124     -9.00e-08      7.63e-05        0.03
  13     -1504.394795128     -4.52e-09      1.27e-05        0.04
  14     -1504.394795128     -8.44e-11      3.15e-06        0.03

 SCF converged in 14 iterations.

 Dipole moment (in Debye):               0.000000       0.000000      -5.423661

 Quadrupole moment (in Debye-Angstrom):
                  1            2            3
 1       -28.070074    -0.000000    -0.000000
 2        -0.000000   -28.070074    -0.000000
 3        -0.000000    -0.000000   -25.242763

 Spin-squared expectation <S^2>:         8.771
 Total spin quantum number S:            2.503
 TOTAL ENERGY:                       -1504.394795128

 --------------------------------------------------------------------------------

 End time:                               Wed Jun  2 11:51:26 2021
 Total wall-clock time:                  2.621 seconds
==================================================================================
