
================================================================================
          _____________ ________ _______________ ________     _________         
         / ___________// ______ \\_____   _____// ______ \   / ________)        
        / /_________  / /      \ \     | |     / /      \ \ | (_______          
       |  __________|| |        | |    | |    | |        | | \________ \        
        \ \_________ | |        | |    | |     \ \______/ /___________) |       
         \__________||_|        |_|    |_|      \________//____________/        
                                                                                
====================================[ Qcore ]===================================

 Git hash:   15a3e7daff0cda5fa9af010ccd19a80288182ecf
 Git date:   Fri, 16 Apr 2021 15:57:16 +0100
 Compiler:   GNU 9.1.0
 Build type: Release
 Version:    1.1.0

 Start time: Wed Jun  2 11:51:30 2021

 Data directory: /work/zw18965/.local/qcore/share/entos/1.1.0/data
 Number of threads: 24
 Number of threads was determined by: command line argument
  - More threads can be used by running 'qcore -n 32'

 --------------------------------------------------------------------------------
                                   command: dft                                  
 --------------------------------------------------------------------------------
 AO basis set:                           aug-cc-pvtz
 Number of AO basis functions:         139

 Formula:                                OCr
 Nuclear charge:                        32.000000000
 Total charge:                           0.000000000
 Number of electrons:                   32.000000000

 Number of alpha electrons:             18
 Number of beta electrons:              14
 Number of unpaired electrons:           4
 Spin:                                   4
 Multiplicity:                           quintet

 Theory:                                 dft
 Exchange-correlation functional:        pbe0
 Method for Coulomb:                     incore_df
 Method for exact exchange:              pre_transformed_df
 Integral threshold:                     1.00e-12
 DF basis set:                           def2-tzvp-jkfit(spdfghi)
 Number of DF basis functions:         341
 Schwarz screening threshold:            1.00e-10
 Coulomb fitting method:                 Cholesky
 Total number of grid points:        14772
 Method for AO orthogonalization:        symmetric
 Threshold for linear dependence:        1.00e-08
 D3BJ dispersion energy:                -0.000580821

 -------------------------------------
  Running unrestricted open-shell SCF 
 -------------------------------------
 Max number of iterations:             128
 Conv. threshold (gradient):             1.00e-05
 Conv. threshold (energy):               1.00e-06
 Interpolation scheme:                   adiis+cdiis
 Initial guess:                          SAD

 ---------------------------------------------------------------
                  energy        change          grad        time
 ---------------------------------------------------------------
   0     -1119.072202986                    2.85e+00        0.03
   1     -1118.564508893      5.08e-01      1.81e+00        0.03
   2     -1102.856616862      1.57e+01      9.67e+00        0.02
   3     -1116.055204658     -1.32e+01      3.50e+00        0.03
   4     -1119.328036482     -3.27e+00      5.72e-01        0.03
   5     -1119.270400360      5.76e-02      7.73e-01        0.03
   6     -1119.408589159     -1.38e-01      1.07e-01        0.03
   7     -1119.386208313      2.24e-02      3.35e-01        0.03
   8     -1119.410009170     -2.38e-02      8.39e-02        0.03
   9     -1119.409741631      2.68e-04      1.13e-01        0.03
  10     -1119.412812905     -3.07e-03      2.07e-02        0.03
  11     -1119.413010898     -1.98e-04      6.13e-03        0.04
  12     -1119.413055093     -4.42e-05      3.42e-03        0.03
  13     -1119.413067110     -1.20e-05      1.53e-03        0.03
  14     -1119.413068084     -9.73e-07      5.95e-04        0.03
  15     -1119.413068175     -9.13e-08      2.32e-04        0.02
  16     -1119.413068187     -1.21e-08      2.16e-05        0.02
  17     -1119.413068187     -3.82e-10      5.62e-06        0.03

 SCF converged in 17 iterations.

 Dipole moment (in Debye):               0.000000       0.000000      -4.174387

 Quadrupole moment (in Debye-Angstrom):
                  1            2            3
 1       -20.768956     0.793419    -0.000000
 2         0.793419   -20.770216    -0.000000
 3        -0.000000    -0.000000   -22.653667

 Spin-squared expectation <S^2>:         6.202
 Total spin quantum number S:            2.040
 TOTAL ENERGY:                       -1119.413068187

 --------------------------------------------------------------------------------

 End time:                               Wed Jun  2 11:51:32 2021
 Total wall-clock time:                  2.563 seconds
==================================================================================
