
================================================================================
          _____________ ________ _______________ ________     _________         
         / ___________// ______ \\_____   _____// ______ \   / ________)        
        / /_________  / /      \ \     | |     / /      \ \ | (_______          
       |  __________|| |        | |    | |    | |        | | \________ \        
        \ \_________ | |        | |    | |     \ \______/ /___________) |       
         \__________||_|        |_|    |_|      \________//____________/        
                                                                                
====================================[ Qcore ]===================================

 Git hash:   15a3e7daff0cda5fa9af010ccd19a80288182ecf
 Git date:   Fri, 16 Apr 2021 15:57:16 +0100
 Compiler:   GNU 9.1.0
 Build type: Release
 Version:    1.1.0

 Start time: Wed Jun  2 11:51:32 2021

 Data directory: /work/zw18965/.local/qcore/share/entos/1.1.0/data
 Number of threads: 24
 Number of threads was determined by: command line argument
  - More threads can be used by running 'qcore -n 32'

 --------------------------------------------------------------------------------
                                   command: dft                                  
 --------------------------------------------------------------------------------
 AO basis set:                           aug-cc-pvtz
 Number of AO basis functions:         143

 Formula:                                SCr
 Nuclear charge:                        40.000000000
 Total charge:                           0.000000000
 Number of electrons:                   40.000000000

 Number of alpha electrons:             22
 Number of beta electrons:              18
 Number of unpaired electrons:           4
 Spin:                                   4
 Multiplicity:                           quintet

 Theory:                                 dft
 Exchange-correlation functional:        pbe0
 Method for Coulomb:                     incore_df
 Method for exact exchange:              pre_transformed_df
 Integral threshold:                     1.00e-12
 DF basis set:                           def2-tzvp-jkfit(spdfghi)
 Number of DF basis functions:         392
 Schwarz screening threshold:            1.00e-10
 Coulomb fitting method:                 Cholesky
 Total number of grid points:        15178
 Method for AO orthogonalization:        symmetric
 Threshold for linear dependence:        1.00e-08
 D3BJ dispersion energy:                -0.001417435

 -------------------------------------
  Running unrestricted open-shell SCF 
 -------------------------------------
 Max number of iterations:             128
 Conv. threshold (gradient):             1.00e-05
 Conv. threshold (energy):               1.00e-06
 Interpolation scheme:                   adiis+cdiis
 Initial guess:                          SAD

 ---------------------------------------------------------------
                  energy        change          grad        time
 ---------------------------------------------------------------
   0     -1442.045439059                    2.72e+00        0.03
   1     -1441.580371878      4.65e-01      1.83e+00        0.03
   2     -1427.626794325      1.40e+01      6.72e+00        0.03
   3     -1439.028909111     -1.14e+01      3.74e+00        0.03
   4     -1442.224186316     -3.20e+00      6.60e-01        0.03
   5     -1442.213031406      1.12e-02      7.49e-01        0.03
   6     -1442.332090339     -1.19e-01      5.68e-02        0.03
   7     -1442.333356605     -1.27e-03      1.25e-01        0.03
   8     -1442.336778928     -3.42e-03      7.21e-02        0.03
   9     -1442.338363522     -1.58e-03      4.93e-02        0.03
  10     -1442.339392148     -1.03e-03      3.63e-02        0.03
  11     -1442.339990178     -5.98e-04      4.91e-03        0.04
  12     -1442.340018128     -2.80e-05      1.70e-03        0.04
  13     -1442.340021389     -3.26e-06      5.71e-04        0.03
  14     -1442.340021782     -3.93e-07      2.29e-04        0.03
  15     -1442.340021799     -1.75e-08      4.03e-05        0.03
  16     -1442.340021801     -1.44e-09      1.14e-05        0.03
  17     -1442.340021801     -1.04e-10      4.82e-06        0.03

 SCF converged in 17 iterations.

 Dipole moment (in Debye):              -0.000000      -0.000000      -5.388239

 Quadrupole moment (in Debye-Angstrom):
                  1            2            3
 1       -29.082152     1.376467     0.000000
 2         1.376467   -29.084070     0.000000
 3         0.000000     0.000000   -25.827727

 Spin-squared expectation <S^2>:         6.528
 Total spin quantum number S:            2.103
 TOTAL ENERGY:                       -1442.340021801

 --------------------------------------------------------------------------------

 End time:                               Wed Jun  2 11:51:35 2021
 Total wall-clock time:                  2.856 seconds
==================================================================================
