
================================================================================
          _____________ ________ _______________ ________     _________         
         / ___________// ______ \\_____   _____// ______ \   / ________)        
        / /_________  / /      \ \     | |     / /      \ \ | (_______          
       |  __________|| |        | |    | |    | |        | | \________ \        
        \ \_________ | |        | |    | |     \ \______/ /___________) |       
         \__________||_|        |_|    |_|      \________//____________/        
                                                                                
====================================[ Qcore ]===================================

 Git hash:   15a3e7daff0cda5fa9af010ccd19a80288182ecf
 Git date:   Fri, 16 Apr 2021 15:57:16 +0100
 Compiler:   GNU 9.1.0
 Build type: Release
 Version:    1.1.0

 Start time: Wed Jun  2 11:51:35 2021

 Data directory: /work/zw18965/.local/qcore/share/entos/1.1.0/data
 Number of threads: 24
 Number of threads was determined by: command line argument
  - More threads can be used by running 'qcore -n 32'

 --------------------------------------------------------------------------------
                                   command: dft                                  
 --------------------------------------------------------------------------------
 AO basis set:                           aug-cc-pvtz
 Number of AO basis functions:         116

 Formula:                                HMn
 Nuclear charge:                        26.000000000
 Total charge:                           0.000000000
 Number of electrons:                   26.000000000

 Number of alpha electrons:             16
 Number of beta electrons:              10
 Number of unpaired electrons:           6
 Spin:                                   6
 Multiplicity:                           octet

 Theory:                                 dft
 Exchange-correlation functional:        pbe0
 Method for Coulomb:                     incore_df
 Method for exact exchange:              pre_transformed_df
 Integral threshold:                     1.00e-12
 DF basis set:                           def2-tzvp-jkfit(spdfghi)
 Number of DF basis functions:         282
 Schwarz screening threshold:            1.00e-10
 Coulomb fitting method:                 Cholesky
 Total number of grid points:        13826
 Method for AO orthogonalization:        symmetric
 Threshold for linear dependence:        1.00e-08
 D3BJ dispersion energy:                -0.000461123

 -------------------------------------
  Running unrestricted open-shell SCF 
 -------------------------------------
 Max number of iterations:             128
 Conv. threshold (gradient):             1.00e-05
 Conv. threshold (energy):               1.00e-06
 Interpolation scheme:                   adiis+cdiis
 Initial guess:                          SAD

WARNING: atomic SCF not converged for Mn atom. Will fall back to diagonal density


 ---------------------------------------------------------------
                  energy        change          grad        time
 ---------------------------------------------------------------
   0       -66.455304398                    4.79e+00        0.02
   1     -1090.406558423     -1.02e+03      9.04e+00        0.02
   2     -1066.743881994      2.37e+01      8.22e+00        0.02
   3     -1150.212834013     -8.35e+01      1.61e+00        0.02
   4     -1141.374435214      8.84e+00      2.82e+00        0.02
   5     -1151.208417406     -9.83e+00      7.62e-01        0.02
   6     -1150.988115312      2.20e-01      1.45e+00        0.02
   7     -1151.349254161     -3.61e-01      1.30e-01        0.02
   8     -1151.353227819     -3.97e-03      7.51e-02        0.02
   9     -1151.354772444     -1.54e-03      5.45e-02        0.03
  10     -1151.355700475     -9.28e-04      6.24e-03        0.02
  11     -1151.355715388     -1.49e-05      1.48e-03        0.02
  12     -1151.355716670     -1.28e-06      7.25e-04        0.02
  13     -1151.355716900     -2.30e-07      1.52e-04        0.02
  14     -1151.355716909     -9.18e-09      2.09e-05        0.02
  15     -1151.355716910     -2.71e-10      1.84e-06        0.02

 SCF converged in 15 iterations.

 Dipole moment (in Debye):              -0.000000      -0.000000      -1.105908

 Quadrupole moment (in Debye-Angstrom):
                  1            2            3
 1       -16.661977    -0.000000     0.000000
 2        -0.000000   -16.661977     0.000000
 3         0.000000     0.000000   -25.403019

 Spin-squared expectation <S^2>:        12.004
 Total spin quantum number S:            3.001
 TOTAL ENERGY:                       -1151.355716910

 --------------------------------------------------------------------------------

 End time:                               Wed Jun  2 11:51:39 2021
 Total wall-clock time:                  3.547 seconds
==================================================================================
