
================================================================================
          _____________ ________ _______________ ________     _________         
         / ___________// ______ \\_____   _____// ______ \   / ________)        
        / /_________  / /      \ \     | |     / /      \ \ | (_______          
       |  __________|| |        | |    | |    | |        | | \________ \        
        \ \_________ | |        | |    | |     \ \______/ /___________) |       
         \__________||_|        |_|    |_|      \________//____________/        
                                                                                
====================================[ Qcore ]===================================

 Git hash:   15a3e7daff0cda5fa9af010ccd19a80288182ecf
 Git date:   Fri, 16 Apr 2021 15:57:16 +0100
 Compiler:   GNU 9.1.0
 Build type: Release
 Version:    1.1.0

 Start time: Wed Jun  2 11:51:39 2021

 Data directory: /work/zw18965/.local/qcore/share/entos/1.1.0/data
 Number of threads: 24
 Number of threads was determined by: command line argument
  - More threads can be used by running 'qcore -n 32'

 --------------------------------------------------------------------------------
                                   command: dft                                  
 --------------------------------------------------------------------------------
 AO basis set:                           aug-cc-pvtz
 Number of AO basis functions:         139

 Formula:                                FMn
 Nuclear charge:                        34.000000000
 Total charge:                           0.000000000
 Number of electrons:                   34.000000000

 Number of alpha electrons:             20
 Number of beta electrons:              14
 Number of unpaired electrons:           6
 Spin:                                   6
 Multiplicity:                           octet

 Theory:                                 dft
 Exchange-correlation functional:        pbe0
 Method for Coulomb:                     incore_df
 Method for exact exchange:              pre_transformed_df
 Integral threshold:                     1.00e-12
 DF basis set:                           def2-tzvp-jkfit(spdfghi)
 Number of DF basis functions:         341
 Schwarz screening threshold:            1.00e-10
 Coulomb fitting method:                 Cholesky
 Total number of grid points:        14748
 Method for AO orthogonalization:        symmetric
 Threshold for linear dependence:        1.00e-08
 D3BJ dispersion energy:                -0.000377270

 -------------------------------------
  Running unrestricted open-shell SCF 
 -------------------------------------
 Max number of iterations:             128
 Conv. threshold (gradient):             1.00e-05
 Conv. threshold (energy):               1.00e-06
 Interpolation scheme:                   adiis+cdiis
 Initial guess:                          SAD

WARNING: atomic SCF not converged for Mn atom. Will fall back to diagonal density


 ---------------------------------------------------------------
                  energy        change          grad        time
 ---------------------------------------------------------------
   0      -165.321077719                    7.04e+00        0.03
   1     -1109.890042573     -9.45e+02      8.30e+00        0.03
   2     -1117.567488307     -7.68e+00      1.01e+01        0.03
   3     -1230.148637145     -1.13e+02      6.59e+00        0.03
   4     -1243.577471118     -1.34e+01      5.22e+00        0.03
   5     -1240.113231919      3.46e+00      3.67e+00        0.03
   6     -1247.460908854     -7.35e+00      3.22e+00        0.03
   7     -1249.494194363     -2.03e+00      2.12e+00        0.03
   8     -1250.406843967     -9.13e-01      8.39e-01        0.03
   9     -1250.386605239      2.02e-02      7.88e-01        0.03
  10     -1250.634391734     -2.48e-01      7.56e-02        0.04
  11     -1250.631568124      2.82e-03      1.28e-01        0.04
  12     -1250.636008576     -4.44e-03      6.88e-03        0.03
  13     -1250.636025619     -1.70e-05      5.03e-03        0.03
  14     -1250.636030665     -5.05e-06      1.11e-03        0.03
  15     -1250.636030953     -2.88e-07      2.02e-04        0.03
  16     -1250.636030971     -1.79e-08      2.17e-05        0.03
  17     -1250.636030972     -4.27e-10      6.93e-06        0.02

 SCF converged in 17 iterations.

 Dipole moment (in Debye):               0.000000       0.000000      -2.496808

 Quadrupole moment (in Debye-Angstrom):
                  1            2            3
 1       -19.520638     0.000000     0.000000
 2         0.000000   -19.520638     0.000000
 3         0.000000     0.000000   -27.691224

 Spin-squared expectation <S^2>:        12.003
 Total spin quantum number S:            3.000
 TOTAL ENERGY:                       -1250.636030972

 --------------------------------------------------------------------------------

 End time:                               Wed Jun  2 11:51:43 2021
 Total wall-clock time:                  3.969 seconds
==================================================================================
