
================================================================================
          _____________ ________ _______________ ________     _________         
         / ___________// ______ \\_____   _____// ______ \   / ________)        
        / /_________  / /      \ \     | |     / /      \ \ | (_______          
       |  __________|| |        | |    | |    | |        | | \________ \        
        \ \_________ | |        | |    | |     \ \______/ /___________) |       
         \__________||_|        |_|    |_|      \________//____________/        
                                                                                
====================================[ Qcore ]===================================

 Git hash:   15a3e7daff0cda5fa9af010ccd19a80288182ecf
 Git date:   Fri, 16 Apr 2021 15:57:16 +0100
 Compiler:   GNU 9.1.0
 Build type: Release
 Version:    1.1.0

 Start time: Wed Jun  2 11:52:17 2021

 Data directory: /work/zw18965/.local/qcore/share/entos/1.1.0/data
 Number of threads: 24
 Number of threads was determined by: command line argument
  - More threads can be used by running 'qcore -n 32'

 --------------------------------------------------------------------------------
                                   command: dft                                  
 --------------------------------------------------------------------------------
 AO basis set:                           aug-cc-pvtz
 Number of AO basis functions:         116

 Formula:                                HCo
 Nuclear charge:                        28.000000000
 Total charge:                           0.000000000
 Number of electrons:                   28.000000000

 Number of alpha electrons:             15
 Number of beta electrons:              13
 Number of unpaired electrons:           2
 Spin:                                   2
 Multiplicity:                           triplet

 Theory:                                 dft
 Exchange-correlation functional:        pbe0
 Method for Coulomb:                     incore_df
 Method for exact exchange:              pre_transformed_df
 Integral threshold:                     1.00e-12
 DF basis set:                           def2-tzvp-jkfit(spdfghi)
 Number of DF basis functions:         282
 Schwarz screening threshold:            1.00e-10
 Coulomb fitting method:                 Cholesky
 Total number of grid points:        13826
 Method for AO orthogonalization:        symmetric
 Threshold for linear dependence:        1.00e-08
 D3BJ dispersion energy:                -0.000338788

 -------------------------------------
  Running unrestricted open-shell SCF 
 -------------------------------------
 Max number of iterations:             128
 Conv. threshold (gradient):             1.00e-05
 Conv. threshold (energy):               1.00e-06
 Interpolation scheme:                   adiis+cdiis
 Initial guess:                          SAD

 ---------------------------------------------------------------
                  energy        change          grad        time
 ---------------------------------------------------------------
   0     -1382.857416511                    2.00e+00        0.03
   1     -1383.075800148     -2.18e-01      3.06e-01        0.02
   2     -1383.077090302     -1.29e-03      3.47e-01        0.02
   3     -1383.096064019     -1.90e-02      2.54e-01        0.02
   4     -1383.092189382      3.87e-03      2.45e-01        0.02
   5     -1383.109359234     -1.72e-02      4.26e-02        0.02
   6     -1383.109150373      2.09e-04      6.40e-02        0.02
   7     -1383.109943186     -7.93e-04      4.12e-03        0.02
   8     -1383.109950456     -7.27e-06      1.05e-03        0.02
   9     -1383.109951269     -8.14e-07      2.81e-04        0.02
  10     -1383.109951340     -7.04e-08      7.48e-05        0.02
  11     -1383.109951345     -4.61e-09      2.10e-05        0.03
  12     -1383.109951345     -6.01e-10      7.05e-06        0.03

 SCF converged in 12 iterations.

 Dipole moment (in Debye):              -0.000000      -0.000000      -2.970883

 Quadrupole moment (in Debye-Angstrom):
                  1            2            3
 1       -14.918884     0.000000     0.000004
 2         0.000000   -14.918884     0.000004
 3         0.000004     0.000004   -16.830564

 Spin-squared expectation <S^2>:         2.028
 Total spin quantum number S:            1.009
 TOTAL ENERGY:                       -1383.109951345

 --------------------------------------------------------------------------------

 End time:                               Wed Jun  2 11:52:19 2021
 Total wall-clock time:                  2.318 seconds
==================================================================================
