
================================================================================
          _____________ ________ _______________ ________     _________         
         / ___________// ______ \\_____   _____// ______ \   / ________)        
        / /_________  / /      \ \     | |     / /      \ \ | (_______          
       |  __________|| |        | |    | |    | |        | | \________ \        
        \ \_________ | |        | |    | |     \ \______/ /___________) |       
         \__________||_|        |_|    |_|      \________//____________/        
                                                                                
====================================[ Qcore ]===================================

 Git hash:   15a3e7daff0cda5fa9af010ccd19a80288182ecf
 Git date:   Fri, 16 Apr 2021 15:57:16 +0100
 Compiler:   GNU 9.1.0
 Build type: Release
 Version:    1.1.0

 Start time: Wed Jun  2 11:52:23 2021

 Data directory: /work/zw18965/.local/qcore/share/entos/1.1.0/data
 Number of threads: 24
 Number of threads was determined by: command line argument
  - More threads can be used by running 'qcore -n 32'

 --------------------------------------------------------------------------------
                                   command: dft                                  
 --------------------------------------------------------------------------------
 AO basis set:                           aug-cc-pvtz
 Number of AO basis functions:         143

 Formula:                                ClCo
 Nuclear charge:                        44.000000000
 Total charge:                           0.000000000
 Number of electrons:                   44.000000000

 Number of alpha electrons:             23
 Number of beta electrons:              21
 Number of unpaired electrons:           2
 Spin:                                   2
 Multiplicity:                           triplet

 Theory:                                 dft
 Exchange-correlation functional:        pbe0
 Method for Coulomb:                     incore_df
 Method for exact exchange:              pre_transformed_df
 Integral threshold:                     1.00e-12
 DF basis set:                           def2-tzvp-jkfit(spdfghi)
 Number of DF basis functions:         392
 Schwarz screening threshold:            1.00e-10
 Coulomb fitting method:                 Cholesky
 Total number of grid points:        15430
 Method for AO orthogonalization:        symmetric
 Threshold for linear dependence:        1.00e-08
 D3BJ dispersion energy:                -0.001031744

 -------------------------------------
  Running unrestricted open-shell SCF 
 -------------------------------------
 Max number of iterations:             128
 Conv. threshold (gradient):             1.00e-05
 Conv. threshold (energy):               1.00e-06
 Interpolation scheme:                   adiis+cdiis
 Initial guess:                          SAD

 ---------------------------------------------------------------
                  energy        change          grad        time
 ---------------------------------------------------------------
   0     -1842.496338785                    2.43e+00        0.03
   1     -1842.587720217     -9.14e-02      4.68e-01        0.03
   2     -1842.506248243      8.15e-02      7.68e-01        0.03
   3     -1842.633794900     -1.28e-01      1.42e-01        0.03
   4     -1842.627220778      6.57e-03      2.73e-01        0.03
   5     -1842.643625433     -1.64e-02      8.18e-02        0.03
   6     -1842.642426573      1.20e-03      1.92e-01        0.03
   7     -1842.651889990     -9.46e-03      5.14e-02        0.03
   8     -1842.656353704     -4.46e-03      4.54e-02        0.03
   9     -1842.659398943     -3.05e-03      4.06e-02        0.03
  10     -1842.664243374     -4.84e-03      9.15e-02        0.03
  11     -1842.665336529     -1.09e-03      3.67e-02        0.03
  12     -1842.665499583     -1.63e-04      2.74e-02        0.03
  13     -1842.665718249     -2.19e-04      9.19e-03        0.03
  14     -1842.665734617     -1.64e-05      1.60e-03        0.03
  15     -1842.665736610     -1.99e-06      1.10e-03        0.03
  16     -1842.665737532     -9.22e-07      1.04e-03        0.03
  17     -1842.665738439     -9.08e-07      8.39e-04        0.03
  18     -1842.665738649     -2.09e-07      1.97e-04        0.03
  19     -1842.665738697     -4.87e-08      4.28e-05        0.03
  20     -1842.665738700     -2.44e-09      2.61e-05        0.03
  21     -1842.665738701     -1.11e-09      2.37e-05        0.03
  22     -1842.665738702     -8.85e-10      2.35e-05        0.03
  23     -1842.665738702     -3.57e-10      2.34e-05        0.03
  24     -1842.665738702     -2.41e-11      2.34e-05        0.03
  25     -1842.665738700      2.03e-09      2.33e-05        0.03
  26     -1842.665738697      3.27e-09      2.40e-05        0.03
  27     -1842.665738675      2.15e-08      2.43e-05        0.03
  28     -1842.665738649      2.63e-08      2.38e-05        0.03
  29     -1842.665738580      6.91e-08      2.33e-05        0.03
  30     -1842.665738490      8.96e-08      2.55e-05        0.03
  31     -1842.665738518     -2.73e-08      2.55e-05        0.03
  32     -1842.665738459      5.90e-08      2.86e-05        0.03
  33     -1842.665738355      1.04e-07      4.81e-05        0.03
  34     -1842.665738243      1.11e-07      1.42e-04        0.03
  35     -1842.665738281     -3.72e-08      9.35e-05        0.03
  36     -1842.665738281     -1.67e-10      9.09e-05        0.03
  37     -1842.665738283     -1.84e-09      9.02e-05        0.03
  38     -1842.665738271      1.16e-08      1.02e-04        0.03
  39     -1842.665738297     -2.60e-08      7.29e-05        0.03
  40     -1842.665738318     -2.13e-08      5.62e-05        0.03
  41     -1842.665738305      1.35e-08      5.78e-05        0.03
  42     -1842.665738360     -5.52e-08      3.86e-05        0.03
  43     -1842.665738345      1.52e-08      2.96e-05        0.03
  44     -1842.665738348     -2.96e-09      2.04e-05        0.03
  45     -1842.665738325      2.28e-08      1.68e-05        0.03
  46     -1842.665738266      5.94e-08      1.86e-05        0.03
  47     -1842.665738245      2.03e-08      1.98e-05        0.03
  48     -1842.665738245      6.38e-10      9.50e-06        0.03

 SCF converged in 48 iterations.

 Dipole moment (in Debye):               0.000166       0.000169      -5.171772

 Quadrupole moment (in Debye-Angstrom):
                  1            2            3
 1       -26.772781     0.365036    -0.000314
 2         0.365036   -26.774649    -0.000319
 3        -0.000314    -0.000319   -23.782441

 Spin-squared expectation <S^2>:         2.031
 Total spin quantum number S:            1.010
 TOTAL ENERGY:                       -1842.665738245

 --------------------------------------------------------------------------------

 End time:                               Wed Jun  2 11:52:27 2021
 Total wall-clock time:                  3.955 seconds
==================================================================================
