
================================================================================
          _____________ ________ _______________ ________     _________         
         / ___________// ______ \\_____   _____// ______ \   / ________)        
        / /_________  / /      \ \     | |     / /      \ \ | (_______          
       |  __________|| |        | |    | |    | |        | | \________ \        
        \ \_________ | |        | |    | |     \ \______/ /___________) |       
         \__________||_|        |_|    |_|      \________//____________/        
                                                                                
====================================[ Qcore ]===================================

 Git hash:   15a3e7daff0cda5fa9af010ccd19a80288182ecf
 Git date:   Fri, 16 Apr 2021 15:57:16 +0100
 Compiler:   GNU 9.1.0
 Build type: Release
 Version:    1.1.0

 Start time: Wed Jun  2 11:52:27 2021

 Data directory: /work/zw18965/.local/qcore/share/entos/1.1.0/data
 Number of threads: 24
 Number of threads was determined by: command line argument
  - More threads can be used by running 'qcore -n 32'

 --------------------------------------------------------------------------------
                                   command: dft                                  
 --------------------------------------------------------------------------------
 AO basis set:                           aug-cc-pvtz
 Number of AO basis functions:         152

 Formula:                                CoBr
 Nuclear charge:                        62.000000000
 Total charge:                           0.000000000
 Number of electrons:                   62.000000000

 Number of alpha electrons:             32
 Number of beta electrons:              30
 Number of unpaired electrons:           2
 Spin:                                   2
 Multiplicity:                           triplet

 Theory:                                 dft
 Exchange-correlation functional:        pbe0
 Method for Coulomb:                     incore_df
 Method for exact exchange:              pre_transformed_df
 Integral threshold:                     1.00e-12
 DF basis set:                           def2-tzvp-jkfit(spdfghi)
 Number of DF basis functions:         530
 Schwarz screening threshold:            1.00e-10
 Coulomb fitting method:                 Cholesky
 Total number of grid points:        16100
 Method for AO orthogonalization:        symmetric
 Threshold for linear dependence:        1.00e-08
 D3BJ dispersion energy:                -0.001177024

 -------------------------------------
  Running unrestricted open-shell SCF 
 -------------------------------------
 Max number of iterations:             128
 Conv. threshold (gradient):             1.00e-05
 Conv. threshold (energy):               1.00e-06
 Interpolation scheme:                   adiis+cdiis
 Initial guess:                          SAD

 ---------------------------------------------------------------
                  energy        change          grad        time
 ---------------------------------------------------------------
   0     -3956.374260342                    2.56e+00        0.04
   1     -3956.435132755     -6.09e-02      4.35e-01        0.04
   2     -3956.399953032      3.52e-02      6.02e-01        0.03
   3     -3956.470558353     -7.06e-02      2.02e-01        0.04
   4     -3956.451950930      1.86e-02      3.69e-01        0.03
   5     -3956.484136593     -3.22e-02      8.14e-02        0.03
   6     -3956.487208533     -3.07e-03      9.01e-02        0.04
   7     -3956.492158128     -4.95e-03      5.24e-02        0.03
   8     -3956.498644642     -6.49e-03      4.11e-02        0.03
   9     -3956.500197021     -1.55e-03      4.13e-02        0.03
  10     -3956.504814405     -4.62e-03      8.97e-02        0.03
  11     -3956.505627274     -8.13e-04      5.54e-02        0.04
  12     -3956.505977370     -3.50e-04      3.52e-02        0.03
  13     -3956.506185288     -2.08e-04      9.63e-03        0.03
  14     -3956.506206237     -2.09e-05      3.27e-03        0.04
  15     -3956.506210121     -3.88e-06      1.83e-03        0.03
  16     -3956.506211568     -1.45e-06      1.93e-03        0.04
  17     -3956.506212545     -9.76e-07      2.24e-04        0.03
  18     -3956.506212577     -3.29e-08      1.04e-04        0.03
  19     -3956.506212588     -1.05e-08      4.74e-05        0.04
  20     -3956.506212589     -7.09e-10      7.42e-06        0.03

 SCF converged in 20 iterations.

 Dipole moment (in Debye):              -0.000008      -0.000008      -5.042856

 Quadrupole moment (in Debye-Angstrom):
                  1            2            3
 1       -32.841355     0.311685     0.000019
 2         0.311685   -32.842288     0.000019
 3         0.000019     0.000019   -24.967510

 Spin-squared expectation <S^2>:         2.021
 Total spin quantum number S:            1.007
 TOTAL ENERGY:                       -3956.506212589

 --------------------------------------------------------------------------------

 End time:                               Wed Jun  2 11:52:31 2021
 Total wall-clock time:                  3.694 seconds
==================================================================================
