
================================================================================
          _____________ ________ _______________ ________     _________         
         / ___________// ______ \\_____   _____// ______ \   / ________)        
        / /_________  / /      \ \     | |     / /      \ \ | (_______          
       |  __________|| |        | |    | |    | |        | | \________ \        
        \ \_________ | |        | |    | |     \ \______/ /___________) |       
         \__________||_|        |_|    |_|      \________//____________/        
                                                                                
====================================[ Qcore ]===================================

 Git hash:   15a3e7daff0cda5fa9af010ccd19a80288182ecf
 Git date:   Fri, 16 Apr 2021 15:57:16 +0100
 Compiler:   GNU 9.1.0
 Build type: Release
 Version:    1.1.0

 Start time: Wed Jun  2 11:52:31 2021

 Data directory: /work/zw18965/.local/qcore/share/entos/1.1.0/data
 Number of threads: 24
 Number of threads was determined by: command line argument
  - More threads can be used by running 'qcore -n 32'

 --------------------------------------------------------------------------------
                                   command: dft                                  
 --------------------------------------------------------------------------------
 AO basis set:                           aug-cc-pvtz
 Number of AO basis functions:         139

 Formula:                                OCo
 Nuclear charge:                        35.000000000
 Total charge:                           0.000000000
 Number of electrons:                   35.000000000

 Number of alpha electrons:             19
 Number of beta electrons:              16
 Number of unpaired electrons:           3
 Spin:                                   3
 Multiplicity:                           quartet

 Theory:                                 dft
 Exchange-correlation functional:        pbe0
 Method for Coulomb:                     incore_df
 Method for exact exchange:              pre_transformed_df
 Integral threshold:                     1.00e-12
 DF basis set:                           def2-tzvp-jkfit(spdfghi)
 Number of DF basis functions:         341
 Schwarz screening threshold:            1.00e-10
 Coulomb fitting method:                 Cholesky
 Total number of grid points:        14880
 Method for AO orthogonalization:        symmetric
 Threshold for linear dependence:        1.00e-08
 D3BJ dispersion energy:                -0.000491795

 -------------------------------------
  Running unrestricted open-shell SCF 
 -------------------------------------
 Max number of iterations:             128
 Conv. threshold (gradient):             1.00e-05
 Conv. threshold (energy):               1.00e-06
 Interpolation scheme:                   adiis+cdiis
 Initial guess:                          SAD

 ---------------------------------------------------------------
                  energy        change          grad        time
 ---------------------------------------------------------------
   0     -1457.479406140                    2.86e+00        0.03
   1     -1457.198759017      2.81e-01      1.47e+00        0.03
   2     -1447.915724703      9.28e+00      4.28e+00        0.03
   3     -1455.821267816     -7.91e+00      2.67e+00        0.03
   4     -1457.610947403     -1.79e+00      4.83e-01        0.03
   5     -1457.591818728      1.91e-02      5.36e-01        0.03
   6     -1457.664757280     -7.29e-02      3.71e-02        0.03
   7     -1457.660497593      4.26e-03      1.39e-01        0.03
   8     -1457.665196859     -4.70e-03      1.30e-02        0.03
   9     -1457.665235354     -3.85e-05      2.09e-03        0.03
  10     -1457.665238310     -2.96e-06      2.05e-03        0.03
  11     -1457.665239966     -1.66e-06      3.86e-04        0.03
  12     -1457.665240184     -2.18e-07      2.76e-04        0.04
  13     -1457.665240247     -6.32e-08      8.73e-05        0.03
  14     -1457.665240251     -3.80e-09      9.71e-06        0.03

 SCF converged in 14 iterations.

 Dipole moment (in Debye):               0.000000       0.000000      -5.644386

 Quadrupole moment (in Debye-Angstrom):
                  1            2            3
 1       -18.728608     0.000010    -0.000000
 2         0.000010   -18.728609    -0.000000
 3        -0.000000    -0.000000   -20.109114

 Spin-squared expectation <S^2>:         3.770
 Total spin quantum number S:            1.505
 TOTAL ENERGY:                       -1457.665240251

 --------------------------------------------------------------------------------

 End time:                               Wed Jun  2 11:52:33 2021
 Total wall-clock time:                  2.652 seconds
==================================================================================
