
================================================================================
          _____________ ________ _______________ ________     _________         
         / ___________// ______ \\_____   _____// ______ \   / ________)        
        / /_________  / /      \ \     | |     / /      \ \ | (_______          
       |  __________|| |        | |    | |    | |        | | \________ \        
        \ \_________ | |        | |    | |     \ \______/ /___________) |       
         \__________||_|        |_|    |_|      \________//____________/        
                                                                                
====================================[ Qcore ]===================================

 Git hash:   15a3e7daff0cda5fa9af010ccd19a80288182ecf
 Git date:   Fri, 16 Apr 2021 15:57:16 +0100
 Compiler:   GNU 9.1.0
 Build type: Release
 Version:    1.1.0

 Start time: Wed Jun  2 11:52:37 2021

 Data directory: /work/zw18965/.local/qcore/share/entos/1.1.0/data
 Number of threads: 24
 Number of threads was determined by: command line argument
  - More threads can be used by running 'qcore -n 32'

 --------------------------------------------------------------------------------
                                   command: dft                                  
 --------------------------------------------------------------------------------
 AO basis set:                           aug-cc-pvtz
 Number of AO basis functions:         116

 Formula:                                HNi
 Nuclear charge:                        29.000000000
 Total charge:                           0.000000000
 Number of electrons:                   29.000000000

 Number of alpha electrons:             15
 Number of beta electrons:              14
 Number of unpaired electrons:           1
 Spin:                                   1
 Multiplicity:                           doublet

 Theory:                                 dft
 Exchange-correlation functional:        pbe0
 Method for Coulomb:                     incore_df
 Method for exact exchange:              pre_transformed_df
 Integral threshold:                     1.00e-12
 DF basis set:                           def2-tzvp-jkfit(spdfghi)
 Number of DF basis functions:         282
 Schwarz screening threshold:            1.00e-10
 Coulomb fitting method:                 Cholesky
 Total number of grid points:        13826
 Method for AO orthogonalization:        symmetric
 Threshold for linear dependence:        1.00e-08
 D3BJ dispersion energy:                -0.000355745

 -------------------------------------
  Running unrestricted open-shell SCF 
 -------------------------------------
 Max number of iterations:             128
 Conv. threshold (gradient):             1.00e-05
 Conv. threshold (energy):               1.00e-06
 Interpolation scheme:                   adiis+cdiis
 Initial guess:                          SAD

 ---------------------------------------------------------------
                  energy        change          grad        time
 ---------------------------------------------------------------
   0     -1508.529844391                    2.05e+00        0.02
   1     -1508.639627194     -1.10e-01      2.24e-01        0.02
   2     -1508.646472230     -6.85e-03      2.56e-01        0.02
   3     -1508.647939128     -1.47e-03      2.34e-01        0.02
   4     -1508.658018117     -1.01e-02      2.09e-01        0.02
   5     -1508.664868666     -6.85e-03      7.44e-02        0.02
   6     -1508.665793208     -9.25e-04      5.82e-02        0.02
   7     -1508.666451738     -6.59e-04      1.69e-03        0.02
   8     -1508.666454138     -2.40e-06      5.30e-04        0.02
   9     -1508.666454385     -2.47e-07      1.83e-04        0.02
  10     -1508.666454415     -3.03e-08      7.12e-05        0.02
  11     -1508.666454419     -3.37e-09      1.63e-05        0.02
  12     -1508.666454419     -3.00e-10      5.35e-06        0.02

 SCF converged in 12 iterations.

 Dipole moment (in Debye):              -0.000000      -0.000000      -2.968702

 Quadrupole moment (in Debye-Angstrom):
                  1            2            3
 1       -14.474547     0.000000     0.000000
 2         0.000000   -14.474547     0.000000
 3         0.000000     0.000000   -15.754358

 Spin-squared expectation <S^2>:         0.763
 Total spin quantum number S:            0.507
 TOTAL ENERGY:                       -1508.666454419

 --------------------------------------------------------------------------------

 End time:                               Wed Jun  2 11:52:39 2021
 Total wall-clock time:                  2.210 seconds
==================================================================================
