
================================================================================
          _____________ ________ _______________ ________     _________         
         / ___________// ______ \\_____   _____// ______ \   / ________)        
        / /_________  / /      \ \     | |     / /      \ \ | (_______          
       |  __________|| |        | |    | |    | |        | | \________ \        
        \ \_________ | |        | |    | |     \ \______/ /___________) |       
         \__________||_|        |_|    |_|      \________//____________/        
                                                                                
====================================[ Qcore ]===================================

 Git hash:   15a3e7daff0cda5fa9af010ccd19a80288182ecf
 Git date:   Fri, 16 Apr 2021 15:57:16 +0100
 Compiler:   GNU 9.1.0
 Build type: Release
 Version:    1.1.0

 Start time: Wed Jun  2 11:52:48 2021

 Data directory: /work/zw18965/.local/qcore/share/entos/1.1.0/data
 Number of threads: 24
 Number of threads was determined by: command line argument
  - More threads can be used by running 'qcore -n 32'

 --------------------------------------------------------------------------------
                                   command: dft                                  
 --------------------------------------------------------------------------------
 AO basis set:                           aug-cc-pvtz
 Number of AO basis functions:         139

 Formula:                                ONi
 Nuclear charge:                        36.000000000
 Total charge:                           0.000000000
 Number of electrons:                   36.000000000

 Number of alpha electrons:             19
 Number of beta electrons:              17
 Number of unpaired electrons:           2
 Spin:                                   2
 Multiplicity:                           triplet

 Theory:                                 dft
 Exchange-correlation functional:        pbe0
 Method for Coulomb:                     incore_df
 Method for exact exchange:              pre_transformed_df
 Integral threshold:                     1.00e-12
 DF basis set:                           def2-tzvp-jkfit(spdfghi)
 Number of DF basis functions:         341
 Schwarz screening threshold:            1.00e-10
 Coulomb fitting method:                 Cholesky
 Total number of grid points:        14880
 Method for AO orthogonalization:        symmetric
 Threshold for linear dependence:        1.00e-08
 D3BJ dispersion energy:                -0.000509950

 -------------------------------------
  Running unrestricted open-shell SCF 
 -------------------------------------
 Max number of iterations:             128
 Conv. threshold (gradient):             1.00e-05
 Conv. threshold (energy):               1.00e-06
 Interpolation scheme:                   adiis+cdiis
 Initial guess:                          SAD

 ---------------------------------------------------------------
                  energy        change          grad        time
 ---------------------------------------------------------------
   0     -1583.128923725                    2.75e+00        0.03
   1     -1582.703841704      4.25e-01      1.43e+00        0.02
   2     -1574.271788443      8.43e+00      3.74e+00        0.03
   3     -1581.462649851     -7.19e+00      2.42e+00        0.03
   4     -1583.186685452     -1.72e+00      2.89e-01        0.03
   5     -1583.088828381      9.79e-02      6.83e-01        0.03
   6     -1583.194660099     -1.06e-01      2.21e-01        0.03
   7     -1583.201503195     -6.84e-03      1.08e-01        0.03
   8     -1583.203287930     -1.78e-03      8.08e-02        0.03
   9     -1583.202859553      4.28e-04      1.05e-01        0.03
  10     -1583.205553373     -2.69e-03      2.23e-02        0.03
  11     -1583.206150179     -5.97e-04      9.38e-03        0.03
  12     -1583.206296261     -1.46e-04      6.83e-03        0.03
  13     -1583.206333481     -3.72e-05      5.12e-03        0.03
  14     -1583.206371248     -3.78e-05      5.75e-03        0.04
  15     -1583.206427038     -5.58e-05      2.27e-03        0.03
  16     -1583.206434791     -7.75e-06      5.73e-04        0.03
  17     -1583.206435298     -5.06e-07      1.73e-04        0.03
  18     -1583.206435322     -2.40e-08      8.44e-05        0.03
  19     -1583.206435326     -4.25e-09      4.17e-05        0.03
  20     -1583.206435328     -1.96e-09      1.33e-05        0.03
  21     -1583.206435328     -1.86e-10      1.49e-05        0.03
  22     -1583.206435328     -5.68e-11      9.10e-06        0.03

 SCF converged in 22 iterations.

 Dipole moment (in Debye):              -0.000000      -0.000000      -5.238531

 Quadrupole moment (in Debye-Angstrom):
                  1            2            3
 1       -18.246030     0.104968     0.000000
 2         0.104968   -18.246161     0.000000
 3         0.000000     0.000000   -20.425908

 Spin-squared expectation <S^2>:         2.013
 Total spin quantum number S:            1.004
 TOTAL ENERGY:                       -1583.206435328

 --------------------------------------------------------------------------------

 End time:                               Wed Jun  2 11:52:50 2021
 Total wall-clock time:                  2.811 seconds
==================================================================================
