
================================================================================
          _____________ ________ _______________ ________     _________         
         / ___________// ______ \\_____   _____// ______ \   / ________)        
        / /_________  / /      \ \     | |     / /      \ \ | (_______          
       |  __________|| |        | |    | |    | |        | | \________ \        
        \ \_________ | |        | |    | |     \ \______/ /___________) |       
         \__________||_|        |_|    |_|      \________//____________/        
                                                                                
====================================[ Qcore ]===================================

 Git hash:   15a3e7daff0cda5fa9af010ccd19a80288182ecf
 Git date:   Fri, 16 Apr 2021 15:57:16 +0100
 Compiler:   GNU 9.1.0
 Build type: Release
 Version:    1.1.0

 Start time: Wed Jun  2 11:52:50 2021

 Data directory: /work/zw18965/.local/qcore/share/entos/1.1.0/data
 Number of threads: 24
 Number of threads was determined by: command line argument
  - More threads can be used by running 'qcore -n 32'

 --------------------------------------------------------------------------------
                                   command: dft                                  
 --------------------------------------------------------------------------------
 AO basis set:                           aug-cc-pvtz
 Number of AO basis functions:         143

 Formula:                                SNi
 Nuclear charge:                        44.000000000
 Total charge:                           0.000000000
 Number of electrons:                   44.000000000

 Number of alpha electrons:             23
 Number of beta electrons:              21
 Number of unpaired electrons:           2
 Spin:                                   2
 Multiplicity:                           triplet

 Theory:                                 dft
 Exchange-correlation functional:        pbe0
 Method for Coulomb:                     incore_df
 Method for exact exchange:              pre_transformed_df
 Integral threshold:                     1.00e-12
 DF basis set:                           def2-tzvp-jkfit(spdfghi)
 Number of DF basis functions:         392
 Schwarz screening threshold:            1.00e-10
 Coulomb fitting method:                 Cholesky
 Total number of grid points:        15286
 Method for AO orthogonalization:        symmetric
 Threshold for linear dependence:        1.00e-08
 D3BJ dispersion energy:                -0.001228604

 -------------------------------------
  Running unrestricted open-shell SCF 
 -------------------------------------
 Max number of iterations:             128
 Conv. threshold (gradient):             1.00e-05
 Conv. threshold (energy):               1.00e-06
 Interpolation scheme:                   adiis+cdiis
 Initial guess:                          SAD

 ---------------------------------------------------------------
                  energy        change          grad        time
 ---------------------------------------------------------------
   0     -1906.196378771                    3.47e+00        0.03
   1     -1905.993259439      2.03e-01      9.52e-01        0.03
   2     -1903.292988860      2.70e+00      2.53e+00        0.03
   3     -1905.646213796     -2.35e+00      1.46e+00        0.03
   4     -1906.159200783     -5.13e-01      2.25e-01        0.03
   5     -1906.135416923      2.38e-02      3.73e-01        0.03
   6     -1906.172960115     -3.75e-02      5.25e-02        0.03
   7     -1906.171611264      1.35e-03      8.68e-02        0.03
   8     -1906.174008326     -2.40e-03      1.79e-02        0.03
   9     -1906.174090593     -8.23e-05      5.68e-03        0.03
  10     -1906.174096305     -5.71e-06      2.58e-03        0.03
  11     -1906.174098189     -1.88e-06      1.48e-04        0.02
  12     -1906.174098213     -2.45e-08      1.31e-04        0.03
  13     -1906.174098218     -5.07e-09      4.19e-05        0.03
  14     -1906.174098219     -4.39e-10      3.52e-06        0.03

 SCF converged in 14 iterations.

 Dipole moment (in Debye):              -0.000000      -0.000000      -4.656226

 Quadrupole moment (in Debye-Angstrom):
                  1            2            3
 1       -27.271052    -0.000000     0.000000
 2        -0.000000   -27.271052     0.000000
 3         0.000000     0.000000   -23.345495

 Spin-squared expectation <S^2>:         2.018
 Total spin quantum number S:            1.006
 TOTAL ENERGY:                       -1906.174098219

 --------------------------------------------------------------------------------

 End time:                               Wed Jun  2 11:52:53 2021
 Total wall-clock time:                  2.761 seconds
==================================================================================
