
================================================================================
          _____________ ________ _______________ ________     _________         
         / ___________// ______ \\_____   _____// ______ \   / ________)        
        / /_________  / /      \ \     | |     / /      \ \ | (_______          
       |  __________|| |        | |    | |    | |        | | \________ \        
        \ \_________ | |        | |    | |     \ \______/ /___________) |       
         \__________||_|        |_|    |_|      \________//____________/        
                                                                                
====================================[ Qcore ]===================================

 Git hash:   15a3e7daff0cda5fa9af010ccd19a80288182ecf
 Git date:   Fri, 16 Apr 2021 15:57:16 +0100
 Compiler:   GNU 9.1.0
 Build type: Release
 Version:    1.1.0

 Start time: Wed Jun  2 11:52:58 2021

 Data directory: /work/zw18965/.local/qcore/share/entos/1.1.0/data
 Number of threads: 24
 Number of threads was determined by: command line argument
  - More threads can be used by running 'qcore -n 32'

 --------------------------------------------------------------------------------
                                   command: dft                                  
 --------------------------------------------------------------------------------
 AO basis set:                           aug-cc-pvtz
 Number of AO basis functions:         143

 Formula:                                ClCu
 Nuclear charge:                        46.000000000
 Total charge:                           0.000000000
 Number of electrons:                   46.000000000

 Number of alpha electrons:             23
 Number of beta electrons:              23
 Number of unpaired electrons:           0
 Spin:                                   0
 Multiplicity:                           singlet

 Theory:                                 dft
 Exchange-correlation functional:        pbe0
 Method for Coulomb:                     incore_df
 Method for exact exchange:              pre_transformed_df
 Integral threshold:                     1.00e-12
 DF basis set:                           def2-tzvp-jkfit(spdfghi)
 Number of DF basis functions:         392
 Schwarz screening threshold:            1.00e-10
 Coulomb fitting method:                 Cholesky
 Total number of grid points:        15430
 Method for AO orthogonalization:        symmetric
 Threshold for linear dependence:        1.00e-08
 D3BJ dispersion energy:                -0.000943867

 -------------------------------------
  Running restricted closed-shell SCF 
 -------------------------------------
 Max number of iterations:             128
 Conv. threshold (gradient):             1.00e-05
 Conv. threshold (energy):               1.00e-06
 Interpolation scheme:                   adiis+cdiis
 Initial guess:                          SAD

 ---------------------------------------------------------------
                  energy        change          grad        time
 ---------------------------------------------------------------
   0     -2100.474646749                    5.36e+00        0.02
   1     -2100.380425298      9.42e-02      5.65e-01        0.02
   2     -2100.262208790      1.18e-01      1.16e+00        0.02
   3     -2100.423309480     -1.61e-01      1.92e-01        0.02
   4     -2100.421682809      1.63e-03      2.44e-01        0.02
   5     -2100.428564420     -6.88e-03      7.03e-02        0.02
   6     -2100.426889024      1.68e-03      1.79e-01        0.02
   7     -2100.428865872     -1.98e-03      2.54e-03        0.02
   8     -2100.428867014     -1.14e-06      7.31e-04        0.02
   9     -2100.428867150     -1.35e-07      3.15e-04        0.02
  10     -2100.428867167     -1.78e-08      4.32e-05        0.02
  11     -2100.428867168     -3.99e-10      5.58e-06        0.02

 SCF converged in 11 iterations.

 Dipole moment (in Debye):              -0.000000      -0.000000      -5.163552

 Quadrupole moment (in Debye-Angstrom):
                  1            2            3
 1       -25.691123     0.000000     0.000000
 2         0.000000   -25.691123     0.000000
 3         0.000000     0.000000   -23.574483

 Spin-squared expectation <S^2>:         0.000
 Total spin quantum number S:            0.000
 TOTAL ENERGY:                       -2100.428867168

 --------------------------------------------------------------------------------

 End time:                               Wed Jun  2 11:53:00 2021
 Total wall-clock time:                  2.498 seconds
==================================================================================
