
================================================================================
          _____________ ________ _______________ ________     _________         
         / ___________// ______ \\_____   _____// ______ \   / ________)        
        / /_________  / /      \ \     | |     / /      \ \ | (_______          
       |  __________|| |        | |    | |    | |        | | \________ \        
        \ \_________ | |        | |    | |     \ \______/ /___________) |       
         \__________||_|        |_|    |_|      \________//____________/        
                                                                                
====================================[ Qcore ]===================================

 Git hash:   15a3e7daff0cda5fa9af010ccd19a80288182ecf
 Git date:   Fri, 16 Apr 2021 15:57:16 +0100
 Compiler:   GNU 9.1.0
 Build type: Release
 Version:    1.1.0

 Start time: Wed Jun  2 11:53:00 2021

 Data directory: /work/zw18965/.local/qcore/share/entos/1.1.0/data
 Number of threads: 24
 Number of threads was determined by: command line argument
  - More threads can be used by running 'qcore -n 32'

 --------------------------------------------------------------------------------
                                   command: dft                                  
 --------------------------------------------------------------------------------
 AO basis set:                           aug-cc-pvtz
 Number of AO basis functions:         152

 Formula:                                CuBr
 Nuclear charge:                        64.000000000
 Total charge:                           0.000000000
 Number of electrons:                   64.000000000

 Number of alpha electrons:             32
 Number of beta electrons:              32
 Number of unpaired electrons:           0
 Spin:                                   0
 Multiplicity:                           singlet

 Theory:                                 dft
 Exchange-correlation functional:        pbe0
 Method for Coulomb:                     incore_df
 Method for exact exchange:              pre_transformed_df
 Integral threshold:                     1.00e-12
 DF basis set:                           def2-tzvp-jkfit(spdfghi)
 Number of DF basis functions:         530
 Schwarz screening threshold:            1.00e-10
 Coulomb fitting method:                 Cholesky
 Total number of grid points:        16100
 Method for AO orthogonalization:        symmetric
 Threshold for linear dependence:        1.00e-08
 D3BJ dispersion energy:                -0.001083328

 -------------------------------------
  Running restricted closed-shell SCF 
 -------------------------------------
 Max number of iterations:             128
 Conv. threshold (gradient):             1.00e-05
 Conv. threshold (energy):               1.00e-06
 Interpolation scheme:                   adiis+cdiis
 Initial guess:                          SAD

 ---------------------------------------------------------------
                  energy        change          grad        time
 ---------------------------------------------------------------
   0     -4214.346174133                    5.56e+00        0.03
   1     -4214.231920254      1.14e-01      5.43e-01        0.03
   2     -4214.144781185      8.71e-02      1.07e+00        0.02
   3     -4214.267184909     -1.22e-01      1.45e-01        0.02
   4     -4214.265814263      1.37e-03      1.97e-01        0.02
   5     -4214.270877136     -5.06e-03      5.30e-02        0.02
   6     -4214.270068009      8.09e-04      1.26e-01        0.02
   7     -4214.271041726     -9.74e-04      2.00e-03        0.02
   8     -4214.271042439     -7.13e-07      6.71e-04        0.02
   9     -4214.271042542     -1.02e-07      2.73e-04        0.02
  10     -4214.271042557     -1.55e-08      4.62e-05        0.02
  11     -4214.271042557     -3.67e-10      9.04e-06        0.02

 SCF converged in 11 iterations.

 Dipole moment (in Debye):              -0.000000      -0.000000      -4.975619

 Quadrupole moment (in Debye-Angstrom):
                  1            2            3
 1       -31.814884    -0.000000     0.000000
 2        -0.000000   -31.814884     0.000000
 3         0.000000     0.000000   -24.880157

 Spin-squared expectation <S^2>:         0.000
 Total spin quantum number S:            0.000
 TOTAL ENERGY:                       -4214.271042558

 --------------------------------------------------------------------------------

 End time:                               Wed Jun  2 11:53:04 2021
 Total wall-clock time:                  3.208 seconds
==================================================================================
