
================================================================================
          _____________ ________ _______________ ________     _________         
         / ___________// ______ \\_____   _____// ______ \   / ________)        
        / /_________  / /      \ \     | |     / /      \ \ | (_______          
       |  __________|| |        | |    | |    | |        | | \________ \        
        \ \_________ | |        | |    | |     \ \______/ /___________) |       
         \__________||_|        |_|    |_|      \________//____________/        
                                                                                
====================================[ Qcore ]===================================

 Git hash:   15a3e7daff0cda5fa9af010ccd19a80288182ecf
 Git date:   Fri, 16 Apr 2021 15:57:16 +0100
 Compiler:   GNU 9.1.0
 Build type: Release
 Version:    1.1.0

 Start time: Wed Jun  2 11:53:04 2021

 Data directory: /work/zw18965/.local/qcore/share/entos/1.1.0/data
 Number of threads: 24
 Number of threads was determined by: command line argument
  - More threads can be used by running 'qcore -n 32'

 --------------------------------------------------------------------------------
                                   command: dft                                  
 --------------------------------------------------------------------------------
 AO basis set:                           aug-cc-pvtz
 Number of AO basis functions:         139

 Formula:                                OCu
 Nuclear charge:                        37.000000000
 Total charge:                           0.000000000
 Number of electrons:                   37.000000000

 Number of alpha electrons:             19
 Number of beta electrons:              18
 Number of unpaired electrons:           1
 Spin:                                   1
 Multiplicity:                           doublet

 Theory:                                 dft
 Exchange-correlation functional:        pbe0
 Method for Coulomb:                     incore_df
 Method for exact exchange:              pre_transformed_df
 Integral threshold:                     1.00e-12
 DF basis set:                           def2-tzvp-jkfit(spdfghi)
 Number of DF basis functions:         341
 Schwarz screening threshold:            1.00e-10
 Coulomb fitting method:                 Cholesky
 Total number of grid points:        14880
 Method for AO orthogonalization:        symmetric
 Threshold for linear dependence:        1.00e-08
 D3BJ dispersion energy:                -0.000451113

 -------------------------------------
  Running unrestricted open-shell SCF 
 -------------------------------------
 Max number of iterations:             128
 Conv. threshold (gradient):             1.00e-05
 Conv. threshold (energy):               1.00e-06
 Interpolation scheme:                   adiis+cdiis
 Initial guess:                          SAD

 ---------------------------------------------------------------
                  energy        change          grad        time
 ---------------------------------------------------------------
   0     -1715.362797938                    2.38e+00        0.03
   1     -1714.769775212      5.93e-01      1.32e+00        0.03
   2     -1706.590240265      8.18e+00      3.30e+00        0.03
   3     -1714.184882077     -7.59e+00      1.88e+00        0.03
   4     -1715.306075937     -1.12e+00      6.12e-01        0.03
   5     -1715.368974228     -6.29e-02      3.89e-01        0.03
   6     -1715.394714604     -2.57e-02      1.66e-01        0.03
   7     -1715.395238064     -5.23e-04      1.48e-01        0.03
   8     -1715.394063507      1.17e-03      2.00e-01        0.03
   9     -1715.402000284     -7.94e-03      2.33e-02        0.03
  10     -1715.401279057      7.21e-04      6.09e-02        0.04
  11     -1715.402223476     -9.44e-04      3.76e-03        0.03
  12     -1715.402235792     -1.23e-05      2.28e-03        0.03
  13     -1715.402242055     -6.26e-06      8.06e-04        0.02
  14     -1715.402243562     -1.51e-06      2.74e-04        0.03
  15     -1715.402243687     -1.25e-07      1.03e-04        0.03
  16     -1715.402243696     -8.52e-09      3.53e-05        0.03
  17     -1715.402243696     -4.53e-10      1.19e-05        0.03
  18     -1715.402243696     -2.41e-11      1.97e-06        0.03

 SCF converged in 18 iterations.

 Dipole moment (in Debye):              -0.000000      -0.000000      -4.696544

 Quadrupole moment (in Debye-Angstrom):
                  1            2            3
 1       -17.994542    -0.775209    -0.000000
 2        -0.775209   -17.994540    -0.000000
 3        -0.000000    -0.000000   -19.839046

 Spin-squared expectation <S^2>:         0.767
 Total spin quantum number S:            0.508
 TOTAL ENERGY:                       -1715.402243696

 --------------------------------------------------------------------------------

 End time:                               Wed Jun  2 11:53:06 2021
 Total wall-clock time:                  2.657 seconds
==================================================================================
