
================================================================================
          _____________ ________ _______________ ________     _________         
         / ___________// ______ \\_____   _____// ______ \   / ________)        
        / /_________  / /      \ \     | |     / /      \ \ | (_______          
       |  __________|| |        | |    | |    | |        | | \________ \        
        \ \_________ | |        | |    | |     \ \______/ /___________) |       
         \__________||_|        |_|    |_|      \________//____________/        
                                                                                
====================================[ Qcore ]===================================

 Git hash:   15a3e7daff0cda5fa9af010ccd19a80288182ecf
 Git date:   Fri, 16 Apr 2021 15:57:16 +0100
 Compiler:   GNU 9.1.0
 Build type: Release
 Version:    1.1.0

 Start time: Wed Jun  2 11:53:07 2021

 Data directory: /work/zw18965/.local/qcore/share/entos/1.1.0/data
 Number of threads: 24
 Number of threads was determined by: command line argument
  - More threads can be used by running 'qcore -n 32'

 --------------------------------------------------------------------------------
                                   command: dft                                  
 --------------------------------------------------------------------------------
 AO basis set:                           aug-cc-pvtz
 Number of AO basis functions:         143

 Formula:                                SCu
 Nuclear charge:                        45.000000000
 Total charge:                           0.000000000
 Number of electrons:                   45.000000000

 Number of alpha electrons:             23
 Number of beta electrons:              22
 Number of unpaired electrons:           1
 Spin:                                   1
 Multiplicity:                           doublet

 Theory:                                 dft
 Exchange-correlation functional:        pbe0
 Method for Coulomb:                     incore_df
 Method for exact exchange:              pre_transformed_df
 Integral threshold:                     1.00e-12
 DF basis set:                           def2-tzvp-jkfit(spdfghi)
 Number of DF basis functions:         392
 Schwarz screening threshold:            1.00e-10
 Coulomb fitting method:                 Cholesky
 Total number of grid points:        15286
 Method for AO orthogonalization:        symmetric
 Threshold for linear dependence:        1.00e-08
 D3BJ dispersion energy:                -0.001082437

 -------------------------------------
  Running unrestricted open-shell SCF 
 -------------------------------------
 Max number of iterations:             128
 Conv. threshold (gradient):             1.00e-05
 Conv. threshold (energy):               1.00e-06
 Interpolation scheme:                   adiis+cdiis
 Initial guess:                          SAD

 ---------------------------------------------------------------
                  energy        change          grad        time
 ---------------------------------------------------------------
   0     -2038.437800837                    3.17e+00        0.03
   1     -2038.105182331      3.33e-01      1.29e+00        0.03
   2     -2035.834455434      2.27e+00      2.07e+00        0.03
   3     -2038.081808507     -2.25e+00      9.65e-01        0.03
   4     -2038.354453892     -2.73e-01      1.92e-01        0.03
   5     -2038.333023232      2.14e-02      3.52e-01        0.03
   6     -2038.366526707     -3.35e-02      1.35e-01        0.03
   7     -2038.348020634      1.85e-02      2.87e-01        0.03
   8     -2038.369509139     -2.15e-02      5.61e-02        0.03
   9     -2038.370711329     -1.20e-03      3.33e-02        0.03
  10     -2038.371155133     -4.44e-04      2.20e-03        0.03
  11     -2038.371157747     -2.61e-06      4.42e-04        0.03
  12     -2038.371157853     -1.07e-07      1.44e-04        0.03
  13     -2038.371157865     -1.14e-08      4.57e-05        0.03
  14     -2038.371157866     -9.32e-10      1.20e-05        0.03
  15     -2038.371157866     -1.07e-10      4.22e-06        0.03

 SCF converged in 15 iterations.

 Dipole moment (in Debye):              -0.000000      -0.000000      -4.367017

 Quadrupole moment (in Debye-Angstrom):
                  1            2            3
 1       -26.694937     1.449134     0.000000
 2         1.449134   -26.694768     0.000000
 3         0.000000     0.000000   -24.476397

 Spin-squared expectation <S^2>:         0.757
 Total spin quantum number S:            0.503
 TOTAL ENERGY:                       -2038.371157866

 --------------------------------------------------------------------------------

 End time:                               Wed Jun  2 11:53:09 2021
 Total wall-clock time:                  2.711 seconds
==================================================================================
