
================================================================================
          _____________ ________ _______________ ________     _________         
         / ___________// ______ \\_____   _____// ______ \   / ________)        
        / /_________  / /      \ \     | |     / /      \ \ | (_______          
       |  __________|| |        | |    | |    | |        | | \________ \        
        \ \_________ | |        | |    | |     \ \______/ /___________) |       
         \__________||_|        |_|    |_|      \________//____________/        
                                                                                
====================================[ Qcore ]===================================

 Git hash:   15a3e7daff0cda5fa9af010ccd19a80288182ecf
 Git date:   Fri, 16 Apr 2021 15:57:16 +0100
 Compiler:   GNU 9.1.0
 Build type: Release
 Version:    1.1.0

 Start time: Wed Jun  2 11:53:09 2021

 Data directory: /work/zw18965/.local/qcore/share/entos/1.1.0/data
 Number of threads: 24
 Number of threads was determined by: command line argument
  - More threads can be used by running 'qcore -n 32'

 --------------------------------------------------------------------------------
                                   command: dft                                  
 --------------------------------------------------------------------------------
 AO basis set:                           aug-cc-pvtz
 Number of AO basis functions:         116

 Formula:                                HZn
 Nuclear charge:                        31.000000000
 Total charge:                           0.000000000
 Number of electrons:                   31.000000000

 Number of alpha electrons:             16
 Number of beta electrons:              15
 Number of unpaired electrons:           1
 Spin:                                   1
 Multiplicity:                           doublet

 Theory:                                 dft
 Exchange-correlation functional:        pbe0
 Method for Coulomb:                     incore_df
 Method for exact exchange:              pre_transformed_df
 Integral threshold:                     1.00e-12
 DF basis set:                           def2-tzvp-jkfit(spdfghi)
 Number of DF basis functions:         282
 Schwarz screening threshold:            1.00e-10
 Coulomb fitting method:                 Cholesky
 Total number of grid points:        13826
 Method for AO orthogonalization:        symmetric
 Threshold for linear dependence:        1.00e-08
 D3BJ dispersion energy:                -0.000349514

 -------------------------------------
  Running unrestricted open-shell SCF 
 -------------------------------------
 Max number of iterations:             128
 Conv. threshold (gradient):             1.00e-05
 Conv. threshold (energy):               1.00e-06
 Interpolation scheme:                   adiis+cdiis
 Initial guess:                          SAD

 ---------------------------------------------------------------
                  energy        change          grad        time
 ---------------------------------------------------------------
   0     -1779.755074196                    1.52e+00        0.02
   1     -1779.714728649      4.03e-02      1.77e-01        0.02
   2     -1779.717294745     -2.57e-03      1.83e-01        0.02
   3     -1779.724051576     -6.76e-03      9.56e-02        0.02
   4     -1779.724003934      4.76e-05      9.66e-02        0.02
   5     -1779.726743135     -2.74e-03      3.47e-03        0.02
   6     -1779.726748180     -5.05e-06      4.31e-04        0.02
   7     -1779.726748274     -9.40e-08      9.32e-05        0.02
   8     -1779.726748279     -4.65e-09      2.73e-05        0.02
   9     -1779.726748279     -3.78e-10      1.06e-05        0.02
  10     -1779.726748279     -4.39e-11      2.76e-06        0.02

 SCF converged in 10 iterations.

 Dipole moment (in Debye):               0.000000       0.000000      -0.554522

 Quadrupole moment (in Debye-Angstrom):
                  1            2            3
 1       -15.092288     0.000000    -0.000000
 2         0.000000   -15.092288    -0.000000
 3        -0.000000    -0.000000   -19.812176

 Spin-squared expectation <S^2>:         0.757
 Total spin quantum number S:            0.503
 TOTAL ENERGY:                       -1779.726748279

 --------------------------------------------------------------------------------

 End time:                               Wed Jun  2 11:53:11 2021
 Total wall-clock time:                  2.174 seconds
==================================================================================
