
================================================================================
          _____________ ________ _______________ ________     _________         
         / ___________// ______ \\_____   _____// ______ \   / ________)        
        / /_________  / /      \ \     | |     / /      \ \ | (_______          
       |  __________|| |        | |    | |    | |        | | \________ \        
        \ \_________ | |        | |    | |     \ \______/ /___________) |       
         \__________||_|        |_|    |_|      \________//____________/        
                                                                                
====================================[ Qcore ]===================================

 Git hash:   15a3e7daff0cda5fa9af010ccd19a80288182ecf
 Git date:   Fri, 16 Apr 2021 15:57:16 +0100
 Compiler:   GNU 9.1.0
 Build type: Release
 Version:    1.1.0

 Start time: Wed Jun  2 11:53:12 2021

 Data directory: /work/zw18965/.local/qcore/share/entos/1.1.0/data
 Number of threads: 24
 Number of threads was determined by: command line argument
  - More threads can be used by running 'qcore -n 32'

 --------------------------------------------------------------------------------
                                   command: dft                                  
 --------------------------------------------------------------------------------
 AO basis set:                           aug-cc-pvtz
 Number of AO basis functions:         139

 Formula:                                FZn
 Nuclear charge:                        39.000000000
 Total charge:                           0.000000000
 Number of electrons:                   39.000000000

 Number of alpha electrons:             20
 Number of beta electrons:              19
 Number of unpaired electrons:           1
 Spin:                                   1
 Multiplicity:                           doublet

 Theory:                                 dft
 Exchange-correlation functional:        pbe0
 Method for Coulomb:                     incore_df
 Method for exact exchange:              pre_transformed_df
 Integral threshold:                     1.00e-12
 DF basis set:                           def2-tzvp-jkfit(spdfghi)
 Number of DF basis functions:         341
 Schwarz screening threshold:            1.00e-10
 Coulomb fitting method:                 Cholesky
 Total number of grid points:        14748
 Method for AO orthogonalization:        symmetric
 Threshold for linear dependence:        1.00e-08
 D3BJ dispersion energy:                -0.000370581

 -------------------------------------
  Running unrestricted open-shell SCF 
 -------------------------------------
 Max number of iterations:             128
 Conv. threshold (gradient):             1.00e-05
 Conv. threshold (energy):               1.00e-06
 Interpolation scheme:                   adiis+cdiis
 Initial guess:                          SAD

 ---------------------------------------------------------------
                  energy        change          grad        time
 ---------------------------------------------------------------
   0     -1878.981023538                    1.87e+00        0.02
   1     -1878.873031741      1.08e-01      6.41e-01        0.02
   2     -1878.037375493      8.36e-01      1.87e+00        0.02
   3     -1878.906439307     -8.69e-01      5.39e-01        0.03
   4     -1878.969566442     -6.31e-02      1.26e-01        0.02
   5     -1878.963672438      5.89e-03      2.05e-01        0.03
   6     -1878.972544383     -8.87e-03      3.95e-02        0.03
   7     -1878.972363967      1.80e-04      4.99e-02        0.03
   8     -1878.972872045     -5.08e-04      3.70e-04        0.02
   9     -1878.972872111     -6.62e-08      1.04e-04        0.03
  10     -1878.972872115     -3.19e-09      2.79e-05        0.02
  11     -1878.972872115     -2.72e-10      6.32e-06        0.02

 SCF converged in 11 iterations.

 Dipole moment (in Debye):              -0.000000      -0.000000      -3.095363

 Quadrupole moment (in Debye-Angstrom):
                  1            2            3
 1       -17.892287     0.000000     0.000000
 2         0.000000   -17.892287     0.000000
 3         0.000000     0.000000   -24.279992

 Spin-squared expectation <S^2>:         0.752
 Total spin quantum number S:            0.501
 TOTAL ENERGY:                       -1878.972872115

 --------------------------------------------------------------------------------

 End time:                               Wed Jun  2 11:53:14 2021
 Total wall-clock time:                  2.718 seconds
==================================================================================
