
================================================================================
          _____________ ________ _______________ ________     _________         
         / ___________// ______ \\_____   _____// ______ \   / ________)        
        / /_________  / /      \ \     | |     / /      \ \ | (_______          
       |  __________|| |        | |    | |    | |        | | \________ \        
        \ \_________ | |        | |    | |     \ \______/ /___________) |       
         \__________||_|        |_|    |_|      \________//____________/        
                                                                                
====================================[ Qcore ]===================================

 Git hash:   15a3e7daff0cda5fa9af010ccd19a80288182ecf
 Git date:   Fri, 16 Apr 2021 15:57:16 +0100
 Compiler:   GNU 9.1.0
 Build type: Release
 Version:    1.1.0

 Start time: Wed Jun  2 11:53:14 2021

 Data directory: /work/zw18965/.local/qcore/share/entos/1.1.0/data
 Number of threads: 24
 Number of threads was determined by: command line argument
  - More threads can be used by running 'qcore -n 32'

 --------------------------------------------------------------------------------
                                   command: dft                                  
 --------------------------------------------------------------------------------
 AO basis set:                           aug-cc-pvtz
 Number of AO basis functions:         143

 Formula:                                ClZn
 Nuclear charge:                        47.000000000
 Total charge:                           0.000000000
 Number of electrons:                   47.000000000

 Number of alpha electrons:             24
 Number of beta electrons:              23
 Number of unpaired electrons:           1
 Spin:                                   1
 Multiplicity:                           doublet

 Theory:                                 dft
 Exchange-correlation functional:        pbe0
 Method for Coulomb:                     incore_df
 Method for exact exchange:              pre_transformed_df
 Integral threshold:                     1.00e-12
 DF basis set:                           def2-tzvp-jkfit(spdfghi)
 Number of DF basis functions:         392
 Schwarz screening threshold:            1.00e-10
 Coulomb fitting method:                 Cholesky
 Total number of grid points:        15430
 Method for AO orthogonalization:        symmetric
 Threshold for linear dependence:        1.00e-08
 D3BJ dispersion energy:                -0.001075070

 -------------------------------------
  Running unrestricted open-shell SCF 
 -------------------------------------
 Max number of iterations:             128
 Conv. threshold (gradient):             1.00e-05
 Conv. threshold (energy):               1.00e-06
 Interpolation scheme:                   adiis+cdiis
 Initial guess:                          SAD

 ---------------------------------------------------------------
                  energy        change          grad        time
 ---------------------------------------------------------------
   0     -2239.381188289                    1.92e+00        0.03
   1     -2239.243515186      1.38e-01      2.52e-01        0.03
   2     -2239.199515097      4.40e-02      3.73e-01        0.03
   3     -2239.279317101     -7.98e-02      4.32e-02        0.03
   4     -2239.278997529      3.20e-04      5.64e-02        0.02
   5     -2239.280662908     -1.67e-03      4.61e-03        0.03
   6     -2239.280673407     -1.05e-05      1.54e-03        0.03
   7     -2239.280674570     -1.16e-06      3.80e-04        0.03
   8     -2239.280674665     -9.48e-08      1.22e-04        0.03
   9     -2239.280674672     -6.91e-09      3.60e-05        0.03
  10     -2239.280674673     -6.58e-10      1.10e-05        0.03
  11     -2239.280674673     -6.23e-11      1.25e-06        0.03

 SCF converged in 11 iterations.

 Dipole moment (in Debye):              -0.000000      -0.000000      -2.856473

 Quadrupole moment (in Debye-Angstrom):
                  1            2            3
 1       -26.531771     0.000000     0.000000
 2         0.000000   -26.531771     0.000000
 3         0.000000     0.000000   -29.863989

 Spin-squared expectation <S^2>:         0.753
 Total spin quantum number S:            0.501
 TOTAL ENERGY:                       -2239.280674673

 --------------------------------------------------------------------------------

 End time:                               Wed Jun  2 11:53:17 2021
 Total wall-clock time:                  2.679 seconds
==================================================================================
