
================================================================================
          _____________ ________ _______________ ________     _________         
         / ___________// ______ \\_____   _____// ______ \   / ________)        
        / /_________  / /      \ \     | |     / /      \ \ | (_______          
       |  __________|| |        | |    | |    | |        | | \________ \        
        \ \_________ | |        | |    | |     \ \______/ /___________) |       
         \__________||_|        |_|    |_|      \________//____________/        
                                                                                
====================================[ Qcore ]===================================

 Git hash:   15a3e7daff0cda5fa9af010ccd19a80288182ecf
 Git date:   Fri, 16 Apr 2021 15:57:16 +0100
 Compiler:   GNU 9.1.0
 Build type: Release
 Version:    1.1.0

 Start time: Wed Jun  2 11:53:17 2021

 Data directory: /work/zw18965/.local/qcore/share/entos/1.1.0/data
 Number of threads: 24
 Number of threads was determined by: command line argument
  - More threads can be used by running 'qcore -n 32'

 --------------------------------------------------------------------------------
                                   command: dft                                  
 --------------------------------------------------------------------------------
 AO basis set:                           aug-cc-pvtz
 Number of AO basis functions:         152

 Formula:                                ZnBr
 Nuclear charge:                        65.000000000
 Total charge:                           0.000000000
 Number of electrons:                   65.000000000

 Number of alpha electrons:             33
 Number of beta electrons:              32
 Number of unpaired electrons:           1
 Spin:                                   1
 Multiplicity:                           doublet

 Theory:                                 dft
 Exchange-correlation functional:        pbe0
 Method for Coulomb:                     incore_df
 Method for exact exchange:              pre_transformed_df
 Integral threshold:                     1.00e-12
 DF basis set:                           def2-tzvp-jkfit(spdfghi)
 Number of DF basis functions:         530
 Schwarz screening threshold:            1.00e-10
 Coulomb fitting method:                 Cholesky
 Total number of grid points:        16100
 Method for AO orthogonalization:        symmetric
 Threshold for linear dependence:        1.00e-08
 D3BJ dispersion energy:                -0.001234197

 -------------------------------------
  Running unrestricted open-shell SCF 
 -------------------------------------
 Max number of iterations:             128
 Conv. threshold (gradient):             1.00e-05
 Conv. threshold (energy):               1.00e-06
 Interpolation scheme:                   adiis+cdiis
 Initial guess:                          SAD

 ---------------------------------------------------------------
                  energy        change          grad        time
 ---------------------------------------------------------------
   0     -4353.242564330                    2.50e+00        0.04
   1     -4353.090861513      1.52e-01      2.29e-01        0.04
   2     -4353.062042089      2.88e-02      2.98e-01        0.03
   3     -4353.119534525     -5.75e-02      3.89e-02        0.03
   4     -4353.119388016      1.47e-04      3.97e-02        0.03
   5     -4353.120430874     -1.04e-03      5.42e-03        0.03
   6     -4353.120447695     -1.68e-05      1.06e-03        0.03
   7     -4353.120448473     -7.78e-07      5.47e-04        0.03
   8     -4353.120448597     -1.24e-07      1.51e-04        0.04
   9     -4353.120448608     -1.03e-08      4.18e-05        0.03
  10     -4353.120448609     -9.81e-10      9.26e-06        0.04

 SCF converged in 10 iterations.

 Dipole moment (in Debye):               0.000000       0.000000      -2.690991

 Quadrupole moment (in Debye-Angstrom):
                  1            2            3
 1       -32.627560    -0.000000    -0.000000
 2        -0.000000   -32.627560    -0.000000
 3        -0.000000    -0.000000   -32.843732

 Spin-squared expectation <S^2>:         0.753
 Total spin quantum number S:            0.502
 TOTAL ENERGY:                       -4353.120448609

 --------------------------------------------------------------------------------

 End time:                               Wed Jun  2 11:53:20 2021
 Total wall-clock time:                  3.305 seconds
==================================================================================
