
================================================================================
          _____________ ________ _______________ ________     _________         
         / ___________// ______ \\_____   _____// ______ \   / ________)        
        / /_________  / /      \ \     | |     / /      \ \ | (_______          
       |  __________|| |        | |    | |    | |        | | \________ \        
        \ \_________ | |        | |    | |     \ \______/ /___________) |       
         \__________||_|        |_|    |_|      \________//____________/        
                                                                                
====================================[ Qcore ]===================================

 Git hash:   15a3e7daff0cda5fa9af010ccd19a80288182ecf
 Git date:   Fri, 16 Apr 2021 15:57:16 +0100
 Compiler:   GNU 9.1.0
 Build type: Release
 Version:    1.1.0

 Start time: Wed Jun  2 11:53:23 2021

 Data directory: /work/zw18965/.local/qcore/share/entos/1.1.0/data
 Number of threads: 24
 Number of threads was determined by: command line argument
  - More threads can be used by running 'qcore -n 32'

 --------------------------------------------------------------------------------
                                   command: dft                                  
 --------------------------------------------------------------------------------
 AO basis set:                           aug-cc-pvtz
 Number of AO basis functions:         143

 Formula:                                SZn
 Nuclear charge:                        46.000000000
 Total charge:                           0.000000000
 Number of electrons:                   46.000000000

 Number of alpha electrons:             23
 Number of beta electrons:              23
 Number of unpaired electrons:           0
 Spin:                                   0
 Multiplicity:                           singlet

 Theory:                                 dft
 Exchange-correlation functional:        pbe0
 Method for Coulomb:                     incore_df
 Method for exact exchange:              pre_transformed_df
 Integral threshold:                     1.00e-12
 DF basis set:                           def2-tzvp-jkfit(spdfghi)
 Number of DF basis functions:         392
 Schwarz screening threshold:            1.00e-10
 Coulomb fitting method:                 Cholesky
 Total number of grid points:        15286
 Method for AO orthogonalization:        symmetric
 Threshold for linear dependence:        1.00e-08
 D3BJ dispersion energy:                -0.001225320

 -------------------------------------
  Running restricted closed-shell SCF 
 -------------------------------------
 Max number of iterations:             128
 Conv. threshold (gradient):             1.00e-05
 Conv. threshold (energy):               1.00e-06
 Interpolation scheme:                   adiis+cdiis
 Initial guess:                          SAD

 ---------------------------------------------------------------
                  energy        change          grad        time
 ---------------------------------------------------------------
   0     -2177.412048614                    5.54e+00        0.02
   1     -2177.088650281      3.23e-01      8.76e-01        0.02
   2     -2175.333127184      1.76e+00      2.91e+00        0.02
   3     -2177.043807410     -1.71e+00      1.05e+00        0.02
   4     -2177.222836576     -1.79e-01      5.66e-02        0.02
   5     -2177.222358559      4.78e-04      1.05e-01        0.02
   6     -2177.223121576     -7.63e-04      9.80e-03        0.02
   7     -2177.223135692     -1.41e-05      6.01e-03        0.02
   8     -2177.223139835     -4.14e-06      5.69e-04        0.02
   9     -2177.223139893     -5.81e-08      2.10e-04        0.02
  10     -2177.223139899     -5.69e-09      4.20e-05        0.02
  11     -2177.223139899     -2.18e-10      4.32e-06        0.02

 SCF converged in 11 iterations.

 Dipole moment (in Debye):              -0.000000      -0.000000      -5.694062

 Quadrupole moment (in Debye-Angstrom):
                  1            2            3
 1       -28.670282    -0.000000     0.000000
 2        -0.000000   -28.670282     0.000000
 3         0.000000     0.000000   -24.265470

 Spin-squared expectation <S^2>:         0.000
 Total spin quantum number S:            0.000
 TOTAL ENERGY:                       -2177.223139899

 --------------------------------------------------------------------------------

 End time:                               Wed Jun  2 11:53:26 2021
 Total wall-clock time:                  2.566 seconds
==================================================================================
