
================================================================================
          _____________ ________ _______________ ________     _________         
         / ___________// ______ \\_____   _____// ______ \   / ________)        
        / /_________  / /      \ \     | |     / /      \ \ | (_______          
       |  __________|| |        | |    | |    | |        | | \________ \        
        \ \_________ | |        | |    | |     \ \______/ /___________) |       
         \__________||_|        |_|    |_|      \________//____________/        
                                                                                
====================================[ Qcore ]===================================

 Git hash:   15a3e7daff0cda5fa9af010ccd19a80288182ecf
 Git date:   Fri, 16 Apr 2021 15:57:16 +0100
 Compiler:   GNU 9.1.0
 Build type: Release
 Version:    1.1.0

 Start time: Wed Jun  2 11:53:26 2021

 Data directory: /work/zw18965/.local/qcore/share/entos/1.1.0/data
 Number of threads: 24
 Number of threads was determined by: command line argument
  - More threads can be used by running 'qcore -n 32'

 --------------------------------------------------------------------------------
                                   command: dft                                  
 --------------------------------------------------------------------------------
 AO basis set:                           aug-cc-pvtz
 Number of AO basis functions:          93

 Formula:                                Sc
 Nuclear charge:                        21.000000000
 Total charge:                           0.000000000
 Number of electrons:                   21.000000000

 Number of alpha electrons:             11
 Number of beta electrons:              10
 Number of unpaired electrons:           1
 Spin:                                   1
 Multiplicity:                           doublet

 Theory:                                 dft
 Exchange-correlation functional:        pbe0
 Method for Coulomb:                     incore_df
 Method for exact exchange:              pre_transformed_df
 Integral threshold:                     1.00e-12
 DF basis set:                           def2-tzvp-jkfit(spdfghi)
 Number of DF basis functions:         264
 Schwarz screening threshold:            1.00e-10
 Coulomb fitting method:                 Cholesky
 Total number of grid points:         7852
 Method for AO orthogonalization:        symmetric
 Threshold for linear dependence:        1.00e-08
 D3BJ dispersion energy:                 0.000000000

 -------------------------------------
  Running unrestricted open-shell SCF 
 -------------------------------------
 Max number of iterations:             128
 Conv. threshold (gradient):             1.00e-05
 Conv. threshold (energy):               1.00e-06
 Interpolation scheme:                   adiis+cdiis
 Initial guess:                          SAD

 ---------------------------------------------------------------
                  energy        change          grad        time
 ---------------------------------------------------------------
   0      -760.366136106                    1.10e-03        0.01
   1      -760.426022207     -5.99e-02      1.10e-01        0.02
   2      -760.431567139     -5.54e-03      3.23e-02        0.01
   3      -760.432160811     -5.94e-04      2.18e-02        0.01
   4      -760.432447042     -2.86e-04      4.91e-03        0.01
   5      -760.432564466     -1.17e-04      3.66e-03        0.01
   6      -760.432758571     -1.94e-04      3.38e-03        0.01
   7      -760.432920095     -1.62e-04      2.96e-03        0.02
   8      -760.432920895     -8.01e-07      1.95e-03        0.02
   9      -760.432930100     -9.20e-06      8.47e-04        0.01
  10      -760.432931187     -1.09e-06      5.11e-04        0.01
  11      -760.432931630     -4.43e-07      6.92e-05        0.02
  12      -760.432931637     -7.58e-09      1.77e-05        0.01
  13      -760.432931638     -1.23e-09      1.77e-05        0.01
  14      -760.432931640     -1.45e-09      1.74e-05        0.01
  15      -760.432931677     -3.71e-08      2.80e-05        0.01
  16      -760.432931731     -5.39e-08      1.87e-05        0.02
  17      -760.432931749     -1.81e-08      1.74e-05        0.01
  18      -760.432931783     -3.43e-08      1.60e-05        0.01
  19      -760.432931806     -2.24e-08      1.53e-05        0.01
  20      -760.432931886     -8.00e-08      1.09e-05        0.01
  21      -760.432931916     -3.03e-08      1.02e-05        0.01
  22      -760.432931934     -1.77e-08      4.02e-06        0.01

 SCF converged in 22 iterations.

 Dipole moment (in Debye):               0.000000      -0.000001       0.000000

 Quadrupole moment (in Debye-Angstrom):
                  1            2            3
 1       -22.431120     0.041852     0.041932
 2         0.041852   -22.431312     0.041752
 3         0.041932     0.041752   -22.430604

 Spin-squared expectation <S^2>:         0.872
 Total spin quantum number S:            0.559
 TOTAL ENERGY:                        -760.432931936

 --------------------------------------------------------------------------------

 End time:                               Wed Jun  2 11:53:28 2021
 Total wall-clock time:                  2.004 seconds
==================================================================================
