
================================================================================
          _____________ ________ _______________ ________     _________         
         / ___________// ______ \\_____   _____// ______ \   / ________)        
        / /_________  / /      \ \     | |     / /      \ \ | (_______          
       |  __________|| |        | |    | |    | |        | | \________ \        
        \ \_________ | |        | |    | |     \ \______/ /___________) |       
         \__________||_|        |_|    |_|      \________//____________/        
                                                                                
====================================[ Qcore ]===================================

 Git hash:   15a3e7daff0cda5fa9af010ccd19a80288182ecf
 Git date:   Fri, 16 Apr 2021 15:57:16 +0100
 Compiler:   GNU 9.1.0
 Build type: Release
 Version:    1.1.0

 Start time: Wed Jun  2 11:53:30 2021

 Data directory: /work/zw18965/.local/qcore/share/entos/1.1.0/data
 Number of threads: 24
 Number of threads was determined by: command line argument
  - More threads can be used by running 'qcore -n 32'

 --------------------------------------------------------------------------------
                                   command: dft                                  
 --------------------------------------------------------------------------------
 AO basis set:                           aug-cc-pvtz
 Number of AO basis functions:          93

 Formula:                                V
 Nuclear charge:                        23.000000000
 Total charge:                           0.000000000
 Number of electrons:                   23.000000000

 Number of alpha electrons:             13
 Number of beta electrons:              10
 Number of unpaired electrons:           3
 Spin:                                   3
 Multiplicity:                           quartet

 Theory:                                 dft
 Exchange-correlation functional:        pbe0
 Method for Coulomb:                     incore_df
 Method for exact exchange:              pre_transformed_df
 Integral threshold:                     1.00e-12
 DF basis set:                           def2-tzvp-jkfit(spdfghi)
 Number of DF basis functions:         264
 Schwarz screening threshold:            1.00e-10
 Coulomb fitting method:                 Cholesky
 Total number of grid points:         7852
 Method for AO orthogonalization:        symmetric
 Threshold for linear dependence:        1.00e-08
 D3BJ dispersion energy:                 0.000000000

 -------------------------------------
  Running unrestricted open-shell SCF 
 -------------------------------------
 Max number of iterations:             128
 Conv. threshold (gradient):             1.00e-05
 Conv. threshold (energy):               1.00e-06
 Interpolation scheme:                   adiis+cdiis
 Initial guess:                          SAD

 ---------------------------------------------------------------
                  energy        change          grad        time
 ---------------------------------------------------------------
   0      -943.399516527                    2.25e-02        0.01
   1      -943.475238772     -7.57e-02      5.01e-01        0.02
   2      -942.579872424      8.95e-01      1.26e+00        0.01
   3      -943.577447028     -9.98e-01      3.62e-01        0.01
   4      -943.646926554     -6.95e-02      2.58e-01        0.01
   5      -943.691737286     -4.48e-02      3.71e-02        0.01
   6      -943.693778941     -2.04e-03      3.24e-02        0.01
   7      -943.695112090     -1.33e-03      1.72e-02        0.02
   8      -943.696551133     -1.44e-03      1.45e-02        0.01
   9      -943.697793813     -1.24e-03      1.22e-02        0.01
  10      -943.698164925     -3.71e-04      7.60e-03        0.01
  11      -943.698691113     -5.26e-04      7.80e-03        0.01
  12      -943.698761672     -7.06e-05      2.54e-03        0.01
  13      -943.698774863     -1.32e-05      1.04e-03        0.01
  14      -943.698776396     -1.53e-06      6.04e-04        0.01
  15      -943.698777846     -1.45e-06      6.51e-04        0.01
  16      -943.698778271     -4.26e-07      5.55e-04        0.01
  17      -943.698778487     -2.15e-07      7.20e-05        0.01
  18      -943.698778495     -8.26e-09      4.49e-05        0.01
  19      -943.698778496     -1.28e-09      1.59e-05        0.01
  20      -943.698778497     -1.14e-09      4.66e-06        0.01

 SCF converged in 20 iterations.

 Dipole moment (in Debye):               0.000000       0.000002      -0.000002

 Quadrupole moment (in Debye-Angstrom):
                  1            2            3
 1       -19.586205     0.000000    -0.000008
 2         0.000000   -20.499813     0.000000
 3        -0.000008     0.000000   -19.586214

 Spin-squared expectation <S^2>:         4.062
 Total spin quantum number S:            1.577
 TOTAL ENERGY:                        -943.698778497

 --------------------------------------------------------------------------------

 End time:                               Wed Jun  2 11:53:32 2021
 Total wall-clock time:                  1.965 seconds
==================================================================================
