
================================================================================
          _____________ ________ _______________ ________     _________         
         / ___________// ______ \\_____   _____// ______ \   / ________)        
        / /_________  / /      \ \     | |     / /      \ \ | (_______          
       |  __________|| |        | |    | |    | |        | | \________ \        
        \ \_________ | |        | |    | |     \ \______/ /___________) |       
         \__________||_|        |_|    |_|      \________//____________/        
                                                                                
====================================[ Qcore ]===================================

 Git hash:   15a3e7daff0cda5fa9af010ccd19a80288182ecf
 Git date:   Fri, 16 Apr 2021 15:57:16 +0100
 Compiler:   GNU 9.1.0
 Build type: Release
 Version:    1.1.0

 Start time: Wed Jun  2 11:53:32 2021

 Data directory: /work/zw18965/.local/qcore/share/entos/1.1.0/data
 Number of threads: 24
 Number of threads was determined by: command line argument
  - More threads can be used by running 'qcore -n 32'

 --------------------------------------------------------------------------------
                                   command: dft                                  
 --------------------------------------------------------------------------------
 AO basis set:                           aug-cc-pvtz
 Number of AO basis functions:          93

 Formula:                                Cr
 Nuclear charge:                        24.000000000
 Total charge:                           0.000000000
 Number of electrons:                   24.000000000

 Number of alpha electrons:             15
 Number of beta electrons:               9
 Number of unpaired electrons:           6
 Spin:                                   6
 Multiplicity:                           octet

 Theory:                                 dft
 Exchange-correlation functional:        pbe0
 Method for Coulomb:                     incore_df
 Method for exact exchange:              pre_transformed_df
 Integral threshold:                     1.00e-12
 DF basis set:                           def2-tzvp-jkfit(spdfghi)
 Number of DF basis functions:         264
 Schwarz screening threshold:            1.00e-10
 Coulomb fitting method:                 Cholesky
 Total number of grid points:         7828
 Method for AO orthogonalization:        symmetric
 Threshold for linear dependence:        1.00e-08
 D3BJ dispersion energy:                 0.000000000

 -------------------------------------
  Running unrestricted open-shell SCF 
 -------------------------------------
 Max number of iterations:             128
 Conv. threshold (gradient):             1.00e-05
 Conv. threshold (energy):               1.00e-06
 Interpolation scheme:                   adiis+cdiis
 Initial guess:                          SAD

 ---------------------------------------------------------------
                  energy        change          grad        time
 ---------------------------------------------------------------
   0     -1043.829180435                    3.21e-02        0.01
   1     -1044.158621669     -3.29e-01      2.75e-01        0.02
   2     -1044.077177914      8.14e-02      4.28e-01        0.01
   3     -1044.245717918     -1.69e-01      4.68e-02        0.01
   4     -1044.239542413      6.18e-03      1.00e-01        0.01
   5     -1044.248934816     -9.39e-03      5.37e-03        0.01
   6     -1044.248965125     -3.03e-05      1.86e-04        0.01
   7     -1044.248965167     -4.17e-08      3.51e-05        0.01
   8     -1044.248965168     -1.18e-09      1.36e-06        0.02

 SCF converged in 8 iterations.

 Dipole moment (in Debye):               0.000000       0.000000       0.000000

 Quadrupole moment (in Debye-Angstrom):
                  1            2            3
 1       -16.669406    -0.000000    -0.000000
 2        -0.000000   -16.669406    -0.000000
 3        -0.000000    -0.000000   -16.669406

 Spin-squared expectation <S^2>:        12.000
 Total spin quantum number S:            3.000
 TOTAL ENERGY:                       -1044.248965168

 --------------------------------------------------------------------------------

 End time:                               Wed Jun  2 11:53:34 2021
 Total wall-clock time:                  1.854 seconds
==================================================================================
