
================================================================================
          _____________ ________ _______________ ________     _________         
         / ___________// ______ \\_____   _____// ______ \   / ________)        
        / /_________  / /      \ \     | |     / /      \ \ | (_______          
       |  __________|| |        | |    | |    | |        | | \________ \        
        \ \_________ | |        | |    | |     \ \______/ /___________) |       
         \__________||_|        |_|    |_|      \________//____________/        
                                                                                
====================================[ Qcore ]===================================

 Git hash:   15a3e7daff0cda5fa9af010ccd19a80288182ecf
 Git date:   Fri, 16 Apr 2021 15:57:16 +0100
 Compiler:   GNU 9.1.0
 Build type: Release
 Version:    1.1.0

 Start time: Wed Jun  2 11:53:34 2021

 Data directory: /work/zw18965/.local/qcore/share/entos/1.1.0/data
 Number of threads: 24
 Number of threads was determined by: command line argument
  - More threads can be used by running 'qcore -n 32'

 --------------------------------------------------------------------------------
                                   command: dft                                  
 --------------------------------------------------------------------------------
 AO basis set:                           aug-cc-pvtz
 Number of AO basis functions:          93

 Formula:                                Mn
 Nuclear charge:                        25.000000000
 Total charge:                           0.000000000
 Number of electrons:                   25.000000000

 Number of alpha electrons:             15
 Number of beta electrons:              10
 Number of unpaired electrons:           5
 Spin:                                   5
 Multiplicity:                           septet

 Theory:                                 dft
 Exchange-correlation functional:        pbe0
 Method for Coulomb:                     incore_df
 Method for exact exchange:              pre_transformed_df
 Integral threshold:                     1.00e-12
 DF basis set:                           def2-tzvp-jkfit(spdfghi)
 Number of DF basis functions:         264
 Schwarz screening threshold:            1.00e-10
 Coulomb fitting method:                 Cholesky
 Total number of grid points:         7936
 Method for AO orthogonalization:        symmetric
 Threshold for linear dependence:        1.00e-08
 D3BJ dispersion energy:                 0.000000000

 -------------------------------------
  Running unrestricted open-shell SCF 
 -------------------------------------
 Max number of iterations:             128
 Conv. threshold (gradient):             1.00e-05
 Conv. threshold (energy):               1.00e-06
 Interpolation scheme:                   adiis+cdiis
 Initial guess:                          SAD

WARNING: atomic SCF not converged for Mn atom. Will fall back to diagonal density


 ---------------------------------------------------------------
                  energy        change          grad        time
 ---------------------------------------------------------------
   0       -62.342937855                    2.22e+00        0.01
   1     -1100.995561105     -1.04e+03      6.41e+00        0.01
   2     -1076.557876705      2.44e+01      9.27e+00        0.01
   3     -1150.137143676     -7.36e+01      9.73e-01        0.01
   4     -1143.370832390      6.77e+00      3.74e+00        0.01
   5     -1150.675334669     -7.30e+00      4.01e-01        0.01
   6     -1150.347391841      3.28e-01      9.12e-01        0.01
   7     -1150.783573692     -4.36e-01      4.99e-02        0.01
   8     -1150.784240845     -6.67e-04      2.55e-02        0.01
   9     -1150.784634929     -3.94e-04      1.97e-03        0.01
  10     -1150.784639966     -5.04e-06      6.50e-04        0.01
  11     -1150.784641136     -1.17e-06      3.78e-04        0.01
  12     -1150.784641953     -8.17e-07      9.96e-05        0.01
  13     -1150.784641973     -2.02e-08      3.10e-05        0.01
  14     -1150.784641973     -3.91e-10      4.75e-06        0.01

 SCF converged in 14 iterations.

 Dipole moment (in Debye):               0.000001       0.000001       0.000000

 Quadrupole moment (in Debye-Angstrom):
                  1            2            3
 1       -18.477848    -0.000001     0.000002
 2        -0.000001   -18.477848     0.000004
 3         0.000002     0.000004   -18.477841

 Spin-squared expectation <S^2>:         8.762
 Total spin quantum number S:            2.502
 TOTAL ENERGY:                       -1150.784641973

 --------------------------------------------------------------------------------

 End time:                               Wed Jun  2 11:53:37 2021
 Total wall-clock time:                  3.100 seconds
==================================================================================
