
================================================================================
          _____________ ________ _______________ ________     _________         
         / ___________// ______ \\_____   _____// ______ \   / ________)        
        / /_________  / /      \ \     | |     / /      \ \ | (_______          
       |  __________|| |        | |    | |    | |        | | \________ \        
        \ \_________ | |        | |    | |     \ \______/ /___________) |       
         \__________||_|        |_|    |_|      \________//____________/        
                                                                                
====================================[ Qcore ]===================================

 Git hash:   15a3e7daff0cda5fa9af010ccd19a80288182ecf
 Git date:   Fri, 16 Apr 2021 15:57:16 +0100
 Compiler:   GNU 9.1.0
 Build type: Release
 Version:    1.1.0

 Start time: Wed Jun  2 11:53:37 2021

 Data directory: /work/zw18965/.local/qcore/share/entos/1.1.0/data
 Number of threads: 24
 Number of threads was determined by: command line argument
  - More threads can be used by running 'qcore -n 32'

 --------------------------------------------------------------------------------
                                   command: dft                                  
 --------------------------------------------------------------------------------
 AO basis set:                           aug-cc-pvtz
 Number of AO basis functions:          93

 Formula:                                Fe
 Nuclear charge:                        26.000000000
 Total charge:                           0.000000000
 Number of electrons:                   26.000000000

 Number of alpha electrons:             15
 Number of beta electrons:              11
 Number of unpaired electrons:           4
 Spin:                                   4
 Multiplicity:                           quintet

 Theory:                                 dft
 Exchange-correlation functional:        pbe0
 Method for Coulomb:                     incore_df
 Method for exact exchange:              pre_transformed_df
 Integral threshold:                     1.00e-12
 DF basis set:                           def2-tzvp-jkfit(spdfghi)
 Number of DF basis functions:         264
 Schwarz screening threshold:            1.00e-10
 Coulomb fitting method:                 Cholesky
 Total number of grid points:         7936
 Method for AO orthogonalization:        symmetric
 Threshold for linear dependence:        1.00e-08
 D3BJ dispersion energy:                 0.000000000

 -------------------------------------
  Running unrestricted open-shell SCF 
 -------------------------------------
 Max number of iterations:             128
 Conv. threshold (gradient):             1.00e-05
 Conv. threshold (energy):               1.00e-06
 Interpolation scheme:                   adiis+cdiis
 Initial guess:                          SAD

 ---------------------------------------------------------------
                  energy        change          grad        time
 ---------------------------------------------------------------
   0     -1263.060403042                    2.71e-02        0.01
   1     -1263.342846098     -2.82e-01      4.38e-01        0.01
   2     -1261.526240412      1.82e+00      1.96e+00        0.01
   3     -1263.158744280     -1.63e+00      8.02e-01        0.01
   4     -1263.393726169     -2.35e-01      3.89e-01        0.01
   5     -1263.460279853     -6.66e-02      9.55e-02        0.01
   6     -1263.460610982     -3.31e-04      5.96e-02        0.01
   7     -1263.462364272     -1.75e-03      2.10e-03        0.01
   8     -1263.462367395     -3.12e-06      5.87e-04        0.01
   9     -1263.462367757     -3.61e-07      2.54e-04        0.01
  10     -1263.462367910     -1.54e-07      1.72e-04        0.01
  11     -1263.462368147     -2.37e-07      1.28e-04        0.01
  12     -1263.462368262     -1.15e-07      1.31e-04        0.02
  13     -1263.462368847     -5.85e-07      1.14e-04        0.01
  14     -1263.462370290     -1.44e-06      2.94e-04        0.01
  15     -1263.462370281      8.91e-09      3.29e-04        0.01
  16     -1263.462370370     -8.90e-08      7.33e-05        0.01
  17     -1263.462370389     -1.87e-08      5.40e-05        0.01
  18     -1263.462370395     -5.61e-09      8.29e-05        0.01
  19     -1263.462370429     -3.43e-08      6.54e-05        0.01
  20     -1263.462370446     -1.71e-08      4.08e-05        0.01
  21     -1263.462370449     -3.33e-09      3.91e-05        0.01
  22     -1263.462370428      2.19e-08      4.23e-05        0.01
  23     -1263.462370383      4.48e-08      3.99e-05        0.01
  24     -1263.462370363      1.95e-08      3.91e-05        0.01
  25     -1263.462370333      3.01e-08      3.98e-05        0.01
  26     -1263.462370287      4.62e-08      4.09e-05        0.01
  27     -1263.462370165      1.22e-07      4.26e-05        0.01
  28     -1263.462369935      2.30e-07      4.08e-05        0.01
  29     -1263.462369547      3.88e-07      7.49e-05        0.01
  30     -1263.462369553     -6.22e-09      6.74e-05        0.01
  31     -1263.462369212      3.41e-07      2.38e-04        0.01
  32     -1263.462369100      1.12e-07      4.58e-04        0.01
  33     -1263.462369095      5.55e-09      4.77e-04        0.01
  34     -1263.462369181     -8.61e-08      2.90e-04        0.01
  35     -1263.462369180      1.28e-09      2.88e-04        0.01
  36     -1263.462369171      8.19e-09      2.97e-04        0.01
  37     -1263.462369139      3.25e-08      3.63e-04        0.01
  38     -1263.462369443     -3.04e-07      6.71e-05        0.01
  39     -1263.462369430      1.35e-08      6.73e-05        0.01
  40     -1263.462369406      2.36e-08      6.85e-05        0.01
  41     -1263.462369474     -6.78e-08      4.79e-05        0.01
  42     -1263.462369465      8.76e-09      5.06e-05        0.01
  43     -1263.462369438      2.67e-08      5.64e-05        0.01
  44     -1263.462369453     -1.47e-08      5.40e-05        0.01
  45     -1263.462369451      2.00e-09      5.35e-05        0.01
  46     -1263.462369436      1.46e-08      5.90e-05        0.01
  47     -1263.462369367      6.94e-08      6.60e-05        0.01
  48     -1263.462369415     -4.83e-08      2.43e-05        0.01
  49     -1263.462369367      4.88e-08      2.27e-05        0.01
  50     -1263.462369352      1.44e-08      2.31e-05        0.01
  51     -1263.462369336      1.63e-08      2.25e-05        0.01
  52     -1263.462369270      6.59e-08      2.30e-05        0.01
  53     -1263.462369205      6.48e-08      1.92e-05        0.01
  54     -1263.462369151      5.45e-08      1.57e-05        0.01
  55     -1263.462369130      2.10e-08      2.86e-05        0.01
  56     -1263.462369129      5.66e-10      1.64e-05        0.01
  57     -1263.462369134     -4.52e-09      1.40e-05        0.01
  58     -1263.462369128      5.43e-09      2.16e-05        0.01
  59     -1263.462369127      9.30e-10      2.50e-05        0.01
  60     -1263.462369127      3.43e-10      5.03e-06        0.01

 SCF converged in 60 iterations.

 Dipole moment (in Debye):              -0.000002       0.000000      -0.000000

 Quadrupole moment (in Debye-Angstrom):
                  1            2            3
 1       -17.623154     0.320307     0.323494
 2         0.320307   -17.632352     0.318584
 3         0.323494     0.318584   -17.626664

 Spin-squared expectation <S^2>:         6.011
 Total spin quantum number S:            2.002
 TOTAL ENERGY:                       -1263.462369127

 --------------------------------------------------------------------------------

 End time:                               Wed Jun  2 11:53:39 2021
 Total wall-clock time:                  2.445 seconds
==================================================================================
