
================================================================================
          _____________ ________ _______________ ________     _________         
         / ___________// ______ \\_____   _____// ______ \   / ________)        
        / /_________  / /      \ \     | |     / /      \ \ | (_______          
       |  __________|| |        | |    | |    | |        | | \________ \        
        \ \_________ | |        | |    | |     \ \______/ /___________) |       
         \__________||_|        |_|    |_|      \________//____________/        
                                                                                
====================================[ Qcore ]===================================

 Git hash:   15a3e7daff0cda5fa9af010ccd19a80288182ecf
 Git date:   Fri, 16 Apr 2021 15:57:16 +0100
 Compiler:   GNU 9.1.0
 Build type: Release
 Version:    1.1.0

 Start time: Wed Jun  2 11:53:42 2021

 Data directory: /work/zw18965/.local/qcore/share/entos/1.1.0/data
 Number of threads: 24
 Number of threads was determined by: command line argument
  - More threads can be used by running 'qcore -n 32'

 --------------------------------------------------------------------------------
                                   command: dft                                  
 --------------------------------------------------------------------------------
 AO basis set:                           aug-cc-pvtz
 Number of AO basis functions:          93

 Formula:                                Ni
 Nuclear charge:                        28.000000000
 Total charge:                           0.000000000
 Number of electrons:                   28.000000000

 Number of alpha electrons:             15
 Number of beta electrons:              13
 Number of unpaired electrons:           2
 Spin:                                   2
 Multiplicity:                           triplet

 Theory:                                 dft
 Exchange-correlation functional:        pbe0
 Method for Coulomb:                     incore_df
 Method for exact exchange:              pre_transformed_df
 Integral threshold:                     1.00e-12
 DF basis set:                           def2-tzvp-jkfit(spdfghi)
 Number of DF basis functions:         264
 Schwarz screening threshold:            1.00e-10
 Coulomb fitting method:                 Cholesky
 Total number of grid points:         7936
 Method for AO orthogonalization:        symmetric
 Threshold for linear dependence:        1.00e-08
 D3BJ dispersion energy:                 0.000000000

 -------------------------------------
  Running unrestricted open-shell SCF 
 -------------------------------------
 Max number of iterations:             128
 Conv. threshold (gradient):             1.00e-05
 Conv. threshold (energy):               1.00e-06
 Interpolation scheme:                   adiis+cdiis
 Initial guess:                          SAD

 ---------------------------------------------------------------
                  energy        change          grad        time
 ---------------------------------------------------------------
   0     -1507.937354975                    1.02e-02        0.01
   1     -1508.068488348     -1.31e-01      1.06e-01        0.01
   2     -1508.070985563     -2.50e-03      5.84e-02        0.01
   3     -1508.061311571      9.67e-03      1.32e-01        0.01
   4     -1508.072754666     -1.14e-02      2.07e-03        0.01
   5     -1508.072756837     -2.17e-06      3.90e-04        0.01
   6     -1508.072757141     -3.04e-07      2.82e-04        0.02
   7     -1508.072757343     -2.01e-07      2.13e-04        0.02
   8     -1508.072757697     -3.54e-07      1.26e-04        0.01
   9     -1508.072757855     -1.58e-07      1.66e-05        0.01
  10     -1508.072757856     -1.74e-09      2.51e-06        0.01

 SCF converged in 10 iterations.

 Dipole moment (in Debye):               0.000000       0.000000       0.000000

 Quadrupole moment (in Debye-Angstrom):
                  1            2            3
 1       -14.306031    -0.000000    -0.000000
 2        -0.000000   -14.306031    -0.000000
 3        -0.000000    -0.000000   -14.950029

 Spin-squared expectation <S^2>:         2.000
 Total spin quantum number S:            1.000
 TOTAL ENERGY:                       -1508.072757856

 --------------------------------------------------------------------------------

 End time:                               Wed Jun  2 11:53:44 2021
 Total wall-clock time:                  1.872 seconds
==================================================================================
