
================================================================================
          _____________ ________ _______________ ________     _________         
         / ___________// ______ \\_____   _____// ______ \   / ________)        
        / /_________  / /      \ \     | |     / /      \ \ | (_______          
       |  __________|| |        | |    | |    | |        | | \________ \        
        \ \_________ | |        | |    | |     \ \______/ /___________) |       
         \__________||_|        |_|    |_|      \________//____________/        
                                                                                
====================================[ Qcore ]===================================

 Git hash:   15a3e7daff0cda5fa9af010ccd19a80288182ecf
 Git date:   Fri, 16 Apr 2021 15:57:16 +0100
 Compiler:   GNU 9.1.0
 Build type: Release
 Version:    1.1.0

 Start time: Wed Jun  2 11:50:48 2021

 Data directory: /work/zw18965/.local/qcore/share/entos/1.1.0/data
 Number of threads: 24
 Number of threads was determined by: command line argument
  - More threads can be used by running 'qcore -n 32'

 --------------------------------------------------------------------------------
                                   command: dft                                  
 --------------------------------------------------------------------------------
 AO basis set:                           aug-cc-pvtz
 Number of AO basis functions:         139

 Formula:                                OSc
 Nuclear charge:                        29.000000000
 Total charge:                           0.000000000
 Number of electrons:                   29.000000000

 Number of alpha electrons:             15
 Number of beta electrons:              14
 Number of unpaired electrons:           1
 Spin:                                   1
 Multiplicity:                           doublet

 Theory:                                 dft
 Exchange-correlation functional:        pbe
 Method for Coulomb:                     incore_df
 Integral threshold:                     1.00e-12
 DF basis set:                           def2-tzvp-jkfit(spdfghi)
 Number of DF basis functions:         341
 Schwarz screening threshold:            1.00e-10
 Coulomb fitting method:                 Cholesky
 Total number of grid points:        14796
 Method for AO orthogonalization:        symmetric
 Threshold for linear dependence:        1.00e-08
 D3BJ dispersion energy:                -0.000648697

 -------------------------------------
  Running unrestricted open-shell SCF 
 -------------------------------------
 Max number of iterations:             128
 Conv. threshold (gradient):             1.00e-05
 Conv. threshold (energy):               1.00e-06
 Interpolation scheme:                   adiis+cdiis
 Initial guess:                          SAD

 ---------------------------------------------------------------
                  energy        change          grad        time
 ---------------------------------------------------------------
   0      -835.647832093                    2.27e+00        0.03
   1      -835.284665449      3.63e-01      1.22e+00        0.02
   2      -823.974639210      1.13e+01      6.62e+00        0.02
   3      -833.534095843     -9.56e+00      2.28e+00        0.02
   4      -835.512859518     -1.98e+00      7.99e-01        0.03
   5      -835.638049452     -1.25e-01      3.62e-01        0.03
   6      -835.682692975     -4.46e-02      1.51e-01        0.03
   7      -835.689513353     -6.82e-03      7.66e-02        0.03
   8      -835.691581868     -2.07e-03      4.90e-02        0.03
   9      -835.692164075     -5.82e-04      2.13e-03        0.03
  10      -835.692165749     -1.67e-06      5.61e-04        0.03
  11      -835.692165804     -5.51e-08      1.94e-04        0.03
  12      -835.692165815     -1.09e-08      5.60e-05        0.02
  13      -835.692165816     -1.16e-09      4.72e-06        0.03

 SCF converged in 13 iterations.

 Dipole moment (in Debye):               0.000000       0.000000      -3.553201

 Quadrupole moment (in Debye-Angstrom):
                  1            2            3
 1       -22.745722    -0.000014    -0.000000
 2        -0.000014   -22.745722    -0.000000
 3        -0.000000    -0.000000   -28.800284

 Spin-squared expectation <S^2>:         0.752
 Total spin quantum number S:            0.501
 TOTAL ENERGY:                        -835.692165816

 --------------------------------------------------------------------------------

 End time:                               Wed Jun  2 11:50:50 2021
 Total wall-clock time:                  2.446 seconds
==================================================================================
