
================================================================================
          _____________ ________ _______________ ________     _________         
         / ___________// ______ \\_____   _____// ______ \   / ________)        
        / /_________  / /      \ \     | |     / /      \ \ | (_______          
       |  __________|| |        | |    | |    | |        | | \________ \        
        \ \_________ | |        | |    | |     \ \______/ /___________) |       
         \__________||_|        |_|    |_|      \________//____________/        
                                                                                
====================================[ Qcore ]===================================

 Git hash:   15a3e7daff0cda5fa9af010ccd19a80288182ecf
 Git date:   Fri, 16 Apr 2021 15:57:16 +0100
 Compiler:   GNU 9.1.0
 Build type: Release
 Version:    1.1.0

 Start time: Wed Jun  2 11:50:58 2021

 Data directory: /work/zw18965/.local/qcore/share/entos/1.1.0/data
 Number of threads: 24
 Number of threads was determined by: command line argument
  - More threads can be used by running 'qcore -n 32'

 --------------------------------------------------------------------------------
                                   command: dft                                  
 --------------------------------------------------------------------------------
 AO basis set:                           aug-cc-pvtz
 Number of AO basis functions:         143

 Formula:                                ClTi
 Nuclear charge:                        39.000000000
 Total charge:                           0.000000000
 Number of electrons:                   39.000000000

 Number of alpha electrons:             21
 Number of beta electrons:              18
 Number of unpaired electrons:           3
 Spin:                                   3
 Multiplicity:                           quartet

 Theory:                                 dft
 Exchange-correlation functional:        pbe
 Method for Coulomb:                     incore_df
 Integral threshold:                     1.00e-12
 DF basis set:                           def2-tzvp-jkfit(spdfghi)
 Number of DF basis functions:         392
 Schwarz screening threshold:            1.00e-10
 Coulomb fitting method:                 Cholesky
 Total number of grid points:        15286
 Method for AO orthogonalization:        symmetric
 Threshold for linear dependence:        1.00e-08
 D3BJ dispersion energy:                -0.001283516

 -------------------------------------
  Running unrestricted open-shell SCF 
 -------------------------------------
 Max number of iterations:             128
 Conv. threshold (gradient):             1.00e-05
 Conv. threshold (energy):               1.00e-06
 Interpolation scheme:                   adiis+cdiis
 Initial guess:                          SAD

 ---------------------------------------------------------------
                  energy        change          grad        time
 ---------------------------------------------------------------
   0     -1309.254148725                    1.87e+00        0.03
   1     -1309.223560183      3.06e-02      3.71e-01        0.03
   2     -1306.805409434      2.42e+00      2.73e+00        0.02
   3     -1309.094426185     -2.29e+00      7.52e-01        0.03
   4     -1309.266153546     -1.72e-01      8.64e-02        0.03
   5     -1309.262205033      3.95e-03      1.16e-01        0.03
   6     -1309.269770852     -7.57e-03      1.04e-02        0.03
   7     -1309.269821826     -5.10e-05      2.91e-03        0.03
   8     -1309.269825397     -3.57e-06      8.09e-04        0.03
   9     -1309.269825622     -2.25e-07      1.28e-04        0.03
  10     -1309.269826210     -5.88e-07      3.71e-04        0.03
  11     -1309.269825574      6.36e-07      6.35e-05        0.03
  12     -1309.269825570      3.75e-09      2.56e-05        0.03
  13     -1309.269825570     -7.59e-11      1.85e-05        0.03
  14     -1309.269825570     -9.23e-11      2.29e-06        0.03

 SCF converged in 14 iterations.

 Dipole moment (in Debye):               0.000000       0.000000      -4.102475

 Quadrupole moment (in Debye-Angstrom):
                  1            2            3
 1       -31.330879    -0.000000    -0.000000
 2        -0.000000   -31.330879    -0.000000
 3        -0.000000    -0.000000   -25.499323

 Spin-squared expectation <S^2>:         3.759
 Total spin quantum number S:            1.502
 TOTAL ENERGY:                       -1309.269825570

 --------------------------------------------------------------------------------

 End time:                               Wed Jun  2 11:51:00 2021
 Total wall-clock time:                  2.625 seconds
==================================================================================
