
================================================================================
          _____________ ________ _______________ ________     _________         
         / ___________// ______ \\_____   _____// ______ \   / ________)        
        / /_________  / /      \ \     | |     / /      \ \ | (_______          
       |  __________|| |        | |    | |    | |        | | \________ \        
        \ \_________ | |        | |    | |     \ \______/ /___________) |       
         \__________||_|        |_|    |_|      \________//____________/        
                                                                                
====================================[ Qcore ]===================================

 Git hash:   15a3e7daff0cda5fa9af010ccd19a80288182ecf
 Git date:   Fri, 16 Apr 2021 15:57:16 +0100
 Compiler:   GNU 9.1.0
 Build type: Release
 Version:    1.1.0

 Start time: Wed Jun  2 11:51:21 2021

 Data directory: /work/zw18965/.local/qcore/share/entos/1.1.0/data
 Number of threads: 24
 Number of threads was determined by: command line argument
  - More threads can be used by running 'qcore -n 32'

 --------------------------------------------------------------------------------
                                   command: dft                                  
 --------------------------------------------------------------------------------
 AO basis set:                           aug-cc-pvtz
 Number of AO basis functions:         139

 Formula:                                OV
 Nuclear charge:                        31.000000000
 Total charge:                           0.000000000
 Number of electrons:                   31.000000000

 Number of alpha electrons:             17
 Number of beta electrons:              14
 Number of unpaired electrons:           3
 Spin:                                   3
 Multiplicity:                           quartet

 Theory:                                 dft
 Exchange-correlation functional:        pbe
 Method for Coulomb:                     incore_df
 Integral threshold:                     1.00e-12
 DF basis set:                           def2-tzvp-jkfit(spdfghi)
 Number of DF basis functions:         341
 Schwarz screening threshold:            1.00e-10
 Coulomb fitting method:                 Cholesky
 Total number of grid points:        14796
 Method for AO orthogonalization:        symmetric
 Threshold for linear dependence:        1.00e-08
 D3BJ dispersion energy:                -0.000687139

 -------------------------------------
  Running unrestricted open-shell SCF 
 -------------------------------------
 Max number of iterations:             128
 Conv. threshold (gradient):             1.00e-05
 Conv. threshold (energy):               1.00e-06
 Interpolation scheme:                   adiis+cdiis
 Initial guess:                          SAD

 ---------------------------------------------------------------
                  energy        change          grad        time
 ---------------------------------------------------------------
   0     -1018.866038005                    2.90e+00        0.02
   1     -1018.324760068      5.41e-01      1.33e+00        0.02
   2     -1001.632058806      1.67e+01      9.19e+00        0.03
   3     -1014.614795715     -1.30e+01      3.82e+00        0.02
   4     -1018.741933064     -4.13e+00      8.62e-01        0.03
   5     -1018.913543608     -1.72e-01      4.22e-01        0.03
   6     -1018.954317441     -4.08e-02      2.20e-01        0.03
   7     -1018.965116131     -1.08e-02      1.11e-01        0.03
   8     -1018.968104262     -2.99e-03      4.33e-02        0.03
   9     -1018.968395160     -2.91e-04      3.31e-02        0.03
  10     -1018.968760574     -3.65e-04      4.46e-04        0.03
  11     -1018.968760856     -2.82e-07      3.99e-04        0.03
  12     -1018.968760902     -4.62e-08      1.63e-04        0.03
  13     -1018.968760910     -7.71e-09      6.15e-06        0.03

 SCF converged in 13 iterations.

 Dipole moment (in Debye):               0.000000       0.000000      -3.293891

 Quadrupole moment (in Debye-Angstrom):
                  1            2            3
 1       -21.983841     0.000000    -0.000001
 2         0.000000   -21.983841    -0.000001
 3        -0.000001    -0.000001   -22.711161

 Spin-squared expectation <S^2>:         3.793
 Total spin quantum number S:            1.511
 TOTAL ENERGY:                       -1018.968760910

 --------------------------------------------------------------------------------

 End time:                               Wed Jun  2 11:51:24 2021
 Total wall-clock time:                  2.627 seconds
==================================================================================
