
================================================================================
          _____________ ________ _______________ ________     _________         
         / ___________// ______ \\_____   _____// ______ \   / ________)        
        / /_________  / /      \ \     | |     / /      \ \ | (_______          
       |  __________|| |        | |    | |    | |        | | \________ \        
        \ \_________ | |        | |    | |     \ \______/ /___________) |       
         \__________||_|        |_|    |_|      \________//____________/        
                                                                                
====================================[ Qcore ]===================================

 Git hash:   15a3e7daff0cda5fa9af010ccd19a80288182ecf
 Git date:   Fri, 16 Apr 2021 15:57:16 +0100
 Compiler:   GNU 9.1.0
 Build type: Release
 Version:    1.1.0

 Start time: Wed Jun  2 11:51:24 2021

 Data directory: /work/zw18965/.local/qcore/share/entos/1.1.0/data
 Number of threads: 24
 Number of threads was determined by: command line argument
  - More threads can be used by running 'qcore -n 32'

 --------------------------------------------------------------------------------
                                   command: dft                                  
 --------------------------------------------------------------------------------
 AO basis set:                           aug-cc-pvtz
 Number of AO basis functions:         143

 Formula:                                SV
 Nuclear charge:                        39.000000000
 Total charge:                           0.000000000
 Number of electrons:                   39.000000000

 Number of alpha electrons:             21
 Number of beta electrons:              18
 Number of unpaired electrons:           3
 Spin:                                   3
 Multiplicity:                           quartet

 Theory:                                 dft
 Exchange-correlation functional:        pbe
 Method for Coulomb:                     incore_df
 Integral threshold:                     1.00e-12
 DF basis set:                           def2-tzvp-jkfit(spdfghi)
 Number of DF basis functions:         392
 Schwarz screening threshold:            1.00e-10
 Coulomb fitting method:                 Cholesky
 Total number of grid points:        15202
 Method for AO orthogonalization:        symmetric
 Threshold for linear dependence:        1.00e-08
 D3BJ dispersion energy:                -0.001562565

 -------------------------------------
  Running unrestricted open-shell SCF 
 -------------------------------------
 Max number of iterations:             128
 Conv. threshold (gradient):             1.00e-05
 Conv. threshold (energy):               1.00e-06
 Interpolation scheme:                   adiis+cdiis
 Initial guess:                          SAD

 ---------------------------------------------------------------
                  energy        change          grad        time
 ---------------------------------------------------------------
   0     -1341.788841332                    2.79e+00        0.03
   1     -1341.349030424      4.40e-01      1.32e+00        0.03
   2     -1326.320029107      1.50e+01      6.42e+00        0.03
   3     -1337.461415257     -1.11e+01      3.96e+00        0.03
   4     -1341.558152022     -4.10e+00      9.71e-01        0.02
   5     -1341.780012074     -2.22e-01      3.94e-01        0.03
   6     -1341.796105042     -1.61e-02      2.77e-01        0.03
   7     -1341.821365699     -2.53e-02      4.25e-02        0.03
   8     -1341.819525314      1.84e-03      9.24e-02        0.03
   9     -1341.821990242     -2.46e-03      7.09e-03        0.03
  10     -1341.822008202     -1.80e-05      1.09e-03        0.03
  11     -1341.822009022     -8.20e-07      2.10e-04        0.03
  12     -1341.822009083     -6.12e-08      9.24e-05        0.03
  13     -1341.822009085     -2.32e-09      4.43e-05        0.03
  14     -1341.822009086     -4.63e-10      1.19e-05        0.03
  15     -1341.822009086     -3.68e-11      6.96e-07        0.02

 SCF converged in 15 iterations.

 Dipole moment (in Debye):               0.000000      -0.000000      -4.650669

 Quadrupole moment (in Debye-Angstrom):
                  1            2            3
 1       -30.281980     0.000000    -0.000000
 2         0.000000   -30.281980    -0.000000
 3        -0.000000    -0.000000   -25.401093

 Spin-squared expectation <S^2>:         3.889
 Total spin quantum number S:            1.535
 TOTAL ENERGY:                       -1341.822009086

 --------------------------------------------------------------------------------

 End time:                               Wed Jun  2 11:51:26 2021
 Total wall-clock time:                  2.769 seconds
==================================================================================
