
================================================================================
          _____________ ________ _______________ ________     _________         
         / ___________// ______ \\_____   _____// ______ \   / ________)        
        / /_________  / /      \ \     | |     / /      \ \ | (_______          
       |  __________|| |        | |    | |    | |        | | \________ \        
        \ \_________ | |        | |    | |     \ \______/ /___________) |       
         \__________||_|        |_|    |_|      \________//____________/        
                                                                                
====================================[ Qcore ]===================================

 Git hash:   15a3e7daff0cda5fa9af010ccd19a80288182ecf
 Git date:   Fri, 16 Apr 2021 15:57:16 +0100
 Compiler:   GNU 9.1.0
 Build type: Release
 Version:    1.1.0

 Start time: Wed Jun  2 11:51:31 2021

 Data directory: /work/zw18965/.local/qcore/share/entos/1.1.0/data
 Number of threads: 24
 Number of threads was determined by: command line argument
  - More threads can be used by running 'qcore -n 32'

 --------------------------------------------------------------------------------
                                   command: dft                                  
 --------------------------------------------------------------------------------
 AO basis set:                           aug-cc-pvtz
 Number of AO basis functions:         143

 Formula:                                ClCr
 Nuclear charge:                        41.000000000
 Total charge:                           0.000000000
 Number of electrons:                   41.000000000

 Number of alpha electrons:             23
 Number of beta electrons:              18
 Number of unpaired electrons:           5
 Spin:                                   5
 Multiplicity:                           septet

 Theory:                                 dft
 Exchange-correlation functional:        pbe
 Method for Coulomb:                     incore_df
 Integral threshold:                     1.00e-12
 DF basis set:                           def2-tzvp-jkfit(spdfghi)
 Number of DF basis functions:         392
 Schwarz screening threshold:            1.00e-10
 Coulomb fitting method:                 Cholesky
 Total number of grid points:        15322
 Method for AO orthogonalization:        symmetric
 Threshold for linear dependence:        1.00e-08
 D3BJ dispersion energy:                -0.001297905

 -------------------------------------
  Running unrestricted open-shell SCF 
 -------------------------------------
 Max number of iterations:             128
 Conv. threshold (gradient):             1.00e-05
 Conv. threshold (energy):               1.00e-06
 Interpolation scheme:                   adiis+cdiis
 Initial guess:                          SAD

 ---------------------------------------------------------------
                  energy        change          grad        time
 ---------------------------------------------------------------
   0     -1504.192409465                    1.84e+00        0.02
   1     -1504.119920067      7.25e-02      7.87e-01        0.03
   2     -1496.094443311      8.03e+00      4.05e+00        0.03
   3     -1503.379935314     -7.29e+00      1.83e+00        0.03
   4     -1504.300461063     -9.21e-01      3.77e-01        0.03
   5     -1504.289396360      1.11e-02      4.26e-01        0.03
   6     -1504.333059230     -4.37e-02      6.38e-02        0.03
   7     -1504.327822270      5.24e-03      1.23e-01        0.03
   8     -1504.335194152     -7.37e-03      6.90e-03        0.03
   9     -1504.335209333     -1.52e-05      1.22e-03        0.03
  10     -1504.335209901     -5.67e-07      1.20e-04        0.02
  11     -1504.335209906     -4.75e-09      6.70e-05        0.03
  12     -1504.335209907     -1.49e-09      9.56e-06        0.03

 SCF converged in 12 iterations.

 Dipole moment (in Debye):               0.000000       0.000000      -4.606016

 Quadrupole moment (in Debye-Angstrom):
                  1            2            3
 1       -28.653998     0.000000    -0.000000
 2         0.000000   -28.653998    -0.000000
 3        -0.000000    -0.000000   -25.788487

 Spin-squared expectation <S^2>:         8.771
 Total spin quantum number S:            2.503
 TOTAL ENERGY:                       -1504.335209907

 --------------------------------------------------------------------------------

 End time:                               Wed Jun  2 11:51:34 2021
 Total wall-clock time:                  2.509 seconds
==================================================================================
