
================================================================================
          _____________ ________ _______________ ________     _________         
         / ___________// ______ \\_____   _____// ______ \   / ________)        
        / /_________  / /      \ \     | |     / /      \ \ | (_______          
       |  __________|| |        | |    | |    | |        | | \________ \        
        \ \_________ | |        | |    | |     \ \______/ /___________) |       
         \__________||_|        |_|    |_|      \________//____________/        
                                                                                
====================================[ Qcore ]===================================

 Git hash:   15a3e7daff0cda5fa9af010ccd19a80288182ecf
 Git date:   Fri, 16 Apr 2021 15:57:16 +0100
 Compiler:   GNU 9.1.0
 Build type: Release
 Version:    1.1.0

 Start time: Wed Jun  2 11:51:45 2021

 Data directory: /work/zw18965/.local/qcore/share/entos/1.1.0/data
 Number of threads: 24
 Number of threads was determined by: command line argument
  - More threads can be used by running 'qcore -n 32'

 --------------------------------------------------------------------------------
                                   command: dft                                  
 --------------------------------------------------------------------------------
 AO basis set:                           aug-cc-pvtz
 Number of AO basis functions:         139

 Formula:                                FMn
 Nuclear charge:                        34.000000000
 Total charge:                           0.000000000
 Number of electrons:                   34.000000000

 Number of alpha electrons:             20
 Number of beta electrons:              14
 Number of unpaired electrons:           6
 Spin:                                   6
 Multiplicity:                           octet

 Theory:                                 dft
 Exchange-correlation functional:        pbe
 Method for Coulomb:                     incore_df
 Integral threshold:                     1.00e-12
 DF basis set:                           def2-tzvp-jkfit(spdfghi)
 Number of DF basis functions:         341
 Schwarz screening threshold:            1.00e-10
 Coulomb fitting method:                 Cholesky
 Total number of grid points:        14748
 Method for AO orthogonalization:        symmetric
 Threshold for linear dependence:        1.00e-08
 D3BJ dispersion energy:                -0.000422654

 -------------------------------------
  Running unrestricted open-shell SCF 
 -------------------------------------
 Max number of iterations:             128
 Conv. threshold (gradient):             1.00e-05
 Conv. threshold (energy):               1.00e-06
 Interpolation scheme:                   adiis+cdiis
 Initial guess:                          SAD

 ---------------------------------------------------------------
                  energy        change          grad        time
 ---------------------------------------------------------------
   0     -1250.392866690                    1.93e+00        0.03
   1     -1250.513528558     -1.21e-01      5.52e-01        0.03
   2     -1244.487681264      6.03e+00      4.77e+00        0.03
   3     -1250.050627007     -5.56e+00      1.45e+00        0.03
   4     -1250.585510231     -5.35e-01      3.01e-01        0.03
   5     -1250.596654332     -1.11e-02      2.13e-01        0.03
   6     -1250.607162113     -1.05e-02      4.13e-02        0.03
   7     -1250.605788382      1.37e-03      8.58e-02        0.03
   8     -1250.607545235     -1.76e-03      2.06e-03        0.02
   9     -1250.607546427     -1.19e-06      6.80e-04        0.03
  10     -1250.607546594     -1.66e-07      3.33e-05        0.02
  11     -1250.607546594     -3.98e-10      1.36e-05        0.03
  12     -1250.607546594     -3.73e-11      9.53e-07        0.02

 SCF converged in 12 iterations.

 Dipole moment (in Debye):               0.000000       0.000000      -2.056833

 Quadrupole moment (in Debye-Angstrom):
                  1            2            3
 1       -19.897277     0.000000     0.000000
 2         0.000000   -19.897277     0.000000
 3         0.000000     0.000000   -27.247566

 Spin-squared expectation <S^2>:        12.003
 Total spin quantum number S:            3.000
 TOTAL ENERGY:                       -1250.607546594

 --------------------------------------------------------------------------------

 End time:                               Wed Jun  2 11:51:47 2021
 Total wall-clock time:                  2.389 seconds
==================================================================================
