
================================================================================
          _____________ ________ _______________ ________     _________         
         / ___________// ______ \\_____   _____// ______ \   / ________)        
        / /_________  / /      \ \     | |     / /      \ \ | (_______          
       |  __________|| |        | |    | |    | |        | | \________ \        
        \ \_________ | |        | |    | |     \ \______/ /___________) |       
         \__________||_|        |_|    |_|      \________//____________/        
                                                                                
====================================[ Qcore ]===================================

 Git hash:   15a3e7daff0cda5fa9af010ccd19a80288182ecf
 Git date:   Fri, 16 Apr 2021 15:57:16 +0100
 Compiler:   GNU 9.1.0
 Build type: Release
 Version:    1.1.0

 Start time: Wed Jun  2 11:51:48 2021

 Data directory: /work/zw18965/.local/qcore/share/entos/1.1.0/data
 Number of threads: 24
 Number of threads was determined by: command line argument
  - More threads can be used by running 'qcore -n 32'

 --------------------------------------------------------------------------------
                                   command: dft                                  
 --------------------------------------------------------------------------------
 AO basis set:                           aug-cc-pvtz
 Number of AO basis functions:         143

 Formula:                                ClMn
 Nuclear charge:                        42.000000000
 Total charge:                           0.000000000
 Number of electrons:                   42.000000000

 Number of alpha electrons:             24
 Number of beta electrons:              18
 Number of unpaired electrons:           6
 Spin:                                   6
 Multiplicity:                           octet

 Theory:                                 dft
 Exchange-correlation functional:        pbe
 Method for Coulomb:                     incore_df
 Integral threshold:                     1.00e-12
 DF basis set:                           def2-tzvp-jkfit(spdfghi)
 Number of DF basis functions:         392
 Schwarz screening threshold:            1.00e-10
 Coulomb fitting method:                 Cholesky
 Total number of grid points:        15430
 Method for AO orthogonalization:        symmetric
 Threshold for linear dependence:        1.00e-08
 D3BJ dispersion energy:                -0.001127425

 -------------------------------------
  Running unrestricted open-shell SCF 
 -------------------------------------
 Max number of iterations:             128
 Conv. threshold (gradient):             1.00e-05
 Conv. threshold (energy):               1.00e-06
 Interpolation scheme:                   adiis+cdiis
 Initial guess:                          SAD

 ---------------------------------------------------------------
                  energy        change          grad        time
 ---------------------------------------------------------------
   0     -1610.721213261                    2.10e+00        0.02
   1     -1610.836355279     -1.15e-01      2.30e-01        0.03
   2     -1610.349570870      4.87e-01      1.29e+00        0.03
   3     -1610.836195741     -4.87e-01      2.04e-01        0.03
   4     -1610.859149621     -2.30e-02      7.56e-02        0.03
   5     -1610.855009708      4.14e-03      1.12e-01        0.03
   6     -1610.862720199     -7.71e-03      7.23e-03        0.03
   7     -1610.862741600     -2.14e-05      2.33e-03        0.03
   8     -1610.862744259     -2.66e-06      2.79e-04        0.03
   9     -1610.862744281     -2.24e-08      6.51e-05        0.03
  10     -1610.862744283     -1.84e-09      1.43e-05        0.03
  11     -1610.862744283     -6.30e-11      6.32e-06        0.03

 SCF converged in 11 iterations.

 Dipole moment (in Debye):              -0.000000      -0.000000      -2.306635

 Quadrupole moment (in Debye-Angstrom):
                  1            2            3
 1       -28.344852    -0.000000     0.000000
 2        -0.000000   -28.344852     0.000000
 3         0.000000     0.000000   -33.412193

 Spin-squared expectation <S^2>:        12.004
 Total spin quantum number S:            3.001
 TOTAL ENERGY:                       -1610.862744283

 --------------------------------------------------------------------------------

 End time:                               Wed Jun  2 11:51:50 2021
 Total wall-clock time:                  2.716 seconds
==================================================================================
