
================================================================================
          _____________ ________ _______________ ________     _________         
         / ___________// ______ \\_____   _____// ______ \   / ________)        
        / /_________  / /      \ \     | |     / /      \ \ | (_______          
       |  __________|| |        | |    | |    | |        | | \________ \        
        \ \_________ | |        | |    | |     \ \______/ /___________) |       
         \__________||_|        |_|    |_|      \________//____________/        
                                                                                
====================================[ Qcore ]===================================

 Git hash:   15a3e7daff0cda5fa9af010ccd19a80288182ecf
 Git date:   Fri, 16 Apr 2021 15:57:16 +0100
 Compiler:   GNU 9.1.0
 Build type: Release
 Version:    1.1.0

 Start time: Wed Jun  2 11:51:50 2021

 Data directory: /work/zw18965/.local/qcore/share/entos/1.1.0/data
 Number of threads: 24
 Number of threads was determined by: command line argument
  - More threads can be used by running 'qcore -n 32'

 --------------------------------------------------------------------------------
                                   command: dft                                  
 --------------------------------------------------------------------------------
 AO basis set:                           aug-cc-pvtz
 Number of AO basis functions:         152

 Formula:                                MnBr
 Nuclear charge:                        60.000000000
 Total charge:                           0.000000000
 Number of electrons:                   60.000000000

 Number of alpha electrons:             33
 Number of beta electrons:              27
 Number of unpaired electrons:           6
 Spin:                                   6
 Multiplicity:                           octet

 Theory:                                 dft
 Exchange-correlation functional:        pbe
 Method for Coulomb:                     incore_df
 Integral threshold:                     1.00e-12
 DF basis set:                           def2-tzvp-jkfit(spdfghi)
 Number of DF basis functions:         530
 Schwarz screening threshold:            1.00e-10
 Coulomb fitting method:                 Cholesky
 Total number of grid points:        16100
 Method for AO orthogonalization:        symmetric
 Threshold for linear dependence:        1.00e-08
 D3BJ dispersion energy:                -0.001240384

 -------------------------------------
  Running unrestricted open-shell SCF 
 -------------------------------------
 Max number of iterations:             128
 Conv. threshold (gradient):             1.00e-05
 Conv. threshold (energy):               1.00e-06
 Interpolation scheme:                   adiis+cdiis
 Initial guess:                          SAD

 ---------------------------------------------------------------
                  energy        change          grad        time
 ---------------------------------------------------------------
   0     -3724.530651844                    2.85e+00        0.03
   1     -3724.629569481     -9.89e-02      1.68e-01        0.03
   2     -3724.620581432      8.99e-03      2.08e-01        0.03
   3     -3724.636361810     -1.58e-02      1.51e-01        0.03
   4     -3724.639926729     -3.56e-03      1.27e-01        0.04
   5     -3724.646251780     -6.33e-03      3.75e-02        0.04
   6     -3724.644903220      1.35e-03      5.93e-02        0.04
   7     -3724.647149130     -2.25e-03      8.97e-04        0.04
   8     -3724.647149641     -5.11e-07      1.23e-04        0.03
   9     -3724.647149651     -9.96e-09      1.19e-05        0.03
  10     -3724.647149651     -8.82e-11      3.34e-06        0.04

 SCF converged in 10 iterations.

 Dipole moment (in Debye):               0.000000       0.000000      -2.281409

 Quadrupole moment (in Debye-Angstrom):
                  1            2            3
 1       -34.397686     0.000000    -0.000001
 2         0.000000   -34.397686    -0.000001
 3        -0.000001    -0.000001   -36.791207

 Spin-squared expectation <S^2>:        12.004
 Total spin quantum number S:            3.001
 TOTAL ENERGY:                       -3724.647149651

 --------------------------------------------------------------------------------

 End time:                               Wed Jun  2 11:51:54 2021
 Total wall-clock time:                  3.222 seconds
==================================================================================
