
================================================================================
          _____________ ________ _______________ ________     _________         
         / ___________// ______ \\_____   _____// ______ \   / ________)        
        / /_________  / /      \ \     | |     / /      \ \ | (_______          
       |  __________|| |        | |    | |    | |        | | \________ \        
        \ \_________ | |        | |    | |     \ \______/ /___________) |       
         \__________||_|        |_|    |_|      \________//____________/        
                                                                                
====================================[ Qcore ]===================================

 Git hash:   15a3e7daff0cda5fa9af010ccd19a80288182ecf
 Git date:   Fri, 16 Apr 2021 15:57:16 +0100
 Compiler:   GNU 9.1.0
 Build type: Release
 Version:    1.1.0

 Start time: Wed Jun  2 11:51:54 2021

 Data directory: /work/zw18965/.local/qcore/share/entos/1.1.0/data
 Number of threads: 24
 Number of threads was determined by: command line argument
  - More threads can be used by running 'qcore -n 32'

 --------------------------------------------------------------------------------
                                   command: dft                                  
 --------------------------------------------------------------------------------
 AO basis set:                           aug-cc-pvtz
 Number of AO basis functions:         139

 Formula:                                OMn
 Nuclear charge:                        33.000000000
 Total charge:                           0.000000000
 Number of electrons:                   33.000000000

 Number of alpha electrons:             19
 Number of beta electrons:              14
 Number of unpaired electrons:           5
 Spin:                                   5
 Multiplicity:                           septet

 Theory:                                 dft
 Exchange-correlation functional:        pbe
 Method for Coulomb:                     incore_df
 Integral threshold:                     1.00e-12
 DF basis set:                           def2-tzvp-jkfit(spdfghi)
 Number of DF basis functions:         341
 Schwarz screening threshold:            1.00e-10
 Coulomb fitting method:                 Cholesky
 Total number of grid points:        14880
 Method for AO orthogonalization:        symmetric
 Threshold for linear dependence:        1.00e-08
 D3BJ dispersion energy:                -0.000569665

 -------------------------------------
  Running unrestricted open-shell SCF 
 -------------------------------------
 Max number of iterations:             128
 Conv. threshold (gradient):             1.00e-05
 Conv. threshold (energy):               1.00e-06
 Interpolation scheme:                   adiis+cdiis
 Initial guess:                          SAD

 ---------------------------------------------------------------
                  energy        change          grad        time
 ---------------------------------------------------------------
   0     -1225.849864797                    2.73e+00        0.02
   1     -1225.634624103      2.15e-01      1.07e+00        0.02
   2     -1216.670054611      8.96e+00      5.95e+00        0.03
   3     -1224.445575849     -7.78e+00      2.22e+00        0.03
   4     -1225.775560027     -1.33e+00      8.14e-01        0.03
   5     -1225.674376488      1.01e-01      1.04e+00        0.03
   6     -1225.935144926     -2.61e-01      3.16e-01        0.03
   7     -1225.940523841     -5.38e-03      2.84e-01        0.03
   8     -1225.956652750     -1.61e-02      9.00e-02        0.03
   9     -1225.952586954      4.07e-03      1.60e-01        0.03
  10     -1225.959122288     -6.54e-03      1.16e-03        0.03
  11     -1225.959122778     -4.90e-07      6.73e-04        0.02
  12     -1225.959122858     -8.02e-08      2.16e-04        0.02
  13     -1225.959122865     -6.67e-09      6.55e-05        0.03
  14     -1225.959122866     -1.46e-09      1.01e-05        0.03
  15     -1225.959122866     -2.50e-11      1.01e-06        0.02

 SCF converged in 15 iterations.

 Dipole moment (in Debye):               0.000000       0.000000      -4.294639

 Quadrupole moment (in Debye-Angstrom):
                  1            2            3
 1       -20.450685    -0.000000    -0.000000
 2        -0.000000   -20.450685    -0.000000
 3        -0.000000    -0.000000   -22.596655

 Spin-squared expectation <S^2>:         8.789
 Total spin quantum number S:            2.506
 TOTAL ENERGY:                       -1225.959122866

 --------------------------------------------------------------------------------

 End time:                               Wed Jun  2 11:51:56 2021
 Total wall-clock time:                  2.594 seconds
==================================================================================
