
================================================================================
          _____________ ________ _______________ ________     _________         
         / ___________// ______ \\_____   _____// ______ \   / ________)        
        / /_________  / /      \ \     | |     / /      \ \ | (_______          
       |  __________|| |        | |    | |    | |        | | \________ \        
        \ \_________ | |        | |    | |     \ \______/ /___________) |       
         \__________||_|        |_|    |_|      \________//____________/        
                                                                                
====================================[ Qcore ]===================================

 Git hash:   15a3e7daff0cda5fa9af010ccd19a80288182ecf
 Git date:   Fri, 16 Apr 2021 15:57:16 +0100
 Compiler:   GNU 9.1.0
 Build type: Release
 Version:    1.1.0

 Start time: Wed Jun  2 11:52:04 2021

 Data directory: /work/zw18965/.local/qcore/share/entos/1.1.0/data
 Number of threads: 24
 Number of threads was determined by: command line argument
  - More threads can be used by running 'qcore -n 32'

 --------------------------------------------------------------------------------
                                   command: dft                                  
 --------------------------------------------------------------------------------
 AO basis set:                           aug-cc-pvtz
 Number of AO basis functions:         143

 Formula:                                ClFe
 Nuclear charge:                        43.000000000
 Total charge:                           0.000000000
 Number of electrons:                   43.000000000

 Number of alpha electrons:             24
 Number of beta electrons:              19
 Number of unpaired electrons:           5
 Spin:                                   5
 Multiplicity:                           septet

 Theory:                                 dft
 Exchange-correlation functional:        pbe
 Method for Coulomb:                     incore_df
 Integral threshold:                     1.00e-12
 DF basis set:                           def2-tzvp-jkfit(spdfghi)
 Number of DF basis functions:         392
 Schwarz screening threshold:            1.00e-10
 Coulomb fitting method:                 Cholesky
 Total number of grid points:        15430
 Method for AO orthogonalization:        symmetric
 Threshold for linear dependence:        1.00e-08
 D3BJ dispersion energy:                -0.001064906

 -------------------------------------
  Running unrestricted open-shell SCF 
 -------------------------------------
 Max number of iterations:             128
 Conv. threshold (gradient):             1.00e-05
 Conv. threshold (energy):               1.00e-06
 Interpolation scheme:                   adiis+cdiis
 Initial guess:                          SAD

 ---------------------------------------------------------------
                  energy        change          grad        time
 ---------------------------------------------------------------
   0     -1723.483901233                    2.19e+00        0.03
   1     -1723.530691722     -4.68e-02      1.67e-01        0.02
   2     -1723.476177034      5.45e-02      4.72e-01        0.03
   3     -1723.547885485     -7.17e-02      7.35e-02        0.02
   4     -1723.534962241      1.29e-02      1.54e-01        0.03
   5     -1723.550928056     -1.60e-02      1.70e-02        0.03
   6     -1723.551063518     -1.35e-04      4.41e-03        0.02
   7     -1723.551072408     -8.89e-06      3.11e-04        0.03
   8     -1723.551072472     -6.39e-08      4.64e-05        0.03
   9     -1723.551072473     -7.65e-10      1.27e-05        0.03
  10     -1723.551072473     -6.62e-11      2.74e-06        0.03

 SCF converged in 10 iterations.

 Dipole moment (in Debye):               0.000000       0.000000      -1.541700

 Quadrupole moment (in Debye-Angstrom):
                  1            2            3
 1       -28.012208    -0.000000    -0.000000
 2        -0.000000   -28.012208    -0.000000
 3        -0.000000    -0.000000   -31.981976

 Spin-squared expectation <S^2>:         8.753
 Total spin quantum number S:            2.501
 TOTAL ENERGY:                       -1723.551072473

 --------------------------------------------------------------------------------

 End time:                               Wed Jun  2 11:52:07 2021
 Total wall-clock time:                  2.687 seconds
==================================================================================
