
================================================================================
          _____________ ________ _______________ ________     _________         
         / ___________// ______ \\_____   _____// ______ \   / ________)        
        / /_________  / /      \ \     | |     / /      \ \ | (_______          
       |  __________|| |        | |    | |    | |        | | \________ \        
        \ \_________ | |        | |    | |     \ \______/ /___________) |       
         \__________||_|        |_|    |_|      \________//____________/        
                                                                                
====================================[ Qcore ]===================================

 Git hash:   15a3e7daff0cda5fa9af010ccd19a80288182ecf
 Git date:   Fri, 16 Apr 2021 15:57:16 +0100
 Compiler:   GNU 9.1.0
 Build type: Release
 Version:    1.1.0

 Start time: Wed Jun  2 11:52:07 2021

 Data directory: /work/zw18965/.local/qcore/share/entos/1.1.0/data
 Number of threads: 24
 Number of threads was determined by: command line argument
  - More threads can be used by running 'qcore -n 32'

 --------------------------------------------------------------------------------
                                   command: dft                                  
 --------------------------------------------------------------------------------
 AO basis set:                           aug-cc-pvtz
 Number of AO basis functions:         152

 Formula:                                FeBr
 Nuclear charge:                        61.000000000
 Total charge:                           0.000000000
 Number of electrons:                   61.000000000

 Number of alpha electrons:             33
 Number of beta electrons:              28
 Number of unpaired electrons:           5
 Spin:                                   5
 Multiplicity:                           septet

 Theory:                                 dft
 Exchange-correlation functional:        pbe
 Method for Coulomb:                     incore_df
 Integral threshold:                     1.00e-12
 DF basis set:                           def2-tzvp-jkfit(spdfghi)
 Number of DF basis functions:         530
 Schwarz screening threshold:            1.00e-10
 Coulomb fitting method:                 Cholesky
 Total number of grid points:        16100
 Method for AO orthogonalization:        symmetric
 Threshold for linear dependence:        1.00e-08
 D3BJ dispersion energy:                -0.001174373

 -------------------------------------
  Running unrestricted open-shell SCF 
 -------------------------------------
 Max number of iterations:             128
 Conv. threshold (gradient):             1.00e-05
 Conv. threshold (energy):               1.00e-06
 Interpolation scheme:                   adiis+cdiis
 Initial guess:                          SAD

 ---------------------------------------------------------------
                  energy        change          grad        time
 ---------------------------------------------------------------
   0     -3837.290575110                    2.94e+00        0.03
   1     -3837.258677967      3.19e-02      4.18e-01        0.03
   2     -3835.732863474      1.53e+00      2.68e+00        0.03
   3     -3837.209770096     -1.48e+00      5.57e-01        0.03
   4     -3837.333944751     -1.24e-01      5.77e-02        0.03
   5     -3837.314812006      1.91e-02      2.00e-01        0.04
   6     -3837.335286164     -2.05e-02      1.68e-02        0.03
   7     -3837.335436342     -1.50e-04      8.87e-03        0.04
   8     -3837.335473579     -3.72e-05      8.81e-04        0.03
   9     -3837.335473877     -2.98e-07      2.53e-04        0.03
  10     -3837.335473907     -3.00e-08      5.49e-05        0.03
  11     -3837.335473909     -2.26e-09      1.66e-05        0.03
  12     -3837.335473910     -1.43e-10      5.15e-06        0.03

 SCF converged in 12 iterations.

 Dipole moment (in Debye):               0.000000       0.000000      -1.420261

 Quadrupole moment (in Debye-Angstrom):
                  1            2            3
 1       -33.982048    -0.000000    -0.000000
 2        -0.000000   -33.982048    -0.000000
 3        -0.000000    -0.000000   -36.132178

 Spin-squared expectation <S^2>:         8.753
 Total spin quantum number S:            2.501
 TOTAL ENERGY:                       -3837.335473910

 --------------------------------------------------------------------------------

 End time:                               Wed Jun  2 11:52:11 2021
 Total wall-clock time:                  3.517 seconds
==================================================================================
