
================================================================================
          _____________ ________ _______________ ________     _________         
         / ___________// ______ \\_____   _____// ______ \   / ________)        
        / /_________  / /      \ \     | |     / /      \ \ | (_______          
       |  __________|| |        | |    | |    | |        | | \________ \        
        \ \_________ | |        | |    | |     \ \______/ /___________) |       
         \__________||_|        |_|    |_|      \________//____________/        
                                                                                
====================================[ Qcore ]===================================

 Git hash:   15a3e7daff0cda5fa9af010ccd19a80288182ecf
 Git date:   Fri, 16 Apr 2021 15:57:16 +0100
 Compiler:   GNU 9.1.0
 Build type: Release
 Version:    1.1.0

 Start time: Wed Jun  2 11:52:13 2021

 Data directory: /work/zw18965/.local/qcore/share/entos/1.1.0/data
 Number of threads: 24
 Number of threads was determined by: command line argument
  - More threads can be used by running 'qcore -n 32'

 --------------------------------------------------------------------------------
                                   command: dft                                  
 --------------------------------------------------------------------------------
 AO basis set:                           aug-cc-pvtz
 Number of AO basis functions:         143

 Formula:                                SFe
 Nuclear charge:                        42.000000000
 Total charge:                           0.000000000
 Number of electrons:                   42.000000000

 Number of alpha electrons:             23
 Number of beta electrons:              19
 Number of unpaired electrons:           4
 Spin:                                   4
 Multiplicity:                           quintet

 Theory:                                 dft
 Exchange-correlation functional:        pbe
 Method for Coulomb:                     incore_df
 Integral threshold:                     1.00e-12
 DF basis set:                           def2-tzvp-jkfit(spdfghi)
 Number of DF basis functions:         392
 Schwarz screening threshold:            1.00e-10
 Coulomb fitting method:                 Cholesky
 Total number of grid points:        15286
 Method for AO orthogonalization:        symmetric
 Threshold for linear dependence:        1.00e-08
 D3BJ dispersion energy:                -0.001199247

 -------------------------------------
  Running unrestricted open-shell SCF 
 -------------------------------------
 Max number of iterations:             128
 Conv. threshold (gradient):             1.00e-05
 Conv. threshold (energy):               1.00e-06
 Interpolation scheme:                   adiis+cdiis
 Initial guess:                          SAD

 ---------------------------------------------------------------
                  energy        change          grad        time
 ---------------------------------------------------------------
   0     -1661.570379218                    3.15e+00        0.03
   1     -1661.362475542      2.08e-01      7.43e-01        0.03
   2     -1648.428689678      1.29e+01      4.15e+00        0.03
   3     -1659.054982606     -1.06e+01      3.20e+00        0.03
   4     -1661.181501311     -2.13e+00      1.33e+00        0.03
   5     -1661.525740715     -3.44e-01      3.15e-01        0.03
   6     -1661.355499321      1.70e-01      9.68e-01        0.03
   7     -1661.533968547     -1.78e-01      2.94e-01        0.03
   8     -1661.547471316     -1.35e-02      8.75e-02        0.03
   9     -1661.546456088      1.02e-03      1.08e-01        0.03
  10     -1661.549984060     -3.53e-03      1.13e-02        0.03
  11     -1661.550010592     -2.65e-05      3.24e-03        0.02
  12     -1661.550014215     -3.62e-06      9.15e-04        0.02
  13     -1661.550014382     -1.68e-07      3.62e-04        0.03
  14     -1661.550014424     -4.14e-08      6.49e-05        0.03
  15     -1661.550014425     -1.30e-09      9.10e-06        0.02

 SCF converged in 15 iterations.

 Dipole moment (in Debye):               0.000000       0.000000      -4.733187

 Quadrupole moment (in Debye-Angstrom):
                  1            2            3
 1       -28.534957     0.000151    -0.000000
 2         0.000151   -28.534957    -0.000000
 3        -0.000000    -0.000000   -25.039332

 Spin-squared expectation <S^2>:         6.027
 Total spin quantum number S:            2.005
 TOTAL ENERGY:                       -1661.550014425

 --------------------------------------------------------------------------------

 End time:                               Wed Jun  2 11:52:16 2021
 Total wall-clock time:                  2.915 seconds
==================================================================================
