
================================================================================
          _____________ ________ _______________ ________     _________         
         / ___________// ______ \\_____   _____// ______ \   / ________)        
        / /_________  / /      \ \     | |     / /      \ \ | (_______          
       |  __________|| |        | |    | |    | |        | | \________ \        
        \ \_________ | |        | |    | |     \ \______/ /___________) |       
         \__________||_|        |_|    |_|      \________//____________/        
                                                                                
====================================[ Qcore ]===================================

 Git hash:   15a3e7daff0cda5fa9af010ccd19a80288182ecf
 Git date:   Fri, 16 Apr 2021 15:57:16 +0100
 Compiler:   GNU 9.1.0
 Build type: Release
 Version:    1.1.0

 Start time: Wed Jun  2 11:52:22 2021

 Data directory: /work/zw18965/.local/qcore/share/entos/1.1.0/data
 Number of threads: 24
 Number of threads was determined by: command line argument
  - More threads can be used by running 'qcore -n 32'

 --------------------------------------------------------------------------------
                                   command: dft                                  
 --------------------------------------------------------------------------------
 AO basis set:                           aug-cc-pvtz
 Number of AO basis functions:         143

 Formula:                                ClCo
 Nuclear charge:                        44.000000000
 Total charge:                           0.000000000
 Number of electrons:                   44.000000000

 Number of alpha electrons:             23
 Number of beta electrons:              21
 Number of unpaired electrons:           2
 Spin:                                   2
 Multiplicity:                           triplet

 Theory:                                 dft
 Exchange-correlation functional:        pbe
 Method for Coulomb:                     incore_df
 Integral threshold:                     1.00e-12
 DF basis set:                           def2-tzvp-jkfit(spdfghi)
 Number of DF basis functions:         392
 Schwarz screening threshold:            1.00e-10
 Coulomb fitting method:                 Cholesky
 Total number of grid points:        15430
 Method for AO orthogonalization:        symmetric
 Threshold for linear dependence:        1.00e-08
 D3BJ dispersion energy:                -0.001089515

 -------------------------------------
  Running unrestricted open-shell SCF 
 -------------------------------------
 Max number of iterations:             128
 Conv. threshold (gradient):             1.00e-05
 Conv. threshold (energy):               1.00e-06
 Interpolation scheme:                   adiis+cdiis
 Initial guess:                          SAD

 ---------------------------------------------------------------
                  energy        change          grad        time
 ---------------------------------------------------------------
   0     -1842.646259109                    2.43e+00        0.02
   1     -1842.544138755      1.02e-01      4.02e-01        0.03
   2     -1839.920631722      2.62e+00      3.61e+00        0.02
   3     -1842.482349015     -2.56e+00      6.77e-01        0.03
   4     -1842.622007117     -1.40e-01      1.10e-01        0.02
   5     -1842.613431315      8.58e-03      2.68e-01        0.03
   6     -1842.621356623     -7.93e-03      1.91e-01        0.03
   7     -1842.626075889     -4.72e-03      9.50e-02        0.03
   8     -1842.627324271     -1.25e-03      4.45e-02        0.03
   9     -1842.627655965     -3.32e-04      3.93e-03        0.03
  10     -1842.627660592     -4.63e-06      3.35e-03        0.03
  11     -1842.627664709     -4.12e-06      7.47e-04        0.03
  12     -1842.627664944     -2.35e-07      5.86e-04        0.03
  13     -1842.627665020     -7.63e-08      2.34e-04        0.03
  14     -1842.627665037     -1.70e-08      2.90e-05        0.02
  15     -1842.627665038     -4.86e-10      2.80e-05        0.02
  16     -1842.627665038     -2.76e-10      3.79e-06        0.02

 SCF converged in 16 iterations.

 Dipole moment (in Debye):               0.000031      -0.000031      -4.274665

 Quadrupole moment (in Debye-Angstrom):
                  1            2            3
 1       -27.442197    -0.358096    -0.000058
 2        -0.358096   -27.442203     0.000057
 3        -0.000058     0.000057   -23.842348

 Spin-squared expectation <S^2>:         2.026
 Total spin quantum number S:            1.009
 TOTAL ENERGY:                       -1842.627665038

 --------------------------------------------------------------------------------

 End time:                               Wed Jun  2 11:52:25 2021
 Total wall-clock time:                  2.758 seconds
==================================================================================
