
================================================================================
          _____________ ________ _______________ ________     _________         
         / ___________// ______ \\_____   _____// ______ \   / ________)        
        / /_________  / /      \ \     | |     / /      \ \ | (_______          
       |  __________|| |        | |    | |    | |        | | \________ \        
        \ \_________ | |        | |    | |     \ \______/ /___________) |       
         \__________||_|        |_|    |_|      \________//____________/        
                                                                                
====================================[ Qcore ]===================================

 Git hash:   15a3e7daff0cda5fa9af010ccd19a80288182ecf
 Git date:   Fri, 16 Apr 2021 15:57:16 +0100
 Compiler:   GNU 9.1.0
 Build type: Release
 Version:    1.1.0

 Start time: Wed Jun  2 11:52:25 2021

 Data directory: /work/zw18965/.local/qcore/share/entos/1.1.0/data
 Number of threads: 24
 Number of threads was determined by: command line argument
  - More threads can be used by running 'qcore -n 32'

 --------------------------------------------------------------------------------
                                   command: dft                                  
 --------------------------------------------------------------------------------
 AO basis set:                           aug-cc-pvtz
 Number of AO basis functions:         152

 Formula:                                CoBr
 Nuclear charge:                        62.000000000
 Total charge:                           0.000000000
 Number of electrons:                   62.000000000

 Number of alpha electrons:             32
 Number of beta electrons:              30
 Number of unpaired electrons:           2
 Spin:                                   2
 Multiplicity:                           triplet

 Theory:                                 dft
 Exchange-correlation functional:        pbe
 Method for Coulomb:                     incore_df
 Integral threshold:                     1.00e-12
 DF basis set:                           def2-tzvp-jkfit(spdfghi)
 Number of DF basis functions:         530
 Schwarz screening threshold:            1.00e-10
 Coulomb fitting method:                 Cholesky
 Total number of grid points:        16100
 Method for AO orthogonalization:        symmetric
 Threshold for linear dependence:        1.00e-08
 D3BJ dispersion energy:                -0.001202827

 -------------------------------------
  Running unrestricted open-shell SCF 
 -------------------------------------
 Max number of iterations:             128
 Conv. threshold (gradient):             1.00e-05
 Conv. threshold (energy):               1.00e-06
 Interpolation scheme:                   adiis+cdiis
 Initial guess:                          SAD

 ---------------------------------------------------------------
                  energy        change          grad        time
 ---------------------------------------------------------------
   0     -3956.468620970                    2.80e+00        0.03
   1     -3956.330510550      1.38e-01      4.66e-01        0.03
   2     -3952.384314307      3.95e+00      4.69e+00        0.03
   3     -3955.975689811     -3.59e+00      1.95e+00        0.03
   4     -3956.373839266     -3.98e-01      2.88e-01        0.03
   5     -3956.271360416      1.02e-01      8.68e-01        0.03
   6     -3956.382473932     -1.11e-01      2.59e-01        0.04
   7     -3956.405921514     -2.34e-02      1.96e-01        0.03
   8     -3956.314073339      9.18e-02      7.62e-01        0.04
   9     -3956.407745116     -9.37e-02      1.79e-01        0.04
  10     -3956.412053878     -4.31e-03      1.30e-01        0.04
  11     -3956.411820778      2.33e-04      1.19e-01        0.04
  12     -3956.414554271     -2.73e-03      3.40e-02        0.05
  13     -3956.414972612     -4.18e-04      2.05e-02        0.05
  14     -3956.415218622     -2.46e-04      1.21e-03        0.04
  15     -3956.415219398     -7.77e-07      5.92e-04        0.03
  16     -3956.415219449     -5.10e-08      5.80e-04        0.03
  17     -3956.415219538     -8.92e-08      1.14e-04        0.03
  18     -3956.415219541     -3.10e-09      4.77e-05        0.03
  19     -3956.415219542     -5.72e-10      6.04e-06        0.03

 SCF converged in 19 iterations.

 Dipole moment (in Debye):               0.000054       0.000054      -4.067320

 Quadrupole moment (in Debye-Angstrom):
                  1            2            3
 1       -33.483740     0.297895    -0.000121
 2         0.297895   -33.483773    -0.000122
 3        -0.000121    -0.000122   -25.727414

 Spin-squared expectation <S^2>:         2.021
 Total spin quantum number S:            1.007
 TOTAL ENERGY:                       -3956.415219542

 --------------------------------------------------------------------------------

 End time:                               Wed Jun  2 11:52:28 2021
 Total wall-clock time:                  3.638 seconds
==================================================================================
