
================================================================================
          _____________ ________ _______________ ________     _________         
         / ___________// ______ \\_____   _____// ______ \   / ________)        
        / /_________  / /      \ \     | |     / /      \ \ | (_______          
       |  __________|| |        | |    | |    | |        | | \________ \        
        \ \_________ | |        | |    | |     \ \______/ /___________) |       
         \__________||_|        |_|    |_|      \________//____________/        
                                                                                
====================================[ Qcore ]===================================

 Git hash:   15a3e7daff0cda5fa9af010ccd19a80288182ecf
 Git date:   Fri, 16 Apr 2021 15:57:16 +0100
 Compiler:   GNU 9.1.0
 Build type: Release
 Version:    1.1.0

 Start time: Wed Jun  2 11:52:28 2021

 Data directory: /work/zw18965/.local/qcore/share/entos/1.1.0/data
 Number of threads: 24
 Number of threads was determined by: command line argument
  - More threads can be used by running 'qcore -n 32'

 --------------------------------------------------------------------------------
                                   command: dft                                  
 --------------------------------------------------------------------------------
 AO basis set:                           aug-cc-pvtz
 Number of AO basis functions:         139

 Formula:                                OCo
 Nuclear charge:                        35.000000000
 Total charge:                           0.000000000
 Number of electrons:                   35.000000000

 Number of alpha electrons:             19
 Number of beta electrons:              16
 Number of unpaired electrons:           3
 Spin:                                   3
 Multiplicity:                           quartet

 Theory:                                 dft
 Exchange-correlation functional:        pbe
 Method for Coulomb:                     incore_df
 Integral threshold:                     1.00e-12
 DF basis set:                           def2-tzvp-jkfit(spdfghi)
 Number of DF basis functions:         341
 Schwarz screening threshold:            1.00e-10
 Coulomb fitting method:                 Cholesky
 Total number of grid points:        14880
 Method for AO orthogonalization:        symmetric
 Threshold for linear dependence:        1.00e-08
 D3BJ dispersion energy:                -0.000550642

 -------------------------------------
  Running unrestricted open-shell SCF 
 -------------------------------------
 Max number of iterations:             128
 Conv. threshold (gradient):             1.00e-05
 Conv. threshold (energy):               1.00e-06
 Interpolation scheme:                   adiis+cdiis
 Initial guess:                          SAD

 ---------------------------------------------------------------
                  energy        change          grad        time
 ---------------------------------------------------------------
   0     -1457.712609688                    2.87e+00        0.02
   1     -1457.317343753      3.95e-01      1.10e+00        0.03
   2     -1447.728180668      9.59e+00      4.23e+00        0.03
   3     -1455.646952057     -7.92e+00      2.52e+00        0.02
   4     -1457.618248377     -1.97e+00      4.91e-01        0.02
   5     -1456.230795439      1.39e+00      2.42e+00        0.02
   6     -1457.580900188     -1.35e+00      6.75e-01        0.02
   7     -1457.547144623      3.38e-02      8.30e-01        0.03
   8     -1457.699952827     -1.53e-01      1.63e-01        0.03
   9     -1457.658567194      4.14e-02      4.19e-01        0.03
  10     -1457.697417359     -3.89e-02      1.95e-01        0.03
  11     -1457.706878383     -9.46e-03      4.60e-02        0.03
  12     -1457.706513638      3.65e-04      6.01e-02        0.03
  13     -1457.707316918     -8.03e-04      1.35e-02        0.03
  14     -1457.707367176     -5.03e-05      1.63e-03        0.03
  15     -1457.707367644     -4.68e-07      1.42e-03        0.02
  16     -1457.707368144     -5.00e-07      1.89e-04        0.03
  17     -1457.707368191     -4.68e-08      2.28e-04        0.03
  18     -1457.707368172      1.84e-08      1.15e-04        0.02
  19     -1457.707368176     -3.37e-09      5.97e-05        0.02
  20     -1457.707368175      2.12e-10      3.41e-05        0.03
  21     -1457.707368175      2.10e-10      8.87e-06        0.02

 SCF converged in 21 iterations.

 Dipole moment (in Debye):               0.000000       0.000000      -3.906500

 Quadrupole moment (in Debye-Angstrom):
                  1            2            3
 1       -20.133085     0.000018    -0.000000
 2         0.000018   -20.133085    -0.000000
 3        -0.000000    -0.000000   -19.993989

 Spin-squared expectation <S^2>:         3.780
 Total spin quantum number S:            1.508
 TOTAL ENERGY:                       -1457.707368175

 --------------------------------------------------------------------------------

 End time:                               Wed Jun  2 11:52:31 2021
 Total wall-clock time:                  2.696 seconds
==================================================================================
