
================================================================================
          _____________ ________ _______________ ________     _________         
         / ___________// ______ \\_____   _____// ______ \   / ________)        
        / /_________  / /      \ \     | |     / /      \ \ | (_______          
       |  __________|| |        | |    | |    | |        | | \________ \        
        \ \_________ | |        | |    | |     \ \______/ /___________) |       
         \__________||_|        |_|    |_|      \________//____________/        
                                                                                
====================================[ Qcore ]===================================

 Git hash:   15a3e7daff0cda5fa9af010ccd19a80288182ecf
 Git date:   Fri, 16 Apr 2021 15:57:16 +0100
 Compiler:   GNU 9.1.0
 Build type: Release
 Version:    1.1.0

 Start time: Wed Jun  2 11:52:31 2021

 Data directory: /work/zw18965/.local/qcore/share/entos/1.1.0/data
 Number of threads: 24
 Number of threads was determined by: command line argument
  - More threads can be used by running 'qcore -n 32'

 --------------------------------------------------------------------------------
                                   command: dft                                  
 --------------------------------------------------------------------------------
 AO basis set:                           aug-cc-pvtz
 Number of AO basis functions:         143

 Formula:                                SCo
 Nuclear charge:                        43.000000000
 Total charge:                           0.000000000
 Number of electrons:                   43.000000000

 Number of alpha electrons:             23
 Number of beta electrons:              20
 Number of unpaired electrons:           3
 Spin:                                   3
 Multiplicity:                           quartet

 Theory:                                 dft
 Exchange-correlation functional:        pbe
 Method for Coulomb:                     incore_df
 Integral threshold:                     1.00e-12
 DF basis set:                           def2-tzvp-jkfit(spdfghi)
 Number of DF basis functions:         392
 Schwarz screening threshold:            1.00e-10
 Coulomb fitting method:                 Cholesky
 Total number of grid points:        15286
 Method for AO orthogonalization:        symmetric
 Threshold for linear dependence:        1.00e-08
 D3BJ dispersion energy:                -0.001225156

 -------------------------------------
  Running unrestricted open-shell SCF 
 -------------------------------------
 Max number of iterations:             128
 Conv. threshold (gradient):             1.00e-05
 Conv. threshold (energy):               1.00e-06
 Interpolation scheme:                   adiis+cdiis
 Initial guess:                          SAD

 ---------------------------------------------------------------
                  energy        change          grad        time
 ---------------------------------------------------------------
   0     -1780.701399163                    3.44e+00        0.03
   1     -1780.526269752      1.75e-01      5.05e-01        0.03
   2     -1778.124476128      2.40e+00      2.91e+00        0.03
   3     -1780.388701725     -2.26e+00      6.83e-01        0.03
   4     -1780.038265943      3.50e-01      1.66e+00        0.03
   5     -1780.607738008     -5.69e-01      1.63e-01        0.03
   6     -1780.587582903      2.02e-02      3.13e-01        0.03
   7     -1780.596862728     -9.28e-03      3.14e-01        0.03
   8     -1780.614448694     -1.76e-02      8.93e-02        0.03
   9     -1780.615118915     -6.70e-04      4.95e-02        0.03
  10     -1780.616256190     -1.14e-03      9.96e-03        0.03
  11     -1780.616282199     -2.60e-05      2.14e-03        0.03
  12     -1780.616283320     -1.12e-06      2.81e-04        0.03
  13     -1780.616283338     -1.77e-08      6.53e-05        0.03
  14     -1780.616283340     -1.87e-09      1.48e-05        0.03
  15     -1780.616283340     -9.14e-11      4.83e-06        0.03

 SCF converged in 15 iterations.

 Dipole moment (in Debye):               0.000000      -0.000000      -3.801477

 Quadrupole moment (in Debye-Angstrom):
                  1            2            3
 1       -28.427372     0.000000     0.000000
 2         0.000000   -28.427372    -0.000000
 3         0.000000    -0.000000   -24.193581

 Spin-squared expectation <S^2>:         3.764
 Total spin quantum number S:            1.503
 TOTAL ENERGY:                       -1780.616283340

 --------------------------------------------------------------------------------

 End time:                               Wed Jun  2 11:52:34 2021
 Total wall-clock time:                  2.748 seconds
==================================================================================
