
================================================================================
          _____________ ________ _______________ ________     _________         
         / ___________// ______ \\_____   _____// ______ \   / ________)        
        / /_________  / /      \ \     | |     / /      \ \ | (_______          
       |  __________|| |        | |    | |    | |        | | \________ \        
        \ \_________ | |        | |    | |     \ \______/ /___________) |       
         \__________||_|        |_|    |_|      \________//____________/        
                                                                                
====================================[ Qcore ]===================================

 Git hash:   15a3e7daff0cda5fa9af010ccd19a80288182ecf
 Git date:   Fri, 16 Apr 2021 15:57:16 +0100
 Compiler:   GNU 9.1.0
 Build type: Release
 Version:    1.1.0

 Start time: Wed Jun  2 11:52:34 2021

 Data directory: /work/zw18965/.local/qcore/share/entos/1.1.0/data
 Number of threads: 24
 Number of threads was determined by: command line argument
  - More threads can be used by running 'qcore -n 32'

 --------------------------------------------------------------------------------
                                   command: dft                                  
 --------------------------------------------------------------------------------
 AO basis set:                           aug-cc-pvtz
 Number of AO basis functions:         116

 Formula:                                HNi
 Nuclear charge:                        29.000000000
 Total charge:                           0.000000000
 Number of electrons:                   29.000000000

 Number of alpha electrons:             15
 Number of beta electrons:              14
 Number of unpaired electrons:           1
 Spin:                                   1
 Multiplicity:                           doublet

 Theory:                                 dft
 Exchange-correlation functional:        pbe
 Method for Coulomb:                     incore_df
 Integral threshold:                     1.00e-12
 DF basis set:                           def2-tzvp-jkfit(spdfghi)
 Number of DF basis functions:         282
 Schwarz screening threshold:            1.00e-10
 Coulomb fitting method:                 Cholesky
 Total number of grid points:        13826
 Method for AO orthogonalization:        symmetric
 Threshold for linear dependence:        1.00e-08
 D3BJ dispersion energy:                -0.000415521

 -------------------------------------
  Running unrestricted open-shell SCF 
 -------------------------------------
 Max number of iterations:             128
 Conv. threshold (gradient):             1.00e-05
 Conv. threshold (energy):               1.00e-06
 Interpolation scheme:                   adiis+cdiis
 Initial guess:                          SAD

 ---------------------------------------------------------------
                  energy        change          grad        time
 ---------------------------------------------------------------
   0     -1508.647409857                    2.06e+00        0.02
   1     -1508.633265190      1.41e-02      4.56e-01        0.02
   2     -1508.230184862      4.03e-01      1.62e+00        0.01
   3     -1508.598252326     -3.68e-01      4.86e-01        0.01
   4     -1508.551968130      4.63e-02      7.84e-01        0.02
   5     -1508.668840475     -1.17e-01      2.21e-01        0.02
   6     -1508.652934030      1.59e-02      3.02e-01        0.02
   7     -1508.677250005     -2.43e-02      9.98e-02        0.02
   8     -1508.678869664     -1.62e-03      6.86e-02        0.02
   9     -1508.680109276     -1.24e-03      1.67e-02        0.02
  10     -1508.680156898     -4.76e-05      1.02e-02        0.02
  11     -1508.680177070     -2.02e-05      5.97e-04        0.02
  12     -1508.680177148     -7.79e-08      3.56e-04        0.02
  13     -1508.680177168     -2.02e-08      5.20e-05        0.02
  14     -1508.680177169     -9.20e-10      2.12e-05        0.02
  15     -1508.680177169     -1.62e-10      2.49e-06        0.02

 SCF converged in 15 iterations.

 Dipole moment (in Debye):               0.000000       0.000000      -2.157384

 Quadrupole moment (in Debye-Angstrom):
                  1            2            3
 1       -15.817399     0.000000     0.000000
 2         0.000000   -15.817407     0.000000
 3         0.000000     0.000000   -15.525704

 Spin-squared expectation <S^2>:         0.758
 Total spin quantum number S:            0.504
 TOTAL ENERGY:                       -1508.680177169

 --------------------------------------------------------------------------------

 End time:                               Wed Jun  2 11:52:36 2021
 Total wall-clock time:                  2.291 seconds
==================================================================================
