
================================================================================
          _____________ ________ _______________ ________     _________         
         / ___________// ______ \\_____   _____// ______ \   / ________)        
        / /_________  / /      \ \     | |     / /      \ \ | (_______          
       |  __________|| |        | |    | |    | |        | | \________ \        
        \ \_________ | |        | |    | |     \ \______/ /___________) |       
         \__________||_|        |_|    |_|      \________//____________/        
                                                                                
====================================[ Qcore ]===================================

 Git hash:   15a3e7daff0cda5fa9af010ccd19a80288182ecf
 Git date:   Fri, 16 Apr 2021 15:57:16 +0100
 Compiler:   GNU 9.1.0
 Build type: Release
 Version:    1.1.0

 Start time: Wed Jun  2 11:52:46 2021

 Data directory: /work/zw18965/.local/qcore/share/entos/1.1.0/data
 Number of threads: 24
 Number of threads was determined by: command line argument
  - More threads can be used by running 'qcore -n 32'

 --------------------------------------------------------------------------------
                                   command: dft                                  
 --------------------------------------------------------------------------------
 AO basis set:                           aug-cc-pvtz
 Number of AO basis functions:         139

 Formula:                                ONi
 Nuclear charge:                        36.000000000
 Total charge:                           0.000000000
 Number of electrons:                   36.000000000

 Number of alpha electrons:             19
 Number of beta electrons:              17
 Number of unpaired electrons:           2
 Spin:                                   2
 Multiplicity:                           triplet

 Theory:                                 dft
 Exchange-correlation functional:        pbe
 Method for Coulomb:                     incore_df
 Integral threshold:                     1.00e-12
 DF basis set:                           def2-tzvp-jkfit(spdfghi)
 Number of DF basis functions:         341
 Schwarz screening threshold:            1.00e-10
 Coulomb fitting method:                 Cholesky
 Total number of grid points:        14880
 Method for AO orthogonalization:        symmetric
 Threshold for linear dependence:        1.00e-08
 D3BJ dispersion energy:                -0.000573035

 -------------------------------------
  Running unrestricted open-shell SCF 
 -------------------------------------
 Max number of iterations:             128
 Conv. threshold (gradient):             1.00e-05
 Conv. threshold (energy):               1.00e-06
 Interpolation scheme:                   adiis+cdiis
 Initial guess:                          SAD

 ---------------------------------------------------------------
                  energy        change          grad        time
 ---------------------------------------------------------------
   0     -1583.305035751                    2.76e+00        0.02
   1     -1582.384752942      9.20e-01      2.01e+00        0.02
   2     -1570.548772454      1.18e+01      4.13e+00        0.02
   3     -1580.954046368     -1.04e+01      2.44e+00        0.02
   4     -1583.093739229     -2.14e+00      8.76e-01        0.03
   5     -1583.092698549      1.04e-03      6.37e-01        0.03
   6     -1583.130513719     -3.78e-02      7.78e-01        0.03
   7     -1583.233721762     -1.03e-01      3.46e-01        0.03
   8     -1583.244686400     -1.10e-02      2.09e-01        0.03
   9     -1583.247445709     -2.76e-03      2.13e-01        0.03
  10     -1583.257554393     -1.01e-02      1.24e-01        0.03
  11     -1583.260083249     -2.53e-03      9.13e-02        0.03
  12     -1583.258831759      1.25e-03      8.82e-02        0.03
  13     -1583.261975581     -3.14e-03      2.17e-03        0.03
  14     -1583.261976853     -1.27e-06      1.99e-04        0.02
  15     -1583.261976876     -2.31e-08      7.80e-05        0.02
  16     -1583.261976878     -2.30e-09      1.76e-05        0.02
  17     -1583.261976878     -1.20e-10      2.95e-06        0.02

 SCF converged in 17 iterations.

 Dipole moment (in Debye):              -0.000000      -0.000000      -3.921329

 Quadrupole moment (in Debye-Angstrom):
                  1            2            3
 1       -19.323140     0.000000     0.000001
 2         0.000000   -19.323140     0.000001
 3         0.000001     0.000001   -18.901673

 Spin-squared expectation <S^2>:         2.014
 Total spin quantum number S:            1.005
 TOTAL ENERGY:                       -1583.261976878

 --------------------------------------------------------------------------------

 End time:                               Wed Jun  2 11:52:48 2021
 Total wall-clock time:                  2.633 seconds
==================================================================================
