
================================================================================
          _____________ ________ _______________ ________     _________         
         / ___________// ______ \\_____   _____// ______ \   / ________)        
        / /_________  / /      \ \     | |     / /      \ \ | (_______          
       |  __________|| |        | |    | |    | |        | | \________ \        
        \ \_________ | |        | |    | |     \ \______/ /___________) |       
         \__________||_|        |_|    |_|      \________//____________/        
                                                                                
====================================[ Qcore ]===================================

 Git hash:   15a3e7daff0cda5fa9af010ccd19a80288182ecf
 Git date:   Fri, 16 Apr 2021 15:57:16 +0100
 Compiler:   GNU 9.1.0
 Build type: Release
 Version:    1.1.0

 Start time: Wed Jun  2 11:53:01 2021

 Data directory: /work/zw18965/.local/qcore/share/entos/1.1.0/data
 Number of threads: 24
 Number of threads was determined by: command line argument
  - More threads can be used by running 'qcore -n 32'

 --------------------------------------------------------------------------------
                                   command: dft                                  
 --------------------------------------------------------------------------------
 AO basis set:                           aug-cc-pvtz
 Number of AO basis functions:         139

 Formula:                                OCu
 Nuclear charge:                        37.000000000
 Total charge:                           0.000000000
 Number of electrons:                   37.000000000

 Number of alpha electrons:             19
 Number of beta electrons:              18
 Number of unpaired electrons:           1
 Spin:                                   1
 Multiplicity:                           doublet

 Theory:                                 dft
 Exchange-correlation functional:        pbe
 Method for Coulomb:                     incore_df
 Integral threshold:                     1.00e-12
 DF basis set:                           def2-tzvp-jkfit(spdfghi)
 Number of DF basis functions:         341
 Schwarz screening threshold:            1.00e-10
 Coulomb fitting method:                 Cholesky
 Total number of grid points:        14880
 Method for AO orthogonalization:        symmetric
 Threshold for linear dependence:        1.00e-08
 D3BJ dispersion energy:                -0.000507501

 -------------------------------------
  Running unrestricted open-shell SCF 
 -------------------------------------
 Max number of iterations:             128
 Conv. threshold (gradient):             1.00e-05
 Conv. threshold (energy):               1.00e-06
 Interpolation scheme:                   adiis+cdiis
 Initial guess:                          SAD

 ---------------------------------------------------------------
                  energy        change          grad        time
 ---------------------------------------------------------------
   0     -1715.459750798                    2.40e+00        0.02
   1     -1714.497083313      9.63e-01      1.89e+00        0.02
   2     -1703.641523800      1.09e+01      4.38e+00        0.03
   3     -1713.909260698     -1.03e+01      1.93e+00        0.02
   4     -1715.348840694     -1.44e+00      5.78e-01        0.02
   5     -1715.306202532      4.26e-02      7.06e-01        0.03
   6     -1715.184594241      1.22e-01      1.26e+00        0.03
   7     -1715.415886802     -2.31e-01      1.97e-01        0.02
   8     -1715.374510124      4.14e-02      4.83e-01        0.03
   9     -1715.404555673     -3.00e-02      2.66e-01        0.03
  10     -1715.416074712     -1.15e-02      1.71e-01        0.03
  11     -1715.421242132     -5.17e-03      6.34e-02        0.03
  12     -1715.420642853      5.99e-04      8.05e-02        0.03
  13     -1715.422256310     -1.61e-03      1.53e-03        0.03
  14     -1715.422257532     -1.22e-06      4.72e-04        0.02
  15     -1715.422257673     -1.41e-07      2.56e-04        0.02
  16     -1715.422257700     -2.72e-08      9.07e-05        0.02
  17     -1715.422257702     -2.28e-09      1.53e-05        0.02
  18     -1715.422257702     -5.57e-11      1.25e-06        0.02

 SCF converged in 18 iterations.

 Dipole moment (in Debye):               0.000000       0.000000      -4.258918

 Quadrupole moment (in Debye-Angstrom):
                  1            2            3
 1       -18.722452     0.773644    -0.000000
 2         0.773644   -18.722432    -0.000000
 3        -0.000000    -0.000000   -19.842821

 Spin-squared expectation <S^2>:         0.761
 Total spin quantum number S:            0.505
 TOTAL ENERGY:                       -1715.422257702

 --------------------------------------------------------------------------------

 End time:                               Wed Jun  2 11:53:04 2021
 Total wall-clock time:                  2.550 seconds
==================================================================================
