
================================================================================
          _____________ ________ _______________ ________     _________         
         / ___________// ______ \\_____   _____// ______ \   / ________)        
        / /_________  / /      \ \     | |     / /      \ \ | (_______          
       |  __________|| |        | |    | |    | |        | | \________ \        
        \ \_________ | |        | |    | |     \ \______/ /___________) |       
         \__________||_|        |_|    |_|      \________//____________/        
                                                                                
====================================[ Qcore ]===================================

 Git hash:   15a3e7daff0cda5fa9af010ccd19a80288182ecf
 Git date:   Fri, 16 Apr 2021 15:57:16 +0100
 Compiler:   GNU 9.1.0
 Build type: Release
 Version:    1.1.0

 Start time: Wed Jun  2 11:53:04 2021

 Data directory: /work/zw18965/.local/qcore/share/entos/1.1.0/data
 Number of threads: 24
 Number of threads was determined by: command line argument
  - More threads can be used by running 'qcore -n 32'

 --------------------------------------------------------------------------------
                                   command: dft                                  
 --------------------------------------------------------------------------------
 AO basis set:                           aug-cc-pvtz
 Number of AO basis functions:         143

 Formula:                                SCu
 Nuclear charge:                        45.000000000
 Total charge:                           0.000000000
 Number of electrons:                   45.000000000

 Number of alpha electrons:             23
 Number of beta electrons:              22
 Number of unpaired electrons:           1
 Spin:                                   1
 Multiplicity:                           doublet

 Theory:                                 dft
 Exchange-correlation functional:        pbe
 Method for Coulomb:                     incore_df
 Integral threshold:                     1.00e-12
 DF basis set:                           def2-tzvp-jkfit(spdfghi)
 Number of DF basis functions:         392
 Schwarz screening threshold:            1.00e-10
 Coulomb fitting method:                 Cholesky
 Total number of grid points:        15286
 Method for AO orthogonalization:        symmetric
 Threshold for linear dependence:        1.00e-08
 D3BJ dispersion energy:                -0.001135563

 -------------------------------------
  Running unrestricted open-shell SCF 
 -------------------------------------
 Max number of iterations:             128
 Conv. threshold (gradient):             1.00e-05
 Conv. threshold (energy):               1.00e-06
 Interpolation scheme:                   adiis+cdiis
 Initial guess:                          SAD

 ---------------------------------------------------------------
                  energy        change          grad        time
 ---------------------------------------------------------------
   0     -2038.458372519                    3.16e+00        0.02
   1     -2037.772503036      6.86e-01      1.71e+00        0.03
   2     -2030.991389570      6.78e+00      2.96e+00        0.03
   3     -2037.434176724     -6.44e+00      1.53e+00        0.03
   4     -2038.261702759     -8.28e-01      4.42e-01        0.02
   5     -2038.221111527      4.06e-02      6.25e-01        0.03
   6     -2038.322393711     -1.01e-01      4.32e-01        0.03
   7     -2038.302736284      1.97e-02      4.60e-01        0.03
   8     -2038.339164020     -3.64e-02      1.42e-01        0.03
   9     -2038.347566110     -8.40e-03      1.06e-01        0.03
  10     -2038.345363542      2.20e-03      1.69e-01        0.03
  11     -2038.348642126     -3.28e-03      6.85e-02        0.03
  12     -2038.350143455     -1.50e-03      3.71e-02        0.03
  13     -2038.350449926     -3.06e-04      1.03e-03        0.03
  14     -2038.350450145     -2.19e-07      2.57e-05        0.03
  15     -2038.350450145     -3.39e-10      1.03e-05        0.03
  16     -2038.350450145     -4.09e-11      7.43e-06        0.02

 SCF converged in 16 iterations.

 Dipole moment (in Debye):               0.000000       0.000000      -3.795608

 Quadrupole moment (in Debye-Angstrom):
                  1            2            3
 1       -27.306223    -1.377909     0.000000
 2        -1.377909   -27.306218     0.000000
 3         0.000000     0.000000   -24.394807

 Spin-squared expectation <S^2>:         0.755
 Total spin quantum number S:            0.502
 TOTAL ENERGY:                       -2038.350450145

 --------------------------------------------------------------------------------

 End time:                               Wed Jun  2 11:53:07 2021
 Total wall-clock time:                  2.693 seconds
==================================================================================
