
================================================================================
          _____________ ________ _______________ ________     _________         
         / ___________// ______ \\_____   _____// ______ \   / ________)        
        / /_________  / /      \ \     | |     / /      \ \ | (_______          
       |  __________|| |        | |    | |    | |        | | \________ \        
        \ \_________ | |        | |    | |     \ \______/ /___________) |       
         \__________||_|        |_|    |_|      \________//____________/        
                                                                                
====================================[ Qcore ]===================================

 Git hash:   15a3e7daff0cda5fa9af010ccd19a80288182ecf
 Git date:   Fri, 16 Apr 2021 15:57:16 +0100
 Compiler:   GNU 9.1.0
 Build type: Release
 Version:    1.1.0

 Start time: Wed Jun  2 11:53:12 2021

 Data directory: /work/zw18965/.local/qcore/share/entos/1.1.0/data
 Number of threads: 24
 Number of threads was determined by: command line argument
  - More threads can be used by running 'qcore -n 32'

 --------------------------------------------------------------------------------
                                   command: dft                                  
 --------------------------------------------------------------------------------
 AO basis set:                           aug-cc-pvtz
 Number of AO basis functions:         143

 Formula:                                ClZn
 Nuclear charge:                        47.000000000
 Total charge:                           0.000000000
 Number of electrons:                   47.000000000

 Number of alpha electrons:             24
 Number of beta electrons:              23
 Number of unpaired electrons:           1
 Spin:                                   1
 Multiplicity:                           doublet

 Theory:                                 dft
 Exchange-correlation functional:        pbe
 Method for Coulomb:                     incore_df
 Integral threshold:                     1.00e-12
 DF basis set:                           def2-tzvp-jkfit(spdfghi)
 Number of DF basis functions:         392
 Schwarz screening threshold:            1.00e-10
 Coulomb fitting method:                 Cholesky
 Total number of grid points:        15430
 Method for AO orthogonalization:        symmetric
 Threshold for linear dependence:        1.00e-08
 D3BJ dispersion energy:                -0.001144613

 -------------------------------------
  Running unrestricted open-shell SCF 
 -------------------------------------
 Max number of iterations:             128
 Conv. threshold (gradient):             1.00e-05
 Conv. threshold (energy):               1.00e-06
 Interpolation scheme:                   adiis+cdiis
 Initial guess:                          SAD

 ---------------------------------------------------------------
                  energy        change          grad        time
 ---------------------------------------------------------------
   0     -2239.339750452                    1.91e+00        0.02
   1     -2239.184650368      1.55e-01      2.59e-01        0.02
   2     -2238.887014416      2.98e-01      7.65e-01        0.02
   3     -2239.199986746     -3.13e-01      2.18e-01        0.02
   4     -2239.224446297     -2.45e-02      5.27e-02        0.02
   5     -2239.220860334      3.59e-03      1.07e-01        0.02
   6     -2239.226079272     -5.22e-03      3.49e-03        0.03
   7     -2239.226085073     -5.80e-06      1.66e-03        0.02
   8     -2239.226086242     -1.17e-06      2.91e-04        0.03
   9     -2239.226086288     -4.55e-08      3.12e-05        0.03
  10     -2239.226086288     -3.74e-10      4.41e-06        0.03

 SCF converged in 10 iterations.

 Dipole moment (in Debye):              -0.000000      -0.000000      -2.574288

 Quadrupole moment (in Debye-Angstrom):
                  1            2            3
 1       -26.802133    -0.000000     0.000001
 2        -0.000000   -26.802133     0.000001
 3         0.000001     0.000001   -29.491453

 Spin-squared expectation <S^2>:         0.752
 Total spin quantum number S:            0.501
 TOTAL ENERGY:                       -2239.226086288

 --------------------------------------------------------------------------------

 End time:                               Wed Jun  2 11:53:14 2021
 Total wall-clock time:                  2.579 seconds
==================================================================================
