
================================================================================
          _____________ ________ _______________ ________     _________         
         / ___________// ______ \\_____   _____// ______ \   / ________)        
        / /_________  / /      \ \     | |     / /      \ \ | (_______          
       |  __________|| |        | |    | |    | |        | | \________ \        
        \ \_________ | |        | |    | |     \ \______/ /___________) |       
         \__________||_|        |_|    |_|      \________//____________/        
                                                                                
====================================[ Qcore ]===================================

 Git hash:   15a3e7daff0cda5fa9af010ccd19a80288182ecf
 Git date:   Fri, 16 Apr 2021 15:57:16 +0100
 Compiler:   GNU 9.1.0
 Build type: Release
 Version:    1.1.0

 Start time: Wed Jun  2 11:53:23 2021

 Data directory: /work/zw18965/.local/qcore/share/entos/1.1.0/data
 Number of threads: 24
 Number of threads was determined by: command line argument
  - More threads can be used by running 'qcore -n 32'

 --------------------------------------------------------------------------------
                                   command: dft                                  
 --------------------------------------------------------------------------------
 AO basis set:                           aug-cc-pvtz
 Number of AO basis functions:          93

 Formula:                                Sc
 Nuclear charge:                        21.000000000
 Total charge:                           0.000000000
 Number of electrons:                   21.000000000

 Number of alpha electrons:             11
 Number of beta electrons:              10
 Number of unpaired electrons:           1
 Spin:                                   1
 Multiplicity:                           doublet

 Theory:                                 dft
 Exchange-correlation functional:        pbe
 Method for Coulomb:                     incore_df
 Integral threshold:                     1.00e-12
 DF basis set:                           def2-tzvp-jkfit(spdfghi)
 Number of DF basis functions:         264
 Schwarz screening threshold:            1.00e-10
 Coulomb fitting method:                 Cholesky
 Total number of grid points:         7852
 Method for AO orthogonalization:        symmetric
 Threshold for linear dependence:        1.00e-08
 D3BJ dispersion energy:                 0.000000000

 -------------------------------------
  Running unrestricted open-shell SCF 
 -------------------------------------
 Max number of iterations:             128
 Conv. threshold (gradient):             1.00e-05
 Conv. threshold (energy):               1.00e-06
 Interpolation scheme:                   adiis+cdiis
 Initial guess:                          SAD

 ---------------------------------------------------------------
                  energy        change          grad        time
 ---------------------------------------------------------------
   0      -760.376974983                    5.03e-04        0.01
   1      -760.388317238     -1.13e-02      1.14e-01        0.01
   2      -760.391096654     -2.78e-03      3.70e-02        0.01
   3      -760.392273439     -1.18e-03      1.82e-02        0.01
   4      -760.392961742     -6.88e-04      2.34e-02        0.01
   5      -760.393267210     -3.05e-04      2.07e-02        0.01
   6      -760.393628069     -3.61e-04      5.27e-03        0.01
   7      -760.393639350     -1.13e-05      8.50e-04        0.01
   8      -760.393640585     -1.24e-06      4.61e-04        0.01
   9      -760.393640847     -2.61e-07      6.12e-05        0.01
  10      -760.393640854     -7.70e-09      3.13e-05        0.01
  11      -760.393640857     -3.03e-09      2.49e-05        0.01
  12      -760.393640875     -1.79e-08      2.70e-05        0.01
  13      -760.393641066     -1.91e-07      2.53e-05        0.01
  14      -760.393641112     -4.59e-08      1.92e-05        0.01
  15      -760.393641112      3.00e-10      1.78e-05        0.01
  16      -760.393641145     -3.34e-08      1.59e-05        0.01
  17      -760.393641146     -4.85e-10      4.29e-06        0.01

 SCF converged in 17 iterations.

 Dipole moment (in Debye):               0.000002      -0.000001      -0.000001

 Quadrupole moment (in Debye-Angstrom):
                  1            2            3
 1       -22.093435    -0.030771    -0.031057
 2        -0.030771   -22.093089    -0.031045
 3        -0.031057    -0.031045   -22.093320

 Spin-squared expectation <S^2>:         1.101
 Total spin quantum number S:            0.662
 TOTAL ENERGY:                        -760.393641146

 --------------------------------------------------------------------------------

 End time:                               Wed Jun  2 11:53:25 2021
 Total wall-clock time:                  1.924 seconds
==================================================================================
