
================================================================================
          _____________ ________ _______________ ________     _________         
         / ___________// ______ \\_____   _____// ______ \   / ________)        
        / /_________  / /      \ \     | |     / /      \ \ | (_______          
       |  __________|| |        | |    | |    | |        | | \________ \        
        \ \_________ | |        | |    | |     \ \______/ /___________) |       
         \__________||_|        |_|    |_|      \________//____________/        
                                                                                
====================================[ Qcore ]===================================

 Git hash:   15a3e7daff0cda5fa9af010ccd19a80288182ecf
 Git date:   Fri, 16 Apr 2021 15:57:16 +0100
 Compiler:   GNU 9.1.0
 Build type: Release
 Version:    1.1.0

 Start time: Wed Jun  2 11:53:25 2021

 Data directory: /work/zw18965/.local/qcore/share/entos/1.1.0/data
 Number of threads: 24
 Number of threads was determined by: command line argument
  - More threads can be used by running 'qcore -n 32'

 --------------------------------------------------------------------------------
                                   command: dft                                  
 --------------------------------------------------------------------------------
 AO basis set:                           aug-cc-pvtz
 Number of AO basis functions:          93

 Formula:                                Ti
 Nuclear charge:                        22.000000000
 Total charge:                           0.000000000
 Number of electrons:                   22.000000000

 Number of alpha electrons:             12
 Number of beta electrons:              10
 Number of unpaired electrons:           2
 Spin:                                   2
 Multiplicity:                           triplet

 Theory:                                 dft
 Exchange-correlation functional:        pbe
 Method for Coulomb:                     incore_df
 Integral threshold:                     1.00e-12
 DF basis set:                           def2-tzvp-jkfit(spdfghi)
 Number of DF basis functions:         264
 Schwarz screening threshold:            1.00e-10
 Coulomb fitting method:                 Cholesky
 Total number of grid points:         7792
 Method for AO orthogonalization:        symmetric
 Threshold for linear dependence:        1.00e-08
 D3BJ dispersion energy:                 0.000000000

 -------------------------------------
  Running unrestricted open-shell SCF 
 -------------------------------------
 Max number of iterations:             128
 Conv. threshold (gradient):             1.00e-05
 Conv. threshold (energy):               1.00e-06
 Interpolation scheme:                   adiis+cdiis
 Initial guess:                          SAD

 ---------------------------------------------------------------
                  energy        change          grad        time
 ---------------------------------------------------------------
   0      -849.062708278                    5.16e-03        0.01
   1      -849.089728205     -2.70e-02      1.95e-01        0.02
   2      -848.501239060      5.88e-01      8.51e-01        0.01
   3      -849.042044170     -5.41e-01      2.47e-01        0.01
   4      -849.111676339     -6.96e-02      7.61e-02        0.01
   5      -849.057373330      5.43e-02      2.20e-01        0.01
   6      -849.114442047     -5.71e-02      4.11e-02        0.01
   7      -849.033024248      8.14e-02      2.72e-01        0.01
   8      -849.031591555      1.43e-03      2.74e-01        0.01
   9      -849.028991421      2.60e-03      3.00e-01        0.01
  10      -849.033079174     -4.09e-03      2.93e-01        0.01
  11      -849.034968120     -1.89e-03      2.88e-01        0.01
  12      -849.034160914      8.07e-04      2.90e-01        0.01
  13      -849.035181234     -1.02e-03      2.88e-01        0.01
  14      -849.040980029     -5.80e-03      2.56e-01        0.01
  15      -849.114343806     -7.34e-02      4.58e-02        0.01
  16      -849.060562464      5.38e-02      2.60e-01        0.01
  17      -849.113605293     -5.30e-02      5.53e-02        0.01
  18      -849.117356910     -3.75e-03      1.42e-02        0.01
  19      -849.118108588     -7.52e-04      3.25e-02        0.01
  20      -849.118142070     -3.35e-05      3.41e-02        0.01
  21      -849.116718524      1.42e-03      6.16e-02        0.01
  22      -849.118665428     -1.95e-03      3.49e-02        0.01
  23      -849.118474307      1.91e-04      4.61e-02        0.03
  24      -849.117396786      1.08e-03      5.64e-02        0.01
  25      -849.118065555     -6.69e-04      5.06e-02        0.01
  26      -849.120169965     -2.10e-03      1.29e-02        0.01
  27      -849.120162823      7.14e-06      1.49e-02        0.01
  28      -849.120354458     -1.92e-04      3.03e-03        0.01
  29      -849.120358186     -3.73e-06      2.73e-03        0.01
  30      -849.120360487     -2.30e-06      1.71e-03        0.01
  31      -849.120363303     -2.82e-06      3.52e-04        0.01
  32      -849.120363542     -2.39e-07      3.49e-04        0.01
  33      -849.120363906     -3.64e-07      4.05e-04        0.01
  34      -849.120363357      5.50e-07      3.31e-04        0.01
  35      -849.120363197      1.59e-07      4.83e-05        0.01
  36      -849.120363199     -1.45e-09      4.21e-05        0.01
  37      -849.120363199     -1.51e-10      2.10e-05        0.01
  38      -849.120363199     -3.23e-10      3.42e-06        0.01

 SCF converged in 38 iterations.

 Dipole moment (in Debye):              -0.000002       0.000001       0.000003

 Quadrupole moment (in Debye-Angstrom):
                  1            2            3
 1       -20.834234    -0.000069    -0.141885
 2        -0.000069   -20.273756    -0.000135
 3        -0.141885    -0.000135   -20.834016

 Spin-squared expectation <S^2>:         2.531
 Total spin quantum number S:            1.168
 TOTAL ENERGY:                        -849.120363199

 --------------------------------------------------------------------------------

 End time:                               Wed Jun  2 11:53:27 2021
 Total wall-clock time:                  2.191 seconds
==================================================================================
