
================================================================================
          _____________ ________ _______________ ________     _________         
         / ___________// ______ \\_____   _____// ______ \   / ________)        
        / /_________  / /      \ \     | |     / /      \ \ | (_______          
       |  __________|| |        | |    | |    | |        | | \________ \        
        \ \_________ | |        | |    | |     \ \______/ /___________) |       
         \__________||_|        |_|    |_|      \________//____________/        
                                                                                
====================================[ Qcore ]===================================

 Git hash:   15a3e7daff0cda5fa9af010ccd19a80288182ecf
 Git date:   Fri, 16 Apr 2021 15:57:16 +0100
 Compiler:   GNU 9.1.0
 Build type: Release
 Version:    1.1.0

 Start time: Wed Jun  2 11:53:33 2021

 Data directory: /work/zw18965/.local/qcore/share/entos/1.1.0/data
 Number of threads: 24
 Number of threads was determined by: command line argument
  - More threads can be used by running 'qcore -n 32'

 --------------------------------------------------------------------------------
                                   command: dft                                  
 --------------------------------------------------------------------------------
 AO basis set:                           aug-cc-pvtz
 Number of AO basis functions:          93

 Formula:                                Fe
 Nuclear charge:                        26.000000000
 Total charge:                           0.000000000
 Number of electrons:                   26.000000000

 Number of alpha electrons:             15
 Number of beta electrons:              11
 Number of unpaired electrons:           4
 Spin:                                   4
 Multiplicity:                           quintet

 Theory:                                 dft
 Exchange-correlation functional:        pbe
 Method for Coulomb:                     incore_df
 Integral threshold:                     1.00e-12
 DF basis set:                           def2-tzvp-jkfit(spdfghi)
 Number of DF basis functions:         264
 Schwarz screening threshold:            1.00e-10
 Coulomb fitting method:                 Cholesky
 Total number of grid points:         7936
 Method for AO orthogonalization:        symmetric
 Threshold for linear dependence:        1.00e-08
 D3BJ dispersion energy:                 0.000000000

 -------------------------------------
  Running unrestricted open-shell SCF 
 -------------------------------------
 Max number of iterations:             128
 Conv. threshold (gradient):             1.00e-05
 Conv. threshold (energy):               1.00e-06
 Interpolation scheme:                   adiis+cdiis
 Initial guess:                          SAD

 ---------------------------------------------------------------
                  energy        change          grad        time
 ---------------------------------------------------------------
   0     -1263.283632192                    1.22e-02        0.01
   1     -1263.343716980     -6.01e-02      3.51e-01        0.01
   2     -1255.235653715      8.11e+00      3.46e+00        0.01
   3     -1262.942786992     -7.71e+00      8.66e-01        0.01
   4     -1263.348893361     -4.06e-01      3.59e-01        0.01
   5     -1263.403831002     -5.49e-02      2.00e-01        0.01
   6     -1263.398942740      4.89e-03      2.30e-01        0.01
   7     -1263.409215229     -1.03e-02      1.94e-01        0.01
   8     -1263.434836733     -2.56e-02      1.31e-01        0.01
   9     -1263.425793257      9.04e-03      2.07e-01        0.01
  10     -1263.409414559      1.64e-02      2.35e-01        0.01
  11     -1263.443610946     -3.42e-02      2.07e-02        0.02
  12     -1263.443995236     -3.84e-04      4.80e-02        0.01
  13     -1263.429025010      1.50e-02      1.93e-01        0.02
  14     -1263.433183517     -4.16e-03      1.73e-01        0.02
  15     -1263.440045731     -6.86e-03      1.16e-01        0.01
  16     -1263.443874712     -3.83e-03      6.53e-02        0.01
  17     -1263.444067036     -1.92e-04      6.20e-02        0.01
  18     -1263.444002521      6.45e-05      6.31e-02        0.01
  19     -1263.438107361      5.90e-03      1.28e-01        0.01
  20     -1263.438985416     -8.78e-04      1.19e-01        0.01
  21     -1263.441305437     -2.32e-03      9.87e-02        0.01
  22     -1263.446023101     -4.72e-03      3.34e-02        0.01
  23     -1263.444271894      1.75e-03      8.41e-02        0.01
  24     -1263.445008393     -7.36e-04      7.38e-02        0.01
  25     -1263.447242066     -2.23e-03      9.87e-03        0.01
  26     -1263.447238815      3.25e-06      8.95e-03        0.01
  27     -1263.447245379     -6.56e-06      9.60e-03        0.01
  28     -1263.447274763     -2.94e-05      2.45e-03        0.01
  29     -1263.447275408     -6.45e-07      1.90e-03        0.01
  30     -1263.447276941     -1.53e-06      4.01e-04        0.01
  31     -1263.447276998     -5.71e-08      1.05e-04        0.01
  32     -1263.447277002     -4.73e-09      1.09e-04        0.01
  33     -1263.447277011     -9.01e-09      4.73e-05        0.01
  34     -1263.447277017     -5.99e-09      3.68e-05        0.01
  35     -1263.447277033     -1.56e-08      4.18e-05        0.01
  36     -1263.447277082     -4.88e-08      3.55e-05        0.01
  37     -1263.447277393     -3.12e-07      3.05e-04        0.01
  38     -1263.447277407     -1.42e-08      2.65e-04        0.01
  39     -1263.447277442     -3.43e-08      2.27e-04        0.01
  40     -1263.447274835      2.61e-06      2.62e-03        0.01
  41     -1263.447276308     -1.47e-06      1.94e-03        0.01
  42     -1263.447273666      2.64e-06      3.06e-03        0.01
  43     -1263.447273360      3.06e-07      3.16e-03        0.01
  44     -1263.447273706     -3.46e-07      3.04e-03        0.01
  45     -1263.447277814     -4.11e-06      3.21e-04        0.01
  46     -1263.447263704      1.41e-05      5.39e-03        0.01
  47     -1263.447277933     -1.42e-05      7.44e-04        0.01
  48     -1263.447277068      8.65e-07      1.58e-03        0.01
  49     -1263.447277569     -5.01e-07      1.22e-03        0.01
  50     -1263.447278299     -7.29e-07      1.62e-04        0.01
  51     -1263.447278263      3.55e-08      3.55e-04        0.01
  52     -1263.447278292     -2.90e-08      2.62e-04        0.02
  53     -1263.447278327     -3.47e-08      1.86e-05        0.01
  54     -1263.447278327      1.28e-10      2.63e-05        0.01
  55     -1263.447278327     -2.47e-10      1.38e-05        0.01
  56     -1263.447278327     -7.23e-11      6.61e-06        0.01

 SCF converged in 56 iterations.

 Dipole moment (in Debye):              -0.000000      -0.000000      -0.000000

 Quadrupole moment (in Debye-Angstrom):
                  1            2            3
 1       -17.465144    -0.000035    -0.000100
 2        -0.000035   -17.185235     0.800928
 3        -0.000100     0.800928   -15.177168

 Spin-squared expectation <S^2>:         6.008
 Total spin quantum number S:            2.002
 TOTAL ENERGY:                       -1263.447278327

 --------------------------------------------------------------------------------

 End time:                               Wed Jun  2 11:53:36 2021
 Total wall-clock time:                  2.517 seconds
==================================================================================
