
================================================================================
          _____________ ________ _______________ ________     _________         
         / ___________// ______ \\_____   _____// ______ \   / ________)        
        / /_________  / /      \ \     | |     / /      \ \ | (_______          
       |  __________|| |        | |    | |    | |        | | \________ \        
        \ \_________ | |        | |    | |     \ \______/ /___________) |       
         \__________||_|        |_|    |_|      \________//____________/        
                                                                                
====================================[ Qcore ]===================================

 Git hash:   15a3e7daff0cda5fa9af010ccd19a80288182ecf
 Git date:   Fri, 16 Apr 2021 15:57:16 +0100
 Compiler:   GNU 9.1.0
 Build type: Release
 Version:    1.1.0

 Start time: Wed Jun  2 11:53:36 2021

 Data directory: /work/zw18965/.local/qcore/share/entos/1.1.0/data
 Number of threads: 24
 Number of threads was determined by: command line argument
  - More threads can be used by running 'qcore -n 32'

 --------------------------------------------------------------------------------
                                   command: dft                                  
 --------------------------------------------------------------------------------
 AO basis set:                           aug-cc-pvtz
 Number of AO basis functions:          93

 Formula:                                Co
 Nuclear charge:                        27.000000000
 Total charge:                           0.000000000
 Number of electrons:                   27.000000000

 Number of alpha electrons:             15
 Number of beta electrons:              12
 Number of unpaired electrons:           3
 Spin:                                   3
 Multiplicity:                           quartet

 Theory:                                 dft
 Exchange-correlation functional:        pbe
 Method for Coulomb:                     incore_df
 Integral threshold:                     1.00e-12
 DF basis set:                           def2-tzvp-jkfit(spdfghi)
 Number of DF basis functions:         264
 Schwarz screening threshold:            1.00e-10
 Coulomb fitting method:                 Cholesky
 Total number of grid points:         7936
 Method for AO orthogonalization:        symmetric
 Threshold for linear dependence:        1.00e-08
 D3BJ dispersion energy:                 0.000000000

 -------------------------------------
  Running unrestricted open-shell SCF 
 -------------------------------------
 Max number of iterations:             128
 Conv. threshold (gradient):             1.00e-05
 Conv. threshold (energy):               1.00e-06
 Interpolation scheme:                   adiis+cdiis
 Initial guess:                          SAD

 ---------------------------------------------------------------
                  energy        change          grad        time
 ---------------------------------------------------------------
   0     -1382.426365133                    4.34e-03        0.01
   1     -1382.475227718     -4.89e-02      2.55e-01        0.01
   2     -1380.410266332      2.06e+00      1.86e+00        0.01
   3     -1382.183932461     -1.77e+00      7.67e-01        0.01
   4     -1382.400113158     -2.16e-01      4.15e-01        0.01
   5     -1382.500614753     -1.01e-01      1.56e-01        0.01
   6     -1382.511386708     -1.08e-02      7.17e-02        0.01
   7     -1382.513070576     -1.68e-03      5.91e-02        0.01
   8     -1382.513435380     -3.65e-04      5.41e-02        0.01
   9     -1382.514965490     -1.53e-03      1.94e-02        0.01
  10     -1382.515128905     -1.63e-04      2.92e-02        0.01
  11     -1382.515085541      4.34e-05      3.14e-02        0.01
  12     -1382.515346552     -2.61e-04      1.71e-02        0.01
  13     -1382.515354819     -8.27e-06      1.63e-02        0.01
  14     -1382.515466943     -1.12e-04      8.60e-04        0.01
  15     -1382.515467457     -5.14e-07      3.71e-04        0.01
  16     -1382.515467500     -4.40e-08      1.16e-05        0.01
  17     -1382.515467500      1.70e-10      2.60e-05        0.01
  18     -1382.515467501     -2.32e-10      1.28e-05        0.02
  19     -1382.515467500      1.07e-10      1.80e-05        0.01
  20     -1382.515467500      1.09e-10      8.88e-06        0.01

 SCF converged in 20 iterations.

 Dipole moment (in Debye):               0.000000       0.000000      -0.000001

 Quadrupole moment (in Debye-Angstrom):
                  1            2            3
 1       -14.644082     0.000001    -0.000000
 2         0.000001   -15.438256    -0.000005
 3        -0.000000    -0.000005   -16.127868

 Spin-squared expectation <S^2>:         3.751
 Total spin quantum number S:            1.500
 TOTAL ENERGY:                       -1382.515467500

 --------------------------------------------------------------------------------

 End time:                               Wed Jun  2 11:53:38 2021
 Total wall-clock time:                  2.020 seconds
==================================================================================
