
================================================================================
          _____________ ________ _______________ ________     _________         
         / ___________// ______ \\_____   _____// ______ \   / ________)        
        / /_________  / /      \ \     | |     / /      \ \ | (_______          
       |  __________|| |        | |    | |    | |        | | \________ \        
        \ \_________ | |        | |    | |     \ \______/ /___________) |       
         \__________||_|        |_|    |_|      \________//____________/        
                                                                                
====================================[ Qcore ]===================================

 Git hash:   15a3e7daff0cda5fa9af010ccd19a80288182ecf
 Git date:   Fri, 16 Apr 2021 15:57:16 +0100
 Compiler:   GNU 9.1.0
 Build type: Release
 Version:    1.1.0

 Start time: Wed Jun  2 11:50:21 2021

 Data directory: /work/zw18965/.local/qcore/share/entos/1.1.0/data
 Number of threads: 24
 Number of threads was determined by: command line argument
  - More threads can be used by running 'qcore -n 32'

 --------------------------------------------------------------------------------
                                   command: dft                                  
 --------------------------------------------------------------------------------
 AO basis set:                           aug-cc-pvtz
 Number of AO basis functions:         116

 Formula:                                HSc
 Nuclear charge:                        22.000000000
 Total charge:                           0.000000000
 Number of electrons:                   22.000000000

 Number of alpha electrons:             11
 Number of beta electrons:              11
 Number of unpaired electrons:           0
 Spin:                                   0
 Multiplicity:                           singlet

 Theory:                                 dft
 Exchange-correlation functional:        0.29 b88 + 0.54 lyp
 Method for Coulomb:                     incore_df
 Method for exact exchange:              pre_transformed_df
 Integral threshold:                     1.00e-12
 DF basis set:                           def2-tzvp-jkfit(spdfghi)
 Number of DF basis functions:         282
 Schwarz screening threshold:            1.00e-10
 Coulomb fitting method:                 Cholesky
 Total number of grid points:        13742
 Method for AO orthogonalization:        symmetric
 Threshold for linear dependence:        1.00e-08
 D3BJ dispersion energy:                -0.000563435

 -------------------------------------
  Running restricted closed-shell SCF 
 -------------------------------------
 Max number of iterations:             128
 Conv. threshold (gradient):             1.00e-05
 Conv. threshold (energy):               1.00e-06
 Interpolation scheme:                   adiis+cdiis
 Initial guess:                          H0

 ---------------------------------------------------------------
                  energy        change          grad        time
 ---------------------------------------------------------------
   0      -744.786054044                    1.01e+01        0.02
   1      -732.050365748      1.27e+01      2.22e+01        0.02
   2      -752.233916342     -2.02e+01      6.44e+00        0.01
   3      -759.904222637     -7.67e+00      3.28e+00        0.02
   4      -758.607877517      1.30e+00      4.53e+00        0.01
   5      -760.767256207     -2.16e+00      2.42e-01        0.01
   6      -760.774840160     -7.58e-03      8.87e-02        0.01
   7      -760.775636062     -7.96e-04      3.13e-02        0.01
   8      -760.775798540     -1.62e-04      1.02e-02        0.01
   9      -760.775827340     -2.88e-05      2.36e-03        0.01
  10      -760.775828921     -1.58e-06      7.88e-04        0.01
  11      -760.775829210     -2.89e-07      5.44e-04        0.01
  12      -760.775829451     -2.41e-07      2.91e-04        0.01
  13      -760.775829517     -6.63e-08      1.30e-04        0.01
  14      -760.775829531     -1.33e-08      3.81e-05        0.01
  15      -760.775829532     -1.32e-09      6.30e-06        0.01

 SCF converged in 15 iterations.


 --------------------------------
  Double Hybrid MP2 Contribution 
 --------------------------------
 Method:                                 pre_transformed_df
 Density-fitting basis set:              def2-tzvp-ri
 Opposite-spin scale factor:             0.470000000
 Same-spin scale factor:                 0.400000000

 Restricted MP2 calculation:             
 Core orbitals:                          5
 Correlated orbitals:                    6
 Virtual orbitals:                     105

 Reference Energy:                    -760.775829532
 Opposite spin contribution:            -0.117515695
 Same spin contribution:                -0.034092910
 Total scaled MP2 contribution:         -0.151608605

 Dipole moment (in Debye):               0.000001       0.000001      -1.818272

 Quadrupole moment (in Debye-Angstrom):
                  1            2            3
 1       -23.200889    -0.000003    -0.000000
 2        -0.000003   -23.200903    -0.000000
 3        -0.000000    -0.000000   -25.489630

 Spin-squared expectation <S^2>:         0.000
 Total spin quantum number S:            0.000
 TOTAL ENERGY:                        -760.927438137

 --------------------------------------------------------------------------------

 End time:                               Wed Jun  2 11:50:23 2021
 Total wall-clock time:                  1.836 seconds
==================================================================================
