
================================================================================
          _____________ ________ _______________ ________     _________         
         / ___________// ______ \\_____   _____// ______ \   / ________)        
        / /_________  / /      \ \     | |     / /      \ \ | (_______          
       |  __________|| |        | |    | |    | |        | | \________ \        
        \ \_________ | |        | |    | |     \ \______/ /___________) |       
         \__________||_|        |_|    |_|      \________//____________/        
                                                                                
====================================[ Qcore ]===================================

 Git hash:   15a3e7daff0cda5fa9af010ccd19a80288182ecf
 Git date:   Fri, 16 Apr 2021 15:57:16 +0100
 Compiler:   GNU 9.1.0
 Build type: Release
 Version:    1.1.0

 Start time: Wed Jun  2 11:50:29 2021

 Data directory: /work/zw18965/.local/qcore/share/entos/1.1.0/data
 Number of threads: 24
 Number of threads was determined by: command line argument
  - More threads can be used by running 'qcore -n 32'

 --------------------------------------------------------------------------------
                                   command: dft                                  
 --------------------------------------------------------------------------------
 AO basis set:                           aug-cc-pvtz
 Number of AO basis functions:         152

 Formula:                                ScBr
 Nuclear charge:                        56.000000000
 Total charge:                           0.000000000
 Number of electrons:                   56.000000000

 Number of alpha electrons:             28
 Number of beta electrons:              28
 Number of unpaired electrons:           0
 Spin:                                   0
 Multiplicity:                           singlet

 Theory:                                 dft
 Exchange-correlation functional:        0.29 b88 + 0.54 lyp
 Method for Coulomb:                     incore_df
 Method for exact exchange:              pre_transformed_df
 Integral threshold:                     1.00e-12
 DF basis set:                           def2-tzvp-jkfit(spdfghi)
 Number of DF basis functions:         530
 Schwarz screening threshold:            1.00e-10
 Coulomb fitting method:                 Cholesky
 Total number of grid points:        16016
 Method for AO orthogonalization:        symmetric
 Threshold for linear dependence:        1.00e-08
 D3BJ dispersion energy:                -0.005144134

 -------------------------------------
  Running restricted closed-shell SCF 
 -------------------------------------
 Max number of iterations:             128
 Conv. threshold (gradient):             1.00e-05
 Conv. threshold (energy):               1.00e-06
 Interpolation scheme:                   adiis+cdiis
 Initial guess:                          H0

 ---------------------------------------------------------------
                  energy        change          grad        time
 ---------------------------------------------------------------
   0     -3295.561987869                    1.28e+01        0.04
   1     -3171.184621659      1.24e+02      1.93e+01        0.03
   2     -3240.836937198     -6.97e+01      1.10e+01        0.02
   3     -3293.314385336     -5.25e+01      1.07e+01        0.02
   4     -3304.923530077     -1.16e+01      1.39e+01        0.03
   5     -3330.378547374     -2.55e+01      5.04e+00        0.03
   6     -3325.636613469      4.74e+00      4.85e+00        0.02
   7     -3333.496266151     -7.86e+00      7.27e-01        0.03
   8     -3333.590354848     -9.41e-02      3.67e-01        0.02
   9     -3333.604202080     -1.38e-02      2.04e-01        0.03
  10     -3333.608444621     -4.24e-03      1.71e-01        0.03
  11     -3333.610889307     -2.44e-03      1.11e-01        0.03
  12     -3333.612079257     -1.19e-03      7.30e-02        0.02
  13     -3333.612520818     -4.42e-04      5.11e-02        0.03
  14     -3333.612932616     -4.12e-04      2.03e-03        0.02
  15     -3333.612933838     -1.22e-06      7.53e-04        0.02
  16     -3333.612934038     -2.00e-07      5.95e-04        0.02
  17     -3333.612934210     -1.72e-07      6.60e-04        0.02
  18     -3333.612933823      3.87e-07      3.04e-04        0.02
  19     -3333.612933774      4.80e-08      5.95e-05        0.02
  20     -3333.612933775     -8.59e-10      3.76e-05        0.02
  21     -3333.612933776     -7.68e-10      3.47e-05        0.02
  22     -3333.612933777     -1.19e-09      3.35e-05        0.02
  23     -3333.612933777      7.13e-10      3.31e-05        0.03
  24     -3333.612933773      3.50e-09      2.78e-05        0.02
  25     -3333.612933771      2.15e-09      2.61e-05        0.02
  26     -3333.612933771      1.77e-10      2.13e-05        0.02
  27     -3333.612933771      4.68e-11      1.60e-05        0.02
  28     -3333.612933771     -9.09e-13      1.44e-05        0.02
  29     -3333.612933771     -1.51e-10      9.63e-06        0.02

 SCF converged in 29 iterations.


 --------------------------------
  Double Hybrid MP2 Contribution 
 --------------------------------
 Method:                                 pre_transformed_df
 Density-fitting basis set:              def2-tzvp-ri
 Opposite-spin scale factor:             0.470000000
 Same-spin scale factor:                 0.400000000

 Restricted MP2 calculation:             
 Core orbitals:                         14
 Correlated orbitals:                   14
 Virtual orbitals:                     124

 Reference Energy:                   -3333.612933771
 Opposite spin contribution:            -0.194251861
 Same spin contribution:                -0.066728596
 Total scaled MP2 contribution:         -0.260980457

 Dipole moment (in Debye):              -0.001589      -0.001589      -3.917054

 Quadrupole moment (in Debye-Angstrom):
                  1            2            3
 1       -36.561871    -4.008283     0.004168
 2        -4.008283   -36.561146     0.004168
 3         0.004168     0.004168   -38.876749

 Spin-squared expectation <S^2>:         0.000
 Total spin quantum number S:            0.000
 TOTAL ENERGY:                       -3333.873914228

 --------------------------------------------------------------------------------

 End time:                               Wed Jun  2 11:50:32 2021
 Total wall-clock time:                  3.157 seconds
==================================================================================
