
================================================================================
          _____________ ________ _______________ ________     _________         
         / ___________// ______ \\_____   _____// ______ \   / ________)        
        / /_________  / /      \ \     | |     / /      \ \ | (_______          
       |  __________|| |        | |    | |    | |        | | \________ \        
        \ \_________ | |        | |    | |     \ \______/ /___________) |       
         \__________||_|        |_|    |_|      \________//____________/        
                                                                                
====================================[ Qcore ]===================================

 Git hash:   15a3e7daff0cda5fa9af010ccd19a80288182ecf
 Git date:   Fri, 16 Apr 2021 15:57:16 +0100
 Compiler:   GNU 9.1.0
 Build type: Release
 Version:    1.1.0

 Start time: Wed Jun  2 11:50:35 2021

 Data directory: /work/zw18965/.local/qcore/share/entos/1.1.0/data
 Number of threads: 24
 Number of threads was determined by: command line argument
  - More threads can be used by running 'qcore -n 32'

 --------------------------------------------------------------------------------
                                   command: dft                                  
 --------------------------------------------------------------------------------
 AO basis set:                           aug-cc-pvtz
 Number of AO basis functions:         143

 Formula:                                SSc
 Nuclear charge:                        37.000000000
 Total charge:                           0.000000000
 Number of electrons:                   37.000000000

 Number of alpha electrons:             19
 Number of beta electrons:              18
 Number of unpaired electrons:           1
 Spin:                                   1
 Multiplicity:                           doublet

 Theory:                                 dft
 Exchange-correlation functional:        0.29 b88 + 0.54 lyp
 Method for Coulomb:                     incore_df
 Method for exact exchange:              pre_transformed_df
 Integral threshold:                     1.00e-12
 DF basis set:                           def2-tzvp-jkfit(spdfghi)
 Number of DF basis functions:         392
 Schwarz screening threshold:            1.00e-10
 Coulomb fitting method:                 Cholesky
 Total number of grid points:        15202
 Method for AO orthogonalization:        symmetric
 Threshold for linear dependence:        1.00e-08
 D3BJ dispersion energy:                -0.004569375

 -------------------------------------
  Running unrestricted open-shell SCF 
 -------------------------------------
 Max number of iterations:             128
 Conv. threshold (gradient):             1.00e-05
 Conv. threshold (energy):               1.00e-06
 Interpolation scheme:                   adiis+cdiis
 Initial guess:                          H0

 ---------------------------------------------------------------
                  energy        change          grad        time
 ---------------------------------------------------------------
   0     -1106.141216946                    6.06e+00        0.05
   1     -1095.507155298      1.06e+01      6.46e+00        0.03
   2     -1010.092771106      8.54e+01      8.80e+00        0.03
   3     -1138.665490816     -1.29e+02      6.25e+00        0.03
   4     -1155.692077775     -1.70e+01      3.36e+00        0.03
   5     -1157.281417739     -1.59e+00      1.59e+00        0.03
   6     -1157.809335880     -5.28e-01      7.19e-01        0.03
   7     -1158.156878593     -3.48e-01      1.76e-01        0.03
   8     -1158.161301732     -4.42e-03      2.16e-01        0.04
   9     -1158.179074775     -1.78e-02      9.17e-02        0.04
  10     -1158.180814690     -1.74e-03      9.73e-02        0.04
  11     -1158.184331462     -3.52e-03      1.97e-02        0.04
  12     -1158.184681561     -3.50e-04      1.30e-02        0.03
  13     -1158.184936462     -2.55e-04      9.34e-03        0.03
  14     -1158.185052630     -1.16e-04      2.57e-03        0.03
  15     -1158.185065081     -1.25e-05      1.68e-03        0.03
  16     -1158.185069567     -4.49e-06      7.30e-04        0.03
  17     -1158.185070518     -9.51e-07      3.48e-04        0.03
  18     -1158.185070810     -2.92e-07      1.79e-04        0.03
  19     -1158.185070879     -6.86e-08      5.97e-05        0.03
  20     -1158.185070892     -1.31e-08      4.21e-05        0.03
  21     -1158.185070895     -3.37e-09      3.21e-05        0.03
  22     -1158.185070897     -1.99e-09      2.22e-05        0.03
  23     -1158.185070898     -1.07e-09      1.18e-05        0.03
  24     -1158.185070898     -2.30e-10      6.94e-06        0.03

 SCF converged in 24 iterations.


 --------------------------------
  Double Hybrid MP2 Contribution 
 --------------------------------
 Method:                                 pre_transformed_df
 Density-fitting basis set:              def2-tzvp-ri
 Opposite-spin scale factor:             0.470000000
 Same-spin scale factor:                 0.400000000

 Unrestricted MP2 calculation:           
 Core spatial orbitals:                 10
 Correlated alpha orbitals:              9
 Correlated beta orbitals:               8
 Virtual alpha orbitals:               124
 Virtual beta orbitals:                125

 Reference Energy:                   -1158.185070899
 Opposite spin contribution:            -0.181761549
 Same spin contribution:                -0.064626742
 Total scaled MP2 contribution:         -0.246388291

 Dipole moment (in Debye):               0.000003       0.000003      -6.457831

 Quadrupole moment (in Debye-Angstrom):
                  1            2            3
 1       -32.318637    -0.000179     0.000000
 2        -0.000179   -32.318755     0.000000
 3         0.000000     0.000000   -32.750843

 Spin-squared expectation <S^2>:         0.762
 Total spin quantum number S:            0.506
 TOTAL ENERGY:                       -1158.431459189

 --------------------------------------------------------------------------------

 End time:                               Wed Jun  2 11:50:38 2021
 Total wall-clock time:                  2.691 seconds
==================================================================================
