
================================================================================
          _____________ ________ _______________ ________     _________         
         / ___________// ______ \\_____   _____// ______ \   / ________)        
        / /_________  / /      \ \     | |     / /      \ \ | (_______          
       |  __________|| |        | |    | |    | |        | | \________ \        
        \ \_________ | |        | |    | |     \ \______/ /___________) |       
         \__________||_|        |_|    |_|      \________//____________/        
                                                                                
====================================[ Qcore ]===================================

 Git hash:   15a3e7daff0cda5fa9af010ccd19a80288182ecf
 Git date:   Fri, 16 Apr 2021 15:57:16 +0100
 Compiler:   GNU 9.1.0
 Build type: Release
 Version:    1.1.0

 Start time: Wed Jun  2 11:50:52 2021

 Data directory: /work/zw18965/.local/qcore/share/entos/1.1.0/data
 Number of threads: 24
 Number of threads was determined by: command line argument
  - More threads can be used by running 'qcore -n 32'

 --------------------------------------------------------------------------------
                                   command: dft                                  
 --------------------------------------------------------------------------------
 AO basis set:                           aug-cc-pvtz
 Number of AO basis functions:         143

 Formula:                                STi
 Nuclear charge:                        38.000000000
 Total charge:                           0.000000000
 Number of electrons:                   38.000000000

 Number of alpha electrons:             20
 Number of beta electrons:              18
 Number of unpaired electrons:           2
 Spin:                                   2
 Multiplicity:                           triplet

 Theory:                                 dft
 Exchange-correlation functional:        0.29 b88 + 0.54 lyp
 Method for Coulomb:                     incore_df
 Method for exact exchange:              pre_transformed_df
 Integral threshold:                     1.00e-12
 DF basis set:                           def2-tzvp-jkfit(spdfghi)
 Number of DF basis functions:         392
 Schwarz screening threshold:            1.00e-10
 Coulomb fitting method:                 Cholesky
 Total number of grid points:        15142
 Method for AO orthogonalization:        symmetric
 Threshold for linear dependence:        1.00e-08
 D3BJ dispersion energy:                -0.004237858

 -------------------------------------
  Running unrestricted open-shell SCF 
 -------------------------------------
 Max number of iterations:             128
 Conv. threshold (gradient):             1.00e-05
 Conv. threshold (energy):               1.00e-06
 Interpolation scheme:                   adiis+cdiis
 Initial guess:                          H0

 ---------------------------------------------------------------
                  energy        change          grad        time
 ---------------------------------------------------------------
   0     -1187.014136914                    6.79e+00        0.05
   1     -1181.188659388      5.83e+00      5.76e+00        0.03
   2     -1111.231950631      7.00e+01      7.50e+00        0.03
   3     -1231.310276144     -1.20e+02      8.14e+00        0.03
   4     -1243.504212945     -1.22e+01      3.02e+00        0.03
   5     -1245.993520877     -2.49e+00      1.49e+00        0.03
   6     -1246.638746667     -6.45e-01      5.79e-01        0.03
   7     -1246.779788195     -1.41e-01      3.37e-01        0.04
   8     -1246.819847146     -4.01e-02      1.74e-01        0.04
   9     -1246.833329035     -1.35e-02      9.20e-02        0.04
  10     -1246.836182977     -2.85e-03      6.35e-02        0.05
  11     -1246.838451730     -2.27e-03      6.15e-03        0.04
  12     -1246.838506542     -5.48e-05      5.27e-03        0.03
  13     -1246.838535344     -2.88e-05      5.90e-03        0.03
  14     -1246.838550296     -1.50e-05      6.05e-03        0.03
  15     -1246.838506526      4.38e-05      4.92e-03        0.03
  16     -1246.838446509      6.00e-05      2.16e-03        0.03
  17     -1246.838438252      8.26e-06      7.02e-04        0.03
  18     -1246.838438534     -2.82e-07      3.38e-04        0.03
  19     -1246.838438611     -7.63e-08      2.59e-04        0.03
  20     -1246.838438650     -3.91e-08      1.70e-04        0.03
  21     -1246.838438677     -2.68e-08      1.15e-04        0.03
  22     -1246.838438689     -1.29e-08      6.12e-05        0.04
  23     -1246.838438692     -2.33e-09      3.67e-05        0.03
  24     -1246.838438693     -1.22e-09      1.88e-05        0.03
  25     -1246.838438693     -4.58e-10      6.46e-06        0.03

 SCF converged in 25 iterations.


 --------------------------------
  Double Hybrid MP2 Contribution 
 --------------------------------
 Method:                                 pre_transformed_df
 Density-fitting basis set:              def2-tzvp-ri
 Opposite-spin scale factor:             0.470000000
 Same-spin scale factor:                 0.400000000

 Unrestricted MP2 calculation:           
 Core spatial orbitals:                 10
 Correlated alpha orbitals:             10
 Correlated beta orbitals:               8
 Virtual alpha orbitals:               123
 Virtual beta orbitals:                125

 Reference Energy:                   -1246.838438694
 Opposite spin contribution:            -0.196492306
 Same spin contribution:                -0.075910525
 Total scaled MP2 contribution:         -0.272402831

 Dipole moment (in Debye):              -0.000000      -0.000000      -9.482263

 Quadrupole moment (in Debye-Angstrom):
                  1            2            3
 1       -29.429662    -0.000003     0.000000
 2        -0.000003   -29.429732     0.000000
 3         0.000000     0.000000   -25.291185

 Spin-squared expectation <S^2>:         2.027
 Total spin quantum number S:            1.009
 TOTAL ENERGY:                       -1247.110841525

 --------------------------------------------------------------------------------

 End time:                               Wed Jun  2 11:50:54 2021
 Total wall-clock time:                  2.759 seconds
==================================================================================
