
================================================================================
          _____________ ________ _______________ ________     _________         
         / ___________// ______ \\_____   _____// ______ \   / ________)        
        / /_________  / /      \ \     | |     / /      \ \ | (_______          
       |  __________|| |        | |    | |    | |        | | \________ \        
        \ \_________ | |        | |    | |     \ \______/ /___________) |       
         \__________||_|        |_|    |_|      \________//____________/        
                                                                                
====================================[ Qcore ]===================================

 Git hash:   15a3e7daff0cda5fa9af010ccd19a80288182ecf
 Git date:   Fri, 16 Apr 2021 15:57:16 +0100
 Compiler:   GNU 9.1.0
 Build type: Release
 Version:    1.1.0

 Start time: Wed Jun  2 11:50:59 2021

 Data directory: /work/zw18965/.local/qcore/share/entos/1.1.0/data
 Number of threads: 24
 Number of threads was determined by: command line argument
  - More threads can be used by running 'qcore -n 32'

 --------------------------------------------------------------------------------
                                   command: dft                                  
 --------------------------------------------------------------------------------
 AO basis set:                           aug-cc-pvtz
 Number of AO basis functions:         143

 Formula:                                ClV
 Nuclear charge:                        40.000000000
 Total charge:                           0.000000000
 Number of electrons:                   40.000000000

 Number of alpha electrons:             22
 Number of beta electrons:              18
 Number of unpaired electrons:           4
 Spin:                                   4
 Multiplicity:                           quintet

 Theory:                                 dft
 Exchange-correlation functional:        0.29 b88 + 0.54 lyp
 Method for Coulomb:                     incore_df
 Method for exact exchange:              pre_transformed_df
 Integral threshold:                     1.00e-12
 DF basis set:                           def2-tzvp-jkfit(spdfghi)
 Number of DF basis functions:         392
 Schwarz screening threshold:            1.00e-10
 Coulomb fitting method:                 Cholesky
 Total number of grid points:        15346
 Method for AO orthogonalization:        symmetric
 Threshold for linear dependence:        1.00e-08
 D3BJ dispersion energy:                -0.003277531

 -------------------------------------
  Running unrestricted open-shell SCF 
 -------------------------------------
 Max number of iterations:             128
 Conv. threshold (gradient):             1.00e-05
 Conv. threshold (energy):               1.00e-06
 Interpolation scheme:                   adiis+cdiis
 Initial guess:                          H0

 ---------------------------------------------------------------
                  energy        change          grad        time
 ---------------------------------------------------------------
   0     -1337.324896067                    9.03e+00        0.05
   1     -1329.887191358      7.44e+00      6.30e+00        0.03
   2     -1324.944808618      4.94e+00      7.29e+00        0.03
   3     -1401.285308644     -7.63e+01      2.08e+00        0.03
   4     -1402.681803931     -1.40e+00      1.24e+00        0.03
   5     -1403.270495368     -5.89e-01      5.59e-01        0.04
   6     -1403.378112250     -1.08e-01      3.13e-01        0.03
   7     -1403.415366718     -3.73e-02      1.70e-01        0.03
   8     -1403.422828140     -7.46e-03      8.27e-02        0.03
   9     -1403.426143539     -3.32e-03      7.75e-02        0.04
  10     -1403.428163860     -2.02e-03      2.75e-02        0.03
  11     -1403.429361609     -1.20e-03      1.46e-02        0.03
  12     -1403.429624988     -2.63e-04      5.04e-03        0.03
  13     -1403.429680563     -5.56e-05      7.36e-04        0.03
  14     -1403.429681575     -1.01e-06      1.54e-04        0.03
  15     -1403.429681614     -3.88e-08      6.15e-05        0.03
  16     -1403.429681619     -4.58e-09      4.49e-05        0.03
  17     -1403.429681621     -1.95e-09      2.17e-05        0.03
  18     -1403.429681621     -4.78e-10      1.77e-05        0.03
  19     -1403.429681621     -2.10e-10      1.40e-05        0.03
  20     -1403.429681622     -2.48e-10      8.20e-06        0.03

 SCF converged in 20 iterations.


 --------------------------------
  Double Hybrid MP2 Contribution 
 --------------------------------
 Method:                                 pre_transformed_df
 Density-fitting basis set:              def2-tzvp-ri
 Opposite-spin scale factor:             0.470000000
 Same-spin scale factor:                 0.400000000

 Unrestricted MP2 calculation:           
 Core spatial orbitals:                 10
 Correlated alpha orbitals:             12
 Correlated beta orbitals:               8
 Virtual alpha orbitals:               121
 Virtual beta orbitals:                125

 Reference Energy:                   -1403.429681622
 Opposite spin contribution:            -0.198336252
 Same spin contribution:                -0.077089931
 Total scaled MP2 contribution:         -0.275426183

 Dipole moment (in Debye):              -0.000000      -0.000000      -3.970688

 Quadrupole moment (in Debye-Angstrom):
                  1            2            3
 1       -29.603977     0.000002     0.000000
 2         0.000002   -29.603950     0.000000
 3         0.000000     0.000000   -32.414134

 Spin-squared expectation <S^2>:         6.006
 Total spin quantum number S:            2.001
 TOTAL ENERGY:                       -1403.705107805

 --------------------------------------------------------------------------------

 End time:                               Wed Jun  2 11:51:02 2021
 Total wall-clock time:                  2.681 seconds
==================================================================================
