
================================================================================
          _____________ ________ _______________ ________     _________         
         / ___________// ______ \\_____   _____// ______ \   / ________)        
        / /_________  / /      \ \     | |     / /      \ \ | (_______          
       |  __________|| |        | |    | |    | |        | | \________ \        
        \ \_________ | |        | |    | |     \ \______/ /___________) |       
         \__________||_|        |_|    |_|      \________//____________/        
                                                                                
====================================[ Qcore ]===================================

 Git hash:   15a3e7daff0cda5fa9af010ccd19a80288182ecf
 Git date:   Fri, 16 Apr 2021 15:57:16 +0100
 Compiler:   GNU 9.1.0
 Build type: Release
 Version:    1.1.0

 Start time: Wed Jun  2 11:51:02 2021

 Data directory: /work/zw18965/.local/qcore/share/entos/1.1.0/data
 Number of threads: 24
 Number of threads was determined by: command line argument
  - More threads can be used by running 'qcore -n 32'

 --------------------------------------------------------------------------------
                                   command: dft                                  
 --------------------------------------------------------------------------------
 AO basis set:                           aug-cc-pvtz
 Number of AO basis functions:         152

 Formula:                                VBr
 Nuclear charge:                        58.000000000
 Total charge:                           0.000000000
 Number of electrons:                   58.000000000

 Number of alpha electrons:             31
 Number of beta electrons:              27
 Number of unpaired electrons:           4
 Spin:                                   4
 Multiplicity:                           quintet

 Theory:                                 dft
 Exchange-correlation functional:        0.29 b88 + 0.54 lyp
 Method for Coulomb:                     incore_df
 Method for exact exchange:              pre_transformed_df
 Integral threshold:                     1.00e-12
 DF basis set:                           def2-tzvp-jkfit(spdfghi)
 Number of DF basis functions:         530
 Schwarz screening threshold:            1.00e-10
 Coulomb fitting method:                 Cholesky
 Total number of grid points:        16016
 Method for AO orthogonalization:        symmetric
 Threshold for linear dependence:        1.00e-08
 D3BJ dispersion energy:                -0.004857846

 -------------------------------------
  Running unrestricted open-shell SCF 
 -------------------------------------
 Max number of iterations:             128
 Conv. threshold (gradient):             1.00e-05
 Conv. threshold (energy):               1.00e-06
 Interpolation scheme:                   adiis+cdiis
 Initial guess:                          H0

 ---------------------------------------------------------------
                  energy        change          grad        time
 ---------------------------------------------------------------
   0     -3454.802242693                    9.17e+00        0.05
   1     -3445.891629696      8.91e+00      6.07e+00        0.04
   2     -3447.032451876     -1.14e+00      7.94e+00        0.04
   3     -3506.286098836     -5.93e+01      5.25e+00        0.03
   4     -3500.448755772      5.84e+00      4.69e+00        0.04
   5     -3515.952129129     -1.55e+01      1.48e+00        0.04
   6     -3508.582047928      7.37e+00      4.87e+00        0.04
   7     -3516.742835091     -8.16e+00      5.82e-01        0.04
   8     -3516.777098222     -3.43e-02      6.01e-01        0.04
   9     -3516.908373736     -1.31e-01      2.24e-01        0.04
  10     -3516.912789125     -4.42e-03      1.53e-01        0.05
  11     -3516.920272520     -7.48e-03      1.12e-01        0.05
  12     -3516.922048600     -1.78e-03      6.80e-02        0.05
  13     -3516.923552749     -1.50e-03      1.01e-01        0.05
  14     -3516.928477380     -4.92e-03      3.68e-02        0.04
  15     -3516.930730805     -2.25e-03      2.71e-02        0.03
  16     -3516.932314244     -1.58e-03      1.79e-02        0.03
  17     -3516.932385166     -7.09e-05      5.59e-03        0.03
  18     -3516.932439839     -5.47e-05      3.50e-03        0.03
  19     -3516.932445090     -5.25e-06      1.41e-03        0.04
  20     -3516.932446850     -1.76e-06      6.37e-04        0.04
  21     -3516.932447033     -1.83e-07      9.04e-04        0.04
  22     -3516.932447601     -5.68e-07      4.91e-04        0.04
  23     -3516.932447771     -1.70e-07      1.74e-04        0.03
  24     -3516.932447789     -1.87e-08      1.03e-04        0.03
  25     -3516.932447797     -7.59e-09      1.17e-05        0.03
  26     -3516.932447797     -2.01e-10      9.48e-06        0.03

 SCF converged in 26 iterations.


 --------------------------------
  Double Hybrid MP2 Contribution 
 --------------------------------
 Method:                                 pre_transformed_df
 Density-fitting basis set:              def2-tzvp-ri
 Opposite-spin scale factor:             0.470000000
 Same-spin scale factor:                 0.400000000

 Unrestricted MP2 calculation:           
 Core spatial orbitals:                 14
 Correlated alpha orbitals:             17
 Correlated beta orbitals:              13
 Virtual alpha orbitals:               121
 Virtual beta orbitals:                125

 Reference Energy:                   -3516.932447797
 Opposite spin contribution:            -0.207178652
 Same spin contribution:                -0.086213007
 Total scaled MP2 contribution:         -0.293391659

 Dipole moment (in Debye):               0.000000       0.000000      -4.188761

 Quadrupole moment (in Debye-Angstrom):
                  1            2            3
 1       -35.787798     0.000026    -0.000000
 2         0.000026   -35.787758    -0.000000
 3        -0.000000    -0.000000   -34.139397

 Spin-squared expectation <S^2>:         6.006
 Total spin quantum number S:            2.001
 TOTAL ENERGY:                       -3517.225839457

 --------------------------------------------------------------------------------

 End time:                               Wed Jun  2 11:51:05 2021
 Total wall-clock time:                  3.489 seconds
==================================================================================
