
================================================================================
          _____________ ________ _______________ ________     _________         
         / ___________// ______ \\_____   _____// ______ \   / ________)        
        / /_________  / /      \ \     | |     / /      \ \ | (_______          
       |  __________|| |        | |    | |    | |        | | \________ \        
        \ \_________ | |        | |    | |     \ \______/ /___________) |       
         \__________||_|        |_|    |_|      \________//____________/        
                                                                                
====================================[ Qcore ]===================================

 Git hash:   15a3e7daff0cda5fa9af010ccd19a80288182ecf
 Git date:   Fri, 16 Apr 2021 15:57:16 +0100
 Compiler:   GNU 9.1.0
 Build type: Release
 Version:    1.1.0

 Start time: Wed Jun  2 11:51:22 2021

 Data directory: /work/zw18965/.local/qcore/share/entos/1.1.0/data
 Number of threads: 24
 Number of threads was determined by: command line argument
  - More threads can be used by running 'qcore -n 32'

 --------------------------------------------------------------------------------
                                   command: dft                                  
 --------------------------------------------------------------------------------
 AO basis set:                           aug-cc-pvtz
 Number of AO basis functions:         139

 Formula:                                OCr
 Nuclear charge:                        32.000000000
 Total charge:                           0.000000000
 Number of electrons:                   32.000000000

 Number of alpha electrons:             18
 Number of beta electrons:              14
 Number of unpaired electrons:           4
 Spin:                                   4
 Multiplicity:                           quintet

 Theory:                                 dft
 Exchange-correlation functional:        0.29 b88 + 0.54 lyp
 Method for Coulomb:                     incore_df
 Method for exact exchange:              pre_transformed_df
 Integral threshold:                     1.00e-12
 DF basis set:                           def2-tzvp-jkfit(spdfghi)
 Number of DF basis functions:         341
 Schwarz screening threshold:            1.00e-10
 Coulomb fitting method:                 Cholesky
 Total number of grid points:        14772
 Method for AO orthogonalization:        symmetric
 Threshold for linear dependence:        1.00e-08
 D3BJ dispersion energy:                -0.000872880

 -------------------------------------
  Running unrestricted open-shell SCF 
 -------------------------------------
 Max number of iterations:             128
 Conv. threshold (gradient):             1.00e-05
 Conv. threshold (energy):               1.00e-06
 Interpolation scheme:                   adiis+cdiis
 Initial guess:                          H0

 ---------------------------------------------------------------
                  energy        change          grad        time
 ---------------------------------------------------------------
   0     -1019.579403463                    1.61e+01        0.03
   1     -1021.995088277     -2.42e+00      9.19e+00        0.03
   2     -1060.480764665     -3.85e+01      9.99e+00        0.03
   3     -1114.753101621     -5.43e+01      4.23e+00        0.03
   4     -1102.178174882      1.26e+01      1.09e+01        0.03
   5     -1118.747215408     -1.66e+01      6.46e-01        0.02
   6     -1118.800120119     -5.29e-02      5.54e-01        0.03
   7     -1118.870458471     -7.03e-02      3.78e-01        0.03
   8     -1118.866292233      4.17e-03      3.41e-01        0.03
   9     -1118.897586698     -3.13e-02      8.69e-02        0.04
  10     -1118.898357088     -7.70e-04      7.80e-02        0.03
  11     -1118.901651252     -3.29e-03      2.91e-02        0.03
  12     -1118.903672734     -2.02e-03      2.31e-02        0.03
  13     -1118.905901483     -2.23e-03      1.43e-02        0.02
  14     -1118.906021229     -1.20e-04      8.94e-03        0.03
  15     -1118.906123532     -1.02e-04      3.14e-03        0.03
  16     -1118.906126320     -2.79e-06      2.46e-03        0.03
  17     -1118.906131210     -4.89e-06      6.18e-04        0.03
  18     -1118.906131504     -2.94e-07      5.78e-04        0.03
  19     -1118.906131886     -3.82e-07      5.44e-04        0.03
  20     -1118.906132546     -6.60e-07      4.84e-04        0.03
  21     -1118.906133529     -9.83e-07      4.06e-04        0.03
  22     -1118.906134673     -1.14e-06      2.42e-04        0.03
  23     -1118.906135264     -5.92e-07      9.88e-05        0.03
  24     -1118.906135293     -2.89e-08      8.40e-05        0.03
  25     -1118.906135296     -2.70e-09      7.00e-05        0.03
  26     -1118.906135300     -3.70e-09      5.30e-05        0.02
  27     -1118.906135303     -3.32e-09      2.76e-05        0.03
  28     -1118.906135304     -8.65e-10      1.35e-05        0.03
  29     -1118.906135304     -1.77e-10      1.12e-05        0.03
  30     -1118.906135304     -1.12e-10      1.11e-05        0.03
  31     -1118.906135304     -1.59e-12      1.11e-05        0.03
  32     -1118.906135304     -1.64e-11      1.11e-05        0.02
  33     -1118.906135304      6.30e-11      1.13e-05        0.03
  34     -1118.906135304      1.52e-11      1.15e-05        0.02
  35     -1118.906135304     -1.14e-12      1.16e-05        0.03
  36     -1118.906135304     -4.32e-12      1.16e-05        0.03
  37     -1118.906135304     -9.09e-13      1.16e-05        0.03
  38     -1118.906135304      2.50e-12      1.16e-05        0.04
  39     -1118.906135304     -9.78e-12      1.16e-05        0.03
  40     -1118.906135304     -4.64e-11      1.17e-05        0.03
  41     -1118.906135304      3.18e-10      1.08e-05        0.03
  42     -1118.906135303      2.48e-10      9.78e-06        0.03

 SCF converged in 42 iterations.


 --------------------------------
  Double Hybrid MP2 Contribution 
 --------------------------------
 Method:                                 pre_transformed_df
 Density-fitting basis set:              def2-tzvp-ri
 Opposite-spin scale factor:             0.470000000
 Same-spin scale factor:                 0.400000000

 Unrestricted MP2 calculation:           
 Core spatial orbitals:                  6
 Correlated alpha orbitals:             12
 Correlated beta orbitals:               8
 Virtual alpha orbitals:               121
 Virtual beta orbitals:                125

 Reference Energy:                   -1118.906135303
 Opposite spin contribution:            -0.246115115
 Same spin contribution:                -0.102409367
 Total scaled MP2 contribution:         -0.348524482

 Dipole moment (in Debye):              -0.000001      -0.000000      -4.038458

 Quadrupole moment (in Debye-Angstrom):
                  1            2            3
 1       -20.760213     0.000013     0.000001
 2         0.000013   -20.760262     0.000000
 3         0.000001     0.000000   -25.930480

 Spin-squared expectation <S^2>:         6.354
 Total spin quantum number S:            2.070
 TOTAL ENERGY:                       -1119.254659785

 --------------------------------------------------------------------------------

 End time:                               Wed Jun  2 11:51:25 2021
 Total wall-clock time:                  3.055 seconds
==================================================================================
