
================================================================================
          _____________ ________ _______________ ________     _________         
         / ___________// ______ \\_____   _____// ______ \   / ________)        
        / /_________  / /      \ \     | |     / /      \ \ | (_______          
       |  __________|| |        | |    | |    | |        | | \________ \        
        \ \_________ | |        | |    | |     \ \______/ /___________) |       
         \__________||_|        |_|    |_|      \________//____________/        
                                                                                
====================================[ Qcore ]===================================

 Git hash:   15a3e7daff0cda5fa9af010ccd19a80288182ecf
 Git date:   Fri, 16 Apr 2021 15:57:16 +0100
 Compiler:   GNU 9.1.0
 Build type: Release
 Version:    1.1.0

 Start time: Wed Jun  2 11:51:30 2021

 Data directory: /work/zw18965/.local/qcore/share/entos/1.1.0/data
 Number of threads: 24
 Number of threads was determined by: command line argument
  - More threads can be used by running 'qcore -n 32'

 --------------------------------------------------------------------------------
                                   command: dft                                  
 --------------------------------------------------------------------------------
 AO basis set:                           aug-cc-pvtz
 Number of AO basis functions:         116

 Formula:                                HMn
 Nuclear charge:                        26.000000000
 Total charge:                           0.000000000
 Number of electrons:                   26.000000000

 Number of alpha electrons:             16
 Number of beta electrons:              10
 Number of unpaired electrons:           6
 Spin:                                   6
 Multiplicity:                           octet

 Theory:                                 dft
 Exchange-correlation functional:        0.29 b88 + 0.54 lyp
 Method for Coulomb:                     incore_df
 Method for exact exchange:              pre_transformed_df
 Integral threshold:                     1.00e-12
 DF basis set:                           def2-tzvp-jkfit(spdfghi)
 Number of DF basis functions:         282
 Schwarz screening threshold:            1.00e-10
 Coulomb fitting method:                 Cholesky
 Total number of grid points:        13826
 Method for AO orthogonalization:        symmetric
 Threshold for linear dependence:        1.00e-08
 D3BJ dispersion energy:                -0.000552855

 -------------------------------------
  Running unrestricted open-shell SCF 
 -------------------------------------
 Max number of iterations:             128
 Conv. threshold (gradient):             1.00e-05
 Conv. threshold (energy):               1.00e-06
 Interpolation scheme:                   adiis+cdiis
 Initial guess:                          H0

 ---------------------------------------------------------------
                  energy        change          grad        time
 ---------------------------------------------------------------
   0     -1089.387519746                    9.43e+00        0.03
   1     -1066.088534144      2.33e+01      9.07e+00        0.02
   2     -1130.747680297     -6.47e+01      5.70e+00        0.02
   3     -1146.714335382     -1.60e+01      3.98e+00        0.02
   4     -1147.925159928     -1.21e+00      3.05e+00        0.02
   5     -1150.829904487     -2.90e+00      6.97e-01        0.02
   6     -1150.866048991     -3.61e-02      5.93e-01        0.02
   7     -1150.930119192     -6.41e-02      3.16e-01        0.02
   8     -1150.940645538     -1.05e-02      1.57e-01        0.03
   9     -1150.946271414     -5.63e-03      1.66e-01        0.02
  10     -1150.950344978     -4.07e-03      5.44e-02        0.03
  11     -1150.951001787     -6.57e-04      6.18e-02        0.03
  12     -1150.951846703     -8.45e-04      2.62e-03        0.02
  13     -1150.951859252     -1.25e-05      2.24e-03        0.02
  14     -1150.951859799     -5.47e-07      2.29e-03        0.02
  15     -1150.951853277      6.52e-06      1.51e-03        0.02
  16     -1150.951851937      1.34e-06      4.39e-04        0.02
  17     -1150.951852304     -3.66e-07      1.45e-04        0.02
  18     -1150.951852318     -1.42e-08      3.69e-05        0.02
  19     -1150.951852318      7.73e-12      6.75e-06        0.02

 SCF converged in 19 iterations.


 --------------------------------
  Double Hybrid MP2 Contribution 
 --------------------------------
 Method:                                 pre_transformed_df
 Density-fitting basis set:              def2-tzvp-ri
 Opposite-spin scale factor:             0.470000000
 Same-spin scale factor:                 0.400000000

 Unrestricted MP2 calculation:           
 Core spatial orbitals:                  5
 Correlated alpha orbitals:             11
 Correlated beta orbitals:               5
 Virtual alpha orbitals:               100
 Virtual beta orbitals:                106

 Reference Energy:                   -1150.951852318
 Opposite spin contribution:            -0.143523698
 Same spin contribution:                -0.077201693
 Total scaled MP2 contribution:         -0.220725391

 Dipole moment (in Debye):              -0.000033      -0.000015      -2.315775

 Quadrupole moment (in Debye-Angstrom):
                  1            2            3
 1       -27.093223    -4.274378     0.000049
 2        -4.274378   -19.709031     0.000022
 3         0.000049     0.000022   -19.927475

 Spin-squared expectation <S^2>:        12.195
 Total spin quantum number S:            3.028
 TOTAL ENERGY:                       -1151.172577708

 --------------------------------------------------------------------------------

 End time:                               Wed Jun  2 11:51:32 2021
 Total wall-clock time:                  2.043 seconds
==================================================================================
