
================================================================================
          _____________ ________ _______________ ________     _________         
         / ___________// ______ \\_____   _____// ______ \   / ________)        
        / /_________  / /      \ \     | |     / /      \ \ | (_______          
       |  __________|| |        | |    | |    | |        | | \________ \        
        \ \_________ | |        | |    | |     \ \______/ /___________) |       
         \__________||_|        |_|    |_|      \________//____________/        
                                                                                
====================================[ Qcore ]===================================

 Git hash:   15a3e7daff0cda5fa9af010ccd19a80288182ecf
 Git date:   Fri, 16 Apr 2021 15:57:16 +0100
 Compiler:   GNU 9.1.0
 Build type: Release
 Version:    1.1.0

 Start time: Wed Jun  2 11:51:34 2021

 Data directory: /work/zw18965/.local/qcore/share/entos/1.1.0/data
 Number of threads: 24
 Number of threads was determined by: command line argument
  - More threads can be used by running 'qcore -n 32'

 --------------------------------------------------------------------------------
                                   command: dft                                  
 --------------------------------------------------------------------------------
 AO basis set:                           aug-cc-pvtz
 Number of AO basis functions:         143

 Formula:                                ClMn
 Nuclear charge:                        42.000000000
 Total charge:                           0.000000000
 Number of electrons:                   42.000000000

 Number of alpha electrons:             24
 Number of beta electrons:              18
 Number of unpaired electrons:           6
 Spin:                                   6
 Multiplicity:                           octet

 Theory:                                 dft
 Exchange-correlation functional:        0.29 b88 + 0.54 lyp
 Method for Coulomb:                     incore_df
 Method for exact exchange:              pre_transformed_df
 Integral threshold:                     1.00e-12
 DF basis set:                           def2-tzvp-jkfit(spdfghi)
 Number of DF basis functions:         392
 Schwarz screening threshold:            1.00e-10
 Coulomb fitting method:                 Cholesky
 Total number of grid points:        15430
 Method for AO orthogonalization:        symmetric
 Threshold for linear dependence:        1.00e-08
 D3BJ dispersion energy:                -0.002504820

 -------------------------------------
  Running unrestricted open-shell SCF 
 -------------------------------------
 Max number of iterations:             128
 Conv. threshold (gradient):             1.00e-05
 Conv. threshold (energy):               1.00e-06
 Interpolation scheme:                   adiis+cdiis
 Initial guess:                          H0

 ---------------------------------------------------------------
                  energy        change          grad        time
 ---------------------------------------------------------------
   0     -1474.423995944                    1.58e+01        0.04
   1     -1476.369719816     -1.95e+00      8.65e+00        0.03
   2     -1323.210727853      1.53e+02      1.66e+01        0.03
   3     -1585.895206472     -2.63e+02      6.35e+00        0.03
   4     -1596.616792019     -1.07e+01      4.99e+00        0.03
   5     -1609.964932747     -1.33e+01      8.80e-01        0.03
   6     -1610.251071282     -2.86e-01      5.49e-01        0.03
   7     -1610.409742360     -1.59e-01      2.49e-01        0.04
   8     -1610.432992094     -2.32e-02      1.45e-01        0.03
   9     -1610.445137882     -1.21e-02      6.05e-02        0.04
  10     -1610.446321173     -1.18e-03      4.48e-02        0.04
  11     -1610.447221021     -9.00e-04      1.43e-03        0.04
  12     -1610.447223175     -2.15e-06      4.89e-04        0.03
  13     -1610.447223428     -2.54e-07      9.08e-05        0.03
  14     -1610.447223447     -1.88e-08      2.27e-05        0.03
  15     -1610.447223448     -1.13e-09      6.71e-06        0.03

 SCF converged in 15 iterations.


 --------------------------------
  Double Hybrid MP2 Contribution 
 --------------------------------
 Method:                                 pre_transformed_df
 Density-fitting basis set:              def2-tzvp-ri
 Opposite-spin scale factor:             0.470000000
 Same-spin scale factor:                 0.400000000

 Unrestricted MP2 calculation:           
 Core spatial orbitals:                 10
 Correlated alpha orbitals:             14
 Correlated beta orbitals:               8
 Virtual alpha orbitals:               119
 Virtual beta orbitals:                125

 Reference Energy:                   -1610.447223448
 Opposite spin contribution:            -0.214634764
 Same spin contribution:                -0.100118615
 Total scaled MP2 contribution:         -0.314753379

 Dipole moment (in Debye):              -0.000000      -0.000000      -3.186926

 Quadrupole moment (in Debye-Angstrom):
                  1            2            3
 1       -28.132660    -0.000000     0.000000
 2        -0.000000   -28.132660     0.000000
 3         0.000000     0.000000   -34.882810

 Spin-squared expectation <S^2>:        12.004
 Total spin quantum number S:            3.001
 TOTAL ENERGY:                       -1610.761976827

 --------------------------------------------------------------------------------

 End time:                               Wed Jun  2 11:51:37 2021
 Total wall-clock time:                  2.456 seconds
==================================================================================
