
================================================================================
          _____________ ________ _______________ ________     _________         
         / ___________// ______ \\_____   _____// ______ \   / ________)        
        / /_________  / /      \ \     | |     / /      \ \ | (_______          
       |  __________|| |        | |    | |    | |        | | \________ \        
        \ \_________ | |        | |    | |     \ \______/ /___________) |       
         \__________||_|        |_|    |_|      \________//____________/        
                                                                                
====================================[ Qcore ]===================================

 Git hash:   15a3e7daff0cda5fa9af010ccd19a80288182ecf
 Git date:   Fri, 16 Apr 2021 15:57:16 +0100
 Compiler:   GNU 9.1.0
 Build type: Release
 Version:    1.1.0

 Start time: Wed Jun  2 11:51:37 2021

 Data directory: /work/zw18965/.local/qcore/share/entos/1.1.0/data
 Number of threads: 24
 Number of threads was determined by: command line argument
  - More threads can be used by running 'qcore -n 32'

 --------------------------------------------------------------------------------
                                   command: dft                                  
 --------------------------------------------------------------------------------
 AO basis set:                           aug-cc-pvtz
 Number of AO basis functions:         152

 Formula:                                MnBr
 Nuclear charge:                        60.000000000
 Total charge:                           0.000000000
 Number of electrons:                   60.000000000

 Number of alpha electrons:             33
 Number of beta electrons:              27
 Number of unpaired electrons:           6
 Spin:                                   6
 Multiplicity:                           octet

 Theory:                                 dft
 Exchange-correlation functional:        0.29 b88 + 0.54 lyp
 Method for Coulomb:                     incore_df
 Method for exact exchange:              pre_transformed_df
 Integral threshold:                     1.00e-12
 DF basis set:                           def2-tzvp-jkfit(spdfghi)
 Number of DF basis functions:         530
 Schwarz screening threshold:            1.00e-10
 Coulomb fitting method:                 Cholesky
 Total number of grid points:        16100
 Method for AO orthogonalization:        symmetric
 Threshold for linear dependence:        1.00e-08
 D3BJ dispersion energy:                -0.003668985

 -------------------------------------
  Running unrestricted open-shell SCF 
 -------------------------------------
 Max number of iterations:             128
 Conv. threshold (gradient):             1.00e-05
 Conv. threshold (energy):               1.00e-06
 Interpolation scheme:                   adiis+cdiis
 Initial guess:                          H0

 ---------------------------------------------------------------
                  energy        change          grad        time
 ---------------------------------------------------------------
   0     -3647.810517400                    1.09e+01        0.05
   1     -3625.864134462      2.19e+01      6.60e+00        0.04
   2     -3485.242833286      1.41e+02      1.19e+01        0.03
   3     -3709.878758489     -2.25e+02      4.90e+00        0.05
   4     -3711.766213812     -1.89e+00      4.59e+00        0.04
   5     -3720.201731219     -8.44e+00      2.42e+00        0.04
   6     -3722.911245598     -2.71e+00      2.17e+00        0.04
   7     -3723.871637765     -9.60e-01      3.83e-01        0.04
   8     -3723.925823096     -5.42e-02      2.04e-01        0.04
   9     -3723.941164781     -1.53e-02      1.24e-01        0.04
  10     -3723.948260505     -7.10e-03      7.34e-02        0.05
  11     -3723.950236832     -1.98e-03      4.50e-02        0.05
  12     -3723.951252239     -1.02e-03      1.50e-03        0.04
  13     -3723.951255527     -3.29e-06      1.02e-03        0.04
  14     -3723.951256152     -6.25e-07      2.42e-04        0.03
  15     -3723.951256217     -6.52e-08      6.94e-05        0.04
  16     -3723.951256224     -7.02e-09      1.89e-05        0.04
  17     -3723.951256225     -5.57e-10      3.27e-06        0.03

 SCF converged in 17 iterations.


 --------------------------------
  Double Hybrid MP2 Contribution 
 --------------------------------
 Method:                                 pre_transformed_df
 Density-fitting basis set:              def2-tzvp-ri
 Opposite-spin scale factor:             0.470000000
 Same-spin scale factor:                 0.400000000

 Unrestricted MP2 calculation:           
 Core spatial orbitals:                 14
 Correlated alpha orbitals:             19
 Correlated beta orbitals:              13
 Virtual alpha orbitals:               119
 Virtual beta orbitals:                125

 Reference Energy:                   -3723.951256225
 Opposite spin contribution:            -0.223169311
 Same spin contribution:                -0.108830098
 Total scaled MP2 contribution:         -0.331999409

 Dipole moment (in Debye):               0.000000       0.000000      -3.265374

 Quadrupole moment (in Debye-Angstrom):
                  1            2            3
 1       -34.331770     0.000000    -0.000000
 2         0.000000   -34.331770    -0.000000
 3        -0.000000    -0.000000   -37.591622

 Spin-squared expectation <S^2>:        12.004
 Total spin quantum number S:            3.001
 TOTAL ENERGY:                       -3724.283255634

 --------------------------------------------------------------------------------

 End time:                               Wed Jun  2 11:51:40 2021
 Total wall-clock time:                  3.197 seconds
==================================================================================
