
================================================================================
          _____________ ________ _______________ ________     _________         
         / ___________// ______ \\_____   _____// ______ \   / ________)        
        / /_________  / /      \ \     | |     / /      \ \ | (_______          
       |  __________|| |        | |    | |    | |        | | \________ \        
        \ \_________ | |        | |    | |     \ \______/ /___________) |       
         \__________||_|        |_|    |_|      \________//____________/        
                                                                                
====================================[ Qcore ]===================================

 Git hash:   15a3e7daff0cda5fa9af010ccd19a80288182ecf
 Git date:   Fri, 16 Apr 2021 15:57:16 +0100
 Compiler:   GNU 9.1.0
 Build type: Release
 Version:    1.1.0

 Start time: Wed Jun  2 11:51:57 2021

 Data directory: /work/zw18965/.local/qcore/share/entos/1.1.0/data
 Number of threads: 24
 Number of threads was determined by: command line argument
  - More threads can be used by running 'qcore -n 32'

 --------------------------------------------------------------------------------
                                   command: dft                                  
 --------------------------------------------------------------------------------
 AO basis set:                           aug-cc-pvtz
 Number of AO basis functions:         139

 Formula:                                OFe
 Nuclear charge:                        34.000000000
 Total charge:                           0.000000000
 Number of electrons:                   34.000000000

 Number of alpha electrons:             19
 Number of beta electrons:              15
 Number of unpaired electrons:           4
 Spin:                                   4
 Multiplicity:                           quintet

 Theory:                                 dft
 Exchange-correlation functional:        0.29 b88 + 0.54 lyp
 Method for Coulomb:                     incore_df
 Method for exact exchange:              pre_transformed_df
 Integral threshold:                     1.00e-12
 DF basis set:                           def2-tzvp-jkfit(spdfghi)
 Number of DF basis functions:         341
 Schwarz screening threshold:            1.00e-10
 Coulomb fitting method:                 Cholesky
 Total number of grid points:        14880
 Method for AO orthogonalization:        symmetric
 Threshold for linear dependence:        1.00e-08
 D3BJ dispersion energy:                -0.000736429

 -------------------------------------
  Running unrestricted open-shell SCF 
 -------------------------------------
 Max number of iterations:             128
 Conv. threshold (gradient):             1.00e-05
 Conv. threshold (energy):               1.00e-06
 Interpolation scheme:                   adiis+cdiis
 Initial guess:                          H0

 ---------------------------------------------------------------
                  energy        change          grad        time
 ---------------------------------------------------------------
   0     -1204.898925731                    1.98e+01        0.04
   1     -1205.470528066     -5.72e-01      9.47e+00        0.03
   2     -1266.171681040     -6.07e+01      1.42e+01        0.03
   3     -1332.112178856     -6.59e+01      4.83e+00        0.02
   4     -1320.007783062      1.21e+01      6.94e+00        0.03
   5     -1337.695388976     -1.77e+01      1.19e+00        0.03
   6     -1336.467976176      1.23e+00      1.94e+00        0.03
   7     -1338.027330921     -1.56e+00      3.96e-01        0.03
   8     -1338.012703887      1.46e-02      4.83e-01        0.03
   9     -1338.087198893     -7.45e-02      8.05e-02        0.03
  10     -1338.088654576     -1.46e-03      7.54e-02        0.03
  11     -1338.090011214     -1.36e-03      3.28e-02        0.03
  12     -1338.091428206     -1.42e-03      3.10e-02        0.02
  13     -1338.092343896     -9.16e-04      1.45e-02        0.03
  14     -1338.092757890     -4.14e-04      1.27e-02        0.02
  15     -1338.093030468     -2.73e-04      1.32e-02        0.03
  16     -1338.093044510     -1.40e-05      1.29e-02        0.03
  17     -1338.092684196      3.60e-04      1.00e-02        0.03
  18     -1338.092582742      1.01e-04      3.32e-03        0.02
  19     -1338.092588346     -5.60e-06      1.62e-03        0.02
  20     -1338.092588485     -1.38e-07      6.82e-04        0.03
  21     -1338.092588739     -2.54e-07      3.22e-04        0.03
  22     -1338.092588772     -3.27e-08      1.40e-04        0.03
  23     -1338.092588777     -5.83e-09      3.30e-05        0.03
  24     -1338.092588778     -6.66e-10      1.47e-05        0.03
  25     -1338.092588778     -6.30e-11      5.85e-06        0.03

 SCF converged in 25 iterations.


 --------------------------------
  Double Hybrid MP2 Contribution 
 --------------------------------
 Method:                                 pre_transformed_df
 Density-fitting basis set:              def2-tzvp-ri
 Opposite-spin scale factor:             0.470000000
 Same-spin scale factor:                 0.400000000

 Unrestricted MP2 calculation:           
 Core spatial orbitals:                  6
 Correlated alpha orbitals:             13
 Correlated beta orbitals:               9
 Virtual alpha orbitals:               120
 Virtual beta orbitals:                124

 Reference Energy:                   -1338.092588778
 Opposite spin contribution:            -0.311164545
 Same spin contribution:                -0.130929104
 Total scaled MP2 contribution:         -0.442093649

 Dipole moment (in Debye):              -0.000000      -0.000000      -5.754934

 Quadrupole moment (in Debye-Angstrom):
                  1            2            3
 1       -20.623801    -0.000002     0.000000
 2        -0.000002   -20.623801     0.000000
 3         0.000000     0.000000   -22.397913

 Spin-squared expectation <S^2>:         6.160
 Total spin quantum number S:            2.032
 TOTAL ENERGY:                       -1338.534682427

 --------------------------------------------------------------------------------

 End time:                               Wed Jun  2 11:52:00 2021
 Total wall-clock time:                  2.512 seconds
==================================================================================
