
================================================================================
          _____________ ________ _______________ ________     _________         
         / ___________// ______ \\_____   _____// ______ \   / ________)        
        / /_________  / /      \ \     | |     / /      \ \ | (_______          
       |  __________|| |        | |    | |    | |        | | \________ \        
        \ \_________ | |        | |    | |     \ \______/ /___________) |       
         \__________||_|        |_|    |_|      \________//____________/        
                                                                                
====================================[ Qcore ]===================================

 Git hash:   15a3e7daff0cda5fa9af010ccd19a80288182ecf
 Git date:   Fri, 16 Apr 2021 15:57:16 +0100
 Compiler:   GNU 9.1.0
 Build type: Release
 Version:    1.1.0

 Start time: Wed Jun  2 11:52:14 2021

 Data directory: /work/zw18965/.local/qcore/share/entos/1.1.0/data
 Number of threads: 24
 Number of threads was determined by: command line argument
  - More threads can be used by running 'qcore -n 32'

 --------------------------------------------------------------------------------
                                   command: dft                                  
 --------------------------------------------------------------------------------
 AO basis set:                           aug-cc-pvtz
 Number of AO basis functions:         152

 Formula:                                CoBr
 Nuclear charge:                        62.000000000
 Total charge:                           0.000000000
 Number of electrons:                   62.000000000

 Number of alpha electrons:             32
 Number of beta electrons:              30
 Number of unpaired electrons:           2
 Spin:                                   2
 Multiplicity:                           triplet

 Theory:                                 dft
 Exchange-correlation functional:        0.29 b88 + 0.54 lyp
 Method for Coulomb:                     incore_df
 Method for exact exchange:              pre_transformed_df
 Integral threshold:                     1.00e-12
 DF basis set:                           def2-tzvp-jkfit(spdfghi)
 Number of DF basis functions:         530
 Schwarz screening threshold:            1.00e-10
 Coulomb fitting method:                 Cholesky
 Total number of grid points:        16100
 Method for AO orthogonalization:        symmetric
 Threshold for linear dependence:        1.00e-08
 D3BJ dispersion energy:                -0.003313808

 -------------------------------------
  Running unrestricted open-shell SCF 
 -------------------------------------
 Max number of iterations:             128
 Conv. threshold (gradient):             1.00e-05
 Conv. threshold (energy):               1.00e-06
 Interpolation scheme:                   adiis+cdiis
 Initial guess:                          H0

 ---------------------------------------------------------------
                  energy        change          grad        time
 ---------------------------------------------------------------
   0     -3870.402927464                    1.03e+01        0.04
   1     -3814.136893242      5.63e+01      7.58e+00        0.03
   2     -3877.856714645     -6.37e+01      9.61e+00        0.04
   3     -3922.135956150     -4.43e+01      8.45e+00        0.04
   4     -3938.879379800     -1.67e+01      3.82e+00        0.04
   5     -3954.641731184     -1.58e+01      1.53e+00        0.03
   6     -3945.776231866      8.87e+00      6.49e+00        0.04
   7     -3955.250457320     -9.47e+00      9.34e-01        0.04
   8     -3955.453186608     -2.03e-01      5.70e-01        0.04
   9     -3955.524370502     -7.12e-02      3.71e-01        0.04
  10     -3955.554465533     -3.01e-02      1.58e-01        0.05
  11     -3955.560298935     -5.83e-03      9.79e-02        0.05
  12     -3955.562617322     -2.32e-03      4.11e-02        0.05
  13     -3955.563194635     -5.77e-04      6.55e-03        0.04
  14     -3955.563244999     -5.04e-05      5.65e-03        0.03
  15     -3955.563337653     -9.27e-05      2.77e-03        0.03
  16     -3955.563361876     -2.42e-05      1.18e-03        0.04
  17     -3955.563363821     -1.94e-06      6.16e-04        0.03
  18     -3955.563364176     -3.55e-07      3.60e-04        0.03
  19     -3955.563364284     -1.09e-07      1.79e-04        0.03
  20     -3955.563364309     -2.49e-08      9.33e-05        0.04
  21     -3955.563364317     -7.51e-09      3.66e-05        0.06
  22     -3955.563364318     -1.28e-09      1.70e-05        0.03
  23     -3955.563364318     -2.34e-10      6.59e-06        0.03

 SCF converged in 23 iterations.


 --------------------------------
  Double Hybrid MP2 Contribution 
 --------------------------------
 Method:                                 pre_transformed_df
 Density-fitting basis set:              def2-tzvp-ri
 Opposite-spin scale factor:             0.470000000
 Same-spin scale factor:                 0.400000000

 Unrestricted MP2 calculation:           
 Core spatial orbitals:                 14
 Correlated alpha orbitals:             18
 Correlated beta orbitals:              16
 Virtual alpha orbitals:               120
 Virtual beta orbitals:                122

 Reference Energy:                   -3955.563364318
 Opposite spin contribution:            -0.328557818
 Same spin contribution:                -0.137222243
 Total scaled MP2 contribution:         -0.465780062

 Dipole moment (in Debye):              -0.000000      -0.000000      -6.104227

 Quadrupole moment (in Debye-Angstrom):
                  1            2            3
 1       -31.896995    -0.000005     0.000001
 2        -0.000005   -31.896995     0.000001
 3         0.000001     0.000001   -25.919986

 Spin-squared expectation <S^2>:         2.011
 Total spin quantum number S:            1.004
 TOTAL ENERGY:                       -3956.029144380

 --------------------------------------------------------------------------------

 End time:                               Wed Jun  2 11:52:18 2021
 Total wall-clock time:                  3.357 seconds
==================================================================================
