
================================================================================
          _____________ ________ _______________ ________     _________         
         / ___________// ______ \\_____   _____// ______ \   / ________)        
        / /_________  / /      \ \     | |     / /      \ \ | (_______          
       |  __________|| |        | |    | |    | |        | | \________ \        
        \ \_________ | |        | |    | |     \ \______/ /___________) |       
         \__________||_|        |_|    |_|      \________//____________/        
                                                                                
====================================[ Qcore ]===================================

 Git hash:   15a3e7daff0cda5fa9af010ccd19a80288182ecf
 Git date:   Fri, 16 Apr 2021 15:57:16 +0100
 Compiler:   GNU 9.1.0
 Build type: Release
 Version:    1.1.0

 Start time: Wed Jun  2 11:52:24 2021

 Data directory: /work/zw18965/.local/qcore/share/entos/1.1.0/data
 Number of threads: 24
 Number of threads was determined by: command line argument
  - More threads can be used by running 'qcore -n 32'

 --------------------------------------------------------------------------------
                                   command: dft                                  
 --------------------------------------------------------------------------------
 AO basis set:                           aug-cc-pvtz
 Number of AO basis functions:         116

 Formula:                                HNi
 Nuclear charge:                        29.000000000
 Total charge:                           0.000000000
 Number of electrons:                   29.000000000

 Number of alpha electrons:             15
 Number of beta electrons:              14
 Number of unpaired electrons:           1
 Spin:                                   1
 Multiplicity:                           doublet

 Theory:                                 dft
 Exchange-correlation functional:        0.29 b88 + 0.54 lyp
 Method for Coulomb:                     incore_df
 Method for exact exchange:              pre_transformed_df
 Integral threshold:                     1.00e-12
 DF basis set:                           def2-tzvp-jkfit(spdfghi)
 Number of DF basis functions:         282
 Schwarz screening threshold:            1.00e-10
 Coulomb fitting method:                 Cholesky
 Total number of grid points:        13826
 Method for AO orthogonalization:        symmetric
 Threshold for linear dependence:        1.00e-08
 D3BJ dispersion energy:                -0.000392323

 -------------------------------------
  Running unrestricted open-shell SCF 
 -------------------------------------
 Max number of iterations:             128
 Conv. threshold (gradient):             1.00e-05
 Conv. threshold (energy):               1.00e-06
 Interpolation scheme:                   adiis+cdiis
 Initial guess:                          H0

 ---------------------------------------------------------------
                  energy        change          grad        time
 ---------------------------------------------------------------
   0     -1425.882303444                    1.01e+01        0.03
   1     -1369.464310860      5.64e+01      1.08e+01        0.02
   2     -1466.126535963     -9.67e+01      8.33e+00        0.02
   3     -1502.186878767     -3.61e+01      4.53e+00        0.02
   4     -1501.010988589      1.18e+00      3.98e+00        0.02
   5     -1508.135972142     -7.12e+00      4.11e-01        0.02
   6     -1508.099939028      3.60e-02      5.32e-01        0.02
   7     -1508.175986612     -7.60e-02      5.48e-02        0.02
   8     -1508.177303264     -1.32e-03      9.66e-02        0.02
   9     -1508.178882322     -1.58e-03      2.59e-02        0.02
  10     -1508.179411072     -5.29e-04      2.19e-02        0.02
  11     -1508.179744061     -3.33e-04      1.07e-02        0.02
  12     -1508.179832167     -8.81e-05      8.42e-03        0.02
  13     -1508.179953887     -1.22e-04      6.10e-03        0.02
  14     -1508.180062288     -1.08e-04      3.59e-03        0.02
  15     -1508.180091332     -2.90e-05      2.00e-03        0.02
  16     -1508.180097530     -6.20e-06      8.50e-04        0.02
  17     -1508.180098864     -1.33e-06      5.20e-04        0.02
  18     -1508.180099220     -3.56e-07      2.91e-04        0.02
  19     -1508.180099309     -8.94e-08      7.47e-05        0.02
  20     -1508.180099315     -5.18e-09      1.55e-05        0.02
  21     -1508.180099315     -5.38e-10      3.00e-06        0.02

 SCF converged in 21 iterations.


 --------------------------------
  Double Hybrid MP2 Contribution 
 --------------------------------
 Method:                                 pre_transformed_df
 Density-fitting basis set:              def2-tzvp-ri
 Opposite-spin scale factor:             0.470000000
 Same-spin scale factor:                 0.400000000

 Unrestricted MP2 calculation:           
 Core spatial orbitals:                  5
 Correlated alpha orbitals:             10
 Correlated beta orbitals:               9
 Virtual alpha orbitals:               101
 Virtual beta orbitals:                102

 Reference Energy:                   -1508.180099315
 Opposite spin contribution:            -0.296827873
 Same spin contribution:                -0.125271117
 Total scaled MP2 contribution:         -0.422098991

 Dipole moment (in Debye):               0.000000       0.000000      -3.382743

 Quadrupole moment (in Debye-Angstrom):
                  1            2            3
 1       -14.953701     0.000000     0.000000
 2         0.000000   -14.953701     0.000000
 3         0.000000     0.000000   -16.436836

 Spin-squared expectation <S^2>:         0.803
 Total spin quantum number S:            0.526
 TOTAL ENERGY:                       -1508.602198306

 --------------------------------------------------------------------------------

 End time:                               Wed Jun  2 11:52:26 2021
 Total wall-clock time:                  2.015 seconds
==================================================================================
