
================================================================================
          _____________ ________ _______________ ________     _________         
         / ___________// ______ \\_____   _____// ______ \   / ________)        
        / /_________  / /      \ \     | |     / /      \ \ | (_______          
       |  __________|| |        | |    | |    | |        | | \________ \        
        \ \_________ | |        | |    | |     \ \______/ /___________) |       
         \__________||_|        |_|    |_|      \________//____________/        
                                                                                
====================================[ Qcore ]===================================

 Git hash:   15a3e7daff0cda5fa9af010ccd19a80288182ecf
 Git date:   Fri, 16 Apr 2021 15:57:16 +0100
 Compiler:   GNU 9.1.0
 Build type: Release
 Version:    1.1.0

 Start time: Wed Jun  2 13:55:52 2021

 Data directory: /work/zw18965/.local/qcore/share/entos/1.1.0/data
 Number of threads: 24
 Number of threads was determined by: number of physical cores

 --------------------------------------------------------------------------------
                                   command: dft                                  
 --------------------------------------------------------------------------------
 AO basis set:                           aug-cc-pvtz
 Number of AO basis functions:         139

 Formula:                                FNi
 Nuclear charge:                        37.000000000
 Total charge:                           0.000000000
 Number of electrons:                   37.000000000

 Number of alpha electrons:             19
 Number of beta electrons:              18
 Number of unpaired electrons:           1
 Spin:                                   1
 Multiplicity:                           doublet

 Theory:                                 dft
 Exchange-correlation functional:        b3lyp
 Method for Coulomb:                     incore_df
 Method for exact exchange:              pre_transformed_df
 Integral threshold:                     1.00e-12
 DF basis set:                           def2-tzvp-jkfit(spdfghi)
 Number of DF basis functions:         341
 Schwarz screening threshold:            1.00e-10
 Coulomb fitting method:                 Cholesky
 Total number of grid points:        14748
 Method for AO orthogonalization:        symmetric
 Threshold for linear dependence:        1.00e-08

 -------------------------------------
  Running unrestricted open-shell SCF 
 -------------------------------------
 Max number of iterations:             128
 Conv. threshold (gradient):             1.00e-05
 Conv. threshold (energy):               1.00e-06
 Interpolation scheme:                   adiis+cdiis
 Initial guess:                          H0

 ---------------------------------------------------------------
                  energy        change          grad        time
 ---------------------------------------------------------------
   0     -1398.745360416                    1.63e+01        0.04
   1     -1400.968204215     -2.22e+00      1.09e+01        0.03
   2     -1506.163985865     -1.05e+02      1.45e+01        0.03
   3     -1594.329568864     -8.82e+01      7.05e+00        0.03
   4     -1596.688480605     -2.36e+00      4.47e+00        0.03
   5     -1607.947705895     -1.13e+01      9.03e-01        0.03
   6     -1608.044451957     -9.67e-02      6.04e-01        0.04
   7     -1607.841938697      2.03e-01      1.01e+00        0.03
   8     -1608.124391969     -2.82e-01      2.77e-01        0.03
   9     -1608.079242372      4.51e-02      4.66e-01        0.04
  10     -1608.136459458     -5.72e-02      1.35e-01        0.04
  11     -1608.128949157      7.51e-03      2.11e-01        0.04
  12     -1608.140215079     -1.13e-02      9.22e-02        0.04
  13     -1608.139233324      9.82e-04      9.87e-02        0.04
  14     -1608.142187037     -2.95e-03      1.90e-03        0.03
  15     -1608.142190008     -2.97e-06      1.02e-03        0.03
  16     -1608.142192423     -2.42e-06      9.14e-04        0.03
  17     -1608.142197591     -5.17e-06      7.50e-04        0.03
  18     -1608.142201189     -3.60e-06      5.30e-04        0.03
  19     -1608.142202053     -8.64e-07      3.62e-04        0.03
  20     -1608.142202513     -4.60e-07      2.00e-04        0.03
  21     -1608.142202679     -1.66e-07      9.49e-05        0.03
  22     -1608.142202715     -3.54e-08      1.55e-05        0.03
  23     -1608.142202716     -8.40e-10      3.50e-06        0.02

 SCF converged in 23 iterations.

 Dipole moment (in Debye):               0.000000       0.000000      -4.947250

 Quadrupole moment (in Debye-Angstrom):
                  1            2            3
 1       -17.270476     0.000001    -0.000001
 2         0.000001   -17.270476    -0.000001
 3        -0.000001    -0.000001   -19.962564

 Spin-squared expectation <S^2>:         0.753
 Total spin quantum number S:            0.502
 TOTAL ENERGY:                       -1608.142202716
 Saving results in set 'guess'

 --------------------------------------------------------------------------------
                                   command: dft                                  
 --------------------------------------------------------------------------------
 AO basis set:                           aug-cc-pvtz
 Number of AO basis functions:         139

 Formula:                                FNi
 Nuclear charge:                        37.000000000
 Total charge:                           0.000000000
 Number of electrons:                   37.000000000

 Number of alpha electrons:             19
 Number of beta electrons:              18
 Number of unpaired electrons:           1
 Spin:                                   1
 Multiplicity:                           doublet

 Theory:                                 dft
 Exchange-correlation functional:        0.29 b88 + 0.54 lyp
 Method for Coulomb:                     incore_df
 Method for exact exchange:              pre_transformed_df
 Integral threshold:                     1.00e-12
 DF basis set:                           def2-tzvp-jkfit(spdfghi)
 Number of DF basis functions:         341
 Schwarz screening threshold:            1.00e-10
 Coulomb fitting method:                 Cholesky
 Total number of grid points:        14748
 Method for AO orthogonalization:        symmetric
 Threshold for linear dependence:        1.00e-08
 D3BJ dispersion energy:                -0.000488879

 -------------------------------------
  Running unrestricted open-shell SCF 
 -------------------------------------
 Max number of iterations:             128
 Conv. threshold (gradient):             1.00e-05
 Conv. threshold (energy):               1.00e-06
 Interpolation scheme:                   adiis+cdiis

 ---------------------------------------------------------------
                  energy        change          grad        time
 ---------------------------------------------------------------
   0     -1607.291799578                    2.87e-01        0.03
   1     -1607.309629208     -1.78e-02      7.44e-02        0.02
   2     -1607.307296607      2.33e-03      1.48e-01        0.03
   3     -1607.313070527     -5.77e-03      2.28e-02        0.02
   4     -1607.313263035     -1.93e-04      1.81e-02        0.02
   5     -1607.313390670     -1.28e-04      1.06e-02        0.03
   6     -1607.313455627     -6.50e-05      5.79e-03        0.03
   7     -1607.313470253     -1.46e-05      1.78e-03        0.03
   8     -1607.313472039     -1.79e-06      4.63e-04        0.03
   9     -1607.313472133     -9.34e-08      1.20e-04        0.03
  10     -1607.313472142     -9.13e-09      3.71e-05        0.03
  11     -1607.313472143     -8.00e-10      5.15e-06        0.03

 SCF converged in 11 iterations.


 --------------------------------
  Double Hybrid MP2 Contribution 
 --------------------------------
 Method:                                 pre_transformed_df
 Density-fitting basis set:              def2-tzvp-ri
 Opposite-spin scale factor:             0.470000000
 Same-spin scale factor:                 0.400000000

 Unrestricted MP2 calculation:           
 Core spatial orbitals:                  6
 Correlated alpha orbitals:             13
 Correlated beta orbitals:              12
 Virtual alpha orbitals:               120
 Virtual beta orbitals:                121

 Reference Energy:                   -1607.313472143
 Opposite spin contribution:            -0.384220063
 Same spin contribution:                -0.155212757
 Total scaled MP2 contribution:         -0.539432820

 Dipole moment (in Debye):               0.000000       0.000000      -5.906637

 Quadrupole moment (in Debye-Angstrom):
                  1            2            3
 1       -16.254020    -0.000001    -0.000000
 2        -0.000001   -16.254020    -0.000000
 3        -0.000000    -0.000000   -20.273714

 Spin-squared expectation <S^2>:         0.754
 Total spin quantum number S:            0.502
 TOTAL ENERGY:                       -1607.852904962

 --------------------------------------------------------------------------------

 End time:                               Wed Jun  2 13:55:57 2021
 Total wall-clock time:                  4.939 seconds
==================================================================================
