
================================================================================
          _____________ ________ _______________ ________     _________         
         / ___________// ______ \\_____   _____// ______ \   / ________)        
        / /_________  / /      \ \     | |     / /      \ \ | (_______          
       |  __________|| |        | |    | |    | |        | | \________ \        
        \ \_________ | |        | |    | |     \ \______/ /___________) |       
         \__________||_|        |_|    |_|      \________//____________/        
                                                                                
====================================[ Qcore ]===================================

 Git hash:   15a3e7daff0cda5fa9af010ccd19a80288182ecf
 Git date:   Fri, 16 Apr 2021 15:57:16 +0100
 Compiler:   GNU 9.1.0
 Build type: Release
 Version:    1.1.0

 Start time: Wed Jun  2 11:52:40 2021

 Data directory: /work/zw18965/.local/qcore/share/entos/1.1.0/data
 Number of threads: 24
 Number of threads was determined by: command line argument
  - More threads can be used by running 'qcore -n 32'

 --------------------------------------------------------------------------------
                                   command: dft                                  
 --------------------------------------------------------------------------------
 AO basis set:                           aug-cc-pvtz
 Number of AO basis functions:         143

 Formula:                                SNi
 Nuclear charge:                        44.000000000
 Total charge:                           0.000000000
 Number of electrons:                   44.000000000

 Number of alpha electrons:             23
 Number of beta electrons:              21
 Number of unpaired electrons:           2
 Spin:                                   2
 Multiplicity:                           triplet

 Theory:                                 dft
 Exchange-correlation functional:        0.29 b88 + 0.54 lyp
 Method for Coulomb:                     incore_df
 Method for exact exchange:              pre_transformed_df
 Integral threshold:                     1.00e-12
 DF basis set:                           def2-tzvp-jkfit(spdfghi)
 Number of DF basis functions:         392
 Schwarz screening threshold:            1.00e-10
 Coulomb fitting method:                 Cholesky
 Total number of grid points:        15286
 Method for AO orthogonalization:        symmetric
 Threshold for linear dependence:        1.00e-08
 D3BJ dispersion energy:                -0.002910931

 -------------------------------------
  Running unrestricted open-shell SCF 
 -------------------------------------
 Max number of iterations:             128
 Conv. threshold (gradient):             1.00e-05
 Conv. threshold (energy):               1.00e-06
 Interpolation scheme:                   adiis+cdiis
 Initial guess:                          H0

 ---------------------------------------------------------------
                  energy        change          grad        time
 ---------------------------------------------------------------
   0     -1725.729248645                    2.00e+01        0.05
   1     -1723.480415860      2.25e+00      9.12e+00        0.03
   2     -1619.543078715      1.04e+02      1.81e+01        0.03
   3     -1888.073934130     -2.69e+02      6.77e+00        0.03
   4     -1870.701768133      1.74e+01      7.28e+00        0.03
   5     -1904.950541732     -3.42e+01      1.00e+00        0.03
   6     -1902.889894563      2.06e+00      2.99e+00        0.03
   7     -1905.444455694     -2.55e+00      2.69e-01        0.03
   8     -1905.454338774     -9.88e-03      2.47e-01        0.04
   9     -1905.477476392     -2.31e-02      2.05e-01        0.03
  10     -1905.473126557      4.35e-03      2.37e-01        0.04
  11     -1905.488413811     -1.53e-02      7.03e-02        0.04
  12     -1905.490264655     -1.85e-03      6.13e-02        0.04
  13     -1905.493343219     -3.08e-03      5.87e-02        0.03
  14     -1905.496163909     -2.82e-03      5.08e-02        0.03
  15     -1905.501605761     -5.44e-03      4.31e-02        0.03
  16     -1905.504197429     -2.59e-03      3.67e-02        0.03
  17     -1905.508636747     -4.44e-03      4.85e-02        0.03
  18     -1905.508876012     -2.39e-04      4.04e-02        0.03
  19     -1905.510957982     -2.08e-03      2.45e-02        0.03
  20     -1905.513092088     -2.13e-03      4.44e-02        0.03
  21     -1905.513384567     -2.92e-04      1.98e-02        0.03
  22     -1905.513341247      4.33e-05      3.18e-02        0.04
  23     -1905.513338643      2.60e-06      3.62e-02        0.03
  24     -1905.513203711      1.35e-04      3.49e-02        0.03
  25     -1905.513301221     -9.75e-05      2.45e-02        0.03
  26     -1905.513462735     -1.62e-04      3.22e-02        0.03
  27     -1905.513869998     -4.07e-04      1.28e-02        0.03
  28     -1905.514174804     -3.05e-04      3.60e-02        0.03
  29     -1905.514773755     -5.99e-04      1.78e-02        0.03
  30     -1905.515363824     -5.90e-04      7.27e-03        0.03
  31     -1905.515888236     -5.24e-04      3.54e-02        0.03
  32     -1905.515914097     -2.59e-05      2.45e-02        0.03
  33     -1905.515997322     -8.32e-05      2.81e-02        0.04
  34     -1905.516047454     -5.01e-05      2.17e-02        0.03
  35     -1905.516090851     -4.34e-05      1.09e-02        0.03
  36     -1905.516109714     -1.89e-05      2.09e-03        0.03
  37     -1905.516113015     -3.30e-06      1.13e-03        0.03
  38     -1905.516113226     -2.11e-07      7.53e-04        0.03
  39     -1905.516113313     -8.68e-08      3.47e-04        0.03
  40     -1905.516113338     -2.51e-08      1.02e-04        0.03
  41     -1905.516113344     -6.14e-09      9.46e-05        0.03
  42     -1905.516113354     -9.69e-09      5.25e-05        0.03
  43     -1905.516113358     -4.50e-09      1.38e-05        0.03
  44     -1905.516113358     -1.09e-10      5.77e-06        0.03

 SCF converged in 44 iterations.


 --------------------------------
  Double Hybrid MP2 Contribution 
 --------------------------------
 Method:                                 pre_transformed_df
 Density-fitting basis set:              def2-tzvp-ri
 Opposite-spin scale factor:             0.470000000
 Same-spin scale factor:                 0.400000000

 Unrestricted MP2 calculation:           
 Core spatial orbitals:                 10
 Correlated alpha orbitals:             13
 Correlated beta orbitals:              11
 Virtual alpha orbitals:               120
 Virtual beta orbitals:                122

 Reference Energy:                   -1905.516113358
 Opposite spin contribution:            -0.350625851
 Same spin contribution:                -0.145991200
 Total scaled MP2 contribution:         -0.496617051

 Dipole moment (in Debye):              -0.000000      -0.000000      -5.050450

 Quadrupole moment (in Debye-Angstrom):
                  1            2            3
 1       -25.704759    -0.029239     0.000000
 2        -0.029239   -28.112985     0.000000
 3         0.000000     0.000000   -25.435286

 Spin-squared expectation <S^2>:         2.026
 Total spin quantum number S:            1.009
 TOTAL ENERGY:                       -1906.012730409

 --------------------------------------------------------------------------------

 End time:                               Wed Jun  2 11:52:43 2021
 Total wall-clock time:                  3.294 seconds
==================================================================================
