
================================================================================
          _____________ ________ _______________ ________     _________         
         / ___________// ______ \\_____   _____// ______ \   / ________)        
        / /_________  / /      \ \     | |     / /      \ \ | (_______          
       |  __________|| |        | |    | |    | |        | | \________ \        
        \ \_________ | |        | |    | |     \ \______/ /___________) |       
         \__________||_|        |_|    |_|      \________//____________/        
                                                                                
====================================[ Qcore ]===================================

 Git hash:   15a3e7daff0cda5fa9af010ccd19a80288182ecf
 Git date:   Fri, 16 Apr 2021 15:57:16 +0100
 Compiler:   GNU 9.1.0
 Build type: Release
 Version:    1.1.0

 Start time: Wed Jun  2 11:52:43 2021

 Data directory: /work/zw18965/.local/qcore/share/entos/1.1.0/data
 Number of threads: 24
 Number of threads was determined by: command line argument
  - More threads can be used by running 'qcore -n 32'

 --------------------------------------------------------------------------------
                                   command: dft                                  
 --------------------------------------------------------------------------------
 AO basis set:                           aug-cc-pvtz
 Number of AO basis functions:         116

 Formula:                                HCu
 Nuclear charge:                        30.000000000
 Total charge:                           0.000000000
 Number of electrons:                   30.000000000

 Number of alpha electrons:             15
 Number of beta electrons:              15
 Number of unpaired electrons:           0
 Spin:                                   0
 Multiplicity:                           singlet

 Theory:                                 dft
 Exchange-correlation functional:        0.29 b88 + 0.54 lyp
 Method for Coulomb:                     incore_df
 Method for exact exchange:              pre_transformed_df
 Integral threshold:                     1.00e-12
 DF basis set:                           def2-tzvp-jkfit(spdfghi)
 Number of DF basis functions:         282
 Schwarz screening threshold:            1.00e-10
 Coulomb fitting method:                 Cholesky
 Total number of grid points:        13826
 Method for AO orthogonalization:        symmetric
 Threshold for linear dependence:        1.00e-08
 D3BJ dispersion energy:                -0.000312538

 -------------------------------------
  Running restricted closed-shell SCF 
 -------------------------------------
 Max number of iterations:             128
 Conv. threshold (gradient):             1.00e-05
 Conv. threshold (energy):               1.00e-06
 Interpolation scheme:                   adiis+cdiis
 Initial guess:                          H0

 ---------------------------------------------------------------
                  energy        change          grad        time
 ---------------------------------------------------------------
   0     -1530.737868370                    2.16e+01        0.02
   1     -1479.168064132      5.16e+01      2.16e+01        0.02
   2     -1593.666562731     -1.14e+02      1.57e+01        0.01
   3     -1634.215307121     -4.05e+01      9.84e+00        0.01
   4     -1633.352122816      8.63e-01      8.75e+00        0.01
   5     -1640.328426308     -6.98e+00      4.48e-01        0.01
   6     -1640.320248098      8.18e-03      8.18e-01        0.01
   7     -1640.350455908     -3.02e-02      1.39e-01        0.01
   8     -1640.350299669      1.56e-04      2.60e-01        0.01
   9     -1640.353066343     -2.77e-03      7.15e-02        0.01
  10     -1640.353255258     -1.89e-04      1.26e-01        0.01
  11     -1640.354161360     -9.06e-04      7.66e-03        0.01
  12     -1640.354166381     -5.02e-06      1.73e-03        0.01
  13     -1640.354166865     -4.83e-07      2.54e-04        0.01
  14     -1640.354166886     -2.18e-08      7.86e-05        0.01
  15     -1640.354166887     -9.47e-10      9.39e-06        0.01

 SCF converged in 15 iterations.


 --------------------------------
  Double Hybrid MP2 Contribution 
 --------------------------------
 Method:                                 pre_transformed_df
 Density-fitting basis set:              def2-tzvp-ri
 Opposite-spin scale factor:             0.470000000
 Same-spin scale factor:                 0.400000000

 Restricted MP2 calculation:             
 Core orbitals:                          5
 Correlated orbitals:                   10
 Virtual orbitals:                     101

 Reference Energy:                   -1640.354166887
 Opposite spin contribution:            -0.331540259
 Same spin contribution:                -0.144307283
 Total scaled MP2 contribution:         -0.475847542

 Dipole moment (in Debye):              -0.000000      -0.000000      -3.590561

 Quadrupole moment (in Debye-Angstrom):
                  1            2            3
 1       -14.133661    -0.000000     0.000000
 2        -0.000000   -14.133661     0.000000
 3         0.000000     0.000000   -15.800711

 Spin-squared expectation <S^2>:         0.000
 Total spin quantum number S:            0.000
 TOTAL ENERGY:                       -1640.830014430

 --------------------------------------------------------------------------------

 End time:                               Wed Jun  2 11:52:45 2021
 Total wall-clock time:                  1.791 seconds
==================================================================================
