
================================================================================
          _____________ ________ _______________ ________     _________         
         / ___________// ______ \\_____   _____// ______ \   / ________)        
        / /_________  / /      \ \     | |     / /      \ \ | (_______          
       |  __________|| |        | |    | |    | |        | | \________ \        
        \ \_________ | |        | |    | |     \ \______/ /___________) |       
         \__________||_|        |_|    |_|      \________//____________/        
                                                                                
====================================[ Qcore ]===================================

 Git hash:   15a3e7daff0cda5fa9af010ccd19a80288182ecf
 Git date:   Fri, 16 Apr 2021 15:57:16 +0100
 Compiler:   GNU 9.1.0
 Build type: Release
 Version:    1.1.0

 Start time: Wed Jun  2 11:52:45 2021

 Data directory: /work/zw18965/.local/qcore/share/entos/1.1.0/data
 Number of threads: 24
 Number of threads was determined by: command line argument
  - More threads can be used by running 'qcore -n 32'

 --------------------------------------------------------------------------------
                                   command: dft                                  
 --------------------------------------------------------------------------------
 AO basis set:                           aug-cc-pvtz
 Number of AO basis functions:         139

 Formula:                                FCu
 Nuclear charge:                        38.000000000
 Total charge:                           0.000000000
 Number of electrons:                   38.000000000

 Number of alpha electrons:             19
 Number of beta electrons:              19
 Number of unpaired electrons:           0
 Spin:                                   0
 Multiplicity:                           singlet

 Theory:                                 dft
 Exchange-correlation functional:        0.29 b88 + 0.54 lyp
 Method for Coulomb:                     incore_df
 Method for exact exchange:              pre_transformed_df
 Integral threshold:                     1.00e-12
 DF basis set:                           def2-tzvp-jkfit(spdfghi)
 Number of DF basis functions:         341
 Schwarz screening threshold:            1.00e-10
 Coulomb fitting method:                 Cholesky
 Total number of grid points:        14748
 Method for AO orthogonalization:        symmetric
 Threshold for linear dependence:        1.00e-08
 D3BJ dispersion energy:                -0.000422782

 -------------------------------------
  Running restricted closed-shell SCF 
 -------------------------------------
 Max number of iterations:             128
 Conv. threshold (gradient):             1.00e-05
 Conv. threshold (energy):               1.00e-06
 Interpolation scheme:                   adiis+cdiis
 Initial guess:                          H0

 ---------------------------------------------------------------
                  energy        change          grad        time
 ---------------------------------------------------------------
   0     -1491.551744744                    3.65e+01        0.02
   1     -1510.157205910     -1.86e+01      2.16e+01        0.02
   2     -1628.673132419     -1.19e+02      3.62e+01        0.02
   3     -1732.117919976     -1.03e+02      1.11e+01        0.02
   4     -1729.712645048      2.41e+00      1.05e+01        0.02
   5     -1739.219146887     -9.51e+00      2.08e+00        0.02
   6     -1739.032769382      1.86e-01      2.64e+00        0.02
   7     -1739.474357298     -4.42e-01      3.02e-01        0.02
   8     -1739.477860200     -3.50e-03      1.74e-01        0.02
   9     -1739.478330008     -4.70e-04      2.18e-01        0.02
  10     -1739.480729421     -2.40e-03      1.01e-01        0.02
  11     -1739.480554895      1.75e-04      1.01e-01        0.02
  12     -1739.481423158     -8.68e-04      4.33e-02        0.03
  13     -1739.481488938     -6.58e-05      3.41e-02        0.02
  14     -1739.481692648     -2.04e-04      1.19e-03        0.02
  15     -1739.481692817     -1.69e-07      6.43e-04        0.02
  16     -1739.481692860     -4.29e-08      1.06e-04        0.02
  17     -1739.481692860     -8.28e-10      1.58e-05        0.02
  18     -1739.481692860     -4.50e-11      3.76e-06        0.02

 SCF converged in 18 iterations.


 --------------------------------
  Double Hybrid MP2 Contribution 
 --------------------------------
 Method:                                 pre_transformed_df
 Density-fitting basis set:              def2-tzvp-ri
 Opposite-spin scale factor:             0.470000000
 Same-spin scale factor:                 0.400000000

 Restricted MP2 calculation:             
 Core orbitals:                          6
 Correlated orbitals:                   13
 Virtual orbitals:                     120

 Reference Energy:                   -1739.481692860
 Opposite spin contribution:            -0.420938898
 Same spin contribution:                -0.174154826
 Total scaled MP2 contribution:         -0.595093724

 Dipole moment (in Debye):              -0.000000      -0.000000      -5.951077

 Quadrupole moment (in Debye-Angstrom):
                  1            2            3
 1       -16.133571     0.000000    -0.000000
 2         0.000000   -16.133571    -0.000000
 3        -0.000000    -0.000000   -19.923816

 Spin-squared expectation <S^2>:         0.000
 Total spin quantum number S:            0.000
 TOTAL ENERGY:                       -1740.076786585

 --------------------------------------------------------------------------------

 End time:                               Wed Jun  2 11:52:47 2021
 Total wall-clock time:                  2.146 seconds
==================================================================================
