
================================================================================
          _____________ ________ _______________ ________     _________         
         / ___________// ______ \\_____   _____// ______ \   / ________)        
        / /_________  / /      \ \     | |     / /      \ \ | (_______          
       |  __________|| |        | |    | |    | |        | | \________ \        
        \ \_________ | |        | |    | |     \ \______/ /___________) |       
         \__________||_|        |_|    |_|      \________//____________/        
                                                                                
====================================[ Qcore ]===================================

 Git hash:   15a3e7daff0cda5fa9af010ccd19a80288182ecf
 Git date:   Fri, 16 Apr 2021 15:57:16 +0100
 Compiler:   GNU 9.1.0
 Build type: Release
 Version:    1.1.0

 Start time: Wed Jun  2 11:52:50 2021

 Data directory: /work/zw18965/.local/qcore/share/entos/1.1.0/data
 Number of threads: 24
 Number of threads was determined by: command line argument
  - More threads can be used by running 'qcore -n 32'

 --------------------------------------------------------------------------------
                                   command: dft                                  
 --------------------------------------------------------------------------------
 AO basis set:                           aug-cc-pvtz
 Number of AO basis functions:         152

 Formula:                                CuBr
 Nuclear charge:                        64.000000000
 Total charge:                           0.000000000
 Number of electrons:                   64.000000000

 Number of alpha electrons:             32
 Number of beta electrons:              32
 Number of unpaired electrons:           0
 Spin:                                   0
 Multiplicity:                           singlet

 Theory:                                 dft
 Exchange-correlation functional:        0.29 b88 + 0.54 lyp
 Method for Coulomb:                     incore_df
 Method for exact exchange:              pre_transformed_df
 Integral threshold:                     1.00e-12
 DF basis set:                           def2-tzvp-jkfit(spdfghi)
 Number of DF basis functions:         530
 Schwarz screening threshold:            1.00e-10
 Coulomb fitting method:                 Cholesky
 Total number of grid points:        16100
 Method for AO orthogonalization:        symmetric
 Threshold for linear dependence:        1.00e-08
 D3BJ dispersion energy:                -0.002910726

 -------------------------------------
  Running restricted closed-shell SCF 
 -------------------------------------
 Max number of iterations:             128
 Conv. threshold (gradient):             1.00e-05
 Conv. threshold (energy):               1.00e-06
 Interpolation scheme:                   adiis+cdiis
 Initial guess:                          H0

 ---------------------------------------------------------------
                  energy        change          grad        time
 ---------------------------------------------------------------
   0     -4092.702068589                    5.34e+01        0.04
   1     -4025.950199264      6.68e+01      1.75e+01        0.02
   2     -3875.012446290      1.51e+02      2.93e+01        0.02
   3     -4197.284598957     -3.22e+02      8.79e+00        0.02
   4     -4180.108816320      1.72e+01      1.30e+01        0.02
   5     -4212.605905516     -3.25e+01      2.01e+00        0.02
   6     -4211.490962708      1.11e+00      6.10e+00        0.02
   7     -4213.203372970     -1.71e+00      6.66e-01        0.02
   8     -4213.201868322      1.50e-03      7.59e-01        0.02
   9     -4213.249673920     -4.78e-02      2.93e-01        0.02
  10     -4213.240578543      9.10e-03      4.88e-01        0.02
  11     -4213.255737824     -1.52e-02      8.19e-02        0.02
  12     -4213.255040579      6.97e-04      1.24e-01        0.03
  13     -4213.256182085     -1.14e-03      4.84e-03        0.02
  14     -4213.256185801     -3.72e-06      1.45e-03        0.02
  15     -4213.256186206     -4.05e-07      3.21e-04        0.02
  16     -4213.256186222     -1.55e-08      7.58e-05        0.02
  17     -4213.256186223     -1.24e-09      2.00e-05        0.02
  18     -4213.256186223     -7.37e-11      3.77e-06        0.02

 SCF converged in 18 iterations.


 --------------------------------
  Double Hybrid MP2 Contribution 
 --------------------------------
 Method:                                 pre_transformed_df
 Density-fitting basis set:              def2-tzvp-ri
 Opposite-spin scale factor:             0.470000000
 Same-spin scale factor:                 0.400000000

 Restricted MP2 calculation:             
 Core orbitals:                         14
 Correlated orbitals:                   18
 Virtual orbitals:                     120

 Reference Energy:                   -4213.256186223
 Opposite spin contribution:            -0.400855853
 Same spin contribution:                -0.173302019
 Total scaled MP2 contribution:         -0.574157872

 Dipole moment (in Debye):              -0.000000      -0.000000      -5.873381

 Quadrupole moment (in Debye-Angstrom):
                  1            2            3
 1       -31.431036    -0.000000     0.000000
 2        -0.000000   -31.431037     0.000000
 3         0.000000     0.000000   -24.928287

 Spin-squared expectation <S^2>:         0.000
 Total spin quantum number S:            0.000
 TOTAL ENERGY:                       -4213.830344095

 --------------------------------------------------------------------------------

 End time:                               Wed Jun  2 11:52:53 2021
 Total wall-clock time:                  2.818 seconds
==================================================================================
