
================================================================================
          _____________ ________ _______________ ________     _________         
         / ___________// ______ \\_____   _____// ______ \   / ________)        
        / /_________  / /      \ \     | |     / /      \ \ | (_______          
       |  __________|| |        | |    | |    | |        | | \________ \        
        \ \_________ | |        | |    | |     \ \______/ /___________) |       
         \__________||_|        |_|    |_|      \________//____________/        
                                                                                
====================================[ Qcore ]===================================

 Git hash:   15a3e7daff0cda5fa9af010ccd19a80288182ecf
 Git date:   Fri, 16 Apr 2021 15:57:16 +0100
 Compiler:   GNU 9.1.0
 Build type: Release
 Version:    1.1.0

 Start time: Wed Jun  2 11:52:53 2021

 Data directory: /work/zw18965/.local/qcore/share/entos/1.1.0/data
 Number of threads: 24
 Number of threads was determined by: command line argument
  - More threads can be used by running 'qcore -n 32'

 --------------------------------------------------------------------------------
                                   command: dft                                  
 --------------------------------------------------------------------------------
 AO basis set:                           aug-cc-pvtz
 Number of AO basis functions:         139

 Formula:                                OCu
 Nuclear charge:                        37.000000000
 Total charge:                           0.000000000
 Number of electrons:                   37.000000000

 Number of alpha electrons:             19
 Number of beta electrons:              18
 Number of unpaired electrons:           1
 Spin:                                   1
 Multiplicity:                           doublet

 Theory:                                 dft
 Exchange-correlation functional:        0.29 b88 + 0.54 lyp
 Method for Coulomb:                     incore_df
 Method for exact exchange:              pre_transformed_df
 Integral threshold:                     1.00e-12
 DF basis set:                           def2-tzvp-jkfit(spdfghi)
 Number of DF basis functions:         341
 Schwarz screening threshold:            1.00e-10
 Coulomb fitting method:                 Cholesky
 Total number of grid points:        14880
 Method for AO orthogonalization:        symmetric
 Threshold for linear dependence:        1.00e-08
 D3BJ dispersion energy:                -0.000632409

 -------------------------------------
  Running unrestricted open-shell SCF 
 -------------------------------------
 Max number of iterations:             128
 Conv. threshold (gradient):             1.00e-05
 Conv. threshold (energy):               1.00e-06
 Interpolation scheme:                   adiis+cdiis
 Initial guess:                          H0

 ---------------------------------------------------------------
                  energy        change          grad        time
 ---------------------------------------------------------------
   0     -1495.863839680                    1.74e+01        0.03
   1     -1506.630181415     -1.08e+01      1.00e+01        0.03
   2     -1620.945388091     -1.14e+02      1.84e+01        0.03
   3     -1707.982884435     -8.70e+01      6.42e+00        0.03
   4     -1706.530187886      1.45e+00      5.07e+00        0.03
   5     -1713.890509275     -7.36e+00      1.75e+00        0.03
   6     -1709.011406298      4.88e+00      2.66e+00        0.03
   7     -1714.290246038     -5.28e+00      1.29e+00        0.03
   8     -1714.661255251     -3.71e-01      7.03e-01        0.03
   9     -1714.684710737     -2.35e-02      5.36e-01        0.03
  10     -1714.757616284     -7.29e-02      1.85e-01        0.04
  11     -1714.766035621     -8.42e-03      1.83e-01        0.04
  12     -1714.760815452      5.22e-03      3.78e-01        0.04
  13     -1714.781913465     -2.11e-02      8.44e-02        0.04
  14     -1714.783425558     -1.51e-03      1.62e-01        0.04
  15     -1714.788398870     -4.97e-03      7.31e-03        0.03
  16     -1714.788431813     -3.29e-05      3.06e-03        0.02
  17     -1714.788435664     -3.85e-06      1.45e-03        0.03
  18     -1714.788436814     -1.15e-06      1.14e-03        0.03
  19     -1714.788437280     -4.66e-07      8.77e-04        0.03
  20     -1714.788437650     -3.70e-07      5.79e-04        0.03
  21     -1714.788437862     -2.13e-07      2.73e-04        0.03
  22     -1714.788437960     -9.73e-08      1.22e-04        0.02
  23     -1714.788437978     -1.86e-08      5.44e-05        0.03
  24     -1714.788437981     -2.51e-09      2.58e-05        0.03
  25     -1714.788437981     -4.99e-10      1.31e-05        0.03
  26     -1714.788437981     -8.55e-11      4.08e-06        0.03

 SCF converged in 26 iterations.


 --------------------------------
  Double Hybrid MP2 Contribution 
 --------------------------------
 Method:                                 pre_transformed_df
 Density-fitting basis set:              def2-tzvp-ri
 Opposite-spin scale factor:             0.470000000
 Same-spin scale factor:                 0.400000000

 Unrestricted MP2 calculation:           
 Core spatial orbitals:                  6
 Correlated alpha orbitals:             13
 Correlated beta orbitals:              12
 Virtual alpha orbitals:               120
 Virtual beta orbitals:                121

 Reference Energy:                   -1714.788437981
 Opposite spin contribution:            -0.401129150
 Same spin contribution:                -0.168004312
 Total scaled MP2 contribution:         -0.569133463

 Dipole moment (in Debye):              -0.000000      -0.000000      -5.392462

 Quadrupole moment (in Debye-Angstrom):
                  1            2            3
 1       -17.101595    -0.794910    -0.000000
 2        -0.794910   -17.102089    -0.000000
 3        -0.000000    -0.000000   -20.434393

 Spin-squared expectation <S^2>:         0.770
 Total spin quantum number S:            0.510
 TOTAL ENERGY:                       -1715.357571444

 --------------------------------------------------------------------------------

 End time:                               Wed Jun  2 11:52:55 2021
 Total wall-clock time:                  2.648 seconds
==================================================================================
