
================================================================================
          _____________ ________ _______________ ________     _________         
         / ___________// ______ \\_____   _____// ______ \   / ________)        
        / /_________  / /      \ \     | |     / /      \ \ | (_______          
       |  __________|| |        | |    | |    | |        | | \________ \        
        \ \_________ | |        | |    | |     \ \______/ /___________) |       
         \__________||_|        |_|    |_|      \________//____________/        
                                                                                
====================================[ Qcore ]===================================

 Git hash:   15a3e7daff0cda5fa9af010ccd19a80288182ecf
 Git date:   Fri, 16 Apr 2021 15:57:16 +0100
 Compiler:   GNU 9.1.0
 Build type: Release
 Version:    1.1.0

 Start time: Wed Jun  2 11:52:58 2021

 Data directory: /work/zw18965/.local/qcore/share/entos/1.1.0/data
 Number of threads: 24
 Number of threads was determined by: command line argument
  - More threads can be used by running 'qcore -n 32'

 --------------------------------------------------------------------------------
                                   command: dft                                  
 --------------------------------------------------------------------------------
 AO basis set:                           aug-cc-pvtz
 Number of AO basis functions:         116

 Formula:                                HZn
 Nuclear charge:                        31.000000000
 Total charge:                           0.000000000
 Number of electrons:                   31.000000000

 Number of alpha electrons:             16
 Number of beta electrons:              15
 Number of unpaired electrons:           1
 Spin:                                   1
 Multiplicity:                           doublet

 Theory:                                 dft
 Exchange-correlation functional:        0.29 b88 + 0.54 lyp
 Method for Coulomb:                     incore_df
 Method for exact exchange:              pre_transformed_df
 Integral threshold:                     1.00e-12
 DF basis set:                           def2-tzvp-jkfit(spdfghi)
 Number of DF basis functions:         282
 Schwarz screening threshold:            1.00e-10
 Coulomb fitting method:                 Cholesky
 Total number of grid points:        13826
 Method for AO orthogonalization:        symmetric
 Threshold for linear dependence:        1.00e-08
 D3BJ dispersion energy:                -0.000371291

 -------------------------------------
  Running unrestricted open-shell SCF 
 -------------------------------------
 Max number of iterations:             128
 Conv. threshold (gradient):             1.00e-05
 Conv. threshold (energy):               1.00e-06
 Interpolation scheme:                   adiis+cdiis
 Initial guess:                          H0

 ---------------------------------------------------------------
                  energy        change          grad        time
 ---------------------------------------------------------------
   0     -1641.159391010                    1.21e+01        0.03
   1     -1591.863266105      4.93e+01      1.07e+01        0.02
   2     -1728.009475865     -1.36e+02      1.13e+01        0.02
   3     -1772.470890795     -4.45e+01      5.42e+00        0.02
   4     -1772.323036308      1.48e-01      4.34e+00        0.02
   5     -1779.201271623     -6.88e+00      2.44e-01        0.02
   6     -1779.214263575     -1.30e-02      1.91e-01        0.02
   7     -1779.212363667      1.90e-03      1.62e-01        0.02
   8     -1779.220811882     -8.45e-03      2.58e-02        0.02
   9     -1779.221088118     -2.76e-04      1.30e-02        0.02
  10     -1779.221242824     -1.55e-04      4.92e-03        0.02
  11     -1779.221268241     -2.54e-05      1.84e-03        0.02
  12     -1779.221271819     -3.58e-06      3.54e-04        0.02
  13     -1779.221271928     -1.08e-07      5.33e-05        0.02
  14     -1779.221271929     -1.59e-09      1.32e-05        0.02
  15     -1779.221271929     -8.91e-11      2.53e-06        0.02

 SCF converged in 15 iterations.


 --------------------------------
  Double Hybrid MP2 Contribution 
 --------------------------------
 Method:                                 pre_transformed_df
 Density-fitting basis set:              def2-tzvp-ri
 Opposite-spin scale factor:             0.470000000
 Same-spin scale factor:                 0.400000000

 Unrestricted MP2 calculation:           
 Core spatial orbitals:                  5
 Correlated alpha orbitals:             11
 Correlated beta orbitals:              10
 Virtual alpha orbitals:               100
 Virtual beta orbitals:                101

 Reference Energy:                   -1779.221271929
 Opposite spin contribution:            -0.310439181
 Same spin contribution:                -0.133306855
 Total scaled MP2 contribution:         -0.443746036

 Dipole moment (in Debye):               0.000000       0.000000      -0.728025

 Quadrupole moment (in Debye-Angstrom):
                  1            2            3
 1       -15.025974    -0.000000    -0.000000
 2        -0.000000   -15.025974    -0.000000
 3        -0.000000    -0.000000   -20.640712

 Spin-squared expectation <S^2>:         0.763
 Total spin quantum number S:            0.506
 TOTAL ENERGY:                       -1779.665017966

 --------------------------------------------------------------------------------

 End time:                               Wed Jun  2 11:53:00 2021
 Total wall-clock time:                  2.067 seconds
==================================================================================
