
================================================================================
          _____________ ________ _______________ ________     _________         
         / ___________// ______ \\_____   _____// ______ \   / ________)        
        / /_________  / /      \ \     | |     / /      \ \ | (_______          
       |  __________|| |        | |    | |    | |        | | \________ \        
        \ \_________ | |        | |    | |     \ \______/ /___________) |       
         \__________||_|        |_|    |_|      \________//____________/        
                                                                                
====================================[ Qcore ]===================================

 Git hash:   15a3e7daff0cda5fa9af010ccd19a80288182ecf
 Git date:   Fri, 16 Apr 2021 15:57:16 +0100
 Compiler:   GNU 9.1.0
 Build type: Release
 Version:    1.1.0

 Start time: Wed Jun  2 11:53:04 2021

 Data directory: /work/zw18965/.local/qcore/share/entos/1.1.0/data
 Number of threads: 24
 Number of threads was determined by: command line argument
  - More threads can be used by running 'qcore -n 32'

 --------------------------------------------------------------------------------
                                   command: dft                                  
 --------------------------------------------------------------------------------
 AO basis set:                           aug-cc-pvtz
 Number of AO basis functions:         143

 Formula:                                ClZn
 Nuclear charge:                        47.000000000
 Total charge:                           0.000000000
 Number of electrons:                   47.000000000

 Number of alpha electrons:             24
 Number of beta electrons:              23
 Number of unpaired electrons:           1
 Spin:                                   1
 Multiplicity:                           doublet

 Theory:                                 dft
 Exchange-correlation functional:        0.29 b88 + 0.54 lyp
 Method for Coulomb:                     incore_df
 Method for exact exchange:              pre_transformed_df
 Integral threshold:                     1.00e-12
 DF basis set:                           def2-tzvp-jkfit(spdfghi)
 Number of DF basis functions:         392
 Schwarz screening threshold:            1.00e-10
 Coulomb fitting method:                 Cholesky
 Total number of grid points:        15430
 Method for AO orthogonalization:        symmetric
 Threshold for linear dependence:        1.00e-08
 D3BJ dispersion energy:                -0.002133713

 -------------------------------------
  Running unrestricted open-shell SCF 
 -------------------------------------
 Max number of iterations:             128
 Conv. threshold (gradient):             1.00e-05
 Conv. threshold (energy):               1.00e-06
 Interpolation scheme:                   adiis+cdiis
 Initial guess:                          H0

 ---------------------------------------------------------------
                  energy        change          grad        time
 ---------------------------------------------------------------
   0     -1956.638180246                    2.18e+01        0.05
   1     -1979.504332863     -2.29e+01      1.07e+01        0.03
   2     -1867.793119552      1.12e+02      2.37e+01        0.03
   3     -2217.586240516     -3.50e+02      8.05e+00        0.03
   4     -2174.608892052      4.30e+01      6.92e+00        0.03
   5     -2238.051305009     -6.34e+01      9.84e-01        0.03
   6     -2238.150593410     -9.93e-02      8.20e-01        0.03
   7     -2238.590347280     -4.40e-01      2.86e-01        0.03
   8     -2238.571525038      1.88e-02      3.80e-01        0.04
   9     -2238.615768076     -4.42e-02      4.04e-02        0.04
  10     -2238.615778153     -1.01e-05      4.37e-02        0.04
  11     -2238.616412814     -6.35e-04      1.94e-03        0.03
  12     -2238.616416260     -3.45e-06      7.85e-04        0.03
  13     -2238.616416715     -4.55e-07      1.43e-04        0.03
  14     -2238.616416737     -2.13e-08      5.80e-05        0.03
  15     -2238.616416739     -2.81e-09      2.13e-05        0.03
  16     -2238.616416740     -4.28e-10      4.75e-06        0.03

 SCF converged in 16 iterations.


 --------------------------------
  Double Hybrid MP2 Contribution 
 --------------------------------
 Method:                                 pre_transformed_df
 Density-fitting basis set:              def2-tzvp-ri
 Opposite-spin scale factor:             0.470000000
 Same-spin scale factor:                 0.400000000

 Unrestricted MP2 calculation:           
 Core spatial orbitals:                 10
 Correlated alpha orbitals:             14
 Correlated beta orbitals:              13
 Virtual alpha orbitals:               119
 Virtual beta orbitals:                120

 Reference Energy:                   -2238.616416740
 Opposite spin contribution:            -0.375395133
 Same spin contribution:                -0.155635175
 Total scaled MP2 contribution:         -0.531030308

 Dipole moment (in Debye):              -0.000000      -0.000000      -3.156794

 Quadrupole moment (in Debye-Angstrom):
                  1            2            3
 1       -26.477205    -0.000000     0.000000
 2        -0.000000   -26.477205     0.000000
 3         0.000000     0.000000   -30.991615

 Spin-squared expectation <S^2>:         0.754
 Total spin quantum number S:            0.502
 TOTAL ENERGY:                       -2239.147447048

 --------------------------------------------------------------------------------

 End time:                               Wed Jun  2 11:53:06 2021
 Total wall-clock time:                  2.862 seconds
==================================================================================
