
================================================================================
          _____________ ________ _______________ ________     _________         
         / ___________// ______ \\_____   _____// ______ \   / ________)        
        / /_________  / /      \ \     | |     / /      \ \ | (_______          
       |  __________|| |        | |    | |    | |        | | \________ \        
        \ \_________ | |        | |    | |     \ \______/ /___________) |       
         \__________||_|        |_|    |_|      \________//____________/        
                                                                                
====================================[ Qcore ]===================================

 Git hash:   15a3e7daff0cda5fa9af010ccd19a80288182ecf
 Git date:   Fri, 16 Apr 2021 15:57:16 +0100
 Compiler:   GNU 9.1.0
 Build type: Release
 Version:    1.1.0

 Start time: Wed Jun  2 11:53:10 2021

 Data directory: /work/zw18965/.local/qcore/share/entos/1.1.0/data
 Number of threads: 24
 Number of threads was determined by: command line argument
  - More threads can be used by running 'qcore -n 32'

 --------------------------------------------------------------------------------
                                   command: dft                                  
 --------------------------------------------------------------------------------
 AO basis set:                           aug-cc-pvtz
 Number of AO basis functions:         139

 Formula:                                OZn
 Nuclear charge:                        38.000000000
 Total charge:                           0.000000000
 Number of electrons:                   38.000000000

 Number of alpha electrons:             19
 Number of beta electrons:              19
 Number of unpaired electrons:           0
 Spin:                                   0
 Multiplicity:                           singlet

 Theory:                                 dft
 Exchange-correlation functional:        0.29 b88 + 0.54 lyp
 Method for Coulomb:                     incore_df
 Method for exact exchange:              pre_transformed_df
 Integral threshold:                     1.00e-12
 DF basis set:                           def2-tzvp-jkfit(spdfghi)
 Number of DF basis functions:         341
 Schwarz screening threshold:            1.00e-10
 Coulomb fitting method:                 Cholesky
 Total number of grid points:        14880
 Method for AO orthogonalization:        symmetric
 Threshold for linear dependence:        1.00e-08
 D3BJ dispersion energy:                -0.000692810

 -------------------------------------
  Running restricted closed-shell SCF 
 -------------------------------------
 Max number of iterations:             128
 Conv. threshold (gradient):             1.00e-05
 Conv. threshold (energy):               1.00e-06
 Interpolation scheme:                   adiis+cdiis
 Initial guess:                          H0

 ---------------------------------------------------------------
                  energy        change          grad        time
 ---------------------------------------------------------------
   0     -1598.280823156                    4.16e+01        0.03
   1     -1619.333867714     -2.11e+01      2.22e+01        0.02
   2     -1750.859165333     -1.32e+02      4.16e+01        0.02
   3     -1847.318260259     -9.65e+01      1.16e+01        0.02
   4     -1848.738949436     -1.42e+00      8.60e+00        0.02
   5     -1852.908230629     -4.17e+00      3.35e+00        0.02
   6     -1851.053407868      1.85e+00      3.70e+00        0.02
   7     -1853.467346658     -2.41e+00      1.54e+00        0.02
   8     -1853.494899661     -2.76e-02      1.41e+00        0.02
   9     -1853.598133484     -1.03e-01      5.77e-01        0.02
  10     -1853.537371312      6.08e-02      1.01e+00        0.02
  11     -1853.616530189     -7.92e-02      2.36e-01        0.02
  12     -1853.619020528     -2.49e-03      1.59e-01        0.02
  13     -1853.620864598     -1.84e-03      3.46e-02        0.02
  14     -1853.620715119      1.49e-04      5.86e-02        0.02
  15     -1853.620989634     -2.75e-04      4.14e-04        0.02
  16     -1853.620989671     -3.76e-08      2.76e-04        0.02
  17     -1853.620989685     -1.36e-08      7.09e-05        0.02
  18     -1853.620989687     -1.71e-09      1.47e-05        0.02
  19     -1853.620989687     -4.77e-11      2.50e-06        0.02

 SCF converged in 19 iterations.


 --------------------------------
  Double Hybrid MP2 Contribution 
 --------------------------------
 Method:                                 pre_transformed_df
 Density-fitting basis set:              def2-tzvp-ri
 Opposite-spin scale factor:             0.470000000
 Same-spin scale factor:                 0.400000000

 Restricted MP2 calculation:             
 Core orbitals:                          6
 Correlated orbitals:                   13
 Virtual orbitals:                     120

 Reference Energy:                   -1853.620989687
 Opposite spin contribution:            -0.425524887
 Same spin contribution:                -0.172434456
 Total scaled MP2 contribution:         -0.597959343

 Dipole moment (in Debye):               0.000000       0.000000      -6.759436

 Quadrupole moment (in Debye-Angstrom):
                  1            2            3
 1       -18.622840    -0.000000    -0.000000
 2        -0.000000   -18.622840    -0.000000
 3        -0.000000    -0.000000   -21.901962

 Spin-squared expectation <S^2>:         0.000
 Total spin quantum number S:            0.000
 TOTAL ENERGY:                       -1854.218949029

 --------------------------------------------------------------------------------

 End time:                               Wed Jun  2 11:53:13 2021
 Total wall-clock time:                  2.757 seconds
==================================================================================
