
================================================================================
          _____________ ________ _______________ ________     _________         
         / ___________// ______ \\_____   _____// ______ \   / ________)        
        / /_________  / /      \ \     | |     / /      \ \ | (_______          
       |  __________|| |        | |    | |    | |        | | \________ \        
        \ \_________ | |        | |    | |     \ \______/ /___________) |       
         \__________||_|        |_|    |_|      \________//____________/        
                                                                                
====================================[ Qcore ]===================================

 Git hash:   15a3e7daff0cda5fa9af010ccd19a80288182ecf
 Git date:   Fri, 16 Apr 2021 15:57:16 +0100
 Compiler:   GNU 9.1.0
 Build type: Release
 Version:    1.1.0

 Start time: Wed Jun  2 11:53:17 2021

 Data directory: /work/zw18965/.local/qcore/share/entos/1.1.0/data
 Number of threads: 24
 Number of threads was determined by: command line argument
  - More threads can be used by running 'qcore -n 32'

 --------------------------------------------------------------------------------
                                   command: dft                                  
 --------------------------------------------------------------------------------
 AO basis set:                           aug-cc-pvtz
 Number of AO basis functions:          93

 Formula:                                Ti
 Nuclear charge:                        22.000000000
 Total charge:                           0.000000000
 Number of electrons:                   22.000000000

 Number of alpha electrons:             12
 Number of beta electrons:              10
 Number of unpaired electrons:           2
 Spin:                                   2
 Multiplicity:                           triplet

 Theory:                                 dft
 Exchange-correlation functional:        0.29 b88 + 0.54 lyp
 Method for Coulomb:                     incore_df
 Method for exact exchange:              pre_transformed_df
 Integral threshold:                     1.00e-12
 DF basis set:                           def2-tzvp-jkfit(spdfghi)
 Number of DF basis functions:         264
 Schwarz screening threshold:            1.00e-10
 Coulomb fitting method:                 Cholesky
 Total number of grid points:         7792
 Method for AO orthogonalization:        symmetric
 Threshold for linear dependence:        1.00e-08
 D3BJ dispersion energy:                 0.000000000

 -------------------------------------
  Running unrestricted open-shell SCF 
 -------------------------------------
 Max number of iterations:             128
 Conv. threshold (gradient):             1.00e-05
 Conv. threshold (energy):               1.00e-06
 Interpolation scheme:                   adiis+cdiis
 Initial guess:                          H0

 ---------------------------------------------------------------
                  energy        change          grad        time
 ---------------------------------------------------------------
   0      -832.645641812                    3.96e+00        0.02
   1      -817.850221306      1.48e+01      5.84e+00        0.01
   2      -841.364470245     -2.35e+01      2.80e+00        0.01
   3      -847.128807385     -5.76e+00      1.58e+00        0.01
   4      -847.547449728     -4.19e-01      1.42e+00        0.01
   5      -848.861804256     -1.31e+00      3.40e-01        0.01
   6      -848.897071942     -3.53e-02      1.64e-01        0.01
   7      -848.907243761     -1.02e-02      1.08e-01        0.01
   8      -848.911474140     -4.23e-03      5.31e-02        0.01
   9      -848.913114367     -1.64e-03      3.90e-02        0.01
  10      -848.915283708     -2.17e-03      2.17e-02        0.01
  11      -848.915771721     -4.88e-04      1.80e-02        0.01
  12      -848.916251529     -4.80e-04      1.70e-02        0.01
  13      -848.916459163     -2.08e-04      1.67e-02        0.01
  14      -848.916009043      4.50e-04      1.66e-02        0.01
  15      -848.914789302      1.22e-03      1.09e-02        0.01
  16      -848.914536520      2.53e-04      5.61e-03        0.01
  17      -848.914487796      4.87e-05      3.07e-03        0.02
  18      -848.914512235     -2.44e-05      2.87e-03        0.01
  19      -848.914516493     -4.26e-06      1.75e-03        0.01
  20      -848.914520307     -3.81e-06      7.33e-04        0.01
  21      -848.914521446     -1.14e-06      4.72e-04        0.01
  22      -848.914521602     -1.57e-07      2.21e-04        0.01
  23      -848.914521744     -1.42e-07      1.59e-04        0.01
  24      -848.914521835     -9.12e-08      1.46e-04        0.01
  25      -848.914521890     -5.52e-08      1.33e-04        0.01
  26      -848.914521882      8.74e-09      1.32e-04        0.01
  27      -848.914521805      7.62e-08      1.08e-04        0.01
  28      -848.914521783      2.22e-08      6.90e-05        0.01
  29      -848.914521787     -4.18e-09      5.10e-05        0.01
  30      -848.914521785      2.28e-09      2.84e-05        0.01
  31      -848.914521782      3.22e-09      1.10e-05        0.01
  32      -848.914521782      3.88e-11      5.92e-06        0.01

 SCF converged in 32 iterations.


 --------------------------------
  Double Hybrid MP2 Contribution 
 --------------------------------
 Method:                                 pre_transformed_df
 Density-fitting basis set:              def2-tzvp-ri
 Opposite-spin scale factor:             0.470000000
 Same-spin scale factor:                 0.400000000

 Unrestricted MP2 calculation:           
 Core spatial orbitals:                  5
 Correlated alpha orbitals:              7
 Correlated beta orbitals:               5
 Virtual alpha orbitals:                81
 Virtual beta orbitals:                 83

 Reference Energy:                    -848.914521782
 Opposite spin contribution:            -0.113110007
 Same spin contribution:                -0.038461942
 Total scaled MP2 contribution:         -0.151571949

 Dipole moment (in Debye):               0.000003       0.000001      -0.000000

 Quadrupole moment (in Debye-Angstrom):
                  1            2            3
 1       -21.852909    -0.023746    -0.062330
 2        -0.023746   -21.858008    -0.069362
 3        -0.062330    -0.069362   -22.013278

 Spin-squared expectation <S^2>:         2.006
 Total spin quantum number S:            1.002
 TOTAL ENERGY:                        -849.066093731

 --------------------------------------------------------------------------------

 End time:                               Wed Jun  2 11:53:19 2021
 Total wall-clock time:                  1.782 seconds
==================================================================================
