
================================================================================
          _____________ ________ _______________ ________     _________         
         / ___________// ______ \\_____   _____// ______ \   / ________)        
        / /_________  / /      \ \     | |     / /      \ \ | (_______          
       |  __________|| |        | |    | |    | |        | | \________ \        
        \ \_________ | |        | |    | |     \ \______/ /___________) |       
         \__________||_|        |_|    |_|      \________//____________/        
                                                                                
====================================[ Qcore ]===================================

 Git hash:   15a3e7daff0cda5fa9af010ccd19a80288182ecf
 Git date:   Fri, 16 Apr 2021 15:57:16 +0100
 Compiler:   GNU 9.1.0
 Build type: Release
 Version:    1.1.0

 Start time: Wed Jun  2 11:53:29 2021

 Data directory: /work/zw18965/.local/qcore/share/entos/1.1.0/data
 Number of threads: 24
 Number of threads was determined by: command line argument
  - More threads can be used by running 'qcore -n 32'

 --------------------------------------------------------------------------------
                                   command: dft                                  
 --------------------------------------------------------------------------------
 AO basis set:                           aug-cc-pvtz
 Number of AO basis functions:          93

 Formula:                                Ni
 Nuclear charge:                        28.000000000
 Total charge:                           0.000000000
 Number of electrons:                   28.000000000

 Number of alpha electrons:             15
 Number of beta electrons:              13
 Number of unpaired electrons:           2
 Spin:                                   2
 Multiplicity:                           triplet

 Theory:                                 dft
 Exchange-correlation functional:        0.29 b88 + 0.54 lyp
 Method for Coulomb:                     incore_df
 Method for exact exchange:              pre_transformed_df
 Integral threshold:                     1.00e-12
 DF basis set:                           def2-tzvp-jkfit(spdfghi)
 Number of DF basis functions:         264
 Schwarz screening threshold:            1.00e-10
 Coulomb fitting method:                 Cholesky
 Total number of grid points:         7936
 Method for AO orthogonalization:        symmetric
 Threshold for linear dependence:        1.00e-08
 D3BJ dispersion energy:                 0.000000000

 -------------------------------------
  Running unrestricted open-shell SCF 
 -------------------------------------
 Max number of iterations:             128
 Conv. threshold (gradient):             1.00e-05
 Conv. threshold (energy):               1.00e-06
 Interpolation scheme:                   adiis+cdiis
 Initial guess:                          H0

 ---------------------------------------------------------------
                  energy        change          grad        time
 ---------------------------------------------------------------
   0     -1432.887942771                    8.58e+00        0.02
   1     -1389.962672948      4.29e+01      1.25e+01        0.01
   2     -1475.153621378     -8.52e+01      6.56e+00        0.01
   3     -1503.570041024     -2.84e+01      3.56e+00        0.01
   4     -1502.671857809      8.98e-01      3.52e+00        0.01
   5     -1507.610493394     -4.94e+00      2.07e-01        0.01
   6     -1507.615269321     -4.78e-03      2.61e-01        0.01
   7     -1507.628327120     -1.31e-02      8.06e-02        0.01
   8     -1507.628828209     -5.01e-04      1.05e-01        0.01
   9     -1507.631561001     -2.73e-03      1.10e-02        0.01
  10     -1507.631827964     -2.67e-04      4.97e-03        0.01
  11     -1507.631904382     -7.64e-05      1.36e-03        0.01
  12     -1507.631907594     -3.21e-06      2.56e-04        0.01
  13     -1507.631907633     -3.91e-08      1.91e-04        0.01
  14     -1507.631907672     -3.85e-08      1.53e-04        0.01
  15     -1507.631907746     -7.41e-08      7.25e-05        0.01
  16     -1507.631907757     -1.07e-08      1.18e-05        0.01
  17     -1507.631907757     -8.28e-11      2.80e-06        0.01

 SCF converged in 17 iterations.


 --------------------------------
  Double Hybrid MP2 Contribution 
 --------------------------------
 Method:                                 pre_transformed_df
 Density-fitting basis set:              def2-tzvp-ri
 Opposite-spin scale factor:             0.470000000
 Same-spin scale factor:                 0.400000000

 Unrestricted MP2 calculation:           
 Core spatial orbitals:                  5
 Correlated alpha orbitals:             10
 Correlated beta orbitals:               8
 Virtual alpha orbitals:                78
 Virtual beta orbitals:                 80

 Reference Energy:                   -1507.631907757
 Opposite spin contribution:            -0.242610946
 Same spin contribution:                -0.099157448
 Total scaled MP2 contribution:         -0.341768394

 Dipole moment (in Debye):              -0.000000      -0.000000       0.000000

 Quadrupole moment (in Debye-Angstrom):
                  1            2            3
 1       -16.586317    -0.000065     0.000030
 2        -0.000065   -16.586223    -0.000056
 3         0.000030    -0.000056   -16.586276

 Spin-squared expectation <S^2>:         2.004
 Total spin quantum number S:            1.001
 TOTAL ENERGY:                       -1507.973676151

 --------------------------------------------------------------------------------

 End time:                               Wed Jun  2 11:53:30 2021
 Total wall-clock time:                  1.615 seconds
==================================================================================
