
================================================================================
          _____________ ________ _______________ ________     _________         
         / ___________// ______ \\_____   _____// ______ \   / ________)        
        / /_________  / /      \ \     | |     / /      \ \ | (_______          
       |  __________|| |        | |    | |    | |        | | \________ \        
        \ \_________ | |        | |    | |     \ \______/ /___________) |       
         \__________||_|        |_|    |_|      \________//____________/        
                                                                                
====================================[ Qcore ]===================================

 Git hash:   15a3e7daff0cda5fa9af010ccd19a80288182ecf
 Git date:   Fri, 16 Apr 2021 15:57:16 +0100
 Compiler:   GNU 9.1.0
 Build type: Release
 Version:    1.1.0

 Start time: Wed Jun  2 11:53:36 2021

 Data directory: /work/zw18965/.local/qcore/share/entos/1.1.0/data
 Number of threads: 24
 Number of threads was determined by: command line argument
  - More threads can be used by running 'qcore -n 32'

 --------------------------------------------------------------------------------
                                   command: dft                                  
 --------------------------------------------------------------------------------
 AO basis set:                           aug-cc-pvtz
 Number of AO basis functions:          46

 Formula:                                O
 Nuclear charge:                         8.000000000
 Total charge:                           0.000000000
 Number of electrons:                    8.000000000

 Number of alpha electrons:              5
 Number of beta electrons:               3
 Number of unpaired electrons:           2
 Spin:                                   2
 Multiplicity:                           triplet

 Theory:                                 dft
 Exchange-correlation functional:        0.29 b88 + 0.54 lyp
 Method for Coulomb:                     incore_df
 Method for exact exchange:              pre_transformed_df
 Integral threshold:                     1.00e-12
 DF basis set:                           def2-tzvp-jkfit(spdfghi)
 Number of DF basis functions:          77
 Schwarz screening threshold:            1.00e-10
 Coulomb fitting method:                 Cholesky
 Total number of grid points:         6944
 Method for AO orthogonalization:        symmetric
 Threshold for linear dependence:        1.00e-08
 D3BJ dispersion energy:                 0.000000000

 -------------------------------------
  Running unrestricted open-shell SCF 
 -------------------------------------
 Max number of iterations:             128
 Conv. threshold (gradient):             1.00e-05
 Conv. threshold (energy):               1.00e-06
 Interpolation scheme:                   adiis+cdiis
 Initial guess:                          SAD

 ---------------------------------------------------------------
                  energy        change          grad        time
 ---------------------------------------------------------------
   0       -74.542123632                    3.24e-02        0.00
   1       -74.937442208     -3.95e-01      1.55e-01        0.01
   2       -74.951512085     -1.41e-02      8.76e-02        0.01
   3       -74.953419223     -1.91e-03      2.54e-02        0.01
   4       -74.953831834     -4.13e-04      4.71e-03        0.01
   5       -74.953858693     -2.69e-05      1.17e-03        0.01
   6       -74.953859842     -1.15e-06      1.93e-04        0.01
   7       -74.953859876     -3.32e-08      2.14e-05        0.00
   8       -74.953859876     -4.25e-10      1.58e-06        0.00

 SCF converged in 8 iterations.


 --------------------------------
  Double Hybrid MP2 Contribution 
 --------------------------------
 Method:                                 pre_transformed_df
 Density-fitting basis set:              def2-tzvp-ri
 Opposite-spin scale factor:             0.470000000
 Same-spin scale factor:                 0.400000000

 Unrestricted MP2 calculation:           
 Core spatial orbitals:                  1
 Correlated alpha orbitals:              4
 Correlated beta orbitals:               2
 Virtual alpha orbitals:                41
 Virtual beta orbitals:                 43

 Reference Energy:                     -74.953859876
 Opposite spin contribution:            -0.056839190
 Same spin contribution:                -0.015964714
 Total scaled MP2 contribution:         -0.072803904

 Dipole moment (in Debye):              -0.000000      -0.000000      -0.000000

 Quadrupole moment (in Debye-Angstrom):
                  1            2            3
 1        -4.661732    -0.000000    -0.000000
 2        -0.000000    -5.939029    -0.000000
 3        -0.000000    -0.000000    -4.661732

 Spin-squared expectation <S^2>:         2.007
 Total spin quantum number S:            1.002
 TOTAL ENERGY:                         -75.026663780

 --------------------------------------------------------------------------------

 End time:                               Wed Jun  2 11:53:37 2021
 Total wall-clock time:                  0.299 seconds
==================================================================================
