
================================================================================
          _____________ ________ _______________ ________     _________         
         / ___________// ______ \\_____   _____// ______ \   / ________)        
        / /_________  / /      \ \     | |     / /      \ \ | (_______          
       |  __________|| |        | |    | |    | |        | | \________ \        
        \ \_________ | |        | |    | |     \ \______/ /___________) |       
         \__________||_|        |_|    |_|      \________//____________/        
                                                                                
====================================[ Qcore ]===================================

 Git hash:   15a3e7daff0cda5fa9af010ccd19a80288182ecf
 Git date:   Fri, 16 Apr 2021 15:57:16 +0100
 Compiler:   GNU 9.1.0
 Build type: Release
 Version:    1.1.0

 Start time: Wed Jun  2 11:49:55 2021

 Data directory: /work/zw18965/.local/qcore/share/entos/1.1.0/data
 Number of threads: 24
 Number of threads was determined by: command line argument
  - More threads can be used by running 'qcore -n 32'

 --------------------------------------------------------------------------------
                                   command: dft                                  
 --------------------------------------------------------------------------------
 AO basis set:                           aug-cc-pvtz
 Number of AO basis functions:         116

 Formula:                                HSc
 Nuclear charge:                        22.000000000
 Total charge:                           0.000000000
 Number of electrons:                   22.000000000

 Number of alpha electrons:             11
 Number of beta electrons:              11
 Number of unpaired electrons:           0
 Spin:                                   0
 Multiplicity:                           singlet

 Theory:                                 dft
 Exchange-correlation functional:        camb3lyp

 Using range separated hybrid functional
 Range separation parameter:             0.330000000
 Short range exact exchange:             0.190000000
 Total long range exact exchange:        0.650000000

 Method for Coulomb:                     incore_df
 Method for exact exchange:              pre_transformed_df
 Integral threshold:                     1.00e-12
 DF basis set:                           def2-tzvp-jkfit(spdfghi)
 Number of DF basis functions:         282
 Schwarz screening threshold:            1.00e-10
 Coulomb fitting method:                 Cholesky
 Total number of grid points:        13742
 Method for AO orthogonalization:        symmetric
 Threshold for linear dependence:        1.00e-08
 D3BJ dispersion energy:                -0.000397799

 -------------------------------------
  Running restricted closed-shell SCF 
 -------------------------------------
 Max number of iterations:             128
 Conv. threshold (gradient):             1.00e-05
 Conv. threshold (energy):               1.00e-06
 Interpolation scheme:                   adiis+cdiis
 Initial guess:                          SAD

 ---------------------------------------------------------------
                  energy        change          grad        time
 ---------------------------------------------------------------
   0      -761.091559365                    2.25e+00        0.02
   1      -761.178321821     -8.68e-02      7.61e-01        0.01
   2      -761.189484166     -1.12e-02      7.56e-01        0.01
   3      -761.236138528     -4.67e-02      1.60e-01        0.01
   4      -761.236955257     -8.17e-04      1.22e-01        0.01
   5      -761.238480922     -1.53e-03      4.68e-02        0.01
   6      -761.238584243     -1.03e-04      3.34e-02        0.01
   7      -761.238745689     -1.61e-04      1.25e-03        0.01
   8      -761.238746489     -8.00e-07      2.84e-04        0.01
   9      -761.238746531     -4.23e-08      7.26e-05        0.01
  10      -761.238746533     -1.44e-09      1.10e-05        0.01
  11      -761.238746533     -2.44e-11      1.44e-06        0.01

 SCF converged in 11 iterations.

 Dipole moment (in Debye):              -0.000000      -0.000000      -2.110764

 Quadrupole moment (in Debye-Angstrom):
                  1            2            3
 1       -22.707176    -0.000000     0.000001
 2        -0.000000   -22.707176     0.000001
 3         0.000001     0.000001   -24.126675

 Spin-squared expectation <S^2>:         0.000
 Total spin quantum number S:            0.000
 TOTAL ENERGY:                        -761.238746533

 --------------------------------------------------------------------------------

 End time:                               Wed Jun  2 11:49:58 2021
 Total wall-clock time:                  3.394 seconds
==================================================================================
