
================================================================================
          _____________ ________ _______________ ________     _________         
         / ___________// ______ \\_____   _____// ______ \   / ________)        
        / /_________  / /      \ \     | |     / /      \ \ | (_______          
       |  __________|| |        | |    | |    | |        | | \________ \        
        \ \_________ | |        | |    | |     \ \______/ /___________) |       
         \__________||_|        |_|    |_|      \________//____________/        
                                                                                
====================================[ Qcore ]===================================

 Git hash:   15a3e7daff0cda5fa9af010ccd19a80288182ecf
 Git date:   Fri, 16 Apr 2021 15:57:16 +0100
 Compiler:   GNU 9.1.0
 Build type: Release
 Version:    1.1.0

 Start time: Wed Jun  2 11:50:06 2021

 Data directory: /work/zw18965/.local/qcore/share/entos/1.1.0/data
 Number of threads: 24
 Number of threads was determined by: command line argument
  - More threads can be used by running 'qcore -n 32'

 --------------------------------------------------------------------------------
                                   command: dft                                  
 --------------------------------------------------------------------------------
 AO basis set:                           aug-cc-pvtz
 Number of AO basis functions:         152

 Formula:                                ScBr
 Nuclear charge:                        56.000000000
 Total charge:                           0.000000000
 Number of electrons:                   56.000000000

 Number of alpha electrons:             28
 Number of beta electrons:              28
 Number of unpaired electrons:           0
 Spin:                                   0
 Multiplicity:                           singlet

 Theory:                                 dft
 Exchange-correlation functional:        camb3lyp

 Using range separated hybrid functional
 Range separation parameter:             0.330000000
 Short range exact exchange:             0.190000000
 Total long range exact exchange:        0.650000000

 Method for Coulomb:                     incore_df
 Method for exact exchange:              pre_transformed_df
 Integral threshold:                     1.00e-12
 DF basis set:                           def2-tzvp-jkfit(spdfghi)
 Number of DF basis functions:         530
 Schwarz screening threshold:            1.00e-10
 Coulomb fitting method:                 Cholesky
 Total number of grid points:        16016
 Method for AO orthogonalization:        symmetric
 Threshold for linear dependence:        1.00e-08
 D3BJ dispersion energy:                -0.001706822

 -------------------------------------
  Running restricted closed-shell SCF 
 -------------------------------------
 Max number of iterations:             128
 Conv. threshold (gradient):             1.00e-05
 Conv. threshold (energy):               1.00e-06
 Interpolation scheme:                   adiis+cdiis
 Initial guess:                          SAD

 ---------------------------------------------------------------
                  energy        change          grad        time
 ---------------------------------------------------------------
   0     -3335.102229680                    6.63e+00        0.03
   1     -3334.991913461      1.10e-01      7.45e-01        0.03
   2     -3334.638033220      3.54e-01      2.10e+00        0.03
   3     -3335.060174566     -4.22e-01      3.37e-01        0.02
   4     -3335.061261319     -1.09e-03      4.15e-01        0.03
   5     -3335.079273093     -1.80e-02      4.60e-02        0.02
   6     -3335.079827918     -5.55e-04      4.83e-02        0.02
   7     -3335.080240094     -4.12e-04      8.04e-03        0.02
   8     -3335.080258277     -1.82e-05      3.21e-03        0.02
   9     -3335.080262217     -3.94e-06      7.71e-04        0.02
  10     -3335.080262421     -2.03e-07      3.42e-04        0.03
  11     -3335.080262465     -4.44e-08      3.46e-05        0.02
  12     -3335.080262465     -5.54e-10      7.68e-06        0.02

 SCF converged in 12 iterations.

 Dipole moment (in Debye):              -0.000000      -0.000000      -3.473566

 Quadrupole moment (in Debye-Angstrom):
                  1            2            3
 1       -39.969276     0.000000     0.000001
 2         0.000000   -39.969276     0.000001
 3         0.000001     0.000001   -32.171310

 Spin-squared expectation <S^2>:         0.000
 Total spin quantum number S:            0.000
 TOTAL ENERGY:                       -3335.080262465

 --------------------------------------------------------------------------------

 End time:                               Wed Jun  2 11:50:11 2021
 Total wall-clock time:                  5.018 seconds
==================================================================================
