
================================================================================
          _____________ ________ _______________ ________     _________         
         / ___________// ______ \\_____   _____// ______ \   / ________)        
        / /_________  / /      \ \     | |     / /      \ \ | (_______          
       |  __________|| |        | |    | |    | |        | | \________ \        
        \ \_________ | |        | |    | |     \ \______/ /___________) |       
         \__________||_|        |_|    |_|      \________//____________/        
                                                                                
====================================[ Qcore ]===================================

 Git hash:   15a3e7daff0cda5fa9af010ccd19a80288182ecf
 Git date:   Fri, 16 Apr 2021 15:57:16 +0100
 Compiler:   GNU 9.1.0
 Build type: Release
 Version:    1.1.0

 Start time: Wed Jun  2 11:50:26 2021

 Data directory: /work/zw18965/.local/qcore/share/entos/1.1.0/data
 Number of threads: 24
 Number of threads was determined by: command line argument
  - More threads can be used by running 'qcore -n 32'

 --------------------------------------------------------------------------------
                                   command: dft                                  
 --------------------------------------------------------------------------------
 AO basis set:                           aug-cc-pvtz
 Number of AO basis functions:         143

 Formula:                                ClTi
 Nuclear charge:                        39.000000000
 Total charge:                           0.000000000
 Number of electrons:                   39.000000000

 Number of alpha electrons:             21
 Number of beta electrons:              18
 Number of unpaired electrons:           3
 Spin:                                   3
 Multiplicity:                           quartet

 Theory:                                 dft
 Exchange-correlation functional:        camb3lyp

 Using range separated hybrid functional
 Range separation parameter:             0.330000000
 Short range exact exchange:             0.190000000
 Total long range exact exchange:        0.650000000

 Method for Coulomb:                     incore_df
 Method for exact exchange:              pre_transformed_df
 Integral threshold:                     1.00e-12
 DF basis set:                           def2-tzvp-jkfit(spdfghi)
 Number of DF basis functions:         392
 Schwarz screening threshold:            1.00e-10
 Coulomb fitting method:                 Cholesky
 Total number of grid points:        15286
 Method for AO orthogonalization:        symmetric
 Threshold for linear dependence:        1.00e-08
 D3BJ dispersion energy:                -0.001394455

 -------------------------------------
  Running unrestricted open-shell SCF 
 -------------------------------------
 Max number of iterations:             128
 Conv. threshold (gradient):             1.00e-05
 Conv. threshold (energy):               1.00e-06
 Interpolation scheme:                   adiis+cdiis
 Initial guess:                          SAD

 ---------------------------------------------------------------
                  energy        change          grad        time
 ---------------------------------------------------------------
   0     -1309.400020731                    1.71e+00        0.03
   1     -1309.536398658     -1.36e-01      5.38e-01        0.03
   2     -1306.957362752      2.58e+00      2.93e+00        0.03
   3     -1309.571498283     -2.61e+00      6.52e-01        0.03
   4     -1309.721524884     -1.50e-01      1.05e-01        0.03
   5     -1309.719583344      1.94e-03      1.26e-01        0.03
   6     -1309.726552960     -6.97e-03      1.11e-02        0.04
   7     -1309.726674670     -1.22e-04      5.51e-03        0.04
   8     -1309.726713257     -3.86e-05      2.54e-03        0.03
   9     -1309.726725891     -1.26e-05      1.99e-03        0.03
  10     -1309.726732173     -6.28e-06      1.41e-03        0.03
  11     -1309.726739441     -7.27e-06      6.06e-04        0.03
  12     -1309.726740496     -1.06e-06      1.13e-04        0.03
  13     -1309.726740537     -4.08e-08      1.45e-05        0.03
  14     -1309.726740538     -6.93e-10      1.29e-05        0.03
  15     -1309.726740538     -4.26e-10      1.34e-05        0.03
  16     -1309.726740538     -2.29e-10      1.39e-05        0.03
  17     -1309.726740537      1.13e-09      7.04e-06        0.03

 SCF converged in 17 iterations.

 Dipole moment (in Debye):              -0.000022       0.000015      -4.788349

 Quadrupole moment (in Debye-Angstrom):
                  1            2            3
 1       -30.745965     0.000034     0.000053
 2         0.000034   -30.746034    -0.000035
 3         0.000053    -0.000035   -26.231191

 Spin-squared expectation <S^2>:         3.755
 Total spin quantum number S:            1.501
 TOTAL ENERGY:                       -1309.726740537

 --------------------------------------------------------------------------------

 End time:                               Wed Jun  2 11:50:30 2021
 Total wall-clock time:                  4.154 seconds
==================================================================================
