
================================================================================
          _____________ ________ _______________ ________     _________         
         / ___________// ______ \\_____   _____// ______ \   / ________)        
        / /_________  / /      \ \     | |     / /      \ \ | (_______          
       |  __________|| |        | |    | |    | |        | | \________ \        
        \ \_________ | |        | |    | |     \ \______/ /___________) |       
         \__________||_|        |_|    |_|      \________//____________/        
                                                                                
====================================[ Qcore ]===================================

 Git hash:   15a3e7daff0cda5fa9af010ccd19a80288182ecf
 Git date:   Fri, 16 Apr 2021 15:57:16 +0100
 Compiler:   GNU 9.1.0
 Build type: Release
 Version:    1.1.0

 Start time: Wed Jun  2 11:50:36 2021

 Data directory: /work/zw18965/.local/qcore/share/entos/1.1.0/data
 Number of threads: 24
 Number of threads was determined by: command line argument
  - More threads can be used by running 'qcore -n 32'

 --------------------------------------------------------------------------------
                                   command: dft                                  
 --------------------------------------------------------------------------------
 AO basis set:                           aug-cc-pvtz
 Number of AO basis functions:         139

 Formula:                                OTi
 Nuclear charge:                        30.000000000
 Total charge:                           0.000000000
 Number of electrons:                   30.000000000

 Number of alpha electrons:             16
 Number of beta electrons:              14
 Number of unpaired electrons:           2
 Spin:                                   2
 Multiplicity:                           triplet

 Theory:                                 dft
 Exchange-correlation functional:        camb3lyp

 Using range separated hybrid functional
 Range separation parameter:             0.330000000
 Short range exact exchange:             0.190000000
 Total long range exact exchange:        0.650000000

 Method for Coulomb:                     incore_df
 Method for exact exchange:              pre_transformed_df
 Integral threshold:                     1.00e-12
 DF basis set:                           def2-tzvp-jkfit(spdfghi)
 Number of DF basis functions:         341
 Schwarz screening threshold:            1.00e-10
 Coulomb fitting method:                 Cholesky
 Total number of grid points:        14736
 Method for AO orthogonalization:        symmetric
 Threshold for linear dependence:        1.00e-08
 D3BJ dispersion energy:                -0.000600950

 -------------------------------------
  Running unrestricted open-shell SCF 
 -------------------------------------
 Max number of iterations:             128
 Conv. threshold (gradient):             1.00e-05
 Conv. threshold (energy):               1.00e-06
 Interpolation scheme:                   adiis+cdiis
 Initial guess:                          SAD

 ---------------------------------------------------------------
                  energy        change          grad        time
 ---------------------------------------------------------------
   0      -924.315951587                    2.70e+00        0.03
   1      -924.126961102      1.89e-01      1.27e+00        0.03
   2      -911.723366043      1.24e+01      7.74e+00        0.03
   3      -923.120591777     -1.14e+01      2.20e+00        0.03
   4      -924.698422457     -1.58e+00      2.63e-01        0.03
   5      -924.609363000      8.91e-02      6.49e-01        0.03
   6      -924.710014048     -1.01e-01      1.92e-01        0.03
   7      -924.717779706     -7.77e-03      7.54e-02        0.03
   8      -924.718696557     -9.17e-04      6.18e-02        0.03
   9      -924.719745411     -1.05e-03      4.02e-03        0.03
  10      -924.719769060     -2.36e-05      3.41e-03        0.03
  11      -924.719776627     -7.57e-06      8.95e-04        0.03
  12      -924.719777519     -8.92e-07      1.68e-04        0.03
  13      -924.719777729     -2.11e-07      9.96e-05        0.03
  14      -924.719777785     -5.56e-08      2.35e-05        0.03
  15      -924.719777801     -1.63e-08      1.36e-05        0.03
  16      -924.719777804     -3.25e-09      4.38e-06        0.03

 SCF converged in 16 iterations.

 Dipole moment (in Debye):               0.000000       0.000000      -3.899745

 Quadrupole moment (in Debye-Angstrom):
                  1            2            3
 1       -22.131580     0.000000    -0.000000
 2         0.000000   -22.131576    -0.000000
 3        -0.000000    -0.000000   -26.265663

 Spin-squared expectation <S^2>:         2.011
 Total spin quantum number S:            1.004
 TOTAL ENERGY:                        -924.719777806

 --------------------------------------------------------------------------------

 End time:                               Wed Jun  2 11:50:39 2021
 Total wall-clock time:                  3.803 seconds
==================================================================================
