
================================================================================
          _____________ ________ _______________ ________     _________         
         / ___________// ______ \\_____   _____// ______ \   / ________)        
        / /_________  / /      \ \     | |     / /      \ \ | (_______          
       |  __________|| |        | |    | |    | |        | | \________ \        
        \ \_________ | |        | |    | |     \ \______/ /___________) |       
         \__________||_|        |_|    |_|      \________//____________/        
                                                                                
====================================[ Qcore ]===================================

 Git hash:   15a3e7daff0cda5fa9af010ccd19a80288182ecf
 Git date:   Fri, 16 Apr 2021 15:57:16 +0100
 Compiler:   GNU 9.1.0
 Build type: Release
 Version:    1.1.0

 Start time: Wed Jun  2 11:50:39 2021

 Data directory: /work/zw18965/.local/qcore/share/entos/1.1.0/data
 Number of threads: 24
 Number of threads was determined by: command line argument
  - More threads can be used by running 'qcore -n 32'

 --------------------------------------------------------------------------------
                                   command: dft                                  
 --------------------------------------------------------------------------------
 AO basis set:                           aug-cc-pvtz
 Number of AO basis functions:         143

 Formula:                                STi
 Nuclear charge:                        38.000000000
 Total charge:                           0.000000000
 Number of electrons:                   38.000000000

 Number of alpha electrons:             20
 Number of beta electrons:              18
 Number of unpaired electrons:           2
 Spin:                                   2
 Multiplicity:                           triplet

 Theory:                                 dft
 Exchange-correlation functional:        camb3lyp

 Using range separated hybrid functional
 Range separation parameter:             0.330000000
 Short range exact exchange:             0.190000000
 Total long range exact exchange:        0.650000000

 Method for Coulomb:                     incore_df
 Method for exact exchange:              pre_transformed_df
 Integral threshold:                     1.00e-12
 DF basis set:                           def2-tzvp-jkfit(spdfghi)
 Number of DF basis functions:         392
 Schwarz screening threshold:            1.00e-10
 Coulomb fitting method:                 Cholesky
 Total number of grid points:        15142
 Method for AO orthogonalization:        symmetric
 Threshold for linear dependence:        1.00e-08
 D3BJ dispersion energy:                -0.001632956

 -------------------------------------
  Running unrestricted open-shell SCF 
 -------------------------------------
 Max number of iterations:             128
 Conv. threshold (gradient):             1.00e-05
 Conv. threshold (energy):               1.00e-06
 Interpolation scheme:                   adiis+cdiis
 Initial guess:                          SAD

 ---------------------------------------------------------------
                  energy        change          grad        time
 ---------------------------------------------------------------
   0     -1247.411501983                    2.65e+00        0.03
   1     -1247.261871954      1.50e-01      1.08e+00        0.03
   2     -1235.675071028      1.16e+01      7.61e+00        0.03
   3     -1246.117520326     -1.04e+01      2.23e+00        0.03
   4     -1247.667128521     -1.55e+00      2.45e-01        0.03
   5     -1247.608114972      5.90e-02      5.56e-01        0.03
   6     -1247.691716374     -8.36e-02      1.54e-01        0.03
   7     -1247.689666908      2.05e-03      1.32e-01        0.04
   8     -1247.696939555     -7.27e-03      2.09e-02        0.04
   9     -1247.697197202     -2.58e-04      1.54e-02        0.04
  10     -1247.697472296     -2.75e-04      5.16e-03        0.03
  11     -1247.697521282     -4.90e-05      2.37e-03        0.03
  12     -1247.697529395     -8.11e-06      1.03e-03        0.03
  13     -1247.697530963     -1.57e-06      3.23e-04        0.03
  14     -1247.697531050     -8.72e-08      1.27e-04        0.03
  15     -1247.697530974      7.62e-08      5.19e-05        0.03
  16     -1247.697530944      3.02e-08      1.17e-05        0.03
  17     -1247.697530936      7.97e-09      5.76e-06        0.03

 SCF converged in 17 iterations.

 Dipole moment (in Debye):               0.000001       0.000003      -6.201182

 Quadrupole moment (in Debye-Angstrom):
                  1            2            3
 1       -31.008934     0.000005    -0.000000
 2         0.000005   -31.008934    -0.000005
 3        -0.000000    -0.000005   -27.079995

 Spin-squared expectation <S^2>:         2.039
 Total spin quantum number S:            1.013
 TOTAL ENERGY:                       -1247.697530932

 --------------------------------------------------------------------------------

 End time:                               Wed Jun  2 11:50:44 2021
 Total wall-clock time:                  4.044 seconds
==================================================================================
