
================================================================================
          _____________ ________ _______________ ________     _________         
         / ___________// ______ \\_____   _____// ______ \   / ________)        
        / /_________  / /      \ \     | |     / /      \ \ | (_______          
       |  __________|| |        | |    | |    | |        | | \________ \        
        \ \_________ | |        | |    | |     \ \______/ /___________) |       
         \__________||_|        |_|    |_|      \________//____________/        
                                                                                
====================================[ Qcore ]===================================

 Git hash:   15a3e7daff0cda5fa9af010ccd19a80288182ecf
 Git date:   Fri, 16 Apr 2021 15:57:16 +0100
 Compiler:   GNU 9.1.0
 Build type: Release
 Version:    1.1.0

 Start time: Wed Jun  2 11:50:49 2021

 Data directory: /work/zw18965/.local/qcore/share/entos/1.1.0/data
 Number of threads: 24
 Number of threads was determined by: command line argument
  - More threads can be used by running 'qcore -n 32'

 --------------------------------------------------------------------------------
                                   command: dft                                  
 --------------------------------------------------------------------------------
 AO basis set:                           aug-cc-pvtz
 Number of AO basis functions:         139

 Formula:                                FV
 Nuclear charge:                        32.000000000
 Total charge:                           0.000000000
 Number of electrons:                   32.000000000

 Number of alpha electrons:             18
 Number of beta electrons:              14
 Number of unpaired electrons:           4
 Spin:                                   4
 Multiplicity:                           quintet

 Theory:                                 dft
 Exchange-correlation functional:        camb3lyp

 Using range separated hybrid functional
 Range separation parameter:             0.330000000
 Short range exact exchange:             0.190000000
 Total long range exact exchange:        0.650000000

 Method for Coulomb:                     incore_df
 Method for exact exchange:              pre_transformed_df
 Integral threshold:                     1.00e-12
 DF basis set:                           def2-tzvp-jkfit(spdfghi)
 Number of DF basis functions:         341
 Schwarz screening threshold:            1.00e-10
 Coulomb fitting method:                 Cholesky
 Total number of grid points:        14664
 Method for AO orthogonalization:        symmetric
 Threshold for linear dependence:        1.00e-08
 D3BJ dispersion energy:                -0.000441796

 -------------------------------------
  Running unrestricted open-shell SCF 
 -------------------------------------
 Max number of iterations:             128
 Conv. threshold (gradient):             1.00e-05
 Conv. threshold (energy):               1.00e-06
 Interpolation scheme:                   adiis+cdiis
 Initial guess:                          SAD

 ---------------------------------------------------------------
                  energy        change          grad        time
 ---------------------------------------------------------------
   0     -1043.358605143                    1.36e+00        0.03
   1     -1043.612117943     -2.54e-01      8.65e-01        0.03
   2     -1036.678828394      6.93e+00      4.89e+00        0.03
   3     -1043.473307170     -6.79e+00      1.20e+00        0.03
   4     -1043.906039213     -4.33e-01      6.18e-02        0.03
   5     -1043.908117000     -2.08e-03      7.06e-02        0.03
   6     -1043.909924538     -1.81e-03      3.18e-02        0.03
   7     -1043.910495224     -5.71e-04      2.42e-02        0.03
   8     -1043.910954384     -4.59e-04      1.84e-02        0.03
   9     -1043.911387829     -4.33e-04      1.02e-02        0.03
  10     -1043.911560619     -1.73e-04      2.76e-03        0.04
  11     -1043.911573215     -1.26e-05      9.13e-04        0.03
  12     -1043.911574238     -1.02e-06      2.99e-04        0.03
  13     -1043.911574341     -1.03e-07      1.25e-04        0.03
  14     -1043.911574360     -1.96e-08      9.45e-05        0.03
  15     -1043.911574375     -1.44e-08      4.48e-05        0.03
  16     -1043.911574375     -7.56e-10      2.43e-05        0.03
  17     -1043.911574376     -9.52e-10      5.12e-06        0.03

 SCF converged in 17 iterations.

 Dipole moment (in Debye):              -0.000008      -0.000001      -3.644334

 Quadrupole moment (in Debye-Angstrom):
                  1            2            3
 1       -20.440717     0.084898     0.000013
 2         0.084898   -21.951532     0.000001
 3         0.000013     0.000001   -23.637851

 Spin-squared expectation <S^2>:         6.005
 Total spin quantum number S:            2.001
 TOTAL ENERGY:                       -1043.911574376

 --------------------------------------------------------------------------------

 End time:                               Wed Jun  2 11:50:53 2021
 Total wall-clock time:                  3.894 seconds
==================================================================================
