
================================================================================
          _____________ ________ _______________ ________     _________         
         / ___________// ______ \\_____   _____// ______ \   / ________)        
        / /_________  / /      \ \     | |     / /      \ \ | (_______          
       |  __________|| |        | |    | |    | |        | | \________ \        
        \ \_________ | |        | |    | |     \ \______/ /___________) |       
         \__________||_|        |_|    |_|      \________//____________/        
                                                                                
====================================[ Qcore ]===================================

 Git hash:   15a3e7daff0cda5fa9af010ccd19a80288182ecf
 Git date:   Fri, 16 Apr 2021 15:57:16 +0100
 Compiler:   GNU 9.1.0
 Build type: Release
 Version:    1.1.0

 Start time: Wed Jun  2 11:51:07 2021

 Data directory: /work/zw18965/.local/qcore/share/entos/1.1.0/data
 Number of threads: 24
 Number of threads was determined by: command line argument
  - More threads can be used by running 'qcore -n 32'

 --------------------------------------------------------------------------------
                                   command: dft                                  
 --------------------------------------------------------------------------------
 AO basis set:                           aug-cc-pvtz
 Number of AO basis functions:         143

 Formula:                                SV
 Nuclear charge:                        39.000000000
 Total charge:                           0.000000000
 Number of electrons:                   39.000000000

 Number of alpha electrons:             21
 Number of beta electrons:              18
 Number of unpaired electrons:           3
 Spin:                                   3
 Multiplicity:                           quartet

 Theory:                                 dft
 Exchange-correlation functional:        camb3lyp

 Using range separated hybrid functional
 Range separation parameter:             0.330000000
 Short range exact exchange:             0.190000000
 Total long range exact exchange:        0.650000000

 Method for Coulomb:                     incore_df
 Method for exact exchange:              pre_transformed_df
 Integral threshold:                     1.00e-12
 DF basis set:                           def2-tzvp-jkfit(spdfghi)
 Number of DF basis functions:         392
 Schwarz screening threshold:            1.00e-10
 Coulomb fitting method:                 Cholesky
 Total number of grid points:        15202
 Method for AO orthogonalization:        symmetric
 Threshold for linear dependence:        1.00e-08
 D3BJ dispersion energy:                -0.001726043

 -------------------------------------
  Running unrestricted open-shell SCF 
 -------------------------------------
 Max number of iterations:             128
 Conv. threshold (gradient):             1.00e-05
 Conv. threshold (energy):               1.00e-06
 Interpolation scheme:                   adiis+cdiis
 Initial guess:                          SAD

 ---------------------------------------------------------------
                  energy        change          grad        time
 ---------------------------------------------------------------
   0     -1341.887957630                    2.87e+00        0.03
   1     -1341.703710806      1.84e-01      1.36e+00        0.04
   2     -1329.587531158      1.21e+01      8.88e+00        0.03
   3     -1339.900949992     -1.03e+01      2.94e+00        0.03
   4     -1342.176976681     -2.28e+00      3.80e-01        0.03
   5     -1342.150234206      2.67e-02      6.28e-01        0.03
   6     -1342.238024443     -8.78e-02      1.01e-01        0.03
   7     -1342.235673058      2.35e-03      1.09e-01        0.03
   8     -1342.240503506     -4.83e-03      5.01e-02        0.04
   9     -1342.240392674      1.11e-04      4.64e-02        0.04
  10     -1342.241921954     -1.53e-03      1.32e-02        0.03
  11     -1342.242016927     -9.50e-05      2.59e-03        0.03
  12     -1342.242032412     -1.55e-05      1.98e-03        0.03
  13     -1342.242039454     -7.04e-06      4.42e-04        0.03
  14     -1342.242040757     -1.30e-06      4.17e-04        0.03
  15     -1342.242041076     -3.18e-07      9.09e-05        0.03
  16     -1342.242041354     -2.79e-07      9.23e-05        0.03
  17     -1342.242041464     -1.10e-07      4.08e-05        0.03
  18     -1342.242041587     -1.23e-07      1.03e-05        0.03
  19     -1342.242041617     -2.92e-08      3.33e-06        0.03

 SCF converged in 19 iterations.

 Dipole moment (in Debye):              -0.000004      -0.000002      -6.296635

 Quadrupole moment (in Debye-Angstrom):
                  1            2            3
 1       -29.998246     0.000000     0.000006
 2         0.000000   -29.998246     0.000003
 3         0.000006     0.000003   -24.692643

 Spin-squared expectation <S^2>:         3.877
 Total spin quantum number S:            1.532
 TOTAL ENERGY:                       -1342.242041624

 --------------------------------------------------------------------------------

 End time:                               Wed Jun  2 11:51:11 2021
 Total wall-clock time:                  4.191 seconds
==================================================================================
