
================================================================================
          _____________ ________ _______________ ________     _________         
         / ___________// ______ \\_____   _____// ______ \   / ________)        
        / /_________  / /      \ \     | |     / /      \ \ | (_______          
       |  __________|| |        | |    | |    | |        | | \________ \        
        \ \_________ | |        | |    | |     \ \______/ /___________) |       
         \__________||_|        |_|    |_|      \________//____________/        
                                                                                
====================================[ Qcore ]===================================

 Git hash:   15a3e7daff0cda5fa9af010ccd19a80288182ecf
 Git date:   Fri, 16 Apr 2021 15:57:16 +0100
 Compiler:   GNU 9.1.0
 Build type: Release
 Version:    1.1.0

 Start time: Wed Jun  2 11:51:28 2021

 Data directory: /work/zw18965/.local/qcore/share/entos/1.1.0/data
 Number of threads: 24
 Number of threads was determined by: command line argument
  - More threads can be used by running 'qcore -n 32'

 --------------------------------------------------------------------------------
                                   command: dft                                  
 --------------------------------------------------------------------------------
 AO basis set:                           aug-cc-pvtz
 Number of AO basis functions:         139

 Formula:                                OCr
 Nuclear charge:                        32.000000000
 Total charge:                           0.000000000
 Number of electrons:                   32.000000000

 Number of alpha electrons:             18
 Number of beta electrons:              14
 Number of unpaired electrons:           4
 Spin:                                   4
 Multiplicity:                           quintet

 Theory:                                 dft
 Exchange-correlation functional:        camb3lyp

 Using range separated hybrid functional
 Range separation parameter:             0.330000000
 Short range exact exchange:             0.190000000
 Total long range exact exchange:        0.650000000

 Method for Coulomb:                     incore_df
 Method for exact exchange:              pre_transformed_df
 Integral threshold:                     1.00e-12
 DF basis set:                           def2-tzvp-jkfit(spdfghi)
 Number of DF basis functions:         341
 Schwarz screening threshold:            1.00e-10
 Coulomb fitting method:                 Cholesky
 Total number of grid points:        14772
 Method for AO orthogonalization:        symmetric
 Threshold for linear dependence:        1.00e-08
 D3BJ dispersion energy:                -0.000571506

 -------------------------------------
  Running unrestricted open-shell SCF 
 -------------------------------------
 Max number of iterations:             128
 Conv. threshold (gradient):             1.00e-05
 Conv. threshold (energy):               1.00e-06
 Interpolation scheme:                   adiis+cdiis
 Initial guess:                          SAD

 ---------------------------------------------------------------
                  energy        change          grad        time
 ---------------------------------------------------------------
   0     -1119.221082299                    2.92e+00        0.03
   1     -1118.919997911      3.01e-01      1.73e+00        0.03
   2     -1105.122061529      1.38e+01      1.01e+01        0.02
   3     -1117.369693501     -1.22e+01      3.01e+00        0.03
   4     -1119.685658039     -2.32e+00      3.48e-01        0.03
   5     -1119.558749529      1.27e-01      8.12e-01        0.03
   6     -1119.710351356     -1.52e-01      2.43e-01        0.03
   7     -1119.717016270     -6.66e-03      1.47e-01        0.03
   8     -1119.722866672     -5.85e-03      7.41e-02        0.04
   9     -1119.722355573      5.11e-04      8.64e-02        0.03
  10     -1119.724862973     -2.51e-03      1.41e-02        0.03
  11     -1119.725081023     -2.18e-04      1.05e-02        0.03
  12     -1119.725182526     -1.02e-04      3.23e-03        0.03
  13     -1119.725221881     -3.94e-05      3.10e-03        0.03
  14     -1119.725230378     -8.50e-06      7.25e-04        0.03
  15     -1119.725231488     -1.11e-06      2.57e-04        0.03
  16     -1119.725231437      5.05e-08      9.42e-05        0.03
  17     -1119.725231482     -4.53e-08      3.49e-05        0.03
  18     -1119.725231474      8.59e-09      1.19e-05        0.03
  19     -1119.725231474     -1.28e-10      3.09e-06        0.03

 SCF converged in 19 iterations.

 Dipole moment (in Debye):               0.000000       0.000000      -4.475738

 Quadrupole moment (in Debye-Angstrom):
                  1            2            3
 1       -20.770353    -0.780822     0.000000
 2        -0.780822   -20.772695     0.000000
 3         0.000000     0.000000   -22.811631

 Spin-squared expectation <S^2>:         6.154
 Total spin quantum number S:            2.031
 TOTAL ENERGY:                       -1119.725231474

 --------------------------------------------------------------------------------

 End time:                               Wed Jun  2 11:51:32 2021
 Total wall-clock time:                  3.905 seconds
==================================================================================
