
================================================================================
          _____________ ________ _______________ ________     _________         
         / ___________// ______ \\_____   _____// ______ \   / ________)        
        / /_________  / /      \ \     | |     / /      \ \ | (_______          
       |  __________|| |        | |    | |    | |        | | \________ \        
        \ \_________ | |        | |    | |     \ \______/ /___________) |       
         \__________||_|        |_|    |_|      \________//____________/        
                                                                                
====================================[ Qcore ]===================================

 Git hash:   15a3e7daff0cda5fa9af010ccd19a80288182ecf
 Git date:   Fri, 16 Apr 2021 15:57:16 +0100
 Compiler:   GNU 9.1.0
 Build type: Release
 Version:    1.1.0

 Start time: Wed Jun  2 11:51:32 2021

 Data directory: /work/zw18965/.local/qcore/share/entos/1.1.0/data
 Number of threads: 24
 Number of threads was determined by: command line argument
  - More threads can be used by running 'qcore -n 32'

 --------------------------------------------------------------------------------
                                   command: dft                                  
 --------------------------------------------------------------------------------
 AO basis set:                           aug-cc-pvtz
 Number of AO basis functions:         143

 Formula:                                SCr
 Nuclear charge:                        40.000000000
 Total charge:                           0.000000000
 Number of electrons:                   40.000000000

 Number of alpha electrons:             22
 Number of beta electrons:              18
 Number of unpaired electrons:           4
 Spin:                                   4
 Multiplicity:                           quintet

 Theory:                                 dft
 Exchange-correlation functional:        camb3lyp

 Using range separated hybrid functional
 Range separation parameter:             0.330000000
 Short range exact exchange:             0.190000000
 Total long range exact exchange:        0.650000000

 Method for Coulomb:                     incore_df
 Method for exact exchange:              pre_transformed_df
 Integral threshold:                     1.00e-12
 DF basis set:                           def2-tzvp-jkfit(spdfghi)
 Number of DF basis functions:         392
 Schwarz screening threshold:            1.00e-10
 Coulomb fitting method:                 Cholesky
 Total number of grid points:        15178
 Method for AO orthogonalization:        symmetric
 Threshold for linear dependence:        1.00e-08
 D3BJ dispersion energy:                -0.001567048

 -------------------------------------
  Running unrestricted open-shell SCF 
 -------------------------------------
 Max number of iterations:             128
 Conv. threshold (gradient):             1.00e-05
 Conv. threshold (energy):               1.00e-06
 Interpolation scheme:                   adiis+cdiis
 Initial guess:                          SAD

 ---------------------------------------------------------------
                  energy        change          grad        time
 ---------------------------------------------------------------
   0     -1442.290068971                    2.78e+00        0.03
   1     -1442.043043550      2.47e-01      1.74e+00        0.03
   2     -1429.863189727      1.22e+01      8.13e+00        0.03
   3     -1440.322223947     -1.05e+01      3.28e+00        0.03
   4     -1442.668705988     -2.35e+00      4.57e-01        0.03
   5     -1442.605888561      6.28e-02      7.81e-01        0.04
   6     -1442.726819675     -1.21e-01      1.51e-01        0.04
   7     -1442.714424037      1.24e-02      2.88e-01        0.03
   8     -1442.733747279     -1.93e-02      4.15e-02        0.04
   9     -1442.735613518     -1.87e-03      6.87e-02        0.04
  10     -1442.738802726     -3.19e-03      4.84e-02        0.03
  11     -1442.740053162     -1.25e-03      1.37e-02        0.03
  12     -1442.740773166     -7.20e-04      1.12e-02        0.04
  13     -1442.741015114     -2.42e-04      7.63e-03        0.03
  14     -1442.741024170     -9.06e-06      3.36e-03        0.03
  15     -1442.741043672     -1.95e-05      6.74e-04        0.03
  16     -1442.741047829     -4.16e-06      3.15e-04        0.03
  17     -1442.741047751      7.77e-08      1.19e-04        0.03
  18     -1442.741048089     -3.38e-07      6.16e-05        0.03
  19     -1442.741048335     -2.46e-07      2.58e-05        0.03
  20     -1442.741048227      1.08e-07      8.73e-06        0.03

 SCF converged in 20 iterations.

 Dipole moment (in Debye):              -0.000000      -0.000000      -5.639862

 Quadrupole moment (in Debye-Angstrom):
                  1            2            3
 1       -29.129811    -1.382225     0.000001
 2        -1.382225   -29.132426     0.000001
 3         0.000001     0.000001   -25.927787

 Spin-squared expectation <S^2>:         6.518
 Total spin quantum number S:            2.102
 TOTAL ENERGY:                       -1442.741048250

 --------------------------------------------------------------------------------

 End time:                               Wed Jun  2 11:51:36 2021
 Total wall-clock time:                  4.212 seconds
==================================================================================
