
================================================================================
          _____________ ________ _______________ ________     _________         
         / ___________// ______ \\_____   _____// ______ \   / ________)        
        / /_________  / /      \ \     | |     / /      \ \ | (_______          
       |  __________|| |        | |    | |    | |        | | \________ \        
        \ \_________ | |        | |    | |     \ \______/ /___________) |       
         \__________||_|        |_|    |_|      \________//____________/        
                                                                                
====================================[ Qcore ]===================================

 Git hash:   15a3e7daff0cda5fa9af010ccd19a80288182ecf
 Git date:   Fri, 16 Apr 2021 15:57:16 +0100
 Compiler:   GNU 9.1.0
 Build type: Release
 Version:    1.1.0

 Start time: Wed Jun  2 11:51:47 2021

 Data directory: /work/zw18965/.local/qcore/share/entos/1.1.0/data
 Number of threads: 24
 Number of threads was determined by: command line argument
  - More threads can be used by running 'qcore -n 32'

 --------------------------------------------------------------------------------
                                   command: dft                                  
 --------------------------------------------------------------------------------
 AO basis set:                           aug-cc-pvtz
 Number of AO basis functions:         152

 Formula:                                MnBr
 Nuclear charge:                        60.000000000
 Total charge:                           0.000000000
 Number of electrons:                   60.000000000

 Number of alpha electrons:             33
 Number of beta electrons:              27
 Number of unpaired electrons:           6
 Spin:                                   6
 Multiplicity:                           octet

 Theory:                                 dft
 Exchange-correlation functional:        camb3lyp

 Using range separated hybrid functional
 Range separation parameter:             0.330000000
 Short range exact exchange:             0.190000000
 Total long range exact exchange:        0.650000000

 Method for Coulomb:                     incore_df
 Method for exact exchange:              pre_transformed_df
 Integral threshold:                     1.00e-12
 DF basis set:                           def2-tzvp-jkfit(spdfghi)
 Number of DF basis functions:         530
 Schwarz screening threshold:            1.00e-10
 Coulomb fitting method:                 Cholesky
 Total number of grid points:        16100
 Method for AO orthogonalization:        symmetric
 Threshold for linear dependence:        1.00e-08
 D3BJ dispersion energy:                -0.001424507

 -------------------------------------
  Running unrestricted open-shell SCF 
 -------------------------------------
 Max number of iterations:             128
 Conv. threshold (gradient):             1.00e-05
 Conv. threshold (energy):               1.00e-06
 Interpolation scheme:                   adiis+cdiis
 Initial guess:                          SAD

 ---------------------------------------------------------------
                  energy        change          grad        time
 ---------------------------------------------------------------
   0     -3724.981622852                    2.85e+00        0.04
   1     -3725.400748955     -4.19e-01      4.02e-01        0.04
   2     -3725.331968214      6.88e-02      4.75e-01        0.04
   3     -3725.456742229     -1.25e-01      5.23e-02        0.03
   4     -3725.458134351     -1.39e-03      6.69e-02        0.04
   5     -3725.459932758     -1.80e-03      1.23e-02        0.03
   6     -3725.460056776     -1.24e-04      3.18e-03        0.04
   7     -3725.460073695     -1.69e-05      1.61e-03        0.04
   8     -3725.460076377     -2.68e-06      4.33e-04        0.04
   9     -3725.460076926     -5.49e-07      1.12e-04        0.03
  10     -3725.460077028     -1.01e-07      2.45e-05        0.04
  11     -3725.460077044     -1.60e-08      7.99e-06        0.04

 SCF converged in 11 iterations.

 Dipole moment (in Debye):               0.000000       0.000000      -2.907826

 Quadrupole moment (in Debye-Angstrom):
                  1            2            3
 1       -34.363879     0.000000    -0.000000
 2         0.000000   -34.363879    -0.000000
 3        -0.000000    -0.000000   -36.851394

 Spin-squared expectation <S^2>:        12.003
 Total spin quantum number S:            3.000
 TOTAL ENERGY:                       -3725.460077047

 --------------------------------------------------------------------------------

 End time:                               Wed Jun  2 11:51:52 2021
 Total wall-clock time:                  5.290 seconds
==================================================================================
