
================================================================================
          _____________ ________ _______________ ________     _________         
         / ___________// ______ \\_____   _____// ______ \   / ________)        
        / /_________  / /      \ \     | |     / /      \ \ | (_______          
       |  __________|| |        | |    | |    | |        | | \________ \        
        \ \_________ | |        | |    | |     \ \______/ /___________) |       
         \__________||_|        |_|    |_|      \________//____________/        
                                                                                
====================================[ Qcore ]===================================

 Git hash:   15a3e7daff0cda5fa9af010ccd19a80288182ecf
 Git date:   Fri, 16 Apr 2021 15:57:16 +0100
 Compiler:   GNU 9.1.0
 Build type: Release
 Version:    1.1.0

 Start time: Wed Jun  2 11:51:56 2021

 Data directory: /work/zw18965/.local/qcore/share/entos/1.1.0/data
 Number of threads: 24
 Number of threads was determined by: command line argument
  - More threads can be used by running 'qcore -n 32'

 --------------------------------------------------------------------------------
                                   command: dft                                  
 --------------------------------------------------------------------------------
 AO basis set:                           aug-cc-pvtz
 Number of AO basis functions:         143

 Formula:                                SMn
 Nuclear charge:                        41.000000000
 Total charge:                           0.000000000
 Number of electrons:                   41.000000000

 Number of alpha electrons:             23
 Number of beta electrons:              18
 Number of unpaired electrons:           5
 Spin:                                   5
 Multiplicity:                           septet

 Theory:                                 dft
 Exchange-correlation functional:        camb3lyp

 Using range separated hybrid functional
 Range separation parameter:             0.330000000
 Short range exact exchange:             0.190000000
 Total long range exact exchange:        0.650000000

 Method for Coulomb:                     incore_df
 Method for exact exchange:              pre_transformed_df
 Integral threshold:                     1.00e-12
 DF basis set:                           def2-tzvp-jkfit(spdfghi)
 Number of DF basis functions:         392
 Schwarz screening threshold:            1.00e-10
 Coulomb fitting method:                 Cholesky
 Total number of grid points:        15286
 Method for AO orthogonalization:        symmetric
 Threshold for linear dependence:        1.00e-08
 D3BJ dispersion energy:                -0.001369567

 -------------------------------------
  Running unrestricted open-shell SCF 
 -------------------------------------
 Max number of iterations:             128
 Conv. threshold (gradient):             1.00e-05
 Conv. threshold (energy):               1.00e-06
 Interpolation scheme:                   adiis+cdiis
 Initial guess:                          SAD

 ---------------------------------------------------------------
                  energy        change          grad        time
 ---------------------------------------------------------------
   0     -1548.915313261                    2.93e+00        0.04
   1     -1549.204589816     -2.89e-01      6.98e-01        0.03
   2     -1548.384540781      8.20e-01      1.88e+00        0.03
   3     -1549.227764835     -8.43e-01      4.55e-01        0.03
   4     -1549.290804172     -6.30e-02      2.48e-01        0.03
   5     -1549.287939782      2.86e-03      1.81e-01        0.03
   6     -1549.302224929     -1.43e-02      5.04e-02        0.03
   7     -1549.302727311     -5.02e-04      2.95e-02        0.04
   8     -1549.303493203     -7.66e-04      7.06e-03        0.03
   9     -1549.303566348     -7.31e-05      1.69e-03        0.03
  10     -1549.303576604     -1.03e-05      8.53e-04        0.03
  11     -1549.303580460     -3.86e-06      4.58e-04        0.03
  12     -1549.303581790     -1.33e-06      1.92e-04        0.03
  13     -1549.303582218     -4.28e-07      6.48e-05        0.03
  14     -1549.303582282     -6.44e-08      2.15e-05        0.03
  15     -1549.303582300     -1.72e-08      1.57e-05        0.03
  16     -1549.303582314     -1.45e-08      4.77e-06        0.03

 SCF converged in 16 iterations.

 Dipole moment (in Debye):               0.000000       0.000000      -6.404217

 Quadrupole moment (in Debye-Angstrom):
                  1            2            3
 1       -29.381961     0.000000     0.000000
 2         0.000000   -29.381961     0.000000
 3         0.000000     0.000000   -25.979112

 Spin-squared expectation <S^2>:         8.824
 Total spin quantum number S:            2.512
 TOTAL ENERGY:                       -1549.303582312

 --------------------------------------------------------------------------------

 End time:                               Wed Jun  2 11:52:00 2021
 Total wall-clock time:                  4.080 seconds
==================================================================================
