
================================================================================
          _____________ ________ _______________ ________     _________         
         / ___________// ______ \\_____   _____// ______ \   / ________)        
        / /_________  / /      \ \     | |     / /      \ \ | (_______          
       |  __________|| |        | |    | |    | |        | | \________ \        
        \ \_________ | |        | |    | |     \ \______/ /___________) |       
         \__________||_|        |_|    |_|      \________//____________/        
                                                                                
====================================[ Qcore ]===================================

 Git hash:   15a3e7daff0cda5fa9af010ccd19a80288182ecf
 Git date:   Fri, 16 Apr 2021 15:57:16 +0100
 Compiler:   GNU 9.1.0
 Build type: Release
 Version:    1.1.0

 Start time: Wed Jun  2 11:52:01 2021

 Data directory: /work/zw18965/.local/qcore/share/entos/1.1.0/data
 Number of threads: 24
 Number of threads was determined by: command line argument
  - More threads can be used by running 'qcore -n 32'

 --------------------------------------------------------------------------------
                                   command: dft                                  
 --------------------------------------------------------------------------------
 AO basis set:                           aug-cc-pvtz
 Number of AO basis functions:         116

 Formula:                                HFe
 Nuclear charge:                        27.000000000
 Total charge:                           0.000000000
 Number of electrons:                   27.000000000

 Number of alpha electrons:             15
 Number of beta electrons:              12
 Number of unpaired electrons:           3
 Spin:                                   3
 Multiplicity:                           quartet

 Theory:                                 dft
 Exchange-correlation functional:        camb3lyp

 Using range separated hybrid functional
 Range separation parameter:             0.330000000
 Short range exact exchange:             0.190000000
 Total long range exact exchange:        0.650000000

 Method for Coulomb:                     incore_df
 Method for exact exchange:              pre_transformed_df
 Integral threshold:                     1.00e-12
 DF basis set:                           def2-tzvp-jkfit(spdfghi)
 Number of DF basis functions:         282
 Schwarz screening threshold:            1.00e-10
 Coulomb fitting method:                 Cholesky
 Total number of grid points:        13826
 Method for AO orthogonalization:        symmetric
 Threshold for linear dependence:        1.00e-08
 D3BJ dispersion energy:                -0.000295213

 -------------------------------------
  Running unrestricted open-shell SCF 
 -------------------------------------
 Max number of iterations:             128
 Conv. threshold (gradient):             1.00e-05
 Conv. threshold (energy):               1.00e-06
 Interpolation scheme:                   adiis+cdiis
 Initial guess:                          SAD

 ---------------------------------------------------------------
                  energy        change          grad        time
 ---------------------------------------------------------------
   0     -1263.843973530                    1.89e+00        0.03
   1     -1264.226543458     -3.83e-01      5.77e-01        0.02
   2     -1262.980334575      1.25e+00      2.47e+00        0.02
   3     -1264.232815331     -1.25e+00      6.52e-01        0.02
   4     -1264.325991145     -9.32e-02      1.11e-01        0.02
   5     -1264.319126546      6.86e-03      2.22e-01        0.03
   6     -1264.329319812     -1.02e-02      4.35e-02        0.02
   7     -1264.328831558      4.88e-04      5.91e-02        0.02
   8     -1264.329930928     -1.10e-03      3.81e-03        0.02
   9     -1264.329949550     -1.86e-05      1.40e-03        0.02
  10     -1264.329954168     -4.62e-06      3.93e-04        0.02
  11     -1264.329955049     -8.81e-07      1.79e-04        0.02
  12     -1264.329955117     -6.82e-08      5.14e-05        0.02
  13     -1264.329955096      2.09e-08      4.35e-05        0.02
  14     -1264.329955064      3.26e-08      3.53e-05        0.02
  15     -1264.329955057      6.97e-09      3.53e-05        0.02
  16     -1264.329955055      1.33e-09      3.52e-05        0.02
  17     -1264.329955034      2.10e-08      2.59e-05        0.02
  18     -1264.329955025      8.82e-09      1.96e-05        0.02
  19     -1264.329955023      2.90e-09      1.55e-05        0.02
  20     -1264.329955016      6.62e-09      1.16e-05        0.02
  21     -1264.329955022     -6.18e-09      6.59e-06        0.02

 SCF converged in 21 iterations.

 Dipole moment (in Debye):              -0.000014      -0.000014      -2.996743

 Quadrupole moment (in Debye-Angstrom):
                  1            2            3
 1       -15.444052    -0.000000     0.000035
 2        -0.000000   -15.444052     0.000035
 3         0.000035     0.000035   -18.250528

 Spin-squared expectation <S^2>:         3.784
 Total spin quantum number S:            1.508
 TOTAL ENERGY:                       -1264.329955025

 --------------------------------------------------------------------------------

 End time:                               Wed Jun  2 11:52:04 2021
 Total wall-clock time:                  3.438 seconds
==================================================================================
