
================================================================================
          _____________ ________ _______________ ________     _________         
         / ___________// ______ \\_____   _____// ______ \   / ________)        
        / /_________  / /      \ \     | |     / /      \ \ | (_______          
       |  __________|| |        | |    | |    | |        | | \________ \        
        \ \_________ | |        | |    | |     \ \______/ /___________) |       
         \__________||_|        |_|    |_|      \________//____________/        
                                                                                
====================================[ Qcore ]===================================

 Git hash:   15a3e7daff0cda5fa9af010ccd19a80288182ecf
 Git date:   Fri, 16 Apr 2021 15:57:16 +0100
 Compiler:   GNU 9.1.0
 Build type: Release
 Version:    1.1.0

 Start time: Wed Jun  2 11:52:12 2021

 Data directory: /work/zw18965/.local/qcore/share/entos/1.1.0/data
 Number of threads: 24
 Number of threads was determined by: command line argument
  - More threads can be used by running 'qcore -n 32'

 --------------------------------------------------------------------------------
                                   command: dft                                  
 --------------------------------------------------------------------------------
 AO basis set:                           aug-cc-pvtz
 Number of AO basis functions:         152

 Formula:                                FeBr
 Nuclear charge:                        61.000000000
 Total charge:                           0.000000000
 Number of electrons:                   61.000000000

 Number of alpha electrons:             33
 Number of beta electrons:              28
 Number of unpaired electrons:           5
 Spin:                                   5
 Multiplicity:                           septet

 Theory:                                 dft
 Exchange-correlation functional:        camb3lyp

 Using range separated hybrid functional
 Range separation parameter:             0.330000000
 Short range exact exchange:             0.190000000
 Total long range exact exchange:        0.650000000

 Method for Coulomb:                     incore_df
 Method for exact exchange:              pre_transformed_df
 Integral threshold:                     1.00e-12
 DF basis set:                           def2-tzvp-jkfit(spdfghi)
 Number of DF basis functions:         530
 Schwarz screening threshold:            1.00e-10
 Coulomb fitting method:                 Cholesky
 Total number of grid points:        16100
 Method for AO orthogonalization:        symmetric
 Threshold for linear dependence:        1.00e-08
 D3BJ dispersion energy:                -0.001325940

 -------------------------------------
  Running unrestricted open-shell SCF 
 -------------------------------------
 Max number of iterations:             128
 Conv. threshold (gradient):             1.00e-05
 Conv. threshold (energy):               1.00e-06
 Interpolation scheme:                   adiis+cdiis
 Initial guess:                          SAD

 ---------------------------------------------------------------
                  energy        change          grad        time
 ---------------------------------------------------------------
   0     -3837.759640072                    2.95e+00        0.04
   1     -3838.122652339     -3.63e-01      1.56e-01        0.05
   2     -3838.148446185     -2.58e-02      1.48e-01        0.04
   3     -3838.143251952      5.19e-03      1.76e-01        0.04
   4     -3838.157813302     -1.46e-02      2.66e-02        0.04
   5     -3838.158315018     -5.02e-04      1.72e-02        0.04
   6     -3838.158648625     -3.34e-04      3.13e-03        0.03
   7     -3838.158666776     -1.82e-05      1.08e-03        0.04
   8     -3838.158668652     -1.88e-06      3.57e-04        0.04
   9     -3838.158669035     -3.84e-07      1.39e-04        0.04
  10     -3838.158669126     -9.01e-08      1.03e-04        0.03
  11     -3838.158669149     -2.32e-08      4.05e-05        0.04
  12     -3838.158669153     -3.97e-09      2.90e-05        0.03
  13     -3838.158669155     -2.07e-09      2.48e-05        0.04
  14     -3838.158669157     -2.03e-09      1.99e-05        0.04
  15     -3838.158669160     -2.67e-09      9.69e-06        0.04

 SCF converged in 15 iterations.

 Dipole moment (in Debye):              -0.000000      -0.000000      -2.314744

 Quadrupole moment (in Debye-Angstrom):
                  1            2            3
 1       -33.985681     0.000035     0.000001
 2         0.000035   -33.985681     0.000001
 3         0.000001     0.000001   -36.029400

 Spin-squared expectation <S^2>:         8.755
 Total spin quantum number S:            2.501
 TOTAL ENERGY:                       -3838.158669160

 --------------------------------------------------------------------------------

 End time:                               Wed Jun  2 11:52:18 2021
 Total wall-clock time:                  5.796 seconds
==================================================================================
