
================================================================================
          _____________ ________ _______________ ________     _________         
         / ___________// ______ \\_____   _____// ______ \   / ________)        
        / /_________  / /      \ \     | |     / /      \ \ | (_______          
       |  __________|| |        | |    | |    | |        | | \________ \        
        \ \_________ | |        | |    | |     \ \______/ /___________) |       
         \__________||_|        |_|    |_|      \________//____________/        
                                                                                
====================================[ Qcore ]===================================

 Git hash:   15a3e7daff0cda5fa9af010ccd19a80288182ecf
 Git date:   Fri, 16 Apr 2021 15:57:16 +0100
 Compiler:   GNU 9.1.0
 Build type: Release
 Version:    1.1.0

 Start time: Wed Jun  2 11:52:22 2021

 Data directory: /work/zw18965/.local/qcore/share/entos/1.1.0/data
 Number of threads: 24
 Number of threads was determined by: command line argument
  - More threads can be used by running 'qcore -n 32'

 --------------------------------------------------------------------------------
                                   command: dft                                  
 --------------------------------------------------------------------------------
 AO basis set:                           aug-cc-pvtz
 Number of AO basis functions:         143

 Formula:                                SFe
 Nuclear charge:                        42.000000000
 Total charge:                           0.000000000
 Number of electrons:                   42.000000000

 Number of alpha electrons:             23
 Number of beta electrons:              19
 Number of unpaired electrons:           4
 Spin:                                   4
 Multiplicity:                           quintet

 Theory:                                 dft
 Exchange-correlation functional:        camb3lyp

 Using range separated hybrid functional
 Range separation parameter:             0.330000000
 Short range exact exchange:             0.190000000
 Total long range exact exchange:        0.650000000

 Method for Coulomb:                     incore_df
 Method for exact exchange:              pre_transformed_df
 Integral threshold:                     1.00e-12
 DF basis set:                           def2-tzvp-jkfit(spdfghi)
 Number of DF basis functions:         392
 Schwarz screening threshold:            1.00e-10
 Coulomb fitting method:                 Cholesky
 Total number of grid points:        15286
 Method for AO orthogonalization:        symmetric
 Threshold for linear dependence:        1.00e-08
 D3BJ dispersion energy:                -0.001278097

 -------------------------------------
  Running unrestricted open-shell SCF 
 -------------------------------------
 Max number of iterations:             128
 Conv. threshold (gradient):             1.00e-05
 Conv. threshold (energy):               1.00e-06
 Interpolation scheme:                   adiis+cdiis
 Initial guess:                          SAD

 ---------------------------------------------------------------
                  energy        change          grad        time
 ---------------------------------------------------------------
   0     -1661.694577260                    3.24e+00        0.03
   1     -1661.908371526     -2.14e-01      5.51e-01        0.03
   2     -1661.258624660      6.50e-01      1.97e+00        0.03
   3     -1661.939814213     -6.81e-01      6.00e-01        0.03
   4     -1661.989278384     -4.95e-02      2.66e-01        0.03
   5     -1662.000889831     -1.16e-02      2.38e-01        0.03
   6     -1662.009643259     -8.75e-03      7.90e-02        0.03
   7     -1662.010063082     -4.20e-04      1.03e-01        0.04
   8     -1662.012597564     -2.53e-03      8.22e-03        0.03
   9     -1662.012695990     -9.84e-05      3.81e-03        0.03
  10     -1662.012713321     -1.73e-05      1.68e-03        0.03
  11     -1662.012719843     -6.52e-06      6.35e-04        0.03
  12     -1662.012720753     -9.10e-07      1.71e-04        0.03
  13     -1662.012720833     -8.02e-08      7.09e-05        0.04
  14     -1662.012720834     -2.44e-10      2.13e-05        0.04
  15     -1662.012720821      1.30e-08      1.64e-05        0.03
  16     -1662.012720803      1.75e-08      1.34e-05        0.04
  17     -1662.012720796      6.85e-09      1.16e-05        0.03
  18     -1662.012720795      1.49e-09      1.09e-05        0.03
  19     -1662.012720793      1.89e-09      9.95e-06        0.03

 SCF converged in 19 iterations.

 Dipole moment (in Debye):               0.000001       0.000001      -6.104437

 Quadrupole moment (in Debye-Angstrom):
                  1            2            3
 1       -28.628070     0.000802     0.000000
 2         0.000802   -28.628070     0.000000
 3         0.000000     0.000000   -24.913387

 Spin-squared expectation <S^2>:         6.039
 Total spin quantum number S:            2.008
 TOTAL ENERGY:                       -1662.012720795

 --------------------------------------------------------------------------------

 End time:                               Wed Jun  2 11:52:26 2021
 Total wall-clock time:                  4.122 seconds
==================================================================================
