
================================================================================
          _____________ ________ _______________ ________     _________         
         / ___________// ______ \\_____   _____// ______ \   / ________)        
        / /_________  / /      \ \     | |     / /      \ \ | (_______          
       |  __________|| |        | |    | |    | |        | | \________ \        
        \ \_________ | |        | |    | |     \ \______/ /___________) |       
         \__________||_|        |_|    |_|      \________//____________/        
                                                                                
====================================[ Qcore ]===================================

 Git hash:   15a3e7daff0cda5fa9af010ccd19a80288182ecf
 Git date:   Fri, 16 Apr 2021 15:57:16 +0100
 Compiler:   GNU 9.1.0
 Build type: Release
 Version:    1.1.0

 Start time: Wed Jun  2 11:52:57 2021

 Data directory: /work/zw18965/.local/qcore/share/entos/1.1.0/data
 Number of threads: 24
 Number of threads was determined by: command line argument
  - More threads can be used by running 'qcore -n 32'

 --------------------------------------------------------------------------------
                                   command: dft                                  
 --------------------------------------------------------------------------------
 AO basis set:                           aug-cc-pvtz
 Number of AO basis functions:         139

 Formula:                                FNi
 Nuclear charge:                        37.000000000
 Total charge:                           0.000000000
 Number of electrons:                   37.000000000

 Number of alpha electrons:             19
 Number of beta electrons:              18
 Number of unpaired electrons:           1
 Spin:                                   1
 Multiplicity:                           doublet

 Theory:                                 dft
 Exchange-correlation functional:        camb3lyp

 Using range separated hybrid functional
 Range separation parameter:             0.330000000
 Short range exact exchange:             0.190000000
 Total long range exact exchange:        0.650000000

 Method for Coulomb:                     incore_df
 Method for exact exchange:              pre_transformed_df
 Integral threshold:                     1.00e-12
 DF basis set:                           def2-tzvp-jkfit(spdfghi)
 Number of DF basis functions:         341
 Schwarz screening threshold:            1.00e-10
 Coulomb fitting method:                 Cholesky
 Total number of grid points:        14748
 Method for AO orthogonalization:        symmetric
 Threshold for linear dependence:        1.00e-08
 D3BJ dispersion energy:                -0.000358812

 -------------------------------------
  Running unrestricted open-shell SCF 
 -------------------------------------
 Max number of iterations:             128
 Conv. threshold (gradient):             1.00e-05
 Conv. threshold (energy):               1.00e-06
 Interpolation scheme:                   adiis+cdiis
 Initial guess:                          SAD

 ---------------------------------------------------------------
                  energy        change          grad        time
 ---------------------------------------------------------------
   0     -1608.057691896                    1.67e+00        0.03
   1     -1608.219844360     -1.62e-01      6.17e-01        0.03
   2     -1607.962672258      2.57e-01      1.28e+00        0.03
   3     -1608.301658424     -3.39e-01      2.42e-01        0.03
   4     -1608.295709152      5.95e-03      3.04e-01        0.03
   5     -1608.314728573     -1.90e-02      3.28e-02        0.03
   6     -1608.314239988      4.89e-04      5.20e-02        0.03
   7     -1608.315028418     -7.88e-04      2.75e-03        0.03
   8     -1608.315034753     -6.34e-06      1.02e-03        0.03
   9     -1608.315035715     -9.62e-07      3.50e-04        0.03
  10     -1608.315035936     -2.21e-07      1.76e-04        0.03
  11     -1608.315036045     -1.09e-07      9.56e-05        0.03
  12     -1608.315036099     -5.39e-08      3.52e-05        0.03
  13     -1608.315036119     -1.94e-08      7.02e-06        0.03

 SCF converged in 13 iterations.

 Dipole moment (in Debye):               0.000005       0.000005      -5.161754

 Quadrupole moment (in Debye-Angstrom):
                  1            2            3
 1       -17.165538    -0.000007    -0.000007
 2        -0.000007   -17.165538    -0.000007
 3        -0.000007    -0.000007   -20.088887

 Spin-squared expectation <S^2>:         0.753
 Total spin quantum number S:            0.501
 TOTAL ENERGY:                       -1608.315036121

 --------------------------------------------------------------------------------

 End time:                               Wed Jun  2 11:53:01 2021
 Total wall-clock time:                  3.727 seconds
==================================================================================
