
================================================================================
          _____________ ________ _______________ ________     _________         
         / ___________// ______ \\_____   _____// ______ \   / ________)        
        / /_________  / /      \ \     | |     / /      \ \ | (_______          
       |  __________|| |        | |    | |    | |        | | \________ \        
        \ \_________ | |        | |    | |     \ \______/ /___________) |       
         \__________||_|        |_|    |_|      \________//____________/        
                                                                                
====================================[ Qcore ]===================================

 Git hash:   15a3e7daff0cda5fa9af010ccd19a80288182ecf
 Git date:   Fri, 16 Apr 2021 15:57:16 +0100
 Compiler:   GNU 9.1.0
 Build type: Release
 Version:    1.1.0

 Start time: Wed Jun  2 11:53:01 2021

 Data directory: /work/zw18965/.local/qcore/share/entos/1.1.0/data
 Number of threads: 24
 Number of threads was determined by: command line argument
  - More threads can be used by running 'qcore -n 32'

 --------------------------------------------------------------------------------
                                   command: dft                                  
 --------------------------------------------------------------------------------
 AO basis set:                           aug-cc-pvtz
 Number of AO basis functions:         143

 Formula:                                ClNi
 Nuclear charge:                        45.000000000
 Total charge:                           0.000000000
 Number of electrons:                   45.000000000

 Number of alpha electrons:             23
 Number of beta electrons:              22
 Number of unpaired electrons:           1
 Spin:                                   1
 Multiplicity:                           doublet

 Theory:                                 dft
 Exchange-correlation functional:        camb3lyp

 Using range separated hybrid functional
 Range separation parameter:             0.330000000
 Short range exact exchange:             0.190000000
 Total long range exact exchange:        0.650000000

 Method for Coulomb:                     incore_df
 Method for exact exchange:              pre_transformed_df
 Integral threshold:                     1.00e-12
 DF basis set:                           def2-tzvp-jkfit(spdfghi)
 Number of DF basis functions:         392
 Schwarz screening threshold:            1.00e-10
 Coulomb fitting method:                 Cholesky
 Total number of grid points:        15430
 Method for AO orthogonalization:        symmetric
 Threshold for linear dependence:        1.00e-08
 D3BJ dispersion energy:                -0.001158656

 -------------------------------------
  Running unrestricted open-shell SCF 
 -------------------------------------
 Max number of iterations:             128
 Conv. threshold (gradient):             1.00e-05
 Conv. threshold (energy):               1.00e-06
 Interpolation scheme:                   adiis+cdiis
 Initial guess:                          SAD

 ---------------------------------------------------------------
                  energy        change          grad        time
 ---------------------------------------------------------------
   0     -1968.573441771                    2.43e+00        0.03
   1     -1968.680867787     -1.07e-01      2.62e-01        0.04
   2     -1968.687436243     -6.57e-03      2.51e-01        0.03
   3     -1968.709805953     -2.24e-02      1.78e-01        0.03
   4     -1968.700280123      9.53e-03      2.39e-01        0.03
   5     -1968.717587335     -1.73e-02      3.75e-02        0.03
   6     -1968.716459960      1.13e-03      7.94e-02        0.03
   7     -1968.718221762     -1.76e-03      2.25e-03        0.03
   8     -1968.718224443     -2.68e-06      8.61e-04        0.03
   9     -1968.718224703     -2.60e-07      3.88e-04        0.03
  10     -1968.718224724     -2.07e-08      1.30e-04        0.03
  11     -1968.718224715      8.75e-09      6.13e-05        0.03
  12     -1968.718224706      9.16e-09      2.02e-05        0.03
  13     -1968.718224698      7.63e-09      6.06e-06        0.03

 SCF converged in 13 iterations.

 Dipole moment (in Debye):               0.000007       0.000007      -5.391248

 Quadrupole moment (in Debye-Angstrom):
                  1            2            3
 1       -25.930708    -0.000012    -0.000011
 2        -0.000012   -25.930708    -0.000011
 3        -0.000011    -0.000011   -24.435094

 Spin-squared expectation <S^2>:         0.753
 Total spin quantum number S:            0.501
 TOTAL ENERGY:                       -1968.718224695

 --------------------------------------------------------------------------------

 End time:                               Wed Jun  2 11:53:05 2021
 Total wall-clock time:                  3.894 seconds
==================================================================================
