
================================================================================
          _____________ ________ _______________ ________     _________         
         / ___________// ______ \\_____   _____// ______ \   / ________)        
        / /_________  / /      \ \     | |     / /      \ \ | (_______          
       |  __________|| |        | |    | |    | |        | | \________ \        
        \ \_________ | |        | |    | |     \ \______/ /___________) |       
         \__________||_|        |_|    |_|      \________//____________/        
                                                                                
====================================[ Qcore ]===================================

 Git hash:   15a3e7daff0cda5fa9af010ccd19a80288182ecf
 Git date:   Fri, 16 Apr 2021 15:57:16 +0100
 Compiler:   GNU 9.1.0
 Build type: Release
 Version:    1.1.0

 Start time: Wed Jun  2 11:53:05 2021

 Data directory: /work/zw18965/.local/qcore/share/entos/1.1.0/data
 Number of threads: 24
 Number of threads was determined by: command line argument
  - More threads can be used by running 'qcore -n 32'

 --------------------------------------------------------------------------------
                                   command: dft                                  
 --------------------------------------------------------------------------------
 AO basis set:                           aug-cc-pvtz
 Number of AO basis functions:         152

 Formula:                                NiBr
 Nuclear charge:                        63.000000000
 Total charge:                           0.000000000
 Number of electrons:                   63.000000000

 Number of alpha electrons:             32
 Number of beta electrons:              31
 Number of unpaired electrons:           1
 Spin:                                   1
 Multiplicity:                           doublet

 Theory:                                 dft
 Exchange-correlation functional:        camb3lyp

 Using range separated hybrid functional
 Range separation parameter:             0.330000000
 Short range exact exchange:             0.190000000
 Total long range exact exchange:        0.650000000

 Method for Coulomb:                     incore_df
 Method for exact exchange:              pre_transformed_df
 Integral threshold:                     1.00e-12
 DF basis set:                           def2-tzvp-jkfit(spdfghi)
 Number of DF basis functions:         530
 Schwarz screening threshold:            1.00e-10
 Coulomb fitting method:                 Cholesky
 Total number of grid points:        16100
 Method for AO orthogonalization:        symmetric
 Threshold for linear dependence:        1.00e-08
 D3BJ dispersion energy:                -0.001393523

 -------------------------------------
  Running unrestricted open-shell SCF 
 -------------------------------------
 Max number of iterations:             128
 Conv. threshold (gradient):             1.00e-05
 Conv. threshold (energy):               1.00e-06
 Interpolation scheme:                   adiis+cdiis
 Initial guess:                          SAD

 ---------------------------------------------------------------
                  energy        change          grad        time
 ---------------------------------------------------------------
   0     -4082.729129319                    2.69e+00        0.04
   1     -4082.785774588     -5.66e-02      2.39e-01        0.04
   2     -4082.798723469     -1.29e-02      2.01e-01        0.03
   3     -4082.804624867     -5.90e-03      2.05e-01        0.03
   4     -4082.808512294     -3.89e-03      1.51e-01        0.03
   5     -4082.814392948     -5.88e-03      6.64e-02        0.04
   6     -4082.815249046     -8.56e-04      3.78e-02        0.04
   7     -4082.815920883     -6.72e-04      2.63e-03        0.04
   8     -4082.815924408     -3.53e-06      8.68e-04        0.03
   9     -4082.815924542     -1.34e-07      3.65e-04        0.03
  10     -4082.815924557     -1.44e-08      1.10e-04        0.04
  11     -4082.815924541      1.56e-08      3.91e-05        0.04
  12     -4082.815924533      8.13e-09      9.96e-06        0.03

 SCF converged in 12 iterations.

 Dipole moment (in Debye):               0.000015       0.000015      -5.169633

 Quadrupole moment (in Debye-Angstrom):
                  1            2            3
 1       -32.080603    -0.000015    -0.000028
 2        -0.000015   -32.080603    -0.000028
 3        -0.000028    -0.000028   -25.566601

 Spin-squared expectation <S^2>:         0.753
 Total spin quantum number S:            0.501
 TOTAL ENERGY:                       -4082.815924529

 --------------------------------------------------------------------------------

 End time:                               Wed Jun  2 11:53:10 2021
 Total wall-clock time:                  5.475 seconds
==================================================================================
