
================================================================================
          _____________ ________ _______________ ________     _________         
         / ___________// ______ \\_____   _____// ______ \   / ________)        
        / /_________  / /      \ \     | |     / /      \ \ | (_______          
       |  __________|| |        | |    | |    | |        | | \________ \        
        \ \_________ | |        | |    | |     \ \______/ /___________) |       
         \__________||_|        |_|    |_|      \________//____________/        
                                                                                
====================================[ Qcore ]===================================

 Git hash:   15a3e7daff0cda5fa9af010ccd19a80288182ecf
 Git date:   Fri, 16 Apr 2021 15:57:16 +0100
 Compiler:   GNU 9.1.0
 Build type: Release
 Version:    1.1.0

 Start time: Wed Jun  2 11:53:18 2021

 Data directory: /work/zw18965/.local/qcore/share/entos/1.1.0/data
 Number of threads: 24
 Number of threads was determined by: command line argument
  - More threads can be used by running 'qcore -n 32'

 --------------------------------------------------------------------------------
                                   command: dft                                  
 --------------------------------------------------------------------------------
 AO basis set:                           aug-cc-pvtz
 Number of AO basis functions:         116

 Formula:                                HCu
 Nuclear charge:                        30.000000000
 Total charge:                           0.000000000
 Number of electrons:                   30.000000000

 Number of alpha electrons:             15
 Number of beta electrons:              15
 Number of unpaired electrons:           0
 Spin:                                   0
 Multiplicity:                           singlet

 Theory:                                 dft
 Exchange-correlation functional:        camb3lyp

 Using range separated hybrid functional
 Range separation parameter:             0.330000000
 Short range exact exchange:             0.190000000
 Total long range exact exchange:        0.650000000

 Method for Coulomb:                     incore_df
 Method for exact exchange:              pre_transformed_df
 Integral threshold:                     1.00e-12
 DF basis set:                           def2-tzvp-jkfit(spdfghi)
 Number of DF basis functions:         282
 Schwarz screening threshold:            1.00e-10
 Coulomb fitting method:                 Cholesky
 Total number of grid points:        13826
 Method for AO orthogonalization:        symmetric
 Threshold for linear dependence:        1.00e-08
 D3BJ dispersion energy:                -0.000260439

 -------------------------------------
  Running restricted closed-shell SCF 
 -------------------------------------
 Max number of iterations:             128
 Conv. threshold (gradient):             1.00e-05
 Conv. threshold (energy):               1.00e-06
 Interpolation scheme:                   adiis+cdiis
 Initial guess:                          SAD

 ---------------------------------------------------------------
                  energy        change          grad        time
 ---------------------------------------------------------------
   0     -1641.184183577                    4.64e+00        0.02
   1     -1641.219351203     -3.52e-02      4.37e-01        0.02
   2     -1641.212368873      6.98e-03      7.20e-01        0.02
   3     -1641.232462728     -2.01e-02      2.43e-01        0.02
   4     -1641.230592893      1.87e-03      3.24e-01        0.01
   5     -1641.236440891     -5.85e-03      2.66e-02        0.01
   6     -1641.236467118     -2.62e-05      2.48e-02        0.01
   7     -1641.236525059     -5.79e-05      2.47e-03        0.01
   8     -1641.236525839     -7.80e-07      4.69e-04        0.01
   9     -1641.236525898     -5.89e-08      5.67e-05        0.01
  10     -1641.236525899     -1.45e-09      1.58e-05        0.01
  11     -1641.236525899     -3.12e-11      2.86e-06        0.01

 SCF converged in 11 iterations.

 Dipole moment (in Debye):              -0.000000      -0.000000      -2.861780

 Quadrupole moment (in Debye-Angstrom):
                  1            2            3
 1       -14.721707    -0.000000     0.000000
 2        -0.000000   -14.721707     0.000000
 3         0.000000     0.000000   -15.103217

 Spin-squared expectation <S^2>:         0.000
 Total spin quantum number S:            0.000
 TOTAL ENERGY:                       -1641.236525899

 --------------------------------------------------------------------------------

 End time:                               Wed Jun  2 11:53:21 2021
 Total wall-clock time:                  3.132 seconds
==================================================================================
