
================================================================================
          _____________ ________ _______________ ________     _________         
         / ___________// ______ \\_____   _____// ______ \   / ________)        
        / /_________  / /      \ \     | |     / /      \ \ | (_______          
       |  __________|| |        | |    | |    | |        | | \________ \        
        \ \_________ | |        | |    | |     \ \______/ /___________) |       
         \__________||_|        |_|    |_|      \________//____________/        
                                                                                
====================================[ Qcore ]===================================

 Git hash:   15a3e7daff0cda5fa9af010ccd19a80288182ecf
 Git date:   Fri, 16 Apr 2021 15:57:16 +0100
 Compiler:   GNU 9.1.0
 Build type: Release
 Version:    1.1.0

 Start time: Wed Jun  2 11:53:22 2021

 Data directory: /work/zw18965/.local/qcore/share/entos/1.1.0/data
 Number of threads: 24
 Number of threads was determined by: command line argument
  - More threads can be used by running 'qcore -n 32'

 --------------------------------------------------------------------------------
                                   command: dft                                  
 --------------------------------------------------------------------------------
 AO basis set:                           aug-cc-pvtz
 Number of AO basis functions:         139

 Formula:                                FCu
 Nuclear charge:                        38.000000000
 Total charge:                           0.000000000
 Number of electrons:                   38.000000000

 Number of alpha electrons:             19
 Number of beta electrons:              19
 Number of unpaired electrons:           0
 Spin:                                   0
 Multiplicity:                           singlet

 Theory:                                 dft
 Exchange-correlation functional:        camb3lyp

 Using range separated hybrid functional
 Range separation parameter:             0.330000000
 Short range exact exchange:             0.190000000
 Total long range exact exchange:        0.650000000

 Method for Coulomb:                     incore_df
 Method for exact exchange:              pre_transformed_df
 Integral threshold:                     1.00e-12
 DF basis set:                           def2-tzvp-jkfit(spdfghi)
 Number of DF basis functions:         341
 Schwarz screening threshold:            1.00e-10
 Coulomb fitting method:                 Cholesky
 Total number of grid points:        14748
 Method for AO orthogonalization:        symmetric
 Threshold for linear dependence:        1.00e-08
 D3BJ dispersion energy:                -0.000313112

 -------------------------------------
  Running restricted closed-shell SCF 
 -------------------------------------
 Max number of iterations:             128
 Conv. threshold (gradient):             1.00e-05
 Conv. threshold (energy):               1.00e-06
 Interpolation scheme:                   adiis+cdiis
 Initial guess:                          SAD

 ---------------------------------------------------------------
                  energy        change          grad        time
 ---------------------------------------------------------------
   0     -1740.430795991                    3.62e+00        0.02
   1     -1740.425441757      5.35e-03      1.28e+00        0.02
   2     -1739.992473808      4.33e-01      3.07e+00        0.02
   3     -1740.508569119     -5.16e-01      7.24e-01        0.02
   4     -1740.520980359     -1.24e-02      5.46e-01        0.02
   5     -1740.534565519     -1.36e-02      1.07e-01        0.02
   6     -1740.531914079      2.65e-03      2.15e-01        0.02
   7     -1740.535385916     -3.47e-03      5.89e-02        0.02
   8     -1740.535382277      3.64e-06      6.18e-02        0.02
   9     -1740.535627364     -2.45e-04      1.98e-03        0.02
  10     -1740.535628845     -1.48e-06      4.61e-04        0.02
  11     -1740.535628913     -6.81e-08      1.61e-04        0.02
  12     -1740.535628918     -4.16e-09      3.04e-05        0.02
  13     -1740.535628918     -2.29e-10      6.80e-06        0.02

 SCF converged in 13 iterations.

 Dipole moment (in Debye):              -0.000000      -0.000000      -5.280560

 Quadrupole moment (in Debye-Angstrom):
                  1            2            3
 1       -17.158383     0.000000    -0.000000
 2         0.000000   -17.158383    -0.000000
 3        -0.000000    -0.000000   -19.544545

 Spin-squared expectation <S^2>:         0.000
 Total spin quantum number S:            0.000
 TOTAL ENERGY:                       -1740.535628918

 --------------------------------------------------------------------------------

 End time:                               Wed Jun  2 11:53:25 2021
 Total wall-clock time:                  3.471 seconds
==================================================================================
