
================================================================================
          _____________ ________ _______________ ________     _________         
         / ___________// ______ \\_____   _____// ______ \   / ________)        
        / /_________  / /      \ \     | |     / /      \ \ | (_______          
       |  __________|| |        | |    | |    | |        | | \________ \        
        \ \_________ | |        | |    | |     \ \______/ /___________) |       
         \__________||_|        |_|    |_|      \________//____________/        
                                                                                
====================================[ Qcore ]===================================

 Git hash:   15a3e7daff0cda5fa9af010ccd19a80288182ecf
 Git date:   Fri, 16 Apr 2021 15:57:16 +0100
 Compiler:   GNU 9.1.0
 Build type: Release
 Version:    1.1.0

 Start time: Wed Jun  2 11:53:34 2021

 Data directory: /work/zw18965/.local/qcore/share/entos/1.1.0/data
 Number of threads: 24
 Number of threads was determined by: command line argument
  - More threads can be used by running 'qcore -n 32'

 --------------------------------------------------------------------------------
                                   command: dft                                  
 --------------------------------------------------------------------------------
 AO basis set:                           aug-cc-pvtz
 Number of AO basis functions:         139

 Formula:                                OCu
 Nuclear charge:                        37.000000000
 Total charge:                           0.000000000
 Number of electrons:                   37.000000000

 Number of alpha electrons:             19
 Number of beta electrons:              18
 Number of unpaired electrons:           1
 Spin:                                   1
 Multiplicity:                           doublet

 Theory:                                 dft
 Exchange-correlation functional:        camb3lyp

 Using range separated hybrid functional
 Range separation parameter:             0.330000000
 Short range exact exchange:             0.190000000
 Total long range exact exchange:        0.650000000

 Method for Coulomb:                     incore_df
 Method for exact exchange:              pre_transformed_df
 Integral threshold:                     1.00e-12
 DF basis set:                           def2-tzvp-jkfit(spdfghi)
 Number of DF basis functions:         341
 Schwarz screening threshold:            1.00e-10
 Coulomb fitting method:                 Cholesky
 Total number of grid points:        14880
 Method for AO orthogonalization:        symmetric
 Threshold for linear dependence:        1.00e-08
 D3BJ dispersion energy:                -0.000437479

 -------------------------------------
  Running unrestricted open-shell SCF 
 -------------------------------------
 Max number of iterations:             128
 Conv. threshold (gradient):             1.00e-05
 Conv. threshold (energy):               1.00e-06
 Interpolation scheme:                   adiis+cdiis
 Initial guess:                          SAD

 ---------------------------------------------------------------
                  energy        change          grad        time
 ---------------------------------------------------------------
   0     -1715.712107138                    2.45e+00        0.03
   1     -1715.234241309      4.78e-01      1.29e+00        0.03
   2     -1708.139165221      7.10e+00      3.17e+00        0.03
   3     -1714.727072249     -6.59e+00      1.86e+00        0.03
   4     -1715.705442762     -9.78e-01      6.39e-01        0.03
   5     -1715.769229330     -6.38e-02      4.38e-01        0.03
   6     -1715.802459220     -3.32e-02      1.74e-01        0.03
   7     -1715.800028700      2.43e-03      2.52e-01        0.03
   8     -1715.809430964     -9.40e-03      8.20e-02        0.03
   9     -1715.807336769      2.09e-03      1.25e-01        0.03
  10     -1715.811649045     -4.31e-03      1.03e-02        0.03
  11     -1715.811834548     -1.86e-04      5.50e-03        0.03
  12     -1715.811899006     -6.45e-05      2.77e-03        0.03
  13     -1715.811909003     -1.00e-05      9.93e-04        0.03
  14     -1715.811910772     -1.77e-06      4.26e-04        0.03
  15     -1715.811910827     -5.52e-08      1.50e-04        0.03
  16     -1715.811910819      8.09e-09      5.40e-05        0.03
  17     -1715.811910835     -1.60e-08      2.16e-05        0.03
  18     -1715.811910840     -5.10e-09      6.30e-06        0.03

 SCF converged in 18 iterations.

 Dipole moment (in Debye):              -0.000000      -0.000000      -4.820115

 Quadrupole moment (in Debye-Angstrom):
                  1            2            3
 1       -18.081505    -0.778249    -0.000000
 2        -0.778249   -18.081044    -0.000000
 3        -0.000000    -0.000000   -20.096085

 Spin-squared expectation <S^2>:         0.763
 Total spin quantum number S:            0.507
 TOTAL ENERGY:                       -1715.811910841

 --------------------------------------------------------------------------------

 End time:                               Wed Jun  2 11:53:38 2021
 Total wall-clock time:                  3.670 seconds
==================================================================================
