
================================================================================
          _____________ ________ _______________ ________     _________         
         / ___________// ______ \\_____   _____// ______ \   / ________)        
        / /_________  / /      \ \     | |     / /      \ \ | (_______          
       |  __________|| |        | |    | |    | |        | | \________ \        
        \ \_________ | |        | |    | |     \ \______/ /___________) |       
         \__________||_|        |_|    |_|      \________//____________/        
                                                                                
====================================[ Qcore ]===================================

 Git hash:   15a3e7daff0cda5fa9af010ccd19a80288182ecf
 Git date:   Fri, 16 Apr 2021 15:57:16 +0100
 Compiler:   GNU 9.1.0
 Build type: Release
 Version:    1.1.0

 Start time: Wed Jun  2 11:53:38 2021

 Data directory: /work/zw18965/.local/qcore/share/entos/1.1.0/data
 Number of threads: 24
 Number of threads was determined by: command line argument
  - More threads can be used by running 'qcore -n 32'

 --------------------------------------------------------------------------------
                                   command: dft                                  
 --------------------------------------------------------------------------------
 AO basis set:                           aug-cc-pvtz
 Number of AO basis functions:         143

 Formula:                                SCu
 Nuclear charge:                        45.000000000
 Total charge:                           0.000000000
 Number of electrons:                   45.000000000

 Number of alpha electrons:             23
 Number of beta electrons:              22
 Number of unpaired electrons:           1
 Spin:                                   1
 Multiplicity:                           doublet

 Theory:                                 dft
 Exchange-correlation functional:        camb3lyp

 Using range separated hybrid functional
 Range separation parameter:             0.330000000
 Short range exact exchange:             0.190000000
 Total long range exact exchange:        0.650000000

 Method for Coulomb:                     incore_df
 Method for exact exchange:              pre_transformed_df
 Integral threshold:                     1.00e-12
 DF basis set:                           def2-tzvp-jkfit(spdfghi)
 Number of DF basis functions:         392
 Schwarz screening threshold:            1.00e-10
 Coulomb fitting method:                 Cholesky
 Total number of grid points:        15286
 Method for AO orthogonalization:        symmetric
 Threshold for linear dependence:        1.00e-08
 D3BJ dispersion energy:                -0.001178086

 -------------------------------------
  Running unrestricted open-shell SCF 
 -------------------------------------
 Max number of iterations:             128
 Conv. threshold (gradient):             1.00e-05
 Conv. threshold (energy):               1.00e-06
 Interpolation scheme:                   adiis+cdiis
 Initial guess:                          SAD

 ---------------------------------------------------------------
                  energy        change          grad        time
 ---------------------------------------------------------------
   0     -2038.890807365                    3.24e+00        0.04
   1     -2038.729975080      1.61e-01      9.25e-01        0.03
   2     -2038.255184345      4.75e-01      1.37e+00        0.03
   3     -2038.826670720     -5.71e-01      3.73e-01        0.03
   4     -2038.849615606     -2.29e-02      3.56e-01        0.03
   5     -2038.863503952     -1.39e-02      1.73e-01        0.03
   6     -2038.868473087     -4.97e-03      1.11e-01        0.03
   7     -2038.870396155     -1.92e-03      5.18e-02        0.03
   8     -2038.870569032     -1.73e-04      5.86e-02        0.03
   9     -2038.871264619     -6.96e-04      3.14e-03        0.03
  10     -2038.871269321     -4.70e-06      9.70e-04        0.04
  11     -2038.871269975     -6.54e-07      1.99e-04        0.03
  12     -2038.871270052     -7.72e-08      1.13e-04        0.03
  13     -2038.871270061     -8.79e-09      5.98e-05        0.03
  14     -2038.871270086     -2.46e-08      3.06e-05        0.03
  15     -2038.871270086      1.93e-10      9.79e-06        0.03

 SCF converged in 15 iterations.

 Dipole moment (in Debye):               0.000000       0.000000      -4.397247

 Quadrupole moment (in Debye-Angstrom):
                  1            2            3
 1       -26.820672    -1.457001     0.000000
 2        -1.457001   -26.821201     0.000000
 3         0.000000     0.000000   -24.728500

 Spin-squared expectation <S^2>:         0.756
 Total spin quantum number S:            0.503
 TOTAL ENERGY:                       -2038.871270087

 --------------------------------------------------------------------------------

 End time:                               Wed Jun  2 11:53:42 2021
 Total wall-clock time:                  3.994 seconds
==================================================================================
