
================================================================================
          _____________ ________ _______________ ________     _________         
         / ___________// ______ \\_____   _____// ______ \   / ________)        
        / /_________  / /      \ \     | |     / /      \ \ | (_______          
       |  __________|| |        | |    | |    | |        | | \________ \        
        \ \_________ | |        | |    | |     \ \______/ /___________) |       
         \__________||_|        |_|    |_|      \________//____________/        
                                                                                
====================================[ Qcore ]===================================

 Git hash:   15a3e7daff0cda5fa9af010ccd19a80288182ecf
 Git date:   Fri, 16 Apr 2021 15:57:16 +0100
 Compiler:   GNU 9.1.0
 Build type: Release
 Version:    1.1.0

 Start time: Wed Jun  2 11:53:42 2021

 Data directory: /work/zw18965/.local/qcore/share/entos/1.1.0/data
 Number of threads: 24
 Number of threads was determined by: command line argument
  - More threads can be used by running 'qcore -n 32'

 --------------------------------------------------------------------------------
                                   command: dft                                  
 --------------------------------------------------------------------------------
 AO basis set:                           aug-cc-pvtz
 Number of AO basis functions:         116

 Formula:                                HZn
 Nuclear charge:                        31.000000000
 Total charge:                           0.000000000
 Number of electrons:                   31.000000000

 Number of alpha electrons:             16
 Number of beta electrons:              15
 Number of unpaired electrons:           1
 Spin:                                   1
 Multiplicity:                           doublet

 Theory:                                 dft
 Exchange-correlation functional:        camb3lyp

 Using range separated hybrid functional
 Range separation parameter:             0.330000000
 Short range exact exchange:             0.190000000
 Total long range exact exchange:        0.650000000

 Method for Coulomb:                     incore_df
 Method for exact exchange:              pre_transformed_df
 Integral threshold:                     1.00e-12
 DF basis set:                           def2-tzvp-jkfit(spdfghi)
 Number of DF basis functions:         282
 Schwarz screening threshold:            1.00e-10
 Coulomb fitting method:                 Cholesky
 Total number of grid points:        13826
 Method for AO orthogonalization:        symmetric
 Threshold for linear dependence:        1.00e-08
 D3BJ dispersion energy:                -0.000316199

 -------------------------------------
  Running unrestricted open-shell SCF 
 -------------------------------------
 Max number of iterations:             128
 Conv. threshold (gradient):             1.00e-05
 Conv. threshold (energy):               1.00e-06
 Interpolation scheme:                   adiis+cdiis
 Initial guess:                          SAD

 ---------------------------------------------------------------
                  energy        change          grad        time
 ---------------------------------------------------------------
   0     -1780.122900124                    1.54e+00        0.02
   1     -1780.082126734      4.08e-02      1.45e-01        0.02
   2     -1780.087145336     -5.02e-03      1.22e-01        0.02
   3     -1780.081246192      5.90e-03      1.92e-01        0.02
   4     -1780.091080525     -9.83e-03      2.86e-02        0.02
   5     -1780.090926530      1.54e-04      4.00e-02        0.02
   6     -1780.091363321     -4.37e-04      2.16e-03        0.02
   7     -1780.091367618     -4.30e-06      8.81e-04        0.02
   8     -1780.091367549      6.85e-08      1.74e-04        0.02
   9     -1780.091367410      1.39e-07      1.90e-05        0.02
  10     -1780.091367397      1.33e-08      3.41e-06        0.02

 SCF converged in 10 iterations.

 Dipole moment (in Debye):               0.000000       0.000000      -0.593709

 Quadrupole moment (in Debye-Angstrom):
                  1            2            3
 1       -15.145184     0.000000    -0.000000
 2         0.000000   -15.145184    -0.000000
 3        -0.000000    -0.000000   -19.760449

 Spin-squared expectation <S^2>:         0.758
 Total spin quantum number S:            0.504
 TOTAL ENERGY:                       -1780.091367395

 --------------------------------------------------------------------------------

 End time:                               Wed Jun  2 11:53:45 2021
 Total wall-clock time:                  3.241 seconds
==================================================================================
