
================================================================================
          _____________ ________ _______________ ________     _________         
         / ___________// ______ \\_____   _____// ______ \   / ________)        
        / /_________  / /      \ \     | |     / /      \ \ | (_______          
       |  __________|| |        | |    | |    | |        | | \________ \        
        \ \_________ | |        | |    | |     \ \______/ /___________) |       
         \__________||_|        |_|    |_|      \________//____________/        
                                                                                
====================================[ Qcore ]===================================

 Git hash:   15a3e7daff0cda5fa9af010ccd19a80288182ecf
 Git date:   Fri, 16 Apr 2021 15:57:16 +0100
 Compiler:   GNU 9.1.0
 Build type: Release
 Version:    1.1.0

 Start time: Wed Jun  2 11:53:49 2021

 Data directory: /work/zw18965/.local/qcore/share/entos/1.1.0/data
 Number of threads: 24
 Number of threads was determined by: command line argument
  - More threads can be used by running 'qcore -n 32'

 --------------------------------------------------------------------------------
                                   command: dft                                  
 --------------------------------------------------------------------------------
 AO basis set:                           aug-cc-pvtz
 Number of AO basis functions:         143

 Formula:                                ClZn
 Nuclear charge:                        47.000000000
 Total charge:                           0.000000000
 Number of electrons:                   47.000000000

 Number of alpha electrons:             24
 Number of beta electrons:              23
 Number of unpaired electrons:           1
 Spin:                                   1
 Multiplicity:                           doublet

 Theory:                                 dft
 Exchange-correlation functional:        camb3lyp

 Using range separated hybrid functional
 Range separation parameter:             0.330000000
 Short range exact exchange:             0.190000000
 Total long range exact exchange:        0.650000000

 Method for Coulomb:                     incore_df
 Method for exact exchange:              pre_transformed_df
 Integral threshold:                     1.00e-12
 DF basis set:                           def2-tzvp-jkfit(spdfghi)
 Number of DF basis functions:         392
 Schwarz screening threshold:            1.00e-10
 Coulomb fitting method:                 Cholesky
 Total number of grid points:        15430
 Method for AO orthogonalization:        symmetric
 Threshold for linear dependence:        1.00e-08
 D3BJ dispersion energy:                -0.001139711

 -------------------------------------
  Running unrestricted open-shell SCF 
 -------------------------------------
 Max number of iterations:             128
 Conv. threshold (gradient):             1.00e-05
 Conv. threshold (energy):               1.00e-06
 Interpolation scheme:                   adiis+cdiis
 Initial guess:                          SAD

 ---------------------------------------------------------------
                  energy        change          grad        time
 ---------------------------------------------------------------
   0     -2239.907930241                    1.96e+00        0.03
   1     -2239.770951362      1.37e-01      2.58e-01        0.03
   2     -2239.772537985     -1.59e-03      2.52e-01        0.03
   3     -2239.805238010     -3.27e-02      8.47e-02        0.03
   4     -2239.801514522      3.72e-03      1.39e-01        0.03
   5     -2239.807732264     -6.22e-03      7.38e-03        0.03
   6     -2239.807785870     -5.36e-05      2.22e-03        0.03
   7     -2239.807792305     -6.43e-06      9.34e-04        0.03
   8     -2239.807793398     -1.09e-06      4.11e-04        0.03
   9     -2239.807793525     -1.27e-07      1.09e-04        0.03
  10     -2239.807793565     -3.99e-08      2.30e-05        0.03
  11     -2239.807793574     -8.50e-09      6.13e-06        0.03

 SCF converged in 11 iterations.

 Dipole moment (in Debye):              -0.000000      -0.000000      -2.938773

 Quadrupole moment (in Debye-Angstrom):
                  1            2            3
 1       -26.655548    -0.000000     0.000000
 2        -0.000000   -26.655548     0.000000
 3         0.000000     0.000000   -29.965196

 Spin-squared expectation <S^2>:         0.753
 Total spin quantum number S:            0.501
 TOTAL ENERGY:                       -2239.807793575

 --------------------------------------------------------------------------------

 End time:                               Wed Jun  2 11:53:53 2021
 Total wall-clock time:                  3.802 seconds
==================================================================================
