
================================================================================
          _____________ ________ _______________ ________     _________         
         / ___________// ______ \\_____   _____// ______ \   / ________)        
        / /_________  / /      \ \     | |     / /      \ \ | (_______          
       |  __________|| |        | |    | |    | |        | | \________ \        
        \ \_________ | |        | |    | |     \ \______/ /___________) |       
         \__________||_|        |_|    |_|      \________//____________/        
                                                                                
====================================[ Qcore ]===================================

 Git hash:   15a3e7daff0cda5fa9af010ccd19a80288182ecf
 Git date:   Fri, 16 Apr 2021 15:57:16 +0100
 Compiler:   GNU 9.1.0
 Build type: Release
 Version:    1.1.0

 Start time: Wed Jun  2 11:53:53 2021

 Data directory: /work/zw18965/.local/qcore/share/entos/1.1.0/data
 Number of threads: 24
 Number of threads was determined by: command line argument
  - More threads can be used by running 'qcore -n 32'

 --------------------------------------------------------------------------------
                                   command: dft                                  
 --------------------------------------------------------------------------------
 AO basis set:                           aug-cc-pvtz
 Number of AO basis functions:         152

 Formula:                                ZnBr
 Nuclear charge:                        65.000000000
 Total charge:                           0.000000000
 Number of electrons:                   65.000000000

 Number of alpha electrons:             33
 Number of beta electrons:              32
 Number of unpaired electrons:           1
 Spin:                                   1
 Multiplicity:                           doublet

 Theory:                                 dft
 Exchange-correlation functional:        camb3lyp

 Using range separated hybrid functional
 Range separation parameter:             0.330000000
 Short range exact exchange:             0.190000000
 Total long range exact exchange:        0.650000000

 Method for Coulomb:                     incore_df
 Method for exact exchange:              pre_transformed_df
 Integral threshold:                     1.00e-12
 DF basis set:                           def2-tzvp-jkfit(spdfghi)
 Number of DF basis functions:         530
 Schwarz screening threshold:            1.00e-10
 Coulomb fitting method:                 Cholesky
 Total number of grid points:        16100
 Method for AO orthogonalization:        symmetric
 Threshold for linear dependence:        1.00e-08
 D3BJ dispersion energy:                -0.001382269

 -------------------------------------
  Running unrestricted open-shell SCF 
 -------------------------------------
 Max number of iterations:             128
 Conv. threshold (gradient):             1.00e-05
 Conv. threshold (energy):               1.00e-06
 Interpolation scheme:                   adiis+cdiis
 Initial guess:                          SAD

 ---------------------------------------------------------------
                  energy        change          grad        time
 ---------------------------------------------------------------
   0     -4354.029242351                    2.49e+00        0.04
   1     -4353.875945870      1.53e-01      2.34e-01        0.04
   2     -4353.880407319     -4.46e-03      1.97e-01        0.04
   3     -4353.902144652     -2.17e-02      9.68e-02        0.04
   4     -4353.897586104      4.56e-03      1.55e-01        0.03
   5     -4353.905473370     -7.89e-03      9.85e-03        0.04
   6     -4353.905555703     -8.23e-05      2.69e-03        0.04
   7     -4353.905565721     -1.00e-05      1.03e-03        0.03
   8     -4353.905567181     -1.46e-06      4.68e-04        0.03
   9     -4353.905567351     -1.70e-07      1.16e-04        0.04
  10     -4353.905567396     -4.52e-08      2.41e-05        0.04
  11     -4353.905567404     -7.62e-09      7.30e-06        0.04

 SCF converged in 11 iterations.

 Dipole moment (in Debye):               0.000000       0.000000      -2.771495

 Quadrupole moment (in Debye-Angstrom):
                  1            2            3
 1       -32.754974    -0.000000    -0.000000
 2        -0.000000   -32.754974    -0.000000
 3        -0.000000    -0.000000   -32.902822

 Spin-squared expectation <S^2>:         0.753
 Total spin quantum number S:            0.502
 TOTAL ENERGY:                       -4353.905567405

 --------------------------------------------------------------------------------

 End time:                               Wed Jun  2 11:53:59 2021
 Total wall-clock time:                  5.823 seconds
==================================================================================
