
================================================================================
          _____________ ________ _______________ ________     _________         
         / ___________// ______ \\_____   _____// ______ \   / ________)        
        / /_________  / /      \ \     | |     / /      \ \ | (_______          
       |  __________|| |        | |    | |    | |        | | \________ \        
        \ \_________ | |        | |    | |     \ \______/ /___________) |       
         \__________||_|        |_|    |_|      \________//____________/        
                                                                                
====================================[ Qcore ]===================================

 Git hash:   15a3e7daff0cda5fa9af010ccd19a80288182ecf
 Git date:   Fri, 16 Apr 2021 15:57:16 +0100
 Compiler:   GNU 9.1.0
 Build type: Release
 Version:    1.1.0

 Start time: Wed Jun  2 11:53:59 2021

 Data directory: /work/zw18965/.local/qcore/share/entos/1.1.0/data
 Number of threads: 24
 Number of threads was determined by: command line argument
  - More threads can be used by running 'qcore -n 32'

 --------------------------------------------------------------------------------
                                   command: dft                                  
 --------------------------------------------------------------------------------
 AO basis set:                           aug-cc-pvtz
 Number of AO basis functions:         139

 Formula:                                OZn
 Nuclear charge:                        38.000000000
 Total charge:                           0.000000000
 Number of electrons:                   38.000000000

 Number of alpha electrons:             19
 Number of beta electrons:              19
 Number of unpaired electrons:           0
 Spin:                                   0
 Multiplicity:                           singlet

 Theory:                                 dft
 Exchange-correlation functional:        camb3lyp

 Using range separated hybrid functional
 Range separation parameter:             0.330000000
 Short range exact exchange:             0.190000000
 Total long range exact exchange:        0.650000000

 Method for Coulomb:                     incore_df
 Method for exact exchange:              pre_transformed_df
 Integral threshold:                     1.00e-12
 DF basis set:                           def2-tzvp-jkfit(spdfghi)
 Number of DF basis functions:         341
 Schwarz screening threshold:            1.00e-10
 Coulomb fitting method:                 Cholesky
 Total number of grid points:        14880
 Method for AO orthogonalization:        symmetric
 Threshold for linear dependence:        1.00e-08
 D3BJ dispersion energy:                -0.000488457

 -------------------------------------
  Running restricted closed-shell SCF 
 -------------------------------------
 Max number of iterations:             128
 Conv. threshold (gradient):             1.00e-05
 Conv. threshold (energy):               1.00e-06
 Interpolation scheme:                   adiis+cdiis
 Initial guess:                          SAD

 ---------------------------------------------------------------
                  energy        change          grad        time
 ---------------------------------------------------------------
   0     -1854.738054884                    4.56e+00        0.02
   1     -1854.340384159      3.98e-01      2.14e+00        0.02
   2     -1848.730895295      5.61e+00      5.34e+00        0.02
   3     -1854.001045472     -5.27e+00      2.71e+00        0.02
   4     -1854.665578768     -6.65e-01      2.56e-01        0.02
   5     -1854.641702602      2.39e-02      6.95e-01        0.02
   6     -1854.667691212     -2.60e-02      2.12e-01        0.02
   7     -1854.669894878     -2.20e-03      5.84e-02        0.02
   8     -1854.669870904      2.40e-05      7.16e-02        0.02
   9     -1854.670180512     -3.10e-04      2.94e-03        0.02
  10     -1854.670181841     -1.33e-06      1.73e-03        0.02
  11     -1854.670182317     -4.75e-07      2.10e-04        0.02
  12     -1854.670182324     -7.44e-09      6.14e-05        0.02
  13     -1854.670182325     -2.96e-10      5.50e-06        0.02

 SCF converged in 13 iterations.

 Dipole moment (in Debye):               0.000000       0.000000      -6.094615

 Quadrupole moment (in Debye-Angstrom):
                  1            2            3
 1       -19.093234    -0.000000    -0.000000
 2        -0.000000   -19.093234    -0.000000
 3        -0.000000    -0.000000   -21.538519

 Spin-squared expectation <S^2>:         0.000
 Total spin quantum number S:            0.000
 TOTAL ENERGY:                       -1854.670182325

 --------------------------------------------------------------------------------

 End time:                               Wed Jun  2 11:54:03 2021
 Total wall-clock time:                  4.103 seconds
==================================================================================
