
================================================================================
          _____________ ________ _______________ ________     _________         
         / ___________// ______ \\_____   _____// ______ \   / ________)        
        / /_________  / /      \ \     | |     / /      \ \ | (_______          
       |  __________|| |        | |    | |    | |        | | \________ \        
        \ \_________ | |        | |    | |     \ \______/ /___________) |       
         \__________||_|        |_|    |_|      \________//____________/        
                                                                                
====================================[ Qcore ]===================================

 Git hash:   15a3e7daff0cda5fa9af010ccd19a80288182ecf
 Git date:   Fri, 16 Apr 2021 15:57:16 +0100
 Compiler:   GNU 9.1.0
 Build type: Release
 Version:    1.1.0

 Start time: Wed Jun  2 11:54:03 2021

 Data directory: /work/zw18965/.local/qcore/share/entos/1.1.0/data
 Number of threads: 24
 Number of threads was determined by: command line argument
  - More threads can be used by running 'qcore -n 32'

 --------------------------------------------------------------------------------
                                   command: dft                                  
 --------------------------------------------------------------------------------
 AO basis set:                           aug-cc-pvtz
 Number of AO basis functions:         143

 Formula:                                SZn
 Nuclear charge:                        46.000000000
 Total charge:                           0.000000000
 Number of electrons:                   46.000000000

 Number of alpha electrons:             23
 Number of beta electrons:              23
 Number of unpaired electrons:           0
 Spin:                                   0
 Multiplicity:                           singlet

 Theory:                                 dft
 Exchange-correlation functional:        camb3lyp

 Using range separated hybrid functional
 Range separation parameter:             0.330000000
 Short range exact exchange:             0.190000000
 Total long range exact exchange:        0.650000000

 Method for Coulomb:                     incore_df
 Method for exact exchange:              pre_transformed_df
 Integral threshold:                     1.00e-12
 DF basis set:                           def2-tzvp-jkfit(spdfghi)
 Number of DF basis functions:         392
 Schwarz screening threshold:            1.00e-10
 Coulomb fitting method:                 Cholesky
 Total number of grid points:        15286
 Method for AO orthogonalization:        symmetric
 Threshold for linear dependence:        1.00e-08
 D3BJ dispersion energy:                -0.001325017

 -------------------------------------
  Running restricted closed-shell SCF 
 -------------------------------------
 Max number of iterations:             128
 Conv. threshold (gradient):             1.00e-05
 Conv. threshold (energy):               1.00e-06
 Interpolation scheme:                   adiis+cdiis
 Initial guess:                          SAD

 ---------------------------------------------------------------
                  energy        change          grad        time
 ---------------------------------------------------------------
   0     -2177.911979119                    5.66e+00        0.02
   1     -2177.625622801      2.86e-01      8.04e-01        0.02
   2     -2177.260271646      3.65e-01      1.52e+00        0.02
   3     -2177.709130563     -4.49e-01      3.88e-01        0.02
   4     -2177.718232305     -9.10e-03      3.01e-01        0.02
   5     -2177.730724503     -1.25e-02      1.03e-01        0.02
   6     -2177.728752328      1.97e-03      1.95e-01        0.02
   7     -2177.731370070     -2.62e-03      4.48e-02        0.02
   8     -2177.731447697     -7.76e-05      3.02e-02        0.02
   9     -2177.731515863     -6.82e-05      3.34e-04        0.02
  10     -2177.731515893     -3.05e-08      1.05e-04        0.02
  11     -2177.731515897     -3.55e-09      2.99e-05        0.02
  12     -2177.731515897     -3.22e-10      9.02e-06        0.02

 SCF converged in 12 iterations.

 Dipole moment (in Debye):               0.000000       0.000000      -5.663742

 Quadrupole moment (in Debye-Angstrom):
                  1            2            3
 1       -28.799917     0.000000     0.000000
 2         0.000000   -28.799917     0.000000
 3         0.000000     0.000000   -24.462718

 Spin-squared expectation <S^2>:         0.000
 Total spin quantum number S:            0.000
 TOTAL ENERGY:                       -2177.731515897

 --------------------------------------------------------------------------------

 End time:                               Wed Jun  2 11:54:07 2021
 Total wall-clock time:                  3.946 seconds
==================================================================================
