
================================================================================
          _____________ ________ _______________ ________     _________         
         / ___________// ______ \\_____   _____// ______ \   / ________)        
        / /_________  / /      \ \     | |     / /      \ \ | (_______          
       |  __________|| |        | |    | |    | |        | | \________ \        
        \ \_________ | |        | |    | |     \ \______/ /___________) |       
         \__________||_|        |_|    |_|      \________//____________/        
                                                                                
====================================[ Qcore ]===================================

 Git hash:   15a3e7daff0cda5fa9af010ccd19a80288182ecf
 Git date:   Fri, 16 Apr 2021 15:57:16 +0100
 Compiler:   GNU 9.1.0
 Build type: Release
 Version:    1.1.0

 Start time: Wed Jun  2 11:54:42 2021

 Data directory: /work/zw18965/.local/qcore/share/entos/1.1.0/data
 Number of threads: 24
 Number of threads was determined by: command line argument
  - More threads can be used by running 'qcore -n 32'

 --------------------------------------------------------------------------------
                                   command: dft                                  
 --------------------------------------------------------------------------------
 AO basis set:                           aug-cc-pvtz
 Number of AO basis functions:          46

 Formula:                                F
 Nuclear charge:                         9.000000000
 Total charge:                           0.000000000
 Number of electrons:                    9.000000000

 Number of alpha electrons:              5
 Number of beta electrons:               4
 Number of unpaired electrons:           1
 Spin:                                   1
 Multiplicity:                           doublet

 Theory:                                 dft
 Exchange-correlation functional:        camb3lyp

 Using range separated hybrid functional
 Range separation parameter:             0.330000000
 Short range exact exchange:             0.190000000
 Total long range exact exchange:        0.650000000

 Method for Coulomb:                     incore_df
 Method for exact exchange:              pre_transformed_df
 Integral threshold:                     1.00e-12
 DF basis set:                           def2-tzvp-jkfit(spdfghi)
 Number of DF basis functions:          77
 Schwarz screening threshold:            1.00e-10
 Coulomb fitting method:                 Cholesky
 Total number of grid points:         6812
 Method for AO orthogonalization:        symmetric
 Threshold for linear dependence:        1.00e-08
 D3BJ dispersion energy:                 0.000000000

 -------------------------------------
  Running unrestricted open-shell SCF 
 -------------------------------------
 Max number of iterations:             128
 Conv. threshold (gradient):             1.00e-05
 Conv. threshold (energy):               1.00e-06
 Interpolation scheme:                   adiis+cdiis
 Initial guess:                          SAD

 ---------------------------------------------------------------
                  energy        change          grad        time
 ---------------------------------------------------------------
   0       -99.593541472                    4.52e-03        0.01
   1       -99.738651394     -1.45e-01      1.18e-01        0.01
   2       -99.742561496     -3.91e-03      3.17e-02        0.01
   3       -99.742749381     -1.88e-04      1.67e-02        0.01
   4       -99.742896501     -1.47e-04      1.89e-03        0.01
   5       -99.742898568     -2.07e-06      2.23e-04        0.01
   6       -99.742898474      9.46e-08      2.08e-05        0.01
   7       -99.742898470      3.63e-09      2.27e-06        0.01

 SCF converged in 7 iterations.

 Dipole moment (in Debye):              -0.000000      -0.000000      -0.000000

 Quadrupole moment (in Debye-Angstrom):
                  1            2            3
 1        -4.166293    -0.000000    -0.000000
 2        -0.000000    -5.094876    -0.000000
 3        -0.000000    -0.000000    -5.094876

 Spin-squared expectation <S^2>:         0.752
 Total spin quantum number S:            0.501
 TOTAL ENERGY:                         -99.742898470

 --------------------------------------------------------------------------------

 End time:                               Wed Jun  2 11:54:43 2021
 Total wall-clock time:                  0.348 seconds
==================================================================================
