
================================================================================
          _____________ ________ _______________ ________     _________         
         / ___________// ______ \\_____   _____// ______ \   / ________)        
        / /_________  / /      \ \     | |     / /      \ \ | (_______          
       |  __________|| |        | |    | |    | |        | | \________ \        
        \ \_________ | |        | |    | |     \ \______/ /___________) |       
         \__________||_|        |_|    |_|      \________//____________/        
                                                                                
====================================[ Qcore ]===================================

 Git hash:   15a3e7daff0cda5fa9af010ccd19a80288182ecf
 Git date:   Fri, 16 Apr 2021 15:57:16 +0100
 Compiler:   GNU 9.1.0
 Build type: Release
 Version:    1.1.0

 Start time: Wed Jun  2 11:49:59 2021

 Data directory: /work/zw18965/.local/qcore/share/entos/1.1.0/data
 Number of threads: 24
 Number of threads was determined by: command line argument
  - More threads can be used by running 'qcore -n 32'

 --------------------------------------------------------------------------------
                                   command: dft                                  
 --------------------------------------------------------------------------------
 AO basis set:                           aug-cc-pvtz
 Number of AO basis functions:         139

 Formula:                                FSc
 Nuclear charge:                        30.000000000
 Total charge:                           0.000000000
 Number of electrons:                   30.000000000

 Number of alpha electrons:             15
 Number of beta electrons:              15
 Number of unpaired electrons:           0
 Spin:                                   0
 Multiplicity:                           singlet

 Theory:                                 dft
 Exchange-correlation functional:        camb3lyp

 Using range separated hybrid functional
 Range separation parameter:             0.330000000
 Short range exact exchange:             0.190000000
 Total long range exact exchange:        0.650000000

 Method for Coulomb:                     incore_df
 Method for exact exchange:              pre_transformed_df
 Integral threshold:                     1.00e-12
 DF basis set:                           def2-tzvp-jkfit(spdfghi)
 Number of DF basis functions:         341
 Schwarz screening threshold:            1.00e-10
 Coulomb fitting method:                 Cholesky
 Total number of grid points:        14664
 Method for AO orthogonalization:        symmetric
 Threshold for linear dependence:        1.00e-08
 D3BJ dispersion energy:                -0.000429499

 -------------------------------------
  Running restricted closed-shell SCF 
 -------------------------------------
 Max number of iterations:             128
 Conv. threshold (gradient):             1.00e-05
 Conv. threshold (energy):               1.00e-06
 Interpolation scheme:                   adiis+cdiis
 Initial guess:                          SAD

 ---------------------------------------------------------------
                  energy        change          grad        time
 ---------------------------------------------------------------
   0      -860.452714976                    4.07e+00        0.03
   1      -860.470095227     -1.74e-02      1.32e+00        0.02
   2      -859.146566728      1.32e+00      4.77e+00        0.02
   3      -860.523768596     -1.38e+00      1.30e+00        0.02
   4      -860.615526740     -9.18e-02      3.42e-01        0.02
   5      -860.608671485      6.86e-03      5.17e-01        0.02
   6      -860.622437885     -1.38e-02      6.03e-02        0.02
   7      -860.622334807      1.03e-04      9.04e-02        0.02
   8      -860.622831121     -4.96e-04      2.02e-03        0.02
   9      -860.622832599     -1.48e-06      7.16e-04        0.02
  10      -860.622832715     -1.16e-07      1.21e-04        0.02
  11      -860.622832720     -5.05e-09      6.29e-05        0.02
  12      -860.622832720     -6.23e-10      8.35e-06        0.02

 SCF converged in 12 iterations.

 Dipole moment (in Debye):              -0.000000      -0.000000      -2.233594

 Quadrupole moment (in Debye-Angstrom):
                  1            2            3
 1       -25.984961     0.000000     0.000000
 2         0.000000   -25.984961     0.000000
 3         0.000000     0.000000   -26.544417

 Spin-squared expectation <S^2>:         0.000
 Total spin quantum number S:            0.000
 TOTAL ENERGY:                        -860.622832720

 --------------------------------------------------------------------------------

 End time:                               Wed Jun  2 11:50:02 2021
 Total wall-clock time:                  3.543 seconds
==================================================================================
