
================================================================================
          _____________ ________ _______________ ________     _________         
         / ___________// ______ \\_____   _____// ______ \   / ________)        
        / /_________  / /      \ \     | |     / /      \ \ | (_______          
       |  __________|| |        | |    | |    | |        | | \________ \        
        \ \_________ | |        | |    | |     \ \______/ /___________) |       
         \__________||_|        |_|    |_|      \________//____________/        
                                                                                
====================================[ Qcore ]===================================

 Git hash:   15a3e7daff0cda5fa9af010ccd19a80288182ecf
 Git date:   Fri, 16 Apr 2021 15:57:16 +0100
 Compiler:   GNU 9.1.0
 Build type: Release
 Version:    1.1.0

 Start time: Wed Jun  2 11:50:02 2021

 Data directory: /work/zw18965/.local/qcore/share/entos/1.1.0/data
 Number of threads: 24
 Number of threads was determined by: command line argument
  - More threads can be used by running 'qcore -n 32'

 --------------------------------------------------------------------------------
                                   command: dft                                  
 --------------------------------------------------------------------------------
 AO basis set:                           aug-cc-pvtz
 Number of AO basis functions:         143

 Formula:                                ClSc
 Nuclear charge:                        38.000000000
 Total charge:                           0.000000000
 Number of electrons:                   38.000000000

 Number of alpha electrons:             19
 Number of beta electrons:              19
 Number of unpaired electrons:           0
 Spin:                                   0
 Multiplicity:                           singlet

 Theory:                                 dft
 Exchange-correlation functional:        camb3lyp

 Using range separated hybrid functional
 Range separation parameter:             0.330000000
 Short range exact exchange:             0.190000000
 Total long range exact exchange:        0.650000000

 Method for Coulomb:                     incore_df
 Method for exact exchange:              pre_transformed_df
 Integral threshold:                     1.00e-12
 DF basis set:                           def2-tzvp-jkfit(spdfghi)
 Number of DF basis functions:         392
 Schwarz screening threshold:            1.00e-10
 Coulomb fitting method:                 Cholesky
 Total number of grid points:        15346
 Method for AO orthogonalization:        symmetric
 Threshold for linear dependence:        1.00e-08
 D3BJ dispersion energy:                -0.001419314

 -------------------------------------
  Running restricted closed-shell SCF 
 -------------------------------------
 Max number of iterations:             128
 Conv. threshold (gradient):             1.00e-05
 Conv. threshold (energy):               1.00e-06
 Interpolation scheme:                   adiis+cdiis
 Initial guess:                          SAD

 ---------------------------------------------------------------
                  energy        change          grad        time
 ---------------------------------------------------------------
   0     -1220.964068392                    4.68e+00        0.02
   1     -1220.898079382      6.60e-02      7.78e-01        0.02
   2     -1220.607616988      2.90e-01      1.92e+00        0.02
   3     -1220.974784204     -3.67e-01      2.85e-01        0.02
   4     -1220.971153610      3.63e-03      4.02e-01        0.02
   5     -1220.988983508     -1.78e-02      5.23e-02        0.02
   6     -1220.989485338     -5.02e-04      2.42e-02        0.02
   7     -1220.989734430     -2.49e-04      6.02e-03        0.02
   8     -1220.989744874     -1.04e-05      2.44e-03        0.02
   9     -1220.989747237     -2.36e-06      7.97e-04        0.02
  10     -1220.989747508     -2.71e-07      1.17e-04        0.02
  11     -1220.989747512     -4.27e-09      3.01e-05        0.02
  12     -1220.989747512     -3.48e-10      4.81e-06        0.02

 SCF converged in 12 iterations.

 Dipole moment (in Debye):              -0.000000      -0.000000      -3.294661

 Quadrupole moment (in Debye-Angstrom):
                  1            2            3
 1       -34.030522    -0.000000     0.000000
 2        -0.000000   -34.030522     0.000000
 3         0.000000     0.000000   -30.231208

 Spin-squared expectation <S^2>:         0.000
 Total spin quantum number S:            0.000
 TOTAL ENERGY:                       -1220.989747512

 --------------------------------------------------------------------------------

 End time:                               Wed Jun  2 11:50:06 2021
 Total wall-clock time:                  3.696 seconds
==================================================================================
