
================================================================================
          _____________ ________ _______________ ________     _________         
         / ___________// ______ \\_____   _____// ______ \   / ________)        
        / /_________  / /      \ \     | |     / /      \ \ | (_______          
       |  __________|| |        | |    | |    | |        | | \________ \        
        \ \_________ | |        | |    | |     \ \______/ /___________) |       
         \__________||_|        |_|    |_|      \________//____________/        
                                                                                
====================================[ Qcore ]===================================

 Git hash:   15a3e7daff0cda5fa9af010ccd19a80288182ecf
 Git date:   Fri, 16 Apr 2021 15:57:16 +0100
 Compiler:   GNU 9.1.0
 Build type: Release
 Version:    1.1.0

 Start time: Wed Jun  2 11:50:19 2021

 Data directory: /work/zw18965/.local/qcore/share/entos/1.1.0/data
 Number of threads: 24
 Number of threads was determined by: command line argument
  - More threads can be used by running 'qcore -n 32'

 --------------------------------------------------------------------------------
                                   command: dft                                  
 --------------------------------------------------------------------------------
 AO basis set:                           aug-cc-pvtz
 Number of AO basis functions:         116

 Formula:                                HTi
 Nuclear charge:                        23.000000000
 Total charge:                           0.000000000
 Number of electrons:                   23.000000000

 Number of alpha electrons:             13
 Number of beta electrons:              10
 Number of unpaired electrons:           3
 Spin:                                   3
 Multiplicity:                           quartet

 Theory:                                 dft
 Exchange-correlation functional:        camb3lyp

 Using range separated hybrid functional
 Range separation parameter:             0.330000000
 Short range exact exchange:             0.190000000
 Total long range exact exchange:        0.650000000

 Method for Coulomb:                     incore_df
 Method for exact exchange:              pre_transformed_df
 Integral threshold:                     1.00e-12
 DF basis set:                           def2-tzvp-jkfit(spdfghi)
 Number of DF basis functions:         282
 Schwarz screening threshold:            1.00e-10
 Coulomb fitting method:                 Cholesky
 Total number of grid points:        13682
 Method for AO orthogonalization:        symmetric
 Threshold for linear dependence:        1.00e-08
 D3BJ dispersion energy:                -0.000429400

 -------------------------------------
  Running unrestricted open-shell SCF 
 -------------------------------------
 Max number of iterations:             128
 Conv. threshold (gradient):             1.00e-05
 Conv. threshold (energy):               1.00e-06
 Interpolation scheme:                   adiis+cdiis
 Initial guess:                          SAD

 ---------------------------------------------------------------
                  energy        change          grad        time
 ---------------------------------------------------------------
   0      -849.570940334                    1.15e+00        0.02
   1      -849.784587990     -2.14e-01      7.17e-01        0.03
   2      -849.552550348      2.32e-01      1.38e+00        0.02
   3      -849.963811653     -4.11e-01      1.72e-01        0.02
   4      -849.967043989     -3.23e-03      1.43e-01        0.02
   5      -849.974811236     -7.77e-03      6.08e-02        0.02
   6      -849.975350340     -5.39e-04      5.13e-02        0.02
   7      -849.976764983     -1.41e-03      4.99e-03        0.02
   8      -849.976801942     -3.70e-05      2.20e-03        0.02
   9      -849.976807145     -5.20e-06      1.12e-03        0.02
  10      -849.976809621     -2.48e-06      6.07e-04        0.02
  11      -849.976810246     -6.25e-07      1.56e-04        0.02
  12      -849.976810274     -2.82e-08      4.99e-05        0.02
  13      -849.976810259      1.46e-08      1.59e-05        0.02
  14      -849.976810250      9.23e-09      3.94e-06        0.02

 SCF converged in 14 iterations.

 Dipole moment (in Debye):              -0.000008       0.000005      -2.432098

 Quadrupole moment (in Debye-Angstrom):
                  1            2            3
 1       -18.684916    -0.000098    -0.000003
 2        -0.000098   -18.684746     0.000002
 3        -0.000003     0.000002   -25.473941

 Spin-squared expectation <S^2>:         3.754
 Total spin quantum number S:            1.501
 TOTAL ENERGY:                        -849.976810248

 --------------------------------------------------------------------------------

 End time:                               Wed Jun  2 11:50:22 2021
 Total wall-clock time:                  3.176 seconds
==================================================================================
