
================================================================================
          _____________ ________ _______________ ________     _________         
         / ___________// ______ \\_____   _____// ______ \   / ________)        
        / /_________  / /      \ \     | |     / /      \ \ | (_______          
       |  __________|| |        | |    | |    | |        | | \________ \        
        \ \_________ | |        | |    | |     \ \______/ /___________) |       
         \__________||_|        |_|    |_|      \________//____________/        
                                                                                
====================================[ Qcore ]===================================

 Git hash:   15a3e7daff0cda5fa9af010ccd19a80288182ecf
 Git date:   Fri, 16 Apr 2021 15:57:16 +0100
 Compiler:   GNU 9.1.0
 Build type: Release
 Version:    1.1.0

 Start time: Wed Jun  2 11:50:53 2021

 Data directory: /work/zw18965/.local/qcore/share/entos/1.1.0/data
 Number of threads: 24
 Number of threads was determined by: command line argument
  - More threads can be used by running 'qcore -n 32'

 --------------------------------------------------------------------------------
                                   command: dft                                  
 --------------------------------------------------------------------------------
 AO basis set:                           aug-cc-pvtz
 Number of AO basis functions:         143

 Formula:                                ClV
 Nuclear charge:                        40.000000000
 Total charge:                           0.000000000
 Number of electrons:                   40.000000000

 Number of alpha electrons:             22
 Number of beta electrons:              18
 Number of unpaired electrons:           4
 Spin:                                   4
 Multiplicity:                           quintet

 Theory:                                 dft
 Exchange-correlation functional:        camb3lyp

 Using range separated hybrid functional
 Range separation parameter:             0.330000000
 Short range exact exchange:             0.190000000
 Total long range exact exchange:        0.650000000

 Method for Coulomb:                     incore_df
 Method for exact exchange:              pre_transformed_df
 Integral threshold:                     1.00e-12
 DF basis set:                           def2-tzvp-jkfit(spdfghi)
 Number of DF basis functions:         392
 Schwarz screening threshold:            1.00e-10
 Coulomb fitting method:                 Cholesky
 Total number of grid points:        15346
 Method for AO orthogonalization:        symmetric
 Threshold for linear dependence:        1.00e-08
 D3BJ dispersion energy:                -0.001469567

 -------------------------------------
  Running unrestricted open-shell SCF 
 -------------------------------------
 Max number of iterations:             128
 Conv. threshold (gradient):             1.00e-05
 Conv. threshold (energy):               1.00e-06
 Interpolation scheme:                   adiis+cdiis
 Initial guess:                          SAD

 ---------------------------------------------------------------
                  energy        change          grad        time
 ---------------------------------------------------------------
   0     -1403.864507655                    1.83e+00        0.04
   1     -1404.039272327     -1.75e-01      1.03e+00        0.03
   2     -1399.274032103      4.77e+00      4.66e+00        0.03
   3     -1403.979063716     -4.71e+00      1.02e+00        0.03
   4     -1404.284516135     -3.05e-01      7.44e-02        0.03
   5     -1404.287416959     -2.90e-03      4.56e-02        0.03
   6     -1404.288616801     -1.20e-03      2.64e-02        0.03
   7     -1404.289282674     -6.66e-04      2.31e-02        0.03
   8     -1404.289888303     -6.06e-04      1.44e-02        0.03
   9     -1404.290189942     -3.02e-04      9.69e-03        0.03
  10     -1404.290348347     -1.58e-04      5.34e-03        0.03
  11     -1404.290381765     -3.34e-05      2.42e-03        0.03
  12     -1404.290390014     -8.25e-06      1.97e-03        0.03
  13     -1404.290398696     -8.68e-06      1.15e-03        0.03
  14     -1404.290401025     -2.33e-06      5.19e-04        0.03
  15     -1404.290401343     -3.19e-07      1.32e-04        0.03
  16     -1404.290401349     -5.92e-09      2.77e-05        0.03
  17     -1404.290401344      5.05e-09      1.19e-05        0.04
  18     -1404.290401344      1.32e-10      4.95e-06        0.03

 SCF converged in 18 iterations.

 Dipole moment (in Debye):              -0.000010      -0.000035      -4.747261

 Quadrupole moment (in Debye-Angstrom):
                  1            2            3
 1       -30.245536     0.572815     0.000021
 2         0.572815   -28.546800     0.000075
 3         0.000021     0.000075   -27.001957

 Spin-squared expectation <S^2>:         6.007
 Total spin quantum number S:            2.001
 TOTAL ENERGY:                       -1404.290401344

 --------------------------------------------------------------------------------

 End time:                               Wed Jun  2 11:50:57 2021
 Total wall-clock time:                  4.143 seconds
==================================================================================
