
================================================================================
          _____________ ________ _______________ ________     _________         
         / ___________// ______ \\_____   _____// ______ \   / ________)        
        / /_________  / /      \ \     | |     / /      \ \ | (_______          
       |  __________|| |        | |    | |    | |        | | \________ \        
        \ \_________ | |        | |    | |     \ \______/ /___________) |       
         \__________||_|        |_|    |_|      \________//____________/        
                                                                                
====================================[ Qcore ]===================================

 Git hash:   15a3e7daff0cda5fa9af010ccd19a80288182ecf
 Git date:   Fri, 16 Apr 2021 15:57:16 +0100
 Compiler:   GNU 9.1.0
 Build type: Release
 Version:    1.1.0

 Start time: Wed Jun  2 11:50:57 2021

 Data directory: /work/zw18965/.local/qcore/share/entos/1.1.0/data
 Number of threads: 24
 Number of threads was determined by: command line argument
  - More threads can be used by running 'qcore -n 32'

 --------------------------------------------------------------------------------
                                   command: dft                                  
 --------------------------------------------------------------------------------
 AO basis set:                           aug-cc-pvtz
 Number of AO basis functions:         152

 Formula:                                VBr
 Nuclear charge:                        58.000000000
 Total charge:                           0.000000000
 Number of electrons:                   58.000000000

 Number of alpha electrons:             31
 Number of beta electrons:              27
 Number of unpaired electrons:           4
 Spin:                                   4
 Multiplicity:                           quintet

 Theory:                                 dft
 Exchange-correlation functional:        camb3lyp

 Using range separated hybrid functional
 Range separation parameter:             0.330000000
 Short range exact exchange:             0.190000000
 Total long range exact exchange:        0.650000000

 Method for Coulomb:                     incore_df
 Method for exact exchange:              pre_transformed_df
 Integral threshold:                     1.00e-12
 DF basis set:                           def2-tzvp-jkfit(spdfghi)
 Number of DF basis functions:         530
 Schwarz screening threshold:            1.00e-10
 Coulomb fitting method:                 Cholesky
 Total number of grid points:        16016
 Method for AO orthogonalization:        symmetric
 Threshold for linear dependence:        1.00e-08
 D3BJ dispersion energy:                -0.001775619

 -------------------------------------
  Running unrestricted open-shell SCF 
 -------------------------------------
 Max number of iterations:             128
 Conv. threshold (gradient):             1.00e-05
 Conv. threshold (energy):               1.00e-06
 Interpolation scheme:                   adiis+cdiis
 Initial guess:                          SAD

 ---------------------------------------------------------------
                  energy        change          grad        time
 ---------------------------------------------------------------
   0     -3517.991615705                    2.06e+00        0.04
   1     -3518.131167486     -1.40e-01      1.05e+00        0.04
   2     -3512.699606280      5.43e+00      5.09e+00        0.03
   3     -3518.012452079     -5.31e+00      1.19e+00        0.04
   4     -3518.377138071     -3.65e-01      6.01e-02        0.04
   5     -3518.380786332     -3.65e-03      6.37e-02        0.04
   6     -3518.381970918     -1.18e-03      3.26e-02        0.04
   7     -3518.382762407     -7.91e-04      2.30e-02        0.04
   8     -3518.383355649     -5.93e-04      1.82e-02        0.04
   9     -3518.383823578     -4.68e-04      1.02e-02        0.04
  10     -3518.383953779     -1.30e-04      6.30e-03        0.04
  11     -3518.384001906     -4.81e-05      3.68e-03        0.04
  12     -3518.384016839     -1.49e-05      2.53e-03        0.04
  13     -3518.384029024     -1.22e-05      1.67e-03        0.04
  14     -3518.384035088     -6.06e-06      6.58e-04        0.04
  15     -3518.384035960     -8.72e-07      1.26e-04        0.04
  16     -3518.384035968     -7.26e-09      7.73e-05        0.04
  17     -3518.384035960      7.71e-09      2.83e-05        0.04
  18     -3518.384035957      3.41e-09      1.00e-05        0.04
  19     -3518.384035956      7.45e-10      6.18e-06        0.04

 SCF converged in 19 iterations.

 Dipole moment (in Debye):              -0.000054       0.000020      -5.039843

 Quadrupole moment (in Debye-Angstrom):
                  1            2            3
 1       -34.504623    -0.632874     0.000139
 2        -0.632874   -36.270469    -0.000053
 3         0.000139    -0.000053   -27.617734

 Spin-squared expectation <S^2>:         6.008
 Total spin quantum number S:            2.002
 TOTAL ENERGY:                       -3518.384035955

 --------------------------------------------------------------------------------

 End time:                               Wed Jun  2 11:51:03 2021
 Total wall-clock time:                  5.670 seconds
==================================================================================
