
================================================================================
          _____________ ________ _______________ ________     _________         
         / ___________// ______ \\_____   _____// ______ \   / ________)        
        / /_________  / /      \ \     | |     / /      \ \ | (_______          
       |  __________|| |        | |    | |    | |        | | \________ \        
        \ \_________ | |        | |    | |     \ \______/ /___________) |       
         \__________||_|        |_|    |_|      \________//____________/        
                                                                                
====================================[ Qcore ]===================================

 Git hash:   15a3e7daff0cda5fa9af010ccd19a80288182ecf
 Git date:   Fri, 16 Apr 2021 15:57:16 +0100
 Compiler:   GNU 9.1.0
 Build type: Release
 Version:    1.1.0

 Start time: Wed Jun  2 11:51:03 2021

 Data directory: /work/zw18965/.local/qcore/share/entos/1.1.0/data
 Number of threads: 24
 Number of threads was determined by: command line argument
  - More threads can be used by running 'qcore -n 32'

 --------------------------------------------------------------------------------
                                   command: dft                                  
 --------------------------------------------------------------------------------
 AO basis set:                           aug-cc-pvtz
 Number of AO basis functions:         139

 Formula:                                OV
 Nuclear charge:                        31.000000000
 Total charge:                           0.000000000
 Number of electrons:                   31.000000000

 Number of alpha electrons:             17
 Number of beta electrons:              14
 Number of unpaired electrons:           3
 Spin:                                   3
 Multiplicity:                           quartet

 Theory:                                 dft
 Exchange-correlation functional:        camb3lyp

 Using range separated hybrid functional
 Range separation parameter:             0.330000000
 Short range exact exchange:             0.190000000
 Total long range exact exchange:        0.650000000

 Method for Coulomb:                     incore_df
 Method for exact exchange:              pre_transformed_df
 Integral threshold:                     1.00e-12
 DF basis set:                           def2-tzvp-jkfit(spdfghi)
 Number of DF basis functions:         341
 Schwarz screening threshold:            1.00e-10
 Coulomb fitting method:                 Cholesky
 Total number of grid points:        14796
 Method for AO orthogonalization:        symmetric
 Threshold for linear dependence:        1.00e-08
 D3BJ dispersion energy:                -0.000628913

 -------------------------------------
  Running unrestricted open-shell SCF 
 -------------------------------------
 Max number of iterations:             128
 Conv. threshold (gradient):             1.00e-05
 Conv. threshold (energy):               1.00e-06
 Interpolation scheme:                   adiis+cdiis
 Initial guess:                          SAD

 ---------------------------------------------------------------
                  energy        change          grad        time
 ---------------------------------------------------------------
   0     -1018.811388429                    2.96e+00        0.03
   1     -1018.599256208      2.12e-01      1.33e+00        0.03
   2     -1005.794549586      1.28e+01      9.10e+00        0.03
   3     -1017.168976776     -1.14e+01      2.62e+00        0.03
   4     -1019.220212618     -2.05e+00      3.25e-01        0.03
   5     -1019.124563662      9.56e-02      6.80e-01        0.03
   6     -1019.249310983     -1.25e-01      1.79e-01        0.03
   7     -1019.252438878     -3.13e-03      1.26e-01        0.03
   8     -1019.257675990     -5.24e-03      3.50e-02        0.04
   9     -1019.256849805      8.26e-04      6.39e-02        0.04
  10     -1019.258126564     -1.28e-03      4.25e-03        0.03
  11     -1019.258146485     -1.99e-05      3.89e-03        0.03
  12     -1019.258154158     -7.67e-06      5.79e-04        0.03
  13     -1019.258154810     -6.52e-07      2.58e-04        0.03
  14     -1019.258154949     -1.39e-07      8.38e-05        0.03
  15     -1019.258154984     -3.53e-08      2.67e-05        0.03
  16     -1019.258154992     -8.32e-09      6.82e-06        0.03

 SCF converged in 16 iterations.

 Dipole moment (in Debye):               0.000000      -0.000000      -3.958319

 Quadrupole moment (in Debye-Angstrom):
                  1            2            3
 1       -21.571865     0.000000    -0.000000
 2         0.000000   -21.571865    -0.000000
 3        -0.000000    -0.000000   -23.436687

 Spin-squared expectation <S^2>:         3.797
 Total spin quantum number S:            1.512
 TOTAL ENERGY:                       -1019.258154995

 --------------------------------------------------------------------------------

 End time:                               Wed Jun  2 11:51:07 2021
 Total wall-clock time:                  3.880 seconds
==================================================================================
