
================================================================================
          _____________ ________ _______________ ________     _________         
         / ___________// ______ \\_____   _____// ______ \   / ________)        
        / /_________  / /      \ \     | |     / /      \ \ | (_______          
       |  __________|| |        | |    | |    | |        | | \________ \        
        \ \_________ | |        | |    | |     \ \______/ /___________) |       
         \__________||_|        |_|    |_|      \________//____________/        
                                                                                
====================================[ Qcore ]===================================

 Git hash:   15a3e7daff0cda5fa9af010ccd19a80288182ecf
 Git date:   Fri, 16 Apr 2021 15:57:16 +0100
 Compiler:   GNU 9.1.0
 Build type: Release
 Version:    1.1.0

 Start time: Wed Jun  2 11:51:15 2021

 Data directory: /work/zw18965/.local/qcore/share/entos/1.1.0/data
 Number of threads: 24
 Number of threads was determined by: command line argument
  - More threads can be used by running 'qcore -n 32'

 --------------------------------------------------------------------------------
                                   command: dft                                  
 --------------------------------------------------------------------------------
 AO basis set:                           aug-cc-pvtz
 Number of AO basis functions:         139

 Formula:                                FCr
 Nuclear charge:                        33.000000000
 Total charge:                           0.000000000
 Number of electrons:                   33.000000000

 Number of alpha electrons:             19
 Number of beta electrons:              14
 Number of unpaired electrons:           5
 Spin:                                   5
 Multiplicity:                           septet

 Theory:                                 dft
 Exchange-correlation functional:        camb3lyp

 Using range separated hybrid functional
 Range separation parameter:             0.330000000
 Short range exact exchange:             0.190000000
 Total long range exact exchange:        0.650000000

 Method for Coulomb:                     incore_df
 Method for exact exchange:              pre_transformed_df
 Integral threshold:                     1.00e-12
 DF basis set:                           def2-tzvp-jkfit(spdfghi)
 Number of DF basis functions:         341
 Schwarz screening threshold:            1.00e-10
 Coulomb fitting method:                 Cholesky
 Total number of grid points:        14640
 Method for AO orthogonalization:        symmetric
 Threshold for linear dependence:        1.00e-08
 D3BJ dispersion energy:                -0.000404583

 -------------------------------------
  Running unrestricted open-shell SCF 
 -------------------------------------
 Max number of iterations:             128
 Conv. threshold (gradient):             1.00e-05
 Conv. threshold (energy):               1.00e-06
 Interpolation scheme:                   adiis+cdiis
 Initial guess:                          SAD

 ---------------------------------------------------------------
                  energy        change          grad        time
 ---------------------------------------------------------------
   0     -1143.809310451                    1.53e+00        0.03
   1     -1144.089061815     -2.80e-01      8.68e-01        0.03
   2     -1138.223061720      5.87e+00      4.62e+00        0.03
   3     -1144.029223836     -5.81e+00      1.11e+00        0.03
   4     -1144.423334623     -3.94e-01      5.44e-02        0.03
   5     -1144.424867681     -1.53e-03      7.34e-02        0.03
   6     -1144.426106005     -1.24e-03      1.72e-02        0.03
   7     -1144.426254489     -1.48e-04      5.99e-03        0.03
   8     -1144.426286597     -3.21e-05      2.65e-03        0.03
   9     -1144.426296888     -1.03e-05      1.54e-03        0.03
  10     -1144.426302316     -5.43e-06      1.14e-03        0.03
  11     -1144.426305036     -2.72e-06      4.78e-04        0.03
  12     -1144.426305523     -4.87e-07      9.96e-05        0.03
  13     -1144.426305518      5.67e-09      1.82e-05        0.03
  14     -1144.426305511      6.17e-09      7.07e-06        0.03

 SCF converged in 14 iterations.

 Dipole moment (in Debye):               0.000001       0.000001      -4.314661

 Quadrupole moment (in Debye-Angstrom):
                  1            2            3
 1       -20.020258    -0.000000    -0.000001
 2        -0.000000   -20.020258    -0.000001
 3        -0.000001    -0.000001   -22.018768

 Spin-squared expectation <S^2>:         8.757
 Total spin quantum number S:            2.501
 TOTAL ENERGY:                       -1144.426305511

 --------------------------------------------------------------------------------

 End time:                               Wed Jun  2 11:51:18 2021
 Total wall-clock time:                  3.604 seconds
==================================================================================
