
================================================================================
          _____________ ________ _______________ ________     _________         
         / ___________// ______ \\_____   _____// ______ \   / ________)        
        / /_________  / /      \ \     | |     / /      \ \ | (_______          
       |  __________|| |        | |    | |    | |        | | \________ \        
        \ \_________ | |        | |    | |     \ \______/ /___________) |       
         \__________||_|        |_|    |_|      \________//____________/        
                                                                                
====================================[ Qcore ]===================================

 Git hash:   15a3e7daff0cda5fa9af010ccd19a80288182ecf
 Git date:   Fri, 16 Apr 2021 15:57:16 +0100
 Compiler:   GNU 9.1.0
 Build type: Release
 Version:    1.1.0

 Start time: Wed Jun  2 11:51:19 2021

 Data directory: /work/zw18965/.local/qcore/share/entos/1.1.0/data
 Number of threads: 24
 Number of threads was determined by: command line argument
  - More threads can be used by running 'qcore -n 32'

 --------------------------------------------------------------------------------
                                   command: dft                                  
 --------------------------------------------------------------------------------
 AO basis set:                           aug-cc-pvtz
 Number of AO basis functions:         143

 Formula:                                ClCr
 Nuclear charge:                        41.000000000
 Total charge:                           0.000000000
 Number of electrons:                   41.000000000

 Number of alpha electrons:             23
 Number of beta electrons:              18
 Number of unpaired electrons:           5
 Spin:                                   5
 Multiplicity:                           septet

 Theory:                                 dft
 Exchange-correlation functional:        camb3lyp

 Using range separated hybrid functional
 Range separation parameter:             0.330000000
 Short range exact exchange:             0.190000000
 Total long range exact exchange:        0.650000000

 Method for Coulomb:                     incore_df
 Method for exact exchange:              pre_transformed_df
 Integral threshold:                     1.00e-12
 DF basis set:                           def2-tzvp-jkfit(spdfghi)
 Number of DF basis functions:         392
 Schwarz screening threshold:            1.00e-10
 Coulomb fitting method:                 Cholesky
 Total number of grid points:        15322
 Method for AO orthogonalization:        symmetric
 Threshold for linear dependence:        1.00e-08
 D3BJ dispersion energy:                -0.001338366

 -------------------------------------
  Running unrestricted open-shell SCF 
 -------------------------------------
 Max number of iterations:             128
 Conv. threshold (gradient):             1.00e-05
 Conv. threshold (energy):               1.00e-06
 Interpolation scheme:                   adiis+cdiis
 Initial guess:                          SAD

 ---------------------------------------------------------------
                  energy        change          grad        time
 ---------------------------------------------------------------
   0     -1504.293248418                    1.91e+00        0.03
   1     -1504.512469104     -2.19e-01      8.93e-01        0.04
   2     -1500.004381706      4.51e+00      4.60e+00        0.03
   3     -1504.525771815     -4.52e+00      9.69e-01        0.03
   4     -1504.808926969     -2.83e-01      1.06e-01        0.04
   5     -1504.809630767     -7.04e-04      1.02e-01        0.03
   6     -1504.812722521     -3.09e-03      7.67e-02        0.04
   7     -1504.813596362     -8.74e-04      3.63e-02        0.04
   8     -1504.814304218     -7.08e-04      9.28e-03        0.04
   9     -1504.814446604     -1.42e-04      5.45e-03        0.03
  10     -1504.814518004     -7.14e-05      2.26e-03        0.03
  11     -1504.814527159     -9.16e-06      6.83e-04        0.03
  12     -1504.814527793     -6.34e-07      1.29e-04        0.03
  13     -1504.814527779      1.38e-08      3.49e-05        0.03
  14     -1504.814527770      9.58e-09      8.96e-06        0.03

 SCF converged in 14 iterations.

 Dipole moment (in Debye):               0.000001       0.000001      -5.626118

 Quadrupole moment (in Debye-Angstrom):
                  1            2            3
 1       -28.109830    -0.000000    -0.000001
 2        -0.000000   -28.109830    -0.000001
 3        -0.000001    -0.000001   -25.423660

 Spin-squared expectation <S^2>:         8.761
 Total spin quantum number S:            2.502
 TOTAL ENERGY:                       -1504.814527766

 --------------------------------------------------------------------------------

 End time:                               Wed Jun  2 11:51:23 2021
 Total wall-clock time:                  3.993 seconds
==================================================================================
