
================================================================================
          _____________ ________ _______________ ________     _________         
         / ___________// ______ \\_____   _____// ______ \   / ________)        
        / /_________  / /      \ \     | |     / /      \ \ | (_______          
       |  __________|| |        | |    | |    | |        | | \________ \        
        \ \_________ | |        | |    | |     \ \______/ /___________) |       
         \__________||_|        |_|    |_|      \________//____________/        
                                                                                
====================================[ Qcore ]===================================

 Git hash:   15a3e7daff0cda5fa9af010ccd19a80288182ecf
 Git date:   Fri, 16 Apr 2021 15:57:16 +0100
 Compiler:   GNU 9.1.0
 Build type: Release
 Version:    1.1.0

 Start time: Wed Jun  2 11:51:36 2021

 Data directory: /work/zw18965/.local/qcore/share/entos/1.1.0/data
 Number of threads: 24
 Number of threads was determined by: command line argument
  - More threads can be used by running 'qcore -n 32'

 --------------------------------------------------------------------------------
                                   command: dft                                  
 --------------------------------------------------------------------------------
 AO basis set:                           aug-cc-pvtz
 Number of AO basis functions:         116

 Formula:                                HMn
 Nuclear charge:                        26.000000000
 Total charge:                           0.000000000
 Number of electrons:                   26.000000000

 Number of alpha electrons:             16
 Number of beta electrons:              10
 Number of unpaired electrons:           6
 Spin:                                   6
 Multiplicity:                           octet

 Theory:                                 dft
 Exchange-correlation functional:        camb3lyp

 Using range separated hybrid functional
 Range separation parameter:             0.330000000
 Short range exact exchange:             0.190000000
 Total long range exact exchange:        0.650000000

 Method for Coulomb:                     incore_df
 Method for exact exchange:              pre_transformed_df
 Integral threshold:                     1.00e-12
 DF basis set:                           def2-tzvp-jkfit(spdfghi)
 Number of DF basis functions:         282
 Schwarz screening threshold:            1.00e-10
 Coulomb fitting method:                 Cholesky
 Total number of grid points:        13826
 Method for AO orthogonalization:        symmetric
 Threshold for linear dependence:        1.00e-08
 D3BJ dispersion energy:                -0.000430770

 -------------------------------------
  Running unrestricted open-shell SCF 
 -------------------------------------
 Max number of iterations:             128
 Conv. threshold (gradient):             1.00e-05
 Conv. threshold (energy):               1.00e-06
 Interpolation scheme:                   adiis+cdiis
 Initial guess:                          SAD

 ---------------------------------------------------------------
                  energy        change          grad        time
 ---------------------------------------------------------------
   0     -1151.035586815                    1.29e+00        0.02
   1     -1151.577674027     -5.42e-01      4.42e-01        0.02
   2     -1151.571114448      6.56e-03      4.07e-01        0.02
   3     -1151.623053547     -5.19e-02      4.89e-02        0.02
   4     -1151.624023379     -9.70e-04      4.04e-02        0.02
   5     -1151.624813812     -7.90e-04      9.83e-03        0.02
   6     -1151.624914820     -1.01e-04      4.47e-03        0.02
   7     -1151.624933909     -1.91e-05      1.03e-03        0.02
   8     -1151.624934524     -6.15e-07      2.51e-04        0.02
   9     -1151.624934654     -1.30e-07      4.33e-05        0.02
  10     -1151.624934692     -3.84e-08      1.84e-05        0.02
  11     -1151.624934708     -1.53e-08      7.37e-06        0.02

 SCF converged in 11 iterations.

 Dipole moment (in Debye):              -0.000000      -0.000000      -1.103947

 Quadrupole moment (in Debye-Angstrom):
                  1            2            3
 1       -16.753770    -0.000000     0.000000
 2        -0.000000   -16.753770     0.000000
 3         0.000000     0.000000   -25.376033

 Spin-squared expectation <S^2>:        12.002
 Total spin quantum number S:            3.000
 TOTAL ENERGY:                       -1151.624934715

 --------------------------------------------------------------------------------

 End time:                               Wed Jun  2 11:51:39 2021
 Total wall-clock time:                  3.255 seconds
==================================================================================
