
================================================================================
          _____________ ________ _______________ ________     _________         
         / ___________// ______ \\_____   _____// ______ \   / ________)        
        / /_________  / /      \ \     | |     / /      \ \ | (_______          
       |  __________|| |        | |    | |    | |        | | \________ \        
        \ \_________ | |        | |    | |     \ \______/ /___________) |       
         \__________||_|        |_|    |_|      \________//____________/        
                                                                                
====================================[ Qcore ]===================================

 Git hash:   15a3e7daff0cda5fa9af010ccd19a80288182ecf
 Git date:   Fri, 16 Apr 2021 15:57:16 +0100
 Compiler:   GNU 9.1.0
 Build type: Release
 Version:    1.1.0

 Start time: Wed Jun  2 11:51:40 2021

 Data directory: /work/zw18965/.local/qcore/share/entos/1.1.0/data
 Number of threads: 24
 Number of threads was determined by: command line argument
  - More threads can be used by running 'qcore -n 32'

 --------------------------------------------------------------------------------
                                   command: dft                                  
 --------------------------------------------------------------------------------
 AO basis set:                           aug-cc-pvtz
 Number of AO basis functions:         139

 Formula:                                FMn
 Nuclear charge:                        34.000000000
 Total charge:                           0.000000000
 Number of electrons:                   34.000000000

 Number of alpha electrons:             20
 Number of beta electrons:              14
 Number of unpaired electrons:           6
 Spin:                                   6
 Multiplicity:                           octet

 Theory:                                 dft
 Exchange-correlation functional:        camb3lyp

 Using range separated hybrid functional
 Range separation parameter:             0.330000000
 Short range exact exchange:             0.190000000
 Total long range exact exchange:        0.650000000

 Method for Coulomb:                     incore_df
 Method for exact exchange:              pre_transformed_df
 Integral threshold:                     1.00e-12
 DF basis set:                           def2-tzvp-jkfit(spdfghi)
 Number of DF basis functions:         341
 Schwarz screening threshold:            1.00e-10
 Coulomb fitting method:                 Cholesky
 Total number of grid points:        14748
 Method for AO orthogonalization:        symmetric
 Threshold for linear dependence:        1.00e-08
 D3BJ dispersion energy:                -0.000368169

 -------------------------------------
  Running unrestricted open-shell SCF 
 -------------------------------------
 Max number of iterations:             128
 Conv. threshold (gradient):             1.00e-05
 Conv. threshold (energy):               1.00e-06
 Interpolation scheme:                   adiis+cdiis
 Initial guess:                          SAD

 ---------------------------------------------------------------
                  energy        change          grad        time
 ---------------------------------------------------------------
   0     -1250.351408114                    1.94e+00        0.03
   1     -1250.856081521     -5.05e-01      5.91e-01        0.03
   2     -1250.253703343      6.02e-01      1.60e+00        0.03
   3     -1250.938736037     -6.85e-01      4.00e-01        0.03
   4     -1250.965189933     -2.65e-02      2.44e-01        0.03
   5     -1250.976704191     -1.15e-02      9.85e-02        0.03
   6     -1250.977355050     -6.51e-04      8.56e-02        0.03
   7     -1250.978888396     -1.53e-03      1.91e-03        0.03
   8     -1250.978892239     -3.84e-06      6.07e-04        0.03
   9     -1250.978892668     -4.29e-07      1.52e-04        0.03
  10     -1250.978892771     -1.03e-07      3.53e-05        0.03
  11     -1250.978892782     -1.15e-08      9.57e-06        0.03

 SCF converged in 11 iterations.

 Dipole moment (in Debye):               0.000000       0.000000      -2.535117

 Quadrupole moment (in Debye-Angstrom):
                  1            2            3
 1       -19.593979     0.000000     0.000000
 2         0.000000   -19.593979     0.000000
 3         0.000000     0.000000   -27.840122

 Spin-squared expectation <S^2>:        12.002
 Total spin quantum number S:            3.000
 TOTAL ENERGY:                       -1250.978892785

 --------------------------------------------------------------------------------

 End time:                               Wed Jun  2 11:51:43 2021
 Total wall-clock time:                  3.589 seconds
==================================================================================
