
================================================================================
          _____________ ________ _______________ ________     _________         
         / ___________// ______ \\_____   _____// ______ \   / ________)        
        / /_________  / /      \ \     | |     / /      \ \ | (_______          
       |  __________|| |        | |    | |    | |        | | \________ \        
        \ \_________ | |        | |    | |     \ \______/ /___________) |       
         \__________||_|        |_|    |_|      \________//____________/        
                                                                                
====================================[ Qcore ]===================================

 Git hash:   15a3e7daff0cda5fa9af010ccd19a80288182ecf
 Git date:   Fri, 16 Apr 2021 15:57:16 +0100
 Compiler:   GNU 9.1.0
 Build type: Release
 Version:    1.1.0

 Start time: Wed Jun  2 11:51:43 2021

 Data directory: /work/zw18965/.local/qcore/share/entos/1.1.0/data
 Number of threads: 24
 Number of threads was determined by: command line argument
  - More threads can be used by running 'qcore -n 32'

 --------------------------------------------------------------------------------
                                   command: dft                                  
 --------------------------------------------------------------------------------
 AO basis set:                           aug-cc-pvtz
 Number of AO basis functions:         143

 Formula:                                ClMn
 Nuclear charge:                        42.000000000
 Total charge:                           0.000000000
 Number of electrons:                   42.000000000

 Number of alpha electrons:             24
 Number of beta electrons:              18
 Number of unpaired electrons:           6
 Spin:                                   6
 Multiplicity:                           octet

 Theory:                                 dft
 Exchange-correlation functional:        camb3lyp

 Using range separated hybrid functional
 Range separation parameter:             0.330000000
 Short range exact exchange:             0.190000000
 Total long range exact exchange:        0.650000000

 Method for Coulomb:                     incore_df
 Method for exact exchange:              pre_transformed_df
 Integral threshold:                     1.00e-12
 DF basis set:                           def2-tzvp-jkfit(spdfghi)
 Number of DF basis functions:         392
 Schwarz screening threshold:            1.00e-10
 Coulomb fitting method:                 Cholesky
 Total number of grid points:        15430
 Method for AO orthogonalization:        symmetric
 Threshold for linear dependence:        1.00e-08
 D3BJ dispersion energy:                -0.001185271

 -------------------------------------
  Running unrestricted open-shell SCF 
 -------------------------------------
 Max number of iterations:             128
 Conv. threshold (gradient):             1.00e-05
 Conv. threshold (energy):               1.00e-06
 Interpolation scheme:                   adiis+cdiis
 Initial guess:                          SAD

 ---------------------------------------------------------------
                  energy        change          grad        time
 ---------------------------------------------------------------
   0     -1610.854720834                    2.10e+00        0.03
   1     -1611.298762995     -4.44e-01      4.17e-01        0.03
   2     -1611.213614090      8.51e-02      5.36e-01        0.03
   3     -1611.361557459     -1.48e-01      6.57e-02        0.03
   4     -1611.362407526     -8.50e-04      8.08e-02        0.03
   5     -1611.365140945     -2.73e-03      1.27e-02        0.03
   6     -1611.365258516     -1.18e-04      3.66e-03        0.03
   7     -1611.365279185     -2.07e-05      1.58e-03        0.03
   8     -1611.365281558     -2.37e-06      4.83e-04        0.03
   9     -1611.365281934     -3.76e-07      1.07e-04        0.03
  10     -1611.365282015     -8.03e-08      1.78e-05        0.03
  11     -1611.365282027     -1.24e-08      4.43e-06        0.03

 SCF converged in 11 iterations.

 Dipole moment (in Debye):               0.000000       0.000000      -2.859127

 Quadrupole moment (in Debye-Angstrom):
                  1            2            3
 1       -28.251882    -0.000000     0.000000
 2        -0.000000   -28.251882     0.000000
 3         0.000000     0.000000   -33.972359

 Spin-squared expectation <S^2>:        12.003
 Total spin quantum number S:            3.000
 TOTAL ENERGY:                       -1611.365282029

 --------------------------------------------------------------------------------

 End time:                               Wed Jun  2 11:51:47 2021
 Total wall-clock time:                  3.878 seconds
==================================================================================
