
================================================================================
          _____________ ________ _______________ ________     _________         
         / ___________// ______ \\_____   _____// ______ \   / ________)        
        / /_________  / /      \ \     | |     / /      \ \ | (_______          
       |  __________|| |        | |    | |    | |        | | \________ \        
        \ \_________ | |        | |    | |     \ \______/ /___________) |       
         \__________||_|        |_|    |_|      \________//____________/        
                                                                                
====================================[ Qcore ]===================================

 Git hash:   15a3e7daff0cda5fa9af010ccd19a80288182ecf
 Git date:   Fri, 16 Apr 2021 15:57:16 +0100
 Compiler:   GNU 9.1.0
 Build type: Release
 Version:    1.1.0

 Start time: Wed Jun  2 11:51:53 2021

 Data directory: /work/zw18965/.local/qcore/share/entos/1.1.0/data
 Number of threads: 24
 Number of threads was determined by: command line argument
  - More threads can be used by running 'qcore -n 32'

 --------------------------------------------------------------------------------
                                   command: dft                                  
 --------------------------------------------------------------------------------
 AO basis set:                           aug-cc-pvtz
 Number of AO basis functions:         139

 Formula:                                OMn
 Nuclear charge:                        33.000000000
 Total charge:                           0.000000000
 Number of electrons:                   33.000000000

 Number of alpha electrons:             19
 Number of beta electrons:              14
 Number of unpaired electrons:           5
 Spin:                                   5
 Multiplicity:                           septet

 Theory:                                 dft
 Exchange-correlation functional:        camb3lyp

 Using range separated hybrid functional
 Range separation parameter:             0.330000000
 Short range exact exchange:             0.190000000
 Total long range exact exchange:        0.650000000

 Method for Coulomb:                     incore_df
 Method for exact exchange:              pre_transformed_df
 Integral threshold:                     1.00e-12
 DF basis set:                           def2-tzvp-jkfit(spdfghi)
 Number of DF basis functions:         341
 Schwarz screening threshold:            1.00e-10
 Coulomb fitting method:                 Cholesky
 Total number of grid points:        14880
 Method for AO orthogonalization:        symmetric
 Threshold for linear dependence:        1.00e-08
 D3BJ dispersion energy:                -0.000511864

 -------------------------------------
  Running unrestricted open-shell SCF 
 -------------------------------------
 Max number of iterations:             128
 Conv. threshold (gradient):             1.00e-05
 Conv. threshold (energy):               1.00e-06
 Interpolation scheme:                   adiis+cdiis
 Initial guess:                          SAD

 ---------------------------------------------------------------
                  energy        change          grad        time
 ---------------------------------------------------------------
   0     -1225.779556308                    2.78e+00        0.03
   1     -1225.933695901     -1.54e-01      1.09e+00        0.03
   2     -1219.956269260      5.98e+00      4.08e+00        0.03
   3     -1225.536112926     -5.58e+00      1.55e+00        0.03
   4     -1226.269491899     -7.33e-01      1.71e-01        0.03
   5     -1226.240287730      2.92e-02      4.33e-01        0.03
   6     -1226.275225472     -3.49e-02      1.15e-01        0.03
   7     -1226.275004469      2.21e-04      1.11e-01        0.03
   8     -1226.277686784     -2.68e-03      4.73e-02        0.03
   9     -1226.276821312      8.65e-04      6.22e-02        0.04
  10     -1226.278284359     -1.46e-03      7.97e-03        0.03
  11     -1226.278332144     -4.78e-05      1.59e-03        0.04
  12     -1226.278337810     -5.67e-06      6.73e-04        0.03
  13     -1226.278338976     -1.17e-06      3.85e-04        0.03
  14     -1226.278339451     -4.75e-07      1.27e-04        0.03
  15     -1226.278339544     -9.25e-08      2.13e-05        0.03
  16     -1226.278339545     -1.06e-09      1.20e-05        0.03
  17     -1226.278339548     -2.90e-09      2.75e-06        0.03

 SCF converged in 17 iterations.

 Dipole moment (in Debye):              -0.000000      -0.000000      -5.373325

 Quadrupole moment (in Debye-Angstrom):
                  1            2            3
 1       -20.085708    -0.000000    -0.000000
 2        -0.000000   -20.085708    -0.000000
 3        -0.000000    -0.000000   -22.912877

 Spin-squared expectation <S^2>:         8.825
 Total spin quantum number S:            2.512
 TOTAL ENERGY:                       -1226.278339547

 --------------------------------------------------------------------------------

 End time:                               Wed Jun  2 11:51:56 2021
 Total wall-clock time:                  3.741 seconds
==================================================================================
