
================================================================================
          _____________ ________ _______________ ________     _________         
         / ___________// ______ \\_____   _____// ______ \   / ________)        
        / /_________  / /      \ \     | |     / /      \ \ | (_______          
       |  __________|| |        | |    | |    | |        | | \________ \        
        \ \_________ | |        | |    | |     \ \______/ /___________) |       
         \__________||_|        |_|    |_|      \________//____________/        
                                                                                
====================================[ Qcore ]===================================

 Git hash:   15a3e7daff0cda5fa9af010ccd19a80288182ecf
 Git date:   Fri, 16 Apr 2021 15:57:16 +0100
 Compiler:   GNU 9.1.0
 Build type: Release
 Version:    1.1.0

 Start time: Wed Jun  2 11:52:04 2021

 Data directory: /work/zw18965/.local/qcore/share/entos/1.1.0/data
 Number of threads: 24
 Number of threads was determined by: command line argument
  - More threads can be used by running 'qcore -n 32'

 --------------------------------------------------------------------------------
                                   command: dft                                  
 --------------------------------------------------------------------------------
 AO basis set:                           aug-cc-pvtz
 Number of AO basis functions:         139

 Formula:                                FFe
 Nuclear charge:                        35.000000000
 Total charge:                           0.000000000
 Number of electrons:                   35.000000000

 Number of alpha electrons:             20
 Number of beta electrons:              15
 Number of unpaired electrons:           5
 Spin:                                   5
 Multiplicity:                           septet

 Theory:                                 dft
 Exchange-correlation functional:        camb3lyp

 Using range separated hybrid functional
 Range separation parameter:             0.330000000
 Short range exact exchange:             0.190000000
 Total long range exact exchange:        0.650000000

 Method for Coulomb:                     incore_df
 Method for exact exchange:              pre_transformed_df
 Integral threshold:                     1.00e-12
 DF basis set:                           def2-tzvp-jkfit(spdfghi)
 Number of DF basis functions:         341
 Schwarz screening threshold:            1.00e-10
 Coulomb fitting method:                 Cholesky
 Total number of grid points:        14748
 Method for AO orthogonalization:        symmetric
 Threshold for linear dependence:        1.00e-08
 D3BJ dispersion energy:                -0.000344736

 -------------------------------------
  Running unrestricted open-shell SCF 
 -------------------------------------
 Max number of iterations:             128
 Conv. threshold (gradient):             1.00e-05
 Conv. threshold (energy):               1.00e-06
 Interpolation scheme:                   adiis+cdiis
 Initial guess:                          SAD

 ---------------------------------------------------------------
                  energy        change          grad        time
 ---------------------------------------------------------------
   0     -1363.135831461                    2.07e+00        0.04
   1     -1363.597096455     -4.61e-01      5.40e-01        0.03
   2     -1363.315939256      2.81e-01      1.18e+00        0.03
   3     -1363.665137567     -3.49e-01      2.61e-01        0.03
   4     -1363.663270584      1.87e-03      2.98e-01        0.03
   5     -1363.681759367     -1.85e-02      1.52e-02        0.03
   6     -1363.681819050     -5.97e-05      2.34e-02        0.03
   7     -1363.681992732     -1.74e-04      2.54e-03        0.03
   8     -1363.681995993     -3.26e-06      6.22e-04        0.03
   9     -1363.681996456     -4.63e-07      2.13e-04        0.03
  10     -1363.681996573     -1.17e-07      3.07e-05        0.03
  11     -1363.681996589     -1.62e-08      8.53e-06        0.03

 SCF converged in 11 iterations.

 Dipole moment (in Debye):              -0.000002      -0.000002      -2.211057

 Quadrupole moment (in Debye-Angstrom):
                  1            2            3
 1       -19.376558     0.000000    -0.000001
 2         0.000000   -19.376556    -0.000001
 3        -0.000001    -0.000001   -26.311417

 Spin-squared expectation <S^2>:         8.754
 Total spin quantum number S:            2.501
 TOTAL ENERGY:                       -1363.681996593

 --------------------------------------------------------------------------------

 End time:                               Wed Jun  2 11:52:08 2021
 Total wall-clock time:                  3.754 seconds
==================================================================================
