
================================================================================
          _____________ ________ _______________ ________     _________         
         / ___________// ______ \\_____   _____// ______ \   / ________)        
        / /_________  / /      \ \     | |     / /      \ \ | (_______          
       |  __________|| |        | |    | |    | |        | | \________ \        
        \ \_________ | |        | |    | |     \ \______/ /___________) |       
         \__________||_|        |_|    |_|      \________//____________/        
                                                                                
====================================[ Qcore ]===================================

 Git hash:   15a3e7daff0cda5fa9af010ccd19a80288182ecf
 Git date:   Fri, 16 Apr 2021 15:57:16 +0100
 Compiler:   GNU 9.1.0
 Build type: Release
 Version:    1.1.0

 Start time: Wed Jun  2 11:52:26 2021

 Data directory: /work/zw18965/.local/qcore/share/entos/1.1.0/data
 Number of threads: 24
 Number of threads was determined by: command line argument
  - More threads can be used by running 'qcore -n 32'

 --------------------------------------------------------------------------------
                                   command: dft                                  
 --------------------------------------------------------------------------------
 AO basis set:                           aug-cc-pvtz
 Number of AO basis functions:         116

 Formula:                                HCo
 Nuclear charge:                        28.000000000
 Total charge:                           0.000000000
 Number of electrons:                   28.000000000

 Number of alpha electrons:             15
 Number of beta electrons:              13
 Number of unpaired electrons:           2
 Spin:                                   2
 Multiplicity:                           triplet

 Theory:                                 dft
 Exchange-correlation functional:        camb3lyp

 Using range separated hybrid functional
 Range separation parameter:             0.330000000
 Short range exact exchange:             0.190000000
 Total long range exact exchange:        0.650000000

 Method for Coulomb:                     incore_df
 Method for exact exchange:              pre_transformed_df
 Integral threshold:                     1.00e-12
 DF basis set:                           def2-tzvp-jkfit(spdfghi)
 Number of DF basis functions:         282
 Schwarz screening threshold:            1.00e-10
 Coulomb fitting method:                 Cholesky
 Total number of grid points:        13826
 Method for AO orthogonalization:        symmetric
 Threshold for linear dependence:        1.00e-08
 D3BJ dispersion energy:                -0.000310843

 -------------------------------------
  Running unrestricted open-shell SCF 
 -------------------------------------
 Max number of iterations:             128
 Conv. threshold (gradient):             1.00e-05
 Conv. threshold (energy):               1.00e-06
 Interpolation scheme:                   adiis+cdiis
 Initial guess:                          SAD

 ---------------------------------------------------------------
                  energy        change          grad        time
 ---------------------------------------------------------------
   0     -1382.998389014                    2.03e+00        0.03
   1     -1383.227443614     -2.29e-01      9.40e-01        0.02
   2     -1368.298119192      1.49e+01      7.35e+00        0.02
   3     -1382.761682060     -1.45e+01      1.74e+00        0.02
   4     -1383.402086704     -6.40e-01      3.39e-01        0.02
   5     -1383.387236396      1.49e-02      3.67e-01        0.02
   6     -1383.426912924     -3.97e-02      6.11e-02        0.02
   7     -1383.426817676      9.52e-05      7.93e-02        0.02
   8     -1383.428290541     -1.47e-03      6.93e-03        0.02
   9     -1383.428323091     -3.25e-05      2.93e-03        0.02
  10     -1383.428329136     -6.04e-06      1.10e-03        0.02
  11     -1383.428330176     -1.04e-06      2.18e-04        0.02
  12     -1383.428330288     -1.13e-07      1.11e-04        0.02
  13     -1383.428330281      7.35e-09      1.80e-05        0.02
  14     -1383.428330259      2.20e-08      9.61e-06        0.02

 SCF converged in 14 iterations.

 Dipole moment (in Debye):              -0.000002      -0.000001      -3.057449

 Quadrupole moment (in Debye-Angstrom):
                  1            2            3
 1       -14.964871     0.000000     0.000010
 2         0.000000   -14.964869     0.000007
 3         0.000010     0.000007   -17.009171

 Spin-squared expectation <S^2>:         2.021
 Total spin quantum number S:            1.007
 TOTAL ENERGY:                       -1383.428330241

 --------------------------------------------------------------------------------

 End time:                               Wed Jun  2 11:52:29 2021
 Total wall-clock time:                  3.374 seconds
==================================================================================
