
================================================================================
          _____________ ________ _______________ ________     _________         
         / ___________// ______ \\_____   _____// ______ \   / ________)        
        / /_________  / /      \ \     | |     / /      \ \ | (_______          
       |  __________|| |        | |    | |    | |        | | \________ \        
        \ \_________ | |        | |    | |     \ \______/ /___________) |       
         \__________||_|        |_|    |_|      \________//____________/        
                                                                                
====================================[ Qcore ]===================================

 Git hash:   15a3e7daff0cda5fa9af010ccd19a80288182ecf
 Git date:   Fri, 16 Apr 2021 15:57:16 +0100
 Compiler:   GNU 9.1.0
 Build type: Release
 Version:    1.1.0

 Start time: Wed Jun  2 11:52:35 2021

 Data directory: /work/zw18965/.local/qcore/share/entos/1.1.0/data
 Number of threads: 24
 Number of threads was determined by: command line argument
  - More threads can be used by running 'qcore -n 32'

 --------------------------------------------------------------------------------
                                   command: dft                                  
 --------------------------------------------------------------------------------
 AO basis set:                           aug-cc-pvtz
 Number of AO basis functions:         143

 Formula:                                ClCo
 Nuclear charge:                        44.000000000
 Total charge:                           0.000000000
 Number of electrons:                   44.000000000

 Number of alpha electrons:             23
 Number of beta electrons:              21
 Number of unpaired electrons:           2
 Spin:                                   2
 Multiplicity:                           triplet

 Theory:                                 dft
 Exchange-correlation functional:        camb3lyp

 Using range separated hybrid functional
 Range separation parameter:             0.330000000
 Short range exact exchange:             0.190000000
 Total long range exact exchange:        0.650000000

 Method for Coulomb:                     incore_df
 Method for exact exchange:              pre_transformed_df
 Integral threshold:                     1.00e-12
 DF basis set:                           def2-tzvp-jkfit(spdfghi)
 Number of DF basis functions:         392
 Schwarz screening threshold:            1.00e-10
 Coulomb fitting method:                 Cholesky
 Total number of grid points:        15430
 Method for AO orthogonalization:        symmetric
 Threshold for linear dependence:        1.00e-08
 D3BJ dispersion energy:                -0.001110117

 -------------------------------------
  Running unrestricted open-shell SCF 
 -------------------------------------
 Max number of iterations:             128
 Conv. threshold (gradient):             1.00e-05
 Conv. threshold (energy):               1.00e-06
 Interpolation scheme:                   adiis+cdiis
 Initial guess:                          SAD

 ---------------------------------------------------------------
                  energy        change          grad        time
 ---------------------------------------------------------------
   0     -1842.835576588                    2.51e+00        0.03
   1     -1842.803438763      3.21e-02      9.65e-01        0.03
   2     -1822.712721057      2.01e+01      6.57e+00        0.03
   3     -1842.057135177     -1.93e+01      2.28e+00        0.03
   4     -1843.096439601     -1.04e+00      3.95e-01        0.03
   5     -1843.068029902      2.84e-02      4.72e-01        0.03
   6     -1843.135979944     -6.80e-02      3.91e-02        0.03
   7     -1843.136565344     -5.85e-04      6.64e-02        0.03
   8     -1843.137860063     -1.29e-03      1.02e-02        0.03
   9     -1843.137948885     -8.88e-05      7.32e-03        0.03
  10     -1843.137967115     -1.82e-05      3.54e-03        0.03
  11     -1843.137975649     -8.53e-06      1.98e-03        0.04
  12     -1843.137978785     -3.14e-06      8.87e-04        0.03
  13     -1843.137980015     -1.23e-06      5.96e-04        0.03
  14     -1843.137980954     -9.38e-07      3.33e-04        0.04
  15     -1843.137981206     -2.52e-07      7.75e-05        0.03
  16     -1843.137981225     -1.99e-08      8.88e-06        0.03

 SCF converged in 16 iterations.

 Dipole moment (in Debye):               0.000016       0.000016      -5.375897

 Quadrupole moment (in Debye-Angstrom):
                  1            2            3
 1       -26.972304    -0.000026    -0.000029
 2        -0.000026   -26.972304    -0.000029
 3        -0.000029    -0.000029   -22.940773

 Spin-squared expectation <S^2>:         2.019
 Total spin quantum number S:            1.006
 TOTAL ENERGY:                       -1843.137981226

 --------------------------------------------------------------------------------

 End time:                               Wed Jun  2 11:52:39 2021
 Total wall-clock time:                  4.120 seconds
==================================================================================
