
================================================================================
          _____________ ________ _______________ ________     _________         
         / ___________// ______ \\_____   _____// ______ \   / ________)        
        / /_________  / /      \ \     | |     / /      \ \ | (_______          
       |  __________|| |        | |    | |    | |        | | \________ \        
        \ \_________ | |        | |    | |     \ \______/ /___________) |       
         \__________||_|        |_|    |_|      \________//____________/        
                                                                                
====================================[ Qcore ]===================================

 Git hash:   15a3e7daff0cda5fa9af010ccd19a80288182ecf
 Git date:   Fri, 16 Apr 2021 15:57:16 +0100
 Compiler:   GNU 9.1.0
 Build type: Release
 Version:    1.1.0

 Start time: Wed Jun  2 11:52:39 2021

 Data directory: /work/zw18965/.local/qcore/share/entos/1.1.0/data
 Number of threads: 24
 Number of threads was determined by: command line argument
  - More threads can be used by running 'qcore -n 32'

 --------------------------------------------------------------------------------
                                   command: dft                                  
 --------------------------------------------------------------------------------
 AO basis set:                           aug-cc-pvtz
 Number of AO basis functions:         152

 Formula:                                CoBr
 Nuclear charge:                        62.000000000
 Total charge:                           0.000000000
 Number of electrons:                   62.000000000

 Number of alpha electrons:             32
 Number of beta electrons:              30
 Number of unpaired electrons:           2
 Spin:                                   2
 Multiplicity:                           triplet

 Theory:                                 dft
 Exchange-correlation functional:        camb3lyp

 Using range separated hybrid functional
 Range separation parameter:             0.330000000
 Short range exact exchange:             0.190000000
 Total long range exact exchange:        0.650000000

 Method for Coulomb:                     incore_df
 Method for exact exchange:              pre_transformed_df
 Integral threshold:                     1.00e-12
 DF basis set:                           def2-tzvp-jkfit(spdfghi)
 Number of DF basis functions:         530
 Schwarz screening threshold:            1.00e-10
 Coulomb fitting method:                 Cholesky
 Total number of grid points:        16100
 Method for AO orthogonalization:        symmetric
 Threshold for linear dependence:        1.00e-08
 D3BJ dispersion energy:                -0.001337995

 -------------------------------------
  Running unrestricted open-shell SCF 
 -------------------------------------
 Max number of iterations:             128
 Conv. threshold (gradient):             1.00e-05
 Conv. threshold (energy):               1.00e-06
 Interpolation scheme:                   adiis+cdiis
 Initial guess:                          SAD

 ---------------------------------------------------------------
                  energy        change          grad        time
 ---------------------------------------------------------------
   0     -3956.980101483                    3.36e+00        0.04
   1     -3956.544992244      4.35e-01      1.61e+00        0.04
   2     -3933.209012654      2.33e+01      4.91e+00        0.03
   3     -3955.732398547     -2.25e+01      2.72e+00        0.04
   4     -3957.190870179     -1.46e+00      3.60e-01        0.03
   5     -3957.105444044      8.54e-02      6.04e-01        0.04
   6     -3957.229556175     -1.24e-01      7.54e-02        0.04
   7     -3957.227816861      1.74e-03      1.61e-01        0.04
   8     -3957.234888458     -7.07e-03      1.99e-02        0.04
   9     -3957.235290418     -4.02e-04      1.14e-02        0.03
  10     -3957.235358641     -6.82e-05      4.00e-03        0.04
  11     -3957.235368969     -1.03e-05      1.85e-03        0.03
  12     -3957.235371404     -2.43e-06      1.01e-03        0.04
  13     -3957.235372160     -7.56e-07      3.10e-04        0.04
  14     -3957.235372326     -1.67e-07      2.19e-04        0.04
  15     -3957.235372413     -8.66e-08      1.46e-04        0.04
  16     -3957.235372450     -3.74e-08      5.70e-05        0.03
  17     -3957.235372458     -7.45e-09      1.17e-05        0.04
  18     -3957.235372459     -6.38e-10      3.66e-06        0.04

 SCF converged in 18 iterations.

 Dipole moment (in Debye):               0.000006       0.000006      -5.225159

 Quadrupole moment (in Debye-Angstrom):
                  1            2            3
 1       -33.038011    -0.000015    -0.000014
 2        -0.000015   -33.038011    -0.000014
 3        -0.000014    -0.000014   -24.039578

 Spin-squared expectation <S^2>:         2.014
 Total spin quantum number S:            1.005
 TOTAL ENERGY:                       -3957.235372459

 --------------------------------------------------------------------------------

 End time:                               Wed Jun  2 11:52:45 2021
 Total wall-clock time:                  5.691 seconds
==================================================================================
