
================================================================================
          _____________ ________ _______________ ________     _________         
         / ___________// ______ \\_____   _____// ______ \   / ________)        
        / /_________  / /      \ \     | |     / /      \ \ | (_______          
       |  __________|| |        | |    | |    | |        | | \________ \        
        \ \_________ | |        | |    | |     \ \______/ /___________) |       
         \__________||_|        |_|    |_|      \________//____________/        
                                                                                
====================================[ Qcore ]===================================

 Git hash:   15a3e7daff0cda5fa9af010ccd19a80288182ecf
 Git date:   Fri, 16 Apr 2021 15:57:16 +0100
 Compiler:   GNU 9.1.0
 Build type: Release
 Version:    1.1.0

 Start time: Wed Jun  2 11:52:45 2021

 Data directory: /work/zw18965/.local/qcore/share/entos/1.1.0/data
 Number of threads: 24
 Number of threads was determined by: command line argument
  - More threads can be used by running 'qcore -n 32'

 --------------------------------------------------------------------------------
                                   command: dft                                  
 --------------------------------------------------------------------------------
 AO basis set:                           aug-cc-pvtz
 Number of AO basis functions:         139

 Formula:                                OCo
 Nuclear charge:                        35.000000000
 Total charge:                           0.000000000
 Number of electrons:                   35.000000000

 Number of alpha electrons:             19
 Number of beta electrons:              16
 Number of unpaired electrons:           3
 Spin:                                   3
 Multiplicity:                           quartet

 Theory:                                 dft
 Exchange-correlation functional:        camb3lyp

 Using range separated hybrid functional
 Range separation parameter:             0.330000000
 Short range exact exchange:             0.190000000
 Total long range exact exchange:        0.650000000

 Method for Coulomb:                     incore_df
 Method for exact exchange:              pre_transformed_df
 Integral threshold:                     1.00e-12
 DF basis set:                           def2-tzvp-jkfit(spdfghi)
 Number of DF basis functions:         341
 Schwarz screening threshold:            1.00e-10
 Coulomb fitting method:                 Cholesky
 Total number of grid points:        14880
 Method for AO orthogonalization:        symmetric
 Threshold for linear dependence:        1.00e-08
 D3BJ dispersion energy:                -0.000480977

 -------------------------------------
  Running unrestricted open-shell SCF 
 -------------------------------------
 Max number of iterations:             128
 Conv. threshold (gradient):             1.00e-05
 Conv. threshold (energy):               1.00e-06
 Interpolation scheme:                   adiis+cdiis
 Initial guess:                          SAD

 ---------------------------------------------------------------
                  energy        change          grad        time
 ---------------------------------------------------------------
   0     -1457.680279206                    2.93e+00        0.03
   1     -1457.930397412     -2.50e-01      4.83e-01        0.03
   2     -1457.680801937      2.50e-01      1.14e+00        0.03
   3     -1458.020502216     -3.40e-01      2.67e-01        0.03
   4     -1457.937560193      8.29e-02      6.12e-01        0.03
   5     -1458.029562215     -9.20e-02      1.62e-01        0.03
   6     -1458.023622028      5.94e-03      2.45e-01        0.03
   7     -1458.037420350     -1.38e-02      8.44e-02        0.03
   8     -1458.034639214      2.78e-03      1.25e-01        0.03
   9     -1458.038878147     -4.24e-03      5.44e-03        0.03
  10     -1458.038892845     -1.47e-05      1.70e-03        0.03
  11     -1458.038894642     -1.80e-06      5.07e-04        0.03
  12     -1458.038894831     -1.89e-07      3.30e-04        0.03
  13     -1458.038894925     -9.37e-08      2.26e-04        0.03
  14     -1458.038894953     -2.80e-08      5.63e-05        0.03
  15     -1458.038894947      6.24e-09      1.42e-05        0.03
  16     -1458.038894949     -1.77e-09      8.74e-06        0.03

 SCF converged in 16 iterations.

 Dipole moment (in Debye):              -0.000000      -0.000000      -5.807774

 Quadrupole moment (in Debye-Angstrom):
                  1            2            3
 1       -18.770988    -0.000024    -0.000000
 2        -0.000024   -18.770988    -0.000000
 3        -0.000000    -0.000000   -20.262296

 Spin-squared expectation <S^2>:         3.764
 Total spin quantum number S:            1.504
 TOTAL ENERGY:                       -1458.038894952

 --------------------------------------------------------------------------------

 End time:                               Wed Jun  2 11:52:49 2021
 Total wall-clock time:                  3.891 seconds
==================================================================================
