
================================================================================
          _____________ ________ _______________ ________     _________         
         / ___________// ______ \\_____   _____// ______ \   / ________)        
        / /_________  / /      \ \     | |     / /      \ \ | (_______          
       |  __________|| |        | |    | |    | |        | | \________ \        
        \ \_________ | |        | |    | |     \ \______/ /___________) |       
         \__________||_|        |_|    |_|      \________//____________/        
                                                                                
====================================[ Qcore ]===================================

 Git hash:   15a3e7daff0cda5fa9af010ccd19a80288182ecf
 Git date:   Fri, 16 Apr 2021 15:57:16 +0100
 Compiler:   GNU 9.1.0
 Build type: Release
 Version:    1.1.0

 Start time: Wed Jun  2 11:52:49 2021

 Data directory: /work/zw18965/.local/qcore/share/entos/1.1.0/data
 Number of threads: 24
 Number of threads was determined by: command line argument
  - More threads can be used by running 'qcore -n 32'

 --------------------------------------------------------------------------------
                                   command: dft                                  
 --------------------------------------------------------------------------------
 AO basis set:                           aug-cc-pvtz
 Number of AO basis functions:         143

 Formula:                                SCo
 Nuclear charge:                        43.000000000
 Total charge:                           0.000000000
 Number of electrons:                   43.000000000

 Number of alpha electrons:             23
 Number of beta electrons:              20
 Number of unpaired electrons:           3
 Spin:                                   3
 Multiplicity:                           quartet

 Theory:                                 dft
 Exchange-correlation functional:        camb3lyp

 Using range separated hybrid functional
 Range separation parameter:             0.330000000
 Short range exact exchange:             0.190000000
 Total long range exact exchange:        0.650000000

 Method for Coulomb:                     incore_df
 Method for exact exchange:              pre_transformed_df
 Integral threshold:                     1.00e-12
 DF basis set:                           def2-tzvp-jkfit(spdfghi)
 Number of DF basis functions:         392
 Schwarz screening threshold:            1.00e-10
 Coulomb fitting method:                 Cholesky
 Total number of grid points:        15286
 Method for AO orthogonalization:        symmetric
 Threshold for linear dependence:        1.00e-08
 D3BJ dispersion energy:                -0.001288515

 -------------------------------------
  Running unrestricted open-shell SCF 
 -------------------------------------
 Max number of iterations:             128
 Conv. threshold (gradient):             1.00e-05
 Conv. threshold (energy):               1.00e-06
 Interpolation scheme:                   adiis+cdiis
 Initial guess:                          SAD

 ---------------------------------------------------------------
                  energy        change          grad        time
 ---------------------------------------------------------------
   0     -1780.859265861                    3.53e+00        0.04
   1     -1780.499617606      3.60e-01      1.60e+00        0.04
   2     -1758.813690185      2.17e+01      5.06e+00        0.03
   3     -1779.539233617     -2.07e+01      2.92e+00        0.03
   4     -1780.986533450     -1.45e+00      6.30e-01        0.03
   5     -1780.965380322      2.12e-02      6.10e-01        0.03
   6     -1781.059517426     -9.41e-02      8.95e-02        0.03
   7     -1781.060329930     -8.13e-04      7.91e-02        0.03
   8     -1781.062347025     -2.02e-03      4.24e-02        0.03
   9     -1781.062841217     -4.94e-04      7.27e-03        0.03
  10     -1781.062875053     -3.38e-05      4.55e-03        0.03
  11     -1781.062890032     -1.50e-05      2.26e-03        0.03
  12     -1781.062896813     -6.78e-06      2.08e-03        0.03
  13     -1781.062901141     -4.33e-06      4.48e-04        0.03
  14     -1781.062901418     -2.77e-07      1.92e-04        0.04
  15     -1781.062901341      7.66e-08      8.89e-05        0.03
  16     -1781.062901242      9.92e-08      3.14e-05        0.03
  17     -1781.062901203      3.87e-08      1.40e-05        0.03
  18     -1781.062901198      5.93e-09      9.58e-06        0.03

 SCF converged in 18 iterations.

 Dipole moment (in Debye):               0.000000       0.000000      -5.540122

 Quadrupole moment (in Debye-Angstrom):
                  1            2            3
 1       -27.816198     0.000282    -0.000000
 2         0.000282   -27.816172    -0.000000
 3        -0.000000    -0.000000   -24.022870

 Spin-squared expectation <S^2>:         3.771
 Total spin quantum number S:            1.505
 TOTAL ENERGY:                       -1781.062901196

 --------------------------------------------------------------------------------

 End time:                               Wed Jun  2 11:52:53 2021
 Total wall-clock time:                  4.363 seconds
==================================================================================
