
================================================================================
          _____________ ________ _______________ ________     _________         
         / ___________// ______ \\_____   _____// ______ \   / ________)        
        / /_________  / /      \ \     | |     / /      \ \ | (_______          
       |  __________|| |        | |    | |    | |        | | \________ \        
        \ \_________ | |        | |    | |     \ \______/ /___________) |       
         \__________||_|        |_|    |_|      \________//____________/        
                                                                                
====================================[ Qcore ]===================================

 Git hash:   15a3e7daff0cda5fa9af010ccd19a80288182ecf
 Git date:   Fri, 16 Apr 2021 15:57:16 +0100
 Compiler:   GNU 9.1.0
 Build type: Release
 Version:    1.1.0

 Start time: Wed Jun  2 11:53:10 2021

 Data directory: /work/zw18965/.local/qcore/share/entos/1.1.0/data
 Number of threads: 24
 Number of threads was determined by: command line argument
  - More threads can be used by running 'qcore -n 32'

 --------------------------------------------------------------------------------
                                   command: dft                                  
 --------------------------------------------------------------------------------
 AO basis set:                           aug-cc-pvtz
 Number of AO basis functions:         139

 Formula:                                ONi
 Nuclear charge:                        36.000000000
 Total charge:                           0.000000000
 Number of electrons:                   36.000000000

 Number of alpha electrons:             19
 Number of beta electrons:              17
 Number of unpaired electrons:           2
 Spin:                                   2
 Multiplicity:                           triplet

 Theory:                                 dft
 Exchange-correlation functional:        camb3lyp

 Using range separated hybrid functional
 Range separation parameter:             0.330000000
 Short range exact exchange:             0.190000000
 Total long range exact exchange:        0.650000000

 Method for Coulomb:                     incore_df
 Method for exact exchange:              pre_transformed_df
 Integral threshold:                     1.00e-12
 DF basis set:                           def2-tzvp-jkfit(spdfghi)
 Number of DF basis functions:         341
 Schwarz screening threshold:            1.00e-10
 Coulomb fitting method:                 Cholesky
 Total number of grid points:        14880
 Method for AO orthogonalization:        symmetric
 Threshold for linear dependence:        1.00e-08
 D3BJ dispersion energy:                -0.000495728

 -------------------------------------
  Running unrestricted open-shell SCF 
 -------------------------------------
 Max number of iterations:             128
 Conv. threshold (gradient):             1.00e-05
 Conv. threshold (energy):               1.00e-06
 Interpolation scheme:                   adiis+cdiis
 Initial guess:                          SAD

 ---------------------------------------------------------------
                  energy        change          grad        time
 ---------------------------------------------------------------
   0     -1583.422823049                    2.81e+00        0.03
   1     -1583.180368696      2.42e-01      1.20e+00        0.03
   2     -1576.583694360      6.60e+00      3.80e+00        0.03
   3     -1582.816774881     -6.23e+00      1.79e+00        0.03
   4     -1583.573634261     -7.57e-01      2.54e-01        0.03
   5     -1583.543951588      2.97e-02      4.67e-01        0.03
   6     -1583.592808115     -4.89e-02      8.63e-02        0.04
   7     -1583.588698382      4.11e-03      1.88e-01        0.03
   8     -1583.596006491     -7.31e-03      2.58e-02        0.03
   9     -1583.597146046     -1.14e-03      2.43e-02        0.03
  10     -1583.598087430     -9.41e-04      1.46e-02        0.03
  11     -1583.598470663     -3.83e-04      5.56e-03        0.03
  12     -1583.598515912     -4.52e-05      4.52e-03        0.04
  13     -1583.598538868     -2.30e-05      3.32e-03        0.03
  14     -1583.598553855     -1.50e-05      3.04e-03        0.03
  15     -1583.598584709     -3.09e-05      1.95e-03        0.03
  16     -1583.598592600     -7.89e-06      9.61e-04        0.03
  17     -1583.598593596     -9.96e-07      2.89e-04        0.03
  18     -1583.598593415      1.81e-07      1.26e-04        0.03
  19     -1583.598593402      1.29e-08      8.82e-05        0.03
  20     -1583.598593366      3.58e-08      3.85e-05        0.03
  21     -1583.598593348      1.79e-08      1.68e-05        0.03
  22     -1583.598593342      6.37e-09      7.75e-06        0.03

 SCF converged in 22 iterations.

 Dipole moment (in Debye):              -0.000000       0.000000      -5.275412

 Quadrupole moment (in Debye-Angstrom):
                  1            2            3
 1       -18.286907     0.184903     0.000000
 2         0.184903   -18.286733     0.000000
 3         0.000000     0.000000   -20.588469

 Spin-squared expectation <S^2>:         2.011
 Total spin quantum number S:            1.004
 TOTAL ENERGY:                       -1583.598593337

 --------------------------------------------------------------------------------

 End time:                               Wed Jun  2 11:53:14 2021
 Total wall-clock time:                  3.937 seconds
==================================================================================
