
================================================================================
          _____________ ________ _______________ ________     _________         
         / ___________// ______ \\_____   _____// ______ \   / ________)        
        / /_________  / /      \ \     | |     / /      \ \ | (_______          
       |  __________|| |        | |    | |    | |        | | \________ \        
        \ \_________ | |        | |    | |     \ \______/ /___________) |       
         \__________||_|        |_|    |_|      \________//____________/        
                                                                                
====================================[ Qcore ]===================================

 Git hash:   15a3e7daff0cda5fa9af010ccd19a80288182ecf
 Git date:   Fri, 16 Apr 2021 15:57:16 +0100
 Compiler:   GNU 9.1.0
 Build type: Release
 Version:    1.1.0

 Start time: Wed Jun  2 11:53:14 2021

 Data directory: /work/zw18965/.local/qcore/share/entos/1.1.0/data
 Number of threads: 24
 Number of threads was determined by: command line argument
  - More threads can be used by running 'qcore -n 32'

 --------------------------------------------------------------------------------
                                   command: dft                                  
 --------------------------------------------------------------------------------
 AO basis set:                           aug-cc-pvtz
 Number of AO basis functions:         143

 Formula:                                SNi
 Nuclear charge:                        44.000000000
 Total charge:                           0.000000000
 Number of electrons:                   44.000000000

 Number of alpha electrons:             23
 Number of beta electrons:              21
 Number of unpaired electrons:           2
 Spin:                                   2
 Multiplicity:                           triplet

 Theory:                                 dft
 Exchange-correlation functional:        camb3lyp

 Using range separated hybrid functional
 Range separation parameter:             0.330000000
 Short range exact exchange:             0.190000000
 Total long range exact exchange:        0.650000000

 Method for Coulomb:                     incore_df
 Method for exact exchange:              pre_transformed_df
 Integral threshold:                     1.00e-12
 DF basis set:                           def2-tzvp-jkfit(spdfghi)
 Number of DF basis functions:         392
 Schwarz screening threshold:            1.00e-10
 Coulomb fitting method:                 Cholesky
 Total number of grid points:        15286
 Method for AO orthogonalization:        symmetric
 Threshold for linear dependence:        1.00e-08
 D3BJ dispersion energy:                -0.001340445

 -------------------------------------
  Running unrestricted open-shell SCF 
 -------------------------------------
 Max number of iterations:             128
 Conv. threshold (gradient):             1.00e-05
 Conv. threshold (energy):               1.00e-06
 Interpolation scheme:                   adiis+cdiis
 Initial guess:                          SAD

 ---------------------------------------------------------------
                  energy        change          grad        time
 ---------------------------------------------------------------
   0     -1906.592647214                    3.53e+00        0.03
   1     -1906.588486760      4.16e-03      5.34e-01        0.03
   2     -1905.963676601      6.25e-01      1.72e+00        0.03
   3     -1906.574468499     -6.11e-01      6.05e-01        0.03
   4     -1906.649252610     -7.48e-02      1.31e-01        0.03
   5     -1906.633470685      1.58e-02      2.92e-01        0.03
   6     -1906.652354446     -1.89e-02      7.02e-02        0.03
   7     -1906.650755966      1.60e-03      1.13e-01        0.03
   8     -1906.653545573     -2.79e-03      2.03e-02        0.03
   9     -1906.653647419     -1.02e-04      9.24e-03        0.04
  10     -1906.653674361     -2.69e-05      3.43e-03        0.03
  11     -1906.653676904     -2.54e-06      1.02e-03        0.03
  12     -1906.653676678      2.26e-07      7.79e-05        0.04
  13     -1906.653676613      6.50e-08      3.22e-05        0.03
  14     -1906.653676603      1.01e-08      1.05e-05        0.03
  15     -1906.653676602      4.55e-10      5.60e-06        0.03

 SCF converged in 15 iterations.

 Dipole moment (in Debye):               0.000004       0.000005      -4.597155

 Quadrupole moment (in Debye-Angstrom):
                  1            2            3
 1       -27.349833     0.000000    -0.000005
 2         0.000000   -27.349833    -0.000005
 3        -0.000005    -0.000005   -23.498823

 Spin-squared expectation <S^2>:         2.021
 Total spin quantum number S:            1.007
 TOTAL ENERGY:                       -1906.653676603

 --------------------------------------------------------------------------------

 End time:                               Wed Jun  2 11:53:18 2021
 Total wall-clock time:                  3.997 seconds
==================================================================================
