
================================================================================
          _____________ ________ _______________ ________     _________         
         / ___________// ______ \\_____   _____// ______ \   / ________)        
        / /_________  / /      \ \     | |     / /      \ \ | (_______          
       |  __________|| |        | |    | |    | |        | | \________ \        
        \ \_________ | |        | |    | |     \ \______/ /___________) |       
         \__________||_|        |_|    |_|      \________//____________/        
                                                                                
====================================[ Qcore ]===================================

 Git hash:   15a3e7daff0cda5fa9af010ccd19a80288182ecf
 Git date:   Fri, 16 Apr 2021 15:57:16 +0100
 Compiler:   GNU 9.1.0
 Build type: Release
 Version:    1.1.0

 Start time: Wed Jun  2 11:53:29 2021

 Data directory: /work/zw18965/.local/qcore/share/entos/1.1.0/data
 Number of threads: 24
 Number of threads was determined by: command line argument
  - More threads can be used by running 'qcore -n 32'

 --------------------------------------------------------------------------------
                                   command: dft                                  
 --------------------------------------------------------------------------------
 AO basis set:                           aug-cc-pvtz
 Number of AO basis functions:         152

 Formula:                                CuBr
 Nuclear charge:                        64.000000000
 Total charge:                           0.000000000
 Number of electrons:                   64.000000000

 Number of alpha electrons:             32
 Number of beta electrons:              32
 Number of unpaired electrons:           0
 Spin:                                   0
 Multiplicity:                           singlet

 Theory:                                 dft
 Exchange-correlation functional:        camb3lyp

 Using range separated hybrid functional
 Range separation parameter:             0.330000000
 Short range exact exchange:             0.190000000
 Total long range exact exchange:        0.650000000

 Method for Coulomb:                     incore_df
 Method for exact exchange:              pre_transformed_df
 Integral threshold:                     1.00e-12
 DF basis set:                           def2-tzvp-jkfit(spdfghi)
 Number of DF basis functions:         530
 Schwarz screening threshold:            1.00e-10
 Coulomb fitting method:                 Cholesky
 Total number of grid points:        16100
 Method for AO orthogonalization:        symmetric
 Threshold for linear dependence:        1.00e-08
 D3BJ dispersion energy:                -0.001220032

 -------------------------------------
  Running restricted closed-shell SCF 
 -------------------------------------
 Max number of iterations:             128
 Conv. threshold (gradient):             1.00e-05
 Conv. threshold (energy):               1.00e-06
 Interpolation scheme:                   adiis+cdiis
 Initial guess:                          SAD

 ---------------------------------------------------------------
                  energy        change          grad        time
 ---------------------------------------------------------------
   0     -4215.094276601                    5.71e+00        0.03
   1     -4215.010834713      8.34e-02      4.22e-01        0.03
   2     -4214.997473234      1.34e-02      7.07e-01        0.02
   3     -4215.040496379     -4.30e-02      2.66e-01        0.02
   4     -4215.024140035      1.64e-02      5.80e-01        0.02
   5     -4215.044152741     -2.00e-02      1.49e-01        0.02
   6     -4215.044954185     -8.01e-04      8.84e-02        0.02
   7     -4215.045411089     -4.57e-04      3.96e-02        0.02
   8     -4215.045501408     -9.03e-05      2.51e-03        0.02
   9     -4215.045503058     -1.65e-06      5.68e-04        0.02
  10     -4215.045503173     -1.15e-07      1.88e-04        0.03
  11     -4215.045503184     -1.10e-08      2.11e-05        0.02
  12     -4215.045503184     -1.56e-10      6.12e-06        0.02

 SCF converged in 12 iterations.

 Dipole moment (in Debye):              -0.000000      -0.000000      -5.028133

 Quadrupole moment (in Debye-Angstrom):
                  1            2            3
 1       -31.981199    -0.000000     0.000000
 2        -0.000000   -31.981199     0.000000
 3         0.000000     0.000000   -25.124333

 Spin-squared expectation <S^2>:         0.000
 Total spin quantum number S:            0.000
 TOTAL ENERGY:                       -4215.045503184

 --------------------------------------------------------------------------------

 End time:                               Wed Jun  2 11:53:34 2021
 Total wall-clock time:                  5.087 seconds
==================================================================================
