
================================================================================
          _____________ ________ _______________ ________     _________         
         / ___________// ______ \\_____   _____// ______ \   / ________)        
        / /_________  / /      \ \     | |     / /      \ \ | (_______          
       |  __________|| |        | |    | |    | |        | | \________ \        
        \ \_________ | |        | |    | |     \ \______/ /___________) |       
         \__________||_|        |_|    |_|      \________//____________/        
                                                                                
====================================[ Qcore ]===================================

 Git hash:   15a3e7daff0cda5fa9af010ccd19a80288182ecf
 Git date:   Fri, 16 Apr 2021 15:57:16 +0100
 Compiler:   GNU 9.1.0
 Build type: Release
 Version:    1.1.0

 Start time: Wed Jun  2 11:54:10 2021

 Data directory: /work/zw18965/.local/qcore/share/entos/1.1.0/data
 Number of threads: 24
 Number of threads was determined by: command line argument
  - More threads can be used by running 'qcore -n 32'

 --------------------------------------------------------------------------------
                                   command: dft                                  
 --------------------------------------------------------------------------------
 AO basis set:                           aug-cc-pvtz
 Number of AO basis functions:          93

 Formula:                                Ti
 Nuclear charge:                        22.000000000
 Total charge:                           0.000000000
 Number of electrons:                   22.000000000

 Number of alpha electrons:             12
 Number of beta electrons:              10
 Number of unpaired electrons:           2
 Spin:                                   2
 Multiplicity:                           triplet

 Theory:                                 dft
 Exchange-correlation functional:        camb3lyp

 Using range separated hybrid functional
 Range separation parameter:             0.330000000
 Short range exact exchange:             0.190000000
 Total long range exact exchange:        0.650000000

 Method for Coulomb:                     incore_df
 Method for exact exchange:              pre_transformed_df
 Integral threshold:                     1.00e-12
 DF basis set:                           def2-tzvp-jkfit(spdfghi)
 Number of DF basis functions:         264
 Schwarz screening threshold:            1.00e-10
 Coulomb fitting method:                 Cholesky
 Total number of grid points:         7792
 Method for AO orthogonalization:        symmetric
 Threshold for linear dependence:        1.00e-08
 D3BJ dispersion energy:                 0.000000000

 -------------------------------------
  Running unrestricted open-shell SCF 
 -------------------------------------
 Max number of iterations:             128
 Conv. threshold (gradient):             1.00e-05
 Conv. threshold (energy):               1.00e-06
 Interpolation scheme:                   adiis+cdiis
 Initial guess:                          SAD

 ---------------------------------------------------------------
                  energy        change          grad        time
 ---------------------------------------------------------------
   0      -849.045242092                    1.33e-02        0.01
   1      -849.215278968     -1.70e-01      6.00e-01        0.01
   2      -848.643840451      5.71e-01      1.29e+00        0.01
   3      -849.364521291     -7.21e-01      1.36e-01        0.01
   4      -849.367965979     -3.44e-03      9.57e-02        0.02
   5      -849.369998817     -2.03e-03      6.12e-02        0.01
   6      -849.371540597     -1.54e-03      2.14e-02        0.01
   7      -849.371892400     -3.52e-04      2.21e-02        0.01
   8      -849.366994174      4.90e-03      4.24e-02        0.02
   9      -849.366797684      1.96e-04      4.51e-02        0.01
  10      -849.366858586     -6.09e-05      4.46e-02        0.01
  11      -849.366874668     -1.61e-05      4.09e-02        0.02
  12      -849.367070416     -1.96e-04      2.83e-02        0.02
  13      -849.366967404      1.03e-04      2.65e-02        0.01
  14      -849.366916509      5.09e-05      2.11e-02        0.01
  15      -849.366987263     -7.08e-05      8.04e-03        0.01
  16      -849.367033271     -4.60e-05      4.81e-03        0.01
  17      -849.367030453      2.82e-06      3.51e-03        0.01
  18      -849.366907914      1.23e-04      2.64e-03        0.01
  19      -849.366785008      1.23e-04      2.50e-03        0.01
  20      -849.366764529      2.05e-05      8.49e-04        0.02
  21      -849.366764895     -3.66e-07      4.71e-04        0.02
  22      -849.366765451     -5.56e-07      4.49e-04        0.02
  23      -849.366766596     -1.14e-06      4.46e-04        0.02
  24      -849.366768493     -1.90e-06      3.52e-04        0.01
  25      -849.366768700     -2.07e-07      3.59e-04        0.01
  26      -849.366769200     -5.00e-07      4.17e-04        0.01
  27      -849.366769788     -5.87e-07      3.37e-04        0.01
  28      -849.366770349     -5.61e-07      2.98e-04        0.01
  29      -849.366769455      8.93e-07      3.45e-04        0.01
  30      -849.366769677     -2.22e-07      3.27e-04        0.01
  31      -849.366769711     -3.34e-08      3.12e-04        0.01
  32      -849.366769688      2.30e-08      3.13e-04        0.01
  33      -849.366769725     -3.76e-08      3.15e-04        0.01
  34      -849.366769623      1.03e-07      3.10e-04        0.01
  35      -849.366769800     -1.77e-07      3.12e-04        0.01
  36      -849.366768060      1.74e-06      2.33e-04        0.01
  37      -849.366767866      1.94e-07      1.62e-04        0.01
  38      -849.366768215     -3.49e-07      1.76e-04        0.01
  39      -849.366767818      3.96e-07      1.77e-04        0.01
  40      -849.366767731      8.72e-08      1.70e-04        0.01
  41      -849.366767554      1.78e-07      1.61e-04        0.01
  42      -849.366767694     -1.40e-07      1.40e-04        0.01
  43      -849.366768094     -4.00e-07      1.08e-04        0.01
  44      -849.366768365     -2.71e-07      8.18e-05        0.02
  45      -849.366768343      2.19e-08      7.54e-05        0.01
  46      -849.366768093      2.50e-07      6.47e-05        0.02
  47      -849.366767989      1.04e-07      2.80e-05        0.01
  48      -849.366767977      1.23e-08      2.64e-05        0.01
  49      -849.366767985     -8.18e-09      2.65e-05        0.01
  50      -849.366768014     -2.85e-08      2.20e-05        0.01
  51      -849.366768094     -8.01e-08      1.24e-05        0.02
  52      -849.366768170     -7.60e-08      8.13e-06        0.02

 SCF converged in 52 iterations.

 Dipole moment (in Debye):               0.000001      -0.000001      -0.000002

 Quadrupole moment (in Debye-Angstrom):
                  1            2            3
 1       -21.374276     0.157701     0.326314
 2         0.157701   -20.943997    -0.106859
 3         0.326314    -0.106859   -21.113478

 Spin-squared expectation <S^2>:         2.006
 Total spin quantum number S:            1.002
 TOTAL ENERGY:                        -849.366768201

 --------------------------------------------------------------------------------

 End time:                               Wed Jun  2 11:54:14 2021
 Total wall-clock time:                  3.438 seconds
==================================================================================
