
================================================================================
          _____________ ________ _______________ ________     _________         
         / ___________// ______ \\_____   _____// ______ \   / ________)        
        / /_________  / /      \ \     | |     / /      \ \ | (_______          
       |  __________|| |        | |    | |    | |        | | \________ \        
        \ \_________ | |        | |    | |     \ \______/ /___________) |       
         \__________||_|        |_|    |_|      \________//____________/        
                                                                                
====================================[ Qcore ]===================================

 Git hash:   15a3e7daff0cda5fa9af010ccd19a80288182ecf
 Git date:   Fri, 16 Apr 2021 15:57:16 +0100
 Compiler:   GNU 9.1.0
 Build type: Release
 Version:    1.1.0

 Start time: Wed Jun  2 11:50:15 2021

 Data directory: /work/zw18965/.local/qcore/share/entos/1.1.0/data
 Number of threads: 24
 Number of threads was determined by: command line argument

 --------------------------------------------------------------------------------
                                   command: dft                                  
 --------------------------------------------------------------------------------
 AO basis set:                           aug-cc-pvtz
 Number of AO basis functions:         116

 Formula:                                HSc
 Nuclear charge:                        22.000000000
 Total charge:                           0.000000000
 Number of electrons:                   22.000000000

 Number of alpha electrons:             11
 Number of beta electrons:              11
 Number of unpaired electrons:           0
 Spin:                                   0
 Multiplicity:                           singlet

 Theory:                                 dft
 Exchange-correlation functional:        0.35 b88 + 0.58 lyp
 Method for Coulomb:                     incore_df
 Method for exact exchange:              pre_transformed_df
 Integral threshold:                     1.00e-12
 DF basis set:                           def2-tzvp-jkfit(spdfghi)
 Number of DF basis functions:         282
 Schwarz screening threshold:            1.00e-10
 Coulomb fitting method:                 Cholesky
 Total number of grid points:        13742
 Method for AO orthogonalization:        symmetric
 Threshold for linear dependence:        1.00e-08
 D3BJ dispersion energy:                -0.001955227

 -------------------------------------
  Running restricted closed-shell SCF 
 -------------------------------------
 Max number of iterations:             128
 Conv. threshold (gradient):             1.00e-05
 Conv. threshold (energy):               1.00e-06
 Interpolation scheme:                   adiis+cdiis
 Initial guess:                          H0

 ---------------------------------------------------------------
                  energy        change          grad        time
 ---------------------------------------------------------------
   0      -744.831344040                    1.01e+01        0.03
   1      -731.567756634      1.33e+01      2.28e+01        0.01
   2      -752.160112483     -2.06e+01      6.52e+00        0.01
   3      -759.909405574     -7.75e+00      3.34e+00        0.01
   4      -758.443218955      1.47e+00      4.50e+00        0.01
   5      -760.808340336     -2.37e+00      2.54e-01        0.01
   6      -760.814957234     -6.62e-03      9.43e-02        0.01
   7      -760.815628535     -6.71e-04      3.90e-02        0.01
   8      -760.815788365     -1.60e-04      8.15e-03        0.01
   9      -760.815808202     -1.98e-05      2.29e-03        0.01
  10      -760.815809826     -1.62e-06      8.70e-04        0.03
  11      -760.815810103     -2.77e-07      4.28e-04        0.02
  12      -760.815810261     -1.58e-07      2.32e-04        0.01
  13      -760.815810300     -3.85e-08      1.14e-04        0.01
  14      -760.815810314     -1.40e-08      2.96e-05        0.01
  15      -760.815810315     -9.21e-10      4.03e-06        0.01

 SCF converged in 15 iterations.


 --------------------------------
  Double Hybrid MP2 Contribution 
 --------------------------------
 Method:                                 pre_transformed_df
 Density-fitting basis set:              def2-tzvp-ri
 Opposite-spin scale factor:             0.520000000
 Same-spin scale factor:                 0.000000000

 Restricted MP2 calculation:             
 Core orbitals:                          5
 Correlated orbitals:                    6
 Virtual orbitals:                     105

 Reference Energy:                    -760.815810315
 Opposite spin contribution:            -0.133753966
 Same spin contribution:                -0.000000000
 Total scaled MP2 contribution:         -0.133753966

 Dipole moment (in Debye):               0.000001       0.000001      -1.852670

 Quadrupole moment (in Debye-Angstrom):
                  1            2            3
 1       -23.179643    -0.000002    -0.000000
 2        -0.000002   -23.179652    -0.000000
 3        -0.000000    -0.000000   -25.289586

 Spin-squared expectation <S^2>:         0.000
 Total spin quantum number S:            0.000
 TOTAL ENERGY:                        -760.949564281

 --------------------------------------------------------------------------------

 End time:                               Wed Jun  2 11:50:18 2021
 Total wall-clock time:                  2.682 seconds
==================================================================================
