
================================================================================
          _____________ ________ _______________ ________     _________         
         / ___________// ______ \\_____   _____// ______ \   / ________)        
        / /_________  / /      \ \     | |     / /      \ \ | (_______          
       |  __________|| |        | |    | |    | |        | | \________ \        
        \ \_________ | |        | |    | |     \ \______/ /___________) |       
         \__________||_|        |_|    |_|      \________//____________/        
                                                                                
====================================[ Qcore ]===================================

 Git hash:   15a3e7daff0cda5fa9af010ccd19a80288182ecf
 Git date:   Fri, 16 Apr 2021 15:57:16 +0100
 Compiler:   GNU 9.1.0
 Build type: Release
 Version:    1.1.0

 Start time: Wed Jun  2 11:51:52 2021

 Data directory: /work/zw18965/.local/qcore/share/entos/1.1.0/data
 Number of threads: 24
 Number of threads was determined by: command line argument

 --------------------------------------------------------------------------------
                                   command: dft                                  
 --------------------------------------------------------------------------------
 AO basis set:                           aug-cc-pvtz
 Number of AO basis functions:         152

 Formula:                                ScBr
 Nuclear charge:                        56.000000000
 Total charge:                           0.000000000
 Number of electrons:                   56.000000000

 Number of alpha electrons:             28
 Number of beta electrons:              28
 Number of unpaired electrons:           0
 Spin:                                   0
 Multiplicity:                           singlet

 Theory:                                 dft
 Exchange-correlation functional:        0.35 b88 + 0.58 lyp
 Method for Coulomb:                     incore_df
 Method for exact exchange:              pre_transformed_df
 Integral threshold:                     1.00e-12
 DF basis set:                           def2-tzvp-jkfit(spdfghi)
 Number of DF basis functions:         530
 Schwarz screening threshold:            1.00e-10
 Coulomb fitting method:                 Cholesky
 Total number of grid points:        16016
 Method for AO orthogonalization:        symmetric
 Threshold for linear dependence:        1.00e-08
 D3BJ dispersion energy:                -0.010246362

 -------------------------------------
  Running restricted closed-shell SCF 
 -------------------------------------
 Max number of iterations:             128
 Conv. threshold (gradient):             1.00e-05
 Conv. threshold (energy):               1.00e-06
 Interpolation scheme:                   adiis+cdiis
 Initial guess:                          H0

 ---------------------------------------------------------------
                  energy        change          grad        time
 ---------------------------------------------------------------
   0     -3295.695920302                    1.28e+01        0.04
   1     -3170.790417475      1.25e+02      1.95e+01        0.03
   2     -3240.884862973     -7.01e+01      1.10e+01        0.02
   3     -3293.229331921     -5.23e+01      1.08e+01        0.02
   4     -3305.268669506     -1.20e+01      1.39e+01        0.03
   5     -3330.493814813     -2.52e+01      4.96e+00        0.03
   6     -3325.691552231      4.80e+00      4.96e+00        0.03
   7     -3333.605266411     -7.91e+00      7.51e-01        0.03
   8     -3333.700465238     -9.52e-02      4.38e-01        0.03
   9     -3333.714888785     -1.44e-02      3.06e-01        0.03
  10     -3333.722433631     -7.54e-03      2.12e-01        0.03
  11     -3333.726085963     -3.65e-03      1.14e-01        0.03
  12     -3333.727134737     -1.05e-03      8.46e-02        0.03
  13     -3333.727758789     -6.24e-04      4.34e-02        0.03
  14     -3333.728064055     -3.05e-04      2.17e-03        0.03
  15     -3333.728065379     -1.32e-06      9.14e-04        0.03
  16     -3333.728065687     -3.07e-07      7.84e-04        0.03
  17     -3333.728065875     -1.88e-07      8.54e-04        0.03
  18     -3333.728065233      6.42e-07      2.80e-04        0.03
  19     -3333.728065208      2.45e-08      7.11e-05        0.03
  20     -3333.728065210     -1.99e-09      5.44e-05        0.02
  21     -3333.728065212     -1.74e-09      5.30e-05        0.03
  22     -3333.728065214     -1.94e-09      5.20e-05        0.02
  23     -3333.728065210      3.73e-09      4.84e-05        0.03
  24     -3333.728065202      8.48e-09      4.08e-05        0.03
  25     -3333.728065199      2.12e-09      3.17e-05        0.03
  26     -3333.728065199      1.66e-10      2.24e-05        0.03
  27     -3333.728065199      3.96e-11      1.79e-05        0.03
  28     -3333.728065199     -1.82e-10      1.23e-05        0.03
  29     -3333.728065200     -1.90e-10      1.07e-05        0.03
  30     -3333.728065200     -1.34e-10      7.69e-06        0.03

 SCF converged in 30 iterations.


 --------------------------------
  Double Hybrid MP2 Contribution 
 --------------------------------
 Method:                                 pre_transformed_df
 Density-fitting basis set:              def2-tzvp-ri
 Opposite-spin scale factor:             0.520000000
 Same-spin scale factor:                 0.000000000

 Restricted MP2 calculation:             
 Core orbitals:                         14
 Correlated orbitals:                   14
 Virtual orbitals:                     124

 Reference Energy:                   -3333.728065200
 Opposite spin contribution:            -0.220726539
 Same spin contribution:                -0.000000000
 Total scaled MP2 contribution:         -0.220726539

 Dipole moment (in Debye):              -0.002304      -0.002304      -3.787477

 Quadrupole moment (in Debye-Angstrom):
                  1            2            3
 1       -36.729267    -4.100763     0.005978
 2        -4.100763   -36.729410     0.005979
 3         0.005978     0.005979   -39.154497

 Spin-squared expectation <S^2>:         0.000
 Total spin quantum number S:            0.000
 TOTAL ENERGY:                       -3333.948791739

 --------------------------------------------------------------------------------

 End time:                               Wed Jun  2 11:51:57 2021
 Total wall-clock time:                  5.007 seconds
==================================================================================
