
================================================================================
          _____________ ________ _______________ ________     _________         
         / ___________// ______ \\_____   _____// ______ \   / ________)        
        / /_________  / /      \ \     | |     / /      \ \ | (_______          
       |  __________|| |        | |    | |    | |        | | \________ \        
        \ \_________ | |        | |    | |     \ \______/ /___________) |       
         \__________||_|        |_|    |_|      \________//____________/        
                                                                                
====================================[ Qcore ]===================================

 Git hash:   15a3e7daff0cda5fa9af010ccd19a80288182ecf
 Git date:   Fri, 16 Apr 2021 15:57:16 +0100
 Compiler:   GNU 9.1.0
 Build type: Release
 Version:    1.1.0

 Start time: Wed Jun  2 11:52:04 2021

 Data directory: /work/zw18965/.local/qcore/share/entos/1.1.0/data
 Number of threads: 24
 Number of threads was determined by: command line argument

 --------------------------------------------------------------------------------
                                   command: dft                                  
 --------------------------------------------------------------------------------
 AO basis set:                           aug-cc-pvtz
 Number of AO basis functions:         116

 Formula:                                HTi
 Nuclear charge:                        23.000000000
 Total charge:                           0.000000000
 Number of electrons:                   23.000000000

 Number of alpha electrons:             13
 Number of beta electrons:              10
 Number of unpaired electrons:           3
 Spin:                                   3
 Multiplicity:                           quartet

 Theory:                                 dft
 Exchange-correlation functional:        0.35 b88 + 0.58 lyp
 Method for Coulomb:                     incore_df
 Method for exact exchange:              pre_transformed_df
 Integral threshold:                     1.00e-12
 DF basis set:                           def2-tzvp-jkfit(spdfghi)
 Number of DF basis functions:         282
 Schwarz screening threshold:            1.00e-10
 Coulomb fitting method:                 Cholesky
 Total number of grid points:        13682
 Method for AO orthogonalization:        symmetric
 Threshold for linear dependence:        1.00e-08
 D3BJ dispersion energy:                -0.002061325

 -------------------------------------
  Running unrestricted open-shell SCF 
 -------------------------------------
 Max number of iterations:             128
 Conv. threshold (gradient):             1.00e-05
 Conv. threshold (energy):               1.00e-06
 Interpolation scheme:                   adiis+cdiis
 Initial guess:                          H0

 ---------------------------------------------------------------
                  energy        change          grad        time
 ---------------------------------------------------------------
   0      -825.873840755                    5.47e+00        0.03
   1      -808.563704937      1.73e+01      1.10e+01        0.02
   2      -837.150153438     -2.86e+01      4.11e+00        0.02
   3      -847.594344080     -1.04e+01      2.36e+00        0.02
   4      -846.635403551      9.59e-01      2.52e+00        0.02
   5      -849.500007700     -2.86e+00      1.90e-01        0.02
   6      -849.523029196     -2.30e-02      1.02e-01        0.02
   7      -849.529953041     -6.92e-03      7.16e-02        0.02
   8      -849.532370819     -2.42e-03      3.62e-02        0.02
   9      -849.533855755     -1.48e-03      1.69e-02        0.03
  10      -849.534141336     -2.86e-04      9.69e-03        0.02
  11      -849.534316753     -1.75e-04      7.47e-03        0.02
  12      -849.534402504     -8.58e-05      3.48e-03        0.02
  13      -849.534427857     -2.54e-05      7.40e-04        0.02
  14      -849.534428376     -5.19e-07      1.86e-04        0.02
  15      -849.534428461     -8.48e-08      8.10e-05        0.02
  16      -849.534428472     -1.12e-08      3.25e-05        0.02
  17      -849.534428474     -1.46e-09      1.11e-05        0.03
  18      -849.534428474     -1.69e-10      4.50e-06        0.02

 SCF converged in 18 iterations.


 --------------------------------
  Double Hybrid MP2 Contribution 
 --------------------------------
 Method:                                 pre_transformed_df
 Density-fitting basis set:              def2-tzvp-ri
 Opposite-spin scale factor:             0.520000000
 Same-spin scale factor:                 0.000000000

 Unrestricted MP2 calculation:           
 Core spatial orbitals:                  5
 Correlated alpha orbitals:              8
 Correlated beta orbitals:               5
 Virtual alpha orbitals:               103
 Virtual beta orbitals:                106

 Reference Energy:                    -849.534428474
 Opposite spin contribution:            -0.132308885
 Same spin contribution:                -0.000000000
 Total scaled MP2 contribution:         -0.132308885

 Dipole moment (in Debye):              -0.000000      -0.000000      -2.421232

 Quadrupole moment (in Debye-Angstrom):
                  1            2            3
 1       -19.008410     0.129538     0.000000
 2         0.129538   -19.008410     0.000000
 3         0.000000     0.000000   -25.861823

 Spin-squared expectation <S^2>:         3.758
 Total spin quantum number S:            1.502
 TOTAL ENERGY:                        -849.666737359

 --------------------------------------------------------------------------------

 End time:                               Wed Jun  2 11:52:06 2021
 Total wall-clock time:                  2.379 seconds
==================================================================================
