
================================================================================
          _____________ ________ _______________ ________     _________         
         / ___________// ______ \\_____   _____// ______ \   / ________)        
        / /_________  / /      \ \     | |     / /      \ \ | (_______          
       |  __________|| |        | |    | |    | |        | | \________ \        
        \ \_________ | |        | |    | |     \ \______/ /___________) |       
         \__________||_|        |_|    |_|      \________//____________/        
                                                                                
====================================[ Qcore ]===================================

 Git hash:   15a3e7daff0cda5fa9af010ccd19a80288182ecf
 Git date:   Fri, 16 Apr 2021 15:57:16 +0100
 Compiler:   GNU 9.1.0
 Build type: Release
 Version:    1.1.0

 Start time: Wed Jun  2 11:52:22 2021

 Data directory: /work/zw18965/.local/qcore/share/entos/1.1.0/data
 Number of threads: 24
 Number of threads was determined by: command line argument

 --------------------------------------------------------------------------------
                                   command: dft                                  
 --------------------------------------------------------------------------------
 AO basis set:                           aug-cc-pvtz
 Number of AO basis functions:         143

 Formula:                                STi
 Nuclear charge:                        38.000000000
 Total charge:                           0.000000000
 Number of electrons:                   38.000000000

 Number of alpha electrons:             20
 Number of beta electrons:              18
 Number of unpaired electrons:           2
 Spin:                                   2
 Multiplicity:                           triplet

 Theory:                                 dft
 Exchange-correlation functional:        0.35 b88 + 0.58 lyp
 Method for Coulomb:                     incore_df
 Method for exact exchange:              pre_transformed_df
 Integral threshold:                     1.00e-12
 DF basis set:                           def2-tzvp-jkfit(spdfghi)
 Number of DF basis functions:         392
 Schwarz screening threshold:            1.00e-10
 Coulomb fitting method:                 Cholesky
 Total number of grid points:        15142
 Method for AO orthogonalization:        symmetric
 Threshold for linear dependence:        1.00e-08
 D3BJ dispersion energy:                -0.010469681

 -------------------------------------
  Running unrestricted open-shell SCF 
 -------------------------------------
 Max number of iterations:             128
 Conv. threshold (gradient):             1.00e-05
 Conv. threshold (energy):               1.00e-06
 Interpolation scheme:                   adiis+cdiis
 Initial guess:                          H0

 ---------------------------------------------------------------
                  energy        change          grad        time
 ---------------------------------------------------------------
   0     -1187.088411701                    6.78e+00        0.07
   1     -1181.077062049      6.01e+00      5.80e+00        0.03
   2     -1087.770969726      9.33e+01      1.20e+01        0.03
   3     -1227.779687637     -1.40e+02      6.89e+00        0.03
   4     -1243.709696733     -1.59e+01      3.11e+00        0.04
   5     -1245.358716228     -1.65e+00      2.18e+00        0.04
   6     -1246.768735509     -1.41e+00      4.92e-01        0.04
   7     -1246.721376304      4.74e-02      6.60e-01        0.04
   8     -1246.911612211     -1.90e-01      4.39e-02        0.04
   9     -1246.913513564     -1.90e-03      2.98e-02        0.04
  10     -1246.914387950     -8.74e-04      1.50e-02        0.04
  11     -1246.914567765     -1.80e-04      1.29e-02        0.03
  12     -1246.914730443     -1.63e-04      1.42e-02        0.04
  13     -1246.914786286     -5.58e-05      1.46e-02        0.04
  14     -1246.914387294      3.99e-04      1.03e-02        0.03
  15     -1246.914205949      1.81e-04      6.39e-03        0.03
  16     -1246.914171731      3.42e-05      2.73e-03        0.03
  17     -1246.914177099     -5.37e-06      1.38e-03        0.03
  18     -1246.914178064     -9.64e-07      9.36e-04        0.04
  19     -1246.914178747     -6.83e-07      6.98e-04        0.03
  20     -1246.914179205     -4.58e-07      4.18e-04        0.03
  21     -1246.914179389     -1.85e-07      1.75e-04        0.04
  22     -1246.914179428     -3.87e-08      7.25e-05        0.03
  23     -1246.914179435     -6.78e-09      3.89e-05        0.03
  24     -1246.914179437     -1.85e-09      9.77e-06        0.03

 SCF converged in 24 iterations.


 --------------------------------
  Double Hybrid MP2 Contribution 
 --------------------------------
 Method:                                 pre_transformed_df
 Density-fitting basis set:              def2-tzvp-ri
 Opposite-spin scale factor:             0.520000000
 Same-spin scale factor:                 0.000000000

 Unrestricted MP2 calculation:           
 Core spatial orbitals:                 10
 Correlated alpha orbitals:             10
 Correlated beta orbitals:               8
 Virtual alpha orbitals:               123
 Virtual beta orbitals:                125

 Reference Energy:                   -1246.914179437
 Opposite spin contribution:            -0.224271170
 Same spin contribution:                -0.000000000
 Total scaled MP2 contribution:         -0.224271170

 Dipole moment (in Debye):              -0.000000      -0.000000      -9.278278

 Quadrupole moment (in Debye-Angstrom):
                  1            2            3
 1       -29.427201    -0.000024     0.000000
 2        -0.000024   -29.427049     0.000001
 3         0.000000     0.000001   -25.350562

 Spin-squared expectation <S^2>:         2.027
 Total spin quantum number S:            1.009
 TOTAL ENERGY:                       -1247.138450607

 --------------------------------------------------------------------------------

 End time:                               Wed Jun  2 11:52:26 2021
 Total wall-clock time:                  3.847 seconds
==================================================================================
