
================================================================================
          _____________ ________ _______________ ________     _________         
         / ___________// ______ \\_____   _____// ______ \   / ________)        
        / /_________  / /      \ \     | |     / /      \ \ | (_______          
       |  __________|| |        | |    | |    | |        | | \________ \        
        \ \_________ | |        | |    | |     \ \______/ /___________) |       
         \__________||_|        |_|    |_|      \________//____________/        
                                                                                
====================================[ Qcore ]===================================

 Git hash:   15a3e7daff0cda5fa9af010ccd19a80288182ecf
 Git date:   Fri, 16 Apr 2021 15:57:16 +0100
 Compiler:   GNU 9.1.0
 Build type: Release
 Version:    1.1.0

 Start time: Wed Jun  2 11:52:26 2021

 Data directory: /work/zw18965/.local/qcore/share/entos/1.1.0/data
 Number of threads: 24
 Number of threads was determined by: command line argument

 --------------------------------------------------------------------------------
                                   command: dft                                  
 --------------------------------------------------------------------------------
 AO basis set:                           aug-cc-pvtz
 Number of AO basis functions:         116

 Formula:                                HV
 Nuclear charge:                        24.000000000
 Total charge:                           0.000000000
 Number of electrons:                   24.000000000

 Number of alpha electrons:             14
 Number of beta electrons:              10
 Number of unpaired electrons:           4
 Spin:                                   4
 Multiplicity:                           quintet

 Theory:                                 dft
 Exchange-correlation functional:        0.35 b88 + 0.58 lyp
 Method for Coulomb:                     incore_df
 Method for exact exchange:              pre_transformed_df
 Integral threshold:                     1.00e-12
 DF basis set:                           def2-tzvp-jkfit(spdfghi)
 Number of DF basis functions:         282
 Schwarz screening threshold:            1.00e-10
 Coulomb fitting method:                 Cholesky
 Total number of grid points:        13742
 Method for AO orthogonalization:        symmetric
 Threshold for linear dependence:        1.00e-08
 D3BJ dispersion energy:                -0.002001052

 -------------------------------------
  Running unrestricted open-shell SCF 
 -------------------------------------
 Max number of iterations:             128
 Conv. threshold (gradient):             1.00e-05
 Conv. threshold (energy):               1.00e-06
 Interpolation scheme:                   adiis+cdiis
 Initial guess:                          H0

 ---------------------------------------------------------------
                  energy        change          grad        time
 ---------------------------------------------------------------
   0      -905.409564998                    8.09e+00        0.03
   1      -889.468636164      1.59e+01      1.25e+01        0.02
   2      -927.370752833     -3.79e+01      4.82e+00        0.02
   3      -941.673740518     -1.43e+01      2.68e+00        0.02
   4      -940.262154701      1.41e+00      2.60e+00        0.02
   5      -943.903122773     -3.64e+00      4.82e-01        0.03
   6      -943.947660971     -4.45e-02      2.88e-01        0.02
   7      -943.974274189     -2.66e-02      1.41e-01        0.02
   8      -943.977770232     -3.50e-03      9.06e-02        0.02
   9      -943.980856672     -3.09e-03      2.83e-02        0.02
  10      -943.981198651     -3.42e-04      1.89e-03        0.02
  11      -943.981205329     -6.68e-06      8.96e-04        0.02
  12      -943.981206063     -7.34e-07      4.77e-04        0.02
  13      -943.981206311     -2.48e-07      1.63e-04        0.02
  14      -943.981206337     -2.59e-08      3.32e-05        0.02
  15      -943.981206338     -1.35e-09      2.48e-05        0.02
  16      -943.981206339     -6.08e-10      3.20e-05        0.02
  17      -943.981206337      1.39e-09      6.04e-06        0.02

 SCF converged in 17 iterations.


 --------------------------------
  Double Hybrid MP2 Contribution 
 --------------------------------
 Method:                                 pre_transformed_df
 Density-fitting basis set:              def2-tzvp-ri
 Opposite-spin scale factor:             0.520000000
 Same-spin scale factor:                 0.000000000

 Unrestricted MP2 calculation:           
 Core spatial orbitals:                  5
 Correlated alpha orbitals:              9
 Correlated beta orbitals:               5
 Virtual alpha orbitals:               102
 Virtual beta orbitals:                106

 Reference Energy:                    -943.981206337
 Opposite spin contribution:            -0.148584361
 Same spin contribution:                -0.000000000
 Total scaled MP2 contribution:         -0.148584361

 Dipole moment (in Debye):              -0.000000      -0.000000      -0.818016

 Quadrupole moment (in Debye-Angstrom):
                  1            2            3
 1       -17.802349     0.000018     0.000000
 2         0.000018   -17.802349     0.000000
 3         0.000000     0.000000   -29.912429

 Spin-squared expectation <S^2>:         6.003
 Total spin quantum number S:            2.001
 TOTAL ENERGY:                        -944.129790699

 --------------------------------------------------------------------------------

 End time:                               Wed Jun  2 11:52:29 2021
 Total wall-clock time:                  2.798 seconds
==================================================================================
