
================================================================================
          _____________ ________ _______________ ________     _________         
         / ___________// ______ \\_____   _____// ______ \   / ________)        
        / /_________  / /      \ \     | |     / /      \ \ | (_______          
       |  __________|| |        | |    | |    | |        | | \________ \        
        \ \_________ | |        | |    | |     \ \______/ /___________) |       
         \__________||_|        |_|    |_|      \________//____________/        
                                                                                
====================================[ Qcore ]===================================

 Git hash:   15a3e7daff0cda5fa9af010ccd19a80288182ecf
 Git date:   Fri, 16 Apr 2021 15:57:16 +0100
 Compiler:   GNU 9.1.0
 Build type: Release
 Version:    1.1.0

 Start time: Wed Jun  2 11:53:22 2021

 Data directory: /work/zw18965/.local/qcore/share/entos/1.1.0/data
 Number of threads: 24
 Number of threads was determined by: command line argument

 --------------------------------------------------------------------------------
                                   command: dft                                  
 --------------------------------------------------------------------------------
 AO basis set:                           aug-cc-pvtz
 Number of AO basis functions:         143

 Formula:                                ClMn
 Nuclear charge:                        42.000000000
 Total charge:                           0.000000000
 Number of electrons:                   42.000000000

 Number of alpha electrons:             24
 Number of beta electrons:              18
 Number of unpaired electrons:           6
 Spin:                                   6
 Multiplicity:                           octet

 Theory:                                 dft
 Exchange-correlation functional:        0.35 b88 + 0.58 lyp
 Method for Coulomb:                     incore_df
 Method for exact exchange:              pre_transformed_df
 Integral threshold:                     1.00e-12
 DF basis set:                           def2-tzvp-jkfit(spdfghi)
 Number of DF basis functions:         392
 Schwarz screening threshold:            1.00e-10
 Coulomb fitting method:                 Cholesky
 Total number of grid points:        15430
 Method for AO orthogonalization:        symmetric
 Threshold for linear dependence:        1.00e-08
 D3BJ dispersion energy:                -0.006308463

 -------------------------------------
  Running unrestricted open-shell SCF 
 -------------------------------------
 Max number of iterations:             128
 Conv. threshold (gradient):             1.00e-05
 Conv. threshold (energy):               1.00e-06
 Interpolation scheme:                   adiis+cdiis
 Initial guess:                          H0

 ---------------------------------------------------------------
                  energy        change          grad        time
 ---------------------------------------------------------------
   0     -1474.542475900                    1.58e+01        0.06
   1     -1475.561376252     -1.02e+00      8.69e+00        0.04
   2     -1322.933650811      1.53e+02      1.68e+01        0.03
   3     -1586.113155304     -2.63e+02      6.38e+00        0.04
   4     -1596.625172479     -1.05e+01      5.00e+00        0.03
   5     -1610.024066320     -1.34e+01      9.08e-01        0.03
   6     -1610.259877228     -2.36e-01      6.46e-01        0.03
   7     -1610.499628522     -2.40e-01      2.05e-01        0.03
   8     -1610.514958980     -1.53e-02      1.29e-01        0.04
   9     -1610.524095676     -9.14e-03      4.81e-02        0.03
  10     -1610.524910290     -8.15e-04      3.07e-02        0.04
  11     -1610.525527965     -6.18e-04      1.70e-03        0.04
  12     -1610.525530475     -2.51e-06      3.59e-04        0.03
  13     -1610.525530676     -2.01e-07      1.13e-04        0.03
  14     -1610.525530692     -1.57e-08      3.07e-05        0.03
  15     -1610.525530693     -1.44e-09      8.38e-06        0.03

 SCF converged in 15 iterations.


 --------------------------------
  Double Hybrid MP2 Contribution 
 --------------------------------
 Method:                                 pre_transformed_df
 Density-fitting basis set:              def2-tzvp-ri
 Opposite-spin scale factor:             0.520000000
 Same-spin scale factor:                 0.000000000

 Unrestricted MP2 calculation:           
 Core spatial orbitals:                 10
 Correlated alpha orbitals:             14
 Correlated beta orbitals:               8
 Virtual alpha orbitals:               119
 Virtual beta orbitals:                125

 Reference Energy:                   -1610.525530693
 Opposite spin contribution:            -0.242529955
 Same spin contribution:                -0.000000000
 Total scaled MP2 contribution:         -0.242529955

 Dipole moment (in Debye):              -0.000000      -0.000000      -3.165476

 Quadrupole moment (in Debye-Angstrom):
                  1            2            3
 1       -28.164664    -0.000000     0.000000
 2        -0.000000   -28.164664     0.000000
 3         0.000000     0.000000   -34.760955

 Spin-squared expectation <S^2>:        12.004
 Total spin quantum number S:            3.001
 TOTAL ENERGY:                       -1610.768060648

 --------------------------------------------------------------------------------

 End time:                               Wed Jun  2 11:53:25 2021
 Total wall-clock time:                  3.326 seconds
==================================================================================
