
================================================================================
          _____________ ________ _______________ ________     _________         
         / ___________// ______ \\_____   _____// ______ \   / ________)        
        / /_________  / /      \ \     | |     / /      \ \ | (_______          
       |  __________|| |        | |    | |    | |        | | \________ \        
        \ \_________ | |        | |    | |     \ \______/ /___________) |       
         \__________||_|        |_|    |_|      \________//____________/        
                                                                                
====================================[ Qcore ]===================================

 Git hash:   15a3e7daff0cda5fa9af010ccd19a80288182ecf
 Git date:   Fri, 16 Apr 2021 15:57:16 +0100
 Compiler:   GNU 9.1.0
 Build type: Release
 Version:    1.1.0

 Start time: Wed Jun  2 11:53:34 2021

 Data directory: /work/zw18965/.local/qcore/share/entos/1.1.0/data
 Number of threads: 24
 Number of threads was determined by: command line argument

 --------------------------------------------------------------------------------
                                   command: dft                                  
 --------------------------------------------------------------------------------
 AO basis set:                           aug-cc-pvtz
 Number of AO basis functions:         143

 Formula:                                SMn
 Nuclear charge:                        41.000000000
 Total charge:                           0.000000000
 Number of electrons:                   41.000000000

 Number of alpha electrons:             23
 Number of beta electrons:              18
 Number of unpaired electrons:           5
 Spin:                                   5
 Multiplicity:                           septet

 Theory:                                 dft
 Exchange-correlation functional:        0.35 b88 + 0.58 lyp
 Method for Coulomb:                     incore_df
 Method for exact exchange:              pre_transformed_df
 Integral threshold:                     1.00e-12
 DF basis set:                           def2-tzvp-jkfit(spdfghi)
 Number of DF basis functions:         392
 Schwarz screening threshold:            1.00e-10
 Coulomb fitting method:                 Cholesky
 Total number of grid points:        15286
 Method for AO orthogonalization:        symmetric
 Threshold for linear dependence:        1.00e-08
 D3BJ dispersion energy:                -0.008489064

 -------------------------------------
  Running unrestricted open-shell SCF 
 -------------------------------------
 Max number of iterations:             128
 Conv. threshold (gradient):             1.00e-05
 Conv. threshold (energy):               1.00e-06
 Interpolation scheme:                   adiis+cdiis
 Initial guess:                          H0

 ---------------------------------------------------------------
                  energy        change          grad        time
 ---------------------------------------------------------------
   0     -1431.874937888                    1.94e+01        0.05
   1     -1428.874442761      3.00e+00      8.25e+00        0.04
   2     -1300.292379894      1.29e+02      1.51e+01        0.04
   3     -1528.679687008     -2.28e+02      6.75e+00        0.04
   4     -1535.583018790     -6.90e+00      5.09e+00        0.03
   5     -1547.984827534     -1.24e+01      8.50e-01        0.03
   6     -1547.704978151      2.80e-01      1.76e+00        0.03
   7     -1548.401589315     -6.97e-01      3.57e-01        0.04
   8     -1548.392473850      9.12e-03      5.01e-01        0.03
   9     -1548.446366422     -5.39e-02      9.40e-02        0.04
  10     -1548.451092297     -4.73e-03      1.12e-01        0.04
  11     -1548.455879755     -4.79e-03      2.45e-02        0.04
  12     -1548.457296684     -1.42e-03      1.61e-02        0.04
  13     -1548.457944836     -6.48e-04      9.70e-03        0.04
  14     -1548.458221198     -2.76e-04      4.67e-03        0.04
  15     -1548.458257504     -3.63e-05      1.53e-03        0.04
  16     -1548.458263884     -6.38e-06      7.71e-04        0.03
  17     -1548.458265715     -1.83e-06      3.48e-04        0.04
  18     -1548.458266121     -4.06e-07      1.14e-04        0.03
  19     -1548.458266140     -1.81e-08      4.46e-05        0.04
  20     -1548.458266141     -1.29e-09      1.54e-05        0.03
  21     -1548.458266141     -5.17e-10      3.14e-06        0.04

 SCF converged in 21 iterations.


 --------------------------------
  Double Hybrid MP2 Contribution 
 --------------------------------
 Method:                                 pre_transformed_df
 Density-fitting basis set:              def2-tzvp-ri
 Opposite-spin scale factor:             0.520000000
 Same-spin scale factor:                 0.000000000

 Unrestricted MP2 calculation:           
 Core spatial orbitals:                 10
 Correlated alpha orbitals:             13
 Correlated beta orbitals:               8
 Virtual alpha orbitals:               120
 Virtual beta orbitals:                125

 Reference Energy:                   -1548.458266141
 Opposite spin contribution:            -0.253082911
 Same spin contribution:                -0.000000000
 Total scaled MP2 contribution:         -0.253082911

 Dipole moment (in Debye):               0.000000       0.000000      -6.605587

 Quadrupole moment (in Debye-Angstrom):
                  1            2            3
 1       -29.870642     0.000000     0.000000
 2         0.000000   -29.870642     0.000000
 3         0.000000     0.000000   -26.600356

 Spin-squared expectation <S^2>:         9.004
 Total spin quantum number S:            2.542
 TOTAL ENERGY:                       -1548.711349052

 --------------------------------------------------------------------------------

 End time:                               Wed Jun  2 11:53:37 2021
 Total wall-clock time:                  3.586 seconds
==================================================================================
