
================================================================================
          _____________ ________ _______________ ________     _________         
         / ___________// ______ \\_____   _____// ______ \   / ________)        
        / /_________  / /      \ \     | |     / /      \ \ | (_______          
       |  __________|| |        | |    | |    | |        | | \________ \        
        \ \_________ | |        | |    | |     \ \______/ /___________) |       
         \__________||_|        |_|    |_|      \________//____________/        
                                                                                
====================================[ Qcore ]===================================

 Git hash:   15a3e7daff0cda5fa9af010ccd19a80288182ecf
 Git date:   Fri, 16 Apr 2021 15:57:16 +0100
 Compiler:   GNU 9.1.0
 Build type: Release
 Version:    1.1.0

 Start time: Wed Jun  2 11:53:41 2021

 Data directory: /work/zw18965/.local/qcore/share/entos/1.1.0/data
 Number of threads: 24
 Number of threads was determined by: command line argument

 --------------------------------------------------------------------------------
                                   command: dft                                  
 --------------------------------------------------------------------------------
 AO basis set:                           aug-cc-pvtz
 Number of AO basis functions:         139

 Formula:                                FFe
 Nuclear charge:                        35.000000000
 Total charge:                           0.000000000
 Number of electrons:                   35.000000000

 Number of alpha electrons:             20
 Number of beta electrons:              15
 Number of unpaired electrons:           5
 Spin:                                   5
 Multiplicity:                           septet

 Theory:                                 dft
 Exchange-correlation functional:        0.35 b88 + 0.58 lyp
 Method for Coulomb:                     incore_df
 Method for exact exchange:              pre_transformed_df
 Integral threshold:                     1.00e-12
 DF basis set:                           def2-tzvp-jkfit(spdfghi)
 Number of DF basis functions:         341
 Schwarz screening threshold:            1.00e-10
 Coulomb fitting method:                 Cholesky
 Total number of grid points:        14748
 Method for AO orthogonalization:        symmetric
 Threshold for linear dependence:        1.00e-08
 D3BJ dispersion energy:                -0.001694107

 -------------------------------------
  Running unrestricted open-shell SCF 
 -------------------------------------
 Max number of iterations:             128
 Conv. threshold (gradient):             1.00e-05
 Conv. threshold (energy):               1.00e-06
 Interpolation scheme:                   adiis+cdiis
 Initial guess:                          H0

 ---------------------------------------------------------------
                  energy        change          grad        time
 ---------------------------------------------------------------
   0     -1205.588221492                    1.58e+01        0.03
   1     -1209.997283419     -4.41e+00      1.03e+01        0.03
   2     -1275.507943111     -6.55e+01      1.34e+01        0.03
   3     -1354.808943550     -7.93e+01      5.58e+00        0.04
   4     -1343.706051435      1.11e+01      6.89e+00        0.03
   5     -1362.402829617     -1.87e+01      1.34e+00        0.03
   6     -1361.827216312      5.76e-01      2.16e+00        0.04
   7     -1362.876847734     -1.05e+00      2.40e-01        0.03
   8     -1362.881849912     -5.00e-03      1.95e-01        0.04
   9     -1362.894852930     -1.30e-02      4.09e-02        0.03
  10     -1362.895091316     -2.38e-04      3.61e-02        0.04
  11     -1362.895523967     -4.33e-04      3.83e-03        0.03
  12     -1362.895530632     -6.67e-06      6.67e-04        0.03
  13     -1362.895530953     -3.21e-07      2.67e-04        0.03
  14     -1362.895530991     -3.82e-08      6.96e-05        0.03
  15     -1362.895530995     -3.51e-09      2.11e-05        0.03
  16     -1362.895530995     -2.68e-10      5.69e-06        0.03

 SCF converged in 16 iterations.


 --------------------------------
  Double Hybrid MP2 Contribution 
 --------------------------------
 Method:                                 pre_transformed_df
 Density-fitting basis set:              def2-tzvp-ri
 Opposite-spin scale factor:             0.520000000
 Same-spin scale factor:                 0.000000000

 Unrestricted MP2 calculation:           
 Core spatial orbitals:                  6
 Correlated alpha orbitals:             14
 Correlated beta orbitals:               9
 Virtual alpha orbitals:               119
 Virtual beta orbitals:                124

 Reference Energy:                   -1362.895530995
 Opposite spin contribution:            -0.310268051
 Same spin contribution:                -0.000000000
 Total scaled MP2 contribution:         -0.310268051

 Dipole moment (in Debye):               0.000000       0.000000      -2.807598

 Quadrupole moment (in Debye-Angstrom):
                  1            2            3
 1       -18.899496    -0.213859     0.000000
 2        -0.213859   -18.899585     0.000000
 3         0.000000     0.000000   -27.779602

 Spin-squared expectation <S^2>:         8.754
 Total spin quantum number S:            2.501
 TOTAL ENERGY:                       -1363.205799046

 --------------------------------------------------------------------------------

 End time:                               Wed Jun  2 11:53:44 2021
 Total wall-clock time:                  3.161 seconds
==================================================================================
