
================================================================================
          _____________ ________ _______________ ________     _________         
         / ___________// ______ \\_____   _____// ______ \   / ________)        
        / /_________  / /      \ \     | |     / /      \ \ | (_______          
       |  __________|| |        | |    | |    | |        | | \________ \        
        \ \_________ | |        | |    | |     \ \______/ /___________) |       
         \__________||_|        |_|    |_|      \________//____________/        
                                                                                
====================================[ Qcore ]===================================

 Git hash:   15a3e7daff0cda5fa9af010ccd19a80288182ecf
 Git date:   Fri, 16 Apr 2021 15:57:16 +0100
 Compiler:   GNU 9.1.0
 Build type: Release
 Version:    1.1.0

 Start time: Wed Jun  2 13:42:30 2021

 Data directory: /work/zw18965/.local/qcore/share/entos/1.1.0/data
 Number of threads: 24
 Number of threads was determined by: number of physical cores

 --------------------------------------------------------------------------------
                                   command: dft                                  
 --------------------------------------------------------------------------------
 AO basis set:                           aug-cc-pvtz
 Number of AO basis functions:         116

 Formula:                                HCo
 Nuclear charge:                        28.000000000
 Total charge:                           0.000000000
 Number of electrons:                   28.000000000

 Number of alpha electrons:             15
 Number of beta electrons:              13
 Number of unpaired electrons:           2
 Spin:                                   2
 Multiplicity:                           triplet

 Theory:                                 dft
 Exchange-correlation functional:        blyp
 Method for Coulomb:                     incore_df
 Integral threshold:                     1.00e-12
 DF basis set:                           def2-tzvp-jkfit(spdfghi)
 Number of DF basis functions:         282
 Schwarz screening threshold:            1.00e-10
 Coulomb fitting method:                 Cholesky
 Total number of grid points:        13826
 Method for AO orthogonalization:        symmetric
 Threshold for linear dependence:        1.00e-08

 -------------------------------------
  Running unrestricted open-shell SCF 
 -------------------------------------
 Max number of iterations:             128
 Conv. threshold (gradient):             1.00e-05
 Conv. threshold (energy):               1.00e-06
 Interpolation scheme:                   adiis+cdiis
 Initial guess:                          H0

 ---------------------------------------------------------------
                  energy        change          grad        time
 ---------------------------------------------------------------
   0     -1308.358579018                    9.41e+00        0.03
   1     -1265.193738911      4.32e+01      9.08e+00        0.02
   2     -1346.428544564     -8.12e+01      7.82e+00        0.02
   3     -1377.313746105     -3.09e+01      4.73e+00        0.02
   4     -1376.923840761      3.90e-01      3.84e+00        0.02
   5     -1367.828231323      9.10e+00      8.61e+00        0.02
   6     -1383.346758050     -1.55e+01      4.88e-01        0.02
   7     -1383.211977783      1.35e-01      7.79e-01        0.02
   8     -1383.424269517     -2.12e-01      2.20e-01        0.02
   9     -1383.318324703      1.06e-01      6.98e-01        0.02
  10     -1383.426922618     -1.09e-01      1.71e-01        0.02
  11     -1383.432230285     -5.31e-03      1.33e-01        0.04
  12     -1383.434624485     -2.39e-03      6.95e-02        0.03
  13     -1383.435532920     -9.08e-04      2.64e-02        0.03
  14     -1383.435752583     -2.20e-04      3.09e-03        0.02
  15     -1383.435754952     -2.37e-06      3.16e-04        0.02
  16     -1383.435755018     -6.57e-08      2.02e-04        0.02
  17     -1383.435755038     -2.03e-08      8.60e-05        0.02
  18     -1383.435755069     -3.08e-08      6.63e-05        0.02
  19     -1383.435755094     -2.45e-08      5.85e-05        0.02
  20     -1383.435755042      5.11e-08      5.83e-05        0.02
  21     -1383.435754912      1.31e-07      5.38e-05        0.02
  22     -1383.435754912      6.50e-11      5.29e-05        0.02
  23     -1383.435754884      2.72e-08      5.77e-05        0.02
  24     -1383.435754404      4.81e-07      6.02e-05        0.02
  25     -1383.435754412     -8.19e-09      5.02e-05        0.02
  26     -1383.435751401      3.01e-06      1.25e-03        0.02
  27     -1383.435752429     -1.03e-06      5.60e-04        0.02
  28     -1383.435753098     -6.69e-07      2.85e-04        0.02
  29     -1383.435752960      1.38e-07      3.26e-04        0.02
  30     -1383.435752984     -2.40e-08      3.21e-04        0.02
  31     -1383.435752981      2.53e-09      3.24e-04        0.02
  32     -1383.435752982     -8.49e-10      3.02e-04        0.02
  33     -1383.435753201     -2.19e-07      2.43e-04        0.02
  34     -1383.435753571     -3.70e-07      1.71e-04        0.02
  35     -1383.435753644     -7.29e-08      1.88e-04        0.02
  36     -1383.435752935      7.09e-07      2.16e-04        0.02
  37     -1383.435751275      1.66e-06      1.05e-03        0.02
  38     -1383.435751412     -1.37e-07      9.72e-04        0.02
  39     -1383.435751471     -5.93e-08      9.16e-04        0.02
  40     -1383.435751554     -8.24e-08      8.35e-04        0.02
  41     -1383.435751541      1.27e-08      8.62e-04        0.02
  42     -1383.435751933     -3.92e-07      5.79e-04        0.02
  43     -1383.435751614      3.19e-07      7.67e-04        0.02
  44     -1383.435751809     -1.96e-07      5.86e-04        0.02
  45     -1383.435751524      2.85e-07      6.98e-04        0.02
  46     -1383.435752431     -9.07e-07      6.94e-05        0.02
  47     -1383.435752192      2.40e-07      5.23e-05        0.02
  48     -1383.435752033      1.59e-07      6.84e-05        0.02
  49     -1383.435751759      2.74e-07      1.27e-04        0.02
  50     -1383.435751463      2.96e-07      2.26e-04        0.02
  51     -1383.435751432      3.11e-08      1.71e-04        0.02
  52     -1383.435751290      1.42e-07      4.51e-05        0.02
  53     -1383.435751251      3.88e-08      1.17e-04        0.02
  54     -1383.435751221      2.99e-08      1.60e-05        0.03
  55     -1383.435751221      3.96e-11      2.82e-05        0.02
  56     -1383.435751221      5.41e-10      3.99e-05        0.02
  57     -1383.435751215      6.05e-09      1.63e-04        0.02
  58     -1383.435751211      3.72e-09      1.61e-04        0.02
  59     -1383.435751214     -2.78e-09      2.71e-05        0.02
  60     -1383.435751214     -2.88e-10      2.11e-06        0.02

 SCF converged in 60 iterations.

 Dipole moment (in Debye):               0.000003      -0.000002      -2.296226

 Quadrupole moment (in Debye-Angstrom):
                  1            2            3
 1       -15.428803     0.000001    -0.000010
 2         0.000001   -15.428802     0.000008
 3        -0.000010     0.000008   -16.756048

 Spin-squared expectation <S^2>:         2.015
 Total spin quantum number S:            1.005
 TOTAL ENERGY:                       -1383.435751214
 Saving results in set 'guess'

 --------------------------------------------------------------------------------
                                   command: dft                                  
 --------------------------------------------------------------------------------
 AO basis set:                           aug-cc-pvtz
 Number of AO basis functions:         116

 Formula:                                HCo
 Nuclear charge:                        28.000000000
 Total charge:                           0.000000000
 Number of electrons:                   28.000000000

 Number of alpha electrons:             15
 Number of beta electrons:              13
 Number of unpaired electrons:           2
 Spin:                                   2
 Multiplicity:                           triplet

 Theory:                                 dft
 Exchange-correlation functional:        0.35 b88 + 0.58 lyp
 Method for Coulomb:                     incore_df
 Method for exact exchange:              pre_transformed_df
 Integral threshold:                     1.00e-12
 DF basis set:                           def2-tzvp-jkfit(spdfghi)
 Number of DF basis functions:         282
 Schwarz screening threshold:            1.00e-10
 Coulomb fitting method:                 Cholesky
 Total number of grid points:        13826
 Method for AO orthogonalization:        symmetric
 Threshold for linear dependence:        1.00e-08
 D3BJ dispersion energy:                -0.001452086

 -------------------------------------
  Running unrestricted open-shell SCF 
 -------------------------------------
 Max number of iterations:             128
 Conv. threshold (gradient):             1.00e-05
 Conv. threshold (energy):               1.00e-06
 Interpolation scheme:                   adiis+cdiis

 ---------------------------------------------------------------
                  energy        change          grad        time
 ---------------------------------------------------------------
   0     -1382.693888845                    3.43e-01        0.03
   1     -1382.716734221     -2.28e-02      1.48e-01        0.02
   2     -1382.712454490      4.28e-03      2.19e-01        0.02
   3     -1382.723019281     -1.06e-02      3.96e-02        0.02
   4     -1382.723510618     -4.91e-04      2.36e-02        0.02
   5     -1382.723729673     -2.19e-04      9.57e-03        0.02
   6     -1382.723779850     -5.02e-05      6.05e-03        0.02
   7     -1382.723792597     -1.27e-05      1.18e-03        0.02
   8     -1382.723793965     -1.37e-06      2.30e-04        0.02
   9     -1382.723794054     -8.84e-08      1.24e-04        0.02
  10     -1382.723794090     -3.65e-08      6.03e-05        0.02
  11     -1382.723794097     -6.96e-09      1.77e-05        0.02
  12     -1382.723794097     -2.63e-10      4.20e-06        0.02

 SCF converged in 12 iterations.


 --------------------------------
  Double Hybrid MP2 Contribution 
 --------------------------------
 Method:                                 pre_transformed_df
 Density-fitting basis set:              def2-tzvp-ri
 Opposite-spin scale factor:             0.520000000
 Same-spin scale factor:                 0.000000000

 Unrestricted MP2 calculation:           
 Core spatial orbitals:                  5
 Correlated alpha orbitals:             10
 Correlated beta orbitals:               8
 Virtual alpha orbitals:               101
 Virtual beta orbitals:                103

 Reference Energy:                   -1382.723794097
 Opposite spin contribution:            -0.291611616
 Same spin contribution:                -0.000000000
 Total scaled MP2 contribution:         -0.291611616

 Dipole moment (in Debye):               0.000000      -0.000000      -3.660516

 Quadrupole moment (in Debye-Angstrom):
                  1            2            3
 1       -14.553887     0.000000    -0.000005
 2         0.000000   -14.553886     0.000004
 3        -0.000005     0.000004   -17.462769

 Spin-squared expectation <S^2>:         2.042
 Total spin quantum number S:            1.014
 TOTAL ENERGY:                       -1383.015405713

 --------------------------------------------------------------------------------

 End time:                               Wed Jun  2 13:42:35 2021
 Total wall-clock time:                  4.943 seconds
==================================================================================
