
================================================================================
          _____________ ________ _______________ ________     _________         
         / ___________// ______ \\_____   _____// ______ \   / ________)        
        / /_________  / /      \ \     | |     / /      \ \ | (_______          
       |  __________|| |        | |    | |    | |        | | \________ \        
        \ \_________ | |        | |    | |     \ \______/ /___________) |       
         \__________||_|        |_|    |_|      \________//____________/        
                                                                                
====================================[ Qcore ]===================================

 Git hash:   15a3e7daff0cda5fa9af010ccd19a80288182ecf
 Git date:   Fri, 16 Apr 2021 15:57:16 +0100
 Compiler:   GNU 9.1.0
 Build type: Release
 Version:    1.1.0

 Start time: Wed Jun  2 11:54:46 2021

 Data directory: /work/zw18965/.local/qcore/share/entos/1.1.0/data
 Number of threads: 24
 Number of threads was determined by: command line argument

 --------------------------------------------------------------------------------
                                   command: dft                                  
 --------------------------------------------------------------------------------
 AO basis set:                           aug-cc-pvtz
 Number of AO basis functions:         139

 Formula:                                ONi
 Nuclear charge:                        36.000000000
 Total charge:                           0.000000000
 Number of electrons:                   36.000000000

 Number of alpha electrons:             19
 Number of beta electrons:              17
 Number of unpaired electrons:           2
 Spin:                                   2
 Multiplicity:                           triplet

 Theory:                                 dft
 Exchange-correlation functional:        0.35 b88 + 0.58 lyp
 Method for Coulomb:                     incore_df
 Method for exact exchange:              pre_transformed_df
 Integral threshold:                     1.00e-12
 DF basis set:                           def2-tzvp-jkfit(spdfghi)
 Number of DF basis functions:         341
 Schwarz screening threshold:            1.00e-10
 Coulomb fitting method:                 Cholesky
 Total number of grid points:        14880
 Method for AO orthogonalization:        symmetric
 Threshold for linear dependence:        1.00e-08
 D3BJ dispersion energy:                -0.002546096

 -------------------------------------
  Running unrestricted open-shell SCF 
 -------------------------------------
 Max number of iterations:             128
 Conv. threshold (gradient):             1.00e-05
 Conv. threshold (energy):               1.00e-06
 Interpolation scheme:                   adiis+cdiis
 Initial guess:                          H0

 ---------------------------------------------------------------
                  energy        change          grad        time
 ---------------------------------------------------------------
   0     -1401.150954582                    1.71e+01        0.04
   1     -1404.364633310     -3.21e+00      9.68e+00        0.03
   2     -1498.578776924     -9.42e+01      1.53e+01        0.03
   3     -1575.578621324     -7.70e+01      6.28e+00        0.03
   4     -1566.933634703      8.64e+00      5.85e+00        0.03
   5     -1582.000072078     -1.51e+01      1.60e+00        0.03
   6     -1577.796258263      4.20e+00      2.76e+00        0.04
   7     -1582.476510287     -4.68e+00      7.83e-01        0.04
   8     -1582.617296510     -1.41e-01      4.07e-01        0.04
   9     -1582.667096618     -4.98e-02      2.51e-01        0.04
  10     -1582.669879856     -2.78e-03      2.28e-01        0.04
  11     -1582.677809515     -7.93e-03      1.59e-01        0.04
  12     -1582.681072724     -3.26e-03      1.18e-01        0.04
  13     -1582.683756504     -2.68e-03      4.31e-02        0.04
  14     -1582.683503636      2.53e-04      5.58e-02        0.04
  15     -1582.684602587     -1.10e-03      8.18e-03        0.03
  16     -1582.684831417     -2.29e-04      9.14e-03        0.03
  17     -1582.685056199     -2.25e-04      9.60e-03        0.03
  18     -1582.685238950     -1.83e-04      8.12e-03        0.03
  19     -1582.685729300     -4.90e-04      8.29e-03        0.03
  20     -1582.686025595     -2.96e-04      7.39e-03        0.03
  21     -1582.685982341      4.33e-05      7.26e-03        0.04
  22     -1582.686037851     -5.55e-05      8.32e-03        0.03
  23     -1582.686032670      5.18e-06      8.08e-03        0.03
  24     -1582.686213192     -1.81e-04      7.99e-03        0.03
  25     -1582.685980705      2.32e-04      1.17e-02        0.03
  26     -1582.686029479     -4.88e-05      8.04e-03        0.03
  27     -1582.686460137     -4.31e-04      6.72e-03        0.03
  28     -1582.686887065     -4.27e-04      1.29e-02        0.03
  29     -1582.686777231      1.10e-04      9.18e-03        0.03
  30     -1582.686693411      8.38e-05      6.59e-03        0.03
  31     -1582.686256535      4.37e-04      1.53e-02        0.03
  32     -1582.686196473      6.01e-05      6.83e-03        0.03
  33     -1582.685806313      3.90e-04      9.39e-03        0.03
  34     -1582.686353002     -5.47e-04      1.06e-02        0.03
  35     -1582.686625094     -2.72e-04      2.24e-02        0.03
  36     -1582.686622265      2.83e-06      2.85e-02        0.03
  37     -1582.686731312     -1.09e-04      2.23e-02        0.04
  38     -1582.686708481      2.28e-05      1.99e-02        0.05
  39     -1582.686690581      1.79e-05      2.41e-02        0.03
  40     -1582.686706397     -1.58e-05      1.97e-02        0.03
  41     -1582.686864156     -1.58e-04      2.08e-02        0.03
  42     -1582.686803142      6.10e-05      2.47e-02        0.03
  43     -1582.686710109      9.30e-05      1.83e-02        0.03
  44     -1582.686090587      6.20e-04      4.79e-03        0.03
  45     -1582.686212303     -1.22e-04      8.22e-03        0.03
  46     -1582.685922235      2.90e-04      5.31e-03        0.03
  47     -1582.687070892     -1.15e-03      2.34e-02        0.03
  48     -1582.687106721     -3.58e-05      2.28e-02        0.03
  49     -1582.687071808      3.49e-05      1.59e-02        0.03
  50     -1582.686947193      1.25e-04      8.20e-03        0.03
  51     -1582.687358922     -4.12e-04      1.20e-02        0.03
  52     -1582.687432210     -7.33e-05      4.20e-03        0.03
  53     -1582.687426274      5.94e-06      8.40e-03        0.03
  54     -1582.687392854      3.34e-05      1.39e-02        0.03
  55     -1582.687409212     -1.64e-05      1.11e-02        0.03
  56     -1582.687420905     -1.17e-05      9.11e-03        0.03
  57     -1582.687555246     -1.34e-04      4.80e-04        0.03
  58     -1582.687554601      6.45e-07      7.09e-04        0.03
  59     -1582.687555828     -1.23e-06      1.52e-04        0.03
  60     -1582.687555834     -5.96e-09      1.46e-04        0.03
  61     -1582.687555903     -6.90e-08      1.44e-05        0.03
  62     -1582.687555904     -8.40e-10      4.55e-06        0.03

 SCF converged in 62 iterations.


 --------------------------------
  Double Hybrid MP2 Contribution 
 --------------------------------
 Method:                                 pre_transformed_df
 Density-fitting basis set:              def2-tzvp-ri
 Opposite-spin scale factor:             0.520000000
 Same-spin scale factor:                 0.000000000

 Unrestricted MP2 calculation:           
 Core spatial orbitals:                  6
 Correlated alpha orbitals:             13
 Correlated beta orbitals:              11
 Virtual alpha orbitals:               120
 Virtual beta orbitals:                122

 Reference Energy:                   -1582.687555904
 Opposite spin contribution:            -0.403158330
 Same spin contribution:                -0.000000000
 Total scaled MP2 contribution:         -0.403158330

 Dipole moment (in Debye):               0.000007       0.000005      -4.594976

 Quadrupole moment (in Debye-Angstrom):
                  1            2            3
 1       -19.216946    -0.000000     0.000007
 2        -0.000000   -19.216947     0.000005
 3         0.000007     0.000005   -21.470940

 Spin-squared expectation <S^2>:         2.532
 Total spin quantum number S:            1.168
 TOTAL ENERGY:                       -1583.090714234

 --------------------------------------------------------------------------------

 End time:                               Wed Jun  2 11:54:50 2021
 Total wall-clock time:                  4.472 seconds
==================================================================================
