
================================================================================
          _____________ ________ _______________ ________     _________         
         / ___________// ______ \\_____   _____// ______ \   / ________)        
        / /_________  / /      \ \     | |     / /      \ \ | (_______          
       |  __________|| |        | |    | |    | |        | | \________ \        
        \ \_________ | |        | |    | |     \ \______/ /___________) |       
         \__________||_|        |_|    |_|      \________//____________/        
                                                                                
====================================[ Qcore ]===================================

 Git hash:   15a3e7daff0cda5fa9af010ccd19a80288182ecf
 Git date:   Fri, 16 Apr 2021 15:57:16 +0100
 Compiler:   GNU 9.1.0
 Build type: Release
 Version:    1.1.0

 Start time: Wed Jun  2 11:55:01 2021

 Data directory: /work/zw18965/.local/qcore/share/entos/1.1.0/data
 Number of threads: 24
 Number of threads was determined by: command line argument

 --------------------------------------------------------------------------------
                                   command: dft                                  
 --------------------------------------------------------------------------------
 AO basis set:                           aug-cc-pvtz
 Number of AO basis functions:         143

 Formula:                                ClCu
 Nuclear charge:                        46.000000000
 Total charge:                           0.000000000
 Number of electrons:                   46.000000000

 Number of alpha electrons:             23
 Number of beta electrons:              23
 Number of unpaired electrons:           0
 Spin:                                   0
 Multiplicity:                           singlet

 Theory:                                 dft
 Exchange-correlation functional:        0.35 b88 + 0.58 lyp
 Method for Coulomb:                     incore_df
 Method for exact exchange:              pre_transformed_df
 Integral threshold:                     1.00e-12
 DF basis set:                           def2-tzvp-jkfit(spdfghi)
 Number of DF basis functions:         392
 Schwarz screening threshold:            1.00e-10
 Coulomb fitting method:                 Cholesky
 Total number of grid points:        15430
 Method for AO orthogonalization:        symmetric
 Threshold for linear dependence:        1.00e-08
 D3BJ dispersion energy:                -0.005490817

 -------------------------------------
  Running restricted closed-shell SCF 
 -------------------------------------
 Max number of iterations:             128
 Conv. threshold (gradient):             1.00e-05
 Conv. threshold (energy):               1.00e-06
 Interpolation scheme:                   adiis+cdiis
 Initial guess:                          H0

 ---------------------------------------------------------------
                  energy        change          grad        time
 ---------------------------------------------------------------
   0     -1857.492636166                    4.12e+01        0.05
   1     -1871.925558838     -1.44e+01      1.98e+01        0.02
   2     -1747.994287224      1.24e+02      4.32e+01        0.02
   3     -2076.964034497     -3.29e+02      1.72e+01        0.02
   4     -2051.857849741      2.51e+01      1.38e+01        0.02
   5     -2098.924898436     -4.71e+01      2.08e+00        0.02
   6     -2082.324341133      1.66e+01      1.59e+01        0.02
   7     -2099.193211968     -1.69e+01      2.27e+00        0.03
   8     -2099.815847080     -6.23e-01      7.09e-01        0.02
   9     -2099.742375029      7.35e-02      1.29e+00        0.02
  10     -2099.846420883     -1.04e-01      2.10e-01        0.03
  11     -2099.844884181      1.54e-03      2.78e-01        0.02
  12     -2099.850089005     -5.20e-03      2.36e-02        0.03
  13     -2099.850138032     -4.90e-05      1.04e-02        0.03
  14     -2099.850153750     -1.57e-05      2.31e-03        0.02
  15     -2099.850154843     -1.09e-06      1.24e-03        0.02
  16     -2099.850155071     -2.28e-07      4.74e-04        0.02
  17     -2099.850155115     -4.31e-08      1.45e-04        0.02
  18     -2099.850155120     -5.17e-09      1.47e-05        0.03
  19     -2099.850155120     -9.46e-11      2.95e-06        0.02

 SCF converged in 19 iterations.


 --------------------------------
  Double Hybrid MP2 Contribution 
 --------------------------------
 Method:                                 pre_transformed_df
 Density-fitting basis set:              def2-tzvp-ri
 Opposite-spin scale factor:             0.520000000
 Same-spin scale factor:                 0.000000000

 Restricted MP2 calculation:             
 Core orbitals:                         10
 Correlated orbitals:                   13
 Virtual orbitals:                     120

 Reference Energy:                   -2099.850155120
 Opposite spin contribution:            -0.443884679
 Same spin contribution:                -0.000000000
 Total scaled MP2 contribution:         -0.443884679

 Dipole moment (in Debye):              -0.000000      -0.000000      -5.869316

 Quadrupole moment (in Debye-Angstrom):
                  1            2            3
 1       -25.277757     0.000000     0.000000
 2         0.000000   -25.277757     0.000000
 3         0.000000     0.000000   -24.119496

 Spin-squared expectation <S^2>:         0.000
 Total spin quantum number S:            0.000
 TOTAL ENERGY:                       -2100.294039799

 --------------------------------------------------------------------------------

 End time:                               Wed Jun  2 11:55:04 2021
 Total wall-clock time:                  3.309 seconds
==================================================================================
