
================================================================================
          _____________ ________ _______________ ________     _________         
         / ___________// ______ \\_____   _____// ______ \   / ________)        
        / /_________  / /      \ \     | |     / /      \ \ | (_______          
       |  __________|| |        | |    | |    | |        | | \________ \        
        \ \_________ | |        | |    | |     \ \______/ /___________) |       
         \__________||_|        |_|    |_|      \________//____________/        
                                                                                
====================================[ Qcore ]===================================

 Git hash:   15a3e7daff0cda5fa9af010ccd19a80288182ecf
 Git date:   Fri, 16 Apr 2021 15:57:16 +0100
 Compiler:   GNU 9.1.0
 Build type: Release
 Version:    1.1.0

 Start time: Wed Jun  2 11:55:18 2021

 Data directory: /work/zw18965/.local/qcore/share/entos/1.1.0/data
 Number of threads: 24
 Number of threads was determined by: command line argument

 --------------------------------------------------------------------------------
                                   command: dft                                  
 --------------------------------------------------------------------------------
 AO basis set:                           aug-cc-pvtz
 Number of AO basis functions:         116

 Formula:                                HZn
 Nuclear charge:                        31.000000000
 Total charge:                           0.000000000
 Number of electrons:                   31.000000000

 Number of alpha electrons:             16
 Number of beta electrons:              15
 Number of unpaired electrons:           1
 Spin:                                   1
 Multiplicity:                           doublet

 Theory:                                 dft
 Exchange-correlation functional:        0.35 b88 + 0.58 lyp
 Method for Coulomb:                     incore_df
 Method for exact exchange:              pre_transformed_df
 Integral threshold:                     1.00e-12
 DF basis set:                           def2-tzvp-jkfit(spdfghi)
 Number of DF basis functions:         282
 Schwarz screening threshold:            1.00e-10
 Coulomb fitting method:                 Cholesky
 Total number of grid points:        13826
 Method for AO orthogonalization:        symmetric
 Threshold for linear dependence:        1.00e-08
 D3BJ dispersion energy:                -0.001421270

 -------------------------------------
  Running unrestricted open-shell SCF 
 -------------------------------------
 Max number of iterations:             128
 Conv. threshold (gradient):             1.00e-05
 Conv. threshold (energy):               1.00e-06
 Interpolation scheme:                   adiis+cdiis
 Initial guess:                          H0

 ---------------------------------------------------------------
                  energy        change          grad        time
 ---------------------------------------------------------------
   0     -1641.263178123                    1.21e+01        0.03
   1     -1592.032020048      4.92e+01      1.08e+01        0.02
   2     -1727.841603370     -1.36e+02      1.14e+01        0.02
   3     -1772.416890239     -4.46e+01      5.40e+00        0.03
   4     -1772.013286895      4.04e-01      4.43e+00        0.02
   5     -1779.273577962     -7.26e+00      2.39e-01        0.02
   6     -1779.279896139     -6.32e-03      2.62e-01        0.02
   7     -1779.289035788     -9.14e-03      1.15e-01        0.02
   8     -1779.292604455     -3.57e-03      7.05e-02        0.02
   9     -1779.293223530     -6.19e-04      4.33e-02        0.03
  10     -1779.293890451     -6.67e-04      3.47e-03        0.02
  11     -1779.293903269     -1.28e-05      1.13e-03        0.02
  12     -1779.293904850     -1.58e-06      2.45e-04        0.02
  13     -1779.293904870     -1.98e-08      5.05e-05        0.02
  14     -1779.293904871     -1.33e-09      7.61e-06        0.02

 SCF converged in 14 iterations.


 --------------------------------
  Double Hybrid MP2 Contribution 
 --------------------------------
 Method:                                 pre_transformed_df
 Density-fitting basis set:              def2-tzvp-ri
 Opposite-spin scale factor:             0.520000000
 Same-spin scale factor:                 0.000000000

 Unrestricted MP2 calculation:           
 Core spatial orbitals:                  5
 Correlated alpha orbitals:             11
 Correlated beta orbitals:              10
 Virtual alpha orbitals:               100
 Virtual beta orbitals:                101

 Reference Energy:                   -1779.293904871
 Opposite spin contribution:            -0.349722503
 Same spin contribution:                -0.000000000
 Total scaled MP2 contribution:         -0.349722503

 Dipole moment (in Debye):               0.000000       0.000000      -0.709636

 Quadrupole moment (in Debye-Angstrom):
                  1            2            3
 1       -15.050982    -0.000000    -0.000000
 2        -0.000000   -15.050982    -0.000000
 3        -0.000000    -0.000000   -20.529085

 Spin-squared expectation <S^2>:         0.762
 Total spin quantum number S:            0.506
 TOTAL ENERGY:                       -1779.643627374

 --------------------------------------------------------------------------------

 End time:                               Wed Jun  2 11:55:21 2021
 Total wall-clock time:                  3.025 seconds
==================================================================================
