
================================================================================
          _____________ ________ _______________ ________     _________         
         / ___________// ______ \\_____   _____// ______ \   / ________)        
        / /_________  / /      \ \     | |     / /      \ \ | (_______          
       |  __________|| |        | |    | |    | |        | | \________ \        
        \ \_________ | |        | |    | |     \ \______/ /___________) |       
         \__________||_|        |_|    |_|      \________//____________/        
                                                                                
====================================[ Qcore ]===================================

 Git hash:   15a3e7daff0cda5fa9af010ccd19a80288182ecf
 Git date:   Fri, 16 Apr 2021 15:57:16 +0100
 Compiler:   GNU 9.1.0
 Build type: Release
 Version:    1.1.0

 Start time: Wed Jun  2 11:55:33 2021

 Data directory: /work/zw18965/.local/qcore/share/entos/1.1.0/data
 Number of threads: 24
 Number of threads was determined by: command line argument

 --------------------------------------------------------------------------------
                                   command: dft                                  
 --------------------------------------------------------------------------------
 AO basis set:                           aug-cc-pvtz
 Number of AO basis functions:         139

 Formula:                                OZn
 Nuclear charge:                        38.000000000
 Total charge:                           0.000000000
 Number of electrons:                   38.000000000

 Number of alpha electrons:             19
 Number of beta electrons:              19
 Number of unpaired electrons:           0
 Spin:                                   0
 Multiplicity:                           singlet

 Theory:                                 dft
 Exchange-correlation functional:        0.35 b88 + 0.58 lyp
 Method for Coulomb:                     incore_df
 Method for exact exchange:              pre_transformed_df
 Integral threshold:                     1.00e-12
 DF basis set:                           def2-tzvp-jkfit(spdfghi)
 Number of DF basis functions:         341
 Schwarz screening threshold:            1.00e-10
 Coulomb fitting method:                 Cholesky
 Total number of grid points:        14880
 Method for AO orthogonalization:        symmetric
 Threshold for linear dependence:        1.00e-08
 D3BJ dispersion energy:                -0.002433201

 -------------------------------------
  Running restricted closed-shell SCF 
 -------------------------------------
 Max number of iterations:             128
 Conv. threshold (gradient):             1.00e-05
 Conv. threshold (energy):               1.00e-06
 Interpolation scheme:                   adiis+cdiis
 Initial guess:                          H0

 ---------------------------------------------------------------
                  energy        change          grad        time
 ---------------------------------------------------------------
   0     -1598.450783712                    4.16e+01        0.04
   1     -1618.954142497     -2.05e+01      2.22e+01        0.02
   2     -1750.433469445     -1.31e+02      4.16e+01        0.02
   3     -1847.178753934     -9.67e+01      1.16e+01        0.02
   4     -1848.552699072     -1.37e+00      8.83e+00        0.02
   5     -1852.934335584     -4.38e+00      3.60e+00        0.02
   6     -1850.656668269      2.28e+00      3.96e+00        0.02
   7     -1853.506408609     -2.85e+00      1.80e+00        0.03
   8     -1853.535273207     -2.89e-02      1.42e+00        0.02
   9     -1853.637838469     -1.03e-01      1.04e+00        0.02
  10     -1853.666396504     -2.86e-02      7.17e-01        0.02
  11     -1853.709791049     -4.34e-02      2.09e-01        0.02
  12     -1853.705996159      3.79e-03      2.94e-01        0.02
  13     -1853.712188355     -6.19e-03      5.64e-02        0.02
  14     -1853.712047998      1.40e-04      7.68e-02        0.02
  15     -1853.712411897     -3.64e-04      1.07e-03        0.02
  16     -1853.712412148     -2.51e-07      6.14e-04        0.02
  17     -1853.712412201     -5.29e-08      2.00e-04        0.02
  18     -1853.712412210     -9.57e-09      6.51e-05        0.02
  19     -1853.712412211     -1.06e-09      1.34e-05        0.02
  20     -1853.712412212     -2.07e-11      8.72e-07        0.02

 SCF converged in 20 iterations.


 --------------------------------
  Double Hybrid MP2 Contribution 
 --------------------------------
 Method:                                 pre_transformed_df
 Density-fitting basis set:              def2-tzvp-ri
 Opposite-spin scale factor:             0.520000000
 Same-spin scale factor:                 0.000000000

 Restricted MP2 calculation:             
 Core orbitals:                          6
 Correlated orbitals:                   13
 Virtual orbitals:                     120

 Reference Energy:                   -1853.712412212
 Opposite spin contribution:            -0.481763375
 Same spin contribution:                -0.000000000
 Total scaled MP2 contribution:         -0.481763375

 Dipole moment (in Debye):               0.000000       0.000000      -6.630411

 Quadrupole moment (in Debye-Angstrom):
                  1            2            3
 1       -18.685055    -0.000000    -0.000000
 2        -0.000000   -18.685055    -0.000000
 3        -0.000000    -0.000000   -21.860961

 Spin-squared expectation <S^2>:         0.000
 Total spin quantum number S:            0.000
 TOTAL ENERGY:                       -1854.194175586

 --------------------------------------------------------------------------------

 End time:                               Wed Jun  2 11:55:37 2021
 Total wall-clock time:                  3.500 seconds
==================================================================================
