
================================================================================
          _____________ ________ _______________ ________     _________         
         / ___________// ______ \\_____   _____// ______ \   / ________)        
        / /_________  / /      \ \     | |     / /      \ \ | (_______          
       |  __________|| |        | |    | |    | |        | | \________ \        
        \ \_________ | |        | |    | |     \ \______/ /___________) |       
         \__________||_|        |_|    |_|      \________//____________/        
                                                                                
====================================[ Qcore ]===================================

 Git hash:   15a3e7daff0cda5fa9af010ccd19a80288182ecf
 Git date:   Fri, 16 Apr 2021 15:57:16 +0100
 Compiler:   GNU 9.1.0
 Build type: Release
 Version:    1.1.0

 Start time: Wed Jun  2 11:55:37 2021

 Data directory: /work/zw18965/.local/qcore/share/entos/1.1.0/data
 Number of threads: 24
 Number of threads was determined by: command line argument

 --------------------------------------------------------------------------------
                                   command: dft                                  
 --------------------------------------------------------------------------------
 AO basis set:                           aug-cc-pvtz
 Number of AO basis functions:         143

 Formula:                                SZn
 Nuclear charge:                        46.000000000
 Total charge:                           0.000000000
 Number of electrons:                   46.000000000

 Number of alpha electrons:             23
 Number of beta electrons:              23
 Number of unpaired electrons:           0
 Spin:                                   0
 Multiplicity:                           singlet

 Theory:                                 dft
 Exchange-correlation functional:        0.35 b88 + 0.58 lyp
 Method for Coulomb:                     incore_df
 Method for exact exchange:              pre_transformed_df
 Integral threshold:                     1.00e-12
 DF basis set:                           def2-tzvp-jkfit(spdfghi)
 Number of DF basis functions:         392
 Schwarz screening threshold:            1.00e-10
 Coulomb fitting method:                 Cholesky
 Total number of grid points:        15286
 Method for AO orthogonalization:        symmetric
 Threshold for linear dependence:        1.00e-08
 D3BJ dispersion energy:                -0.007527339

 -------------------------------------
  Running restricted closed-shell SCF 
 -------------------------------------
 Max number of iterations:             128
 Conv. threshold (gradient):             1.00e-05
 Conv. threshold (energy):               1.00e-06
 Interpolation scheme:                   adiis+cdiis
 Initial guess:                          H0

 ---------------------------------------------------------------
                  energy        change          grad        time
 ---------------------------------------------------------------
   0     -1924.439060122                    4.49e+01        0.05
   1     -1935.768773625     -1.13e+01      2.16e+01        0.04
   2     -1848.267505540      8.75e+01      4.81e+01        0.02
   3     -2160.253376958     -3.12e+02      1.42e+01        0.02
   4     -2116.687969442      4.36e+01      1.52e+01        0.02
   5     -2175.844942495     -5.92e+01      2.56e+00        0.02
   6     -2172.857362202      2.99e+00      3.73e+00        0.02
   7     -2176.562443372     -3.71e+00      7.44e-01        0.02
   8     -2176.554221396      8.22e-03      8.62e-01        0.02
   9     -2176.651782001     -9.76e-02      9.09e-02        0.02
  10     -2176.652454763     -6.73e-04      5.17e-02        0.02
  11     -2176.652816137     -3.61e-04      1.50e-02        0.02
  12     -2176.652917753     -1.02e-04      5.11e-03        0.02
  13     -2176.652931270     -1.35e-05      3.55e-03        0.02
  14     -2176.652932358     -1.09e-06      1.50e-03        0.02
  15     -2176.652933046     -6.89e-07      1.16e-04        0.02
  16     -2176.652933050     -4.12e-09      1.25e-05        0.02
  17     -2176.652933050     -5.37e-11      2.96e-06        0.02

 SCF converged in 17 iterations.


 --------------------------------
  Double Hybrid MP2 Contribution 
 --------------------------------
 Method:                                 pre_transformed_df
 Density-fitting basis set:              def2-tzvp-ri
 Opposite-spin scale factor:             0.520000000
 Same-spin scale factor:                 0.000000000

 Restricted MP2 calculation:             
 Core orbitals:                         10
 Correlated orbitals:                   13
 Virtual orbitals:                     120

 Reference Energy:                   -2176.652933050
 Opposite spin contribution:            -0.431405228
 Same spin contribution:                -0.000000000
 Total scaled MP2 contribution:         -0.431405228

 Dipole moment (in Debye):               0.000000       0.000000      -6.428465

 Quadrupole moment (in Debye-Angstrom):
                  1            2            3
 1       -28.804399     0.000000     0.000000
 2         0.000000   -28.804399     0.000000
 3         0.000000     0.000000   -24.641685

 Spin-squared expectation <S^2>:         0.000
 Total spin quantum number S:            0.000
 TOTAL ENERGY:                       -2177.084338279

 --------------------------------------------------------------------------------

 End time:                               Wed Jun  2 11:55:40 2021
 Total wall-clock time:                  3.537 seconds
==================================================================================
