
================================================================================
          _____________ ________ _______________ ________     _________         
         / ___________// ______ \\_____   _____// ______ \   / ________)        
        / /_________  / /      \ \     | |     / /      \ \ | (_______          
       |  __________|| |        | |    | |    | |        | | \________ \        
        \ \_________ | |        | |    | |     \ \______/ /___________) |       
         \__________||_|        |_|    |_|      \________//____________/        
                                                                                
====================================[ Qcore ]===================================

 Git hash:   15a3e7daff0cda5fa9af010ccd19a80288182ecf
 Git date:   Fri, 16 Apr 2021 15:57:16 +0100
 Compiler:   GNU 9.1.0
 Build type: Release
 Version:    1.1.0

 Start time: Wed Jun  2 11:55:43 2021

 Data directory: /work/zw18965/.local/qcore/share/entos/1.1.0/data
 Number of threads: 24
 Number of threads was determined by: command line argument

 --------------------------------------------------------------------------------
                                   command: dft                                  
 --------------------------------------------------------------------------------
 AO basis set:                           aug-cc-pvtz
 Number of AO basis functions:          93

 Formula:                                Ti
 Nuclear charge:                        22.000000000
 Total charge:                           0.000000000
 Number of electrons:                   22.000000000

 Number of alpha electrons:             12
 Number of beta electrons:              10
 Number of unpaired electrons:           2
 Spin:                                   2
 Multiplicity:                           triplet

 Theory:                                 dft
 Exchange-correlation functional:        0.35 b88 + 0.58 lyp
 Method for Coulomb:                     incore_df
 Method for exact exchange:              pre_transformed_df
 Integral threshold:                     1.00e-12
 DF basis set:                           def2-tzvp-jkfit(spdfghi)
 Number of DF basis functions:         264
 Schwarz screening threshold:            1.00e-10
 Coulomb fitting method:                 Cholesky
 Total number of grid points:         7792
 Method for AO orthogonalization:        symmetric
 Threshold for linear dependence:        1.00e-08
 D3BJ dispersion energy:                 0.000000000

 -------------------------------------
  Running unrestricted open-shell SCF 
 -------------------------------------
 Max number of iterations:             128
 Conv. threshold (gradient):             1.00e-05
 Conv. threshold (energy):               1.00e-06
 Interpolation scheme:                   adiis+cdiis
 Initial guess:                          H0

 ---------------------------------------------------------------
                  energy        change          grad        time
 ---------------------------------------------------------------
   0      -832.688621299                    3.95e+00        0.02
   1      -818.023442306      1.47e+01      5.86e+00        0.01
   2      -841.321288753     -2.33e+01      2.82e+00        0.01
   3      -847.175694633     -5.85e+00      1.59e+00        0.01
   4      -847.581301608     -4.06e-01      1.43e+00        0.01
   5      -848.903709917     -1.32e+00      3.47e-01        0.01
   6      -848.937104566     -3.34e-02      1.72e-01        0.01
   7      -848.947080711     -9.98e-03      1.15e-01        0.01
   8      -848.951350997     -4.27e-03      6.07e-02        0.01
   9      -848.952986347     -1.64e-03      4.26e-02        0.02
  10      -848.954995851     -2.01e-03      2.09e-02        0.01
  11      -848.955571238     -5.75e-04      1.73e-02        0.01
  12      -848.956099231     -5.28e-04      1.64e-02        0.01
  13      -848.956215652     -1.16e-04      1.64e-02        0.01
  14      -848.955783567      4.32e-04      1.61e-02        0.01
  15      -848.954227342      1.56e-03      9.49e-03        0.01
  16      -848.954177100      5.02e-05      6.32e-03        0.01
  17      -848.954112708      6.44e-05      3.33e-03        0.01
  18      -848.954131510     -1.88e-05      2.18e-03        0.01
  19      -848.954136608     -5.10e-06      1.94e-03        0.02
  20      -848.954140046     -3.44e-06      7.77e-04        0.01
  21      -848.954140745     -6.99e-07      1.02e-03        0.01
  22      -848.954140573      1.72e-07      2.57e-04        0.01
  23      -848.954140663     -9.02e-08      2.00e-04        0.01
  24      -848.954140564      9.91e-08      1.90e-04        0.01
  25      -848.954140309      2.55e-07      1.16e-04        0.01
  26      -848.954140245      6.41e-08      6.44e-05        0.01
  27      -848.954140246     -1.24e-09      3.71e-05        0.01
  28      -848.954140248     -1.79e-09      2.47e-05        0.01
  29      -848.954140250     -2.34e-09      1.80e-05        0.01
  30      -848.954140252     -1.62e-09      1.33e-05        0.02
  31      -848.954140253     -9.53e-10      7.50e-06        0.01

 SCF converged in 31 iterations.


 --------------------------------
  Double Hybrid MP2 Contribution 
 --------------------------------
 Method:                                 pre_transformed_df
 Density-fitting basis set:              def2-tzvp-ri
 Opposite-spin scale factor:             0.520000000
 Same-spin scale factor:                 0.000000000

 Unrestricted MP2 calculation:           
 Core spatial orbitals:                  5
 Correlated alpha orbitals:              7
 Correlated beta orbitals:               5
 Virtual alpha orbitals:                81
 Virtual beta orbitals:                 83

 Reference Energy:                    -848.954140253
 Opposite spin contribution:            -0.128195390
 Same spin contribution:                -0.000000000
 Total scaled MP2 contribution:         -0.128195390

 Dipole moment (in Debye):               0.000000      -0.000001      -0.000003

 Quadrupole moment (in Debye-Angstrom):
                  1            2            3
 1       -21.793033    -0.024795    -0.063349
 2        -0.024795   -21.798126    -0.070088
 3        -0.063349    -0.070088   -21.949107

 Spin-squared expectation <S^2>:         2.007
 Total spin quantum number S:            1.002
 TOTAL ENERGY:                        -849.082335643

 --------------------------------------------------------------------------------

 End time:                               Wed Jun  2 11:55:45 2021
 Total wall-clock time:                  2.099 seconds
==================================================================================
