
================================================================================
          _____________ ________ _______________ ________     _________         
         / ___________// ______ \\_____   _____// ______ \   / ________)        
        / /_________  / /      \ \     | |     / /      \ \ | (_______          
       |  __________|| |        | |    | |    | |        | | \________ \        
        \ \_________ | |        | |    | |     \ \______/ /___________) |       
         \__________||_|        |_|    |_|      \________//____________/        
                                                                                
====================================[ Qcore ]===================================

 Git hash:   15a3e7daff0cda5fa9af010ccd19a80288182ecf
 Git date:   Fri, 16 Apr 2021 15:57:16 +0100
 Compiler:   GNU 9.1.0
 Build type: Release
 Version:    1.1.0

 Start time: Wed Jun  2 11:55:45 2021

 Data directory: /work/zw18965/.local/qcore/share/entos/1.1.0/data
 Number of threads: 24
 Number of threads was determined by: command line argument

 --------------------------------------------------------------------------------
                                   command: dft                                  
 --------------------------------------------------------------------------------
 AO basis set:                           aug-cc-pvtz
 Number of AO basis functions:          93

 Formula:                                V
 Nuclear charge:                        23.000000000
 Total charge:                           0.000000000
 Number of electrons:                   23.000000000

 Number of alpha electrons:             13
 Number of beta electrons:              10
 Number of unpaired electrons:           3
 Spin:                                   3
 Multiplicity:                           quartet

 Theory:                                 dft
 Exchange-correlation functional:        0.35 b88 + 0.58 lyp
 Method for Coulomb:                     incore_df
 Method for exact exchange:              pre_transformed_df
 Integral threshold:                     1.00e-12
 DF basis set:                           def2-tzvp-jkfit(spdfghi)
 Number of DF basis functions:         264
 Schwarz screening threshold:            1.00e-10
 Coulomb fitting method:                 Cholesky
 Total number of grid points:         7852
 Method for AO orthogonalization:        symmetric
 Threshold for linear dependence:        1.00e-08
 D3BJ dispersion energy:                 0.000000000

 -------------------------------------
  Running unrestricted open-shell SCF 
 -------------------------------------
 Max number of iterations:             128
 Conv. threshold (gradient):             1.00e-05
 Conv. threshold (energy):               1.00e-06
 Interpolation scheme:                   adiis+cdiis
 Initial guess:                          H0

 ---------------------------------------------------------------
                  energy        change          grad        time
 ---------------------------------------------------------------
   0      -908.695563925                    6.29e+00        0.02
   1      -898.057603452      1.06e+01      6.74e+00        0.01
   2      -932.297238287     -3.42e+01      3.18e+00        0.01
   3      -941.571108177     -9.27e+00      1.76e+00        0.01
   4      -941.569426721      1.68e-03      1.70e+00        0.01
   5      -943.372465131     -1.80e+00      4.77e-01        0.01
   6      -943.438929640     -6.65e-02      2.81e-01        0.02
   7      -943.461731706     -2.28e-02      1.65e-01        0.01
   8      -943.468513748     -6.78e-03      9.81e-02        0.01
   9      -943.471217795     -2.70e-03      7.14e-02        0.01
  10      -943.474701204     -3.48e-03      3.19e-02        0.01
  11      -943.478473240     -3.77e-03      1.91e-02        0.01
  12      -943.478296613      1.77e-04      1.67e-02        0.02
  13      -943.479461639     -1.17e-03      7.39e-03        0.02
  14      -943.479605015     -1.43e-04      5.75e-03        0.01
  15      -943.479653934     -4.89e-05      8.31e-03        0.01
  16      -943.479668199     -1.43e-05      6.90e-03        0.01
  17      -943.479697617     -2.94e-05      2.43e-03        0.01
  18      -943.479700102     -2.49e-06      9.84e-04        0.01
  19      -943.479701109     -1.01e-06      6.77e-04        0.01
  20      -943.479702065     -9.56e-07      3.54e-04        0.01
  21      -943.479702410     -3.44e-07      1.38e-04        0.01
  22      -943.479702468     -5.83e-08      7.12e-05        0.01
  23      -943.479702480     -1.23e-08      2.55e-05        0.01
  24      -943.479702481     -9.52e-10      1.86e-05        0.01
  25      -943.479702482     -4.00e-10      1.47e-05        0.01
  26      -943.479702482     -7.09e-10      1.16e-05        0.01
  27      -943.479702483     -4.49e-10      9.03e-06        0.01

 SCF converged in 27 iterations.


 --------------------------------
  Double Hybrid MP2 Contribution 
 --------------------------------
 Method:                                 pre_transformed_df
 Density-fitting basis set:              def2-tzvp-ri
 Opposite-spin scale factor:             0.520000000
 Same-spin scale factor:                 0.000000000

 Unrestricted MP2 calculation:           
 Core spatial orbitals:                  5
 Correlated alpha orbitals:              8
 Correlated beta orbitals:               5
 Virtual alpha orbitals:                80
 Virtual beta orbitals:                 83

 Reference Energy:                    -943.479702483
 Opposite spin contribution:            -0.143667670
 Same spin contribution:                -0.000000000
 Total scaled MP2 contribution:         -0.143667670

 Dipole moment (in Debye):              -0.000000       0.000000      -0.000000

 Quadrupole moment (in Debye-Angstrom):
                  1            2            3
 1       -20.738752     0.000020     0.000005
 2         0.000020   -20.738743     0.000046
 3         0.000005     0.000046   -20.738716

 Spin-squared expectation <S^2>:         3.757
 Total spin quantum number S:            1.502
 TOTAL ENERGY:                        -943.623370153

 --------------------------------------------------------------------------------

 End time:                               Wed Jun  2 11:55:47 2021
 Total wall-clock time:                  2.013 seconds
==================================================================================
