
================================================================================
          _____________ ________ _______________ ________     _________         
         / ___________// ______ \\_____   _____// ______ \   / ________)        
        / /_________  / /      \ \     | |     / /      \ \ | (_______          
       |  __________|| |        | |    | |    | |        | | \________ \        
        \ \_________ | |        | |    | |     \ \______/ /___________) |       
         \__________||_|        |_|    |_|      \________//____________/        
                                                                                
====================================[ Qcore ]===================================

 Git hash:   15a3e7daff0cda5fa9af010ccd19a80288182ecf
 Git date:   Fri, 16 Apr 2021 15:57:16 +0100
 Compiler:   GNU 9.1.0
 Build type: Release
 Version:    1.1.0

 Start time: Wed Jun  2 11:55:49 2021

 Data directory: /work/zw18965/.local/qcore/share/entos/1.1.0/data
 Number of threads: 24
 Number of threads was determined by: command line argument

 --------------------------------------------------------------------------------
                                   command: dft                                  
 --------------------------------------------------------------------------------
 AO basis set:                           aug-cc-pvtz
 Number of AO basis functions:          93

 Formula:                                Mn
 Nuclear charge:                        25.000000000
 Total charge:                           0.000000000
 Number of electrons:                   25.000000000

 Number of alpha electrons:             15
 Number of beta electrons:              10
 Number of unpaired electrons:           5
 Spin:                                   5
 Multiplicity:                           septet

 Theory:                                 dft
 Exchange-correlation functional:        0.35 b88 + 0.58 lyp
 Method for Coulomb:                     incore_df
 Method for exact exchange:              pre_transformed_df
 Integral threshold:                     1.00e-12
 DF basis set:                           def2-tzvp-jkfit(spdfghi)
 Number of DF basis functions:         264
 Schwarz screening threshold:            1.00e-10
 Coulomb fitting method:                 Cholesky
 Total number of grid points:         7936
 Method for AO orthogonalization:        symmetric
 Threshold for linear dependence:        1.00e-08
 D3BJ dispersion energy:                 0.000000000

 -------------------------------------
  Running unrestricted open-shell SCF 
 -------------------------------------
 Max number of iterations:             128
 Conv. threshold (gradient):             1.00e-05
 Conv. threshold (energy):               1.00e-06
 Interpolation scheme:                   adiis+cdiis
 Initial guess:                          H0

 ---------------------------------------------------------------
                  energy        change          grad        time
 ---------------------------------------------------------------
   0     -1100.202579171                    6.50e+00        0.02
   1     -1079.735214673      2.05e+01      8.65e+00        0.01
   2     -1134.056732160     -5.43e+01      4.14e+00        0.01
   3     -1147.805511413     -1.37e+01      2.04e+00        0.01
   4     -1148.125442061     -3.20e-01      2.21e+00        0.01
   5     -1150.473446946     -2.35e+00      2.92e-01        0.01
   6     -1150.498014327     -2.46e-02      1.96e-01        0.01
   7     -1150.520606506     -2.26e-02      6.49e-02        0.02
   8     -1150.521547440     -9.41e-04      4.96e-02        0.02
   9     -1150.523192350     -1.64e-03      1.58e-03        0.01
  10     -1150.523197166     -4.82e-06      7.28e-04        0.02
  11     -1150.523197944     -7.77e-07      2.64e-04        0.01
  12     -1150.523198058     -1.14e-07      6.24e-05        0.01
  13     -1150.523198066     -7.94e-09      4.99e-06        0.01

 SCF converged in 13 iterations.


 --------------------------------
  Double Hybrid MP2 Contribution 
 --------------------------------
 Method:                                 pre_transformed_df
 Density-fitting basis set:              def2-tzvp-ri
 Opposite-spin scale factor:             0.520000000
 Same-spin scale factor:                 0.000000000

 Unrestricted MP2 calculation:           
 Core spatial orbitals:                  5
 Correlated alpha orbitals:             10
 Correlated beta orbitals:               5
 Virtual alpha orbitals:                78
 Virtual beta orbitals:                 83

 Reference Energy:                   -1150.523198066
 Opposite spin contribution:            -0.165331432
 Same spin contribution:                -0.000000000
 Total scaled MP2 contribution:         -0.165331432

 Dipole moment (in Debye):              -0.000000      -0.000000      -0.000000

 Quadrupole moment (in Debye-Angstrom):
                  1            2            3
 1       -18.845560     0.000001     0.000001
 2         0.000001   -18.845564     0.000000
 3         0.000001     0.000000   -18.845560

 Spin-squared expectation <S^2>:         8.761
 Total spin quantum number S:            2.502
 TOTAL ENERGY:                       -1150.688529497

 --------------------------------------------------------------------------------

 End time:                               Wed Jun  2 11:55:51 2021
 Total wall-clock time:                  1.969 seconds
==================================================================================
