
================================================================================
          _____________ ________ _______________ ________     _________         
         / ___________// ______ \\_____   _____// ______ \   / ________)        
        / /_________  / /      \ \     | |     / /      \ \ | (_______          
       |  __________|| |        | |    | |    | |        | | \________ \        
        \ \_________ | |        | |    | |     \ \______/ /___________) |       
         \__________||_|        |_|    |_|      \________//____________/        
                                                                                
====================================[ Qcore ]===================================

 Git hash:   15a3e7daff0cda5fa9af010ccd19a80288182ecf
 Git date:   Fri, 16 Apr 2021 15:57:16 +0100
 Compiler:   GNU 9.1.0
 Build type: Release
 Version:    1.1.0

 Start time: Wed Jun  2 11:56:05 2021

 Data directory: /work/zw18965/.local/qcore/share/entos/1.1.0/data
 Number of threads: 24
 Number of threads was determined by: command line argument

 --------------------------------------------------------------------------------
                                   command: dft                                  
 --------------------------------------------------------------------------------
 AO basis set:                           aug-cc-pvtz
 Number of AO basis functions:          46

 Formula:                                O
 Nuclear charge:                         8.000000000
 Total charge:                           0.000000000
 Number of electrons:                    8.000000000

 Number of alpha electrons:              5
 Number of beta electrons:               3
 Number of unpaired electrons:           2
 Spin:                                   2
 Multiplicity:                           triplet

 Theory:                                 dft
 Exchange-correlation functional:        0.35 b88 + 0.58 lyp
 Method for Coulomb:                     incore_df
 Method for exact exchange:              pre_transformed_df
 Integral threshold:                     1.00e-12
 DF basis set:                           def2-tzvp-jkfit(spdfghi)
 Number of DF basis functions:          77
 Schwarz screening threshold:            1.00e-10
 Coulomb fitting method:                 Cholesky
 Total number of grid points:         6944
 Method for AO orthogonalization:        symmetric
 Threshold for linear dependence:        1.00e-08
 D3BJ dispersion energy:                 0.000000000

 -------------------------------------
  Running unrestricted open-shell SCF 
 -------------------------------------
 Max number of iterations:             128
 Conv. threshold (gradient):             1.00e-05
 Conv. threshold (energy):               1.00e-06
 Interpolation scheme:                   adiis+cdiis
 Initial guess:                          SAD

 ---------------------------------------------------------------
                  energy        change          grad        time
 ---------------------------------------------------------------
   0       -74.583464241                    3.04e-02        0.00
   1       -74.949333988     -3.66e-01      1.51e-01        0.01
   2       -74.962429454     -1.31e-02      8.60e-02        0.01
   3       -74.964270470     -1.84e-03      2.70e-02        0.01
   4       -74.964740178     -4.70e-04      4.28e-03        0.01
   5       -74.964761970     -2.18e-05      1.00e-03        0.01
   6       -74.964762832     -8.62e-07      1.59e-04        0.01
   7       -74.964762855     -2.23e-08      1.59e-05        0.01
   8       -74.964762855     -2.35e-10      1.13e-06        0.01

 SCF converged in 8 iterations.


 --------------------------------
  Double Hybrid MP2 Contribution 
 --------------------------------
 Method:                                 pre_transformed_df
 Density-fitting basis set:              def2-tzvp-ri
 Opposite-spin scale factor:             0.520000000
 Same-spin scale factor:                 0.000000000

 Unrestricted MP2 calculation:           
 Core spatial orbitals:                  1
 Correlated alpha orbitals:              4
 Correlated beta orbitals:               2
 Virtual alpha orbitals:                41
 Virtual beta orbitals:                 43

 Reference Energy:                     -74.964762855
 Opposite spin contribution:            -0.064188645
 Same spin contribution:                -0.000000000
 Total scaled MP2 contribution:         -0.064188645

 Dipole moment (in Debye):              -0.000000      -0.000000      -0.000000

 Quadrupole moment (in Debye-Angstrom):
                  1            2            3
 1        -4.675101    -0.000000    -0.000000
 2        -0.000000    -5.953677    -0.000000
 3        -0.000000    -0.000000    -4.675101

 Spin-squared expectation <S^2>:         2.006
 Total spin quantum number S:            1.002
 TOTAL ENERGY:                         -75.028951500

 --------------------------------------------------------------------------------

 End time:                               Wed Jun  2 11:56:05 2021
 Total wall-clock time:                  0.289 seconds
==================================================================================
