
================================================================================
          _____________ ________ _______________ ________     _________         
         / ___________// ______ \\_____   _____// ______ \   / ________)        
        / /_________  / /      \ \     | |     / /      \ \ | (_______          
       |  __________|| |        | |    | |    | |        | | \________ \        
        \ \_________ | |        | |    | |     \ \______/ /___________) |       
         \__________||_|        |_|    |_|      \________//____________/        
                                                                                
====================================[ Qcore ]===================================

 Git hash:   15a3e7daff0cda5fa9af010ccd19a80288182ecf
 Git date:   Fri, 16 Apr 2021 15:57:16 +0100
 Compiler:   GNU 9.1.0
 Build type: Release
 Version:    1.1.0

 Start time: Wed Jun  2 11:50:27 2021

 Data directory: /work/zw18965/.local/qcore/share/entos/1.1.0/data
 Number of threads: 24
 Number of threads was determined by: command line argument

 --------------------------------------------------------------------------------
                                   command: dft                                  
 --------------------------------------------------------------------------------
 AO basis set:                           aug-cc-pvtz
 Number of AO basis functions:         139

 Formula:                                FSc
 Nuclear charge:                        30.000000000
 Total charge:                           0.000000000
 Number of electrons:                   30.000000000

 Number of alpha electrons:             15
 Number of beta electrons:              15
 Number of unpaired electrons:           0
 Spin:                                   0
 Multiplicity:                           singlet

 Theory:                                 dft
 Exchange-correlation functional:        0.47 b88 + 0.73 lyp
 Method for Coulomb:                     incore_df
 Method for exact exchange:              pre_transformed_df
 Integral threshold:                     1.00e-12
 DF basis set:                           def2-tzvp-jkfit(spdfghi)
 Number of DF basis functions:         341
 Schwarz screening threshold:            1.00e-10
 Coulomb fitting method:                 Cholesky
 Total number of grid points:        14664
 Method for AO orthogonalization:        symmetric
 Threshold for linear dependence:        1.00e-08
 D3BJ dispersion energy:                -0.000497351

 -------------------------------------
  Running restricted closed-shell SCF 
 -------------------------------------
 Max number of iterations:             128
 Conv. threshold (gradient):             1.00e-05
 Conv. threshold (energy):               1.00e-06
 Interpolation scheme:                   adiis+cdiis
 Initial guess:                          H0

 ---------------------------------------------------------------
                  energy        change          grad        time
 ---------------------------------------------------------------
   0      -794.080286061                    1.28e+01        0.03
   1      -786.284417721      7.80e+00      1.83e+01        0.02
   2      -804.919935613     -1.86e+01      1.14e+01        0.02
   3      -857.423570760     -5.25e+01      6.73e+00        0.02
   4      -849.565995903      7.86e+00      9.87e+00        0.02
   5      -859.783266402     -1.02e+01      1.43e+00        0.02
   6      -859.591467661      1.92e-01      1.91e+00        0.02
   7      -860.140714898     -5.49e-01      7.53e-01        0.02
   8      -860.193040355     -5.23e-02      5.68e-01        0.02
   9      -860.218156099     -2.51e-02      3.85e-01        0.02
  10      -860.224753313     -6.60e-03      3.42e-01        0.02
  11      -860.230053001     -5.30e-03      1.61e-01        0.03
  12      -860.230788492     -7.35e-04      1.05e-01        0.03
  13      -860.231341908     -5.53e-04      2.71e-02        0.02
  14      -860.231301582      4.03e-05      3.82e-02        0.02
  15      -860.231381016     -7.94e-05      1.20e-04        0.02
  16      -860.231381022     -5.64e-09      4.04e-05        0.02
  17      -860.231381023     -5.59e-10      1.20e-05        0.02
  18      -860.231381023     -2.55e-11      1.12e-06        0.02

 SCF converged in 18 iterations.


 --------------------------------
  Double Hybrid MP2 Contribution 
 --------------------------------
 Method:                                 pre_transformed_df
 Density-fitting basis set:              def2-tzvp-ri
 Opposite-spin scale factor:             0.270000000
 Same-spin scale factor:                 0.270000000

 Restricted MP2 calculation:             
 Core orbitals:                          6
 Correlated orbitals:                    9
 Virtual orbitals:                     124

 Reference Energy:                    -860.231381023
 Opposite spin contribution:            -0.132658484
 Same spin contribution:                -0.051335257
 Total scaled MP2 contribution:         -0.183993741

 Dipole moment (in Debye):              -0.000000      -0.000000      -2.114099

 Quadrupole moment (in Debye-Angstrom):
                  1            2            3
 1       -26.237187    -0.000007     0.000001
 2        -0.000007   -26.237187     0.000001
 3         0.000001     0.000001   -27.701930

 Spin-squared expectation <S^2>:         0.000
 Total spin quantum number S:            0.000
 TOTAL ENERGY:                        -860.415374763

 --------------------------------------------------------------------------------

 End time:                               Wed Jun  2 11:50:30 2021
 Total wall-clock time:                  2.665 seconds
==================================================================================
