
================================================================================
          _____________ ________ _______________ ________     _________         
         / ___________// ______ \\_____   _____// ______ \   / ________)        
        / /_________  / /      \ \     | |     / /      \ \ | (_______          
       |  __________|| |        | |    | |    | |        | | \________ \        
        \ \_________ | |        | |    | |     \ \______/ /___________) |       
         \__________||_|        |_|    |_|      \________//____________/        
                                                                                
====================================[ Qcore ]===================================

 Git hash:   15a3e7daff0cda5fa9af010ccd19a80288182ecf
 Git date:   Fri, 16 Apr 2021 15:57:16 +0100
 Compiler:   GNU 9.1.0
 Build type: Release
 Version:    1.1.0

 Start time: Wed Jun  2 11:50:43 2021

 Data directory: /work/zw18965/.local/qcore/share/entos/1.1.0/data
 Number of threads: 24
 Number of threads was determined by: command line argument

 --------------------------------------------------------------------------------
                                   command: dft                                  
 --------------------------------------------------------------------------------
 AO basis set:                           aug-cc-pvtz
 Number of AO basis functions:         139

 Formula:                                OSc
 Nuclear charge:                        29.000000000
 Total charge:                           0.000000000
 Number of electrons:                   29.000000000

 Number of alpha electrons:             15
 Number of beta electrons:              14
 Number of unpaired electrons:           1
 Spin:                                   1
 Multiplicity:                           doublet

 Theory:                                 dft
 Exchange-correlation functional:        0.47 b88 + 0.73 lyp
 Method for Coulomb:                     incore_df
 Method for exact exchange:              pre_transformed_df
 Integral threshold:                     1.00e-12
 DF basis set:                           def2-tzvp-jkfit(spdfghi)
 Number of DF basis functions:         341
 Schwarz screening threshold:            1.00e-10
 Coulomb fitting method:                 Cholesky
 Total number of grid points:        14796
 Method for AO orthogonalization:        symmetric
 Threshold for linear dependence:        1.00e-08
 D3BJ dispersion energy:                -0.000716627

 -------------------------------------
  Running unrestricted open-shell SCF 
 -------------------------------------
 Max number of iterations:             128
 Conv. threshold (gradient):             1.00e-05
 Conv. threshold (energy):               1.00e-06
 Interpolation scheme:                   adiis+cdiis
 Initial guess:                          H0

 ---------------------------------------------------------------
                  energy        change          grad        time
 ---------------------------------------------------------------
   0      -782.863036716                    6.93e+00        0.03
   1      -774.105790418      8.76e+00      8.23e+00        0.03
   2      -793.337561594     -1.92e+01      6.23e+00        0.03
   3      -833.501249708     -4.02e+01      3.19e+00        0.03
   4      -825.759418934      7.74e+00      4.85e+00        0.03
   5      -835.320403320     -9.56e+00      8.21e-01        0.03
   6      -834.232129363      1.09e+00      1.65e+00        0.04
   7      -835.505146086     -1.27e+00      3.83e-01        0.04
   8      -835.489951327      1.52e-02      4.59e-01        0.03
   9      -835.532026733     -4.21e-02      8.22e-02        0.03
  10      -835.527509724      4.52e-03      1.55e-01        0.04
  11      -835.535100367     -7.59e-03      9.02e-03        0.04
  12      -835.535162528     -6.22e-05      2.08e-03        0.03
  13      -835.535171902     -9.37e-06      9.54e-04        0.03
  14      -835.535173358     -1.46e-06      4.40e-04        0.03
  15      -835.535173876     -5.18e-07      1.63e-04        0.03
  16      -835.535173910     -3.47e-08      4.74e-05        0.03
  17      -835.535173917     -6.57e-09      4.59e-05        0.03
  18      -835.535173924     -6.79e-09      4.82e-05        0.03
  19      -835.535173926     -2.79e-09      5.17e-05        0.03
  20      -835.535173923      3.13e-09      4.11e-05        0.03
  21      -835.535173928     -4.52e-09      3.96e-05        0.03
  22      -835.535173935     -7.15e-09      3.96e-05        0.03
  23      -835.535173960     -2.47e-08      3.93e-05        0.04
  24      -835.535174169     -2.09e-07      4.11e-05        0.04
  25      -835.535174280     -1.11e-07      4.10e-05        0.03
  26      -835.535174774     -4.94e-07      6.02e-05        0.03
  27      -835.535174601      1.73e-07      4.22e-05        0.03
  28      -835.535175470     -8.69e-07      8.89e-04        0.03
  29      -835.535175799     -3.28e-07      4.31e-04        0.03
  30      -835.535175794      5.34e-09      4.40e-04        0.03
  31      -835.535175798     -4.60e-09      4.71e-04        0.03
  32      -835.535175824     -2.56e-08      4.85e-04        0.03
  33      -835.535175821      2.64e-09      4.95e-04        0.03
  34      -835.535175554      2.67e-07      1.38e-04        0.04
  35      -835.535175639     -8.53e-08      7.22e-04        0.03
  36      -835.535175908     -2.69e-07      1.79e-04        0.03
  37      -835.535175962     -5.37e-08      2.83e-04        0.03
  38      -835.535176006     -4.42e-08      7.19e-05        0.03
  39      -835.535176016     -9.80e-09      3.35e-05        0.03
  40      -835.535176017     -1.61e-09      1.64e-06        0.03

 SCF converged in 40 iterations.


 --------------------------------
  Double Hybrid MP2 Contribution 
 --------------------------------
 Method:                                 pre_transformed_df
 Density-fitting basis set:              def2-tzvp-ri
 Opposite-spin scale factor:             0.270000000
 Same-spin scale factor:                 0.270000000

 Unrestricted MP2 calculation:           
 Core spatial orbitals:                  6
 Correlated alpha orbitals:              9
 Correlated beta orbitals:               8
 Virtual alpha orbitals:               124
 Virtual beta orbitals:                125

 Reference Energy:                    -835.535176018
 Opposite spin contribution:            -0.134709846
 Same spin contribution:                -0.057512547
 Total scaled MP2 contribution:         -0.192222393

 Dipole moment (in Debye):              -0.000000       0.000000      -8.288656

 Quadrupole moment (in Debye-Angstrom):
                  1            2            3
 1       -19.304147    -0.000007    -0.000000
 2        -0.000007   -19.304149    -0.000000
 3        -0.000000    -0.000000   -24.027394

 Spin-squared expectation <S^2>:         0.753
 Total spin quantum number S:            0.502
 TOTAL ENERGY:                        -835.727398411

 --------------------------------------------------------------------------------

 End time:                               Wed Jun  2 11:50:46 2021
 Total wall-clock time:                  3.577 seconds
==================================================================================
