
================================================================================
          _____________ ________ _______________ ________     _________         
         / ___________// ______ \\_____   _____// ______ \   / ________)        
        / /_________  / /      \ \     | |     / /      \ \ | (_______          
       |  __________|| |        | |    | |    | |        | | \________ \        
        \ \_________ | |        | |    | |     \ \______/ /___________) |       
         \__________||_|        |_|    |_|      \________//____________/        
                                                                                
====================================[ Qcore ]===================================

 Git hash:   15a3e7daff0cda5fa9af010ccd19a80288182ecf
 Git date:   Fri, 16 Apr 2021 15:57:16 +0100
 Compiler:   GNU 9.1.0
 Build type: Release
 Version:    1.1.0

 Start time: Wed Jun  2 11:50:52 2021

 Data directory: /work/zw18965/.local/qcore/share/entos/1.1.0/data
 Number of threads: 24
 Number of threads was determined by: command line argument

 --------------------------------------------------------------------------------
                                   command: dft                                  
 --------------------------------------------------------------------------------
 AO basis set:                           aug-cc-pvtz
 Number of AO basis functions:         139

 Formula:                                FTi
 Nuclear charge:                        31.000000000
 Total charge:                           0.000000000
 Number of electrons:                   31.000000000

 Number of alpha electrons:             17
 Number of beta electrons:              14
 Number of unpaired electrons:           3
 Spin:                                   3
 Multiplicity:                           quartet

 Theory:                                 dft
 Exchange-correlation functional:        0.47 b88 + 0.73 lyp
 Method for Coulomb:                     incore_df
 Method for exact exchange:              pre_transformed_df
 Integral threshold:                     1.00e-12
 DF basis set:                           def2-tzvp-jkfit(spdfghi)
 Number of DF basis functions:         341
 Schwarz screening threshold:            1.00e-10
 Coulomb fitting method:                 Cholesky
 Total number of grid points:        14604
 Method for AO orthogonalization:        symmetric
 Threshold for linear dependence:        1.00e-08
 D3BJ dispersion energy:                -0.000488192

 -------------------------------------
  Running unrestricted open-shell SCF 
 -------------------------------------
 Max number of iterations:             128
 Conv. threshold (gradient):             1.00e-05
 Conv. threshold (energy):               1.00e-06
 Interpolation scheme:                   adiis+cdiis
 Initial guess:                          H0

 ---------------------------------------------------------------
                  energy        change          grad        time
 ---------------------------------------------------------------
   0      -888.508141845                    6.70e+00        0.04
   1      -881.411851221      7.10e+00      7.66e+00        0.03
   2      -889.122400856     -7.71e+00      6.49e+00        0.02
   3      -946.652026617     -5.75e+01      2.92e+00        0.03
   4      -930.152828665      1.65e+01      5.75e+00        0.03
   5      -948.731621648     -1.86e+01      9.92e-01        0.03
   6      -948.728635865      2.99e-03      9.85e-01        0.03
   7      -948.914240970     -1.86e-01      1.14e-01        0.04
   8      -948.914659097     -4.18e-04      1.09e-01        0.03
   9      -948.916633685     -1.97e-03      3.22e-02        0.04
  10      -948.916641334     -7.65e-06      3.94e-02        0.04
  11      -948.917014852     -3.74e-04      4.58e-03        0.04
  12      -948.917034069     -1.92e-05      1.71e-03        0.03
  13      -948.917038077     -4.01e-06      6.50e-04        0.03
  14      -948.917038598     -5.21e-07      4.69e-04        0.03
  15      -948.917039006     -4.08e-07      2.05e-04        0.03
  16      -948.917039081     -7.45e-08      1.02e-04        0.03
  17      -948.917039106     -2.49e-08      2.14e-05        0.03
  18      -948.917039107     -8.81e-10      8.01e-06        0.04

 SCF converged in 18 iterations.


 --------------------------------
  Double Hybrid MP2 Contribution 
 --------------------------------
 Method:                                 pre_transformed_df
 Density-fitting basis set:              def2-tzvp-ri
 Opposite-spin scale factor:             0.270000000
 Same-spin scale factor:                 0.270000000

 Unrestricted MP2 calculation:           
 Core spatial orbitals:                  6
 Correlated alpha orbitals:             11
 Correlated beta orbitals:               8
 Virtual alpha orbitals:               122
 Virtual beta orbitals:                125

 Reference Energy:                    -948.917039107
 Opposite spin contribution:            -0.130223862
 Same spin contribution:                -0.056206025
 Total scaled MP2 contribution:         -0.186429887

 Dipole moment (in Debye):              -0.000000      -0.000000      -2.435241

 Quadrupole moment (in Debye-Angstrom):
                  1            2            3
 1       -21.697502    -0.000001     0.000000
 2        -0.000001   -21.697522     0.000000
 3         0.000000     0.000000   -28.669396

 Spin-squared expectation <S^2>:         3.752
 Total spin quantum number S:            1.501
 TOTAL ENERGY:                        -949.103468994

 --------------------------------------------------------------------------------

 End time:                               Wed Jun  2 11:50:55 2021
 Total wall-clock time:                  2.780 seconds
==================================================================================
