
================================================================================
          _____________ ________ _______________ ________     _________         
         / ___________// ______ \\_____   _____// ______ \   / ________)        
        / /_________  / /      \ \     | |     / /      \ \ | (_______          
       |  __________|| |        | |    | |    | |        | | \________ \        
        \ \_________ | |        | |    | |     \ \______/ /___________) |       
         \__________||_|        |_|    |_|      \________//____________/        
                                                                                
====================================[ Qcore ]===================================

 Git hash:   15a3e7daff0cda5fa9af010ccd19a80288182ecf
 Git date:   Fri, 16 Apr 2021 15:57:16 +0100
 Compiler:   GNU 9.1.0
 Build type: Release
 Version:    1.1.0

 Start time: Wed Jun  2 11:50:55 2021

 Data directory: /work/zw18965/.local/qcore/share/entos/1.1.0/data
 Number of threads: 24
 Number of threads was determined by: command line argument

 --------------------------------------------------------------------------------
                                   command: dft                                  
 --------------------------------------------------------------------------------
 AO basis set:                           aug-cc-pvtz
 Number of AO basis functions:         143

 Formula:                                ClTi
 Nuclear charge:                        39.000000000
 Total charge:                           0.000000000
 Number of electrons:                   39.000000000

 Number of alpha electrons:             21
 Number of beta electrons:              18
 Number of unpaired electrons:           3
 Spin:                                   3
 Multiplicity:                           quartet

 Theory:                                 dft
 Exchange-correlation functional:        0.47 b88 + 0.73 lyp
 Method for Coulomb:                     incore_df
 Method for exact exchange:              pre_transformed_df
 Integral threshold:                     1.00e-12
 DF basis set:                           def2-tzvp-jkfit(spdfghi)
 Number of DF basis functions:         392
 Schwarz screening threshold:            1.00e-10
 Coulomb fitting method:                 Cholesky
 Total number of grid points:        15286
 Method for AO orthogonalization:        symmetric
 Threshold for linear dependence:        1.00e-08
 D3BJ dispersion energy:                -0.001648753

 -------------------------------------
  Running unrestricted open-shell SCF 
 -------------------------------------
 Max number of iterations:             128
 Conv. threshold (gradient):             1.00e-05
 Conv. threshold (energy):               1.00e-06
 Interpolation scheme:                   adiis+cdiis
 Initial guess:                          H0

 ---------------------------------------------------------------
                  energy        change          grad        time
 ---------------------------------------------------------------
   0     -1247.799749983                    6.74e+00        0.05
   1     -1242.453540267      5.35e+00      6.06e+00        0.03
   2     -1217.836754411      2.46e+01      6.52e+00        0.03
   3     -1301.305174077     -8.35e+01      3.49e+00        0.03
   4     -1304.173800076     -2.87e+00      2.73e+00        0.03
   5     -1309.171144866     -5.00e+00      2.50e-01        0.03
   6     -1309.201170773     -3.00e-02      1.89e-01        0.04
   7     -1309.196779433      4.39e-03      2.20e-01        0.03
   8     -1309.217737129     -2.10e-02      1.71e-02        0.04
   9     -1309.217940252     -2.03e-04      6.32e-03        0.04
  10     -1309.217979552     -3.93e-05      3.35e-03        0.03
  11     -1309.217986550     -7.00e-06      3.10e-03        0.03
  12     -1309.217993059     -6.51e-06      3.08e-03        0.03
  13     -1309.218000605     -7.55e-06      3.05e-03        0.03
  14     -1309.217989288      1.13e-05      3.03e-03        0.03
  15     -1309.217978333      1.10e-05      2.95e-03        0.03
  16     -1309.217938317      4.00e-05      2.65e-03        0.04
  17     -1309.217900403      3.79e-05      1.97e-03        0.03
  18     -1309.217843597      5.68e-05      2.23e-03        0.03
  19     -1309.217845020     -1.42e-06      2.57e-03        0.03
  20     -1309.217839051      5.97e-06      2.04e-03        0.03
  21     -1309.217839224     -1.73e-07      2.54e-04        0.03
  22     -1309.217838878      3.45e-07      6.05e-04        0.03
  23     -1309.217838970     -9.18e-08      2.88e-04        0.03
  24     -1309.217839007     -3.70e-08      1.81e-05        0.03
  25     -1309.217839005      2.15e-09      2.12e-05        0.03
  26     -1309.217839005     -1.14e-10      2.94e-06        0.03

 SCF converged in 26 iterations.


 --------------------------------
  Double Hybrid MP2 Contribution 
 --------------------------------
 Method:                                 pre_transformed_df
 Density-fitting basis set:              def2-tzvp-ri
 Opposite-spin scale factor:             0.270000000
 Same-spin scale factor:                 0.270000000

 Unrestricted MP2 calculation:           
 Core spatial orbitals:                 10
 Correlated alpha orbitals:             11
 Correlated beta orbitals:               8
 Virtual alpha orbitals:               122
 Virtual beta orbitals:                125

 Reference Energy:                   -1309.217839005
 Opposite spin contribution:            -0.115762935
 Same spin contribution:                -0.053261346
 Total scaled MP2 contribution:         -0.169024282

 Dipole moment (in Debye):               0.000000       0.000000      -4.401237

 Quadrupole moment (in Debye-Angstrom):
                  1            2            3
 1       -30.860762     0.000007    -0.000001
 2         0.000007   -30.860786    -0.000001
 3        -0.000001    -0.000001   -28.302295

 Spin-squared expectation <S^2>:         3.755
 Total spin quantum number S:            1.501
 TOTAL ENERGY:                       -1309.386863287

 --------------------------------------------------------------------------------

 End time:                               Wed Jun  2 11:50:58 2021
 Total wall-clock time:                  3.038 seconds
==================================================================================
