
================================================================================
          _____________ ________ _______________ ________     _________         
         / ___________// ______ \\_____   _____// ______ \   / ________)        
        / /_________  / /      \ \     | |     / /      \ \ | (_______          
       |  __________|| |        | |    | |    | |        | | \________ \        
        \ \_________ | |        | |    | |     \ \______/ /___________) |       
         \__________||_|        |_|    |_|      \________//____________/        
                                                                                
====================================[ Qcore ]===================================

 Git hash:   15a3e7daff0cda5fa9af010ccd19a80288182ecf
 Git date:   Fri, 16 Apr 2021 15:57:16 +0100
 Compiler:   GNU 9.1.0
 Build type: Release
 Version:    1.1.0

 Start time: Wed Jun  2 11:51:11 2021

 Data directory: /work/zw18965/.local/qcore/share/entos/1.1.0/data
 Number of threads: 24
 Number of threads was determined by: command line argument

 --------------------------------------------------------------------------------
                                   command: dft                                  
 --------------------------------------------------------------------------------
 AO basis set:                           aug-cc-pvtz
 Number of AO basis functions:         139

 Formula:                                FV
 Nuclear charge:                        32.000000000
 Total charge:                           0.000000000
 Number of electrons:                   32.000000000

 Number of alpha electrons:             18
 Number of beta electrons:              14
 Number of unpaired electrons:           4
 Spin:                                   4
 Multiplicity:                           quintet

 Theory:                                 dft
 Exchange-correlation functional:        0.47 b88 + 0.73 lyp
 Method for Coulomb:                     incore_df
 Method for exact exchange:              pre_transformed_df
 Integral threshold:                     1.00e-12
 DF basis set:                           def2-tzvp-jkfit(spdfghi)
 Number of DF basis functions:         341
 Schwarz screening threshold:            1.00e-10
 Coulomb fitting method:                 Cholesky
 Total number of grid points:        14664
 Method for AO orthogonalization:        symmetric
 Threshold for linear dependence:        1.00e-08
 D3BJ dispersion energy:                -0.000508721

 -------------------------------------
  Running unrestricted open-shell SCF 
 -------------------------------------
 Max number of iterations:             128
 Conv. threshold (gradient):             1.00e-05
 Conv. threshold (energy):               1.00e-06
 Interpolation scheme:                   adiis+cdiis
 Initial guess:                          H0

 ---------------------------------------------------------------
                  energy        change          grad        time
 ---------------------------------------------------------------
   0      -959.025108299                    1.73e+01        0.04
   1      -953.361487277      5.66e+00      8.92e+00        0.03
   2      -977.476271569     -2.41e+01      7.16e+00        0.03
   3     -1039.640789776     -6.22e+01      3.84e+00        0.03
   4     -1026.254458692      1.34e+01      5.11e+00        0.03
   5     -1043.143927955     -1.69e+01      1.02e+00        0.03
   6     -1042.650199095      4.94e-01      1.25e+00        0.03
   7     -1043.430527584     -7.80e-01      2.43e-01        0.03
   8     -1043.436185136     -5.66e-03      2.64e-01        0.03
   9     -1043.457253441     -2.11e-02      8.79e-02        0.03
  10     -1043.461062487     -3.81e-03      9.07e-02        0.04
  11     -1043.467083719     -6.02e-03      3.86e-02        0.03
  12     -1043.468763998     -1.68e-03      1.59e-02        0.03
  13     -1043.468889404     -1.25e-04      7.89e-03        0.03
  14     -1043.468982576     -9.32e-05      1.92e-03        0.03
  15     -1043.468986333     -3.76e-06      1.44e-03        0.04
  16     -1043.468988697     -2.36e-06      9.62e-04        0.03
  17     -1043.468990201     -1.50e-06      4.68e-04        0.03
  18     -1043.468990624     -4.23e-07      7.91e-05        0.03
  19     -1043.468990637     -1.27e-08      2.21e-05        0.03
  20     -1043.468990637     -8.13e-10      5.03e-06        0.03

 SCF converged in 20 iterations.


 --------------------------------
  Double Hybrid MP2 Contribution 
 --------------------------------
 Method:                                 pre_transformed_df
 Density-fitting basis set:              def2-tzvp-ri
 Opposite-spin scale factor:             0.270000000
 Same-spin scale factor:                 0.270000000

 Unrestricted MP2 calculation:           
 Core spatial orbitals:                  6
 Correlated alpha orbitals:             12
 Correlated beta orbitals:               8
 Virtual alpha orbitals:               121
 Virtual beta orbitals:                125

 Reference Energy:                   -1043.468990637
 Opposite spin contribution:            -0.138597613
 Same spin contribution:                -0.063604981
 Total scaled MP2 contribution:         -0.202202593

 Dipole moment (in Debye):               0.000000       0.000000      -3.347212

 Quadrupole moment (in Debye-Angstrom):
                  1            2            3
 1       -20.905387    -0.000000    -0.000000
 2        -0.000000   -20.905380    -0.000000
 3        -0.000000    -0.000000   -26.501100

 Spin-squared expectation <S^2>:         6.004
 Total spin quantum number S:            2.001
 TOTAL ENERGY:                       -1043.671193231

 --------------------------------------------------------------------------------

 End time:                               Wed Jun  2 11:51:14 2021
 Total wall-clock time:                  3.068 seconds
==================================================================================
