
================================================================================
          _____________ ________ _______________ ________     _________         
         / ___________// ______ \\_____   _____// ______ \   / ________)        
        / /_________  / /      \ \     | |     / /      \ \ | (_______          
       |  __________|| |        | |    | |    | |        | | \________ \        
        \ \_________ | |        | |    | |     \ \______/ /___________) |       
         \__________||_|        |_|    |_|      \________//____________/        
                                                                                
====================================[ Qcore ]===================================

 Git hash:   15a3e7daff0cda5fa9af010ccd19a80288182ecf
 Git date:   Fri, 16 Apr 2021 15:57:16 +0100
 Compiler:   GNU 9.1.0
 Build type: Release
 Version:    1.1.0

 Start time: Wed Jun  2 11:51:25 2021

 Data directory: /work/zw18965/.local/qcore/share/entos/1.1.0/data
 Number of threads: 24
 Number of threads was determined by: command line argument

 --------------------------------------------------------------------------------
                                   command: dft                                  
 --------------------------------------------------------------------------------
 AO basis set:                           aug-cc-pvtz
 Number of AO basis functions:         143

 Formula:                                SV
 Nuclear charge:                        39.000000000
 Total charge:                           0.000000000
 Number of electrons:                   39.000000000

 Number of alpha electrons:             21
 Number of beta electrons:              18
 Number of unpaired electrons:           3
 Spin:                                   3
 Multiplicity:                           quartet

 Theory:                                 dft
 Exchange-correlation functional:        0.47 b88 + 0.73 lyp
 Method for Coulomb:                     incore_df
 Method for exact exchange:              pre_transformed_df
 Integral threshold:                     1.00e-12
 DF basis set:                           def2-tzvp-jkfit(spdfghi)
 Number of DF basis functions:         392
 Schwarz screening threshold:            1.00e-10
 Coulomb fitting method:                 Cholesky
 Total number of grid points:        15202
 Method for AO orthogonalization:        symmetric
 Threshold for linear dependence:        1.00e-08
 D3BJ dispersion energy:                -0.002056034

 -------------------------------------
  Running unrestricted open-shell SCF 
 -------------------------------------
 Max number of iterations:             128
 Conv. threshold (gradient):             1.00e-05
 Conv. threshold (energy):               1.00e-06
 Interpolation scheme:                   adiis+cdiis
 Initial guess:                          H0

 ---------------------------------------------------------------
                  energy        change          grad        time
 ---------------------------------------------------------------
   0     -1271.402462782                    1.49e+01        0.05
   1     -1262.817819323      8.58e+00      6.70e+00        0.03
   2     -1172.283305501      9.05e+01      1.25e+01        0.03
   3     -1323.886430994     -1.52e+02      7.46e+00        0.03
   4     -1336.394721266     -1.25e+01      3.73e+00        0.03
   5     -1340.398671909     -4.00e+00      2.04e+00        0.03
   6     -1341.244372429     -8.46e-01      1.28e+00        0.04
   7     -1341.646477126     -4.02e-01      3.43e-01        0.03
   8     -1341.633141800      1.33e-02      5.49e-01        0.04
   9     -1341.701243852     -6.81e-02      7.09e-02        0.04
  10     -1341.703952615     -2.71e-03      6.63e-02        0.04
  11     -1341.705737701     -1.79e-03      1.86e-02        0.03
  12     -1341.706266986     -5.29e-04      1.02e-02        0.03
  13     -1341.706330982     -6.40e-05      2.57e-03        0.03
  14     -1341.706336134     -5.15e-06      9.52e-04        0.03
  15     -1341.706336711     -5.77e-07      5.31e-04        0.03
  16     -1341.706336945     -2.34e-07      2.38e-04        0.03
  17     -1341.706337077     -1.32e-07      1.26e-04        0.04
  18     -1341.706337118     -4.11e-08      3.29e-05        0.03
  19     -1341.706337120     -1.85e-09      1.60e-05        0.03
  20     -1341.706337120     -5.69e-10      1.09e-05        0.03
  21     -1341.706337120     -2.93e-10      5.91e-06        0.03

 SCF converged in 21 iterations.


 --------------------------------
  Double Hybrid MP2 Contribution 
 --------------------------------
 Method:                                 pre_transformed_df
 Density-fitting basis set:              def2-tzvp-ri
 Opposite-spin scale factor:             0.270000000
 Same-spin scale factor:                 0.270000000

 Unrestricted MP2 calculation:           
 Core spatial orbitals:                 10
 Correlated alpha orbitals:             11
 Correlated beta orbitals:               8
 Virtual alpha orbitals:               122
 Virtual beta orbitals:                125

 Reference Energy:                   -1341.706337120
 Opposite spin contribution:            -0.135224994
 Same spin contribution:                -0.070484452
 Total scaled MP2 contribution:         -0.205709446

 Dipole moment (in Debye):               0.000001       0.000001      -6.971168

 Quadrupole moment (in Debye-Angstrom):
                  1            2            3
 1       -30.071557     0.000003    -0.000001
 2         0.000003   -30.071557    -0.000001
 3        -0.000001    -0.000001   -24.871658

 Spin-squared expectation <S^2>:         3.899
 Total spin quantum number S:            1.537
 TOTAL ENERGY:                       -1341.912046566

 --------------------------------------------------------------------------------

 End time:                               Wed Jun  2 11:51:28 2021
 Total wall-clock time:                  3.068 seconds
==================================================================================
