
================================================================================
          _____________ ________ _______________ ________     _________         
         / ___________// ______ \\_____   _____// ______ \   / ________)        
        / /_________  / /      \ \     | |     / /      \ \ | (_______          
       |  __________|| |        | |    | |    | |        | | \________ \        
        \ \_________ | |        | |    | |     \ \______/ /___________) |       
         \__________||_|        |_|    |_|      \________//____________/        
                                                                                
====================================[ Qcore ]===================================

 Git hash:   15a3e7daff0cda5fa9af010ccd19a80288182ecf
 Git date:   Fri, 16 Apr 2021 15:57:16 +0100
 Compiler:   GNU 9.1.0
 Build type: Release
 Version:    1.1.0

 Start time: Wed Jun  2 11:51:40 2021

 Data directory: /work/zw18965/.local/qcore/share/entos/1.1.0/data
 Number of threads: 24
 Number of threads was determined by: command line argument

 --------------------------------------------------------------------------------
                                   command: dft                                  
 --------------------------------------------------------------------------------
 AO basis set:                           aug-cc-pvtz
 Number of AO basis functions:         139

 Formula:                                OCr
 Nuclear charge:                        32.000000000
 Total charge:                           0.000000000
 Number of electrons:                   32.000000000

 Number of alpha electrons:             18
 Number of beta electrons:              14
 Number of unpaired electrons:           4
 Spin:                                   4
 Multiplicity:                           quintet

 Theory:                                 dft
 Exchange-correlation functional:        0.47 b88 + 0.73 lyp
 Method for Coulomb:                     incore_df
 Method for exact exchange:              pre_transformed_df
 Integral threshold:                     1.00e-12
 DF basis set:                           def2-tzvp-jkfit(spdfghi)
 Number of DF basis functions:         341
 Schwarz screening threshold:            1.00e-10
 Coulomb fitting method:                 Cholesky
 Total number of grid points:        14772
 Method for AO orthogonalization:        symmetric
 Threshold for linear dependence:        1.00e-08
 D3BJ dispersion energy:                -0.000659129

 -------------------------------------
  Running unrestricted open-shell SCF 
 -------------------------------------
 Max number of iterations:             128
 Conv. threshold (gradient):             1.00e-05
 Conv. threshold (energy):               1.00e-06
 Interpolation scheme:                   adiis+cdiis
 Initial guess:                          H0

 ---------------------------------------------------------------
                  energy        change          grad        time
 ---------------------------------------------------------------
   0     -1019.964081825                    1.61e+01        0.03
   1     -1021.291174749     -1.33e+00      9.24e+00        0.03
   2     -1060.200729183     -3.89e+01      1.01e+01        0.03
   3     -1114.805732132     -5.46e+01      4.37e+00        0.03
   4     -1102.366096151      1.24e+01      1.07e+01        0.03
   5     -1118.930924803     -1.66e+01      1.05e+00        0.03
   6     -1118.071635424      8.59e-01      2.09e+00        0.03
   7     -1119.157502752     -1.09e+00      3.02e-01        0.03
   8     -1119.155982233      1.52e-03      3.14e-01        0.04
   9     -1119.194414508     -3.84e-02      5.96e-02        0.04
  10     -1119.194601146     -1.87e-04      9.51e-02        0.04
  11     -1119.196105202     -1.50e-03      2.88e-02        0.03
  12     -1119.196933213     -8.28e-04      1.46e-02        0.03
  13     -1119.197253388     -3.20e-04      6.47e-03        0.03
  14     -1119.197327574     -7.42e-05      5.28e-03        0.03
  15     -1119.197364330     -3.68e-05      1.85e-03        0.03
  16     -1119.197369312     -4.98e-06      9.79e-04        0.03
  17     -1119.197371110     -1.80e-06      1.01e-03        0.03
  18     -1119.197372076     -9.66e-07      1.04e-03        0.03
  19     -1119.197366880      5.20e-06      8.73e-04        0.03
  20     -1119.197356743      1.01e-05      5.45e-04        0.03
  21     -1119.197356330      4.13e-07      2.62e-04        0.03
  22     -1119.197355882      4.48e-07      8.84e-05        0.03
  23     -1119.197355876      6.31e-09      1.97e-05        0.03
  24     -1119.197355876      9.09e-12      1.12e-05        0.03
  25     -1119.197355876     -3.39e-11      9.22e-06        0.03

 SCF converged in 25 iterations.


 --------------------------------
  Double Hybrid MP2 Contribution 
 --------------------------------
 Method:                                 pre_transformed_df
 Density-fitting basis set:              def2-tzvp-ri
 Opposite-spin scale factor:             0.270000000
 Same-spin scale factor:                 0.270000000

 Unrestricted MP2 calculation:           
 Core spatial orbitals:                  6
 Correlated alpha orbitals:             12
 Correlated beta orbitals:               8
 Virtual alpha orbitals:               121
 Virtual beta orbitals:                125

 Reference Energy:                   -1119.197355876
 Opposite spin contribution:            -0.164188666
 Same spin contribution:                -0.079824866
 Total scaled MP2 contribution:         -0.244013533

 Dipole moment (in Debye):               0.000008       0.000012      -4.738969

 Quadrupole moment (in Debye-Angstrom):
                  1            2            3
 1       -20.778678    -0.000043    -0.000006
 2        -0.000043   -20.778576    -0.000008
 3        -0.000006    -0.000008   -25.184798

 Spin-squared expectation <S^2>:         6.153
 Total spin quantum number S:            2.030
 TOTAL ENERGY:                       -1119.441369409

 --------------------------------------------------------------------------------

 End time:                               Wed Jun  2 11:51:43 2021
 Total wall-clock time:                  3.041 seconds
==================================================================================
