
================================================================================
          _____________ ________ _______________ ________     _________         
         / ___________// ______ \\_____   _____// ______ \   / ________)        
        / /_________  / /      \ \     | |     / /      \ \ | (_______          
       |  __________|| |        | |    | |    | |        | | \________ \        
        \ \_________ | |        | |    | |     \ \______/ /___________) |       
         \__________||_|        |_|    |_|      \________//____________/        
                                                                                
====================================[ Qcore ]===================================

 Git hash:   15a3e7daff0cda5fa9af010ccd19a80288182ecf
 Git date:   Fri, 16 Apr 2021 15:57:16 +0100
 Compiler:   GNU 9.1.0
 Build type: Release
 Version:    1.1.0

 Start time: Wed Jun  2 11:51:43 2021

 Data directory: /work/zw18965/.local/qcore/share/entos/1.1.0/data
 Number of threads: 24
 Number of threads was determined by: command line argument

 --------------------------------------------------------------------------------
                                   command: dft                                  
 --------------------------------------------------------------------------------
 AO basis set:                           aug-cc-pvtz
 Number of AO basis functions:         143

 Formula:                                SCr
 Nuclear charge:                        40.000000000
 Total charge:                           0.000000000
 Number of electrons:                   40.000000000

 Number of alpha electrons:             22
 Number of beta electrons:              18
 Number of unpaired electrons:           4
 Spin:                                   4
 Multiplicity:                           quintet

 Theory:                                 dft
 Exchange-correlation functional:        0.47 b88 + 0.73 lyp
 Method for Coulomb:                     incore_df
 Method for exact exchange:              pre_transformed_df
 Integral threshold:                     1.00e-12
 DF basis set:                           def2-tzvp-jkfit(spdfghi)
 Number of DF basis functions:         392
 Schwarz screening threshold:            1.00e-10
 Coulomb fitting method:                 Cholesky
 Total number of grid points:        15178
 Method for AO orthogonalization:        symmetric
 Threshold for linear dependence:        1.00e-08
 D3BJ dispersion energy:                -0.001852373

 -------------------------------------
  Running unrestricted open-shell SCF 
 -------------------------------------
 Max number of iterations:             128
 Conv. threshold (gradient):             1.00e-05
 Conv. threshold (energy):               1.00e-06
 Interpolation scheme:                   adiis+cdiis
 Initial guess:                          H0

 ---------------------------------------------------------------
                  energy        change          grad        time
 ---------------------------------------------------------------
   0     -1343.066648880                    1.51e+01        0.05
   1     -1336.725117617      6.34e+00      7.72e+00        0.03
   2     -1202.070130003      1.35e+02      1.46e+01        0.03
   3     -1421.860869891     -2.20e+02      6.65e+00        0.04
   4     -1432.956991028     -1.11e+01      4.96e+00        0.03
   5     -1441.743646034     -8.79e+00      8.59e-01        0.04
   6     -1441.294554014      4.49e-01      1.88e+00        0.03
   7     -1442.141587086     -8.47e-01      2.34e-01        0.04
   8     -1442.121017477      2.06e-02      3.97e-01        0.04
   9     -1442.169421965     -4.84e-02      6.67e-02        0.04
  10     -1442.169901048     -4.79e-04      1.22e-01        0.04
  11     -1442.175556337     -5.66e-03      3.71e-02        0.03
  12     -1442.177537104     -1.98e-03      2.90e-02        0.04
  13     -1442.179669901     -2.13e-03      2.49e-02        0.03
  14     -1442.180937486     -1.27e-03      2.72e-02        0.04
  15     -1442.183183944     -2.25e-03      1.61e-02        0.03
  16     -1442.183991827     -8.08e-04      6.47e-03        0.04
  17     -1442.183893676      9.82e-05      1.26e-02        0.03
  18     -1442.183965638     -7.20e-05      1.13e-02        0.03
  19     -1442.184037237     -7.16e-05      4.89e-03        0.04
  20     -1442.184057644     -2.04e-05      1.10e-03        0.03
  21     -1442.184059089     -1.45e-06      5.62e-04        0.03
  22     -1442.184059304     -2.15e-07      1.75e-04        0.04
  23     -1442.184059313     -8.58e-09      1.20e-04        0.03
  24     -1442.184059321     -7.96e-09      3.96e-05        0.03
  25     -1442.184059321     -4.96e-10      1.76e-05        0.03
  26     -1442.184059321     -2.16e-10      2.58e-06        0.03

 SCF converged in 26 iterations.


 --------------------------------
  Double Hybrid MP2 Contribution 
 --------------------------------
 Method:                                 pre_transformed_df
 Density-fitting basis set:              def2-tzvp-ri
 Opposite-spin scale factor:             0.270000000
 Same-spin scale factor:                 0.270000000

 Unrestricted MP2 calculation:           
 Core spatial orbitals:                 10
 Correlated alpha orbitals:             12
 Correlated beta orbitals:               8
 Virtual alpha orbitals:               121
 Virtual beta orbitals:                125

 Reference Energy:                   -1442.184059321
 Opposite spin contribution:            -0.128315223
 Same spin contribution:                -0.079432708
 Total scaled MP2 contribution:         -0.207747931

 Dipole moment (in Debye):              -0.000000      -0.000000      -5.572045

 Quadrupole moment (in Debye-Angstrom):
                  1            2            3
 1       -27.293283     0.049658     0.000000
 2         0.049658   -30.350546     0.000001
 3         0.000000     0.000001   -26.272667

 Spin-squared expectation <S^2>:         6.743
 Total spin quantum number S:            2.144
 TOTAL ENERGY:                       -1442.391807252

 --------------------------------------------------------------------------------

 End time:                               Wed Jun  2 11:51:47 2021
 Total wall-clock time:                  3.460 seconds
==================================================================================
