
================================================================================
          _____________ ________ _______________ ________     _________         
         / ___________// ______ \\_____   _____// ______ \   / ________)        
        / /_________  / /      \ \     | |     / /      \ \ | (_______          
       |  __________|| |        | |    | |    | |        | | \________ \        
        \ \_________ | |        | |    | |     \ \______/ /___________) |       
         \__________||_|        |_|    |_|      \________//____________/        
                                                                                
====================================[ Qcore ]===================================

 Git hash:   15a3e7daff0cda5fa9af010ccd19a80288182ecf
 Git date:   Fri, 16 Apr 2021 15:57:16 +0100
 Compiler:   GNU 9.1.0
 Build type: Release
 Version:    1.1.0

 Start time: Wed Jun  2 11:51:49 2021

 Data directory: /work/zw18965/.local/qcore/share/entos/1.1.0/data
 Number of threads: 24
 Number of threads was determined by: command line argument

 --------------------------------------------------------------------------------
                                   command: dft                                  
 --------------------------------------------------------------------------------
 AO basis set:                           aug-cc-pvtz
 Number of AO basis functions:         139

 Formula:                                FMn
 Nuclear charge:                        34.000000000
 Total charge:                           0.000000000
 Number of electrons:                   34.000000000

 Number of alpha electrons:             20
 Number of beta electrons:              14
 Number of unpaired electrons:           6
 Spin:                                   6
 Multiplicity:                           octet

 Theory:                                 dft
 Exchange-correlation functional:        0.47 b88 + 0.73 lyp
 Method for Coulomb:                     incore_df
 Method for exact exchange:              pre_transformed_df
 Integral threshold:                     1.00e-12
 DF basis set:                           def2-tzvp-jkfit(spdfghi)
 Number of DF basis functions:         341
 Schwarz screening threshold:            1.00e-10
 Coulomb fitting method:                 Cholesky
 Total number of grid points:        14748
 Method for AO orthogonalization:        symmetric
 Threshold for linear dependence:        1.00e-08
 D3BJ dispersion energy:                -0.000422674

 -------------------------------------
  Running unrestricted open-shell SCF 
 -------------------------------------
 Max number of iterations:             128
 Conv. threshold (gradient):             1.00e-05
 Conv. threshold (energy):               1.00e-06
 Interpolation scheme:                   adiis+cdiis
 Initial guess:                          H0

 ---------------------------------------------------------------
                  energy        change          grad        time
 ---------------------------------------------------------------
   0     -1110.732418957                    1.51e+01        0.04
   1     -1117.211479998     -6.48e+00      9.94e+00        0.03
   2     -1172.693301910     -5.55e+01      1.16e+01        0.03
   3     -1243.428895300     -7.07e+01      5.16e+00        0.03
   4     -1233.139327290      1.03e+01      5.32e+00        0.03
   5     -1250.105863353     -1.70e+01      1.20e+00        0.03
   6     -1249.308522741      7.97e-01      2.33e+00        0.03
   7     -1250.468017746     -1.16e+00      3.12e-01        0.03
   8     -1250.469753131     -1.74e-03      2.93e-01        0.04
   9     -1250.498347464     -2.86e-02      4.39e-02        0.03
  10     -1250.498289339      5.81e-05      4.88e-02        0.04
  11     -1250.498797755     -5.08e-04      3.60e-03        0.03
  12     -1250.498804921     -7.17e-06      1.18e-03        0.03
  13     -1250.498805417     -4.96e-07      3.16e-04        0.03
  14     -1250.498805472     -5.48e-08      7.04e-05        0.03
  15     -1250.498805476     -4.16e-09      2.35e-05        0.03
  16     -1250.498805476     -3.26e-10      3.78e-06        0.03

 SCF converged in 16 iterations.


 --------------------------------
  Double Hybrid MP2 Contribution 
 --------------------------------
 Method:                                 pre_transformed_df
 Density-fitting basis set:              def2-tzvp-ri
 Opposite-spin scale factor:             0.270000000
 Same-spin scale factor:                 0.270000000

 Unrestricted MP2 calculation:           
 Core spatial orbitals:                  6
 Correlated alpha orbitals:             14
 Correlated beta orbitals:               8
 Virtual alpha orbitals:               119
 Virtual beta orbitals:                125

 Reference Energy:                   -1250.498805476
 Opposite spin contribution:            -0.148134242
 Same spin contribution:                -0.080149194
 Total scaled MP2 contribution:         -0.228283435

 Dipole moment (in Debye):               0.000000       0.000000      -2.793188

 Quadrupole moment (in Debye-Angstrom):
                  1            2            3
 1       -19.385229     0.000000     0.000000
 2         0.000000   -19.385229     0.000000
 3         0.000000     0.000000   -28.290812

 Spin-squared expectation <S^2>:        12.003
 Total spin quantum number S:            3.000
 TOTAL ENERGY:                       -1250.727088911

 --------------------------------------------------------------------------------

 End time:                               Wed Jun  2 11:51:52 2021
 Total wall-clock time:                  2.847 seconds
==================================================================================
