
================================================================================
          _____________ ________ _______________ ________     _________         
         / ___________// ______ \\_____   _____// ______ \   / ________)        
        / /_________  / /      \ \     | |     / /      \ \ | (_______          
       |  __________|| |        | |    | |    | |        | | \________ \        
        \ \_________ | |        | |    | |     \ \______/ /___________) |       
         \__________||_|        |_|    |_|      \________//____________/        
                                                                                
====================================[ Qcore ]===================================

 Git hash:   15a3e7daff0cda5fa9af010ccd19a80288182ecf
 Git date:   Fri, 16 Apr 2021 15:57:16 +0100
 Compiler:   GNU 9.1.0
 Build type: Release
 Version:    1.1.0

 Start time: Wed Jun  2 11:51:59 2021

 Data directory: /work/zw18965/.local/qcore/share/entos/1.1.0/data
 Number of threads: 24
 Number of threads was determined by: command line argument

 --------------------------------------------------------------------------------
                                   command: dft                                  
 --------------------------------------------------------------------------------
 AO basis set:                           aug-cc-pvtz
 Number of AO basis functions:         139

 Formula:                                OMn
 Nuclear charge:                        33.000000000
 Total charge:                           0.000000000
 Number of electrons:                   33.000000000

 Number of alpha electrons:             19
 Number of beta electrons:              14
 Number of unpaired electrons:           5
 Spin:                                   5
 Multiplicity:                           septet

 Theory:                                 dft
 Exchange-correlation functional:        0.47 b88 + 0.73 lyp
 Method for Coulomb:                     incore_df
 Method for exact exchange:              pre_transformed_df
 Integral threshold:                     1.00e-12
 DF basis set:                           def2-tzvp-jkfit(spdfghi)
 Number of DF basis functions:         341
 Schwarz screening threshold:            1.00e-10
 Coulomb fitting method:                 Cholesky
 Total number of grid points:        14880
 Method for AO orthogonalization:        symmetric
 Threshold for linear dependence:        1.00e-08
 D3BJ dispersion energy:                -0.000591909

 -------------------------------------
  Running unrestricted open-shell SCF 
 -------------------------------------
 Max number of iterations:             128
 Conv. threshold (gradient):             1.00e-05
 Conv. threshold (energy):               1.00e-06
 Interpolation scheme:                   adiis+cdiis
 Initial guess:                          H0

 ---------------------------------------------------------------
                  energy        change          grad        time
 ---------------------------------------------------------------
   0     -1108.359811720                    2.05e+01        0.03
   1     -1111.436005036     -3.08e+00      9.31e+00        0.03
   2     -1162.396610035     -5.10e+01      1.24e+01        0.03
   3     -1220.844569187     -5.84e+01      4.60e+00        0.03
   4     -1206.383300035      1.45e+01      5.60e+00        0.03
   5     -1225.433216562     -1.90e+01      9.27e-01        0.03
   6     -1224.730231698      7.03e-01      1.77e+00        0.03
   7     -1225.722608384     -9.92e-01      5.32e-01        0.03
   8     -1225.568158853      1.54e-01      8.59e-01        0.03
   9     -1225.766057205     -1.98e-01      1.63e-01        0.04
  10     -1225.767634086     -1.58e-03      1.84e-01        0.04
  11     -1225.777049458     -9.42e-03      3.68e-02        0.04
  12     -1225.777609699     -5.60e-04      8.33e-02        0.04
  13     -1225.780803229     -3.19e-03      1.90e-02        0.03
  14     -1225.781843974     -1.04e-03      1.11e-02        0.03
  15     -1225.781976913     -1.33e-04      3.15e-03        0.03
  16     -1225.781986475     -9.56e-06      1.23e-03        0.03
  17     -1225.781987251     -7.76e-07      9.28e-04        0.03
  18     -1225.781987943     -6.92e-07      1.38e-04        0.04
  19     -1225.781987959     -1.61e-08      3.22e-05        0.03
  20     -1225.781987960     -9.62e-10      2.33e-05        0.03
  21     -1225.781987961     -1.13e-09      6.25e-06        0.03

 SCF converged in 21 iterations.


 --------------------------------
  Double Hybrid MP2 Contribution 
 --------------------------------
 Method:                                 pre_transformed_df
 Density-fitting basis set:              def2-tzvp-ri
 Opposite-spin scale factor:             0.270000000
 Same-spin scale factor:                 0.270000000

 Unrestricted MP2 calculation:           
 Core spatial orbitals:                  6
 Correlated alpha orbitals:             13
 Correlated beta orbitals:               8
 Virtual alpha orbitals:               120
 Virtual beta orbitals:                125

 Reference Energy:                   -1225.781987961
 Opposite spin contribution:            -0.160348823
 Same spin contribution:                -0.087193550
 Total scaled MP2 contribution:         -0.247542373

 Dipole moment (in Debye):              -0.000000      -0.000000      -4.609411

 Quadrupole moment (in Debye-Angstrom):
                  1            2            3
 1       -20.160015    -0.000000    -0.000000
 2        -0.000000   -20.160015    -0.000000
 3        -0.000000    -0.000000   -23.942990

 Spin-squared expectation <S^2>:         9.095
 Total spin quantum number S:            2.557
 TOTAL ENERGY:                       -1226.029530334

 --------------------------------------------------------------------------------

 End time:                               Wed Jun  2 11:52:02 2021
 Total wall-clock time:                  3.063 seconds
==================================================================================
