
================================================================================
          _____________ ________ _______________ ________     _________         
         / ___________// ______ \\_____   _____// ______ \   / ________)        
        / /_________  / /      \ \     | |     / /      \ \ | (_______          
       |  __________|| |        | |    | |    | |        | | \________ \        
        \ \_________ | |        | |    | |     \ \______/ /___________) |       
         \__________||_|        |_|    |_|      \________//____________/        
                                                                                
====================================[ Qcore ]===================================

 Git hash:   15a3e7daff0cda5fa9af010ccd19a80288182ecf
 Git date:   Fri, 16 Apr 2021 15:57:16 +0100
 Compiler:   GNU 9.1.0
 Build type: Release
 Version:    1.1.0

 Start time: Wed Jun  2 11:52:23 2021

 Data directory: /work/zw18965/.local/qcore/share/entos/1.1.0/data
 Number of threads: 24
 Number of threads was determined by: command line argument

 --------------------------------------------------------------------------------
                                   command: dft                                  
 --------------------------------------------------------------------------------
 AO basis set:                           aug-cc-pvtz
 Number of AO basis functions:         143

 Formula:                                SFe
 Nuclear charge:                        42.000000000
 Total charge:                           0.000000000
 Number of electrons:                   42.000000000

 Number of alpha electrons:             23
 Number of beta electrons:              19
 Number of unpaired electrons:           4
 Spin:                                   4
 Multiplicity:                           quintet

 Theory:                                 dft
 Exchange-correlation functional:        0.47 b88 + 0.73 lyp
 Method for Coulomb:                     incore_df
 Method for exact exchange:              pre_transformed_df
 Integral threshold:                     1.00e-12
 DF basis set:                           def2-tzvp-jkfit(spdfghi)
 Number of DF basis functions:         392
 Schwarz screening threshold:            1.00e-10
 Coulomb fitting method:                 Cholesky
 Total number of grid points:        15286
 Method for AO orthogonalization:        symmetric
 Threshold for linear dependence:        1.00e-08
 D3BJ dispersion energy:                -0.001513382

 -------------------------------------
  Running unrestricted open-shell SCF 
 -------------------------------------
 Max number of iterations:             128
 Conv. threshold (gradient):             1.00e-05
 Conv. threshold (energy):               1.00e-06
 Interpolation scheme:                   adiis+cdiis
 Initial guess:                          H0

 ---------------------------------------------------------------
                  energy        change          grad        time
 ---------------------------------------------------------------
   0     -1529.028838953                    1.96e+01        0.05
   1     -1519.859266524      9.17e+00      8.95e+00        0.03
   2     -1400.676416711      1.19e+02      1.66e+01        0.03
   3     -1640.722641662     -2.40e+02      7.24e+00        0.03
   4     -1642.943588065     -2.22e+00      6.05e+00        0.04
   5     -1660.777035929     -1.78e+01      9.82e-01        0.03
   6     -1658.056205149      2.72e+00      2.88e+00        0.03
   7     -1661.282695019     -3.23e+00      3.87e-01        0.03
   8     -1661.292220578     -9.53e-03      4.70e-01        0.04
   9     -1661.370660315     -7.84e-02      6.92e-02        0.04
  10     -1661.371882639     -1.22e-03      5.89e-02        0.04
  11     -1661.373447349     -1.56e-03      2.48e-02        0.03
  12     -1661.373916917     -4.70e-04      1.26e-02        0.03
  13     -1661.374115830     -1.99e-04      8.16e-03        0.04
  14     -1661.374183777     -6.79e-05      2.53e-03        0.03
  15     -1661.374196218     -1.24e-05      1.12e-03        0.03
  16     -1661.374200004     -3.79e-06      6.11e-04        0.03
  17     -1661.374200649     -6.45e-07      3.04e-04        0.03
  18     -1661.374200821     -1.73e-07      1.98e-04        0.03
  19     -1661.374200891     -6.92e-08      5.02e-05        0.03
  20     -1661.374200894     -3.46e-09      9.56e-06        0.03

 SCF converged in 20 iterations.


 --------------------------------
  Double Hybrid MP2 Contribution 
 --------------------------------
 Method:                                 pre_transformed_df
 Density-fitting basis set:              def2-tzvp-ri
 Opposite-spin scale factor:             0.270000000
 Same-spin scale factor:                 0.270000000

 Unrestricted MP2 calculation:           
 Core spatial orbitals:                 10
 Correlated alpha orbitals:             13
 Correlated beta orbitals:               9
 Virtual alpha orbitals:               120
 Virtual beta orbitals:                124

 Reference Energy:                   -1661.374200894
 Opposite spin contribution:            -0.164192919
 Same spin contribution:                -0.082328865
 Total scaled MP2 contribution:         -0.246521784

 Dipole moment (in Debye):              -0.000000      -0.000000      -6.403986

 Quadrupole moment (in Debye-Angstrom):
                  1            2            3
 1       -29.403532    -0.592077     0.000001
 2        -0.592077   -29.403027     0.000001
 3         0.000001     0.000001   -26.559500

 Spin-squared expectation <S^2>:         6.143
 Total spin quantum number S:            2.028
 TOTAL ENERGY:                       -1661.620722678

 --------------------------------------------------------------------------------

 End time:                               Wed Jun  2 11:52:26 2021
 Total wall-clock time:                  3.074 seconds
==================================================================================
