
================================================================================
          _____________ ________ _______________ ________     _________         
         / ___________// ______ \\_____   _____// ______ \   / ________)        
        / /_________  / /      \ \     | |     / /      \ \ | (_______          
       |  __________|| |        | |    | |    | |        | | \________ \        
        \ \_________ | |        | |    | |     \ \______/ /___________) |       
         \__________||_|        |_|    |_|      \________//____________/        
                                                                                
====================================[ Qcore ]===================================

 Git hash:   15a3e7daff0cda5fa9af010ccd19a80288182ecf
 Git date:   Fri, 16 Apr 2021 15:57:16 +0100
 Compiler:   GNU 9.1.0
 Build type: Release
 Version:    1.1.0

 Start time: Wed Jun  2 11:52:30 2021

 Data directory: /work/zw18965/.local/qcore/share/entos/1.1.0/data
 Number of threads: 24
 Number of threads was determined by: command line argument

 --------------------------------------------------------------------------------
                                   command: dft                                  
 --------------------------------------------------------------------------------
 AO basis set:                           aug-cc-pvtz
 Number of AO basis functions:         139

 Formula:                                FCo
 Nuclear charge:                        36.000000000
 Total charge:                           0.000000000
 Number of electrons:                   36.000000000

 Number of alpha electrons:             19
 Number of beta electrons:              17
 Number of unpaired electrons:           2
 Spin:                                   2
 Multiplicity:                           triplet

 Theory:                                 dft
 Exchange-correlation functional:        0.47 b88 + 0.73 lyp
 Method for Coulomb:                     incore_df
 Method for exact exchange:              pre_transformed_df
 Integral threshold:                     1.00e-12
 DF basis set:                           def2-tzvp-jkfit(spdfghi)
 Number of DF basis functions:         341
 Schwarz screening threshold:            1.00e-10
 Coulomb fitting method:                 Cholesky
 Total number of grid points:        14748
 Method for AO orthogonalization:        symmetric
 Threshold for linear dependence:        1.00e-08
 D3BJ dispersion energy:                -0.000397704

 -------------------------------------
  Running unrestricted open-shell SCF 
 -------------------------------------
 Max number of iterations:             128
 Conv. threshold (gradient):             1.00e-05
 Conv. threshold (energy):               1.00e-06
 Interpolation scheme:                   adiis+cdiis
 Initial guess:                          H0

 ---------------------------------------------------------------
                  energy        change          grad        time
 ---------------------------------------------------------------
   0     -1300.971819726                    1.60e+01        0.04
   1     -1302.460580178     -1.49e+00      1.08e+01        0.03
   2     -1388.964558574     -8.65e+01      1.43e+01        0.03
   3     -1470.841378135     -8.19e+01      6.13e+00        0.03
   4     -1470.188682934      6.53e-01      4.66e+00        0.03
   5     -1481.883180080     -1.17e+01      1.06e+00        0.03
   6     -1481.380870105      5.02e-01      1.76e+00        0.03
   7     -1482.126390759     -7.46e-01      2.75e-01        0.03
   8     -1482.125012977      1.38e-03      3.29e-01        0.03
   9     -1482.143020267     -1.80e-02      6.16e-02        0.03
  10     -1482.142506273      5.14e-04      9.10e-02        0.04
  11     -1482.144215682     -1.71e-03      2.31e-02        0.04
  12     -1482.144614980     -3.99e-04      1.90e-02        0.03
  13     -1482.145000323     -3.85e-04      1.37e-02        0.03
  14     -1482.145706125     -7.06e-04      1.16e-02        0.03
  15     -1482.146071897     -3.66e-04      9.00e-03        0.03
  16     -1482.146557150     -4.85e-04      8.72e-03        0.03
  17     -1482.146755457     -1.98e-04      6.28e-03        0.03
  18     -1482.146985849     -2.30e-04      2.05e-02        0.03
  19     -1482.147118030     -1.32e-04      1.17e-02        0.03
  20     -1482.147222821     -1.05e-04      1.06e-02        0.03
  21     -1482.147222730      9.08e-08      1.06e-02        0.04
  22     -1482.147222488      2.42e-07      9.79e-03        0.03
  23     -1482.147270568     -4.81e-05      4.01e-03        0.03
  24     -1482.147288707     -1.81e-05      2.96e-03        0.03
  25     -1482.147290537     -1.83e-06      2.41e-03        0.03
  26     -1482.147295792     -5.25e-06      4.51e-04        0.02
  27     -1482.147295911     -1.19e-07      8.99e-05        0.03
  28     -1482.147295923     -1.23e-08      9.05e-05        0.03
  29     -1482.147295912      1.19e-08      8.76e-05        0.03
  30     -1482.147295898      1.32e-08      4.36e-05        0.03
  31     -1482.147295895      3.26e-09      2.67e-05        0.03
  32     -1482.147295896     -9.43e-10      2.13e-05        0.03
  33     -1482.147295896     -2.16e-10      2.04e-05        0.05
  34     -1482.147295897     -2.63e-10      1.97e-05        0.03
  35     -1482.147295897      9.09e-12      1.95e-05        0.03
  36     -1482.147295897     -2.84e-11      1.96e-05        0.03
  37     -1482.147295897     -6.28e-11      1.96e-05        0.03
  38     -1482.147295896      8.39e-10      1.93e-05        0.03
  39     -1482.147295893      3.22e-09      1.72e-05        0.03
  40     -1482.147295884      8.58e-09      9.09e-06        0.03

 SCF converged in 40 iterations.


 --------------------------------
  Double Hybrid MP2 Contribution 
 --------------------------------
 Method:                                 pre_transformed_df
 Density-fitting basis set:              def2-tzvp-ri
 Opposite-spin scale factor:             0.270000000
 Same-spin scale factor:                 0.270000000

 Unrestricted MP2 calculation:           
 Core spatial orbitals:                  6
 Correlated alpha orbitals:             13
 Correlated beta orbitals:              11
 Virtual alpha orbitals:               120
 Virtual beta orbitals:                122

 Reference Energy:                   -1482.147295882
 Opposite spin contribution:            -0.211299015
 Same spin contribution:                -0.100512521
 Total scaled MP2 contribution:         -0.311811536

 Dipole moment (in Debye):              -0.000001      -0.000007      -4.940550

 Quadrupole moment (in Debye-Angstrom):
                  1            2            3
 1       -18.815272    -0.000044     0.000002
 2        -0.000044   -18.815692     0.000015
 3         0.000002     0.000015   -20.106888

 Spin-squared expectation <S^2>:         2.463
 Total spin quantum number S:            1.147
 TOTAL ENERGY:                       -1482.459107419

 --------------------------------------------------------------------------------

 End time:                               Wed Jun  2 11:52:33 2021
 Total wall-clock time:                  3.421 seconds
==================================================================================
