
================================================================================
          _____________ ________ _______________ ________     _________         
         / ___________// ______ \\_____   _____// ______ \   / ________)        
        / /_________  / /      \ \     | |     / /      \ \ | (_______          
       |  __________|| |        | |    | |    | |        | | \________ \        
        \ \_________ | |        | |    | |     \ \______/ /___________) |       
         \__________||_|        |_|    |_|      \________//____________/        
                                                                                
====================================[ Qcore ]===================================

 Git hash:   15a3e7daff0cda5fa9af010ccd19a80288182ecf
 Git date:   Fri, 16 Apr 2021 15:57:16 +0100
 Compiler:   GNU 9.1.0
 Build type: Release
 Version:    1.1.0

 Start time: Wed Jun  2 12:57:23 2021

 Data directory: /work/zw18965/.local/qcore/share/entos/1.1.0/data
 Number of threads: 24
 Number of threads was determined by: number of physical cores

 --------------------------------------------------------------------------------
                                   command: dft                                  
 --------------------------------------------------------------------------------
 AO basis set:                           aug-cc-pvtz
 Number of AO basis functions:         139

 Formula:                                FNi
 Nuclear charge:                        37.000000000
 Total charge:                           0.000000000
 Number of electrons:                   37.000000000

 Number of alpha electrons:             19
 Number of beta electrons:              18
 Number of unpaired electrons:           1
 Spin:                                   1
 Multiplicity:                           doublet

 Theory:                                 dft
 Exchange-correlation functional:        b3lyp
 Method for Coulomb:                     incore_df
 Method for exact exchange:              pre_transformed_df
 Integral threshold:                     1.00e-12
 DF basis set:                           def2-tzvp-jkfit(spdfghi)
 Number of DF basis functions:         341
 Schwarz screening threshold:            1.00e-10
 Coulomb fitting method:                 Cholesky
 Total number of grid points:        14748
 Method for AO orthogonalization:        symmetric
 Threshold for linear dependence:        1.00e-08

 -------------------------------------
  Running unrestricted open-shell SCF 
 -------------------------------------
 Max number of iterations:             128
 Conv. threshold (gradient):             1.00e-05
 Conv. threshold (energy):               1.00e-06
 Interpolation scheme:                   adiis+cdiis
 Initial guess:                          H0

 ---------------------------------------------------------------
                  energy        change          grad        time
 ---------------------------------------------------------------
   0     -1398.745360416                    1.63e+01        0.04
   1     -1400.968204215     -2.22e+00      1.09e+01        0.04
   2     -1506.163985865     -1.05e+02      1.45e+01        0.04
   3     -1594.329568864     -8.82e+01      7.05e+00        0.03
   4     -1596.688480605     -2.36e+00      4.47e+00        0.03
   5     -1607.947705895     -1.13e+01      9.03e-01        0.03
   6     -1608.044451957     -9.67e-02      6.04e-01        0.03
   7     -1607.841938697      2.03e-01      1.01e+00        0.04
   8     -1608.124391969     -2.82e-01      2.77e-01        0.03
   9     -1608.079242372      4.51e-02      4.66e-01        0.04
  10     -1608.136459458     -5.72e-02      1.35e-01        0.04
  11     -1608.128949157      7.51e-03      2.11e-01        0.04
  12     -1608.140215079     -1.13e-02      9.22e-02        0.04
  13     -1608.139233324      9.82e-04      9.87e-02        0.04
  14     -1608.142187037     -2.95e-03      1.90e-03        0.04
  15     -1608.142190008     -2.97e-06      1.02e-03        0.03
  16     -1608.142192423     -2.42e-06      9.14e-04        0.03
  17     -1608.142197591     -5.17e-06      7.50e-04        0.03
  18     -1608.142201189     -3.60e-06      5.30e-04        0.07
  19     -1608.142202053     -8.64e-07      3.62e-04        0.04
  20     -1608.142202513     -4.60e-07      2.00e-04        0.03
  21     -1608.142202679     -1.66e-07      9.49e-05        0.03
  22     -1608.142202715     -3.54e-08      1.55e-05        0.03
  23     -1608.142202716     -8.39e-10      3.50e-06        0.03

 SCF converged in 23 iterations.

 Dipole moment (in Debye):               0.000000       0.000000      -4.947250

 Quadrupole moment (in Debye-Angstrom):
                  1            2            3
 1       -17.270476     0.000001    -0.000001
 2         0.000001   -17.270476    -0.000001
 3        -0.000001    -0.000001   -19.962564

 Spin-squared expectation <S^2>:         0.753
 Total spin quantum number S:            0.502
 TOTAL ENERGY:                       -1608.142202716
 Saving results in set 'guess'

 --------------------------------------------------------------------------------
                                   command: dft                                  
 --------------------------------------------------------------------------------
 AO basis set:                           aug-cc-pvtz
 Number of AO basis functions:         139

 Formula:                                FNi
 Nuclear charge:                        37.000000000
 Total charge:                           0.000000000
 Number of electrons:                   37.000000000

 Number of alpha electrons:             19
 Number of beta electrons:              18
 Number of unpaired electrons:           1
 Spin:                                   1
 Multiplicity:                           doublet

 Theory:                                 dft
 Exchange-correlation functional:        0.47 b88 + 0.73 lyp
 Method for Coulomb:                     incore_df
 Method for exact exchange:              pre_transformed_df
 Integral threshold:                     1.00e-12
 DF basis set:                           def2-tzvp-jkfit(spdfghi)
 Number of DF basis functions:         341
 Schwarz screening threshold:            1.00e-10
 Coulomb fitting method:                 Cholesky
 Total number of grid points:        14748
 Method for AO orthogonalization:        symmetric
 Threshold for linear dependence:        1.00e-08
 D3BJ dispersion energy:                -0.000410091

 -------------------------------------
  Running unrestricted open-shell SCF 
 -------------------------------------
 Max number of iterations:             128
 Conv. threshold (gradient):             1.00e-05
 Conv. threshold (energy):               1.00e-06
 Interpolation scheme:                   adiis+cdiis
 Initializing maximum overlap method (MOM)

 ---------------------------------------------------------------
                  energy        change          grad        time
 ---------------------------------------------------------------
   0     -1607.677135772                    1.90e-01        0.05
   1     -1607.683567338     -6.43e-03      6.26e-02        0.04
   2     -1607.684961882     -1.39e-03      3.99e-02        0.03
   3     -1607.685645771     -6.84e-04      3.19e-02        0.03
   4     -1607.686161342     -5.16e-04      1.88e-02        0.03
   5     -1607.686445820     -2.84e-04      1.40e-02        0.03
   6     -1607.686546040     -1.00e-04      1.17e-02        0.03
   7     -1607.686610762     -6.47e-05      9.33e-03        0.03
   8     -1607.686667166     -5.64e-05      5.53e-03        0.03
   9     -1607.686694812     -2.76e-05      2.01e-03        0.04
  10     -1607.686699858     -5.05e-06      6.79e-04        0.05
  11     -1607.686700598     -7.39e-07      3.91e-04        0.03
  12     -1607.686700758     -1.61e-07      2.02e-04        0.03
  13     -1607.686700796     -3.77e-08      1.19e-04        0.03
  14     -1607.686700809     -1.28e-08      6.79e-05        0.03
  15     -1607.686700814     -5.20e-09      3.13e-05        0.03
  16     -1607.686700815     -1.14e-09      1.58e-05        0.03
  17     -1607.686700816     -2.81e-10      6.88e-06        0.03

 SCF converged in 17 iterations.


 --------------------------------
  Double Hybrid MP2 Contribution 
 --------------------------------
 Method:                                 pre_transformed_df
 Density-fitting basis set:              def2-tzvp-ri
 Opposite-spin scale factor:             0.270000000
 Same-spin scale factor:                 0.270000000

 Unrestricted MP2 calculation:           
 Core spatial orbitals:                  6
 Correlated alpha orbitals:             13
 Correlated beta orbitals:              12
 Virtual alpha orbitals:               120
 Virtual beta orbitals:                121

 Reference Energy:                   -1607.686700816
 Opposite spin contribution:            -0.236448502
 Same spin contribution:                -0.112994690
 Total scaled MP2 contribution:         -0.349443192

 Dipole moment (in Debye):               0.000000       0.000000      -5.641672

 Quadrupole moment (in Debye-Angstrom):
                  1            2            3
 1       -16.574827    -0.000000    -0.000000
 2        -0.000000   -16.574827    -0.000000
 3        -0.000000    -0.000000   -20.204993

 Spin-squared expectation <S^2>:         0.754
 Total spin quantum number S:            0.502
 TOTAL ENERGY:                       -1608.036144008

 --------------------------------------------------------------------------------

 End time:                               Wed Jun  2 12:57:32 2021
 Total wall-clock time:                  8.514 seconds
==================================================================================
