
================================================================================
          _____________ ________ _______________ ________     _________         
         / ___________// ______ \\_____   _____// ______ \   / ________)        
        / /_________  / /      \ \     | |     / /      \ \ | (_______          
       |  __________|| |        | |    | |    | |        | | \________ \        
        \ \_________ | |        | |    | |     \ \______/ /___________) |       
         \__________||_|        |_|    |_|      \________//____________/        
                                                                                
====================================[ Qcore ]===================================

 Git hash:   15a3e7daff0cda5fa9af010ccd19a80288182ecf
 Git date:   Fri, 16 Apr 2021 15:57:16 +0100
 Compiler:   GNU 9.1.0
 Build type: Release
 Version:    1.1.0

 Start time: Wed Jun  2 11:53:34 2021

 Data directory: /work/zw18965/.local/qcore/share/entos/1.1.0/data
 Number of threads: 24
 Number of threads was determined by: command line argument

 --------------------------------------------------------------------------------
                                   command: dft                                  
 --------------------------------------------------------------------------------
 AO basis set:                           aug-cc-pvtz
 Number of AO basis functions:         116

 Formula:                                HZn
 Nuclear charge:                        31.000000000
 Total charge:                           0.000000000
 Number of electrons:                   31.000000000

 Number of alpha electrons:             16
 Number of beta electrons:              15
 Number of unpaired electrons:           1
 Spin:                                   1
 Multiplicity:                           doublet

 Theory:                                 dft
 Exchange-correlation functional:        0.47 b88 + 0.73 lyp
 Method for Coulomb:                     incore_df
 Method for exact exchange:              pre_transformed_df
 Integral threshold:                     1.00e-12
 DF basis set:                           def2-tzvp-jkfit(spdfghi)
 Number of DF basis functions:         282
 Schwarz screening threshold:            1.00e-10
 Coulomb fitting method:                 Cholesky
 Total number of grid points:        13826
 Method for AO orthogonalization:        symmetric
 Threshold for linear dependence:        1.00e-08
 D3BJ dispersion energy:                -0.000357943

 -------------------------------------
  Running unrestricted open-shell SCF 
 -------------------------------------
 Max number of iterations:             128
 Conv. threshold (gradient):             1.00e-05
 Conv. threshold (energy):               1.00e-06
 Interpolation scheme:                   adiis+cdiis
 Initial guess:                          H0

 ---------------------------------------------------------------
                  energy        change          grad        time
 ---------------------------------------------------------------
   0     -1641.579736209                    1.21e+01        0.03
   1     -1592.513511663      4.91e+01      1.10e+01        0.03
   2     -1727.642879037     -1.35e+02      1.18e+01        0.02
   3     -1772.538193686     -4.49e+01      5.30e+00        0.02
   4     -1772.503862182      3.43e-02      4.35e+00        0.02
   5     -1779.529951491     -7.03e+00      1.52e-01        0.02
   6     -1779.537225767     -7.27e-03      5.58e-02        0.02
   7     -1779.538006512     -7.81e-04      2.52e-02        0.03
   8     -1779.538170481     -1.64e-04      9.34e-03        0.02
   9     -1779.538229551     -5.91e-05      4.01e-03        0.02
  10     -1779.538244202     -1.47e-05      1.73e-03        0.02
  11     -1779.538247200     -3.00e-06      5.64e-04        0.02
  12     -1779.538247446     -2.46e-07      1.34e-04        0.03
  13     -1779.538247450     -4.84e-09      2.35e-05        0.02
  14     -1779.538247451     -2.40e-10      3.63e-06        0.02

 SCF converged in 14 iterations.


 --------------------------------
  Double Hybrid MP2 Contribution 
 --------------------------------
 Method:                                 pre_transformed_df
 Density-fitting basis set:              def2-tzvp-ri
 Opposite-spin scale factor:             0.270000000
 Same-spin scale factor:                 0.270000000

 Unrestricted MP2 calculation:           
 Core spatial orbitals:                  5
 Correlated alpha orbitals:             11
 Correlated beta orbitals:              10
 Virtual alpha orbitals:               100
 Virtual beta orbitals:                101

 Reference Energy:                   -1779.538247451
 Opposite spin contribution:            -0.188565661
 Same spin contribution:                -0.095317677
 Total scaled MP2 contribution:         -0.283883338

 Dipole moment (in Debye):               0.000000       0.000000      -0.674398

 Quadrupole moment (in Debye-Angstrom):
                  1            2            3
 1       -15.088038     0.000000    -0.000000
 2         0.000000   -15.088038    -0.000000
 3        -0.000000    -0.000000   -20.259042

 Spin-squared expectation <S^2>:         0.761
 Total spin quantum number S:            0.505
 TOTAL ENERGY:                       -1779.822130789

 --------------------------------------------------------------------------------

 End time:                               Wed Jun  2 11:53:36 2021
 Total wall-clock time:                  2.468 seconds
==================================================================================
