
================================================================================
          _____________ ________ _______________ ________     _________         
         / ___________// ______ \\_____   _____// ______ \   / ________)        
        / /_________  / /      \ \     | |     / /      \ \ | (_______          
       |  __________|| |        | |    | |    | |        | | \________ \        
        \ \_________ | |        | |    | |     \ \______/ /___________) |       
         \__________||_|        |_|    |_|      \________//____________/        
                                                                                
====================================[ Qcore ]===================================

 Git hash:   15a3e7daff0cda5fa9af010ccd19a80288182ecf
 Git date:   Fri, 16 Apr 2021 15:57:16 +0100
 Compiler:   GNU 9.1.0
 Build type: Release
 Version:    1.1.0

 Start time: Wed Jun  2 11:53:42 2021

 Data directory: /work/zw18965/.local/qcore/share/entos/1.1.0/data
 Number of threads: 24
 Number of threads was determined by: command line argument

 --------------------------------------------------------------------------------
                                   command: dft                                  
 --------------------------------------------------------------------------------
 AO basis set:                           aug-cc-pvtz
 Number of AO basis functions:         152

 Formula:                                ZnBr
 Nuclear charge:                        65.000000000
 Total charge:                           0.000000000
 Number of electrons:                   65.000000000

 Number of alpha electrons:             33
 Number of beta electrons:              32
 Number of unpaired electrons:           1
 Spin:                                   1
 Multiplicity:                           doublet

 Theory:                                 dft
 Exchange-correlation functional:        0.47 b88 + 0.73 lyp
 Method for Coulomb:                     incore_df
 Method for exact exchange:              pre_transformed_df
 Integral threshold:                     1.00e-12
 DF basis set:                           def2-tzvp-jkfit(spdfghi)
 Number of DF basis functions:         530
 Schwarz screening threshold:            1.00e-10
 Coulomb fitting method:                 Cholesky
 Total number of grid points:        16100
 Method for AO orthogonalization:        symmetric
 Threshold for linear dependence:        1.00e-08
 D3BJ dispersion energy:                -0.001630558

 -------------------------------------
  Running unrestricted open-shell SCF 
 -------------------------------------
 Max number of iterations:             128
 Conv. threshold (gradient):             1.00e-05
 Conv. threshold (energy):               1.00e-06
 Interpolation scheme:                   adiis+cdiis
 Initial guess:                          H0

 ---------------------------------------------------------------
                  energy        change          grad        time
 ---------------------------------------------------------------
   0     -4126.206419938                    2.85e+01        0.06
   1     -4127.361919351     -1.16e+00      1.07e+01        0.04
   2     -3574.288761638      5.53e+02      1.65e+01        0.04
   3     -4314.985395924     -7.41e+02      9.29e+00        0.03
   4     -4309.598736391      5.39e+00      7.49e+00        0.03
   5     -4351.695889517     -4.21e+01      1.57e+00        0.04
   6     -4350.435367998      1.26e+00      3.45e+00        0.04
   7     -4352.745400716     -2.31e+00      1.82e-01        0.04
   8     -4352.753242573     -7.84e-03      1.34e-01        0.04
   9     -4352.763187672     -9.95e-03      9.50e-02        0.04
  10     -4352.763302657     -1.15e-04      9.17e-02        0.04
  11     -4352.766226213     -2.92e-03      5.62e-03        0.04
  12     -4352.766269074     -4.29e-05      1.94e-03        0.03
  13     -4352.766273042     -3.97e-06      9.77e-04        0.03
  14     -4352.766274000     -9.57e-07      3.19e-04        0.03
  15     -4352.766274096     -9.65e-08      7.64e-05        0.04
  16     -4352.766274101     -4.47e-09      1.42e-05        0.03
  17     -4352.766274101     -2.86e-10      3.24e-06        0.03

 SCF converged in 17 iterations.


 --------------------------------
  Double Hybrid MP2 Contribution 
 --------------------------------
 Method:                                 pre_transformed_df
 Density-fitting basis set:              def2-tzvp-ri
 Opposite-spin scale factor:             0.270000000
 Same-spin scale factor:                 0.270000000

 Unrestricted MP2 calculation:           
 Core spatial orbitals:                 14
 Correlated alpha orbitals:             19
 Correlated beta orbitals:              18
 Virtual alpha orbitals:               119
 Virtual beta orbitals:                120

 Reference Energy:                   -4352.766274101
 Opposite spin contribution:            -0.234023778
 Same spin contribution:                -0.117966474
 Total scaled MP2 contribution:         -0.351990252

 Dipole moment (in Debye):               0.000000       0.000000      -2.927332

 Quadrupole moment (in Debye-Angstrom):
                  1            2            3
 1       -32.714497    -0.000000    -0.000000
 2        -0.000000   -32.714497    -0.000000
 3        -0.000000    -0.000000   -33.441337

 Spin-squared expectation <S^2>:         0.754
 Total spin quantum number S:            0.502
 TOTAL ENERGY:                       -4353.118264353

 --------------------------------------------------------------------------------

 End time:                               Wed Jun  2 11:53:46 2021
 Total wall-clock time:                  3.681 seconds
==================================================================================
