
================================================================================
          _____________ ________ _______________ ________     _________         
         / ___________// ______ \\_____   _____// ______ \   / ________)        
        / /_________  / /      \ \     | |     / /      \ \ | (_______          
       |  __________|| |        | |    | |    | |        | | \________ \        
        \ \_________ | |        | |    | |     \ \______/ /___________) |       
         \__________||_|        |_|    |_|      \________//____________/        
                                                                                
====================================[ Qcore ]===================================

 Git hash:   15a3e7daff0cda5fa9af010ccd19a80288182ecf
 Git date:   Fri, 16 Apr 2021 15:57:16 +0100
 Compiler:   GNU 9.1.0
 Build type: Release
 Version:    1.1.0

 Start time: Wed Jun  2 11:53:46 2021

 Data directory: /work/zw18965/.local/qcore/share/entos/1.1.0/data
 Number of threads: 24
 Number of threads was determined by: command line argument

 --------------------------------------------------------------------------------
                                   command: dft                                  
 --------------------------------------------------------------------------------
 AO basis set:                           aug-cc-pvtz
 Number of AO basis functions:         139

 Formula:                                OZn
 Nuclear charge:                        38.000000000
 Total charge:                           0.000000000
 Number of electrons:                   38.000000000

 Number of alpha electrons:             19
 Number of beta electrons:              19
 Number of unpaired electrons:           0
 Spin:                                   0
 Multiplicity:                           singlet

 Theory:                                 dft
 Exchange-correlation functional:        0.47 b88 + 0.73 lyp
 Method for Coulomb:                     incore_df
 Method for exact exchange:              pre_transformed_df
 Integral threshold:                     1.00e-12
 DF basis set:                           def2-tzvp-jkfit(spdfghi)
 Number of DF basis functions:         341
 Schwarz screening threshold:            1.00e-10
 Coulomb fitting method:                 Cholesky
 Total number of grid points:        14880
 Method for AO orthogonalization:        symmetric
 Threshold for linear dependence:        1.00e-08
 D3BJ dispersion energy:                -0.000560119

 -------------------------------------
  Running restricted closed-shell SCF 
 -------------------------------------
 Max number of iterations:             128
 Conv. threshold (gradient):             1.00e-05
 Conv. threshold (energy):               1.00e-06
 Interpolation scheme:                   adiis+cdiis
 Initial guess:                          H0

 ---------------------------------------------------------------
                  energy        change          grad        time
 ---------------------------------------------------------------
   0     -1598.920640359                    4.15e+01        0.03
   1     -1617.889851515     -1.90e+01      2.23e+01        0.02
   2     -1749.610351756     -1.32e+02      4.16e+01        0.02
   3     -1846.924292149     -9.73e+01      1.14e+01        0.02
   4     -1848.310597468     -1.39e+00      9.18e+00        0.02
   5     -1852.983786884     -4.67e+00      4.67e+00        0.02
   6     -1850.859465791      2.12e+00      4.13e+00        0.02
   7     -1853.655636008     -2.80e+00      2.17e+00        0.02
   8     -1852.880141065      7.75e-01      2.92e+00        0.02
   9     -1853.962772599     -1.08e+00      9.28e-01        0.02
  10     -1853.952118617      1.07e-02      9.20e-01        0.02
  11     -1854.001560670     -4.94e-02      3.89e-01        0.03
  12     -1853.961558973      4.00e-02      8.07e-01        0.02
  13     -1854.009038105     -4.75e-02      1.98e-01        0.02
  14     -1854.011752327     -2.71e-03      8.30e-02        0.02
  15     -1854.012034730     -2.82e-04      5.73e-02        0.02
  16     -1854.012315382     -2.81e-04      1.26e-03        0.02
  17     -1854.012315630     -2.48e-07      6.18e-04        0.02
  18     -1854.012315681     -5.16e-08      8.96e-05        0.02
  19     -1854.012315683     -1.98e-09      2.60e-05        0.02
  20     -1854.012315684     -7.00e-11      2.01e-06        0.02

 SCF converged in 20 iterations.


 --------------------------------
  Double Hybrid MP2 Contribution 
 --------------------------------
 Method:                                 pre_transformed_df
 Density-fitting basis set:              def2-tzvp-ri
 Opposite-spin scale factor:             0.270000000
 Same-spin scale factor:                 0.270000000

 Restricted MP2 calculation:             
 Core orbitals:                          6
 Correlated orbitals:                   13
 Virtual orbitals:                     120

 Reference Energy:                   -1854.012315684
 Opposite spin contribution:            -0.262640644
 Same spin contribution:                -0.124910584
 Total scaled MP2 contribution:         -0.387551228

 Dipole moment (in Debye):               0.000000       0.000000      -6.387989

 Quadrupole moment (in Debye-Angstrom):
                  1            2            3
 1       -18.793310    -0.000000    -0.000000
 2        -0.000000   -18.793310    -0.000000
 3        -0.000000    -0.000000   -21.766316

 Spin-squared expectation <S^2>:         0.000
 Total spin quantum number S:            0.000
 TOTAL ENERGY:                       -1854.399866912

 --------------------------------------------------------------------------------

 End time:                               Wed Jun  2 11:53:49 2021
 Total wall-clock time:                  2.840 seconds
==================================================================================
