
================================================================================
          _____________ ________ _______________ ________     _________         
         / ___________// ______ \\_____   _____// ______ \   / ________)        
        / /_________  / /      \ \     | |     / /      \ \ | (_______          
       |  __________|| |        | |    | |    | |        | | \________ \        
        \ \_________ | |        | |    | |     \ \______/ /___________) |       
         \__________||_|        |_|    |_|      \________//____________/        
                                                                                
====================================[ Qcore ]===================================

 Git hash:   15a3e7daff0cda5fa9af010ccd19a80288182ecf
 Git date:   Fri, 16 Apr 2021 15:57:16 +0100
 Compiler:   GNU 9.1.0
 Build type: Release
 Version:    1.1.0

 Start time: Wed Jun  2 11:53:49 2021

 Data directory: /work/zw18965/.local/qcore/share/entos/1.1.0/data
 Number of threads: 24
 Number of threads was determined by: command line argument

 --------------------------------------------------------------------------------
                                   command: dft                                  
 --------------------------------------------------------------------------------
 AO basis set:                           aug-cc-pvtz
 Number of AO basis functions:         143

 Formula:                                SZn
 Nuclear charge:                        46.000000000
 Total charge:                           0.000000000
 Number of electrons:                   46.000000000

 Number of alpha electrons:             23
 Number of beta electrons:              23
 Number of unpaired electrons:           0
 Spin:                                   0
 Multiplicity:                           singlet

 Theory:                                 dft
 Exchange-correlation functional:        0.47 b88 + 0.73 lyp
 Method for Coulomb:                     incore_df
 Method for exact exchange:              pre_transformed_df
 Integral threshold:                     1.00e-12
 DF basis set:                           def2-tzvp-jkfit(spdfghi)
 Number of DF basis functions:         392
 Schwarz screening threshold:            1.00e-10
 Coulomb fitting method:                 Cholesky
 Total number of grid points:        15286
 Method for AO orthogonalization:        symmetric
 Threshold for linear dependence:        1.00e-08
 D3BJ dispersion energy:                -0.001556897

 -------------------------------------
  Running restricted closed-shell SCF 
 -------------------------------------
 Max number of iterations:             128
 Conv. threshold (gradient):             1.00e-05
 Conv. threshold (energy):               1.00e-06
 Interpolation scheme:                   adiis+cdiis
 Initial guess:                          H0

 ---------------------------------------------------------------
                  energy        change          grad        time
 ---------------------------------------------------------------
   0     -1924.944059726                    4.49e+01        0.04
   1     -1932.662712301     -7.72e+00      2.17e+01        0.02
   2     -1846.904163577      8.58e+01      4.81e+01        0.02
   3     -2160.356942417     -3.13e+02      1.46e+01        0.02
   4     -2117.011501819      4.33e+01      1.49e+01        0.02
   5     -2176.052864251     -5.90e+01      2.74e+00        0.02
   6     -2172.490116117      3.56e+00      4.13e+00        0.02
   7     -2176.874612193     -4.38e+00      8.11e-01        0.02
   8     -2176.841319033      3.33e-02      9.77e-01        0.02
   9     -2176.990715949     -1.49e-01      8.68e-02        0.02
  10     -2176.991534646     -8.19e-04      3.26e-02        0.02
  11     -2176.991771246     -2.37e-04      1.29e-02        0.02
  12     -2176.991811287     -4.00e-05      4.67e-03        0.02
  13     -2176.991818425     -7.14e-06      1.56e-03        0.02
  14     -2176.991818931     -5.06e-07      9.21e-04        0.02
  15     -2176.991819032     -1.01e-07      2.80e-04        0.02
  16     -2176.991819051     -1.90e-08      2.46e-05        0.02
  17     -2176.991819051     -1.11e-10      5.04e-06        0.02

 SCF converged in 17 iterations.


 --------------------------------
  Double Hybrid MP2 Contribution 
 --------------------------------
 Method:                                 pre_transformed_df
 Density-fitting basis set:              def2-tzvp-ri
 Opposite-spin scale factor:             0.270000000
 Same-spin scale factor:                 0.270000000

 Restricted MP2 calculation:             
 Core orbitals:                         10
 Correlated orbitals:                   13
 Virtual orbitals:                     120

 Reference Energy:                   -2176.991819051
 Opposite spin contribution:            -0.233982564
 Same spin contribution:                -0.113007611
 Total scaled MP2 contribution:         -0.346990175

 Dipole moment (in Debye):               0.000000       0.000000      -6.110869

 Quadrupole moment (in Debye-Angstrom):
                  1            2            3
 1       -28.801429     0.000000     0.000000
 2         0.000000   -28.801429     0.000000
 3         0.000000     0.000000   -24.623948

 Spin-squared expectation <S^2>:         0.000
 Total spin quantum number S:            0.000
 TOTAL ENERGY:                       -2177.338809226

 --------------------------------------------------------------------------------

 End time:                               Wed Jun  2 11:53:52 2021
 Total wall-clock time:                  2.655 seconds
==================================================================================
