
================================================================================
          _____________ ________ _______________ ________     _________         
         / ___________// ______ \\_____   _____// ______ \   / ________)        
        / /_________  / /      \ \     | |     / /      \ \ | (_______          
       |  __________|| |        | |    | |    | |        | | \________ \        
        \ \_________ | |        | |    | |     \ \______/ /___________) |       
         \__________||_|        |_|    |_|      \________//____________/        
                                                                                
====================================[ Qcore ]===================================

 Git hash:   15a3e7daff0cda5fa9af010ccd19a80288182ecf
 Git date:   Fri, 16 Apr 2021 15:57:16 +0100
 Compiler:   GNU 9.1.0
 Build type: Release
 Version:    1.1.0

 Start time: Wed Jun  2 12:59:19 2021

 Data directory: /work/zw18965/.local/qcore/share/entos/1.1.0/data
 Number of threads: 24
 Number of threads was determined by: number of physical cores

 --------------------------------------------------------------------------------
                                   command: dft                                  
 --------------------------------------------------------------------------------
 AO basis set:                           aug-cc-pvtz
 Number of AO basis functions:          93

 Formula:                                Ti
 Nuclear charge:                        22.000000000
 Total charge:                           0.000000000
 Number of electrons:                   22.000000000

 Number of alpha electrons:             12
 Number of beta electrons:              10
 Number of unpaired electrons:           2
 Spin:                                   2
 Multiplicity:                           triplet

 Theory:                                 dft
 Exchange-correlation functional:        blyp
 Method for Coulomb:                     incore_df
 Integral threshold:                     1.00e-12
 DF basis set:                           def2-tzvp-jkfit(spdfghi)
 Number of DF basis functions:         264
 Schwarz screening threshold:            1.00e-10
 Coulomb fitting method:                 Cholesky
 Total number of grid points:         7792
 Method for AO orthogonalization:        symmetric
 Threshold for linear dependence:        1.00e-08

 -------------------------------------
  Running unrestricted open-shell SCF 
 -------------------------------------
 Max number of iterations:             128
 Conv. threshold (gradient):             1.00e-05
 Conv. threshold (energy):               1.00e-06
 Interpolation scheme:                   adiis+cdiis
 Initial guess:                          H0

 ---------------------------------------------------------------
                  energy        change          grad        time
 ---------------------------------------------------------------
   0      -833.141308391                    3.86e+00        0.02
   1      -827.178943311      5.96e+00      5.37e+00        0.02
   2      -841.120838646     -1.39e+01      3.09e+00        0.02
   3      -848.681474277     -7.56e+00      1.40e+00        0.01
   4      -847.523624637      1.16e+00      1.99e+00        0.01
   5      -849.359367341     -1.84e+00      2.21e-01        0.02
   6      -848.912057857      4.47e-01      8.91e-01        0.01
   7      -849.378782735     -4.67e-01      2.44e-01        0.01
   8      -849.375881800      2.90e-03      1.72e-01        0.01
   9      -849.383245976     -7.36e-03      7.27e-02        0.02
  10      -849.383818067     -5.72e-04      6.70e-02        0.01
  11      -849.385876822     -2.06e-03      6.39e-03        0.02
  12      -849.385907774     -3.10e-05      3.24e-03        0.01
  13      -849.385914030     -6.26e-06      2.39e-03        0.01
  14      -849.385919199     -5.17e-06      8.24e-04        0.01
  15      -849.385921274     -2.07e-06      3.68e-04        0.01
  16      -849.385922132     -8.58e-07      2.54e-04        0.01
  17      -849.385922482     -3.50e-07      2.18e-04        0.01
  18      -849.385922576     -9.50e-08      1.18e-04        0.01
  19      -849.385922600     -2.35e-08      5.23e-05        0.01
  20      -849.385922608     -8.45e-09      3.20e-05        0.01
  21      -849.385922613     -5.00e-09      3.07e-05        0.01
  22      -849.385922617     -3.85e-09      3.00e-05        0.01
  23      -849.385922627     -9.69e-09      2.89e-05        0.01
  24      -849.385922645     -1.82e-08      2.70e-05        0.01
  25      -849.385922776     -1.31e-07      2.91e-05        0.01
  26      -849.385922818     -4.24e-08      2.72e-05        0.01
  27      -849.385923159     -3.41e-07      4.41e-05        0.01
  28      -849.385923048      1.11e-07      3.13e-05        0.01
  29      -849.385923264     -2.16e-07      5.81e-05        0.01
  30      -849.385923417     -1.53e-07      7.78e-05        0.01
  31      -849.385923371      4.62e-08      3.95e-05        0.01
  32      -849.385923429     -5.76e-08      2.75e-05        0.01
  33      -849.385923476     -4.77e-08      2.69e-05        0.01
  34      -849.385923523     -4.71e-08      2.35e-05        0.01
  35      -849.385923531     -7.78e-09      2.12e-04        0.01
  36      -849.385923563     -3.22e-08      1.36e-04        0.01
  37      -849.385923598     -3.49e-08      8.08e-05        0.01
  38      -849.385923650     -5.15e-08      6.51e-05        0.01
  39      -849.385923713     -6.28e-08      3.79e-05        0.02
  40      -849.385923666      4.70e-08      1.32e-04        0.04
  41      -849.385923731     -6.56e-08      7.68e-05        0.01
  42      -849.385923803     -7.15e-08      2.00e-05        0.01
  43      -849.385923830     -2.72e-08      2.74e-05        0.01
  44      -849.385923853     -2.30e-08      2.48e-05        0.01
  45      -849.385923877     -2.37e-08      2.16e-05        0.01
  46      -849.385923897     -2.00e-08      2.03e-05        0.01
  47      -849.385923927     -3.06e-08      2.80e-05        0.01
  48      -849.385923904      2.34e-08      3.10e-05        0.01
  49      -849.385923892      1.23e-08      3.23e-05        0.01
  50      -849.385923936     -4.47e-08      2.35e-05        0.01
  51      -849.385923991     -5.46e-08      2.05e-05        0.01
  52      -849.385923991     -9.40e-11      2.60e-05        0.01
  53      -849.385924005     -1.42e-08      3.02e-05        0.01
  54      -849.385924018     -1.28e-08      2.78e-05        0.01
  55      -849.385924034     -1.63e-08      2.30e-05        0.01
  56      -849.385924071     -3.70e-08      1.67e-05        0.01
  57      -849.385924115     -4.39e-08      2.87e-05        0.01
  58      -849.385924128     -1.25e-08      2.25e-05        0.01
  59      -849.385924133     -5.14e-09      1.22e-05        0.01
  60      -849.385924148     -1.46e-08      1.13e-05        0.01
  61      -849.385924156     -8.73e-09      2.15e-05        0.01
  62      -849.385924162     -5.61e-09      1.04e-05        0.01
  63      -849.385924172     -9.70e-09      4.79e-05        0.01
  64      -849.385924171      4.88e-10      5.73e-05        0.01
  65      -849.385924172     -6.15e-10      5.14e-05        0.01
  66      -849.385924173     -9.66e-10      1.16e-05        0.01
  67      -849.385924172      7.34e-10      7.53e-06        0.01

 SCF converged in 67 iterations.

 Dipole moment (in Debye):              -0.000010       0.000001       0.000002

 Quadrupole moment (in Debye-Angstrom):
                  1            2            3
 1       -20.921420    -0.026294    -0.036151
 2        -0.026294   -20.889940    -0.020385
 3        -0.036151    -0.020385   -20.904532

 Spin-squared expectation <S^2>:         2.343
 Total spin quantum number S:            1.110
 TOTAL ENERGY:                        -849.385924173
 Saving results in set 'guess'

 --------------------------------------------------------------------------------
                                   command: dft                                  
 --------------------------------------------------------------------------------
 AO basis set:                           aug-cc-pvtz
 Number of AO basis functions:          93

 Formula:                                Ti
 Nuclear charge:                        22.000000000
 Total charge:                           0.000000000
 Number of electrons:                   22.000000000

 Number of alpha electrons:             12
 Number of beta electrons:              10
 Number of unpaired electrons:           2
 Spin:                                   2
 Multiplicity:                           triplet

 Theory:                                 dft
 Exchange-correlation functional:        0.47 b88 + 0.73 lyp
 Method for Coulomb:                     incore_df
 Method for exact exchange:              pre_transformed_df
 Integral threshold:                     1.00e-12
 DF basis set:                           def2-tzvp-jkfit(spdfghi)
 Number of DF basis functions:         264
 Schwarz screening threshold:            1.00e-10
 Coulomb fitting method:                 Cholesky
 Total number of grid points:         7792
 Method for AO orthogonalization:        symmetric
 Threshold for linear dependence:        1.00e-08
 D3BJ dispersion energy:                 0.000000000

 -------------------------------------
  Running unrestricted open-shell SCF 
 -------------------------------------
 Max number of iterations:             128
 Conv. threshold (gradient):             1.00e-05
 Conv. threshold (energy):               1.00e-06
 Interpolation scheme:                   adiis+cdiis

 ---------------------------------------------------------------
                  energy        change          grad        time
 ---------------------------------------------------------------
   0      -849.095872473                    1.83e-01        0.03
   1      -849.102876683     -7.00e-03      3.47e-02        0.02
   2      -849.104639486     -1.76e-03      1.81e-02        0.02
   3      -849.105662042     -1.02e-03      1.83e-02        0.02
   4      -849.106686390     -1.02e-03      1.08e-02        0.01
   5      -849.107857318     -1.17e-03      7.32e-03        0.01
   6      -849.108206656     -3.49e-04      3.69e-03        0.01
   7      -849.108252706     -4.61e-05      3.00e-03        0.01
   8      -849.108277788     -2.51e-05      4.30e-03        0.01
   9      -849.108294546     -1.68e-05      7.35e-04        0.01
  10      -849.108296128     -1.58e-06      4.00e-04        0.02
  11      -849.108296239     -1.11e-07      1.72e-04        0.01
  12      -849.108296254     -1.48e-08      6.71e-05        0.01
  13      -849.108296256     -2.22e-09      9.62e-06        0.01

 SCF converged in 13 iterations.


 --------------------------------
  Double Hybrid MP2 Contribution 
 --------------------------------
 Method:                                 pre_transformed_df
 Density-fitting basis set:              def2-tzvp-ri
 Opposite-spin scale factor:             0.270000000
 Same-spin scale factor:                 0.270000000

 Unrestricted MP2 calculation:           
 Core spatial orbitals:                  5
 Correlated alpha orbitals:              7
 Correlated beta orbitals:               5
 Virtual alpha orbitals:                81
 Virtual beta orbitals:                 83

 Reference Energy:                    -849.108296256
 Opposite spin contribution:            -0.069600588
 Same spin contribution:                -0.027014457
 Total scaled MP2 contribution:         -0.096615045

 Dipole moment (in Debye):              -0.000002       0.000000       0.000000

 Quadrupole moment (in Debye-Angstrom):
                  1            2            3
 1       -21.688245    -0.000016     0.000029
 2        -0.000016   -21.688240     0.000027
 3         0.000029     0.000027   -21.688235

 Spin-squared expectation <S^2>:         2.004
 Total spin quantum number S:            1.001
 TOTAL ENERGY:                        -849.204911301

 --------------------------------------------------------------------------------

 End time:                               Wed Jun  2 12:59:24 2021
 Total wall-clock time:                  5.693 seconds
==================================================================================
