
================================================================================
          _____________ ________ _______________ ________     _________         
         / ___________// ______ \\_____   _____// ______ \   / ________)        
        / /_________  / /      \ \     | |     / /      \ \ | (_______          
       |  __________|| |        | |    | |    | |        | | \________ \        
        \ \_________ | |        | |    | |     \ \______/ /___________) |       
         \__________||_|        |_|    |_|      \________//____________/        
                                                                                
====================================[ Qcore ]===================================

 Git hash:   15a3e7daff0cda5fa9af010ccd19a80288182ecf
 Git date:   Fri, 16 Apr 2021 15:57:16 +0100
 Compiler:   GNU 9.1.0
 Build type: Release
 Version:    1.1.0

 Start time: Wed Jun  2 11:54:00 2021

 Data directory: /work/zw18965/.local/qcore/share/entos/1.1.0/data
 Number of threads: 24
 Number of threads was determined by: command line argument

 --------------------------------------------------------------------------------
                                   command: dft                                  
 --------------------------------------------------------------------------------
 AO basis set:                           aug-cc-pvtz
 Number of AO basis functions:          93

 Formula:                                Mn
 Nuclear charge:                        25.000000000
 Total charge:                           0.000000000
 Number of electrons:                   25.000000000

 Number of alpha electrons:             15
 Number of beta electrons:              10
 Number of unpaired electrons:           5
 Spin:                                   5
 Multiplicity:                           septet

 Theory:                                 dft
 Exchange-correlation functional:        0.47 b88 + 0.73 lyp
 Method for Coulomb:                     incore_df
 Method for exact exchange:              pre_transformed_df
 Integral threshold:                     1.00e-12
 DF basis set:                           def2-tzvp-jkfit(spdfghi)
 Number of DF basis functions:         264
 Schwarz screening threshold:            1.00e-10
 Coulomb fitting method:                 Cholesky
 Total number of grid points:         7936
 Method for AO orthogonalization:        symmetric
 Threshold for linear dependence:        1.00e-08
 D3BJ dispersion energy:                 0.000000000

 -------------------------------------
  Running unrestricted open-shell SCF 
 -------------------------------------
 Max number of iterations:             128
 Conv. threshold (gradient):             1.00e-05
 Conv. threshold (energy):               1.00e-06
 Interpolation scheme:                   adiis+cdiis
 Initial guess:                          H0

 ---------------------------------------------------------------
                  energy        change          grad        time
 ---------------------------------------------------------------
   0     -1100.482489235                    6.46e+00        0.02
   1     -1079.829053188      2.07e+01      8.86e+00        0.01
   2     -1134.003417397     -5.42e+01      4.23e+00        0.01
   3     -1147.907388912     -1.39e+01      2.08e+00        0.01
   4     -1148.252319761     -3.45e-01      2.28e+00        0.01
   5     -1150.643914977     -2.39e+00      3.08e-01        0.01
   6     -1150.661740607     -1.78e-02      2.19e-01        0.01
   7     -1150.694722588     -3.30e-02      4.66e-02        0.01
   8     -1150.695099967     -3.77e-04      3.57e-02        0.01
   9     -1150.695948982     -8.49e-04      1.20e-03        0.02
  10     -1150.695952321     -3.34e-06      5.61e-04        0.01
  11     -1150.695953112     -7.90e-07      1.89e-04        0.01
  12     -1150.695953192     -7.99e-08      1.76e-05        0.01
  13     -1150.695953192     -6.81e-10      2.76e-06        0.01

 SCF converged in 13 iterations.


 --------------------------------
  Double Hybrid MP2 Contribution 
 --------------------------------
 Method:                                 pre_transformed_df
 Density-fitting basis set:              def2-tzvp-ri
 Opposite-spin scale factor:             0.270000000
 Same-spin scale factor:                 0.270000000

 Unrestricted MP2 calculation:           
 Core spatial orbitals:                  5
 Correlated alpha orbitals:             10
 Correlated beta orbitals:               5
 Virtual alpha orbitals:                78
 Virtual beta orbitals:                 83

 Reference Energy:                   -1150.695953192
 Opposite spin contribution:            -0.089314594
 Same spin contribution:                -0.054077348
 Total scaled MP2 contribution:         -0.143391942

 Dipole moment (in Debye):              -0.000000      -0.000000      -0.000000

 Quadrupole moment (in Debye-Angstrom):
                  1            2            3
 1       -18.704457     0.000000     0.000002
 2         0.000000   -18.704459     0.000000
 3         0.000002     0.000000   -18.704458

 Spin-squared expectation <S^2>:         8.760
 Total spin quantum number S:            2.502
 TOTAL ENERGY:                       -1150.839345135

 --------------------------------------------------------------------------------

 End time:                               Wed Jun  2 11:54:01 2021
 Total wall-clock time:                  1.531 seconds
==================================================================================
