
================================================================================
          _____________ ________ _______________ ________     _________         
         / ___________// ______ \\_____   _____// ______ \   / ________)        
        / /_________  / /      \ \     | |     / /      \ \ | (_______          
       |  __________|| |        | |    | |    | |        | | \________ \        
        \ \_________ | |        | |    | |     \ \______/ /___________) |       
         \__________||_|        |_|    |_|      \________//____________/        
                                                                                
====================================[ Qcore ]===================================

 Git hash:   15a3e7daff0cda5fa9af010ccd19a80288182ecf
 Git date:   Fri, 16 Apr 2021 15:57:16 +0100
 Compiler:   GNU 9.1.0
 Build type: Release
 Version:    1.1.0

 Start time: Wed Jun  2 11:51:14 2021

 Data directory: /work/zw18965/.local/qcore/share/entos/1.1.0/data
 Number of threads: 24
 Number of threads was determined by: command line argument
  - More threads can be used by running 'qcore -n 32'

 --------------------------------------------------------------------------------
                                   command: dft                                  
 --------------------------------------------------------------------------------
 AO basis set:                           aug-cc-pvtz
 Number of AO basis functions:         139

 Formula:                                FTi
 Nuclear charge:                        31.000000000
 Total charge:                           0.000000000
 Number of electrons:                   31.000000000

 Number of alpha electrons:             17
 Number of beta electrons:              14
 Number of unpaired electrons:           3
 Spin:                                   3
 Multiplicity:                           quartet

 Theory:                                 dft
 Exchange-correlation functional:        wb97xd3

 Using range separated hybrid functional
 Range separation parameter:             0.250000000
 Short range exact exchange:             0.195728000
 Total long range exact exchange:        1.000000000

 Method for Coulomb:                     incore_df
 Method for exact exchange:              pre_transformed_df
 Integral threshold:                     1.00e-12
 DF basis set:                           def2-tzvp-jkfit(spdfghi)
 Number of DF basis functions:         341
 Schwarz screening threshold:            1.00e-10
 Coulomb fitting method:                 Cholesky
 Total number of grid points:        14604
 Method for AO orthogonalization:        symmetric
 Threshold for linear dependence:        1.00e-08
 D3 dispersion energy:                  -0.000001143

 -------------------------------------
  Running unrestricted open-shell SCF 
 -------------------------------------
 Max number of iterations:             128
 Conv. threshold (gradient):             1.00e-05
 Conv. threshold (energy):               1.00e-06
 Interpolation scheme:                   adiis+cdiis
 Initial guess:                          SAD

 ---------------------------------------------------------------
                  energy        change          grad        time
 ---------------------------------------------------------------
   0      -948.970118173                    2.12e+00        0.03
   1      -949.211319648     -2.41e-01      5.59e-01        0.03
   2      -949.066599948      1.45e-01      1.02e+00        0.03
   3      -949.302472830     -2.36e-01      1.57e-01        0.03
   4      -949.300774475      1.70e-03      1.90e-01        0.03
   5      -949.307794970     -7.02e-03      1.96e-02        0.03
   6      -949.307973528     -1.79e-04      1.23e-02        0.03
   7      -949.308055137     -8.16e-05      3.17e-03        0.03
   8      -949.308063293     -8.16e-06      1.48e-03        0.03
   9      -949.308065494     -2.20e-06      9.72e-04        0.03
  10      -949.308067353     -1.86e-06      7.34e-04        0.03
  11      -949.308068464     -1.11e-06      3.68e-04        0.03
  12      -949.308068886     -4.22e-07      5.98e-05        0.03
  13      -949.308068894     -7.82e-09      7.98e-06        0.03

 SCF converged in 13 iterations.

 Dipole moment (in Debye):               0.000001       0.000001      -2.990854

 Quadrupole moment (in Debye-Angstrom):
                  1            2            3
 1       -22.544220     0.000000    -0.000001
 2         0.000000   -22.544220    -0.000001
 3        -0.000001    -0.000001   -24.039793

 Spin-squared expectation <S^2>:         3.753
 Total spin quantum number S:            1.501
 TOTAL ENERGY:                        -949.308068894

 --------------------------------------------------------------------------------

 End time:                               Wed Jun  2 11:51:18 2021
 Total wall-clock time:                  3.643 seconds
==================================================================================
