
================================================================================
          _____________ ________ _______________ ________     _________         
         / ___________// ______ \\_____   _____// ______ \   / ________)        
        / /_________  / /      \ \     | |     / /      \ \ | (_______          
       |  __________|| |        | |    | |    | |        | | \________ \        
        \ \_________ | |        | |    | |     \ \______/ /___________) |       
         \__________||_|        |_|    |_|      \________//____________/        
                                                                                
====================================[ Qcore ]===================================

 Git hash:   15a3e7daff0cda5fa9af010ccd19a80288182ecf
 Git date:   Fri, 16 Apr 2021 15:57:16 +0100
 Compiler:   GNU 9.1.0
 Build type: Release
 Version:    1.1.0

 Start time: Wed Jun  2 11:51:22 2021

 Data directory: /work/zw18965/.local/qcore/share/entos/1.1.0/data
 Number of threads: 24
 Number of threads was determined by: command line argument
  - More threads can be used by running 'qcore -n 32'

 --------------------------------------------------------------------------------
                                   command: dft                                  
 --------------------------------------------------------------------------------
 AO basis set:                           aug-cc-pvtz
 Number of AO basis functions:         152

 Formula:                                TiBr
 Nuclear charge:                        57.000000000
 Total charge:                           0.000000000
 Number of electrons:                   57.000000000

 Number of alpha electrons:             30
 Number of beta electrons:              27
 Number of unpaired electrons:           3
 Spin:                                   3
 Multiplicity:                           quartet

 Theory:                                 dft
 Exchange-correlation functional:        wb97xd3

 Using range separated hybrid functional
 Range separation parameter:             0.250000000
 Short range exact exchange:             0.195728000
 Total long range exact exchange:        1.000000000

 Method for Coulomb:                     incore_df
 Method for exact exchange:              pre_transformed_df
 Integral threshold:                     1.00e-12
 DF basis set:                           def2-tzvp-jkfit(spdfghi)
 Number of DF basis functions:         530
 Schwarz screening threshold:            1.00e-10
 Coulomb fitting method:                 Cholesky
 Total number of grid points:        15956
 Method for AO orthogonalization:        symmetric
 Threshold for linear dependence:        1.00e-08
 D3 dispersion energy:                  -0.000007859

 -------------------------------------
  Running unrestricted open-shell SCF 
 -------------------------------------
 Max number of iterations:             128
 Conv. threshold (gradient):             1.00e-05
 Conv. threshold (energy):               1.00e-06
 Interpolation scheme:                   adiis+cdiis
 Initial guess:                          SAD

 ---------------------------------------------------------------
                  energy        change          grad        time
 ---------------------------------------------------------------
   0     -3423.529641658                    3.15e+00        0.04
   1     -3423.662868522     -1.33e-01      2.86e-01        0.05
   2     -3423.681109321     -1.82e-02      2.15e-01        0.04
   3     -3423.696714990     -1.56e-02      1.62e-01        0.03
   4     -3423.704408237     -7.69e-03      6.84e-02        0.04
   5     -3423.705812727     -1.40e-03      8.04e-02        0.03
   6     -3423.707934488     -2.12e-03      1.80e-02        0.03
   7     -3423.708316470     -3.82e-04      1.50e-02        0.03
   8     -3423.708763322     -4.47e-04      1.02e-02        0.03
   9     -3423.709116476     -3.53e-04      3.01e-03        0.03
  10     -3423.709134660     -1.82e-05      1.17e-03        0.03
  11     -3423.709138546     -3.89e-06      1.79e-04        0.04
  12     -3423.709138584     -3.82e-08      4.52e-05        0.03
  13     -3423.709138586     -1.74e-09      1.88e-05        0.03
  14     -3423.709138587     -3.31e-10      6.32e-06        0.03

 SCF converged in 14 iterations.

 Dipole moment (in Debye):               0.000029       0.000028      -5.647754

 Quadrupole moment (in Debye-Angstrom):
                  1            2            3
 1       -36.571123     0.000014    -0.000082
 2         0.000014   -36.571123    -0.000081
 3        -0.000082    -0.000081   -25.238156

 Spin-squared expectation <S^2>:         3.756
 Total spin quantum number S:            1.501
 TOTAL ENERGY:                       -3423.709138587

 --------------------------------------------------------------------------------

 End time:                               Wed Jun  2 11:51:27 2021
 Total wall-clock time:                  5.031 seconds
==================================================================================
