
================================================================================
          _____________ ________ _______________ ________     _________         
         / ___________// ______ \\_____   _____// ______ \   / ________)        
        / /_________  / /      \ \     | |     / /      \ \ | (_______          
       |  __________|| |        | |    | |    | |        | | \________ \        
        \ \_________ | |        | |    | |     \ \______/ /___________) |       
         \__________||_|        |_|    |_|      \________//____________/        
                                                                                
====================================[ Qcore ]===================================

 Git hash:   15a3e7daff0cda5fa9af010ccd19a80288182ecf
 Git date:   Fri, 16 Apr 2021 15:57:16 +0100
 Compiler:   GNU 9.1.0
 Build type: Release
 Version:    1.1.0

 Start time: Wed Jun  2 11:51:27 2021

 Data directory: /work/zw18965/.local/qcore/share/entos/1.1.0/data
 Number of threads: 24
 Number of threads was determined by: command line argument
  - More threads can be used by running 'qcore -n 32'

 --------------------------------------------------------------------------------
                                   command: dft                                  
 --------------------------------------------------------------------------------
 AO basis set:                           aug-cc-pvtz
 Number of AO basis functions:         139

 Formula:                                OTi
 Nuclear charge:                        30.000000000
 Total charge:                           0.000000000
 Number of electrons:                   30.000000000

 Number of alpha electrons:             16
 Number of beta electrons:              14
 Number of unpaired electrons:           2
 Spin:                                   2
 Multiplicity:                           triplet

 Theory:                                 dft
 Exchange-correlation functional:        wb97xd3

 Using range separated hybrid functional
 Range separation parameter:             0.250000000
 Short range exact exchange:             0.195728000
 Total long range exact exchange:        1.000000000

 Method for Coulomb:                     incore_df
 Method for exact exchange:              pre_transformed_df
 Integral threshold:                     1.00e-12
 DF basis set:                           def2-tzvp-jkfit(spdfghi)
 Number of DF basis functions:         341
 Schwarz screening threshold:            1.00e-10
 Coulomb fitting method:                 Cholesky
 Total number of grid points:        14736
 Method for AO orthogonalization:        symmetric
 Threshold for linear dependence:        1.00e-08
 D3 dispersion energy:                  -0.000000291

 -------------------------------------
  Running unrestricted open-shell SCF 
 -------------------------------------
 Max number of iterations:             128
 Conv. threshold (gradient):             1.00e-05
 Conv. threshold (energy):               1.00e-06
 Interpolation scheme:                   adiis+cdiis
 Initial guess:                          SAD

 ---------------------------------------------------------------
                  energy        change          grad        time
 ---------------------------------------------------------------
   0      -924.366512443                    2.64e+00        0.03
   1      -924.277020687      8.95e-02      1.09e+00        0.03
   2      -918.904699034      5.37e+00      4.09e+00        0.02
   3      -924.163012769     -5.26e+00      1.32e+00        0.03
   4      -924.672233672     -5.09e-01      8.11e-02        0.03
   5      -924.670314191      1.92e-03      1.11e-01        0.03
   6      -924.674748437     -4.43e-03      1.63e-02        0.03
   7      -924.674974842     -2.26e-04      9.43e-03        0.02
   8      -924.675060039     -8.52e-05      4.56e-03        0.03
   9      -924.675091993     -3.20e-05      2.65e-03        0.03
  10      -924.675102177     -1.02e-05      1.10e-03        0.03
  11      -924.675103908     -1.73e-06      3.70e-04        0.03
  12      -924.675103992     -8.34e-08      9.87e-05        0.03
  13      -924.675104000     -8.08e-09      2.48e-05        0.03
  14      -924.675104000     -6.13e-10      6.99e-06        0.03

 SCF converged in 14 iterations.

 Dipole moment (in Debye):              -0.000000      -0.000000      -3.658495

 Quadrupole moment (in Debye-Angstrom):
                  1            2            3
 1       -22.156164     0.000004     0.000001
 2         0.000004   -22.156164     0.000001
 3         0.000001     0.000001   -26.713736

 Spin-squared expectation <S^2>:         2.012
 Total spin quantum number S:            1.004
 TOTAL ENERGY:                        -924.675104001

 --------------------------------------------------------------------------------

 End time:                               Wed Jun  2 11:51:31 2021
 Total wall-clock time:                  3.640 seconds
==================================================================================
