
================================================================================
          _____________ ________ _______________ ________     _________         
         / ___________// ______ \\_____   _____// ______ \   / ________)        
        / /_________  / /      \ \     | |     / /      \ \ | (_______          
       |  __________|| |        | |    | |    | |        | | \________ \        
        \ \_________ | |        | |    | |     \ \______/ /___________) |       
         \__________||_|        |_|    |_|      \________//____________/        
                                                                                
====================================[ Qcore ]===================================

 Git hash:   15a3e7daff0cda5fa9af010ccd19a80288182ecf
 Git date:   Fri, 16 Apr 2021 15:57:16 +0100
 Compiler:   GNU 9.1.0
 Build type: Release
 Version:    1.1.0

 Start time: Wed Jun  2 11:51:31 2021

 Data directory: /work/zw18965/.local/qcore/share/entos/1.1.0/data
 Number of threads: 24
 Number of threads was determined by: command line argument
  - More threads can be used by running 'qcore -n 32'

 --------------------------------------------------------------------------------
                                   command: dft                                  
 --------------------------------------------------------------------------------
 AO basis set:                           aug-cc-pvtz
 Number of AO basis functions:         143

 Formula:                                STi
 Nuclear charge:                        38.000000000
 Total charge:                           0.000000000
 Number of electrons:                   38.000000000

 Number of alpha electrons:             20
 Number of beta electrons:              18
 Number of unpaired electrons:           2
 Spin:                                   2
 Multiplicity:                           triplet

 Theory:                                 dft
 Exchange-correlation functional:        wb97xd3

 Using range separated hybrid functional
 Range separation parameter:             0.250000000
 Short range exact exchange:             0.195728000
 Total long range exact exchange:        1.000000000

 Method for Coulomb:                     incore_df
 Method for exact exchange:              pre_transformed_df
 Integral threshold:                     1.00e-12
 DF basis set:                           def2-tzvp-jkfit(spdfghi)
 Number of DF basis functions:         392
 Schwarz screening threshold:            1.00e-10
 Coulomb fitting method:                 Cholesky
 Total number of grid points:        15142
 Method for AO orthogonalization:        symmetric
 Threshold for linear dependence:        1.00e-08
 D3 dispersion energy:                  -0.000001288

 -------------------------------------
  Running unrestricted open-shell SCF 
 -------------------------------------
 Max number of iterations:             128
 Conv. threshold (gradient):             1.00e-05
 Conv. threshold (energy):               1.00e-06
 Interpolation scheme:                   adiis+cdiis
 Initial guess:                          SAD

 ---------------------------------------------------------------
                  energy        change          grad        time
 ---------------------------------------------------------------
   0     -1247.479577372                    2.72e+00        0.03
   1     -1247.436623986      4.30e-02      8.07e-01        0.03
   2     -1244.642504084      2.79e+00      3.19e+00        0.03
   3     -1247.387428355     -2.74e+00      8.74e-01        0.03
   4     -1247.633462103     -2.46e-01      1.26e-01        0.03
   5     -1247.630368667      3.09e-03      1.26e-01        0.03
   6     -1247.637673074     -7.30e-03      4.66e-02        0.04
   7     -1247.638253100     -5.80e-04      2.58e-02        0.04
   8     -1247.639042357     -7.89e-04      9.36e-03        0.03
   9     -1247.639246997     -2.05e-04      5.38e-03        0.03
  10     -1247.639304654     -5.77e-05      2.84e-03        0.03
  11     -1247.639319113     -1.45e-05      1.44e-03        0.03
  12     -1247.639326531     -7.42e-06      7.61e-04        0.03
  13     -1247.639329458     -2.93e-06      2.96e-04        0.03
  14     -1247.639329779     -3.21e-07      1.23e-04        0.03
  15     -1247.639329831     -5.17e-08      8.02e-05        0.03
  16     -1247.639329853     -2.22e-08      3.79e-05        0.03
  17     -1247.639329861     -7.72e-09      2.66e-05        0.04
  18     -1247.639329863     -2.05e-09      1.71e-05        0.03
  19     -1247.639329863     -2.66e-10      7.43e-06        0.03

 SCF converged in 19 iterations.

 Dipole moment (in Debye):              -0.000001      -0.000001      -6.616097

 Quadrupole moment (in Debye-Angstrom):
                  1            2            3
 1       -30.903120    -0.000000     0.000002
 2        -0.000000   -30.903120     0.000002
 3         0.000002     0.000002   -26.420895

 Spin-squared expectation <S^2>:         2.036
 Total spin quantum number S:            1.012
 TOTAL ENERGY:                       -1247.639329863

 --------------------------------------------------------------------------------

 End time:                               Wed Jun  2 11:51:35 2021
 Total wall-clock time:                  4.176 seconds
==================================================================================
