
================================================================================
          _____________ ________ _______________ ________     _________         
         / ___________// ______ \\_____   _____// ______ \   / ________)        
        / /_________  / /      \ \     | |     / /      \ \ | (_______          
       |  __________|| |        | |    | |    | |        | | \________ \        
        \ \_________ | |        | |    | |     \ \______/ /___________) |       
         \__________||_|        |_|    |_|      \________//____________/        
                                                                                
====================================[ Qcore ]===================================

 Git hash:   15a3e7daff0cda5fa9af010ccd19a80288182ecf
 Git date:   Fri, 16 Apr 2021 15:57:16 +0100
 Compiler:   GNU 9.1.0
 Build type: Release
 Version:    1.1.0

 Start time: Wed Jun  2 11:51:47 2021

 Data directory: /work/zw18965/.local/qcore/share/entos/1.1.0/data
 Number of threads: 24
 Number of threads was determined by: command line argument
  - More threads can be used by running 'qcore -n 32'

 --------------------------------------------------------------------------------
                                   command: dft                                  
 --------------------------------------------------------------------------------
 AO basis set:                           aug-cc-pvtz
 Number of AO basis functions:         152

 Formula:                                VBr
 Nuclear charge:                        58.000000000
 Total charge:                           0.000000000
 Number of electrons:                   58.000000000

 Number of alpha electrons:             31
 Number of beta electrons:              27
 Number of unpaired electrons:           4
 Spin:                                   4
 Multiplicity:                           quintet

 Theory:                                 dft
 Exchange-correlation functional:        wb97xd3

 Using range separated hybrid functional
 Range separation parameter:             0.250000000
 Short range exact exchange:             0.195728000
 Total long range exact exchange:        1.000000000

 Method for Coulomb:                     incore_df
 Method for exact exchange:              pre_transformed_df
 Integral threshold:                     1.00e-12
 DF basis set:                           def2-tzvp-jkfit(spdfghi)
 Number of DF basis functions:         530
 Schwarz screening threshold:            1.00e-10
 Coulomb fitting method:                 Cholesky
 Total number of grid points:        16016
 Method for AO orthogonalization:        symmetric
 Threshold for linear dependence:        1.00e-08
 D3 dispersion energy:                  -0.000008114

 -------------------------------------
  Running unrestricted open-shell SCF 
 -------------------------------------
 Max number of iterations:             128
 Conv. threshold (gradient):             1.00e-05
 Conv. threshold (energy):               1.00e-06
 Interpolation scheme:                   adiis+cdiis
 Initial guess:                          SAD

 ---------------------------------------------------------------
                  energy        change          grad        time
 ---------------------------------------------------------------
   0     -3517.785039794                    2.07e+00        0.04
   1     -3518.032425573     -2.47e-01      8.68e-01        0.04
   2     -3515.659867142      2.37e+00      3.27e+00        0.04
   3     -3518.119174993     -2.46e+00      7.45e-01        0.04
   4     -3518.255013105     -1.36e-01      2.07e-01        0.04
   5     -3518.251010052      4.00e-03      2.36e-01        0.04
   6     -3518.266474535     -1.55e-02      3.83e-02        0.04
   7     -3518.267416804     -9.42e-04      2.85e-02        0.04
   8     -3518.268555683     -1.14e-03      2.22e-02        0.04
   9     -3518.269020717     -4.65e-04      1.45e-02        0.04
  10     -3518.269296850     -2.76e-04      6.62e-03        0.04
  11     -3518.269343590     -4.67e-05      3.85e-03        0.04
  12     -3518.269358490     -1.49e-05      2.24e-03        0.03
  13     -3518.269363374     -4.88e-06      1.77e-03        0.03
  14     -3518.269368664     -5.29e-06      1.20e-03        0.03
  15     -3518.269371452     -2.79e-06      4.50e-04        0.03
  16     -3518.269371917     -4.65e-07      2.22e-04        0.03
  17     -3518.269371995     -7.76e-08      5.40e-05        0.04
  18     -3518.269371996     -1.68e-09      2.02e-05        0.04
  19     -3518.269371996     -2.62e-10      4.68e-06        0.04

 SCF converged in 19 iterations.

 Dipole moment (in Debye):               0.000001       0.000001      -5.366663

 Quadrupole moment (in Debye-Angstrom):
                  1            2            3
 1       -35.203931     1.093332    -0.000002
 2         1.093332   -35.204523    -0.000002
 3        -0.000002    -0.000002   -26.639216

 Spin-squared expectation <S^2>:         6.009
 Total spin quantum number S:            2.002
 TOTAL ENERGY:                       -3518.269371997

 --------------------------------------------------------------------------------

 End time:                               Wed Jun  2 11:51:52 2021
 Total wall-clock time:                  5.291 seconds
==================================================================================
