
================================================================================
          _____________ ________ _______________ ________     _________         
         / ___________// ______ \\_____   _____// ______ \   / ________)        
        / /_________  / /      \ \     | |     / /      \ \ | (_______          
       |  __________|| |        | |    | |    | |        | | \________ \        
        \ \_________ | |        | |    | |     \ \______/ /___________) |       
         \__________||_|        |_|    |_|      \________//____________/        
                                                                                
====================================[ Qcore ]===================================

 Git hash:   15a3e7daff0cda5fa9af010ccd19a80288182ecf
 Git date:   Fri, 16 Apr 2021 15:57:16 +0100
 Compiler:   GNU 9.1.0
 Build type: Release
 Version:    1.1.0

 Start time: Wed Jun  2 11:51:56 2021

 Data directory: /work/zw18965/.local/qcore/share/entos/1.1.0/data
 Number of threads: 24
 Number of threads was determined by: command line argument
  - More threads can be used by running 'qcore -n 32'

 --------------------------------------------------------------------------------
                                   command: dft                                  
 --------------------------------------------------------------------------------
 AO basis set:                           aug-cc-pvtz
 Number of AO basis functions:         143

 Formula:                                SV
 Nuclear charge:                        39.000000000
 Total charge:                           0.000000000
 Number of electrons:                   39.000000000

 Number of alpha electrons:             21
 Number of beta electrons:              18
 Number of unpaired electrons:           3
 Spin:                                   3
 Multiplicity:                           quartet

 Theory:                                 dft
 Exchange-correlation functional:        wb97xd3

 Using range separated hybrid functional
 Range separation parameter:             0.250000000
 Short range exact exchange:             0.195728000
 Total long range exact exchange:        1.000000000

 Method for Coulomb:                     incore_df
 Method for exact exchange:              pre_transformed_df
 Integral threshold:                     1.00e-12
 DF basis set:                           def2-tzvp-jkfit(spdfghi)
 Number of DF basis functions:         392
 Schwarz screening threshold:            1.00e-10
 Coulomb fitting method:                 Cholesky
 Total number of grid points:        15202
 Method for AO orthogonalization:        symmetric
 Threshold for linear dependence:        1.00e-08
 D3 dispersion energy:                  -0.000001371

 -------------------------------------
  Running unrestricted open-shell SCF 
 -------------------------------------
 Max number of iterations:             128
 Conv. threshold (gradient):             1.00e-05
 Conv. threshold (energy):               1.00e-06
 Interpolation scheme:                   adiis+cdiis
 Initial guess:                          SAD

 ---------------------------------------------------------------
                  energy        change          grad        time
 ---------------------------------------------------------------
   0     -1341.721498196                    2.84e+00        0.03
   1     -1341.665078130      5.64e-02      1.34e+00        0.03
   2     -1333.060800580      8.60e+00      4.91e+00        0.03
   3     -1340.999499649     -7.94e+00      2.00e+00        0.03
   4     -1342.162518894     -1.16e+00      1.38e-01        0.03
   5     -1342.142947773      1.96e-02      4.02e-01        0.03
   6     -1342.174005360     -3.11e-02      9.91e-02        0.03
   7     -1342.173816465      1.89e-04      8.12e-02        0.04
   8     -1342.177784885     -3.97e-03      2.06e-02        0.03
   9     -1342.178476214     -6.91e-04      1.11e-02        0.03
  10     -1342.178640546     -1.64e-04      6.10e-03        0.03
  11     -1342.178695263     -5.47e-05      2.31e-03        0.03
  12     -1342.178709214     -1.40e-05      1.67e-03        0.03
  13     -1342.178712872     -3.66e-06      6.47e-04        0.03
  14     -1342.178713493     -6.21e-07      3.56e-04        0.03
  15     -1342.178713620     -1.27e-07      1.27e-04        0.03
  16     -1342.178713670     -4.99e-08      9.39e-05        0.03
  17     -1342.178713694     -2.37e-08      3.54e-05        0.03
  18     -1342.178713699     -5.13e-09      2.35e-05        0.03
  19     -1342.178713700     -8.79e-10      7.70e-06        0.03

 SCF converged in 19 iterations.

 Dipole moment (in Debye):               0.000001       0.000001      -6.874539

 Quadrupole moment (in Debye-Angstrom):
                  1            2            3
 1       -29.808477     0.000000    -0.000001
 2         0.000000   -29.808477    -0.000001
 3        -0.000001    -0.000001   -23.923469

 Spin-squared expectation <S^2>:         3.865
 Total spin quantum number S:            1.529
 TOTAL ENERGY:                       -1342.178713700

 --------------------------------------------------------------------------------

 End time:                               Wed Jun  2 11:52:00 2021
 Total wall-clock time:                  4.054 seconds
==================================================================================
