
================================================================================
          _____________ ________ _______________ ________     _________         
         / ___________// ______ \\_____   _____// ______ \   / ________)        
        / /_________  / /      \ \     | |     / /      \ \ | (_______          
       |  __________|| |        | |    | |    | |        | | \________ \        
        \ \_________ | |        | |    | |     \ \______/ /___________) |       
         \__________||_|        |_|    |_|      \________//____________/        
                                                                                
====================================[ Qcore ]===================================

 Git hash:   15a3e7daff0cda5fa9af010ccd19a80288182ecf
 Git date:   Fri, 16 Apr 2021 15:57:16 +0100
 Compiler:   GNU 9.1.0
 Build type: Release
 Version:    1.1.0

 Start time: Wed Jun  2 11:52:00 2021

 Data directory: /work/zw18965/.local/qcore/share/entos/1.1.0/data
 Number of threads: 24
 Number of threads was determined by: command line argument
  - More threads can be used by running 'qcore -n 32'

 --------------------------------------------------------------------------------
                                   command: dft                                  
 --------------------------------------------------------------------------------
 AO basis set:                           aug-cc-pvtz
 Number of AO basis functions:         116

 Formula:                                HCr
 Nuclear charge:                        25.000000000
 Total charge:                           0.000000000
 Number of electrons:                   25.000000000

 Number of alpha electrons:             15
 Number of beta electrons:              10
 Number of unpaired electrons:           5
 Spin:                                   5
 Multiplicity:                           septet

 Theory:                                 dft
 Exchange-correlation functional:        wb97xd3

 Using range separated hybrid functional
 Range separation parameter:             0.250000000
 Short range exact exchange:             0.195728000
 Total long range exact exchange:        1.000000000

 Method for Coulomb:                     incore_df
 Method for exact exchange:              pre_transformed_df
 Integral threshold:                     1.00e-12
 DF basis set:                           def2-tzvp-jkfit(spdfghi)
 Number of DF basis functions:         282
 Schwarz screening threshold:            1.00e-10
 Coulomb fitting method:                 Cholesky
 Total number of grid points:        13718
 Method for AO orthogonalization:        symmetric
 Threshold for linear dependence:        1.00e-08
 D3 dispersion energy:                  -0.000000640

 -------------------------------------
  Running unrestricted open-shell SCF 
 -------------------------------------
 Max number of iterations:             128
 Conv. threshold (gradient):             1.00e-05
 Conv. threshold (energy):               1.00e-06
 Interpolation scheme:                   adiis+cdiis
 Initial guess:                          SAD

 ---------------------------------------------------------------
                  energy        change          grad        time
 ---------------------------------------------------------------
   0     -1044.351978560                    1.46e+00        0.03
   1     -1044.823940464     -4.72e-01      8.39e-01        0.02
   2     -1044.557723022      2.66e-01      1.51e+00        0.02
   3     -1045.013618546     -4.56e-01      2.34e-01        0.02
   4     -1045.003264881      1.04e-02      3.26e-01        0.02
   5     -1045.029051198     -2.58e-02      3.85e-02        0.02
   6     -1045.029825153     -7.74e-04      3.90e-02        0.02
   7     -1045.030366097     -5.41e-04      9.12e-03        0.02
   8     -1045.030435159     -6.91e-05      3.72e-03        0.02
   9     -1045.030453709     -1.86e-05      2.80e-03        0.02
  10     -1045.030465103     -1.14e-05      1.21e-03        0.02
  11     -1045.030467638     -2.53e-06      2.76e-04        0.02
  12     -1045.030467851     -2.13e-07      1.48e-04        0.02
  13     -1045.030467939     -8.86e-08      8.89e-05        0.02
  14     -1045.030467964     -2.46e-08      2.57e-05        0.02
  15     -1045.030467966     -2.17e-09      6.95e-06        0.02

 SCF converged in 15 iterations.

 Dipole moment (in Debye):              -0.000000      -0.000000      -3.670814

 Quadrupole moment (in Debye-Angstrom):
                  1            2            3
 1       -16.848954    -0.000000     0.000000
 2        -0.000000   -16.848954     0.000000
 3         0.000000     0.000000   -19.440603

 Spin-squared expectation <S^2>:         8.775
 Total spin quantum number S:            2.504
 TOTAL ENERGY:                       -1045.030467966

 --------------------------------------------------------------------------------

 End time:                               Wed Jun  2 11:52:03 2021
 Total wall-clock time:                  3.233 seconds
==================================================================================
