
================================================================================
          _____________ ________ _______________ ________     _________         
         / ___________// ______ \\_____   _____// ______ \   / ________)        
        / /_________  / /      \ \     | |     / /      \ \ | (_______          
       |  __________|| |        | |    | |    | |        | | \________ \        
        \ \_________ | |        | |    | |     \ \______/ /___________) |       
         \__________||_|        |_|    |_|      \________//____________/        
                                                                                
====================================[ Qcore ]===================================

 Git hash:   15a3e7daff0cda5fa9af010ccd19a80288182ecf
 Git date:   Fri, 16 Apr 2021 15:57:16 +0100
 Compiler:   GNU 9.1.0
 Build type: Release
 Version:    1.1.0

 Start time: Wed Jun  2 11:52:16 2021

 Data directory: /work/zw18965/.local/qcore/share/entos/1.1.0/data
 Number of threads: 24
 Number of threads was determined by: command line argument
  - More threads can be used by running 'qcore -n 32'

 --------------------------------------------------------------------------------
                                   command: dft                                  
 --------------------------------------------------------------------------------
 AO basis set:                           aug-cc-pvtz
 Number of AO basis functions:         139

 Formula:                                OCr
 Nuclear charge:                        32.000000000
 Total charge:                           0.000000000
 Number of electrons:                   32.000000000

 Number of alpha electrons:             18
 Number of beta electrons:              14
 Number of unpaired electrons:           4
 Spin:                                   4
 Multiplicity:                           quintet

 Theory:                                 dft
 Exchange-correlation functional:        wb97xd3

 Using range separated hybrid functional
 Range separation parameter:             0.250000000
 Short range exact exchange:             0.195728000
 Total long range exact exchange:        1.000000000

 Method for Coulomb:                     incore_df
 Method for exact exchange:              pre_transformed_df
 Integral threshold:                     1.00e-12
 DF basis set:                           def2-tzvp-jkfit(spdfghi)
 Number of DF basis functions:         341
 Schwarz screening threshold:            1.00e-10
 Coulomb fitting method:                 Cholesky
 Total number of grid points:        14772
 Method for AO orthogonalization:        symmetric
 Threshold for linear dependence:        1.00e-08
 D3 dispersion energy:                  -0.000001605

 -------------------------------------
  Running unrestricted open-shell SCF 
 -------------------------------------
 Max number of iterations:             128
 Conv. threshold (gradient):             1.00e-05
 Conv. threshold (energy):               1.00e-06
 Interpolation scheme:                   adiis+cdiis
 Initial guess:                          SAD

 ---------------------------------------------------------------
                  energy        change          grad        time
 ---------------------------------------------------------------
   0     -1119.048207760                    2.86e+00        0.03
   1     -1118.895639164      1.53e-01      1.70e+00        0.03
   2     -1106.829083563      1.21e+01      9.55e+00        0.02
   3     -1117.884088991     -1.11e+01      2.74e+00        0.02
   4     -1119.649169916     -1.77e+00      2.11e-01        0.03
   5     -1119.587095536      6.21e-02      5.85e-01        0.03
   6     -1119.661646137     -7.46e-02      1.70e-01        0.03
   7     -1119.659332621      2.31e-03      1.77e-01        0.03
   8     -1119.668230645     -8.90e-03      2.87e-02        0.03
   9     -1119.668747916     -5.17e-04      2.85e-02        0.03
  10     -1119.669603486     -8.56e-04      1.47e-02        0.03
  11     -1119.669830252     -2.27e-04      1.04e-02        0.03
  12     -1119.669951406     -1.21e-04      4.72e-03        0.03
  13     -1119.669997800     -4.64e-05      4.65e-03        0.03
  14     -1119.670011484     -1.37e-05      1.30e-03        0.03
  15     -1119.670013515     -2.03e-06      5.60e-04        0.03
  16     -1119.670013608     -9.27e-08      1.65e-04        0.03
  17     -1119.670013624     -1.56e-08      5.08e-05        0.03
  18     -1119.670013628     -4.04e-09      3.47e-05        0.02
  19     -1119.670013629     -1.25e-09      1.46e-05        0.03
  20     -1119.670013630     -4.57e-10      7.85e-06        0.03

 SCF converged in 20 iterations.

 Dipole moment (in Debye):               0.000000       0.000000      -4.534079

 Quadrupole moment (in Debye-Angstrom):
                  1            2            3
 1       -20.641468     0.790162    -0.000000
 2         0.790162   -20.835462    -0.000000
 3        -0.000000    -0.000000   -22.711312

 Spin-squared expectation <S^2>:         6.145
 Total spin quantum number S:            2.029
 TOTAL ENERGY:                       -1119.670013630

 --------------------------------------------------------------------------------

 End time:                               Wed Jun  2 11:52:20 2021
 Total wall-clock time:                  3.853 seconds
==================================================================================
