
================================================================================
          _____________ ________ _______________ ________     _________         
         / ___________// ______ \\_____   _____// ______ \   / ________)        
        / /_________  / /      \ \     | |     / /      \ \ | (_______          
       |  __________|| |        | |    | |    | |        | | \________ \        
        \ \_________ | |        | |    | |     \ \______/ /___________) |       
         \__________||_|        |_|    |_|      \________//____________/        
                                                                                
====================================[ Qcore ]===================================

 Git hash:   15a3e7daff0cda5fa9af010ccd19a80288182ecf
 Git date:   Fri, 16 Apr 2021 15:57:16 +0100
 Compiler:   GNU 9.1.0
 Build type: Release
 Version:    1.1.0

 Start time: Wed Jun  2 11:52:32 2021

 Data directory: /work/zw18965/.local/qcore/share/entos/1.1.0/data
 Number of threads: 24
 Number of threads was determined by: command line argument
  - More threads can be used by running 'qcore -n 32'

 --------------------------------------------------------------------------------
                                   command: dft                                  
 --------------------------------------------------------------------------------
 AO basis set:                           aug-cc-pvtz
 Number of AO basis functions:         143

 Formula:                                ClMn
 Nuclear charge:                        42.000000000
 Total charge:                           0.000000000
 Number of electrons:                   42.000000000

 Number of alpha electrons:             24
 Number of beta electrons:              18
 Number of unpaired electrons:           6
 Spin:                                   6
 Multiplicity:                           octet

 Theory:                                 dft
 Exchange-correlation functional:        wb97xd3

 Using range separated hybrid functional
 Range separation parameter:             0.250000000
 Short range exact exchange:             0.195728000
 Total long range exact exchange:        1.000000000

 Method for Coulomb:                     incore_df
 Method for exact exchange:              pre_transformed_df
 Integral threshold:                     1.00e-12
 DF basis set:                           def2-tzvp-jkfit(spdfghi)
 Number of DF basis functions:         392
 Schwarz screening threshold:            1.00e-10
 Coulomb fitting method:                 Cholesky
 Total number of grid points:        15430
 Method for AO orthogonalization:        symmetric
 Threshold for linear dependence:        1.00e-08
 D3 dispersion energy:                  -0.000005920

 -------------------------------------
  Running unrestricted open-shell SCF 
 -------------------------------------
 Max number of iterations:             128
 Conv. threshold (gradient):             1.00e-05
 Conv. threshold (energy):               1.00e-06
 Interpolation scheme:                   adiis+cdiis
 Initial guess:                          SAD

 ---------------------------------------------------------------
                  energy        change          grad        time
 ---------------------------------------------------------------
   0     -1610.699824986                    2.11e+00        0.03
   1     -1611.221754780     -5.22e-01      4.01e-01        0.03
   2     -1611.202091929      1.97e-02      3.79e-01        0.03
   3     -1611.288554664     -8.65e-02      4.93e-02        0.03
   4     -1611.291068379     -2.51e-03      3.38e-02        0.03
   5     -1611.292046300     -9.78e-04      1.59e-02        0.03
   6     -1611.292269515     -2.23e-04      4.91e-03        0.02
   7     -1611.292288345     -1.88e-05      1.18e-03        0.03
   8     -1611.292289268     -9.23e-07      3.86e-04        0.03
   9     -1611.292289454     -1.86e-07      1.57e-04        0.03
  10     -1611.292289468     -1.46e-08      4.34e-05        0.03
  11     -1611.292289469     -9.87e-10      1.46e-05        0.03
  12     -1611.292289469     -1.31e-10      4.76e-06        0.03

 SCF converged in 12 iterations.

 Dipole moment (in Debye):              -0.000000      -0.000000      -2.781336

 Quadrupole moment (in Debye-Angstrom):
                  1            2            3
 1       -28.108039    -0.000000     0.000000
 2        -0.000000   -28.108039     0.000000
 3         0.000000     0.000000   -34.265440

 Spin-squared expectation <S^2>:        12.002
 Total spin quantum number S:            3.000
 TOTAL ENERGY:                       -1611.292289469

 --------------------------------------------------------------------------------

 End time:                               Wed Jun  2 11:52:35 2021
 Total wall-clock time:                  3.845 seconds
==================================================================================
