
================================================================================
          _____________ ________ _______________ ________     _________         
         / ___________// ______ \\_____   _____// ______ \   / ________)        
        / /_________  / /      \ \     | |     / /      \ \ | (_______          
       |  __________|| |        | |    | |    | |        | | \________ \        
        \ \_________ | |        | |    | |     \ \______/ /___________) |       
         \__________||_|        |_|    |_|      \________//____________/        
                                                                                
====================================[ Qcore ]===================================

 Git hash:   15a3e7daff0cda5fa9af010ccd19a80288182ecf
 Git date:   Fri, 16 Apr 2021 15:57:16 +0100
 Compiler:   GNU 9.1.0
 Build type: Release
 Version:    1.1.0

 Start time: Wed Jun  2 11:52:46 2021

 Data directory: /work/zw18965/.local/qcore/share/entos/1.1.0/data
 Number of threads: 24
 Number of threads was determined by: command line argument
  - More threads can be used by running 'qcore -n 32'

 --------------------------------------------------------------------------------
                                   command: dft                                  
 --------------------------------------------------------------------------------
 AO basis set:                           aug-cc-pvtz
 Number of AO basis functions:         143

 Formula:                                SMn
 Nuclear charge:                        41.000000000
 Total charge:                           0.000000000
 Number of electrons:                   41.000000000

 Number of alpha electrons:             23
 Number of beta electrons:              18
 Number of unpaired electrons:           5
 Spin:                                   5
 Multiplicity:                           septet

 Theory:                                 dft
 Exchange-correlation functional:        wb97xd3

 Using range separated hybrid functional
 Range separation parameter:             0.250000000
 Short range exact exchange:             0.195728000
 Total long range exact exchange:        1.000000000

 Method for Coulomb:                     incore_df
 Method for exact exchange:              pre_transformed_df
 Integral threshold:                     1.00e-12
 DF basis set:                           def2-tzvp-jkfit(spdfghi)
 Number of DF basis functions:         392
 Schwarz screening threshold:            1.00e-10
 Coulomb fitting method:                 Cholesky
 Total number of grid points:        15286
 Method for AO orthogonalization:        symmetric
 Threshold for linear dependence:        1.00e-08
 D3 dispersion energy:                  -0.000001299

 -------------------------------------
  Running unrestricted open-shell SCF 
 -------------------------------------
 Max number of iterations:             128
 Conv. threshold (gradient):             1.00e-05
 Conv. threshold (energy):               1.00e-06
 Interpolation scheme:                   adiis+cdiis
 Initial guess:                          SAD

WARNING: atomic SCF not converged for Mn atom. Will fall back to diagonal density


 ---------------------------------------------------------------
                  energy        change          grad        time
 ---------------------------------------------------------------
   0      -467.624133530                    8.15e+00        0.03
   1     -1191.130262638     -7.24e+02      9.97e+00        0.03
   2     -1075.617900002      1.16e+02      2.01e+01        0.03
   3     -1536.988566722     -4.61e+02      4.66e+00        0.03
   4     -1518.026183659      1.90e+01      9.62e+00        0.03
   5     -1548.667448916     -3.06e+01      1.10e+00        0.03
   6     -1546.042377780      2.63e+00      3.65e+00        0.03
   7     -1549.141244617     -3.10e+00      5.44e-01        0.03
   8     -1549.033291313      1.08e-01      8.05e-01        0.04
   9     -1549.219769626     -1.86e-01      1.48e-01        0.04
  10     -1549.217394433      2.38e-03      1.78e-01        0.04
  11     -1549.229709834     -1.23e-02      1.00e-01        0.04
  12     -1549.227661762      2.05e-03      1.14e-01        0.04
  13     -1549.232612102     -4.95e-03      1.68e-02        0.04
  14     -1549.232988093     -3.76e-04      1.20e-02        0.04
  15     -1549.233449640     -4.62e-04      3.64e-03        0.03
  16     -1549.233483791     -3.42e-05      1.54e-03        0.03
  17     -1549.233488971     -5.18e-06      7.48e-04        0.03
  18     -1549.233490488     -1.52e-06      3.91e-04        0.03
  19     -1549.233490889     -4.00e-07      1.63e-04        0.03
  20     -1549.233490931     -4.21e-08      6.60e-05        0.03
  21     -1549.233490936     -5.24e-09      5.48e-05        0.03
  22     -1549.233490937     -1.61e-09      1.25e-05        0.03
  23     -1549.233490938     -2.18e-10      2.50e-06        0.03

 SCF converged in 23 iterations.

 Dipole moment (in Debye):               0.000000       0.000000      -6.923162

 Quadrupole moment (in Debye-Angstrom):
                  1            2            3
 1       -29.182976    -0.000007     0.000000
 2        -0.000007   -29.182976     0.000000
 3         0.000000     0.000000   -25.429519

 Spin-squared expectation <S^2>:         8.800
 Total spin quantum number S:            2.508
 TOTAL ENERGY:                       -1549.233490938

 --------------------------------------------------------------------------------

 End time:                               Wed Jun  2 11:52:51 2021
 Total wall-clock time:                  5.486 seconds
==================================================================================
