
================================================================================
          _____________ ________ _______________ ________     _________         
         / ___________// ______ \\_____   _____// ______ \   / ________)        
        / /_________  / /      \ \     | |     / /      \ \ | (_______          
       |  __________|| |        | |    | |    | |        | | \________ \        
        \ \_________ | |        | |    | |     \ \______/ /___________) |       
         \__________||_|        |_|    |_|      \________//____________/        
                                                                                
====================================[ Qcore ]===================================

 Git hash:   15a3e7daff0cda5fa9af010ccd19a80288182ecf
 Git date:   Fri, 16 Apr 2021 15:57:16 +0100
 Compiler:   GNU 9.1.0
 Build type: Release
 Version:    1.1.0

 Start time: Wed Jun  2 11:53:00 2021

 Data directory: /work/zw18965/.local/qcore/share/entos/1.1.0/data
 Number of threads: 24
 Number of threads was determined by: command line argument
  - More threads can be used by running 'qcore -n 32'

 --------------------------------------------------------------------------------
                                   command: dft                                  
 --------------------------------------------------------------------------------
 AO basis set:                           aug-cc-pvtz
 Number of AO basis functions:         143

 Formula:                                ClFe
 Nuclear charge:                        43.000000000
 Total charge:                           0.000000000
 Number of electrons:                   43.000000000

 Number of alpha electrons:             24
 Number of beta electrons:              19
 Number of unpaired electrons:           5
 Spin:                                   5
 Multiplicity:                           septet

 Theory:                                 dft
 Exchange-correlation functional:        wb97xd3

 Using range separated hybrid functional
 Range separation parameter:             0.250000000
 Short range exact exchange:             0.195728000
 Total long range exact exchange:        1.000000000

 Method for Coulomb:                     incore_df
 Method for exact exchange:              pre_transformed_df
 Integral threshold:                     1.00e-12
 DF basis set:                           def2-tzvp-jkfit(spdfghi)
 Number of DF basis functions:         392
 Schwarz screening threshold:            1.00e-10
 Coulomb fitting method:                 Cholesky
 Total number of grid points:        15430
 Method for AO orthogonalization:        symmetric
 Threshold for linear dependence:        1.00e-08
 D3 dispersion energy:                  -0.000005012

 -------------------------------------
  Running unrestricted open-shell SCF 
 -------------------------------------
 Max number of iterations:             128
 Conv. threshold (gradient):             1.00e-05
 Conv. threshold (energy):               1.00e-06
 Interpolation scheme:                   adiis+cdiis
 Initial guess:                          SAD

 ---------------------------------------------------------------
                  energy        change          grad        time
 ---------------------------------------------------------------
   0     -1723.533043768                    1.98e+00        0.03
   1     -1723.714568714     -1.82e-01      1.01e+00        0.03
   2     -1720.303944706      3.41e+00      4.58e+00        0.03
   3     -1723.776563784     -3.47e+00      1.06e+00        0.03
   4     -1723.968407112     -1.92e-01      1.73e-01        0.03
   5     -1723.965670954      2.74e-03      2.53e-01        0.03
   6     -1723.979367702     -1.37e-02      3.39e-02        0.03
   7     -1723.980241277     -8.74e-04      4.24e-02        0.03
   8     -1723.981198743     -9.57e-04      2.11e-02        0.03
   9     -1723.981527392     -3.29e-04      2.09e-02        0.03
  10     -1723.981843807     -3.16e-04      2.08e-02        0.03
  11     -1723.982576354     -7.33e-04      2.01e-02        0.03
  12     -1723.984425728     -1.85e-03      1.87e-02        0.03
  13     -1723.982838055      1.59e-03      2.27e-02        0.03
  14     -1723.986270780     -3.43e-03      9.35e-02        0.03
  15     -1723.985527816      7.43e-04      1.12e-01        0.04
  16     -1723.986191693     -6.64e-04      9.55e-02        0.03
  17     -1723.986990752     -7.99e-04      7.20e-02        0.03
  18     -1723.987645495     -6.55e-04      4.75e-02        0.03
  19     -1723.988065039     -4.20e-04      2.70e-02        0.03
  20     -1723.988087627     -2.26e-05      2.73e-02        0.03
  21     -1723.988277256     -1.90e-04      1.09e-02        0.03
  22     -1723.988317119     -3.99e-05      3.43e-03        0.03
  23     -1723.988321859     -4.74e-06      7.76e-04        0.03
  24     -1723.988322185     -3.25e-07      2.20e-04        0.03
  25     -1723.988322207     -2.25e-08      6.92e-05        0.03
  26     -1723.988322214     -7.26e-09      3.85e-05        0.03
  27     -1723.988322217     -2.85e-09      1.89e-05        0.03
  28     -1723.988322218     -8.48e-10      1.25e-05        0.03
  29     -1723.988322219     -3.66e-10      8.52e-06        0.03

 SCF converged in 29 iterations.

 Dipole moment (in Debye):              -0.000000      -0.000003      -2.214768

 Quadrupole moment (in Debye-Angstrom):
                  1            2            3
 1       -27.783708     0.000001    -0.000001
 2         0.000001   -27.783725     0.000003
 3        -0.000001     0.000003   -32.791850

 Spin-squared expectation <S^2>:         8.754
 Total spin quantum number S:            2.501
 TOTAL ENERGY:                       -1723.988322219

 --------------------------------------------------------------------------------

 End time:                               Wed Jun  2 11:53:05 2021
 Total wall-clock time:                  4.394 seconds
==================================================================================
