
================================================================================
          _____________ ________ _______________ ________     _________         
         / ___________// ______ \\_____   _____// ______ \   / ________)        
        / /_________  / /      \ \     | |     / /      \ \ | (_______          
       |  __________|| |        | |    | |    | |        | | \________ \        
        \ \_________ | |        | |    | |     \ \______/ /___________) |       
         \__________||_|        |_|    |_|      \________//____________/        
                                                                                
====================================[ Qcore ]===================================

 Git hash:   15a3e7daff0cda5fa9af010ccd19a80288182ecf
 Git date:   Fri, 16 Apr 2021 15:57:16 +0100
 Compiler:   GNU 9.1.0
 Build type: Release
 Version:    1.1.0

 Start time: Wed Jun  2 11:53:20 2021

 Data directory: /work/zw18965/.local/qcore/share/entos/1.1.0/data
 Number of threads: 24
 Number of threads was determined by: command line argument
  - More threads can be used by running 'qcore -n 32'

 --------------------------------------------------------------------------------
                                   command: dft                                  
 --------------------------------------------------------------------------------
 AO basis set:                           aug-cc-pvtz
 Number of AO basis functions:         116

 Formula:                                HCo
 Nuclear charge:                        28.000000000
 Total charge:                           0.000000000
 Number of electrons:                   28.000000000

 Number of alpha electrons:             15
 Number of beta electrons:              13
 Number of unpaired electrons:           2
 Spin:                                   2
 Multiplicity:                           triplet

 Theory:                                 dft
 Exchange-correlation functional:        wb97xd3

 Using range separated hybrid functional
 Range separation parameter:             0.250000000
 Short range exact exchange:             0.195728000
 Total long range exact exchange:        1.000000000

 Method for Coulomb:                     incore_df
 Method for exact exchange:              pre_transformed_df
 Integral threshold:                     1.00e-12
 DF basis set:                           def2-tzvp-jkfit(spdfghi)
 Number of DF basis functions:         282
 Schwarz screening threshold:            1.00e-10
 Coulomb fitting method:                 Cholesky
 Total number of grid points:        13826
 Method for AO orthogonalization:        symmetric
 Threshold for linear dependence:        1.00e-08
 D3 dispersion energy:                  -0.000003609

 -------------------------------------
  Running unrestricted open-shell SCF 
 -------------------------------------
 Max number of iterations:             128
 Conv. threshold (gradient):             1.00e-05
 Conv. threshold (energy):               1.00e-06
 Interpolation scheme:                   adiis+cdiis
 Initial guess:                          SAD

 ---------------------------------------------------------------
                  energy        change          grad        time
 ---------------------------------------------------------------
   0     -1382.943452751                    2.00e+00        0.03
   1     -1383.344913002     -4.01e-01      2.39e-01        0.02
   2     -1383.358542434     -1.36e-02      1.99e-01        0.02
   3     -1383.342637751      1.59e-02      3.13e-01        0.02
   4     -1383.370457059     -2.78e-02      8.04e-02        0.02
   5     -1383.371377296     -9.20e-04      6.15e-02        0.02
   6     -1383.372846433     -1.47e-03      9.12e-03        0.02
   7     -1383.372875325     -2.89e-05      3.31e-03        0.02
   8     -1383.372879748     -4.42e-06      1.09e-03        0.02
   9     -1383.372880685     -9.37e-07      5.17e-04        0.02
  10     -1383.372880876     -1.92e-07      1.52e-04        0.02
  11     -1383.372880897     -2.09e-08      5.15e-05        0.02
  12     -1383.372880899     -1.80e-09      1.49e-05        0.02
  13     -1383.372880899     -4.05e-10      6.33e-06        0.02

 SCF converged in 13 iterations.

 Dipole moment (in Debye):               0.000000       0.000000      -3.250865

 Quadrupole moment (in Debye-Angstrom):
                  1            2            3
 1       -14.841424    -0.000000    -0.000000
 2        -0.000000   -14.841423    -0.000002
 3        -0.000000    -0.000002   -17.032697

 Spin-squared expectation <S^2>:         2.014
 Total spin quantum number S:            1.005
 TOTAL ENERGY:                       -1383.372880899

 --------------------------------------------------------------------------------

 End time:                               Wed Jun  2 11:53:24 2021
 Total wall-clock time:                  3.284 seconds
==================================================================================
