
================================================================================
          _____________ ________ _______________ ________     _________         
         / ___________// ______ \\_____   _____// ______ \   / ________)        
        / /_________  / /      \ \     | |     / /      \ \ | (_______          
       |  __________|| |        | |    | |    | |        | | \________ \        
        \ \_________ | |        | |    | |     \ \______/ /___________) |       
         \__________||_|        |_|    |_|      \________//____________/        
                                                                                
====================================[ Qcore ]===================================

 Git hash:   15a3e7daff0cda5fa9af010ccd19a80288182ecf
 Git date:   Fri, 16 Apr 2021 15:57:16 +0100
 Compiler:   GNU 9.1.0
 Build type: Release
 Version:    1.1.0

 Start time: Wed Jun  2 11:53:34 2021

 Data directory: /work/zw18965/.local/qcore/share/entos/1.1.0/data
 Number of threads: 24
 Number of threads was determined by: command line argument
  - More threads can be used by running 'qcore -n 32'

 --------------------------------------------------------------------------------
                                   command: dft                                  
 --------------------------------------------------------------------------------
 AO basis set:                           aug-cc-pvtz
 Number of AO basis functions:         152

 Formula:                                CoBr
 Nuclear charge:                        62.000000000
 Total charge:                           0.000000000
 Number of electrons:                   62.000000000

 Number of alpha electrons:             32
 Number of beta electrons:              30
 Number of unpaired electrons:           2
 Spin:                                   2
 Multiplicity:                           triplet

 Theory:                                 dft
 Exchange-correlation functional:        wb97xd3

 Using range separated hybrid functional
 Range separation parameter:             0.250000000
 Short range exact exchange:             0.195728000
 Total long range exact exchange:        1.000000000

 Method for Coulomb:                     incore_df
 Method for exact exchange:              pre_transformed_df
 Integral threshold:                     1.00e-12
 DF basis set:                           def2-tzvp-jkfit(spdfghi)
 Number of DF basis functions:         530
 Schwarz screening threshold:            1.00e-10
 Coulomb fitting method:                 Cholesky
 Total number of grid points:        16100
 Method for AO orthogonalization:        symmetric
 Threshold for linear dependence:        1.00e-08
 D3 dispersion energy:                  -0.000005481

 -------------------------------------
  Running unrestricted open-shell SCF 
 -------------------------------------
 Max number of iterations:             128
 Conv. threshold (gradient):             1.00e-05
 Conv. threshold (energy):               1.00e-06
 Interpolation scheme:                   adiis+cdiis
 Initial guess:                          SAD

 ---------------------------------------------------------------
                  energy        change          grad        time
 ---------------------------------------------------------------
   0     -3956.811322630                    2.60e+00        0.04
   1     -3957.063929798     -2.53e-01      2.57e-01        0.04
   2     -3957.089661425     -2.57e-02      1.24e-01        0.03
   3     -3957.096456846     -6.80e-03      7.36e-02        0.03
   4     -3957.099928000     -3.47e-03      6.44e-02        0.04
   5     -3957.102809125     -2.88e-03      5.77e-02        0.04
   6     -3957.104003718     -1.19e-03      4.89e-02        0.03
   7     -3957.106504880     -2.50e-03      4.63e-02        0.03
   8     -3957.109266382     -2.76e-03      4.49e-02        0.04
   9     -3957.113880481     -4.61e-03      4.34e-02        0.03
  10     -3957.123157668     -9.28e-03      8.65e-02        0.04
  11     -3957.123333758     -1.76e-04      4.69e-02        0.04
  12     -3957.123965965     -6.32e-04      2.35e-02        0.04
  13     -3957.125029728     -1.06e-03      7.63e-02        0.04
  14     -3957.125120386     -9.07e-05      7.43e-02        0.03
  15     -3957.125130930     -1.05e-05      7.32e-02        0.03
  16     -3957.125392613     -2.62e-04      6.05e-02        0.03
  17     -3957.125808280     -4.16e-04      2.93e-02        0.04
  18     -3957.125969441     -1.61e-04      1.75e-02        0.04
  19     -3957.126058508     -8.91e-05      2.91e-03        0.03
  20     -3957.126079146     -2.06e-05      1.48e-03        0.03
  21     -3957.126083125     -3.98e-06      8.12e-04        0.04
  22     -3957.126083451     -3.26e-07      3.70e-04        0.04
  23     -3957.126083566     -1.15e-07      1.47e-04        0.03
  24     -3957.126083587     -2.17e-08      9.51e-05        0.03
  25     -3957.126083592     -5.13e-09      3.96e-05        0.03
  26     -3957.126083595     -2.76e-09      4.21e-05        0.04
  27     -3957.126083597     -2.07e-09      3.65e-05        0.04
  28     -3957.126083599     -2.11e-09      3.63e-05        0.03
  29     -3957.126083603     -3.54e-09      3.61e-05        0.04
  30     -3957.126083614     -1.09e-08      3.59e-05        0.03
  31     -3957.126083643     -2.94e-08      3.54e-05        0.04
  32     -3957.126083728     -8.43e-08      3.24e-05        0.03
  33     -3957.126083866     -1.39e-07      3.03e-05        0.03
  34     -3957.126083904     -3.81e-08      2.68e-05        0.04
  35     -3957.126084219     -3.15e-07      3.74e-05        0.03
  36     -3957.126084271     -5.21e-08      3.53e-05        0.03
  37     -3957.126084372     -1.01e-07      3.35e-05        0.03
  38     -3957.126084402     -3.00e-08      2.54e-05        0.04
  39     -3957.126084423     -2.08e-08      1.83e-05        0.03
  40     -3957.126084456     -3.32e-08      1.68e-05        0.04
  41     -3957.126084460     -3.70e-09      7.38e-06        0.04

 SCF converged in 41 iterations.

 Dipole moment (in Debye):              -0.000005       0.000009      -5.225828

 Quadrupole moment (in Debye-Angstrom):
                  1            2            3
 1       -32.851896    -0.274750     0.000012
 2        -0.274750   -32.851574    -0.000019
 3         0.000012    -0.000019   -24.745336

 Spin-squared expectation <S^2>:         2.025
 Total spin quantum number S:            1.008
 TOTAL ENERGY:                       -3957.126084462

 --------------------------------------------------------------------------------

 End time:                               Wed Jun  2 11:53:40 2021
 Total wall-clock time:                  6.173 seconds
==================================================================================
