
================================================================================
          _____________ ________ _______________ ________     _________         
         / ___________// ______ \\_____   _____// ______ \   / ________)        
        / /_________  / /      \ \     | |     / /      \ \ | (_______          
       |  __________|| |        | |    | |    | |        | | \________ \        
        \ \_________ | |        | |    | |     \ \______/ /___________) |       
         \__________||_|        |_|    |_|      \________//____________/        
                                                                                
====================================[ Qcore ]===================================

 Git hash:   15a3e7daff0cda5fa9af010ccd19a80288182ecf
 Git date:   Fri, 16 Apr 2021 15:57:16 +0100
 Compiler:   GNU 9.1.0
 Build type: Release
 Version:    1.1.0

 Start time: Wed Jun  2 11:53:44 2021

 Data directory: /work/zw18965/.local/qcore/share/entos/1.1.0/data
 Number of threads: 24
 Number of threads was determined by: command line argument
  - More threads can be used by running 'qcore -n 32'

 --------------------------------------------------------------------------------
                                   command: dft                                  
 --------------------------------------------------------------------------------
 AO basis set:                           aug-cc-pvtz
 Number of AO basis functions:         143

 Formula:                                SCo
 Nuclear charge:                        43.000000000
 Total charge:                           0.000000000
 Number of electrons:                   43.000000000

 Number of alpha electrons:             23
 Number of beta electrons:              20
 Number of unpaired electrons:           3
 Spin:                                   3
 Multiplicity:                           quartet

 Theory:                                 dft
 Exchange-correlation functional:        wb97xd3

 Using range separated hybrid functional
 Range separation parameter:             0.250000000
 Short range exact exchange:             0.195728000
 Total long range exact exchange:        1.000000000

 Method for Coulomb:                     incore_df
 Method for exact exchange:              pre_transformed_df
 Integral threshold:                     1.00e-12
 DF basis set:                           def2-tzvp-jkfit(spdfghi)
 Number of DF basis functions:         392
 Schwarz screening threshold:            1.00e-10
 Coulomb fitting method:                 Cholesky
 Total number of grid points:        15286
 Method for AO orthogonalization:        symmetric
 Threshold for linear dependence:        1.00e-08
 D3 dispersion energy:                  -0.000005179

 -------------------------------------
  Running unrestricted open-shell SCF 
 -------------------------------------
 Max number of iterations:             128
 Conv. threshold (gradient):             1.00e-05
 Conv. threshold (energy):               1.00e-06
 Interpolation scheme:                   adiis+cdiis
 Initial guess:                          SAD

 ---------------------------------------------------------------
                  energy        change          grad        time
 ---------------------------------------------------------------
   0     -1780.718663463                    3.49e+00        0.03
   1     -1780.920932934     -2.02e-01      6.16e-01        0.03
   2     -1780.353102070      5.68e-01      1.83e+00        0.03
   3     -1780.938878279     -5.86e-01      4.66e-01        0.03
   4     -1780.977036577     -3.82e-02      2.75e-01        0.03
   5     -1780.985136350     -8.10e-03      1.60e-01        0.03
   6     -1780.991894338     -6.76e-03      8.62e-02        0.03
   7     -1780.991841790      5.25e-05      7.33e-02        0.04
   8     -1780.993745763     -1.90e-03      8.89e-03        0.03
   9     -1780.993787653     -4.19e-05      1.86e-03        0.03
  10     -1780.993790485     -2.83e-06      4.53e-04        0.03
  11     -1780.993790844     -3.58e-07      3.84e-04        0.03
  12     -1780.993790944     -1.01e-07      1.94e-04        0.03
  13     -1780.993790986     -4.12e-08      1.29e-04        0.03
  14     -1780.993791011     -2.54e-08      7.52e-05        0.03
  15     -1780.993791017     -6.15e-09      3.37e-05        0.03
  16     -1780.993791019     -1.87e-09      1.03e-05        0.03
  17     -1780.993791019     -2.26e-10      3.46e-06        0.03

 SCF converged in 17 iterations.

 Dipole moment (in Debye):              -0.000000      -0.000000      -5.832330

 Quadrupole moment (in Debye-Angstrom):
                  1            2            3
 1       -27.596478    -0.000011     0.000000
 2        -0.000011   -27.596454     0.000000
 3         0.000000     0.000000   -23.646809

 Spin-squared expectation <S^2>:         3.770
 Total spin quantum number S:            1.505
 TOTAL ENERGY:                       -1780.993791019

 --------------------------------------------------------------------------------

 End time:                               Wed Jun  2 11:53:48 2021
 Total wall-clock time:                  3.998 seconds
==================================================================================
