
================================================================================
          _____________ ________ _______________ ________     _________         
         / ___________// ______ \\_____   _____// ______ \   / ________)        
        / /_________  / /      \ \     | |     / /      \ \ | (_______          
       |  __________|| |        | |    | |    | |        | | \________ \        
        \ \_________ | |        | |    | |     \ \______/ /___________) |       
         \__________||_|        |_|    |_|      \________//____________/        
                                                                                
====================================[ Qcore ]===================================

 Git hash:   15a3e7daff0cda5fa9af010ccd19a80288182ecf
 Git date:   Fri, 16 Apr 2021 15:57:16 +0100
 Compiler:   GNU 9.1.0
 Build type: Release
 Version:    1.1.0

 Start time: Wed Jun  2 11:54:18 2021

 Data directory: /work/zw18965/.local/qcore/share/entos/1.1.0/data
 Number of threads: 24
 Number of threads was determined by: command line argument
  - More threads can be used by running 'qcore -n 32'

 --------------------------------------------------------------------------------
                                   command: dft                                  
 --------------------------------------------------------------------------------
 AO basis set:                           aug-cc-pvtz
 Number of AO basis functions:         116

 Formula:                                HCu
 Nuclear charge:                        30.000000000
 Total charge:                           0.000000000
 Number of electrons:                   30.000000000

 Number of alpha electrons:             15
 Number of beta electrons:              15
 Number of unpaired electrons:           0
 Spin:                                   0
 Multiplicity:                           singlet

 Theory:                                 dft
 Exchange-correlation functional:        wb97xd3

 Using range separated hybrid functional
 Range separation parameter:             0.250000000
 Short range exact exchange:             0.195728000
 Total long range exact exchange:        1.000000000

 Method for Coulomb:                     incore_df
 Method for exact exchange:              pre_transformed_df
 Integral threshold:                     1.00e-12
 DF basis set:                           def2-tzvp-jkfit(spdfghi)
 Number of DF basis functions:         282
 Schwarz screening threshold:            1.00e-10
 Coulomb fitting method:                 Cholesky
 Total number of grid points:        13826
 Method for AO orthogonalization:        symmetric
 Threshold for linear dependence:        1.00e-08
 D3 dispersion energy:                  -0.000002677

 -------------------------------------
  Running restricted closed-shell SCF 
 -------------------------------------
 Max number of iterations:             128
 Conv. threshold (gradient):             1.00e-05
 Conv. threshold (energy):               1.00e-06
 Interpolation scheme:                   adiis+cdiis
 Initial guess:                          SAD

 ---------------------------------------------------------------
                  energy        change          grad        time
 ---------------------------------------------------------------
   0     -1641.106293348                    4.59e+00        0.02
   1     -1641.167701895     -6.14e-02      3.99e-01        0.01
   2     -1641.164119202      3.58e-03      6.08e-01        0.01
   3     -1641.178390984     -1.43e-02      2.04e-01        0.02
   4     -1641.178573358     -1.82e-04      2.36e-01        0.01
   5     -1641.181390687     -2.82e-03      2.74e-02        0.01
   6     -1641.181312562      7.81e-05      6.70e-02        0.01
   7     -1641.181552019     -2.39e-04      4.02e-03        0.01
   8     -1641.181556321     -4.30e-06      1.37e-03        0.01
   9     -1641.181556708     -3.88e-07      4.86e-04        0.02
  10     -1641.181556781     -7.24e-08      5.51e-05        0.01
  11     -1641.181556782     -1.38e-09      1.91e-05        0.01
  12     -1641.181556782     -7.25e-11      2.44e-06        0.01

 SCF converged in 12 iterations.

 Dipole moment (in Debye):               0.000000       0.000000      -3.001096

 Quadrupole moment (in Debye-Angstrom):
                  1            2            3
 1       -14.622236     0.000000    -0.000000
 2         0.000000   -14.622236    -0.000000
 3        -0.000000    -0.000000   -15.036878

 Spin-squared expectation <S^2>:         0.000
 Total spin quantum number S:            0.000
 TOTAL ENERGY:                       -1641.181556782

 --------------------------------------------------------------------------------

 End time:                               Wed Jun  2 11:54:21 2021
 Total wall-clock time:                  3.082 seconds
==================================================================================
