
================================================================================
          _____________ ________ _______________ ________     _________         
         / ___________// ______ \\_____   _____// ______ \   / ________)        
        / /_________  / /      \ \     | |     / /      \ \ | (_______          
       |  __________|| |        | |    | |    | |        | | \________ \        
        \ \_________ | |        | |    | |     \ \______/ /___________) |       
         \__________||_|        |_|    |_|      \________//____________/        
                                                                                
====================================[ Qcore ]===================================

 Git hash:   15a3e7daff0cda5fa9af010ccd19a80288182ecf
 Git date:   Fri, 16 Apr 2021 15:57:16 +0100
 Compiler:   GNU 9.1.0
 Build type: Release
 Version:    1.1.0

 Start time: Wed Jun  2 11:54:21 2021

 Data directory: /work/zw18965/.local/qcore/share/entos/1.1.0/data
 Number of threads: 24
 Number of threads was determined by: command line argument
  - More threads can be used by running 'qcore -n 32'

 --------------------------------------------------------------------------------
                                   command: dft                                  
 --------------------------------------------------------------------------------
 AO basis set:                           aug-cc-pvtz
 Number of AO basis functions:         139

 Formula:                                FCu
 Nuclear charge:                        38.000000000
 Total charge:                           0.000000000
 Number of electrons:                   38.000000000

 Number of alpha electrons:             19
 Number of beta electrons:              19
 Number of unpaired electrons:           0
 Spin:                                   0
 Multiplicity:                           singlet

 Theory:                                 dft
 Exchange-correlation functional:        wb97xd3

 Using range separated hybrid functional
 Range separation parameter:             0.250000000
 Short range exact exchange:             0.195728000
 Total long range exact exchange:        1.000000000

 Method for Coulomb:                     incore_df
 Method for exact exchange:              pre_transformed_df
 Integral threshold:                     1.00e-12
 DF basis set:                           def2-tzvp-jkfit(spdfghi)
 Number of DF basis functions:         341
 Schwarz screening threshold:            1.00e-10
 Coulomb fitting method:                 Cholesky
 Total number of grid points:        14748
 Method for AO orthogonalization:        symmetric
 Threshold for linear dependence:        1.00e-08
 D3 dispersion energy:                  -0.000001970

 -------------------------------------
  Running restricted closed-shell SCF 
 -------------------------------------
 Max number of iterations:             128
 Conv. threshold (gradient):             1.00e-05
 Conv. threshold (energy):               1.00e-06
 Interpolation scheme:                   adiis+cdiis
 Initial guess:                          SAD

 ---------------------------------------------------------------
                  energy        change          grad        time
 ---------------------------------------------------------------
   0     -1740.332167554                    3.49e+00        0.02
   1     -1740.366808865     -3.46e-02      1.26e+00        0.02
   2     -1740.204973748      1.62e-01      2.22e+00        0.02
   3     -1740.467278093     -2.62e-01      3.28e-01        0.02
   4     -1740.464455213      2.82e-03      4.34e-01        0.02
   5     -1740.473491892     -9.04e-03      3.82e-02        0.02
   6     -1740.473735440     -2.44e-04      4.08e-02        0.02
   7     -1740.473910761     -1.75e-04      1.99e-02        0.02
   8     -1740.474005334     -9.46e-05      7.56e-03        0.02
   9     -1740.474027744     -2.24e-05      2.52e-03        0.02
  10     -1740.474030080     -2.34e-06      3.03e-04        0.02
  11     -1740.474030141     -6.12e-08      1.21e-04        0.02
  12     -1740.474030144     -2.44e-09      3.07e-05        0.02
  13     -1740.474030144     -2.54e-10      8.82e-06        0.02

 SCF converged in 13 iterations.

 Dipole moment (in Debye):               0.000000       0.000000      -5.306959

 Quadrupole moment (in Debye-Angstrom):
                  1            2            3
 1       -17.039305    -0.000000     0.000000
 2        -0.000000   -17.039305     0.000000
 3         0.000000     0.000000   -19.304108

 Spin-squared expectation <S^2>:         0.000
 Total spin quantum number S:            0.000
 TOTAL ENERGY:                       -1740.474030144

 --------------------------------------------------------------------------------

 End time:                               Wed Jun  2 11:54:24 2021
 Total wall-clock time:                  3.415 seconds
==================================================================================
