
================================================================================
          _____________ ________ _______________ ________     _________         
         / ___________// ______ \\_____   _____// ______ \   / ________)        
        / /_________  / /      \ \     | |     / /      \ \ | (_______          
       |  __________|| |        | |    | |    | |        | | \________ \        
        \ \_________ | |        | |    | |     \ \______/ /___________) |       
         \__________||_|        |_|    |_|      \________//____________/        
                                                                                
====================================[ Qcore ]===================================

 Git hash:   15a3e7daff0cda5fa9af010ccd19a80288182ecf
 Git date:   Fri, 16 Apr 2021 15:57:16 +0100
 Compiler:   GNU 9.1.0
 Build type: Release
 Version:    1.1.0

 Start time: Wed Jun  2 11:54:33 2021

 Data directory: /work/zw18965/.local/qcore/share/entos/1.1.0/data
 Number of threads: 24
 Number of threads was determined by: command line argument
  - More threads can be used by running 'qcore -n 32'

 --------------------------------------------------------------------------------
                                   command: dft                                  
 --------------------------------------------------------------------------------
 AO basis set:                           aug-cc-pvtz
 Number of AO basis functions:         139

 Formula:                                OCu
 Nuclear charge:                        37.000000000
 Total charge:                           0.000000000
 Number of electrons:                   37.000000000

 Number of alpha electrons:             19
 Number of beta electrons:              18
 Number of unpaired electrons:           1
 Spin:                                   1
 Multiplicity:                           doublet

 Theory:                                 dft
 Exchange-correlation functional:        wb97xd3

 Using range separated hybrid functional
 Range separation parameter:             0.250000000
 Short range exact exchange:             0.195728000
 Total long range exact exchange:        1.000000000

 Method for Coulomb:                     incore_df
 Method for exact exchange:              pre_transformed_df
 Integral threshold:                     1.00e-12
 DF basis set:                           def2-tzvp-jkfit(spdfghi)
 Number of DF basis functions:         341
 Schwarz screening threshold:            1.00e-10
 Coulomb fitting method:                 Cholesky
 Total number of grid points:        14880
 Method for AO orthogonalization:        symmetric
 Threshold for linear dependence:        1.00e-08
 D3 dispersion energy:                  -0.000000869

 -------------------------------------
  Running unrestricted open-shell SCF 
 -------------------------------------
 Max number of iterations:             128
 Conv. threshold (gradient):             1.00e-05
 Conv. threshold (energy):               1.00e-06
 Interpolation scheme:                   adiis+cdiis
 Initial guess:                          SAD

 ---------------------------------------------------------------
                  energy        change          grad        time
 ---------------------------------------------------------------
   0     -1715.603289596                    2.39e+00        0.03
   1     -1715.215669417      3.88e-01      1.24e+00        0.03
   2     -1709.658321892      5.56e+00      3.10e+00        0.02
   3     -1714.846248163     -5.19e+00      1.73e+00        0.03
   4     -1715.656956426     -8.11e-01      6.02e-01        0.03
   5     -1715.664876675     -7.92e-03      5.89e-01        0.03
   6     -1715.739058381     -7.42e-02      2.27e-01        0.03
   7     -1715.703626134      3.54e-02      5.19e-01        0.04
   8     -1715.748179312     -4.46e-02      1.41e-01        0.03
   9     -1715.748306012     -1.27e-04      1.23e-01        0.03
  10     -1715.751464057     -3.16e-03      3.91e-02        0.04
  11     -1715.751541422     -7.74e-05      4.36e-02        0.04
  12     -1715.752354041     -8.13e-04      5.83e-03        0.03
  13     -1715.752413051     -5.90e-05      3.89e-03        0.03
  14     -1715.752433107     -2.01e-05      2.03e-03        0.03
  15     -1715.752437389     -4.28e-06      8.16e-04        0.03
  16     -1715.752438181     -7.92e-07      2.80e-04        0.03
  17     -1715.752438248     -6.70e-08      9.85e-05        0.03
  18     -1715.752438256     -8.43e-09      3.50e-05        0.02
  19     -1715.752438258     -1.21e-09      1.49e-05        0.03
  20     -1715.752438258     -2.09e-10      4.85e-06        0.03

 SCF converged in 20 iterations.

 Dipole moment (in Debye):               0.000000       0.000000      -4.880983

 Quadrupole moment (in Debye-Angstrom):
                  1            2            3
 1       -17.965109    -0.784555    -0.000000
 2        -0.784555   -17.965236    -0.000000
 3        -0.000000    -0.000000   -19.845057

 Spin-squared expectation <S^2>:         0.762
 Total spin quantum number S:            0.506
 TOTAL ENERGY:                       -1715.752438258

 --------------------------------------------------------------------------------

 End time:                               Wed Jun  2 11:54:37 2021
 Total wall-clock time:                  3.757 seconds
==================================================================================
