
================================================================================
          _____________ ________ _______________ ________     _________         
         / ___________// ______ \\_____   _____// ______ \   / ________)        
        / /_________  / /      \ \     | |     / /      \ \ | (_______          
       |  __________|| |        | |    | |    | |        | | \________ \        
        \ \_________ | |        | |    | |     \ \______/ /___________) |       
         \__________||_|        |_|    |_|      \________//____________/        
                                                                                
====================================[ Qcore ]===================================

 Git hash:   15a3e7daff0cda5fa9af010ccd19a80288182ecf
 Git date:   Fri, 16 Apr 2021 15:57:16 +0100
 Compiler:   GNU 9.1.0
 Build type: Release
 Version:    1.1.0

 Start time: Wed Jun  2 11:54:37 2021

 Data directory: /work/zw18965/.local/qcore/share/entos/1.1.0/data
 Number of threads: 24
 Number of threads was determined by: command line argument
  - More threads can be used by running 'qcore -n 32'

 --------------------------------------------------------------------------------
                                   command: dft                                  
 --------------------------------------------------------------------------------
 AO basis set:                           aug-cc-pvtz
 Number of AO basis functions:         143

 Formula:                                SCu
 Nuclear charge:                        45.000000000
 Total charge:                           0.000000000
 Number of electrons:                   45.000000000

 Number of alpha electrons:             23
 Number of beta electrons:              22
 Number of unpaired electrons:           1
 Spin:                                   1
 Multiplicity:                           doublet

 Theory:                                 dft
 Exchange-correlation functional:        wb97xd3

 Using range separated hybrid functional
 Range separation parameter:             0.250000000
 Short range exact exchange:             0.195728000
 Total long range exact exchange:        1.000000000

 Method for Coulomb:                     incore_df
 Method for exact exchange:              pre_transformed_df
 Integral threshold:                     1.00e-12
 DF basis set:                           def2-tzvp-jkfit(spdfghi)
 Number of DF basis functions:         392
 Schwarz screening threshold:            1.00e-10
 Coulomb fitting method:                 Cholesky
 Total number of grid points:        15286
 Method for AO orthogonalization:        symmetric
 Threshold for linear dependence:        1.00e-08
 D3 dispersion energy:                  -0.000008367

 -------------------------------------
  Running unrestricted open-shell SCF 
 -------------------------------------
 Max number of iterations:             128
 Conv. threshold (gradient):             1.00e-05
 Conv. threshold (energy):               1.00e-06
 Interpolation scheme:                   adiis+cdiis
 Initial guess:                          SAD

 ---------------------------------------------------------------
                  energy        change          grad        time
 ---------------------------------------------------------------
   0     -2038.772440673                    3.21e+00        0.03
   1     -2038.683637626      8.88e-02      8.13e-01        0.03
   2     -2038.457460636      2.26e-01      1.12e+00        0.03
   3     -2038.783871192     -3.26e-01      1.84e-01        0.03
   4     -2038.768918911      1.50e-02      4.23e-01        0.03
   5     -2038.796748609     -2.78e-02      6.35e-02        0.03
   6     -2038.796627671      1.21e-04      1.03e-01        0.03
   7     -2038.798814940     -2.19e-03      1.43e-02        0.03
   8     -2038.799032967     -2.18e-04      5.14e-03        0.03
   9     -2038.799048482     -1.55e-05      1.28e-03        0.03
  10     -2038.799049691     -1.21e-06      4.83e-04        0.03
  11     -2038.799049906     -2.15e-07      1.85e-04        0.03
  12     -2038.799049941     -3.50e-08      8.92e-05        0.03
  13     -2038.799049949     -7.86e-09      4.91e-05        0.03
  14     -2038.799049951     -1.49e-09      1.97e-05        0.03
  15     -2038.799049951     -2.47e-10      6.25e-06        0.03

 SCF converged in 15 iterations.

 Dipole moment (in Debye):               0.000000       0.000000      -4.607525

 Quadrupole moment (in Debye-Angstrom):
                  1            2            3
 1       -26.630967    -1.461291    -0.000000
 2        -1.461291   -26.631088    -0.000000
 3        -0.000000    -0.000000   -24.407943

 Spin-squared expectation <S^2>:         0.756
 Total spin quantum number S:            0.503
 TOTAL ENERGY:                       -2038.799049951

 --------------------------------------------------------------------------------

 End time:                               Wed Jun  2 11:54:41 2021
 Total wall-clock time:                  3.853 seconds
==================================================================================
