
================================================================================
          _____________ ________ _______________ ________     _________         
         / ___________// ______ \\_____   _____// ______ \   / ________)        
        / /_________  / /      \ \     | |     / /      \ \ | (_______          
       |  __________|| |        | |    | |    | |        | | \________ \        
        \ \_________ | |        | |    | |     \ \______/ /___________) |       
         \__________||_|        |_|    |_|      \________//____________/        
                                                                                
====================================[ Qcore ]===================================

 Git hash:   15a3e7daff0cda5fa9af010ccd19a80288182ecf
 Git date:   Fri, 16 Apr 2021 15:57:16 +0100
 Compiler:   GNU 9.1.0
 Build type: Release
 Version:    1.1.0

 Start time: Wed Jun  2 11:54:48 2021

 Data directory: /work/zw18965/.local/qcore/share/entos/1.1.0/data
 Number of threads: 24
 Number of threads was determined by: command line argument
  - More threads can be used by running 'qcore -n 32'

 --------------------------------------------------------------------------------
                                   command: dft                                  
 --------------------------------------------------------------------------------
 AO basis set:                           aug-cc-pvtz
 Number of AO basis functions:         143

 Formula:                                ClZn
 Nuclear charge:                        47.000000000
 Total charge:                           0.000000000
 Number of electrons:                   47.000000000

 Number of alpha electrons:             24
 Number of beta electrons:              23
 Number of unpaired electrons:           1
 Spin:                                   1
 Multiplicity:                           doublet

 Theory:                                 dft
 Exchange-correlation functional:        wb97xd3

 Using range separated hybrid functional
 Range separation parameter:             0.250000000
 Short range exact exchange:             0.195728000
 Total long range exact exchange:        1.000000000

 Method for Coulomb:                     incore_df
 Method for exact exchange:              pre_transformed_df
 Integral threshold:                     1.00e-12
 DF basis set:                           def2-tzvp-jkfit(spdfghi)
 Number of DF basis functions:         392
 Schwarz screening threshold:            1.00e-10
 Coulomb fitting method:                 Cholesky
 Total number of grid points:        15430
 Method for AO orthogonalization:        symmetric
 Threshold for linear dependence:        1.00e-08
 D3 dispersion energy:                  -0.000007738

 -------------------------------------
  Running unrestricted open-shell SCF 
 -------------------------------------
 Max number of iterations:             128
 Conv. threshold (gradient):             1.00e-05
 Conv. threshold (energy):               1.00e-06
 Interpolation scheme:                   adiis+cdiis
 Initial guess:                          SAD

 ---------------------------------------------------------------
                  energy        change          grad        time
 ---------------------------------------------------------------
   0     -2239.821163561                    1.91e+00        0.03
   1     -2239.692168107      1.29e-01      2.48e-01        0.03
   2     -2239.707785372     -1.56e-02      1.96e-01        0.03
   3     -2239.721219784     -1.34e-02      1.39e-01        0.02
   4     -2239.723283369     -2.06e-03      1.28e-01        0.04
   5     -2239.728325871     -5.04e-03      3.14e-02        0.03
   6     -2239.728040204      2.86e-04      4.77e-02        0.03
   7     -2239.728852634     -8.12e-04      1.96e-03        0.03
   8     -2239.728855744     -3.11e-06      4.61e-04        0.03
   9     -2239.728855917     -1.73e-07      1.22e-04        0.03
  10     -2239.728855929     -1.19e-08      3.98e-05        0.03
  11     -2239.728855930     -1.15e-09      1.47e-05        0.03
  12     -2239.728855930     -1.24e-10      5.41e-06        0.03

 SCF converged in 12 iterations.

 Dipole moment (in Debye):              -0.000000      -0.000000      -2.940682

 Quadrupole moment (in Debye-Angstrom):
                  1            2            3
 1       -26.501042     0.000000     0.000000
 2         0.000000   -26.501042     0.000000
 3         0.000000     0.000000   -29.814455

 Spin-squared expectation <S^2>:         0.753
 Total spin quantum number S:            0.501
 TOTAL ENERGY:                       -2239.728855930

 --------------------------------------------------------------------------------

 End time:                               Wed Jun  2 11:54:52 2021
 Total wall-clock time:                  4.004 seconds
==================================================================================
