
================================================================================
          _____________ ________ _______________ ________     _________         
         / ___________// ______ \\_____   _____// ______ \   / ________)        
        / /_________  / /      \ \     | |     / /      \ \ | (_______          
       |  __________|| |        | |    | |    | |        | | \________ \        
        \ \_________ | |        | |    | |     \ \______/ /___________) |       
         \__________||_|        |_|    |_|      \________//____________/        
                                                                                
====================================[ Qcore ]===================================

 Git hash:   15a3e7daff0cda5fa9af010ccd19a80288182ecf
 Git date:   Fri, 16 Apr 2021 15:57:16 +0100
 Compiler:   GNU 9.1.0
 Build type: Release
 Version:    1.1.0

 Start time: Wed Jun  2 11:54:52 2021

 Data directory: /work/zw18965/.local/qcore/share/entos/1.1.0/data
 Number of threads: 24
 Number of threads was determined by: command line argument
  - More threads can be used by running 'qcore -n 32'

 --------------------------------------------------------------------------------
                                   command: dft                                  
 --------------------------------------------------------------------------------
 AO basis set:                           aug-cc-pvtz
 Number of AO basis functions:         152

 Formula:                                ZnBr
 Nuclear charge:                        65.000000000
 Total charge:                           0.000000000
 Number of electrons:                   65.000000000

 Number of alpha electrons:             33
 Number of beta electrons:              32
 Number of unpaired electrons:           1
 Spin:                                   1
 Multiplicity:                           doublet

 Theory:                                 dft
 Exchange-correlation functional:        wb97xd3

 Using range separated hybrid functional
 Range separation parameter:             0.250000000
 Short range exact exchange:             0.195728000
 Total long range exact exchange:        1.000000000

 Method for Coulomb:                     incore_df
 Method for exact exchange:              pre_transformed_df
 Integral threshold:                     1.00e-12
 DF basis set:                           def2-tzvp-jkfit(spdfghi)
 Number of DF basis functions:         530
 Schwarz screening threshold:            1.00e-10
 Coulomb fitting method:                 Cholesky
 Total number of grid points:        16100
 Method for AO orthogonalization:        symmetric
 Threshold for linear dependence:        1.00e-08
 D3 dispersion energy:                  -0.000011032

 -------------------------------------
  Running unrestricted open-shell SCF 
 -------------------------------------
 Max number of iterations:             128
 Conv. threshold (gradient):             1.00e-05
 Conv. threshold (energy):               1.00e-06
 Interpolation scheme:                   adiis+cdiis
 Initial guess:                          SAD

 ---------------------------------------------------------------
                  energy        change          grad        time
 ---------------------------------------------------------------
   0     -4353.896290076                    2.49e+00        0.03
   1     -4353.747732524      1.49e-01      2.23e-01        0.04
   2     -4353.761873030     -1.41e-02      1.55e-01        0.03
   3     -4353.768336842     -6.46e-03      1.54e-01        0.03
   4     -4353.774667001     -6.33e-03      8.71e-02        0.03
   5     -4353.776226740     -1.56e-03      5.92e-02        0.04
   6     -4353.777485167     -1.26e-03      5.93e-03        0.04
   7     -4353.777535368     -5.02e-05      2.18e-03        0.03
   8     -4353.777540919     -5.55e-06      5.94e-04        0.04
   9     -4353.777541177     -2.58e-07      1.83e-04        0.04
  10     -4353.777541207     -3.01e-08      6.52e-05        0.04
  11     -4353.777541211     -3.56e-09      1.62e-05        0.03
  12     -4353.777541211     -2.06e-10      4.47e-06        0.03

 SCF converged in 12 iterations.

 Dipole moment (in Debye):              -0.000000      -0.000000      -2.757625

 Quadrupole moment (in Debye-Angstrom):
                  1            2            3
 1       -32.629417     0.000000     0.000000
 2         0.000000   -32.629417     0.000000
 3         0.000000     0.000000   -32.683797

 Spin-squared expectation <S^2>:         0.754
 Total spin quantum number S:            0.502
 TOTAL ENERGY:                       -4353.777541211

 --------------------------------------------------------------------------------

 End time:                               Wed Jun  2 11:54:58 2021
 Total wall-clock time:                  5.421 seconds
==================================================================================
