
================================================================================
          _____________ ________ _______________ ________     _________         
         / ___________// ______ \\_____   _____// ______ \   / ________)        
        / /_________  / /      \ \     | |     / /      \ \ | (_______          
       |  __________|| |        | |    | |    | |        | | \________ \        
        \ \_________ | |        | |    | |     \ \______/ /___________) |       
         \__________||_|        |_|    |_|      \________//____________/        
                                                                                
====================================[ Qcore ]===================================

 Git hash:   15a3e7daff0cda5fa9af010ccd19a80288182ecf
 Git date:   Fri, 16 Apr 2021 15:57:16 +0100
 Compiler:   GNU 9.1.0
 Build type: Release
 Version:    1.1.0

 Start time: Wed Jun  2 11:55:02 2021

 Data directory: /work/zw18965/.local/qcore/share/entos/1.1.0/data
 Number of threads: 24
 Number of threads was determined by: command line argument
  - More threads can be used by running 'qcore -n 32'

 --------------------------------------------------------------------------------
                                   command: dft                                  
 --------------------------------------------------------------------------------
 AO basis set:                           aug-cc-pvtz
 Number of AO basis functions:         143

 Formula:                                SZn
 Nuclear charge:                        46.000000000
 Total charge:                           0.000000000
 Number of electrons:                   46.000000000

 Number of alpha electrons:             23
 Number of beta electrons:              23
 Number of unpaired electrons:           0
 Spin:                                   0
 Multiplicity:                           singlet

 Theory:                                 dft
 Exchange-correlation functional:        wb97xd3

 Using range separated hybrid functional
 Range separation parameter:             0.250000000
 Short range exact exchange:             0.195728000
 Total long range exact exchange:        1.000000000

 Method for Coulomb:                     incore_df
 Method for exact exchange:              pre_transformed_df
 Integral threshold:                     1.00e-12
 DF basis set:                           def2-tzvp-jkfit(spdfghi)
 Number of DF basis functions:         392
 Schwarz screening threshold:            1.00e-10
 Coulomb fitting method:                 Cholesky
 Total number of grid points:        15286
 Method for AO orthogonalization:        symmetric
 Threshold for linear dependence:        1.00e-08
 D3 dispersion energy:                  -0.000010040

 -------------------------------------
  Running restricted closed-shell SCF 
 -------------------------------------
 Max number of iterations:             128
 Conv. threshold (gradient):             1.00e-05
 Conv. threshold (energy):               1.00e-06
 Interpolation scheme:                   adiis+cdiis
 Initial guess:                          SAD

 ---------------------------------------------------------------
                  energy        change          grad        time
 ---------------------------------------------------------------
   0     -2177.819110130                    5.60e+00        0.02
   1     -2177.563227453      2.56e-01      7.54e-01        0.02
   2     -2177.484028390      7.92e-02      1.01e+00        0.02
   3     -2177.655747564     -1.72e-01      1.09e-01        0.02
   4     -2177.655648869      9.87e-05      1.05e-01        0.02
   5     -2177.657558398     -1.91e-03      1.37e-02        0.02
   6     -2177.657569998     -1.16e-05      2.32e-02        0.02
   7     -2177.657613361     -4.34e-05      2.44e-03        0.02
   8     -2177.657618435     -5.07e-06      1.27e-03        0.02
   9     -2177.657619379     -9.44e-07      2.85e-04        0.02
  10     -2177.657619394     -1.51e-08      6.02e-05        0.02
  11     -2177.657619395     -6.45e-10      1.65e-05        0.02
  12     -2177.657619395     -2.73e-11      4.13e-06        0.02

 SCF converged in 12 iterations.

 Dipole moment (in Debye):              -0.000000      -0.000000      -5.896529

 Quadrupole moment (in Debye-Angstrom):
                  1            2            3
 1       -28.627741    -0.000000    -0.000000
 2        -0.000000   -28.627741    -0.000000
 3        -0.000000    -0.000000   -24.057913

 Spin-squared expectation <S^2>:         0.000
 Total spin quantum number S:            0.000
 TOTAL ENERGY:                       -2177.657619395

 --------------------------------------------------------------------------------

 End time:                               Wed Jun  2 11:55:06 2021
 Total wall-clock time:                  3.862 seconds
==================================================================================
