
================================================================================
          _____________ ________ _______________ ________     _________         
         / ___________// ______ \\_____   _____// ______ \   / ________)        
        / /_________  / /      \ \     | |     / /      \ \ | (_______          
       |  __________|| |        | |    | |    | |        | | \________ \        
        \ \_________ | |        | |    | |     \ \______/ /___________) |       
         \__________||_|        |_|    |_|      \________//____________/        
                                                                                
====================================[ Qcore ]===================================

 Git hash:   15a3e7daff0cda5fa9af010ccd19a80288182ecf
 Git date:   Fri, 16 Apr 2021 15:57:16 +0100
 Compiler:   GNU 9.1.0
 Build type: Release
 Version:    1.1.0

 Start time: Wed Jun  2 11:55:06 2021

 Data directory: /work/zw18965/.local/qcore/share/entos/1.1.0/data
 Number of threads: 24
 Number of threads was determined by: command line argument
  - More threads can be used by running 'qcore -n 32'

 --------------------------------------------------------------------------------
                                   command: dft                                  
 --------------------------------------------------------------------------------
 AO basis set:                           aug-cc-pvtz
 Number of AO basis functions:          93

 Formula:                                Sc
 Nuclear charge:                        21.000000000
 Total charge:                           0.000000000
 Number of electrons:                   21.000000000

 Number of alpha electrons:             11
 Number of beta electrons:              10
 Number of unpaired electrons:           1
 Spin:                                   1
 Multiplicity:                           doublet

 Theory:                                 dft
 Exchange-correlation functional:        wb97xd3

 Using range separated hybrid functional
 Range separation parameter:             0.250000000
 Short range exact exchange:             0.195728000
 Total long range exact exchange:        1.000000000

 Method for Coulomb:                     incore_df
 Method for exact exchange:              pre_transformed_df
 Integral threshold:                     1.00e-12
 DF basis set:                           def2-tzvp-jkfit(spdfghi)
 Number of DF basis functions:         264
 Schwarz screening threshold:            1.00e-10
 Coulomb fitting method:                 Cholesky
 Total number of grid points:         7852
 Method for AO orthogonalization:        symmetric
 Threshold for linear dependence:        1.00e-08
 D3 dispersion energy:                   0.000000000

 -------------------------------------
  Running unrestricted open-shell SCF 
 -------------------------------------
 Max number of iterations:             128
 Conv. threshold (gradient):             1.00e-05
 Conv. threshold (energy):               1.00e-06
 Interpolation scheme:                   adiis+cdiis
 Initial guess:                          SAD

 ---------------------------------------------------------------
                  energy        change          grad        time
 ---------------------------------------------------------------
   0      -760.483326332                    1.63e-03        0.01
   1      -760.609611952     -1.26e-01      1.33e-01        0.01
   2      -760.618388731     -8.78e-03      4.23e-02        0.01
   3      -760.619749006     -1.36e-03      2.40e-02        0.01
   4      -760.620043902     -2.95e-04      5.23e-03        0.01
   5      -760.620088476     -4.46e-05      2.07e-03        0.01
   6      -760.620098702     -1.02e-05      1.27e-03        0.01
   7      -760.620107850     -9.15e-06      5.82e-04        0.01
   8      -760.620109755     -1.90e-06      8.62e-05        0.01
   9      -760.620109780     -2.55e-08      5.31e-05        0.01
  10      -760.620109792     -1.22e-08      4.52e-05        0.01
  11      -760.620109820     -2.75e-08      2.05e-05        0.01
  12      -760.620109825     -5.01e-09      9.24e-06        0.01

 SCF converged in 12 iterations.

 Dipole moment (in Debye):              -0.000001      -0.000002       0.000001

 Quadrupole moment (in Debye-Angstrom):
                  1            2            3
 1       -22.449347     0.119878     0.119296
 2         0.119878   -22.449213     0.119305
 3         0.119296     0.119305   -22.448604

 Spin-squared expectation <S^2>:         0.751
 Total spin quantum number S:            0.501
 TOTAL ENERGY:                        -760.620109825

 --------------------------------------------------------------------------------

 End time:                               Wed Jun  2 11:55:08 2021
 Total wall-clock time:                  2.715 seconds
==================================================================================
