
================================================================================
          _____________ ________ _______________ ________     _________         
         / ___________// ______ \\_____   _____// ______ \   / ________)        
        / /_________  / /      \ \     | |     / /      \ \ | (_______          
       |  __________|| |        | |    | |    | |        | | \________ \        
        \ \_________ | |        | |    | |     \ \______/ /___________) |       
         \__________||_|        |_|    |_|      \________//____________/        
                                                                                
====================================[ Qcore ]===================================

 Git hash:   15a3e7daff0cda5fa9af010ccd19a80288182ecf
 Git date:   Fri, 16 Apr 2021 15:57:16 +0100
 Compiler:   GNU 9.1.0
 Build type: Release
 Version:    1.1.0

 Start time: Wed Jun  2 11:55:12 2021

 Data directory: /work/zw18965/.local/qcore/share/entos/1.1.0/data
 Number of threads: 24
 Number of threads was determined by: command line argument
  - More threads can be used by running 'qcore -n 32'

 --------------------------------------------------------------------------------
                                   command: dft                                  
 --------------------------------------------------------------------------------
 AO basis set:                           aug-cc-pvtz
 Number of AO basis functions:          93

 Formula:                                V
 Nuclear charge:                        23.000000000
 Total charge:                           0.000000000
 Number of electrons:                   23.000000000

 Number of alpha electrons:             13
 Number of beta electrons:              10
 Number of unpaired electrons:           3
 Spin:                                   3
 Multiplicity:                           quartet

 Theory:                                 dft
 Exchange-correlation functional:        wb97xd3

 Using range separated hybrid functional
 Range separation parameter:             0.250000000
 Short range exact exchange:             0.195728000
 Total long range exact exchange:        1.000000000

 Method for Coulomb:                     incore_df
 Method for exact exchange:              pre_transformed_df
 Integral threshold:                     1.00e-12
 DF basis set:                           def2-tzvp-jkfit(spdfghi)
 Number of DF basis functions:         264
 Schwarz screening threshold:            1.00e-10
 Coulomb fitting method:                 Cholesky
 Total number of grid points:         7852
 Method for AO orthogonalization:        symmetric
 Threshold for linear dependence:        1.00e-08
 D3 dispersion energy:                   0.000000000

 -------------------------------------
  Running unrestricted open-shell SCF 
 -------------------------------------
 Max number of iterations:             128
 Conv. threshold (gradient):             1.00e-05
 Conv. threshold (energy):               1.00e-06
 Interpolation scheme:                   adiis+cdiis
 Initial guess:                          SAD

 ---------------------------------------------------------------
                  energy        change          grad        time
 ---------------------------------------------------------------
   0      -943.384912773                    2.47e-02        0.01
   1      -943.679734247     -2.95e-01      7.06e-01        0.01
   2      -942.937584028      7.42e-01      1.41e+00        0.01
   3      -943.883483250     -9.46e-01      1.33e-01        0.01
   4      -943.888500979     -5.02e-03      8.75e-02        0.01
   5      -943.890064843     -1.56e-03      5.95e-02        0.01
   6      -943.891529930     -1.47e-03      1.88e-02        0.01
   7      -943.892511878     -9.82e-04      1.46e-02        0.01
   8      -943.894124420     -1.61e-03      8.02e-03        0.01
   9      -943.894178277     -5.39e-05      5.94e-03        0.01
  10      -943.894330804     -1.53e-04      4.79e-03        0.01
  11      -943.894343645     -1.28e-05      4.82e-03        0.01
  12      -943.894193696      1.50e-04      3.49e-03        0.01
  13      -943.894123719      7.00e-05      2.50e-03        0.01
  14      -943.894152735     -2.90e-05      2.26e-03        0.01
  15      -943.894176119     -2.34e-05      1.14e-03        0.01
  16      -943.894186835     -1.07e-05      9.22e-04        0.01
  17      -943.894189200     -2.37e-06      8.60e-04        0.01
  18      -943.894190396     -1.20e-06      8.61e-04        0.01
  19      -943.894189225      1.17e-06      8.38e-04        0.01
  20      -943.894185884      3.34e-06      6.77e-04        0.01
  21      -943.894183713      2.17e-06      4.79e-04        0.01
  22      -943.894182698      1.01e-06      2.32e-04        0.01
  23      -943.894182769     -7.11e-08      1.34e-04        0.01
  24      -943.894182825     -5.57e-08      4.95e-05        0.01
  25      -943.894182837     -1.16e-08      4.44e-05        0.01
  26      -943.894182842     -5.48e-09      4.43e-05        0.01
  27      -943.894182847     -4.85e-09      4.41e-05        0.01
  28      -943.894182846      1.25e-09      4.38e-05        0.01
  29      -943.894182841      4.48e-09      4.08e-05        0.01
  30      -943.894182838      2.95e-09      3.74e-05        0.02
  31      -943.894182837      1.69e-09      2.75e-05        0.01
  32      -943.894182837     -4.90e-10      2.42e-05        0.01
  33      -943.894182838     -7.39e-10      2.35e-05        0.01
  34      -943.894182837      3.99e-10      2.28e-05        0.01
  35      -943.894182836      1.03e-09      2.00e-05        0.01
  36      -943.894182836      4.28e-10      1.78e-05        0.01
  37      -943.894182836     -3.62e-10      1.43e-05        0.02
  38      -943.894182837     -4.39e-10      1.48e-05        0.01
  39      -943.894182837     -1.05e-10      1.50e-05        0.01
  40      -943.894182836      9.57e-10      1.28e-05        0.01
  41      -943.894182835      6.48e-10      1.26e-05        0.01
  42      -943.894182835      8.04e-10      1.13e-05        0.01
  43      -943.894182834      8.23e-10      8.36e-06        0.01

 SCF converged in 43 iterations.

 Dipole moment (in Debye):               0.000000       0.000000       0.000001

 Quadrupole moment (in Debye-Angstrom):
                  1            2            3
 1       -20.095312     0.130564     0.071908
 2         0.130564   -20.072238     0.078539
 3         0.071908     0.078539   -20.171753

 Spin-squared expectation <S^2>:         3.752
 Total spin quantum number S:            1.501
 TOTAL ENERGY:                        -943.894182834

 --------------------------------------------------------------------------------

 End time:                               Wed Jun  2 11:55:15 2021
 Total wall-clock time:                  3.121 seconds
==================================================================================
