
================================================================================
          _____________ ________ _______________ ________     _________         
         / ___________// ______ \\_____   _____// ______ \   / ________)        
        / /_________  / /      \ \     | |     / /      \ \ | (_______          
       |  __________|| |        | |    | |    | |        | | \________ \        
        \ \_________ | |        | |    | |     \ \______/ /___________) |       
         \__________||_|        |_|    |_|      \________//____________/        
                                                                                
====================================[ Qcore ]===================================

 Git hash:   15a3e7daff0cda5fa9af010ccd19a80288182ecf
 Git date:   Fri, 16 Apr 2021 15:57:16 +0100
 Compiler:   GNU 9.1.0
 Build type: Release
 Version:    1.1.0

 Start time: Wed Jun  2 11:55:24 2021

 Data directory: /work/zw18965/.local/qcore/share/entos/1.1.0/data
 Number of threads: 24
 Number of threads was determined by: command line argument
  - More threads can be used by running 'qcore -n 32'

 --------------------------------------------------------------------------------
                                   command: dft                                  
 --------------------------------------------------------------------------------
 AO basis set:                           aug-cc-pvtz
 Number of AO basis functions:          93

 Formula:                                Co
 Nuclear charge:                        27.000000000
 Total charge:                           0.000000000
 Number of electrons:                   27.000000000

 Number of alpha electrons:             15
 Number of beta electrons:              12
 Number of unpaired electrons:           3
 Spin:                                   3
 Multiplicity:                           quartet

 Theory:                                 dft
 Exchange-correlation functional:        wb97xd3

 Using range separated hybrid functional
 Range separation parameter:             0.250000000
 Short range exact exchange:             0.195728000
 Total long range exact exchange:        1.000000000

 Method for Coulomb:                     incore_df
 Method for exact exchange:              pre_transformed_df
 Integral threshold:                     1.00e-12
 DF basis set:                           def2-tzvp-jkfit(spdfghi)
 Number of DF basis functions:         264
 Schwarz screening threshold:            1.00e-10
 Coulomb fitting method:                 Cholesky
 Total number of grid points:         7936
 Method for AO orthogonalization:        symmetric
 Threshold for linear dependence:        1.00e-08
 D3 dispersion energy:                   0.000000000

 -------------------------------------
  Running unrestricted open-shell SCF 
 -------------------------------------
 Max number of iterations:             128
 Conv. threshold (gradient):             1.00e-05
 Conv. threshold (energy):               1.00e-06
 Interpolation scheme:                   adiis+cdiis
 Initial guess:                          SAD

 ---------------------------------------------------------------
                  energy        change          grad        time
 ---------------------------------------------------------------
   0     -1382.366377733                    1.84e-02        0.01
   1     -1382.755614745     -3.89e-01      1.20e-01        0.02
   2     -1382.761888024     -6.27e-03      8.66e-02        0.01
   3     -1382.758886778      3.00e-03      1.17e-01        0.01
   4     -1382.765667330     -6.78e-03      2.65e-02        0.01
   5     -1382.767362377     -1.70e-03      2.08e-02        0.01
   6     -1382.769574063     -2.21e-03      1.75e-02        0.01
   7     -1382.771746354     -2.17e-03      9.80e-03        0.01
   8     -1382.772459741     -7.13e-04      5.28e-03        0.01
   9     -1382.772551958     -9.22e-05      2.66e-03        0.01
  10     -1382.772551388      5.70e-07      2.23e-03        0.01
  11     -1382.772554477     -3.09e-06      4.27e-04        0.01
  12     -1382.772554631     -1.54e-07      1.47e-04        0.01
  13     -1382.772554695     -6.40e-08      1.36e-04        0.01
  14     -1382.772554797     -1.01e-07      1.37e-04        0.01
  15     -1382.772556096     -1.30e-06      1.80e-04        0.01
  16     -1382.772556682     -5.86e-07      1.02e-04        0.01
  17     -1382.772556909     -2.27e-07      1.89e-05        0.01
  18     -1382.772556914     -4.73e-09      4.96e-06        0.01

 SCF converged in 18 iterations.

 Dipole moment (in Debye):              -0.000001      -0.000001      -0.000000

 Quadrupole moment (in Debye-Angstrom):
                  1            2            3
 1       -15.081337     0.000000     0.000000
 2         0.000000   -15.081359    -0.000000
 3         0.000000    -0.000000   -15.081438

 Spin-squared expectation <S^2>:         3.753
 Total spin quantum number S:            1.501
 TOTAL ENERGY:                       -1382.772556914

 --------------------------------------------------------------------------------

 End time:                               Wed Jun  2 11:55:26 2021
 Total wall-clock time:                  2.822 seconds
==================================================================================
