
================================================================================
          _____________ ________ _______________ ________     _________         
         / ___________// ______ \\_____   _____// ______ \   / ________)        
        / /_________  / /      \ \     | |     / /      \ \ | (_______          
       |  __________|| |        | |    | |    | |        | | \________ \        
        \ \_________ | |        | |    | |     \ \______/ /___________) |       
         \__________||_|        |_|    |_|      \________//____________/        
                                                                                
====================================[ Qcore ]===================================

 Git hash:   15a3e7daff0cda5fa9af010ccd19a80288182ecf
 Git date:   Fri, 16 Apr 2021 15:57:16 +0100
 Compiler:   GNU 9.1.0
 Build type: Release
 Version:    1.1.0

 Start time: Wed Jun  2 11:50:35 2021

 Data directory: /work/zw18965/.local/qcore/share/entos/1.1.0/data
 Number of threads: 24
 Number of threads was determined by: command line argument
  - More threads can be used by running 'qcore -n 32'

 --------------------------------------------------------------------------------
                                   command: dft                                  
 --------------------------------------------------------------------------------
 AO basis set:                           aug-cc-pvtz
 Number of AO basis functions:         116

 Formula:                                HSc
 Nuclear charge:                        22.000000000
 Total charge:                           0.000000000
 Number of electrons:                   22.000000000

 Number of alpha electrons:             11
 Number of beta electrons:              11
 Number of unpaired electrons:           0
 Spin:                                   0
 Multiplicity:                           singlet

 Theory:                                 dft
 Exchange-correlation functional:        pbe
 Method for Coulomb:                     incore_df
 Integral threshold:                     1.00e-12
 DF basis set:                           def2-tzvp-jkfit(spdfghi)
 Number of DF basis functions:         282
 Schwarz screening threshold:            1.00e-10
 Coulomb fitting method:                 Cholesky
 Total number of grid points:        13742
 Method for AO orthogonalization:        symmetric
 Threshold for linear dependence:        1.00e-08
 D3BJ dispersion energy:                -0.000465168

 -------------------------------------
  Running restricted closed-shell SCF 
 -------------------------------------
 Max number of iterations:             128
 Conv. threshold (gradient):             1.00e-05
 Conv. threshold (energy):               1.00e-06
 Interpolation scheme:                   adiis+cdiis
 Initial guess:                          SAD

 ---------------------------------------------------------------
                  energy        change          grad        time
 ---------------------------------------------------------------
   0      -760.927739510                    2.22e+00        0.02
   1      -760.944658147     -1.69e-02      6.25e-01        0.01
   2      -760.569335288      3.75e-01      1.61e+00        0.01
   3      -760.950746916     -3.81e-01      4.82e-01        0.01
   4      -760.741852087      2.09e-01      9.63e-01        0.01
   5      -760.980149810     -2.38e-01      7.50e-02        0.01
   6      -760.979383016      7.67e-04      1.10e-01        0.01
   7      -760.980690934     -1.31e-03      2.10e-02        0.01
   8      -760.980717261     -2.63e-05      4.09e-03        0.01
   9      -760.980719094     -1.83e-06      9.34e-04        0.01
  10      -760.980719171     -7.70e-08      2.48e-04        0.01
  11      -760.980719170      1.19e-09      1.84e-04        0.01
  12      -760.980719182     -1.20e-08      2.77e-05        0.02
  13      -760.980719182     -5.62e-11      2.85e-06        0.01

 SCF converged in 13 iterations.

 Dipole moment (in Debye):              -0.000005      -0.000006      -1.764861

 Quadrupole moment (in Debye-Angstrom):
                  1            2            3
 1       -23.154455     0.000000     0.000002
 2         0.000000   -23.154455     0.000002
 3         0.000002     0.000002   -23.481382

 Spin-squared expectation <S^2>:         0.000
 Total spin quantum number S:            0.000
 TOTAL ENERGY:                        -760.980719182

 --------------------------------------------------------------------------------

 End time:                               Wed Jun  2 11:50:38 2021
 Total wall-clock time:                  2.114 seconds
==================================================================================
