
================================================================================
          _____________ ________ _______________ ________     _________         
         / ___________// ______ \\_____   _____// ______ \   / ________)        
        / /_________  / /      \ \     | |     / /      \ \ | (_______          
       |  __________|| |        | |    | |    | |        | | \________ \        
        \ \_________ | |        | |    | |     \ \______/ /___________) |       
         \__________||_|        |_|    |_|      \________//____________/        
                                                                                
====================================[ Qcore ]===================================

 Git hash:   15a3e7daff0cda5fa9af010ccd19a80288182ecf
 Git date:   Fri, 16 Apr 2021 15:57:16 +0100
 Compiler:   GNU 9.1.0
 Build type: Release
 Version:    1.1.0

 Start time: Wed Jun  2 13:58:56 2021

 Data directory: /work/zw18965/.local/qcore/share/entos/1.1.0/data
 Number of threads: 24
 Number of threads was determined by: number of physical cores

 --------------------------------------------------------------------------------
                                   command: dft                                  
 --------------------------------------------------------------------------------
 AO basis set:                           aug-cc-pvtz
 Number of AO basis functions:         139

 Formula:                                FSc
 Nuclear charge:                        30.000000000
 Total charge:                           0.000000000
 Number of electrons:                   30.000000000

 Number of alpha electrons:             15
 Number of beta electrons:              15
 Number of unpaired electrons:           0
 Spin:                                   0
 Multiplicity:                           singlet

 Theory:                                 dft
 Exchange-correlation functional:        pbe0
 Method for Coulomb:                     incore_df
 Method for exact exchange:              pre_transformed_df
 Integral threshold:                     1.00e-12
 DF basis set:                           def2-tzvp-jkfit(spdfghi)
 Number of DF basis functions:         341
 Schwarz screening threshold:            1.00e-10
 Coulomb fitting method:                 Cholesky
 Total number of grid points:        14664
 Method for AO orthogonalization:        symmetric
 Threshold for linear dependence:        1.00e-08

 -------------------------------------
  Running restricted closed-shell SCF 
 -------------------------------------
 Max number of iterations:             128
 Conv. threshold (gradient):             1.00e-05
 Conv. threshold (energy):               1.00e-06
 Interpolation scheme:                   adiis+cdiis
 Initial guess:                          SAD

 ---------------------------------------------------------------
                  energy        change          grad        time
 ---------------------------------------------------------------
   0      -860.210060388                    4.06e+00        0.02
   1      -860.195919857      1.41e-02      1.22e+00        0.02
   2      -856.928587909      3.27e+00      6.99e+00        0.02
   3      -860.028863106     -3.10e+00      2.16e+00        0.02
   4      -860.321099532     -2.92e-01      2.08e-01        0.02
   5      -860.313378334      7.72e-03      4.18e-01        0.02
   6      -860.323478068     -1.01e-02      9.40e-02        0.02
   7      -860.323660177     -1.82e-04      8.29e-02        0.02
   8      -860.324076719     -4.17e-04      1.21e-03        0.02
   9      -860.324077096     -3.78e-07      6.65e-04        0.02
  10      -860.324077137     -4.02e-08      2.14e-04        0.02
  11      -860.324077141     -4.40e-09      4.46e-05        0.02
  12      -860.324077141     -1.65e-10      3.46e-06        0.02

 SCF converged in 12 iterations.

 Dipole moment (in Debye):               0.000001       0.000001      -1.949212

 Quadrupole moment (in Debye-Angstrom):
                  1            2            3
 1       -26.196083    -0.000016    -0.000002
 2        -0.000016   -26.196083    -0.000002
 3        -0.000002    -0.000002   -26.611894

 Spin-squared expectation <S^2>:         0.000
 Total spin quantum number S:            0.000
 TOTAL ENERGY:                        -860.324077141
 Saving results in set 'guess'

 --------------------------------------------------------------------------------
                                   command: dft                                  
 --------------------------------------------------------------------------------
 AO basis set:                           aug-cc-pvtz
 Number of AO basis functions:         139

 Formula:                                FSc
 Nuclear charge:                        30.000000000
 Total charge:                           0.000000000
 Number of electrons:                   30.000000000

 Number of alpha electrons:             15
 Number of beta electrons:              15
 Number of unpaired electrons:           0
 Spin:                                   0
 Multiplicity:                           singlet

 Theory:                                 dft
 Exchange-correlation functional:        pbe
 Method for Coulomb:                     incore_df
 Integral threshold:                     1.00e-12
 DF basis set:                           def2-tzvp-jkfit(spdfghi)
 Number of DF basis functions:         341
 Schwarz screening threshold:            1.00e-10
 Coulomb fitting method:                 Cholesky
 Total number of grid points:        14664
 Method for AO orthogonalization:        symmetric
 Threshold for linear dependence:        1.00e-08
 D3BJ dispersion energy:                -0.000468189

 -------------------------------------
  Running restricted closed-shell SCF 
 -------------------------------------
 Max number of iterations:             128
 Conv. threshold (gradient):             1.00e-05
 Conv. threshold (energy):               1.00e-06
 Interpolation scheme:                   adiis+cdiis
 Initializing maximum overlap method (MOM)

 ---------------------------------------------------------------
                  energy        change          grad        time
 ---------------------------------------------------------------
   0      -860.294914693                    2.26e-01        0.03
   1      -860.285336045      9.58e-03      4.03e-01        0.02
   2      -860.201434409      8.39e-02      1.14e+00        0.02
   3      -860.287117673     -8.57e-02      3.64e-01        0.02
   4      -860.298303364     -1.12e-02      1.06e-02        0.02
   5      -860.298243158      6.02e-05      2.33e-02        0.02
   6      -860.298320973     -7.78e-05      4.63e-03        0.02
   7      -860.298320333      6.40e-07      2.05e-03        0.02
   8      -860.298321973     -1.64e-06      1.00e-03        0.02
   9      -860.298322499     -5.27e-07      2.91e-05        0.02
  10      -860.298322499     -8.82e-11      6.26e-06        0.02

 SCF converged in 10 iterations.

 Dipole moment (in Debye):              -0.000000      -0.000000      -1.776773

 Quadrupole moment (in Debye-Angstrom):
                  1            2            3
 1       -26.477077    -0.000012     0.000000
 2        -0.000012   -26.477076     0.000000
 3         0.000000     0.000000   -25.928615

 Spin-squared expectation <S^2>:         0.000
 Total spin quantum number S:            0.000
 TOTAL ENERGY:                        -860.298322499

 --------------------------------------------------------------------------------

 End time:                               Wed Jun  2 13:59:01 2021
 Total wall-clock time:                  4.291 seconds
==================================================================================
