
================================================================================
          _____________ ________ _______________ ________     _________         
         / ___________// ______ \\_____   _____// ______ \   / ________)        
        / /_________  / /      \ \     | |     / /      \ \ | (_______          
       |  __________|| |        | |    | |    | |        | | \________ \        
        \ \_________ | |        | |    | |     \ \______/ /___________) |       
         \__________||_|        |_|    |_|      \________//____________/        
                                                                                
====================================[ Qcore ]===================================

 Git hash:   15a3e7daff0cda5fa9af010ccd19a80288182ecf
 Git date:   Fri, 16 Apr 2021 15:57:16 +0100
 Compiler:   GNU 9.1.0
 Build type: Release
 Version:    1.1.0

 Start time: Wed Jun  2 11:50:42 2021

 Data directory: /work/zw18965/.local/qcore/share/entos/1.1.0/data
 Number of threads: 24
 Number of threads was determined by: command line argument
  - More threads can be used by running 'qcore -n 32'

 --------------------------------------------------------------------------------
                                   command: dft                                  
 --------------------------------------------------------------------------------
 AO basis set:                           aug-cc-pvtz
 Number of AO basis functions:         143

 Formula:                                ClSc
 Nuclear charge:                        38.000000000
 Total charge:                           0.000000000
 Number of electrons:                   38.000000000

 Number of alpha electrons:             19
 Number of beta electrons:              19
 Number of unpaired electrons:           0
 Spin:                                   0
 Multiplicity:                           singlet

 Theory:                                 dft
 Exchange-correlation functional:        pbe
 Method for Coulomb:                     incore_df
 Integral threshold:                     1.00e-12
 DF basis set:                           def2-tzvp-jkfit(spdfghi)
 Number of DF basis functions:         392
 Schwarz screening threshold:            1.00e-10
 Coulomb fitting method:                 Cholesky
 Total number of grid points:        15346
 Method for AO orthogonalization:        symmetric
 Threshold for linear dependence:        1.00e-08
 D3BJ dispersion energy:                -0.001279792

 -------------------------------------
  Running restricted closed-shell SCF 
 -------------------------------------
 Max number of iterations:             128
 Conv. threshold (gradient):             1.00e-05
 Conv. threshold (energy):               1.00e-06
 Interpolation scheme:                   adiis+cdiis
 Initial guess:                          SAD

 ---------------------------------------------------------------
                  energy        change          grad        time
 ---------------------------------------------------------------
   0     -1220.593751374                    4.65e+00        0.02
   1     -1220.499014916      9.47e-02      5.73e-01        0.02
   2     -1219.253236023      1.25e+00      3.27e+00        0.02
   3     -1220.466167923     -1.21e+00      7.39e-01        0.02
   4     -1220.283239797      1.83e-01      1.05e+00        0.02
   5     -1220.532629697     -2.49e-01      1.27e-01        0.02
   6     -1220.529612633      3.02e-03      2.15e-01        0.02
   7     -1220.534417604     -4.80e-03      4.00e-02        0.02
   8     -1220.533545245      8.72e-04      1.03e-01        0.02
   9     -1220.534600356     -1.06e-03      4.81e-03        0.02
  10     -1220.534602341     -1.98e-06      8.59e-04        0.02
  11     -1220.534602355     -1.38e-08      4.80e-04        0.02
  12     -1220.534602241      1.13e-07      7.46e-04        0.02
  13     -1220.534602435     -1.93e-07      4.17e-06        0.02

 SCF converged in 13 iterations.

 Dipole moment (in Debye):              -0.000000      -0.000000      -2.510242

 Quadrupole moment (in Debye-Angstrom):
                  1            2            3
 1       -34.533585     0.000000     0.000000
 2         0.000000   -34.533585     0.000000
 3         0.000000     0.000000   -30.009279

 Spin-squared expectation <S^2>:         0.000
 Total spin quantum number S:            0.000
 TOTAL ENERGY:                       -1220.534602435

 --------------------------------------------------------------------------------

 End time:                               Wed Jun  2 11:50:44 2021
 Total wall-clock time:                  2.531 seconds
==================================================================================
