
================================================================================
          _____________ ________ _______________ ________     _________         
         / ___________// ______ \\_____   _____// ______ \   / ________)        
        / /_________  / /      \ \     | |     / /      \ \ | (_______          
       |  __________|| |        | |    | |    | |        | | \________ \        
        \ \_________ | |        | |    | |     \ \______/ /___________) |       
         \__________||_|        |_|    |_|      \________//____________/        
                                                                                
====================================[ Qcore ]===================================

 Git hash:   15a3e7daff0cda5fa9af010ccd19a80288182ecf
 Git date:   Fri, 16 Apr 2021 15:57:16 +0100
 Compiler:   GNU 9.1.0
 Build type: Release
 Version:    1.1.0

 Start time: Wed Jun  2 11:50:50 2021

 Data directory: /work/zw18965/.local/qcore/share/entos/1.1.0/data
 Number of threads: 24
 Number of threads was determined by: command line argument
  - More threads can be used by running 'qcore -n 32'

 --------------------------------------------------------------------------------
                                   command: dft                                  
 --------------------------------------------------------------------------------
 AO basis set:                           aug-cc-pvtz
 Number of AO basis functions:         143

 Formula:                                SSc
 Nuclear charge:                        37.000000000
 Total charge:                           0.000000000
 Number of electrons:                   37.000000000

 Number of alpha electrons:             19
 Number of beta electrons:              18
 Number of unpaired electrons:           1
 Spin:                                   1
 Multiplicity:                           doublet

 Theory:                                 dft
 Exchange-correlation functional:        pbe
 Method for Coulomb:                     incore_df
 Integral threshold:                     1.00e-12
 DF basis set:                           def2-tzvp-jkfit(spdfghi)
 Number of DF basis functions:         392
 Schwarz screening threshold:            1.00e-10
 Coulomb fitting method:                 Cholesky
 Total number of grid points:        15202
 Method for AO orthogonalization:        symmetric
 Threshold for linear dependence:        1.00e-08
 D3BJ dispersion energy:                -0.001462775

 -------------------------------------
  Running unrestricted open-shell SCF 
 -------------------------------------
 Max number of iterations:             128
 Conv. threshold (gradient):             1.00e-05
 Conv. threshold (energy):               1.00e-06
 Interpolation scheme:                   adiis+cdiis
 Initial guess:                          SAD

 ---------------------------------------------------------------
                  energy        change          grad        time
 ---------------------------------------------------------------
   0     -1158.614656249                    2.55e+00        0.03
   1     -1158.397750086      2.17e-01      5.74e-01        0.03
   2     -1151.404979736      6.99e+00      3.87e+00        0.03
   3     -1157.644373293     -6.24e+00      1.68e+00        0.03
   4     -1158.521064393     -8.77e-01      2.47e-01        0.02
   5     -1158.532720694     -1.17e-02      1.72e-01        0.03
   6     -1158.543607573     -1.09e-02      5.38e-02        0.03
   7     -1158.533034462      1.06e-02      1.82e-01        0.03
   8     -1158.544664609     -1.16e-02      6.92e-03        0.03
   9     -1158.544681658     -1.70e-05      3.77e-03        0.03
  10     -1158.544688004     -6.35e-06      6.16e-04        0.03
  11     -1158.544688200     -1.96e-07      1.67e-04        0.03
  12     -1158.544688214     -1.45e-08      3.25e-05        0.03
  13     -1158.544688215     -5.95e-10      1.66e-05        0.02
  14     -1158.544688215     -2.43e-10      2.93e-06        0.03

 SCF converged in 14 iterations.

 Dipole moment (in Debye):               0.000000       0.000000      -5.044869

 Quadrupole moment (in Debye-Angstrom):
                  1            2            3
 1       -31.850565    -0.000108     0.000000
 2        -0.000108   -31.850565     0.000000
 3         0.000000     0.000000   -31.530766

 Spin-squared expectation <S^2>:         0.754
 Total spin quantum number S:            0.502
 TOTAL ENERGY:                       -1158.544688215

 --------------------------------------------------------------------------------

 End time:                               Wed Jun  2 11:50:53 2021
 Total wall-clock time:                  2.656 seconds
==================================================================================
