
================================================================================
          _____________ ________ _______________ ________     _________         
         / ___________// ______ \\_____   _____// ______ \   / ________)        
        / /_________  / /      \ \     | |     / /      \ \ | (_______          
       |  __________|| |        | |    | |    | |        | | \________ \        
        \ \_________ | |        | |    | |     \ \______/ /___________) |       
         \__________||_|        |_|    |_|      \________//____________/        
                                                                                
====================================[ Qcore ]===================================

 Git hash:   15a3e7daff0cda5fa9af010ccd19a80288182ecf
 Git date:   Fri, 16 Apr 2021 15:57:16 +0100
 Compiler:   GNU 9.1.0
 Build type: Release
 Version:    1.1.0

 Start time: Wed Jun  2 11:51:04 2021

 Data directory: /work/zw18965/.local/qcore/share/entos/1.1.0/data
 Number of threads: 24
 Number of threads was determined by: command line argument
  - More threads can be used by running 'qcore -n 32'

 --------------------------------------------------------------------------------
                                   command: dft                                  
 --------------------------------------------------------------------------------
 AO basis set:                           aug-cc-pvtz
 Number of AO basis functions:         139

 Formula:                                OTi
 Nuclear charge:                        30.000000000
 Total charge:                           0.000000000
 Number of electrons:                   30.000000000

 Number of alpha electrons:             16
 Number of beta electrons:              14
 Number of unpaired electrons:           2
 Spin:                                   2
 Multiplicity:                           triplet

 Theory:                                 dft
 Exchange-correlation functional:        pbe
 Method for Coulomb:                     incore_df
 Integral threshold:                     1.00e-12
 DF basis set:                           def2-tzvp-jkfit(spdfghi)
 Number of DF basis functions:         341
 Schwarz screening threshold:            1.00e-10
 Coulomb fitting method:                 Cholesky
 Total number of grid points:        14736
 Method for AO orthogonalization:        symmetric
 Threshold for linear dependence:        1.00e-08
 D3BJ dispersion energy:                -0.000647355

 -------------------------------------
  Running unrestricted open-shell SCF 
 -------------------------------------
 Max number of iterations:             128
 Conv. threshold (gradient):             1.00e-05
 Conv. threshold (energy):               1.00e-06
 Interpolation scheme:                   adiis+cdiis
 Initial guess:                          SAD

 ---------------------------------------------------------------
                  energy        change          grad        time
 ---------------------------------------------------------------
   0      -924.361244991                    2.64e+00        0.02
   1      -923.965561032      3.96e-01      1.24e+00        0.02
   2      -909.422113060      1.45e+01      9.28e+00        0.03
   3      -921.654008076     -1.22e+01      2.83e+00        0.02
   4      -924.277379180     -2.62e+00      7.47e-01        0.02
   5      -924.385192535     -1.08e-01      3.70e-01        0.03
   6      -924.416985738     -3.18e-02      2.03e-01        0.03
   7      -924.428635525     -1.16e-02      7.56e-02        0.03
   8      -924.429262763     -6.27e-04      8.37e-02        0.03
   9      -924.431047217     -1.78e-03      2.13e-03        0.03
  10      -924.431048356     -1.14e-06      8.76e-04        0.03
  11      -924.431048563     -2.07e-07      1.90e-04        0.02
  12      -924.431048580     -1.70e-08      1.08e-04        0.03
  13      -924.431048584     -4.82e-09      6.94e-06        0.02

 SCF converged in 13 iterations.

 Dipole moment (in Debye):               0.000000       0.000000      -3.320596

 Quadrupole moment (in Debye-Angstrom):
                  1            2            3
 1       -22.524582     0.000000    -0.000001
 2         0.000000   -22.524582    -0.000001
 3        -0.000001    -0.000001   -25.417474

 Spin-squared expectation <S^2>:         2.012
 Total spin quantum number S:            1.004
 TOTAL ENERGY:                        -924.431048584

 --------------------------------------------------------------------------------

 End time:                               Wed Jun  2 11:51:06 2021
 Total wall-clock time:                  2.437 seconds
==================================================================================
