
================================================================================
          _____________ ________ _______________ ________     _________         
         / ___________// ______ \\_____   _____// ______ \   / ________)        
        / /_________  / /      \ \     | |     / /      \ \ | (_______          
       |  __________|| |        | |    | |    | |        | | \________ \        
        \ \_________ | |        | |    | |     \ \______/ /___________) |       
         \__________||_|        |_|    |_|      \________//____________/        
                                                                                
====================================[ Qcore ]===================================

 Git hash:   15a3e7daff0cda5fa9af010ccd19a80288182ecf
 Git date:   Fri, 16 Apr 2021 15:57:16 +0100
 Compiler:   GNU 9.1.0
 Build type: Release
 Version:    1.1.0

 Start time: Wed Jun  2 11:51:07 2021

 Data directory: /work/zw18965/.local/qcore/share/entos/1.1.0/data
 Number of threads: 24
 Number of threads was determined by: command line argument
  - More threads can be used by running 'qcore -n 32'

 --------------------------------------------------------------------------------
                                   command: dft                                  
 --------------------------------------------------------------------------------
 AO basis set:                           aug-cc-pvtz
 Number of AO basis functions:         143

 Formula:                                STi
 Nuclear charge:                        38.000000000
 Total charge:                           0.000000000
 Number of electrons:                   38.000000000

 Number of alpha electrons:             20
 Number of beta electrons:              18
 Number of unpaired electrons:           2
 Spin:                                   2
 Multiplicity:                           triplet

 Theory:                                 dft
 Exchange-correlation functional:        pbe
 Method for Coulomb:                     incore_df
 Integral threshold:                     1.00e-12
 DF basis set:                           def2-tzvp-jkfit(spdfghi)
 Number of DF basis functions:         392
 Schwarz screening threshold:            1.00e-10
 Coulomb fitting method:                 Cholesky
 Total number of grid points:        15142
 Method for AO orthogonalization:        symmetric
 Threshold for linear dependence:        1.00e-08
 D3BJ dispersion energy:                -0.001456856

 -------------------------------------
  Running unrestricted open-shell SCF 
 -------------------------------------
 Max number of iterations:             128
 Conv. threshold (gradient):             1.00e-05
 Conv. threshold (energy):               1.00e-06
 Interpolation scheme:                   adiis+cdiis
 Initial guess:                          SAD

 ---------------------------------------------------------------
                  energy        change          grad        time
 ---------------------------------------------------------------
   0     -1247.306020368                    2.57e+00        0.03
   1     -1247.054560295      2.51e-01      9.17e-01        0.03
   2     -1235.692110262      1.14e+01      7.64e+00        0.03
   3     -1245.047918560     -9.36e+00      2.63e+00        0.03
   4     -1247.180966930     -2.13e+00      6.14e-01        0.03
   5     -1247.248452130     -6.75e-02      3.30e-01        0.03
   6     -1247.254601350     -6.15e-03      2.87e-01        0.03
   7     -1247.277074400     -2.25e-02      9.55e-02        0.03
   8     -1247.278031342     -9.57e-04      7.67e-02        0.03
   9     -1247.280596688     -2.57e-03      5.17e-03        0.03
  10     -1247.280605175     -8.49e-06      1.79e-03        0.03
  11     -1247.280606302     -1.13e-06      3.13e-04        0.03
  12     -1247.280606384     -8.19e-08      1.17e-04        0.03
  13     -1247.280606391     -7.13e-09      1.84e-05        0.03
  14     -1247.280606392     -1.14e-10      1.03e-05        0.03
  15     -1247.280606392     -3.02e-11      3.75e-06        0.03

 SCF converged in 15 iterations.

 Dipole moment (in Debye):              -0.000001      -0.000001      -4.810689

 Quadrupole moment (in Debye-Angstrom):
                  1            2            3
 1       -31.156942     0.000000     0.000000
 2         0.000000   -31.156942     0.000000
 3         0.000000     0.000000   -27.857216

 Spin-squared expectation <S^2>:         2.038
 Total spin quantum number S:            1.013
 TOTAL ENERGY:                       -1247.280606392

 --------------------------------------------------------------------------------

 End time:                               Wed Jun  2 11:51:09 2021
 Total wall-clock time:                  2.690 seconds
==================================================================================
