
================================================================================
          _____________ ________ _______________ ________     _________         
         / ___________// ______ \\_____   _____// ______ \   / ________)        
        / /_________  / /      \ \     | |     / /      \ \ | (_______          
       |  __________|| |        | |    | |    | |        | | \________ \        
        \ \_________ | |        | |    | |     \ \______/ /___________) |       
         \__________||_|        |_|    |_|      \________//____________/        
                                                                                
====================================[ Qcore ]===================================

 Git hash:   15a3e7daff0cda5fa9af010ccd19a80288182ecf
 Git date:   Fri, 16 Apr 2021 15:57:16 +0100
 Compiler:   GNU 9.1.0
 Build type: Release
 Version:    1.1.0

 Start time: Wed Jun  2 11:51:09 2021

 Data directory: /work/zw18965/.local/qcore/share/entos/1.1.0/data
 Number of threads: 24
 Number of threads was determined by: command line argument
  - More threads can be used by running 'qcore -n 32'

 --------------------------------------------------------------------------------
                                   command: dft                                  
 --------------------------------------------------------------------------------
 AO basis set:                           aug-cc-pvtz
 Number of AO basis functions:         116

 Formula:                                HV
 Nuclear charge:                        24.000000000
 Total charge:                           0.000000000
 Number of electrons:                   24.000000000

 Number of alpha electrons:             14
 Number of beta electrons:              10
 Number of unpaired electrons:           4
 Spin:                                   4
 Multiplicity:                           quintet

 Theory:                                 dft
 Exchange-correlation functional:        pbe
 Method for Coulomb:                     incore_df
 Integral threshold:                     1.00e-12
 DF basis set:                           def2-tzvp-jkfit(spdfghi)
 Number of DF basis functions:         282
 Schwarz screening threshold:            1.00e-10
 Coulomb fitting method:                 Cholesky
 Total number of grid points:        13742
 Method for AO orthogonalization:        symmetric
 Threshold for linear dependence:        1.00e-08
 D3BJ dispersion energy:                -0.000504259

 -------------------------------------
  Running unrestricted open-shell SCF 
 -------------------------------------
 Max number of iterations:             128
 Conv. threshold (gradient):             1.00e-05
 Conv. threshold (energy):               1.00e-06
 Interpolation scheme:                   adiis+cdiis
 Initial guess:                          SAD

 ---------------------------------------------------------------
                  energy        change          grad        time
 ---------------------------------------------------------------
   0      -944.112019187                    1.35e+00        0.02
   1      -944.114375115     -2.36e-03      7.16e-01        0.02
   2      -941.854763850      2.26e+00      2.15e+00        0.02
   3      -944.099759694     -2.24e+00      8.85e-01        0.02
   4      -944.284995775     -1.85e-01      6.47e-02        0.02
   5      -944.280372897      4.62e-03      1.40e-01        0.02
   6      -944.286717028     -6.34e-03      6.28e-03        0.02
   7      -944.286735227     -1.82e-05      1.89e-03        0.02
   8      -944.286736664     -1.44e-06      7.29e-04        0.02
   9      -944.286736860     -1.95e-07      2.70e-04        0.02
  10      -944.286736882     -2.25e-08      4.00e-05        0.02
  11      -944.286736882     -3.79e-10      3.38e-06        0.02

 SCF converged in 11 iterations.

 Dipole moment (in Debye):              -0.000000      -0.000000      -2.437859

 Quadrupole moment (in Debye-Angstrom):
                  1            2            3
 1       -18.090825    -0.000000     0.000000
 2        -0.000000   -18.090825     0.000000
 3         0.000000     0.000000   -21.431926

 Spin-squared expectation <S^2>:         6.023
 Total spin quantum number S:            2.005
 TOTAL ENERGY:                        -944.286736882

 --------------------------------------------------------------------------------

 End time:                               Wed Jun  2 11:51:12 2021
 Total wall-clock time:                  2.244 seconds
==================================================================================
