
================================================================================
          _____________ ________ _______________ ________     _________         
         / ___________// ______ \\_____   _____// ______ \   / ________)        
        / /_________  / /      \ \     | |     / /      \ \ | (_______          
       |  __________|| |        | |    | |    | |        | | \________ \        
        \ \_________ | |        | |    | |     \ \______/ /___________) |       
         \__________||_|        |_|    |_|      \________//____________/        
                                                                                
====================================[ Qcore ]===================================

 Git hash:   15a3e7daff0cda5fa9af010ccd19a80288182ecf
 Git date:   Fri, 16 Apr 2021 15:57:16 +0100
 Compiler:   GNU 9.1.0
 Build type: Release
 Version:    1.1.0

 Start time: Wed Jun  2 11:51:12 2021

 Data directory: /work/zw18965/.local/qcore/share/entos/1.1.0/data
 Number of threads: 24
 Number of threads was determined by: command line argument
  - More threads can be used by running 'qcore -n 32'

 --------------------------------------------------------------------------------
                                   command: dft                                  
 --------------------------------------------------------------------------------
 AO basis set:                           aug-cc-pvtz
 Number of AO basis functions:         139

 Formula:                                FV
 Nuclear charge:                        32.000000000
 Total charge:                           0.000000000
 Number of electrons:                   32.000000000

 Number of alpha electrons:             18
 Number of beta electrons:              14
 Number of unpaired electrons:           4
 Spin:                                   4
 Multiplicity:                           quintet

 Theory:                                 dft
 Exchange-correlation functional:        pbe
 Method for Coulomb:                     incore_df
 Integral threshold:                     1.00e-12
 DF basis set:                           def2-tzvp-jkfit(spdfghi)
 Number of DF basis functions:         341
 Schwarz screening threshold:            1.00e-10
 Coulomb fitting method:                 Cholesky
 Total number of grid points:        14664
 Method for AO orthogonalization:        symmetric
 Threshold for linear dependence:        1.00e-08
 D3BJ dispersion energy:                -0.000498030

 -------------------------------------
  Running unrestricted open-shell SCF 
 -------------------------------------
 Max number of iterations:             128
 Conv. threshold (gradient):             1.00e-05
 Conv. threshold (energy):               1.00e-06
 Interpolation scheme:                   adiis+cdiis
 Initial guess:                          SAD

 ---------------------------------------------------------------
                  energy        change          grad        time
 ---------------------------------------------------------------
   0     -1043.390778578                    1.34e+00        0.02
   1     -1043.342756529      4.80e-02      7.44e-01        0.03
   2     -1029.375416750      1.40e+01      5.26e+00        0.02
   3     -1041.668891811     -1.23e+01      2.69e+00        0.03
   4     -1043.495197628     -1.83e+00      5.12e-01        0.03
   5     -1043.547511533     -5.23e-02      3.05e-01        0.03
   6     -1043.566529895     -1.90e-02      1.65e-01        0.03
   7     -1043.558175513      8.35e-03      2.79e-01        0.03
   8     -1043.574451026     -1.63e-02      6.66e-02        0.03
   9     -1043.572767641      1.68e-03      9.84e-02        0.03
  10     -1043.575642824     -2.88e-03      1.23e-03        0.03
  11     -1043.575643098     -2.74e-07      3.59e-04        0.03
  12     -1043.575643127     -2.88e-08      3.01e-05        0.02
  13     -1043.575643127     -3.36e-10      1.15e-05        0.03
  14     -1043.575643127     -1.45e-10      7.36e-06        0.03

 SCF converged in 14 iterations.

 Dipole moment (in Debye):              -0.000000      -0.000000      -3.230140

 Quadrupole moment (in Debye-Angstrom):
                  1            2            3
 1       -21.732796    -0.866395     0.000000
 2        -0.866395   -21.715579     0.000000
 3         0.000000     0.000000   -22.533758

 Spin-squared expectation <S^2>:         6.010
 Total spin quantum number S:            2.002
 TOTAL ENERGY:                       -1043.575643128

 --------------------------------------------------------------------------------

 End time:                               Wed Jun  2 11:51:14 2021
 Total wall-clock time:                  2.707 seconds
==================================================================================
