
================================================================================
          _____________ ________ _______________ ________     _________         
         / ___________// ______ \\_____   _____// ______ \   / ________)        
        / /_________  / /      \ \     | |     / /      \ \ | (_______          
       |  __________|| |        | |    | |    | |        | | \________ \        
        \ \_________ | |        | |    | |     \ \______/ /___________) |       
         \__________||_|        |_|    |_|      \________//____________/        
                                                                                
====================================[ Qcore ]===================================

 Git hash:   15a3e7daff0cda5fa9af010ccd19a80288182ecf
 Git date:   Fri, 16 Apr 2021 15:57:16 +0100
 Compiler:   GNU 9.1.0
 Build type: Release
 Version:    1.1.0

 Start time: Wed Jun  2 11:51:29 2021

 Data directory: /work/zw18965/.local/qcore/share/entos/1.1.0/data
 Number of threads: 24
 Number of threads was determined by: command line argument
  - More threads can be used by running 'qcore -n 32'

 --------------------------------------------------------------------------------
                                   command: dft                                  
 --------------------------------------------------------------------------------
 AO basis set:                           aug-cc-pvtz
 Number of AO basis functions:         139

 Formula:                                FCr
 Nuclear charge:                        33.000000000
 Total charge:                           0.000000000
 Number of electrons:                   33.000000000

 Number of alpha electrons:             19
 Number of beta electrons:              14
 Number of unpaired electrons:           5
 Spin:                                   5
 Multiplicity:                           septet

 Theory:                                 dft
 Exchange-correlation functional:        pbe
 Method for Coulomb:                     incore_df
 Integral threshold:                     1.00e-12
 DF basis set:                           def2-tzvp-jkfit(spdfghi)
 Number of DF basis functions:         341
 Schwarz screening threshold:            1.00e-10
 Coulomb fitting method:                 Cholesky
 Total number of grid points:        14640
 Method for AO orthogonalization:        symmetric
 Threshold for linear dependence:        1.00e-08
 D3BJ dispersion energy:                -0.000473253

 -------------------------------------
  Running unrestricted open-shell SCF 
 -------------------------------------
 Max number of iterations:             128
 Conv. threshold (gradient):             1.00e-05
 Conv. threshold (energy):               1.00e-06
 Interpolation scheme:                   adiis+cdiis
 Initial guess:                          SAD

 ---------------------------------------------------------------
                  energy        change          grad        time
 ---------------------------------------------------------------
   0     -1143.873282983                    1.51e+00        0.02
   1     -1143.825472941      4.78e-02      7.54e-01        0.02
   2     -1131.596696030      1.22e+01      4.68e+00        0.03
   3     -1142.594243824     -1.10e+01      2.13e+00        0.02
   4     -1144.016858092     -1.42e+00      4.49e-01        0.02
   5     -1144.050511246     -3.37e-02      3.02e-01        0.04
   6     -1144.074138546     -2.36e-02      1.33e-01        0.03
   7     -1144.064634212      9.50e-03      1.79e-01        0.03
   8     -1144.076800864     -1.22e-02      1.02e-01        0.03
   9     -1144.076916654     -1.16e-04      1.09e-01        0.03
  10     -1144.079427024     -2.51e-03      2.21e-02        0.03
  11     -1144.078787334      6.40e-04      4.27e-02        0.04
  12     -1144.079631444     -8.44e-04      5.53e-04        0.03
  13     -1144.079631521     -7.78e-08      8.87e-05        0.03
  14     -1144.079631524     -2.26e-09      3.71e-06        0.03

 SCF converged in 14 iterations.

 Dipole moment (in Debye):               0.000000       0.000000      -3.612750

 Quadrupole moment (in Debye-Angstrom):
                  1            2            3
 1       -20.501173    -0.000000     0.000000
 2        -0.000000   -20.501173     0.000000
 3         0.000000     0.000000   -21.848609

 Spin-squared expectation <S^2>:         8.762
 Total spin quantum number S:            2.502
 TOTAL ENERGY:                       -1144.079631524

 --------------------------------------------------------------------------------

 End time:                               Wed Jun  2 11:51:31 2021
 Total wall-clock time:                  2.526 seconds
==================================================================================
