
================================================================================
          _____________ ________ _______________ ________     _________         
         / ___________// ______ \\_____   _____// ______ \   / ________)        
        / /_________  / /      \ \     | |     / /      \ \ | (_______          
       |  __________|| |        | |    | |    | |        | | \________ \        
        \ \_________ | |        | |    | |     \ \______/ /___________) |       
         \__________||_|        |_|    |_|      \________//____________/        
                                                                                
====================================[ Qcore ]===================================

 Git hash:   15a3e7daff0cda5fa9af010ccd19a80288182ecf
 Git date:   Fri, 16 Apr 2021 15:57:16 +0100
 Compiler:   GNU 9.1.0
 Build type: Release
 Version:    1.1.0

 Start time: Wed Jun  2 11:51:34 2021

 Data directory: /work/zw18965/.local/qcore/share/entos/1.1.0/data
 Number of threads: 24
 Number of threads was determined by: command line argument
  - More threads can be used by running 'qcore -n 32'

 --------------------------------------------------------------------------------
                                   command: dft                                  
 --------------------------------------------------------------------------------
 AO basis set:                           aug-cc-pvtz
 Number of AO basis functions:         152

 Formula:                                CrBr
 Nuclear charge:                        59.000000000
 Total charge:                           0.000000000
 Number of electrons:                   59.000000000

 Number of alpha electrons:             32
 Number of beta electrons:              27
 Number of unpaired electrons:           5
 Spin:                                   5
 Multiplicity:                           septet

 Theory:                                 dft
 Exchange-correlation functional:        pbe
 Method for Coulomb:                     incore_df
 Integral threshold:                     1.00e-12
 DF basis set:                           def2-tzvp-jkfit(spdfghi)
 Number of DF basis functions:         530
 Schwarz screening threshold:            1.00e-10
 Coulomb fitting method:                 Cholesky
 Total number of grid points:        15992
 Method for AO orthogonalization:        symmetric
 Threshold for linear dependence:        1.00e-08
 D3BJ dispersion energy:                -0.001439721

 -------------------------------------
  Running unrestricted open-shell SCF 
 -------------------------------------
 Max number of iterations:             128
 Conv. threshold (gradient):             1.00e-05
 Conv. threshold (energy):               1.00e-06
 Interpolation scheme:                   adiis+cdiis
 Initial guess:                          SAD

 ---------------------------------------------------------------
                  energy        change          grad        time
 ---------------------------------------------------------------
   0     -3617.999842573                    2.00e+00        0.03
   1     -3617.904106042      9.57e-02      8.08e-01        0.03
   2     -3610.121868504      7.78e+00      3.85e+00        0.03
   3     -3617.228172595     -7.11e+00      1.77e+00        0.03
   4     -3618.088769715     -8.61e-01      3.55e-01        0.03
   5     -3618.073590000      1.52e-02      4.45e-01        0.03
   6     -3618.118531860     -4.49e-02      4.83e-02        0.04
   7     -3618.115806631      2.73e-03      9.06e-02        0.04
   8     -3618.119851808     -4.05e-03      7.02e-03        0.03
   9     -3618.119867921     -1.61e-05      1.57e-03        0.03
  10     -3618.119868679     -7.58e-07      2.53e-04        0.03
  11     -3618.119868702     -2.29e-08      7.98e-05        0.03
  12     -3618.119868704     -2.16e-09      1.00e-05        0.03
  13     -3618.119868704     -4.59e-11      2.26e-06        0.03

 SCF converged in 13 iterations.

 Dipole moment (in Debye):              -0.000000      -0.000000      -4.698593

 Quadrupole moment (in Debye-Angstrom):
                  1            2            3
 1       -34.709248     0.000000     0.000000
 2         0.000000   -34.709248     0.000000
 3         0.000000     0.000000   -26.878098

 Spin-squared expectation <S^2>:         8.776
 Total spin quantum number S:            2.504
 TOTAL ENERGY:                       -3618.119868704

 --------------------------------------------------------------------------------

 End time:                               Wed Jun  2 11:51:37 2021
 Total wall-clock time:                  3.270 seconds
==================================================================================
