
================================================================================
          _____________ ________ _______________ ________     _________         
         / ___________// ______ \\_____   _____// ______ \   / ________)        
        / /_________  / /      \ \     | |     / /      \ \ | (_______          
       |  __________|| |        | |    | |    | |        | | \________ \        
        \ \_________ | |        | |    | |     \ \______/ /___________) |       
         \__________||_|        |_|    |_|      \________//____________/        
                                                                                
====================================[ Qcore ]===================================

 Git hash:   15a3e7daff0cda5fa9af010ccd19a80288182ecf
 Git date:   Fri, 16 Apr 2021 15:57:16 +0100
 Compiler:   GNU 9.1.0
 Build type: Release
 Version:    1.1.0

 Start time: Wed Jun  2 11:51:40 2021

 Data directory: /work/zw18965/.local/qcore/share/entos/1.1.0/data
 Number of threads: 24
 Number of threads was determined by: command line argument
  - More threads can be used by running 'qcore -n 32'

 --------------------------------------------------------------------------------
                                   command: dft                                  
 --------------------------------------------------------------------------------
 AO basis set:                           aug-cc-pvtz
 Number of AO basis functions:         143

 Formula:                                SCr
 Nuclear charge:                        40.000000000
 Total charge:                           0.000000000
 Number of electrons:                   40.000000000

 Number of alpha electrons:             22
 Number of beta electrons:              18
 Number of unpaired electrons:           4
 Spin:                                   4
 Multiplicity:                           quintet

 Theory:                                 dft
 Exchange-correlation functional:        pbe
 Method for Coulomb:                     incore_df
 Integral threshold:                     1.00e-12
 DF basis set:                           def2-tzvp-jkfit(spdfghi)
 Number of DF basis functions:         392
 Schwarz screening threshold:            1.00e-10
 Coulomb fitting method:                 Cholesky
 Total number of grid points:        15178
 Method for AO orthogonalization:        symmetric
 Threshold for linear dependence:        1.00e-08
 D3BJ dispersion energy:                -0.001473214

 -------------------------------------
  Running unrestricted open-shell SCF 
 -------------------------------------
 Max number of iterations:             128
 Conv. threshold (gradient):             1.00e-05
 Conv. threshold (energy):               1.00e-06
 Interpolation scheme:                   adiis+cdiis
 Initial guess:                          SAD

 ---------------------------------------------------------------
                  energy        change          grad        time
 ---------------------------------------------------------------
   0     -1442.232916607                    2.70e+00        0.02
   1     -1441.678694676      5.54e-01      1.61e+00        0.03
   2     -1426.914731719      1.48e+01      5.74e+00        0.03
   3     -1438.312692405     -1.14e+01      3.87e+00        0.03
   4     -1442.034011827     -3.72e+00      1.13e+00        0.03
   5     -1442.237398561     -2.03e-01      5.60e-01        0.03
   6     -1442.274838868     -3.74e-02      3.52e-01        0.03
   7     -1442.297733133     -2.29e-02      1.06e-01        0.03
   8     -1442.297598811      1.34e-04      9.49e-02        0.03
   9     -1442.292262502      5.34e-03      2.12e-01        0.03
  10     -1442.300709438     -8.45e-03      4.79e-02        0.03
  11     -1442.300852006     -1.43e-04      4.13e-02        0.03
  12     -1442.301454183     -6.02e-04      2.19e-02        0.03
  13     -1442.301633262     -1.79e-04      7.00e-03        0.03
  14     -1442.301651226     -1.80e-05      2.61e-03        0.03
  15     -1442.301653612     -2.39e-06      1.07e-03        0.03
  16     -1442.301654034     -4.22e-07      2.83e-04        0.03
  17     -1442.301654070     -3.59e-08      4.76e-05        0.03
  18     -1442.301654071     -9.14e-10      1.05e-05        0.03
  19     -1442.301654071     -4.00e-11      4.88e-06        0.02

 SCF converged in 19 iterations.

 Dipole moment (in Debye):              -0.000000      -0.000000      -4.640802

 Quadrupole moment (in Debye-Angstrom):
                  1            2            3
 1       -29.580659     1.324146     0.000000
 2         1.324146   -29.566204     0.000000
 3         0.000000     0.000000   -26.195643

 Spin-squared expectation <S^2>:         6.306
 Total spin quantum number S:            2.060
 TOTAL ENERGY:                       -1442.301654071

 --------------------------------------------------------------------------------

 End time:                               Wed Jun  2 11:51:43 2021
 Total wall-clock time:                  2.784 seconds
==================================================================================
