
================================================================================
          _____________ ________ _______________ ________     _________         
         / ___________// ______ \\_____   _____// ______ \   / ________)        
        / /_________  / /      \ \     | |     / /      \ \ | (_______          
       |  __________|| |        | |    | |    | |        | | \________ \        
        \ \_________ | |        | |    | |     \ \______/ /___________) |       
         \__________||_|        |_|    |_|      \________//____________/        
                                                                                
====================================[ Qcore ]===================================

 Git hash:   15a3e7daff0cda5fa9af010ccd19a80288182ecf
 Git date:   Fri, 16 Apr 2021 15:57:16 +0100
 Compiler:   GNU 9.1.0
 Build type: Release
 Version:    1.1.0

 Start time: Wed Jun  2 11:51:56 2021

 Data directory: /work/zw18965/.local/qcore/share/entos/1.1.0/data
 Number of threads: 24
 Number of threads was determined by: command line argument
  - More threads can be used by running 'qcore -n 32'

 --------------------------------------------------------------------------------
                                   command: dft                                  
 --------------------------------------------------------------------------------
 AO basis set:                           aug-cc-pvtz
 Number of AO basis functions:         143

 Formula:                                SMn
 Nuclear charge:                        41.000000000
 Total charge:                           0.000000000
 Number of electrons:                   41.000000000

 Number of alpha electrons:             23
 Number of beta electrons:              18
 Number of unpaired electrons:           5
 Spin:                                   5
 Multiplicity:                           septet

 Theory:                                 dft
 Exchange-correlation functional:        pbe
 Method for Coulomb:                     incore_df
 Integral threshold:                     1.00e-12
 DF basis set:                           def2-tzvp-jkfit(spdfghi)
 Number of DF basis functions:         392
 Schwarz screening threshold:            1.00e-10
 Coulomb fitting method:                 Cholesky
 Total number of grid points:        15286
 Method for AO orthogonalization:        symmetric
 Threshold for linear dependence:        1.00e-08
 D3BJ dispersion energy:                -0.001263977

 -------------------------------------
  Running unrestricted open-shell SCF 
 -------------------------------------
 Max number of iterations:             128
 Conv. threshold (gradient):             1.00e-05
 Conv. threshold (energy):               1.00e-06
 Interpolation scheme:                   adiis+cdiis
 Initial guess:                          SAD

 ---------------------------------------------------------------
                  energy        change          grad        time
 ---------------------------------------------------------------
   0     -1548.808927053                    2.85e+00        0.03
   1     -1548.770016170      3.89e-02      4.18e-01        0.03
   2     -1548.272749364      4.97e-01      1.13e+00        0.03
   3     -1548.805486973     -5.33e-01      3.88e-01        0.03
   4     -1548.598689222      2.07e-01      9.34e-01        0.03
   5     -1548.840230316     -2.42e-01      1.31e-01        0.03
   6     -1548.823486407      1.67e-02      2.26e-01        0.03
   7     -1548.834969159     -1.15e-02      2.24e-01        0.03
   8     -1548.846488119     -1.15e-02      6.98e-02        0.03
   9     -1548.841693930      4.79e-03      1.44e-01        0.03
  10     -1548.847664495     -5.97e-03      3.33e-03        0.03
  11     -1548.847669730     -5.23e-06      6.55e-04        0.02
  12     -1548.847669901     -1.71e-07      8.73e-05        0.03
  13     -1548.847669903     -2.61e-09      4.56e-05        0.03
  14     -1548.847669904     -4.64e-10      2.11e-05        0.03
  15     -1548.847669904     -1.25e-10      1.37e-06        0.04

 SCF converged in 15 iterations.

 Dipole moment (in Debye):               0.000000       0.000000      -5.118889

 Quadrupole moment (in Debye-Angstrom):
                  1            2            3
 1       -29.244276     0.000000     0.000000
 2         0.000000   -29.244276     0.000000
 3         0.000000     0.000000   -26.232623

 Spin-squared expectation <S^2>:         8.807
 Total spin quantum number S:            2.510
 TOTAL ENERGY:                       -1548.847669904

 --------------------------------------------------------------------------------

 End time:                               Wed Jun  2 11:51:59 2021
 Total wall-clock time:                  2.749 seconds
==================================================================================
