
================================================================================
          _____________ ________ _______________ ________     _________         
         / ___________// ______ \\_____   _____// ______ \   / ________)        
        / /_________  / /      \ \     | |     / /      \ \ | (_______          
       |  __________|| |        | |    | |    | |        | | \________ \        
        \ \_________ | |        | |    | |     \ \______/ /___________) |       
         \__________||_|        |_|    |_|      \________//____________/        
                                                                                
====================================[ Qcore ]===================================

 Git hash:   15a3e7daff0cda5fa9af010ccd19a80288182ecf
 Git date:   Fri, 16 Apr 2021 15:57:16 +0100
 Compiler:   GNU 9.1.0
 Build type: Release
 Version:    1.1.0

 Start time: Wed Jun  2 11:52:11 2021

 Data directory: /work/zw18965/.local/qcore/share/entos/1.1.0/data
 Number of threads: 24
 Number of threads was determined by: command line argument
  - More threads can be used by running 'qcore -n 32'

 --------------------------------------------------------------------------------
                                   command: dft                                  
 --------------------------------------------------------------------------------
 AO basis set:                           aug-cc-pvtz
 Number of AO basis functions:         139

 Formula:                                OFe
 Nuclear charge:                        34.000000000
 Total charge:                           0.000000000
 Number of electrons:                   34.000000000

 Number of alpha electrons:             19
 Number of beta electrons:              15
 Number of unpaired electrons:           4
 Spin:                                   4
 Multiplicity:                           quintet

 Theory:                                 dft
 Exchange-correlation functional:        pbe
 Method for Coulomb:                     incore_df
 Integral threshold:                     1.00e-12
 DF basis set:                           def2-tzvp-jkfit(spdfghi)
 Number of DF basis functions:         341
 Schwarz screening threshold:            1.00e-10
 Coulomb fitting method:                 Cholesky
 Total number of grid points:        14880
 Method for AO orthogonalization:        symmetric
 Threshold for linear dependence:        1.00e-08
 D3BJ dispersion energy:                -0.000541916

 -------------------------------------
  Running unrestricted open-shell SCF 
 -------------------------------------
 Max number of iterations:             128
 Conv. threshold (gradient):             1.00e-05
 Conv. threshold (energy):               1.00e-06
 Interpolation scheme:                   adiis+cdiis
 Initial guess:                          SAD

 ---------------------------------------------------------------
                  energy        change          grad        time
 ---------------------------------------------------------------
   0     -1338.612426323                    2.96e+00        0.02
   1     -1338.416930674      1.95e-01      8.91e-01        0.02
   2     -1331.533676382      6.88e+00      3.81e+00        0.02
   3     -1337.597591098     -6.06e+00      1.67e+00        0.02
   4     -1337.659066939     -6.15e-02      1.94e+00        0.03
   5     -1338.631616798     -9.73e-01      3.09e-01        0.03
   6     -1338.575826761      5.58e-02      5.62e-01        0.03
   7     -1338.587745070     -1.19e-02      5.60e-01        0.03
   8     -1338.656420276     -6.87e-02      1.16e-01        0.03
   9     -1338.629962347      2.65e-02      3.68e-01        0.03
  10     -1338.656089724     -2.61e-02      1.00e-01        0.03
  11     -1338.652083889      4.01e-03      1.74e-01        0.04
  12     -1338.659786538     -7.70e-03      1.77e-02        0.03
  13     -1338.657558157      2.23e-03      9.61e-02        0.03
  14     -1338.659860756     -2.30e-03      9.81e-04        0.03
  15     -1338.659861025     -2.69e-07      2.02e-04        0.03
  16     -1338.659861033     -8.03e-09      2.25e-05        0.03
  17     -1338.659861033     -1.86e-10      6.46e-06        0.02

 SCF converged in 17 iterations.

 Dipole moment (in Debye):               0.000000       0.000000      -4.283164

 Quadrupole moment (in Debye-Angstrom):
                  1            2            3
 1       -19.885256    -0.000000    -0.000000
 2        -0.000000   -19.885256    -0.000000
 3        -0.000000    -0.000000   -21.002989

 Spin-squared expectation <S^2>:         6.018
 Total spin quantum number S:            2.004
 TOTAL ENERGY:                       -1338.659861033

 --------------------------------------------------------------------------------

 End time:                               Wed Jun  2 11:52:13 2021
 Total wall-clock time:                  2.722 seconds
==================================================================================
