
================================================================================
          _____________ ________ _______________ ________     _________         
         / ___________// ______ \\_____   _____// ______ \   / ________)        
        / /_________  / /      \ \     | |     / /      \ \ | (_______          
       |  __________|| |        | |    | |    | |        | | \________ \        
        \ \_________ | |        | |    | |     \ \______/ /___________) |       
         \__________||_|        |_|    |_|      \________//____________/        
                                                                                
====================================[ Qcore ]===================================

 Git hash:   15a3e7daff0cda5fa9af010ccd19a80288182ecf
 Git date:   Fri, 16 Apr 2021 15:57:16 +0100
 Compiler:   GNU 9.1.0
 Build type: Release
 Version:    1.1.0

 Start time: Wed Jun  2 11:52:39 2021

 Data directory: /work/zw18965/.local/qcore/share/entos/1.1.0/data
 Number of threads: 24
 Number of threads was determined by: command line argument
  - More threads can be used by running 'qcore -n 32'

 --------------------------------------------------------------------------------
                                   command: dft                                  
 --------------------------------------------------------------------------------
 AO basis set:                           aug-cc-pvtz
 Number of AO basis functions:         143

 Formula:                                ClNi
 Nuclear charge:                        45.000000000
 Total charge:                           0.000000000
 Number of electrons:                   45.000000000

 Number of alpha electrons:             23
 Number of beta electrons:              22
 Number of unpaired electrons:           1
 Spin:                                   1
 Multiplicity:                           doublet

 Theory:                                 dft
 Exchange-correlation functional:        pbe
 Method for Coulomb:                     incore_df
 Integral threshold:                     1.00e-12
 DF basis set:                           def2-tzvp-jkfit(spdfghi)
 Number of DF basis functions:         392
 Schwarz screening threshold:            1.00e-10
 Coulomb fitting method:                 Cholesky
 Total number of grid points:        15430
 Method for AO orthogonalization:        symmetric
 Threshold for linear dependence:        1.00e-08
 D3BJ dispersion energy:                -0.001148367

 -------------------------------------
  Running unrestricted open-shell SCF 
 -------------------------------------
 Max number of iterations:             128
 Conv. threshold (gradient):             1.00e-05
 Conv. threshold (energy):               1.00e-06
 Interpolation scheme:                   adiis+cdiis
 Initial guess:                          SAD

 ---------------------------------------------------------------
                  energy        change          grad        time
 ---------------------------------------------------------------
   0     -1968.236411074                    2.35e+00        0.02
   1     -1968.104930783      1.31e-01      6.47e-01        0.02
   2     -1965.444732103      2.66e+00      2.37e+00        0.02
   3     -1967.616455074     -2.17e+00      1.73e+00        0.03
   4     -1968.167699937     -5.51e-01      2.99e-01        0.03
   5     -1968.121938136      4.58e-02      6.36e-01        0.03
   6     -1968.173001767     -5.11e-02      3.04e-01        0.03
   7     -1968.170921955      2.08e-03      2.35e-01        0.03
   8     -1968.157299200      1.36e-02      3.81e-01        0.03
   9     -1968.183826606     -2.65e-02      9.69e-02        0.03
  10     -1968.170658350      1.32e-02      2.49e-01        0.03
  11     -1968.185953156     -1.53e-02      7.47e-02        0.03
  12     -1968.186894443     -9.41e-04      2.73e-02        0.03
  13     -1968.187043270     -1.49e-04      7.31e-03        0.02
  14     -1968.187054365     -1.11e-05      8.25e-04        0.03
  15     -1968.187054578     -2.13e-07      1.79e-04        0.02
  16     -1968.187054607     -2.93e-08      1.00e-04        0.02
  17     -1968.187054617     -9.48e-09      7.31e-05        0.03
  18     -1968.187054618     -1.16e-09      1.52e-05        0.03
  19     -1968.187054618     -6.48e-11      9.06e-06        0.03

 SCF converged in 19 iterations.

 Dipole moment (in Debye):              -0.000000       0.000000      -4.152372

 Quadrupole moment (in Debye-Angstrom):
                  1            2            3
 1       -26.851918    -0.661186    -0.000000
 2        -0.661186   -26.851943    -0.000000
 3        -0.000000    -0.000000   -23.173664

 Spin-squared expectation <S^2>:         0.776
 Total spin quantum number S:            0.513
 TOTAL ENERGY:                       -1968.187054618

 --------------------------------------------------------------------------------

 End time:                               Wed Jun  2 11:52:42 2021
 Total wall-clock time:                  2.730 seconds
==================================================================================
