
================================================================================
          _____________ ________ _______________ ________     _________         
         / ___________// ______ \\_____   _____// ______ \   / ________)        
        / /_________  / /      \ \     | |     / /      \ \ | (_______          
       |  __________|| |        | |    | |    | |        | | \________ \        
        \ \_________ | |        | |    | |     \ \______/ /___________) |       
         \__________||_|        |_|    |_|      \________//____________/        
                                                                                
====================================[ Qcore ]===================================

 Git hash:   15a3e7daff0cda5fa9af010ccd19a80288182ecf
 Git date:   Fri, 16 Apr 2021 15:57:16 +0100
 Compiler:   GNU 9.1.0
 Build type: Release
 Version:    1.1.0

 Start time: Wed Jun  2 11:52:42 2021

 Data directory: /work/zw18965/.local/qcore/share/entos/1.1.0/data
 Number of threads: 24
 Number of threads was determined by: command line argument
  - More threads can be used by running 'qcore -n 32'

 --------------------------------------------------------------------------------
                                   command: dft                                  
 --------------------------------------------------------------------------------
 AO basis set:                           aug-cc-pvtz
 Number of AO basis functions:         152

 Formula:                                NiBr
 Nuclear charge:                        63.000000000
 Total charge:                           0.000000000
 Number of electrons:                   63.000000000

 Number of alpha electrons:             32
 Number of beta electrons:              31
 Number of unpaired electrons:           1
 Spin:                                   1
 Multiplicity:                           doublet

 Theory:                                 dft
 Exchange-correlation functional:        pbe
 Method for Coulomb:                     incore_df
 Integral threshold:                     1.00e-12
 DF basis set:                           def2-tzvp-jkfit(spdfghi)
 Number of DF basis functions:         530
 Schwarz screening threshold:            1.00e-10
 Coulomb fitting method:                 Cholesky
 Total number of grid points:        16100
 Method for AO orthogonalization:        symmetric
 Threshold for linear dependence:        1.00e-08
 D3BJ dispersion energy:                -0.001265789

 -------------------------------------
  Running unrestricted open-shell SCF 
 -------------------------------------
 Max number of iterations:             128
 Conv. threshold (gradient):             1.00e-05
 Conv. threshold (energy):               1.00e-06
 Interpolation scheme:                   adiis+cdiis
 Initial guess:                          SAD

 ---------------------------------------------------------------
                  energy        change          grad        time
 ---------------------------------------------------------------
   0     -4082.071289731                    2.62e+00        0.03
   1     -4081.911272939      1.60e-01      6.03e-01        0.03
   2     -4080.242073734      1.67e+00      2.04e+00        0.03
   3     -4081.618240881     -1.38e+00      1.48e+00        0.03
   4     -4081.967638816     -3.49e-01      1.75e-01        0.03
   5     -4081.946783961      2.09e-02      2.96e-01        0.03
   6     -4081.966899444     -2.01e-02      2.44e-01        0.03
   7     -4081.969101126     -2.20e-03      1.94e-01        0.03
   8     -4081.959816114      9.29e-03      2.94e-01        0.04
   9     -4081.974793153     -1.50e-02      5.90e-02        0.04
  10     -4081.975037438     -2.44e-04      3.65e-02        0.04
  11     -4081.975739750     -7.02e-04      1.95e-02        0.03
  12     -4081.975815058     -7.53e-05      7.10e-03        0.03
  13     -4081.975821730     -6.67e-06      3.56e-03        0.03
  14     -4081.975824650     -2.92e-06      7.16e-04        0.03
  15     -4081.975824743     -9.26e-08      1.87e-04        0.03
  16     -4081.975824755     -1.17e-08      1.22e-04        0.03
  17     -4081.975824757     -2.75e-09      4.82e-05        0.03
  18     -4081.975824758     -2.12e-10      1.97e-05        0.03
  19     -4081.975824758     -6.87e-11      9.18e-07        0.03

 SCF converged in 19 iterations.

 Dipole moment (in Debye):              -0.000000      -0.000000      -3.780702

 Quadrupole moment (in Debye-Angstrom):
                  1            2            3
 1       -32.867154    -0.707760     0.000000
 2        -0.707760   -32.867169     0.000000
 3         0.000000     0.000000   -25.284494

 Spin-squared expectation <S^2>:         0.770
 Total spin quantum number S:            0.510
 TOTAL ENERGY:                       -4081.975824758

 --------------------------------------------------------------------------------

 End time:                               Wed Jun  2 11:52:45 2021
 Total wall-clock time:                  3.478 seconds
==================================================================================
