
================================================================================
          _____________ ________ _______________ ________     _________         
         / ___________// ______ \\_____   _____// ______ \   / ________)        
        / /_________  / /      \ \     | |     / /      \ \ | (_______          
       |  __________|| |        | |    | |    | |        | | \________ \        
        \ \_________ | |        | |    | |     \ \______/ /___________) |       
         \__________||_|        |_|    |_|      \________//____________/        
                                                                                
====================================[ Qcore ]===================================

 Git hash:   15a3e7daff0cda5fa9af010ccd19a80288182ecf
 Git date:   Fri, 16 Apr 2021 15:57:16 +0100
 Compiler:   GNU 9.1.0
 Build type: Release
 Version:    1.1.0

 Start time: Wed Jun  2 11:52:48 2021

 Data directory: /work/zw18965/.local/qcore/share/entos/1.1.0/data
 Number of threads: 24
 Number of threads was determined by: command line argument
  - More threads can be used by running 'qcore -n 32'

 --------------------------------------------------------------------------------
                                   command: dft                                  
 --------------------------------------------------------------------------------
 AO basis set:                           aug-cc-pvtz
 Number of AO basis functions:         143

 Formula:                                SNi
 Nuclear charge:                        44.000000000
 Total charge:                           0.000000000
 Number of electrons:                   44.000000000

 Number of alpha electrons:             23
 Number of beta electrons:              21
 Number of unpaired electrons:           2
 Spin:                                   2
 Multiplicity:                           triplet

 Theory:                                 dft
 Exchange-correlation functional:        pbe
 Method for Coulomb:                     incore_df
 Integral threshold:                     1.00e-12
 DF basis set:                           def2-tzvp-jkfit(spdfghi)
 Number of DF basis functions:         392
 Schwarz screening threshold:            1.00e-10
 Coulomb fitting method:                 Cholesky
 Total number of grid points:        15286
 Method for AO orthogonalization:        symmetric
 Threshold for linear dependence:        1.00e-08
 D3BJ dispersion energy:                -0.001287527

 -------------------------------------
  Running unrestricted open-shell SCF 
 -------------------------------------
 Max number of iterations:             128
 Conv. threshold (gradient):             1.00e-05
 Conv. threshold (energy):               1.00e-06
 Interpolation scheme:                   adiis+cdiis
 Initial guess:                          SAD

 ---------------------------------------------------------------
                  energy        change          grad        time
 ---------------------------------------------------------------
   0     -1906.298224190                    3.45e+00        0.03
   1     -1905.703942862      5.94e-01      1.61e+00        0.03
   2     -1898.286305562      7.42e+00      3.38e+00        0.02
   3     -1904.660743307     -6.37e+00      2.01e+00        0.02
   4     -1906.013272651     -1.35e+00      7.29e-01        0.03
   5     -1906.129526292     -1.16e-01      3.41e-01        0.03
   6     -1906.093535183      3.60e-02      6.28e-01        0.03
   7     -1906.160075478     -6.65e-02      2.53e-01        0.03
   8     -1906.145595955      1.45e-02      2.94e-01        0.03
   9     -1906.168610592     -2.30e-02      1.83e-01        0.03
  10     -1906.174534161     -5.92e-03      4.92e-02        0.03
  11     -1906.175252615     -7.18e-04      4.97e-02        0.03
  12     -1906.176112306     -8.60e-04      6.27e-04        0.03
  13     -1906.176112466     -1.60e-07      1.29e-04        0.03
  14     -1906.176112471     -5.40e-09      8.63e-05        0.03
  15     -1906.176112473     -2.08e-09      1.79e-05        0.03
  16     -1906.176112473     -6.96e-11      7.26e-06        0.02

 SCF converged in 16 iterations.

 Dipole moment (in Debye):              -0.000000      -0.000000      -3.450675

 Quadrupole moment (in Debye-Angstrom):
                  1            2            3
 1       -27.576626    -0.000000     0.000000
 2        -0.000000   -27.576626     0.000000
 3         0.000000     0.000000   -23.478988

 Spin-squared expectation <S^2>:         2.007
 Total spin quantum number S:            1.002
 TOTAL ENERGY:                       -1906.176112473

 --------------------------------------------------------------------------------

 End time:                               Wed Jun  2 11:52:51 2021
 Total wall-clock time:                  2.827 seconds
==================================================================================
