
================================================================================
          _____________ ________ _______________ ________     _________         
         / ___________// ______ \\_____   _____// ______ \   / ________)        
        / /_________  / /      \ \     | |     / /      \ \ | (_______          
       |  __________|| |        | |    | |    | |        | | \________ \        
        \ \_________ | |        | |    | |     \ \______/ /___________) |       
         \__________||_|        |_|    |_|      \________//____________/        
                                                                                
====================================[ Qcore ]===================================

 Git hash:   15a3e7daff0cda5fa9af010ccd19a80288182ecf
 Git date:   Fri, 16 Apr 2021 15:57:16 +0100
 Compiler:   GNU 9.1.0
 Build type: Release
 Version:    1.1.0

 Start time: Wed Jun  2 11:52:51 2021

 Data directory: /work/zw18965/.local/qcore/share/entos/1.1.0/data
 Number of threads: 24
 Number of threads was determined by: command line argument
  - More threads can be used by running 'qcore -n 32'

 --------------------------------------------------------------------------------
                                   command: dft                                  
 --------------------------------------------------------------------------------
 AO basis set:                           aug-cc-pvtz
 Number of AO basis functions:         116

 Formula:                                HCu
 Nuclear charge:                        30.000000000
 Total charge:                           0.000000000
 Number of electrons:                   30.000000000

 Number of alpha electrons:             15
 Number of beta electrons:              15
 Number of unpaired electrons:           0
 Spin:                                   0
 Multiplicity:                           singlet

 Theory:                                 dft
 Exchange-correlation functional:        pbe
 Method for Coulomb:                     incore_df
 Integral threshold:                     1.00e-12
 DF basis set:                           def2-tzvp-jkfit(spdfghi)
 Number of DF basis functions:         282
 Schwarz screening threshold:            1.00e-10
 Coulomb fitting method:                 Cholesky
 Total number of grid points:        13826
 Method for AO orthogonalization:        symmetric
 Threshold for linear dependence:        1.00e-08
 D3BJ dispersion energy:                -0.000335023

 -------------------------------------
  Running restricted closed-shell SCF 
 -------------------------------------
 Max number of iterations:             128
 Conv. threshold (gradient):             1.00e-05
 Conv. threshold (energy):               1.00e-06
 Interpolation scheme:                   adiis+cdiis
 Initial guess:                          SAD

 ---------------------------------------------------------------
                  energy        change          grad        time
 ---------------------------------------------------------------
   0     -1640.882895802                    4.60e+00        0.02
   1     -1640.835292453      4.76e-02      1.01e+00        0.01
   2     -1640.433577295      4.02e-01      2.51e+00        0.01
   3     -1640.850901213     -4.17e-01      8.04e-01        0.01
   4     -1640.890265645     -3.94e-02      2.16e-01        0.01
   5     -1640.871380084      1.89e-02      5.88e-01        0.01
   6     -1640.890205553     -1.88e-02      2.17e-01        0.01
   7     -1640.892714745     -2.51e-03      1.74e-02        0.01
   8     -1640.892577664      1.37e-04      4.73e-02        0.01
   9     -1640.892742253     -1.65e-04      1.15e-03        0.01
  10     -1640.892742329     -7.61e-08      1.78e-05        0.01
  11     -1640.892742329     -1.93e-11      2.74e-06        0.01

 SCF converged in 11 iterations.

 Dipole moment (in Debye):              -0.000000      -0.000000      -2.291465

 Quadrupole moment (in Debye-Angstrom):
                  1            2            3
 1       -15.133262    -0.000000     0.000000
 2        -0.000000   -15.133262     0.000000
 3         0.000000     0.000000   -14.716534

 Spin-squared expectation <S^2>:         0.000
 Total spin quantum number S:            0.000
 TOTAL ENERGY:                       -1640.892742329

 --------------------------------------------------------------------------------

 End time:                               Wed Jun  2 11:52:53 2021
 Total wall-clock time:                  1.976 seconds
==================================================================================
