
================================================================================
          _____________ ________ _______________ ________     _________         
         / ___________// ______ \\_____   _____// ______ \   / ________)        
        / /_________  / /      \ \     | |     / /      \ \ | (_______          
       |  __________|| |        | |    | |    | |        | | \________ \        
        \ \_________ | |        | |    | |     \ \______/ /___________) |       
         \__________||_|        |_|    |_|      \________//____________/        
                                                                                
====================================[ Qcore ]===================================

 Git hash:   15a3e7daff0cda5fa9af010ccd19a80288182ecf
 Git date:   Fri, 16 Apr 2021 15:57:16 +0100
 Compiler:   GNU 9.1.0
 Build type: Release
 Version:    1.1.0

 Start time: Wed Jun  2 11:52:53 2021

 Data directory: /work/zw18965/.local/qcore/share/entos/1.1.0/data
 Number of threads: 24
 Number of threads was determined by: command line argument
  - More threads can be used by running 'qcore -n 32'

 --------------------------------------------------------------------------------
                                   command: dft                                  
 --------------------------------------------------------------------------------
 AO basis set:                           aug-cc-pvtz
 Number of AO basis functions:         139

 Formula:                                FCu
 Nuclear charge:                        38.000000000
 Total charge:                           0.000000000
 Number of electrons:                   38.000000000

 Number of alpha electrons:             19
 Number of beta electrons:              19
 Number of unpaired electrons:           0
 Spin:                                   0
 Multiplicity:                           singlet

 Theory:                                 dft
 Exchange-correlation functional:        pbe
 Method for Coulomb:                     incore_df
 Integral threshold:                     1.00e-12
 DF basis set:                           def2-tzvp-jkfit(spdfghi)
 Number of DF basis functions:         341
 Schwarz screening threshold:            1.00e-10
 Coulomb fitting method:                 Cholesky
 Total number of grid points:        14748
 Method for AO orthogonalization:        symmetric
 Threshold for linear dependence:        1.00e-08
 D3BJ dispersion energy:                -0.000375162

 -------------------------------------
  Running restricted closed-shell SCF 
 -------------------------------------
 Max number of iterations:             128
 Conv. threshold (gradient):             1.00e-05
 Conv. threshold (energy):               1.00e-06
 Interpolation scheme:                   adiis+cdiis
 Initial guess:                          SAD

 ---------------------------------------------------------------
                  energy        change          grad        time
 ---------------------------------------------------------------
   0     -1740.116284756                    3.57e+00        0.02
   1     -1739.977093771      1.39e-01      1.42e+00        0.02
   2     -1733.527582366      6.45e+00      6.80e+00        0.02
   3     -1739.365877933     -5.84e+00      3.52e+00        0.02
   4     -1740.082529922     -7.17e-01      8.08e-01        0.02
   5     -1740.104074967     -2.15e-02      5.04e-01        0.02
   6     -1740.116354973     -1.23e-02      1.58e-01        0.02
   7     -1740.111330794      5.02e-03      2.51e-01        0.03
   8     -1740.115597934     -4.27e-03      1.81e-01        0.02
   9     -1740.117119543     -1.52e-03      9.56e-02        0.02
  10     -1740.117347211     -2.28e-04      8.69e-02        0.02
  11     -1740.117769733     -4.23e-04      4.35e-04        0.02
  12     -1740.117769749     -1.63e-08      6.70e-05        0.02
  13     -1740.117769749     -2.83e-10      6.97e-06        0.02

 SCF converged in 13 iterations.

 Dipole moment (in Debye):              -0.000000      -0.000000      -4.555852

 Quadrupole moment (in Debye-Angstrom):
                  1            2            3
 1       -17.813978     0.000000     0.000000
 2         0.000000   -17.813978     0.000000
 3         0.000000     0.000000   -19.107024

 Spin-squared expectation <S^2>:         0.000
 Total spin quantum number S:            0.000
 TOTAL ENERGY:                       -1740.117769749

 --------------------------------------------------------------------------------

 End time:                               Wed Jun  2 11:52:55 2021
 Total wall-clock time:                  2.239 seconds
==================================================================================
