
================================================================================
          _____________ ________ _______________ ________     _________         
         / ___________// ______ \\_____   _____// ______ \   / ________)        
        / /_________  / /      \ \     | |     / /      \ \ | (_______          
       |  __________|| |        | |    | |    | |        | | \________ \        
        \ \_________ | |        | |    | |     \ \______/ /___________) |       
         \__________||_|        |_|    |_|      \________//____________/        
                                                                                
====================================[ Qcore ]===================================

 Git hash:   15a3e7daff0cda5fa9af010ccd19a80288182ecf
 Git date:   Fri, 16 Apr 2021 15:57:16 +0100
 Compiler:   GNU 9.1.0
 Build type: Release
 Version:    1.1.0

 Start time: Wed Jun  2 11:53:07 2021

 Data directory: /work/zw18965/.local/qcore/share/entos/1.1.0/data
 Number of threads: 24
 Number of threads was determined by: command line argument
  - More threads can be used by running 'qcore -n 32'

 --------------------------------------------------------------------------------
                                   command: dft                                  
 --------------------------------------------------------------------------------
 AO basis set:                           aug-cc-pvtz
 Number of AO basis functions:         116

 Formula:                                HZn
 Nuclear charge:                        31.000000000
 Total charge:                           0.000000000
 Number of electrons:                   31.000000000

 Number of alpha electrons:             16
 Number of beta electrons:              15
 Number of unpaired electrons:           1
 Spin:                                   1
 Multiplicity:                           doublet

 Theory:                                 dft
 Exchange-correlation functional:        pbe
 Method for Coulomb:                     incore_df
 Integral threshold:                     1.00e-12
 DF basis set:                           def2-tzvp-jkfit(spdfghi)
 Number of DF basis functions:         282
 Schwarz screening threshold:            1.00e-10
 Coulomb fitting method:                 Cholesky
 Total number of grid points:        13826
 Method for AO orthogonalization:        symmetric
 Threshold for linear dependence:        1.00e-08
 D3BJ dispersion energy:                -0.000410101

 -------------------------------------
  Running unrestricted open-shell SCF 
 -------------------------------------
 Max number of iterations:             128
 Conv. threshold (gradient):             1.00e-05
 Conv. threshold (energy):               1.00e-06
 Interpolation scheme:                   adiis+cdiis
 Initial guess:                          SAD

 ---------------------------------------------------------------
                  energy        change          grad        time
 ---------------------------------------------------------------
   0     -1779.746629187                    1.53e+00        0.02
   1     -1779.687596816      5.90e-02      2.63e-01        0.02
   2     -1779.655472300      3.21e-02      3.66e-01        0.01
   3     -1779.708746534     -5.33e-02      6.56e-02        0.01
   4     -1779.706525502      2.22e-03      1.07e-01        0.02
   5     -1779.710750321     -4.22e-03      7.15e-03        0.02
   6     -1779.710764339     -1.40e-05      1.06e-03        0.02
   7     -1779.710764874     -5.35e-07      2.73e-04        0.02
   8     -1779.710764894     -2.05e-08      5.72e-05        0.01
   9     -1779.710764895     -9.89e-10      1.19e-05        0.02
  10     -1779.710764895     -5.25e-11      1.16e-06        0.02

 SCF converged in 10 iterations.

 Dipole moment (in Debye):               0.000000       0.000000      -0.438166

 Quadrupole moment (in Debye-Angstrom):
                  1            2            3
 1       -15.271824     0.000000    -0.000000
 2         0.000000   -15.271824    -0.000000
 3        -0.000000    -0.000000   -19.537287

 Spin-squared expectation <S^2>:         0.754
 Total spin quantum number S:            0.502
 TOTAL ENERGY:                       -1779.710764895

 --------------------------------------------------------------------------------

 End time:                               Wed Jun  2 11:53:09 2021
 Total wall-clock time:                  2.087 seconds
==================================================================================
