
================================================================================
          _____________ ________ _______________ ________     _________         
         / ___________// ______ \\_____   _____// ______ \   / ________)        
        / /_________  / /      \ \     | |     / /      \ \ | (_______          
       |  __________|| |        | |    | |    | |        | | \________ \        
        \ \_________ | |        | |    | |     \ \______/ /___________) |       
         \__________||_|        |_|    |_|      \________//____________/        
                                                                                
====================================[ Qcore ]===================================

 Git hash:   15a3e7daff0cda5fa9af010ccd19a80288182ecf
 Git date:   Fri, 16 Apr 2021 15:57:16 +0100
 Compiler:   GNU 9.1.0
 Build type: Release
 Version:    1.1.0

 Start time: Wed Jun  2 11:53:09 2021

 Data directory: /work/zw18965/.local/qcore/share/entos/1.1.0/data
 Number of threads: 24
 Number of threads was determined by: command line argument
  - More threads can be used by running 'qcore -n 32'

 --------------------------------------------------------------------------------
                                   command: dft                                  
 --------------------------------------------------------------------------------
 AO basis set:                           aug-cc-pvtz
 Number of AO basis functions:         139

 Formula:                                FZn
 Nuclear charge:                        39.000000000
 Total charge:                           0.000000000
 Number of electrons:                   39.000000000

 Number of alpha electrons:             20
 Number of beta electrons:              19
 Number of unpaired electrons:           1
 Spin:                                   1
 Multiplicity:                           doublet

 Theory:                                 dft
 Exchange-correlation functional:        pbe
 Method for Coulomb:                     incore_df
 Integral threshold:                     1.00e-12
 DF basis set:                           def2-tzvp-jkfit(spdfghi)
 Number of DF basis functions:         341
 Schwarz screening threshold:            1.00e-10
 Coulomb fitting method:                 Cholesky
 Total number of grid points:        14748
 Method for AO orthogonalization:        symmetric
 Threshold for linear dependence:        1.00e-08
 D3BJ dispersion energy:                -0.000423333

 -------------------------------------
  Running unrestricted open-shell SCF 
 -------------------------------------
 Max number of iterations:             128
 Conv. threshold (gradient):             1.00e-05
 Conv. threshold (energy):               1.00e-06
 Interpolation scheme:                   adiis+cdiis
 Initial guess:                          SAD

 ---------------------------------------------------------------
                  energy        change          grad        time
 ---------------------------------------------------------------
   0     -1879.012824211                    1.86e+00        0.02
   1     -1878.851296249      1.62e-01      6.71e-01        0.03
   2     -1874.491541010      4.36e+00      4.20e+00        0.02
   3     -1878.506253746     -4.01e+00      1.33e+00        0.02
   4     -1878.944754641     -4.39e-01      2.73e-01        0.02
   5     -1878.944537602      2.17e-04      2.78e-01        0.03
   6     -1878.960112162     -1.56e-02      5.56e-03        0.03
   7     -1878.960058309      5.39e-05      1.58e-02        0.03
   8     -1878.960127681     -6.94e-05      7.14e-04        0.03
   9     -1878.960127796     -1.15e-07      2.21e-04        0.02
  10     -1878.960127812     -1.53e-08      5.17e-05        0.02
  11     -1878.960127812     -4.66e-10      9.22e-06        0.02

 SCF converged in 11 iterations.

 Dipole moment (in Debye):              -0.000000      -0.000000      -2.824473

 Quadrupole moment (in Debye-Angstrom):
                  1            2            3
 1       -18.268221     0.000000    -0.000000
 2         0.000000   -18.268221    -0.000000
 3        -0.000000    -0.000000   -23.822077

 Spin-squared expectation <S^2>:         0.752
 Total spin quantum number S:            0.501
 TOTAL ENERGY:                       -1878.960127812

 --------------------------------------------------------------------------------

 End time:                               Wed Jun  2 11:53:12 2021
 Total wall-clock time:                  2.802 seconds
==================================================================================
