
================================================================================
          _____________ ________ _______________ ________     _________         
         / ___________// ______ \\_____   _____// ______ \   / ________)        
        / /_________  / /      \ \     | |     / /      \ \ | (_______          
       |  __________|| |        | |    | |    | |        | | \________ \        
        \ \_________ | |        | |    | |     \ \______/ /___________) |       
         \__________||_|        |_|    |_|      \________//____________/        
                                                                                
====================================[ Qcore ]===================================

 Git hash:   15a3e7daff0cda5fa9af010ccd19a80288182ecf
 Git date:   Fri, 16 Apr 2021 15:57:16 +0100
 Compiler:   GNU 9.1.0
 Build type: Release
 Version:    1.1.0

 Start time: Wed Jun  2 11:53:21 2021

 Data directory: /work/zw18965/.local/qcore/share/entos/1.1.0/data
 Number of threads: 24
 Number of threads was determined by: command line argument
  - More threads can be used by running 'qcore -n 32'

 --------------------------------------------------------------------------------
                                   command: dft                                  
 --------------------------------------------------------------------------------
 AO basis set:                           aug-cc-pvtz
 Number of AO basis functions:         143

 Formula:                                SZn
 Nuclear charge:                        46.000000000
 Total charge:                           0.000000000
 Number of electrons:                   46.000000000

 Number of alpha electrons:             23
 Number of beta electrons:              23
 Number of unpaired electrons:           0
 Spin:                                   0
 Multiplicity:                           singlet

 Theory:                                 dft
 Exchange-correlation functional:        pbe
 Method for Coulomb:                     incore_df
 Integral threshold:                     1.00e-12
 DF basis set:                           def2-tzvp-jkfit(spdfghi)
 Number of DF basis functions:         392
 Schwarz screening threshold:            1.00e-10
 Coulomb fitting method:                 Cholesky
 Total number of grid points:        15286
 Method for AO orthogonalization:        symmetric
 Threshold for linear dependence:        1.00e-08
 D3BJ dispersion energy:                -0.001290362

 -------------------------------------
  Running restricted closed-shell SCF 
 -------------------------------------
 Max number of iterations:             128
 Conv. threshold (gradient):             1.00e-05
 Conv. threshold (energy):               1.00e-06
 Interpolation scheme:                   adiis+cdiis
 Initial guess:                          SAD

 ---------------------------------------------------------------
                  energy        change          grad        time
 ---------------------------------------------------------------
   0     -2177.381890964                    5.53e+00        0.02
   1     -2177.002512575      3.79e-01      1.00e+00        0.02
   2     -2173.074310174      3.93e+00      4.18e+00        0.02
   3     -2176.448679984     -3.37e+00      1.80e+00        0.02
   4     -2177.143815345     -6.95e-01      5.84e-01        0.01
   5     -2177.159977979     -1.62e-02      4.46e-01        0.02
   6     -2177.181602646     -2.16e-02      9.19e-02        0.02
   7     -2177.179236047      2.37e-03      1.75e-01        0.02
   8     -2177.182495013     -3.26e-03      1.61e-02        0.02
   9     -2177.182528671     -3.37e-05      1.37e-03        0.02
  10     -2177.182528951     -2.79e-07      4.38e-04        0.02
  11     -2177.182528981     -3.00e-08      5.81e-05        0.02
  12     -2177.182528981     -4.40e-10      4.90e-06        0.02

 SCF converged in 12 iterations.

 Dipole moment (in Debye):               0.000000       0.000000      -5.001261

 Quadrupole moment (in Debye-Angstrom):
                  1            2            3
 1       -28.856481    -0.000000     0.000000
 2        -0.000000   -28.856481     0.000000
 3         0.000000     0.000000   -24.399656

 Spin-squared expectation <S^2>:         0.000
 Total spin quantum number S:            0.000
 TOTAL ENERGY:                       -2177.182528981

 --------------------------------------------------------------------------------

 End time:                               Wed Jun  2 11:53:23 2021
 Total wall-clock time:                  2.441 seconds
==================================================================================
