
================================================================================
          _____________ ________ _______________ ________     _________         
         / ___________// ______ \\_____   _____// ______ \   / ________)        
        / /_________  / /      \ \     | |     / /      \ \ | (_______          
       |  __________|| |        | |    | |    | |        | | \________ \        
        \ \_________ | |        | |    | |     \ \______/ /___________) |       
         \__________||_|        |_|    |_|      \________//____________/        
                                                                                
====================================[ Qcore ]===================================

 Git hash:   15a3e7daff0cda5fa9af010ccd19a80288182ecf
 Git date:   Fri, 16 Apr 2021 15:57:16 +0100
 Compiler:   GNU 9.1.0
 Build type: Release
 Version:    1.1.0

 Start time: Wed Jun  2 11:53:38 2021

 Data directory: /work/zw18965/.local/qcore/share/entos/1.1.0/data
 Number of threads: 24
 Number of threads was determined by: command line argument
  - More threads can be used by running 'qcore -n 32'

 --------------------------------------------------------------------------------
                                   command: dft                                  
 --------------------------------------------------------------------------------
 AO basis set:                           aug-cc-pvtz
 Number of AO basis functions:          93

 Formula:                                Ni
 Nuclear charge:                        28.000000000
 Total charge:                           0.000000000
 Number of electrons:                   28.000000000

 Number of alpha electrons:             15
 Number of beta electrons:              13
 Number of unpaired electrons:           2
 Spin:                                   2
 Multiplicity:                           triplet

 Theory:                                 dft
 Exchange-correlation functional:        pbe
 Method for Coulomb:                     incore_df
 Integral threshold:                     1.00e-12
 DF basis set:                           def2-tzvp-jkfit(spdfghi)
 Number of DF basis functions:         264
 Schwarz screening threshold:            1.00e-10
 Coulomb fitting method:                 Cholesky
 Total number of grid points:         7936
 Method for AO orthogonalization:        symmetric
 Threshold for linear dependence:        1.00e-08
 D3BJ dispersion energy:                 0.000000000

 -------------------------------------
  Running unrestricted open-shell SCF 
 -------------------------------------
 Max number of iterations:             128
 Conv. threshold (gradient):             1.00e-05
 Conv. threshold (energy):               1.00e-06
 Interpolation scheme:                   adiis+cdiis
 Initial guess:                          SAD

 ---------------------------------------------------------------
                  energy        change          grad        time
 ---------------------------------------------------------------
   0     -1508.047611479                    4.66e-03        0.01
   1     -1508.069661168     -2.20e-02      1.04e-01        0.01
   2     -1508.060559459      9.10e-03      1.94e-01        0.01
   3     -1508.069128318     -8.57e-03      1.38e-01        0.01
   4     -1508.068796833      3.31e-04      1.38e-01        0.01
   5     -1507.887844607      1.81e-01      4.68e-01        0.01
   6     -1508.071091165     -1.83e-01      9.91e-02        0.02
   7     -1508.068716695      2.37e-03      1.20e-01        0.01
   8     -1508.073475080     -4.76e-03      2.55e-02        0.01
   9     -1508.073734325     -2.59e-04      3.23e-04        0.01
  10     -1508.073734335     -1.01e-08      3.18e-04        0.01
  11     -1508.073734388     -5.31e-08      3.25e-05        0.01
  12     -1508.073734388     -1.58e-10      2.53e-05        0.02
  13     -1508.073734389     -1.64e-10      2.44e-06        0.01

 SCF converged in 13 iterations.

 Dipole moment (in Debye):              -0.000002      -0.000002      -0.000001

 Quadrupole moment (in Debye-Angstrom):
                  1            2            3
 1       -14.893610     0.000012    -0.000000
 2         0.000012   -14.893610    -0.000000
 3        -0.000000    -0.000000   -14.231827

 Spin-squared expectation <S^2>:         2.000
 Total spin quantum number S:            1.000
 TOTAL ENERGY:                       -1508.073734389

 --------------------------------------------------------------------------------

 End time:                               Wed Jun  2 11:53:40 2021
 Total wall-clock time:                  1.895 seconds
==================================================================================
