
================================================================================
          _____________ ________ _______________ ________     _________         
         / ___________// ______ \\_____   _____// ______ \   / ________)        
        / /_________  / /      \ \     | |     / /      \ \ | (_______          
       |  __________|| |        | |    | |    | |        | | \________ \        
        \ \_________ | |        | |    | |     \ \______/ /___________) |       
         \__________||_|        |_|    |_|      \________//____________/        
                                                                                
====================================[ Qcore ]===================================

 Git hash:   15a3e7daff0cda5fa9af010ccd19a80288182ecf
 Git date:   Fri, 16 Apr 2021 15:57:16 +0100
 Compiler:   GNU 9.1.0
 Build type: Release
 Version:    1.1.0

 Start time: Wed Jun  2 11:50:45 2021

 Data directory: /work/zw18965/.local/qcore/share/entos/1.1.0/data
 Number of threads: 24
 Number of threads was determined by: command line argument

 --------------------------------------------------------------------------------
                                   command: dft                                  
 --------------------------------------------------------------------------------
 AO basis set:                           aug-cc-pvtz
 Number of AO basis functions:         139

 Formula:                                OSc
 Nuclear charge:                        29.000000000
 Total charge:                           0.000000000
 Number of electrons:                   29.000000000

 Number of alpha electrons:             15
 Number of beta electrons:              14
 Number of unpaired electrons:           1
 Spin:                                   1
 Multiplicity:                           doublet

 Theory:                                 dft
 Exchange-correlation functional:        b3lyp
 Method for Coulomb:                     incore_df
 Method for exact exchange:              pre_transformed_df
 Integral threshold:                     1.00e-12
 DF basis set:                           def2-tzvp-jkfit(spdfghi)
 Number of DF basis functions:         341
 Schwarz screening threshold:            1.00e-10
 Coulomb fitting method:                 Cholesky
 Total number of grid points:        14796
 Method for AO orthogonalization:        symmetric
 Threshold for linear dependence:        1.00e-08
 D3BJ dispersion energy:                -0.001347164

 -------------------------------------
  Running unrestricted open-shell SCF 
 -------------------------------------
 Max number of iterations:             128
 Conv. threshold (gradient):             1.00e-05
 Conv. threshold (energy):               1.00e-06
 Interpolation scheme:                   adiis+cdiis
 Initial guess:                          SAD

 ---------------------------------------------------------------
                  energy        change          grad        time
 ---------------------------------------------------------------
   0      -835.796438152                    2.30e+00        0.03
   1      -835.468034200      3.28e-01      1.18e+00        0.03
   2      -825.228341609      1.02e+01      5.65e+00        0.03
   3      -834.411355887     -9.18e+00      2.27e+00        0.03
   4      -835.837829419     -1.43e+00      4.39e-01        0.03
   5      -835.813862765      2.40e-02      5.12e-01        0.03
   6      -835.884654448     -7.08e-02      5.49e-02        0.03
   7      -835.878312794      6.34e-03      1.63e-01        0.04
   8      -835.885323657     -7.01e-03      4.05e-03        0.03
   9      -835.885334597     -1.09e-05      1.26e-03        0.03
  10      -835.885335976     -1.38e-06      1.33e-03        0.03
  11      -835.885336461     -4.84e-07      1.01e-04        0.03
  12      -835.885336468     -7.49e-09      3.43e-05        0.03
  13      -835.885336470     -1.81e-09      1.03e-05        0.03
  14      -835.885336470     -4.39e-10      6.81e-06        0.03

 SCF converged in 14 iterations.

 Dipole moment (in Debye):              -0.000000      -0.000000      -4.024754

 Quadrupole moment (in Debye-Angstrom):
                  1            2            3
 1       -22.560405     0.000075    -0.000000
 2         0.000075   -22.560405    -0.000000
 3        -0.000000    -0.000000   -29.055592

 Spin-squared expectation <S^2>:         0.751
 Total spin quantum number S:            0.500
 TOTAL ENERGY:                        -835.885336470

 --------------------------------------------------------------------------------

 End time:                               Wed Jun  2 11:50:48 2021
 Total wall-clock time:                  2.928 seconds
==================================================================================
