
================================================================================
          _____________ ________ _______________ ________     _________         
         / ___________// ______ \\_____   _____// ______ \   / ________)        
        / /_________  / /      \ \     | |     / /      \ \ | (_______          
       |  __________|| |        | |    | |    | |        | | \________ \        
        \ \_________ | |        | |    | |     \ \______/ /___________) |       
         \__________||_|        |_|    |_|      \________//____________/        
                                                                                
====================================[ Qcore ]===================================

 Git hash:   15a3e7daff0cda5fa9af010ccd19a80288182ecf
 Git date:   Fri, 16 Apr 2021 15:57:16 +0100
 Compiler:   GNU 9.1.0
 Build type: Release
 Version:    1.1.0

 Start time: Wed Jun  2 11:50:51 2021

 Data directory: /work/zw18965/.local/qcore/share/entos/1.1.0/data
 Number of threads: 24
 Number of threads was determined by: command line argument

 --------------------------------------------------------------------------------
                                   command: dft                                  
 --------------------------------------------------------------------------------
 AO basis set:                           aug-cc-pvtz
 Number of AO basis functions:         116

 Formula:                                HTi
 Nuclear charge:                        23.000000000
 Total charge:                           0.000000000
 Number of electrons:                   23.000000000

 Number of alpha electrons:             13
 Number of beta electrons:              10
 Number of unpaired electrons:           3
 Spin:                                   3
 Multiplicity:                           quartet

 Theory:                                 dft
 Exchange-correlation functional:        b3lyp
 Method for Coulomb:                     incore_df
 Method for exact exchange:              pre_transformed_df
 Integral threshold:                     1.00e-12
 DF basis set:                           def2-tzvp-jkfit(spdfghi)
 Number of DF basis functions:         282
 Schwarz screening threshold:            1.00e-10
 Coulomb fitting method:                 Cholesky
 Total number of grid points:        13682
 Method for AO orthogonalization:        symmetric
 Threshold for linear dependence:        1.00e-08
 D3BJ dispersion energy:                -0.000998448

 -------------------------------------
  Running unrestricted open-shell SCF 
 -------------------------------------
 Max number of iterations:             128
 Conv. threshold (gradient):             1.00e-05
 Conv. threshold (energy):               1.00e-06
 Interpolation scheme:                   adiis+cdiis
 Initial guess:                          SAD

 ---------------------------------------------------------------
                  energy        change          grad        time
 ---------------------------------------------------------------
   0      -849.677860329                    1.14e+00        0.02
   1      -849.804435638     -1.27e-01      4.39e-01        0.02
   2      -849.626965007      1.77e-01      9.71e-01        0.02
   3      -849.871011875     -2.44e-01      1.61e-01        0.02
   4      -849.866445000      4.57e-03      1.88e-01        0.02
   5      -849.878624470     -1.22e-02      2.49e-02        0.02
   6      -849.878731394     -1.07e-04      2.23e-02        0.02
   7      -849.878963092     -2.32e-04      2.48e-03        0.02
   8      -849.878968630     -5.54e-06      8.63e-04        0.02
   9      -849.878969249     -6.20e-07      2.58e-04        0.02
  10      -849.878969341     -9.19e-08      4.87e-05        0.02
  11      -849.878969345     -3.90e-09      1.27e-05        0.02
  12      -849.878969345     -1.56e-10      5.65e-06        0.02

 SCF converged in 12 iterations.

 Dipole moment (in Debye):              -0.000000      -0.000000      -2.341161

 Quadrupole moment (in Debye-Angstrom):
                  1            2            3
 1       -18.791506    -0.000000     0.000000
 2        -0.000000   -18.791506     0.000000
 3         0.000000     0.000000   -25.201738

 Spin-squared expectation <S^2>:         3.755
 Total spin quantum number S:            1.501
 TOTAL ENERGY:                        -849.878969345

 --------------------------------------------------------------------------------

 End time:                               Wed Jun  2 11:50:54 2021
 Total wall-clock time:                  2.674 seconds
==================================================================================
