
================================================================================
          _____________ ________ _______________ ________     _________         
         / ___________// ______ \\_____   _____// ______ \   / ________)        
        / /_________  / /      \ \     | |     / /      \ \ | (_______          
       |  __________|| |        | |    | |    | |        | | \________ \        
        \ \_________ | |        | |    | |     \ \______/ /___________) |       
         \__________||_|        |_|    |_|      \________//____________/        
                                                                                
====================================[ Qcore ]===================================

 Git hash:   15a3e7daff0cda5fa9af010ccd19a80288182ecf
 Git date:   Fri, 16 Apr 2021 15:57:16 +0100
 Compiler:   GNU 9.1.0
 Build type: Release
 Version:    1.1.0

 Start time: Wed Jun  2 11:51:00 2021

 Data directory: /work/zw18965/.local/qcore/share/entos/1.1.0/data
 Number of threads: 24
 Number of threads was determined by: command line argument

 --------------------------------------------------------------------------------
                                   command: dft                                  
 --------------------------------------------------------------------------------
 AO basis set:                           aug-cc-pvtz
 Number of AO basis functions:         152

 Formula:                                TiBr
 Nuclear charge:                        57.000000000
 Total charge:                           0.000000000
 Number of electrons:                   57.000000000

 Number of alpha electrons:             30
 Number of beta electrons:              27
 Number of unpaired electrons:           3
 Spin:                                   3
 Multiplicity:                           quartet

 Theory:                                 dft
 Exchange-correlation functional:        b3lyp
 Method for Coulomb:                     incore_df
 Method for exact exchange:              pre_transformed_df
 Integral threshold:                     1.00e-12
 DF basis set:                           def2-tzvp-jkfit(spdfghi)
 Number of DF basis functions:         530
 Schwarz screening threshold:            1.00e-10
 Coulomb fitting method:                 Cholesky
 Total number of grid points:        15956
 Method for AO orthogonalization:        symmetric
 Threshold for linear dependence:        1.00e-08
 D3BJ dispersion energy:                -0.003259668

 -------------------------------------
  Running unrestricted open-shell SCF 
 -------------------------------------
 Max number of iterations:             128
 Conv. threshold (gradient):             1.00e-05
 Conv. threshold (energy):               1.00e-06
 Interpolation scheme:                   adiis+cdiis
 Initial guess:                          SAD

 ---------------------------------------------------------------
                  energy        change          grad        time
 ---------------------------------------------------------------
   0     -3423.406874633                    2.57e+00        0.04
   1     -3423.420630544     -1.38e-02      3.94e-01        0.05
   2     -3421.654194144      1.77e+00      2.33e+00        0.04
   3     -3423.344399985     -1.69e+00      6.42e-01        0.04
   4     -3423.483512099     -1.39e-01      4.66e-02        0.04
   5     -3423.483096143      4.16e-04      8.02e-02        0.04
   6     -3423.484658912     -1.56e-03      5.18e-03        0.04
   7     -3423.484702941     -4.40e-05      3.57e-03        0.04
   8     -3423.484724148     -2.12e-05      1.67e-03        0.04
   9     -3423.484729381     -5.23e-06      4.91e-04        0.04
  10     -3423.484729767     -3.86e-07      1.40e-04        0.03
  11     -3423.484729778     -1.05e-08      4.15e-05        0.04
  12     -3423.484729780     -2.44e-09      1.57e-05        0.04
  13     -3423.484729780     -1.32e-10      3.32e-06        0.04

 SCF converged in 13 iterations.

 Dipole moment (in Debye):              -0.000000      -0.000000      -4.896993

 Quadrupole moment (in Debye-Angstrom):
                  1            2            3
 1       -36.983013    -0.000001     0.000001
 2        -0.000001   -36.983013     0.000001
 3         0.000001     0.000001   -26.602039

 Spin-squared expectation <S^2>:         3.757
 Total spin quantum number S:            1.502
 TOTAL ENERGY:                       -3423.484729780

 --------------------------------------------------------------------------------

 End time:                               Wed Jun  2 11:51:04 2021
 Total wall-clock time:                  3.830 seconds
==================================================================================
