
================================================================================
          _____________ ________ _______________ ________     _________         
         / ___________// ______ \\_____   _____// ______ \   / ________)        
        / /_________  / /      \ \     | |     / /      \ \ | (_______          
       |  __________|| |        | |    | |    | |        | | \________ \        
        \ \_________ | |        | |    | |     \ \______/ /___________) |       
         \__________||_|        |_|    |_|      \________//____________/        
                                                                                
====================================[ Qcore ]===================================

 Git hash:   15a3e7daff0cda5fa9af010ccd19a80288182ecf
 Git date:   Fri, 16 Apr 2021 15:57:16 +0100
 Compiler:   GNU 9.1.0
 Build type: Release
 Version:    1.1.0

 Start time: Wed Jun  2 11:51:07 2021

 Data directory: /work/zw18965/.local/qcore/share/entos/1.1.0/data
 Number of threads: 24
 Number of threads was determined by: command line argument

 --------------------------------------------------------------------------------
                                   command: dft                                  
 --------------------------------------------------------------------------------
 AO basis set:                           aug-cc-pvtz
 Number of AO basis functions:         143

 Formula:                                STi
 Nuclear charge:                        38.000000000
 Total charge:                           0.000000000
 Number of electrons:                   38.000000000

 Number of alpha electrons:             20
 Number of beta electrons:              18
 Number of unpaired electrons:           2
 Spin:                                   2
 Multiplicity:                           triplet

 Theory:                                 dft
 Exchange-correlation functional:        b3lyp
 Method for Coulomb:                     incore_df
 Method for exact exchange:              pre_transformed_df
 Integral threshold:                     1.00e-12
 DF basis set:                           def2-tzvp-jkfit(spdfghi)
 Number of DF basis functions:         392
 Schwarz screening threshold:            1.00e-10
 Coulomb fitting method:                 Cholesky
 Total number of grid points:        15142
 Method for AO orthogonalization:        symmetric
 Threshold for linear dependence:        1.00e-08
 D3BJ dispersion energy:                -0.003272236

 -------------------------------------
  Running unrestricted open-shell SCF 
 -------------------------------------
 Max number of iterations:             128
 Conv. threshold (gradient):             1.00e-05
 Conv. threshold (energy):               1.00e-06
 Interpolation scheme:                   adiis+cdiis
 Initial guess:                          SAD

 ---------------------------------------------------------------
                  energy        change          grad        time
 ---------------------------------------------------------------
   0     -1247.500458890                    2.62e+00        0.03
   1     -1247.290390867      2.10e-01      9.51e-01        0.03
   2     -1236.690189518      1.06e+01      6.80e+00        0.03
   3     -1245.557645656     -8.87e+00      2.46e+00        0.05
   4     -1247.464198153     -1.91e+00      5.46e-01        0.03
   5     -1247.523724672     -5.95e-02      3.28e-01        0.04
   6     -1247.548006968     -2.43e-02      1.28e-01        0.03
   7     -1247.551586154     -3.58e-03      9.97e-02        0.04
   8     -1247.554113783     -2.53e-03      2.15e-02        0.03
   9     -1247.554306238     -1.92e-04      5.65e-03        0.03
  10     -1247.554326362     -2.01e-05      8.54e-04        0.03
  11     -1247.554327925     -1.56e-06      4.43e-04        0.03
  12     -1247.554328053     -1.28e-07      3.77e-04        0.03
  13     -1247.554328102     -4.90e-08      8.20e-05        0.03
  14     -1247.554328109     -7.79e-09      1.84e-05        0.03
  15     -1247.554328110     -3.65e-10      4.62e-06        0.03

 SCF converged in 15 iterations.

 Dipole moment (in Debye):              -0.000000      -0.000000      -5.518819

 Quadrupole moment (in Debye-Angstrom):
                  1            2            3
 1       -31.070900     0.000000     0.000001
 2         0.000000   -31.070900     0.000001
 3         0.000001     0.000001   -27.736097

 Spin-squared expectation <S^2>:         2.038
 Total spin quantum number S:            1.013
 TOTAL ENERGY:                       -1247.554328110

 --------------------------------------------------------------------------------

 End time:                               Wed Jun  2 11:51:10 2021
 Total wall-clock time:                  3.176 seconds
==================================================================================
