
================================================================================
          _____________ ________ _______________ ________     _________         
         / ___________// ______ \\_____   _____// ______ \   / ________)        
        / /_________  / /      \ \     | |     / /      \ \ | (_______          
       |  __________|| |        | |    | |    | |        | | \________ \        
        \ \_________ | |        | |    | |     \ \______/ /___________) |       
         \__________||_|        |_|    |_|      \________//____________/        
                                                                                
====================================[ Qcore ]===================================

 Git hash:   15a3e7daff0cda5fa9af010ccd19a80288182ecf
 Git date:   Fri, 16 Apr 2021 15:57:16 +0100
 Compiler:   GNU 9.1.0
 Build type: Release
 Version:    1.1.0

 Start time: Wed Jun  2 11:51:13 2021

 Data directory: /work/zw18965/.local/qcore/share/entos/1.1.0/data
 Number of threads: 24
 Number of threads was determined by: command line argument

 --------------------------------------------------------------------------------
                                   command: dft                                  
 --------------------------------------------------------------------------------
 AO basis set:                           aug-cc-pvtz
 Number of AO basis functions:         139

 Formula:                                FV
 Nuclear charge:                        32.000000000
 Total charge:                           0.000000000
 Number of electrons:                   32.000000000

 Number of alpha electrons:             18
 Number of beta electrons:              14
 Number of unpaired electrons:           4
 Spin:                                   4
 Multiplicity:                           quintet

 Theory:                                 dft
 Exchange-correlation functional:        b3lyp
 Method for Coulomb:                     incore_df
 Method for exact exchange:              pre_transformed_df
 Integral threshold:                     1.00e-12
 DF basis set:                           def2-tzvp-jkfit(spdfghi)
 Number of DF basis functions:         341
 Schwarz screening threshold:            1.00e-10
 Coulomb fitting method:                 Cholesky
 Total number of grid points:        14664
 Method for AO orthogonalization:        symmetric
 Threshold for linear dependence:        1.00e-08
 D3BJ dispersion energy:                -0.000999731

 -------------------------------------
  Running unrestricted open-shell SCF 
 -------------------------------------
 Max number of iterations:             128
 Conv. threshold (gradient):             1.00e-05
 Conv. threshold (energy):               1.00e-06
 Interpolation scheme:                   adiis+cdiis
 Initial guess:                          SAD

 ---------------------------------------------------------------
                  energy        change          grad        time
 ---------------------------------------------------------------
   0     -1043.447667214                    1.34e+00        0.03
   1     -1043.500056858     -5.24e-02      9.08e-01        0.04
   2     -1031.905068033      1.16e+01      5.50e+00        0.03
   3     -1042.850073304     -1.09e+01      1.94e+00        0.03
   4     -1043.772251814     -9.22e-01      2.31e-01        0.03
   5     -1043.730909506      4.13e-02      4.24e-01        0.03
   6     -1043.788163042     -5.73e-02      1.01e-01        0.03
   7     -1043.787610443      5.53e-04      1.06e-01        0.04
   8     -1043.791355488     -3.75e-03      1.69e-02        0.03
   9     -1043.791379210     -2.37e-05      3.04e-02        0.04
  10     -1043.791680687     -3.01e-04      5.45e-03        0.03
  11     -1043.791706824     -2.61e-05      1.54e-03        0.03
  12     -1043.791709204     -2.38e-06      6.57e-04        0.03
  13     -1043.791709422     -2.18e-07      2.48e-04        0.03
  14     -1043.791709469     -4.71e-08      8.17e-05        0.02
  15     -1043.791709473     -4.30e-09      2.20e-05        0.03
  16     -1043.791709474     -5.31e-10      1.21e-05        0.03
  17     -1043.791709474     -3.43e-10      1.21e-05        0.03
  18     -1043.791709474     -3.08e-10      1.18e-05        0.03
  19     -1043.791709474      3.36e-10      1.18e-05        0.03
  20     -1043.791709474     -2.83e-10      1.18e-05        0.03
  21     -1043.791709474      7.73e-12      1.18e-05        0.03
  22     -1043.791709474     -9.46e-11      1.18e-05        0.03
  23     -1043.791709474     -3.23e-11      1.18e-05        0.03
  24     -1043.791709473      1.06e-09      1.18e-05        0.03
  25     -1043.791709469      4.09e-09      1.16e-05        0.03
  26     -1043.791709463      6.27e-09      1.14e-05        0.03
  27     -1043.791709441      2.21e-08      1.12e-05        0.03
  28     -1043.791709397      4.36e-08      1.19e-05        0.03
  29     -1043.791709396      1.51e-09      1.27e-05        0.03
  30     -1043.791709361      3.49e-08      2.24e-05        0.03
  31     -1043.791709362     -1.19e-09      1.83e-05        0.03
  32     -1043.791709345      1.73e-08      3.74e-05        0.03
  33     -1043.791709344      3.51e-10      2.35e-05        0.03
  34     -1043.791709345     -2.76e-10      9.44e-06        0.03

 SCF converged in 34 iterations.

 Dipole moment (in Debye):              -0.000001       0.000001      -3.523557

 Quadrupole moment (in Debye-Angstrom):
                  1            2            3
 1       -21.342967     0.789591     0.000003
 2         0.789591   -21.343424    -0.000000
 3         0.000003    -0.000000   -23.382595

 Spin-squared expectation <S^2>:         6.006
 Total spin quantum number S:            2.001
 TOTAL ENERGY:                       -1043.791709345

 --------------------------------------------------------------------------------

 End time:                               Wed Jun  2 11:51:17 2021
 Total wall-clock time:                  4.090 seconds
==================================================================================
