
================================================================================
          _____________ ________ _______________ ________     _________         
         / ___________// ______ \\_____   _____// ______ \   / ________)        
        / /_________  / /      \ \     | |     / /      \ \ | (_______          
       |  __________|| |        | |    | |    | |        | | \________ \        
        \ \_________ | |        | |    | |     \ \______/ /___________) |       
         \__________||_|        |_|    |_|      \________//____________/        
                                                                                
====================================[ Qcore ]===================================

 Git hash:   15a3e7daff0cda5fa9af010ccd19a80288182ecf
 Git date:   Fri, 16 Apr 2021 15:57:16 +0100
 Compiler:   GNU 9.1.0
 Build type: Release
 Version:    1.1.0

 Start time: Wed Jun  2 11:51:39 2021

 Data directory: /work/zw18965/.local/qcore/share/entos/1.1.0/data
 Number of threads: 24
 Number of threads was determined by: command line argument

 --------------------------------------------------------------------------------
                                   command: dft                                  
 --------------------------------------------------------------------------------
 AO basis set:                           aug-cc-pvtz
 Number of AO basis functions:         143

 Formula:                                ClCr
 Nuclear charge:                        41.000000000
 Total charge:                           0.000000000
 Number of electrons:                   41.000000000

 Number of alpha electrons:             23
 Number of beta electrons:              18
 Number of unpaired electrons:           5
 Spin:                                   5
 Multiplicity:                           septet

 Theory:                                 dft
 Exchange-correlation functional:        b3lyp
 Method for Coulomb:                     incore_df
 Method for exact exchange:              pre_transformed_df
 Integral threshold:                     1.00e-12
 DF basis set:                           def2-tzvp-jkfit(spdfghi)
 Number of DF basis functions:         392
 Schwarz screening threshold:            1.00e-10
 Coulomb fitting method:                 Cholesky
 Total number of grid points:        15322
 Method for AO orthogonalization:        symmetric
 Threshold for linear dependence:        1.00e-08
 D3BJ dispersion energy:                -0.002800644

 -------------------------------------
  Running unrestricted open-shell SCF 
 -------------------------------------
 Max number of iterations:             128
 Conv. threshold (gradient):             1.00e-05
 Conv. threshold (energy):               1.00e-06
 Interpolation scheme:                   adiis+cdiis
 Initial guess:                          SAD

 ---------------------------------------------------------------
                  energy        change          grad        time
 ---------------------------------------------------------------
   0     -1504.326435030                    1.88e+00        0.03
   1     -1504.316896172      9.54e-03      9.28e-01        0.03
   2     -1496.658814912      7.66e+00      4.30e+00        0.03
   3     -1503.967439352     -7.31e+00      1.39e+00        0.03
   4     -1504.623798114     -6.56e-01      1.59e-01        0.03
   5     -1504.590624889      3.32e-02      4.06e-01        0.03
   6     -1504.630446576     -3.98e-02      1.13e-01        0.03
   7     -1504.630763802     -3.17e-04      8.66e-02        0.04
   8     -1504.632928885     -2.17e-03      1.44e-02        0.04
   9     -1504.632975298     -4.64e-05      6.49e-03        0.03
  10     -1504.632998043     -2.27e-05      1.82e-03        0.03
  11     -1504.633000703     -2.66e-06      6.57e-04        0.03
  12     -1504.633000946     -2.43e-07      1.91e-04        0.03
  13     -1504.633000972     -2.65e-08      4.77e-05        0.03
  14     -1504.633000973     -1.30e-09      1.06e-05        0.03
  15     -1504.633000973     -4.59e-11      1.97e-06        0.03

 SCF converged in 15 iterations.

 Dipole moment (in Debye):               0.000000       0.000000      -5.211102

 Quadrupole moment (in Debye-Angstrom):
                  1            2            3
 1       -28.335375     0.000000    -0.000000
 2         0.000000   -28.335375    -0.000000
 3        -0.000000    -0.000000   -25.636753

 Spin-squared expectation <S^2>:         8.765
 Total spin quantum number S:            2.503
 TOTAL ENERGY:                       -1504.633000973

 --------------------------------------------------------------------------------

 End time:                               Wed Jun  2 11:51:42 2021
 Total wall-clock time:                  3.046 seconds
==================================================================================
