
================================================================================
          _____________ ________ _______________ ________     _________         
         / ___________// ______ \\_____   _____// ______ \   / ________)        
        / /_________  / /      \ \     | |     / /      \ \ | (_______          
       |  __________|| |        | |    | |    | |        | | \________ \        
        \ \_________ | |        | |    | |     \ \______/ /___________) |       
         \__________||_|        |_|    |_|      \________//____________/        
                                                                                
====================================[ Qcore ]===================================

 Git hash:   15a3e7daff0cda5fa9af010ccd19a80288182ecf
 Git date:   Fri, 16 Apr 2021 15:57:16 +0100
 Compiler:   GNU 9.1.0
 Build type: Release
 Version:    1.1.0

 Start time: Wed Jun  2 11:52:04 2021

 Data directory: /work/zw18965/.local/qcore/share/entos/1.1.0/data
 Number of threads: 24
 Number of threads was determined by: command line argument

 --------------------------------------------------------------------------------
                                   command: dft                                  
 --------------------------------------------------------------------------------
 AO basis set:                           aug-cc-pvtz
 Number of AO basis functions:         139

 Formula:                                OMn
 Nuclear charge:                        33.000000000
 Total charge:                           0.000000000
 Number of electrons:                   33.000000000

 Number of alpha electrons:             19
 Number of beta electrons:              14
 Number of unpaired electrons:           5
 Spin:                                   5
 Multiplicity:                           septet

 Theory:                                 dft
 Exchange-correlation functional:        b3lyp
 Method for Coulomb:                     incore_df
 Method for exact exchange:              pre_transformed_df
 Integral threshold:                     1.00e-12
 DF basis set:                           def2-tzvp-jkfit(spdfghi)
 Number of DF basis functions:         341
 Schwarz screening threshold:            1.00e-10
 Coulomb fitting method:                 Cholesky
 Total number of grid points:        14880
 Method for AO orthogonalization:        symmetric
 Threshold for linear dependence:        1.00e-08
 D3BJ dispersion energy:                -0.001151910

 -------------------------------------
  Running unrestricted open-shell SCF 
 -------------------------------------
 Max number of iterations:             128
 Conv. threshold (gradient):             1.00e-05
 Conv. threshold (energy):               1.00e-06
 Interpolation scheme:                   adiis+cdiis
 Initial guess:                          SAD

 ---------------------------------------------------------------
                  energy        change          grad        time
 ---------------------------------------------------------------
   0     -1225.859029898                    2.75e+00        0.03
   1     -1225.807813754      5.12e-02      1.10e+00        0.03
   2     -1217.166817273      8.64e+00      5.92e+00        0.03
   3     -1224.783187255     -7.62e+00      1.96e+00        0.03
   4     -1226.108542290     -1.33e+00      4.06e-01        0.04
   5     -1226.085853866      2.27e-02      5.31e-01        0.03
   6     -1226.148393391     -6.25e-02      7.33e-02        0.04
   7     -1226.141852177      6.54e-03      1.66e-01        0.04
   8     -1226.149851101     -8.00e-03      1.68e-02        0.03
   9     -1226.149936534     -8.54e-05      3.05e-03        0.03
  10     -1226.149951466     -1.49e-05      1.23e-03        0.03
  11     -1226.149952317     -8.51e-07      3.38e-04        0.03
  12     -1226.149952351     -3.39e-08      2.18e-04        0.03
  13     -1226.149952364     -1.27e-08      1.04e-04        0.03
  14     -1226.149952367     -3.41e-09      3.66e-06        0.03

 SCF converged in 14 iterations.

 Dipole moment (in Debye):               0.000000       0.000000      -4.988499

 Quadrupole moment (in Debye-Angstrom):
                  1            2            3
 1       -20.144353    -0.000000    -0.000000
 2        -0.000000   -20.144353    -0.000000
 3        -0.000000    -0.000000   -22.921797

 Spin-squared expectation <S^2>:         8.822
 Total spin quantum number S:            2.512
 TOTAL ENERGY:                       -1226.149952367

 --------------------------------------------------------------------------------

 End time:                               Wed Jun  2 11:52:07 2021
 Total wall-clock time:                  2.961 seconds
==================================================================================
