
================================================================================
          _____________ ________ _______________ ________     _________         
         / ___________// ______ \\_____   _____// ______ \   / ________)        
        / /_________  / /      \ \     | |     / /      \ \ | (_______          
       |  __________|| |        | |    | |    | |        | | \________ \        
        \ \_________ | |        | |    | |     \ \______/ /___________) |       
         \__________||_|        |_|    |_|      \________//____________/        
                                                                                
====================================[ Qcore ]===================================

 Git hash:   15a3e7daff0cda5fa9af010ccd19a80288182ecf
 Git date:   Fri, 16 Apr 2021 15:57:16 +0100
 Compiler:   GNU 9.1.0
 Build type: Release
 Version:    1.1.0

 Start time: Wed Jun  2 11:52:07 2021

 Data directory: /work/zw18965/.local/qcore/share/entos/1.1.0/data
 Number of threads: 24
 Number of threads was determined by: command line argument

 --------------------------------------------------------------------------------
                                   command: dft                                  
 --------------------------------------------------------------------------------
 AO basis set:                           aug-cc-pvtz
 Number of AO basis functions:         143

 Formula:                                SMn
 Nuclear charge:                        41.000000000
 Total charge:                           0.000000000
 Number of electrons:                   41.000000000

 Number of alpha electrons:             23
 Number of beta electrons:              18
 Number of unpaired electrons:           5
 Spin:                                   5
 Multiplicity:                           septet

 Theory:                                 dft
 Exchange-correlation functional:        b3lyp
 Method for Coulomb:                     incore_df
 Method for exact exchange:              pre_transformed_df
 Integral threshold:                     1.00e-12
 DF basis set:                           def2-tzvp-jkfit(spdfghi)
 Number of DF basis functions:         392
 Schwarz screening threshold:            1.00e-10
 Coulomb fitting method:                 Cholesky
 Total number of grid points:        15286
 Method for AO orthogonalization:        symmetric
 Threshold for linear dependence:        1.00e-08
 D3BJ dispersion energy:                -0.002795472

 -------------------------------------
  Running unrestricted open-shell SCF 
 -------------------------------------
 Max number of iterations:             128
 Conv. threshold (gradient):             1.00e-05
 Conv. threshold (energy):               1.00e-06
 Interpolation scheme:                   adiis+cdiis
 Initial guess:                          SAD

 ---------------------------------------------------------------
                  energy        change          grad        time
 ---------------------------------------------------------------
   0     -1548.929611606                    2.90e+00        0.04
   1     -1549.043996319     -1.14e-01      5.50e-01        0.03
   2     -1547.718033956      1.33e+00      2.10e+00        0.03
   3     -1549.025607853     -1.31e+00      4.69e-01        0.03
   4     -1549.118874682     -9.33e-02      1.83e-01        0.03
   5     -1549.073111108      4.58e-02      3.68e-01        0.03
   6     -1549.124731064     -5.16e-02      8.95e-02        0.03
   7     -1549.127270745     -2.54e-03      6.89e-02        0.04
   8     -1549.129002805     -1.73e-03      6.55e-03        0.03
   9     -1549.129031747     -2.89e-05      1.48e-03        0.04
  10     -1549.129034527     -2.78e-06      3.72e-04        0.03
  11     -1549.129034750     -2.23e-07      1.33e-04        0.04
  12     -1549.129034761     -1.07e-08      8.16e-05        0.03
  13     -1549.129034763     -2.60e-09      1.23e-05        0.03
  14     -1549.129034763     -8.05e-11      3.13e-06        0.04

 SCF converged in 14 iterations.

 Dipole moment (in Debye):               0.000000       0.000000      -5.866314

 Quadrupole moment (in Debye-Angstrom):
                  1            2            3
 1       -29.338538     0.000000     0.000000
 2         0.000000   -29.338538     0.000000
 3         0.000000     0.000000   -26.281486

 Spin-squared expectation <S^2>:         8.826
 Total spin quantum number S:            2.513
 TOTAL ENERGY:                       -1549.129034763

 --------------------------------------------------------------------------------

 End time:                               Wed Jun  2 11:52:10 2021
 Total wall-clock time:                  3.122 seconds
==================================================================================
