
================================================================================
          _____________ ________ _______________ ________     _________         
         / ___________// ______ \\_____   _____// ______ \   / ________)        
        / /_________  / /      \ \     | |     / /      \ \ | (_______          
       |  __________|| |        | |    | |    | |        | | \________ \        
        \ \_________ | |        | |    | |     \ \______/ /___________) |       
         \__________||_|        |_|    |_|      \________//____________/        
                                                                                
====================================[ Qcore ]===================================

 Git hash:   15a3e7daff0cda5fa9af010ccd19a80288182ecf
 Git date:   Fri, 16 Apr 2021 15:57:16 +0100
 Compiler:   GNU 9.1.0
 Build type: Release
 Version:    1.1.0

 Start time: Wed Jun  2 11:52:10 2021

 Data directory: /work/zw18965/.local/qcore/share/entos/1.1.0/data
 Number of threads: 24
 Number of threads was determined by: command line argument

 --------------------------------------------------------------------------------
                                   command: dft                                  
 --------------------------------------------------------------------------------
 AO basis set:                           aug-cc-pvtz
 Number of AO basis functions:         116

 Formula:                                HFe
 Nuclear charge:                        27.000000000
 Total charge:                           0.000000000
 Number of electrons:                   27.000000000

 Number of alpha electrons:             15
 Number of beta electrons:              12
 Number of unpaired electrons:           3
 Spin:                                   3
 Multiplicity:                           quartet

 Theory:                                 dft
 Exchange-correlation functional:        b3lyp
 Method for Coulomb:                     incore_df
 Method for exact exchange:              pre_transformed_df
 Integral threshold:                     1.00e-12
 DF basis set:                           def2-tzvp-jkfit(spdfghi)
 Number of DF basis functions:         282
 Schwarz screening threshold:            1.00e-10
 Coulomb fitting method:                 Cholesky
 Total number of grid points:        13826
 Method for AO orthogonalization:        symmetric
 Threshold for linear dependence:        1.00e-08
 D3BJ dispersion energy:                -0.000703057

 -------------------------------------
  Running unrestricted open-shell SCF 
 -------------------------------------
 Max number of iterations:             128
 Conv. threshold (gradient):             1.00e-05
 Conv. threshold (energy):               1.00e-06
 Interpolation scheme:                   adiis+cdiis
 Initial guess:                          SAD

 ---------------------------------------------------------------
                  energy        change          grad        time
 ---------------------------------------------------------------
   0     -1263.879331625                    1.87e+00        0.03
   1     -1264.061995885     -1.83e-01      6.78e-01        0.03
   2     -1256.992135052      7.07e+00      3.79e+00        0.02
   3     -1263.358585445     -6.37e+00      2.03e+00        0.02
   4     -1264.183475336     -8.25e-01      2.37e-01        0.02
   5     -1264.150182817      3.33e-02      4.09e-01        0.02
   6     -1264.194091471     -4.39e-02      8.48e-02        0.02
   7     -1264.193296136      7.95e-04      1.13e-01        0.02
   8     -1264.196372066     -3.08e-03      8.12e-03        0.02
   9     -1264.196399955     -2.79e-05      2.24e-03        0.02
  10     -1264.196406264     -6.31e-06      5.45e-04        0.02
  11     -1264.196406541     -2.77e-07      9.54e-05        0.02
  12     -1264.196406550     -9.86e-09      2.00e-05        0.02
  13     -1264.196406551     -3.48e-10      1.06e-05        0.02
  14     -1264.196406551     -7.73e-11      5.30e-06        0.02

 SCF converged in 14 iterations.

 Dipole moment (in Debye):               0.000015       0.000015      -2.701923

 Quadrupole moment (in Debye-Angstrom):
                  1            2            3
 1       -15.557879     0.000000    -0.000057
 2         0.000000   -15.557879    -0.000057
 3        -0.000057    -0.000057   -18.153520

 Spin-squared expectation <S^2>:         3.788
 Total spin quantum number S:            1.510
 TOTAL ENERGY:                       -1264.196406551

 --------------------------------------------------------------------------------

 End time:                               Wed Jun  2 11:52:13 2021
 Total wall-clock time:                  2.494 seconds
==================================================================================
