
================================================================================
          _____________ ________ _______________ ________     _________         
         / ___________// ______ \\_____   _____// ______ \   / ________)        
        / /_________  / /      \ \     | |     / /      \ \ | (_______          
       |  __________|| |        | |    | |    | |        | | \________ \        
        \ \_________ | |        | |    | |     \ \______/ /___________) |       
         \__________||_|        |_|    |_|      \________//____________/        
                                                                                
====================================[ Qcore ]===================================

 Git hash:   15a3e7daff0cda5fa9af010ccd19a80288182ecf
 Git date:   Fri, 16 Apr 2021 15:57:16 +0100
 Compiler:   GNU 9.1.0
 Build type: Release
 Version:    1.1.0

 Start time: Wed Jun  2 11:52:16 2021

 Data directory: /work/zw18965/.local/qcore/share/entos/1.1.0/data
 Number of threads: 24
 Number of threads was determined by: command line argument

 --------------------------------------------------------------------------------
                                   command: dft                                  
 --------------------------------------------------------------------------------
 AO basis set:                           aug-cc-pvtz
 Number of AO basis functions:         143

 Formula:                                ClFe
 Nuclear charge:                        43.000000000
 Total charge:                           0.000000000
 Number of electrons:                   43.000000000

 Number of alpha electrons:             24
 Number of beta electrons:              19
 Number of unpaired electrons:           5
 Spin:                                   5
 Multiplicity:                           septet

 Theory:                                 dft
 Exchange-correlation functional:        b3lyp
 Method for Coulomb:                     incore_df
 Method for exact exchange:              pre_transformed_df
 Integral threshold:                     1.00e-12
 DF basis set:                           def2-tzvp-jkfit(spdfghi)
 Number of DF basis functions:         392
 Schwarz screening threshold:            1.00e-10
 Coulomb fitting method:                 Cholesky
 Total number of grid points:        15430
 Method for AO orthogonalization:        symmetric
 Threshold for linear dependence:        1.00e-08
 D3BJ dispersion energy:                -0.002300968

 -------------------------------------
  Running unrestricted open-shell SCF 
 -------------------------------------
 Max number of iterations:             128
 Conv. threshold (gradient):             1.00e-05
 Conv. threshold (energy):               1.00e-06
 Interpolation scheme:                   adiis+cdiis
 Initial guess:                          SAD

 ---------------------------------------------------------------
                  energy        change          grad        time
 ---------------------------------------------------------------
   0     -1723.616343738                    2.19e+00        0.03
   1     -1723.836883148     -2.21e-01      1.84e-01        0.04
   2     -1723.857281116     -2.04e-02      9.05e-02        0.03
   3     -1723.857459762     -1.79e-04      9.35e-02        0.03
   4     -1723.863307658     -5.85e-03      1.32e-02        0.03
   5     -1723.863351775     -4.41e-05      7.49e-03        0.03
   6     -1723.863372473     -2.07e-05      4.44e-03        0.04
   7     -1723.863382106     -9.63e-06      7.06e-04        0.03
   8     -1723.863382389     -2.83e-07      7.83e-05        0.03
   9     -1723.863382397     -7.77e-09      2.54e-05        0.03
  10     -1723.863382397     -4.49e-10      5.87e-06        0.04

 SCF converged in 10 iterations.

 Dipole moment (in Debye):               0.000000       0.000000      -2.170187

 Quadrupole moment (in Debye-Angstrom):
                  1            2            3
 1       -27.981461    -0.000000    -0.000000
 2        -0.000000   -27.981461    -0.000000
 3        -0.000000    -0.000000   -32.341130

 Spin-squared expectation <S^2>:         8.755
 Total spin quantum number S:            2.501
 TOTAL ENERGY:                       -1723.863382397

 --------------------------------------------------------------------------------

 End time:                               Wed Jun  2 11:52:19 2021
 Total wall-clock time:                  2.892 seconds
==================================================================================
