
================================================================================
          _____________ ________ _______________ ________     _________         
         / ___________// ______ \\_____   _____// ______ \   / ________)        
        / /_________  / /      \ \     | |     / /      \ \ | (_______          
       |  __________|| |        | |    | |    | |        | | \________ \        
        \ \_________ | |        | |    | |     \ \______/ /___________) |       
         \__________||_|        |_|    |_|      \________//____________/        
                                                                                
====================================[ Qcore ]===================================

 Git hash:   15a3e7daff0cda5fa9af010ccd19a80288182ecf
 Git date:   Fri, 16 Apr 2021 15:57:16 +0100
 Compiler:   GNU 9.1.0
 Build type: Release
 Version:    1.1.0

 Start time: Wed Jun  2 11:52:19 2021

 Data directory: /work/zw18965/.local/qcore/share/entos/1.1.0/data
 Number of threads: 24
 Number of threads was determined by: command line argument

 --------------------------------------------------------------------------------
                                   command: dft                                  
 --------------------------------------------------------------------------------
 AO basis set:                           aug-cc-pvtz
 Number of AO basis functions:         152

 Formula:                                FeBr
 Nuclear charge:                        61.000000000
 Total charge:                           0.000000000
 Number of electrons:                   61.000000000

 Number of alpha electrons:             33
 Number of beta electrons:              28
 Number of unpaired electrons:           5
 Spin:                                   5
 Multiplicity:                           septet

 Theory:                                 dft
 Exchange-correlation functional:        b3lyp
 Method for Coulomb:                     incore_df
 Method for exact exchange:              pre_transformed_df
 Integral threshold:                     1.00e-12
 DF basis set:                           def2-tzvp-jkfit(spdfghi)
 Number of DF basis functions:         530
 Schwarz screening threshold:            1.00e-10
 Coulomb fitting method:                 Cholesky
 Total number of grid points:        16100
 Method for AO orthogonalization:        symmetric
 Threshold for linear dependence:        1.00e-08
 D3BJ dispersion energy:                -0.002642285

 -------------------------------------
  Running unrestricted open-shell SCF 
 -------------------------------------
 Max number of iterations:             128
 Conv. threshold (gradient):             1.00e-05
 Conv. threshold (energy):               1.00e-06
 Interpolation scheme:                   adiis+cdiis
 Initial guess:                          SAD

 ---------------------------------------------------------------
                  energy        change          grad        time
 ---------------------------------------------------------------
   0     -3837.564672542                    2.95e+00        0.04
   1     -3837.734522744     -1.70e-01      2.72e-01        0.04
   2     -3837.652910275      8.16e-02      6.12e-01        0.04
   3     -3837.782486255     -1.30e-01      5.80e-02        0.04
   4     -3837.779084671      3.40e-03      9.23e-02        0.04
   5     -3837.785268930     -6.18e-03      1.52e-02        0.04
   6     -3837.785373343     -1.04e-04      5.09e-03        0.03
   7     -3837.785389473     -1.61e-05      1.38e-03        0.04
   8     -3837.785390393     -9.20e-07      5.43e-04        0.04
   9     -3837.785390570     -1.77e-07      1.78e-04        0.04
  10     -3837.785390587     -1.72e-08      3.55e-05        0.03
  11     -3837.785390587     -6.85e-10      9.82e-06        0.04

 SCF converged in 11 iterations.

 Dipole moment (in Debye):               0.000000       0.000000      -2.128184

 Quadrupole moment (in Debye-Angstrom):
                  1            2            3
 1       -34.030942    -0.000010    -0.000001
 2        -0.000010   -34.030942    -0.000001
 3        -0.000001    -0.000001   -35.941172

 Spin-squared expectation <S^2>:         8.755
 Total spin quantum number S:            2.501
 TOTAL ENERGY:                       -3837.785390588

 --------------------------------------------------------------------------------

 End time:                               Wed Jun  2 11:52:22 2021
 Total wall-clock time:                  3.602 seconds
==================================================================================
