
================================================================================
          _____________ ________ _______________ ________     _________         
         / ___________// ______ \\_____   _____// ______ \   / ________)        
        / /_________  / /      \ \     | |     / /      \ \ | (_______          
       |  __________|| |        | |    | |    | |        | | \________ \        
        \ \_________ | |        | |    | |     \ \______/ /___________) |       
         \__________||_|        |_|    |_|      \________//____________/        
                                                                                
====================================[ Qcore ]===================================

 Git hash:   15a3e7daff0cda5fa9af010ccd19a80288182ecf
 Git date:   Fri, 16 Apr 2021 15:57:16 +0100
 Compiler:   GNU 9.1.0
 Build type: Release
 Version:    1.1.0

 Start time: Wed Jun  2 11:52:38 2021

 Data directory: /work/zw18965/.local/qcore/share/entos/1.1.0/data
 Number of threads: 24
 Number of threads was determined by: command line argument

 --------------------------------------------------------------------------------
                                   command: dft                                  
 --------------------------------------------------------------------------------
 AO basis set:                           aug-cc-pvtz
 Number of AO basis functions:         152

 Formula:                                CoBr
 Nuclear charge:                        62.000000000
 Total charge:                           0.000000000
 Number of electrons:                   62.000000000

 Number of alpha electrons:             32
 Number of beta electrons:              30
 Number of unpaired electrons:           2
 Spin:                                   2
 Multiplicity:                           triplet

 Theory:                                 dft
 Exchange-correlation functional:        b3lyp
 Method for Coulomb:                     incore_df
 Method for exact exchange:              pre_transformed_df
 Integral threshold:                     1.00e-12
 DF basis set:                           def2-tzvp-jkfit(spdfghi)
 Number of DF basis functions:         530
 Schwarz screening threshold:            1.00e-10
 Coulomb fitting method:                 Cholesky
 Total number of grid points:        16100
 Method for AO orthogonalization:        symmetric
 Threshold for linear dependence:        1.00e-08
 D3BJ dispersion energy:                -0.002690355

 -------------------------------------
  Running unrestricted open-shell SCF 
 -------------------------------------
 Max number of iterations:             128
 Conv. threshold (gradient):             1.00e-05
 Conv. threshold (energy):               1.00e-06
 Interpolation scheme:                   adiis+cdiis
 Initial guess:                          SAD

 ---------------------------------------------------------------
                  energy        change          grad        time
 ---------------------------------------------------------------
   0     -3956.771055741                    2.81e+00        0.04
   1     -3956.756216223      1.48e-02      5.94e-01        0.04
   2     -3954.022711487      2.73e+00      3.77e+00        0.03
   3     -3956.330824864     -2.31e+00      1.52e+00        0.04
   4     -3956.830478552     -5.00e-01      1.54e-01        0.04
   5     -3956.816680977      1.38e-02      3.41e-01        0.04
   6     -3956.842212167     -2.55e-02      6.68e-02        0.04
   7     -3956.845419592     -3.21e-03      1.23e-01        0.04
   8     -3956.850900941     -5.48e-03      5.10e-02        0.04
   9     -3956.854670021     -3.77e-03      4.85e-02        0.04
  10     -3956.858528803     -3.86e-03      4.41e-02        0.04
  11     -3956.862726753     -4.20e-03      2.15e-02        0.04
  12     -3956.862675908      5.08e-05      1.49e-02        0.03
  13     -3956.862865584     -1.90e-04      7.90e-03        0.04
  14     -3956.862878244     -1.27e-05      6.84e-04        0.04
  15     -3956.862878605     -3.60e-07      2.34e-04        0.04
  16     -3956.862878615     -1.02e-08      4.47e-05        0.04
  17     -3956.862878615      3.27e-11      3.78e-05        0.04
  18     -3956.862878615     -5.78e-10      8.81e-06        0.04

 SCF converged in 18 iterations.

 Dipole moment (in Debye):              -0.000001      -0.000001      -4.726234

 Quadrupole moment (in Debye-Angstrom):
                  1            2            3
 1       -33.146326     0.278136     0.000002
 2         0.278136   -33.146722     0.000002
 3         0.000002     0.000002   -25.511338

 Spin-squared expectation <S^2>:         2.025
 Total spin quantum number S:            1.008
 TOTAL ENERGY:                       -3956.862878615

 --------------------------------------------------------------------------------

 End time:                               Wed Jun  2 11:52:42 2021
 Total wall-clock time:                  3.943 seconds
==================================================================================
