
================================================================================
          _____________ ________ _______________ ________     _________         
         / ___________// ______ \\_____   _____// ______ \   / ________)        
        / /_________  / /      \ \     | |     / /      \ \ | (_______          
       |  __________|| |        | |    | |    | |        | | \________ \        
        \ \_________ | |        | |    | |     \ \______/ /___________) |       
         \__________||_|        |_|    |_|      \________//____________/        
                                                                                
====================================[ Qcore ]===================================

 Git hash:   15a3e7daff0cda5fa9af010ccd19a80288182ecf
 Git date:   Fri, 16 Apr 2021 15:57:16 +0100
 Compiler:   GNU 9.1.0
 Build type: Release
 Version:    1.1.0

 Start time: Wed Jun  2 11:52:48 2021

 Data directory: /work/zw18965/.local/qcore/share/entos/1.1.0/data
 Number of threads: 24
 Number of threads was determined by: command line argument

 --------------------------------------------------------------------------------
                                   command: dft                                  
 --------------------------------------------------------------------------------
 AO basis set:                           aug-cc-pvtz
 Number of AO basis functions:         116

 Formula:                                HNi
 Nuclear charge:                        29.000000000
 Total charge:                           0.000000000
 Number of electrons:                   29.000000000

 Number of alpha electrons:             15
 Number of beta electrons:              14
 Number of unpaired electrons:           1
 Spin:                                   1
 Multiplicity:                           doublet

 Theory:                                 dft
 Exchange-correlation functional:        b3lyp
 Method for Coulomb:                     incore_df
 Method for exact exchange:              pre_transformed_df
 Integral threshold:                     1.00e-12
 DF basis set:                           def2-tzvp-jkfit(spdfghi)
 Number of DF basis functions:         282
 Schwarz screening threshold:            1.00e-10
 Coulomb fitting method:                 Cholesky
 Total number of grid points:        13826
 Method for AO orthogonalization:        symmetric
 Threshold for linear dependence:        1.00e-08
 D3BJ dispersion energy:                -0.000780613

 -------------------------------------
  Running unrestricted open-shell SCF 
 -------------------------------------
 Max number of iterations:             128
 Conv. threshold (gradient):             1.00e-05
 Conv. threshold (energy):               1.00e-06
 Interpolation scheme:                   adiis+cdiis
 Initial guess:                          SAD

 ---------------------------------------------------------------
                  energy        change          grad        time
 ---------------------------------------------------------------
   0     -1508.737531043                    2.06e+00        0.02
   1     -1508.822244852     -8.47e-02      2.38e-01        0.02
   2     -1508.823358870     -1.11e-03      2.56e-01        0.02
   3     -1508.844523705     -2.12e-02      1.10e-01        0.02
   4     -1508.816255913      2.83e-02      3.66e-01        0.02
   5     -1508.846040854     -2.98e-02      1.09e-01        0.02
   6     -1508.848473961     -2.43e-03      3.09e-02        0.02
   7     -1508.848375430      9.85e-05      4.78e-02        0.03
   8     -1508.848890803     -5.15e-04      1.21e-03        0.02
   9     -1508.848891909     -1.11e-06      2.98e-04        0.02
  10     -1508.848891995     -8.61e-08      8.60e-05        0.02
  11     -1508.848892005     -1.06e-08      3.59e-05        0.02
  12     -1508.848892006     -7.77e-10      7.23e-06        0.02

 SCF converged in 12 iterations.

 Dipole moment (in Debye):              -0.000000      -0.000000      -2.757466

 Quadrupole moment (in Debye-Angstrom):
                  1            2            3
 1       -14.622888     0.000024     0.000005
 2         0.000024   -14.622888     0.000005
 3         0.000005     0.000005   -15.749186

 Spin-squared expectation <S^2>:         0.761
 Total spin quantum number S:            0.506
 TOTAL ENERGY:                       -1508.848892006

 --------------------------------------------------------------------------------

 End time:                               Wed Jun  2 11:52:50 2021
 Total wall-clock time:                  2.230 seconds
==================================================================================
