
================================================================================
          _____________ ________ _______________ ________     _________         
         / ___________// ______ \\_____   _____// ______ \   / ________)        
        / /_________  / /      \ \     | |     / /      \ \ | (_______          
       |  __________|| |        | |    | |    | |        | | \________ \        
        \ \_________ | |        | |    | |     \ \______/ /___________) |       
         \__________||_|        |_|    |_|      \________//____________/        
                                                                                
====================================[ Qcore ]===================================

 Git hash:   15a3e7daff0cda5fa9af010ccd19a80288182ecf
 Git date:   Fri, 16 Apr 2021 15:57:16 +0100
 Compiler:   GNU 9.1.0
 Build type: Release
 Version:    1.1.0

 Start time: Wed Jun  2 11:52:50 2021

 Data directory: /work/zw18965/.local/qcore/share/entos/1.1.0/data
 Number of threads: 24
 Number of threads was determined by: command line argument

 --------------------------------------------------------------------------------
                                   command: dft                                  
 --------------------------------------------------------------------------------
 AO basis set:                           aug-cc-pvtz
 Number of AO basis functions:         139

 Formula:                                FNi
 Nuclear charge:                        37.000000000
 Total charge:                           0.000000000
 Number of electrons:                   37.000000000

 Number of alpha electrons:             19
 Number of beta electrons:              18
 Number of unpaired electrons:           1
 Spin:                                   1
 Multiplicity:                           doublet

 Theory:                                 dft
 Exchange-correlation functional:        b3lyp
 Method for Coulomb:                     incore_df
 Method for exact exchange:              pre_transformed_df
 Integral threshold:                     1.00e-12
 DF basis set:                           def2-tzvp-jkfit(spdfghi)
 Number of DF basis functions:         341
 Schwarz screening threshold:            1.00e-10
 Coulomb fitting method:                 Cholesky
 Total number of grid points:        14748
 Method for AO orthogonalization:        symmetric
 Threshold for linear dependence:        1.00e-08
 D3BJ dispersion energy:                -0.000834473

 -------------------------------------
  Running unrestricted open-shell SCF 
 -------------------------------------
 Max number of iterations:             128
 Conv. threshold (gradient):             1.00e-05
 Conv. threshold (energy):               1.00e-06
 Interpolation scheme:                   adiis+cdiis
 Initial guess:                          SAD

 ---------------------------------------------------------------
                  energy        change          grad        time
 ---------------------------------------------------------------
   0     -1608.009500152                    1.65e+00        0.03
   1     -1608.039435892     -2.99e-02      6.41e-01        0.03
   2     -1605.316236588      2.72e+00      3.09e+00        0.03
   3     -1607.952711867     -2.64e+00      9.51e-01        0.03
   4     -1608.142262902     -1.90e-01      5.13e-02        0.03
   5     -1608.140719070      1.54e-03      9.62e-02        0.03
   6     -1608.142993117     -2.27e-03      1.08e-02        0.03
   7     -1608.143034013     -4.09e-05      2.57e-03        0.03
   8     -1608.143036636     -2.62e-06      7.05e-04        0.03
   9     -1608.143037134     -4.98e-07      2.54e-04        0.03
  10     -1608.143037182     -4.77e-08      1.03e-04        0.03
  11     -1608.143037188     -5.95e-09      2.62e-05        0.03
  12     -1608.143037188     -3.30e-10      6.95e-06        0.03

 SCF converged in 12 iterations.

 Dipole moment (in Debye):              -0.000006      -0.000006      -4.947251

 Quadrupole moment (in Debye-Angstrom):
                  1            2            3
 1       -17.270477     0.000397     0.000008
 2         0.000397   -17.270477     0.000008
 3         0.000008     0.000008   -19.962564

 Spin-squared expectation <S^2>:         0.753
 Total spin quantum number S:            0.502
 TOTAL ENERGY:                       -1608.143037188

 --------------------------------------------------------------------------------

 End time:                               Wed Jun  2 11:52:53 2021
 Total wall-clock time:                  2.872 seconds
==================================================================================
