
================================================================================
          _____________ ________ _______________ ________     _________         
         / ___________// ______ \\_____   _____// ______ \   / ________)        
        / /_________  / /      \ \     | |     / /      \ \ | (_______          
       |  __________|| |        | |    | |    | |        | | \________ \        
        \ \_________ | |        | |    | |     \ \______/ /___________) |       
         \__________||_|        |_|    |_|      \________//____________/        
                                                                                
====================================[ Qcore ]===================================

 Git hash:   15a3e7daff0cda5fa9af010ccd19a80288182ecf
 Git date:   Fri, 16 Apr 2021 15:57:16 +0100
 Compiler:   GNU 9.1.0
 Build type: Release
 Version:    1.1.0

 Start time: Wed Jun  2 11:52:56 2021

 Data directory: /work/zw18965/.local/qcore/share/entos/1.1.0/data
 Number of threads: 24
 Number of threads was determined by: command line argument

 --------------------------------------------------------------------------------
                                   command: dft                                  
 --------------------------------------------------------------------------------
 AO basis set:                           aug-cc-pvtz
 Number of AO basis functions:         152

 Formula:                                NiBr
 Nuclear charge:                        63.000000000
 Total charge:                           0.000000000
 Number of electrons:                   63.000000000

 Number of alpha electrons:             32
 Number of beta electrons:              31
 Number of unpaired electrons:           1
 Spin:                                   1
 Multiplicity:                           doublet

 Theory:                                 dft
 Exchange-correlation functional:        b3lyp
 Method for Coulomb:                     incore_df
 Method for exact exchange:              pre_transformed_df
 Integral threshold:                     1.00e-12
 DF basis set:                           def2-tzvp-jkfit(spdfghi)
 Number of DF basis functions:         530
 Schwarz screening threshold:            1.00e-10
 Coulomb fitting method:                 Cholesky
 Total number of grid points:        16100
 Method for AO orthogonalization:        symmetric
 Threshold for linear dependence:        1.00e-08
 D3BJ dispersion energy:                -0.002818057

 -------------------------------------
  Running unrestricted open-shell SCF 
 -------------------------------------
 Max number of iterations:             128
 Conv. threshold (gradient):             1.00e-05
 Conv. threshold (energy):               1.00e-06
 Interpolation scheme:                   adiis+cdiis
 Initial guess:                          SAD

 ---------------------------------------------------------------
                  energy        change          grad        time
 ---------------------------------------------------------------
   0     -4082.437718264                    2.67e+00        0.04
   1     -4082.386102799      5.16e-02      3.47e-01        0.04
   2     -4082.317016694      6.91e-02      5.07e-01        0.04
   3     -4082.416121206     -9.91e-02      1.11e-01        0.03
   4     -4082.404947342      1.12e-02      2.16e-01        0.03
   5     -4082.419977524     -1.50e-02      3.55e-02        0.04
   6     -4082.419690481      2.87e-04      4.59e-02        0.04
   7     -4082.420829952     -1.14e-03      2.45e-03        0.03
   8     -4082.420833063     -3.11e-06      7.40e-04        0.04
   9     -4082.420833455     -3.92e-07      1.75e-04        0.04
  10     -4082.420833475     -2.09e-08      4.82e-05        0.03
  11     -4082.420833477     -1.82e-09      1.55e-05        0.03
  12     -4082.420833477     -1.20e-10      5.79e-06        0.03

 SCF converged in 12 iterations.

 Dipole moment (in Debye):              -0.000016      -0.000016      -4.836192

 Quadrupole moment (in Debye-Angstrom):
                  1            2            3
 1       -32.181895     0.000017     0.000031
 2         0.000017   -32.181895     0.000031
 3         0.000031     0.000031   -25.796965

 Spin-squared expectation <S^2>:         0.754
 Total spin quantum number S:            0.502
 TOTAL ENERGY:                       -4082.420833477

 --------------------------------------------------------------------------------

 End time:                               Wed Jun  2 11:53:00 2021
 Total wall-clock time:                  3.688 seconds
==================================================================================
