
================================================================================
          _____________ ________ _______________ ________     _________         
         / ___________// ______ \\_____   _____// ______ \   / ________)        
        / /_________  / /      \ \     | |     / /      \ \ | (_______          
       |  __________|| |        | |    | |    | |        | | \________ \        
        \ \_________ | |        | |    | |     \ \______/ /___________) |       
         \__________||_|        |_|    |_|      \________//____________/        
                                                                                
====================================[ Qcore ]===================================

 Git hash:   15a3e7daff0cda5fa9af010ccd19a80288182ecf
 Git date:   Fri, 16 Apr 2021 15:57:16 +0100
 Compiler:   GNU 9.1.0
 Build type: Release
 Version:    1.1.0

 Start time: Wed Jun  2 11:53:15 2021

 Data directory: /work/zw18965/.local/qcore/share/entos/1.1.0/data
 Number of threads: 24
 Number of threads was determined by: command line argument

 --------------------------------------------------------------------------------
                                   command: dft                                  
 --------------------------------------------------------------------------------
 AO basis set:                           aug-cc-pvtz
 Number of AO basis functions:         152

 Formula:                                CuBr
 Nuclear charge:                        64.000000000
 Total charge:                           0.000000000
 Number of electrons:                   64.000000000

 Number of alpha electrons:             32
 Number of beta electrons:              32
 Number of unpaired electrons:           0
 Spin:                                   0
 Multiplicity:                           singlet

 Theory:                                 dft
 Exchange-correlation functional:        b3lyp
 Method for Coulomb:                     incore_df
 Method for exact exchange:              pre_transformed_df
 Integral threshold:                     1.00e-12
 DF basis set:                           def2-tzvp-jkfit(spdfghi)
 Number of DF basis functions:         530
 Schwarz screening threshold:            1.00e-10
 Coulomb fitting method:                 Cholesky
 Total number of grid points:        16100
 Method for AO orthogonalization:        symmetric
 Threshold for linear dependence:        1.00e-08
 D3BJ dispersion energy:                -0.002473000

 -------------------------------------
  Running restricted closed-shell SCF 
 -------------------------------------
 Max number of iterations:             128
 Conv. threshold (gradient):             1.00e-05
 Conv. threshold (energy):               1.00e-06
 Interpolation scheme:                   adiis+cdiis
 Initial guess:                          SAD

 ---------------------------------------------------------------
                  energy        change          grad        time
 ---------------------------------------------------------------
   0     -4214.729726496                    5.65e+00        0.02
   1     -4214.599536885      1.30e-01      5.62e-01        0.03
   2     -4214.453181500      1.46e-01      1.27e+00        0.02
   3     -4214.631895397     -1.79e-01      2.37e-01        0.02
   4     -4214.635032449     -3.14e-03      2.28e-01        0.02
   5     -4214.639062878     -4.03e-03      1.56e-01        0.02
   6     -4214.636892772      2.17e-03      2.38e-01        0.02
   7     -4214.640179469     -3.29e-03      6.19e-02        0.02
   8     -4214.640317739     -1.38e-04      3.77e-02        0.02
   9     -4214.640487373     -1.70e-04      2.94e-04        0.02
  10     -4214.640487384     -1.13e-08      4.95e-05        0.02
  11     -4214.640487385     -5.12e-10      1.09e-05        0.03
  12     -4214.640487385     -1.18e-11      1.45e-06        0.02

 SCF converged in 12 iterations.

 Dipole moment (in Debye):              -0.000000      -0.000000      -4.676810

 Quadrupole moment (in Debye-Angstrom):
                  1            2            3
 1       -32.089598    -0.000000     0.000000
 2        -0.000000   -32.089598     0.000000
 3         0.000000     0.000000   -25.323632

 Spin-squared expectation <S^2>:         0.000
 Total spin quantum number S:            0.000
 TOTAL ENERGY:                       -4214.640487385

 --------------------------------------------------------------------------------

 End time:                               Wed Jun  2 11:53:18 2021
 Total wall-clock time:                  3.420 seconds
==================================================================================
