
================================================================================
          _____________ ________ _______________ ________     _________         
         / ___________// ______ \\_____   _____// ______ \   / ________)        
        / /_________  / /      \ \     | |     / /      \ \ | (_______          
       |  __________|| |        | |    | |    | |        | | \________ \        
        \ \_________ | |        | |    | |     \ \______/ /___________) |       
         \__________||_|        |_|    |_|      \________//____________/        
                                                                                
====================================[ Qcore ]===================================

 Git hash:   15a3e7daff0cda5fa9af010ccd19a80288182ecf
 Git date:   Fri, 16 Apr 2021 15:57:16 +0100
 Compiler:   GNU 9.1.0
 Build type: Release
 Version:    1.1.0

 Start time: Wed Jun  2 11:53:24 2021

 Data directory: /work/zw18965/.local/qcore/share/entos/1.1.0/data
 Number of threads: 24
 Number of threads was determined by: command line argument

 --------------------------------------------------------------------------------
                                   command: dft                                  
 --------------------------------------------------------------------------------
 AO basis set:                           aug-cc-pvtz
 Number of AO basis functions:         116

 Formula:                                HZn
 Nuclear charge:                        31.000000000
 Total charge:                           0.000000000
 Number of electrons:                   31.000000000

 Number of alpha electrons:             16
 Number of beta electrons:              15
 Number of unpaired electrons:           1
 Spin:                                   1
 Multiplicity:                           doublet

 Theory:                                 dft
 Exchange-correlation functional:        b3lyp
 Method for Coulomb:                     incore_df
 Method for exact exchange:              pre_transformed_df
 Integral threshold:                     1.00e-12
 DF basis set:                           def2-tzvp-jkfit(spdfghi)
 Number of DF basis functions:         282
 Schwarz screening threshold:            1.00e-10
 Coulomb fitting method:                 Cholesky
 Total number of grid points:        13826
 Method for AO orthogonalization:        symmetric
 Threshold for linear dependence:        1.00e-08
 D3BJ dispersion energy:                -0.000764727

 -------------------------------------
  Running unrestricted open-shell SCF 
 -------------------------------------
 Max number of iterations:             128
 Conv. threshold (gradient):             1.00e-05
 Conv. threshold (energy):               1.00e-06
 Interpolation scheme:                   adiis+cdiis
 Initial guess:                          SAD

 ---------------------------------------------------------------
                  energy        change          grad        time
 ---------------------------------------------------------------
   0     -1779.948306435                    1.53e+00        0.02
   1     -1779.900930802      4.74e-02      2.01e-01        0.02
   2     -1779.900300271      6.31e-04      2.13e-01        0.02
   3     -1779.912555312     -1.23e-02      7.43e-02        0.02
   4     -1779.907959935      4.60e-03      1.42e-01        0.02
   5     -1779.914263337     -6.30e-03      4.70e-03        0.02
   6     -1779.914268739     -5.40e-06      8.05e-04        0.02
   7     -1779.914269008     -2.69e-07      2.91e-04        0.02
   8     -1779.914269039     -3.07e-08      7.11e-05        0.02
   9     -1779.914269042     -3.28e-09      1.16e-05        0.02
  10     -1779.914269042     -1.28e-10      2.03e-06        0.02

 SCF converged in 10 iterations.

 Dipole moment (in Debye):               0.000000       0.000000      -0.556180

 Quadrupole moment (in Debye-Angstrom):
                  1            2            3
 1       -15.187782     0.000000    -0.000000
 2         0.000000   -15.187782    -0.000000
 3        -0.000000    -0.000000   -19.654345

 Spin-squared expectation <S^2>:         0.756
 Total spin quantum number S:            0.503
 TOTAL ENERGY:                       -1779.914269042

 --------------------------------------------------------------------------------

 End time:                               Wed Jun  2 11:53:27 2021
 Total wall-clock time:                  2.568 seconds
==================================================================================
