
================================================================================
          _____________ ________ _______________ ________     _________         
         / ___________// ______ \\_____   _____// ______ \   / ________)        
        / /_________  / /      \ \     | |     / /      \ \ | (_______          
       |  __________|| |        | |    | |    | |        | | \________ \        
        \ \_________ | |        | |    | |     \ \______/ /___________) |       
         \__________||_|        |_|    |_|      \________//____________/        
                                                                                
====================================[ Qcore ]===================================

 Git hash:   15a3e7daff0cda5fa9af010ccd19a80288182ecf
 Git date:   Fri, 16 Apr 2021 15:57:16 +0100
 Compiler:   GNU 9.1.0
 Build type: Release
 Version:    1.1.0

 Start time: Wed Jun  2 11:53:27 2021

 Data directory: /work/zw18965/.local/qcore/share/entos/1.1.0/data
 Number of threads: 24
 Number of threads was determined by: command line argument

 --------------------------------------------------------------------------------
                                   command: dft                                  
 --------------------------------------------------------------------------------
 AO basis set:                           aug-cc-pvtz
 Number of AO basis functions:         139

 Formula:                                FZn
 Nuclear charge:                        39.000000000
 Total charge:                           0.000000000
 Number of electrons:                   39.000000000

 Number of alpha electrons:             20
 Number of beta electrons:              19
 Number of unpaired electrons:           1
 Spin:                                   1
 Multiplicity:                           doublet

 Theory:                                 dft
 Exchange-correlation functional:        b3lyp
 Method for Coulomb:                     incore_df
 Method for exact exchange:              pre_transformed_df
 Integral threshold:                     1.00e-12
 DF basis set:                           def2-tzvp-jkfit(spdfghi)
 Number of DF basis functions:         341
 Schwarz screening threshold:            1.00e-10
 Coulomb fitting method:                 Cholesky
 Total number of grid points:        14748
 Method for AO orthogonalization:        symmetric
 Threshold for linear dependence:        1.00e-08
 D3BJ dispersion energy:                -0.000819153

 -------------------------------------
  Running unrestricted open-shell SCF 
 -------------------------------------
 Max number of iterations:             128
 Conv. threshold (gradient):             1.00e-05
 Conv. threshold (energy):               1.00e-06
 Interpolation scheme:                   adiis+cdiis
 Initial guess:                          SAD

 ---------------------------------------------------------------
                  energy        change          grad        time
 ---------------------------------------------------------------
   0     -1879.242541866                    1.86e+00        0.04
   1     -1879.114629011      1.28e-01      6.62e-01        0.03
   2     -1877.716213114      1.40e+00      2.36e+00        0.03
   3     -1879.091506508     -1.38e+00      7.34e-01        0.03
   4     -1879.218965177     -1.27e-01      2.88e-02        0.03
   5     -1879.218411967      5.53e-04      5.28e-02        0.03
   6     -1879.219270669     -8.59e-04      5.23e-03        0.03
   7     -1879.219281527     -1.09e-05      1.92e-03        0.03
   8     -1879.219282502     -9.74e-07      2.08e-04        0.03
   9     -1879.219282513     -1.10e-08      4.01e-05        0.03
  10     -1879.219282513     -6.27e-10      1.08e-05        0.03
  11     -1879.219282513     -4.87e-11      2.64e-06        0.03

 SCF converged in 11 iterations.

 Dipole moment (in Debye):              -0.000000      -0.000000      -3.112992

 Quadrupole moment (in Debye-Angstrom):
                  1            2            3
 1       -18.029306     0.000000    -0.000000
 2         0.000000   -18.029306    -0.000000
 3        -0.000000    -0.000000   -24.122896

 Spin-squared expectation <S^2>:         0.752
 Total spin quantum number S:            0.501
 TOTAL ENERGY:                       -1879.219282513

 --------------------------------------------------------------------------------

 End time:                               Wed Jun  2 11:53:30 2021
 Total wall-clock time:                  2.922 seconds
==================================================================================
