
================================================================================
          _____________ ________ _______________ ________     _________         
         / ___________// ______ \\_____   _____// ______ \   / ________)        
        / /_________  / /      \ \     | |     / /      \ \ | (_______          
       |  __________|| |        | |    | |    | |        | | \________ \        
        \ \_________ | |        | |    | |     \ \______/ /___________) |       
         \__________||_|        |_|    |_|      \________//____________/        
                                                                                
====================================[ Qcore ]===================================

 Git hash:   15a3e7daff0cda5fa9af010ccd19a80288182ecf
 Git date:   Fri, 16 Apr 2021 15:57:16 +0100
 Compiler:   GNU 9.1.0
 Build type: Release
 Version:    1.1.0

 Start time: Wed Jun  2 11:53:52 2021

 Data directory: /work/zw18965/.local/qcore/share/entos/1.1.0/data
 Number of threads: 24
 Number of threads was determined by: command line argument

 --------------------------------------------------------------------------------
                                   command: dft                                  
 --------------------------------------------------------------------------------
 AO basis set:                           aug-cc-pvtz
 Number of AO basis functions:          93

 Formula:                                Mn
 Nuclear charge:                        25.000000000
 Total charge:                           0.000000000
 Number of electrons:                   25.000000000

 Number of alpha electrons:             15
 Number of beta electrons:              10
 Number of unpaired electrons:           5
 Spin:                                   5
 Multiplicity:                           septet

 Theory:                                 dft
 Exchange-correlation functional:        b3lyp
 Method for Coulomb:                     incore_df
 Method for exact exchange:              pre_transformed_df
 Integral threshold:                     1.00e-12
 DF basis set:                           def2-tzvp-jkfit(spdfghi)
 Number of DF basis functions:         264
 Schwarz screening threshold:            1.00e-10
 Coulomb fitting method:                 Cholesky
 Total number of grid points:         7936
 Method for AO orthogonalization:        symmetric
 Threshold for linear dependence:        1.00e-08
 D3BJ dispersion energy:                 0.000000000

 -------------------------------------
  Running unrestricted open-shell SCF 
 -------------------------------------
 Max number of iterations:             128
 Conv. threshold (gradient):             1.00e-05
 Conv. threshold (energy):               1.00e-06
 Interpolation scheme:                   adiis+cdiis
 Initial guess:                          SAD

 ---------------------------------------------------------------
                  energy        change          grad        time
 ---------------------------------------------------------------
   0     -1150.537266645                    3.96e-02        0.01
   1     -1150.853029771     -3.16e-01      2.34e-01        0.02
   2     -1150.505187608      3.48e-01      8.49e-01        0.01
   3     -1150.831365654     -3.26e-01      4.21e-01        0.01
   4     -1150.920603856     -8.92e-02      1.58e-01        0.01
   5     -1150.918554101      2.05e-03      1.42e-01        0.01
   6     -1150.934101276     -1.55e-02      1.65e-02        0.02
   7     -1150.934158390     -5.71e-05      1.25e-02        0.01
   8     -1150.934266878     -1.08e-04      1.63e-03        0.01
   9     -1150.934284603     -1.77e-05      1.06e-03        0.01
  10     -1150.934287955     -3.35e-06      1.06e-04        0.01
  11     -1150.934287973     -1.84e-08      6.71e-06        0.02

 SCF converged in 11 iterations.

 Dipole moment (in Debye):              -0.000001       0.000001       0.000001

 Quadrupole moment (in Debye-Angstrom):
                  1            2            3
 1       -18.409358     0.000004     0.000000
 2         0.000004   -18.409424     0.000036
 3         0.000000     0.000036   -18.409425

 Spin-squared expectation <S^2>:         8.758
 Total spin quantum number S:            2.501
 TOTAL ENERGY:                       -1150.934287973

 --------------------------------------------------------------------------------

 End time:                               Wed Jun  2 11:53:54 2021
 Total wall-clock time:                  1.898 seconds
==================================================================================
